7216.182339652886	750	4.0	3.3530243825977917	450283	3353.0243826	-13.668004845170504
7217.129412696183	300	7.052926956703472	0.0	155580	947.073043297	-0.15000000000000002
7219.396664600285	750	8.78567505260102	0.0	350812	2267.2519041	0.3
7221.05418079838	750	11.128158854505623	0.0	382355	1657.5161981	0.75
7224.6993588144	1850	11.482980838485712	0.0	996749	3645.17801602	0.75
7227.733969968212	1850	12.448369684673402	0.0	801058	3034.61115381	1.85
7231.44999627042	1850	12.732343382465599	0.0	905515	3716.02630221	1.85
7234.92697696119	1850	13.255362691695717	0.0	1060487	3476.98069077	1.85
7239.94119155286	2850	12.241148100026003	0.0	1348011	5014.21459167	1.85
7242.832093824735	1850	13.350245828151083	0.0	913888	2890.90227187	0.8500000000000001
7246.529612693371	2850	13.65272695951486	0.0	1354548	3697.51886864	1.85
7250.19004691119	2850	13.992292741697016	0.0	1519951	3660.43421782	2.85
7254.605152829668	2850	13.57718682321817	0.0	1422919	4415.10591848	2.85
7259.219534319615	2850	12.962805333271863	0.0	1578343	4614.38148995	2.85
7261.75921822075	1850	14.423121432137183	0.0	821631	2539.68390113	0.8500000000000001
7265.488315682825	2850	14.694023970062027	0.0	1471065	3729.09746208	1.85
7269.515527091336	2850	14.666812561551396	0.0	1491626	4027.21140851	2.85
7273.206508695874	2850	14.975830957013157	0.0	1358801	3690.98160454	2.85
7277.769337669876	2850	14.413001983009734	0.0	1537156	4562.828974	2.85
7281.222767501904	2850	14.959572150982478	0.0	1336050	3453.42983203	2.85
7287.0536146969125	2850	13.12872495597367	0.0	1415116	5830.84719501	2.85
7290.980491845491	2850	13.20184780739453	0.0	1468126	3926.87714858	2.85
7295.110236305067	2850	13.072103347819525	0.0	1505760	4129.74445958	2.85
7298.799658360634	2850	13.382681292251597	0.0	1323990	3689.42205557	2.85
7303.166051411357	2850	13.016288241527917	0.0	1383735	4366.39305072	2.85
7309.279862496045	2850	10.902477156840039	0.0	1480464	6113.81108469	2.85
7310.861591515714	1200	13.320748137171364	0.0	696376	1581.72901967	-0.44999999999999996
7313.785582822937	2850	14.396756829948618	0.0	1141971	2923.99130722	1.2000000000000002
7318.727864833737	2850	13.454474819148844	0.0	1498470	4942.2820108	2.85
7322.104248516581	2850	14.078091136304955	0.0	1561263	3376.38368284	2.85
7324.95071494707	2850	15.231624705815772	0.0	1341201	2846.46643049	2.85
7328.49196625505	4300	15.690373397835868	0.0	2147852	3541.25130798	2.8499999999999996
7333.307151342391	4300	14.875188310494844	0.0	2191074	4815.18508734	4.3
7336.68932307547	2850	15.49301657741511	0.0	1587293	3382.17173308	1.4000000000000001
7342.393456096608	4300	13.788883556277247	0.0	2307787	5704.13302114	2.8499999999999996
7346.906680501036	2850	13.275659151849293	0.0	1439896	4513.22440443	1.4000000000000001
7349.590588112068	2850	14.591751540817514	0.0	1139291	2683.90761103	2.85
7353.458903610256	2850	14.723436042629684	0.0	1499009	3868.31549819	2.85
7356.788637755375	2850	15.393701897510637	0.0	1427478	3329.73414512	2.85
7361.798258406687	4300	14.384081246198992	0.0	2146120	5009.62065131	2.8499999999999996
7365.449883358724	2850	14.732456294161032	0.0	1339500	3651.62495204	1.4000000000000001
7369.286942176892	2850	14.89539747599383	0.0	1527299	3837.05881817	2.85
7373.551384225068	2850	14.630955427816334	0.0	1343002	4264.44204818	2.85
7377.934417520599	2850	14.247922132286101	0.0	1587250	4383.03329553	2.85
7382.712944518166	2850	13.469395134718313	0.0	1464921	4778.52699757	2.85
7389.721027444525	2850	10.461312208359887	0.0	1483527	7008.08292636	2.85
7392.689405627444	1200	11.49293402544002	0.0	538612	2968.37818292	-0.44999999999999996
7395.461465228237	1850	12.720874424646997	0.0	846370	2772.05960079	1.2000000000000002

