31040.883532460863	750	4.0	1.354860672359584	450283	1354.86067236	-5.075900891146211
31041.426645705265	300	7.456886755595245	0.0	155580	543.113244405	-0.15000000000000002
31042.54607836606	750	10.337454094798716	0.0	350812	1119.4326608	0.3
31044.342978115914	1200	12.540554344946848	0.0	617681	1796.89974985	0.75
31047.4572297613	1850	13.426302699558727	0.0	996749	3114.25164539	1.2000000000000002
31051.222675835765	2850	13.660856625095773	0.0	1224260	3765.44607446	1.85
31055.296994474767	2850	13.586537986093951	0.0	1388403	4074.318639	2.85
31060.1957115078	2850	12.687820953061337	0.0	1638769	4898.71703303	2.85
31062.66366244861	1850	14.219870012256086	0.0	852833	2467.95094081	0.8500000000000001
31068.124575060196	2850	12.758957400666837	0.0	1429765	5460.91261159	1.85
31070.967631031563	1850	13.915901429300009	0.0	939819	2843.05597137	0.8500000000000001
31075.7528618965	2850	13.13067056436016	0.0	1519951	4785.23086494	1.85
31082.161341943247	2850	10.722190517612987	0.0	1422919	6408.48004675	2.85
31087.01049525866	1200	9.873037202200932	0.0	687371	4849.15331541	-0.44999999999999996
31089.057144620543	1200	11.826387840318027	0.0	526950	2046.64936188	1.2
31092.772376344976	1850	12.111156115882826	0.0	923170	3715.23172444	1.2000000000000002
31096.56205064353	1850	12.321481817327262	0.0	966699	3789.67429856	1.85
31100.688170498055	1850	12.195361962801096	0.0	885714	4126.11985453	1.85
31104.63910542985	1850	12.244427031004284	0.0	987708	3950.9349318	1.85
31108.478207123913	1850	12.405325336942166	0.0	923755	3839.10169406	1.85
31112.255736466603	1850	12.627795994252935	0.0	891604	3777.52934269	1.85
31115.960769328543	1850	12.922763132313811	0.0	955231	3705.03286194	1.85
31119.634748345736	1850	13.24878411511847	0.0	968026	3673.9790172	1.85
31124.259080556007	2850	12.624451904848863	0.0	1323990	4624.33221027	1.85
31127.61835723741	1850	13.265175223443169	0.0	897976	3359.27668141	0.8500000000000001
31133.094946214587	2850	11.788586246267753	0.0	1480464	5476.58897718	1.85
31136.858542934875	1850	12.024989525976636	0.0	1076599	3763.59672029	0.8500000000000001
31139.604033136722	1850	13.279499324132665	0.0	758197	2745.49020184	1.85
31148.729770850583	2850	8.15376161027139	0.0	1498470	9125.73771386	1.85
31150.872315953256	750	10.011216507599864	0.0	400508	2142.54510267	-1.35
31153.731880803734	1200	11.151651657120738	0.0	570392	2859.56485048	0.75
31159.85107300307	1850	9.032459457785007	0.0	954453	6119.19219934	1.2000000000000002
31165.268000885848	1200	7.615531575004787	0.0	584349	5416.92788278	0.5499999999999999
31167.659803389462	750	9.223729071390684	0.0	412837	2391.80250361	0.3
31173.74854466299	1200	7.134987797865818	0.0	690253	6088.74127352	0.75
31177.021377621433	750	7.862154839421948	0.0	365161	3272.83295844	0.3
31178.933221248004	750	9.950311212852242	0.0	321064	1911.84362657	0.75
31182.420677167676	1200	10.462855293180185	0.0	575591	3487.45591967	0.75
31185.86730439516	1200	11.016228065694996	0.0	605884	3446.62722749	1.2
31190.820452303615	1850	10.063080157242073	0.0	930577	4953.14790845	1.2000000000000002
31194.465855898583	1200	10.41767656227522	0.0	566904	3645.40359497	0.5499999999999999
31198.41787297218	1200	10.465659488677511	0.0	641452	3952.0170736	1.2
31202.231969708017	1200	10.651562752839604	0.0	599477	3814.09673584	1.2
31205.88530689925	1200	10.998225561606795	0.0	634861	3653.33719123	1.2
31214.451817900044	1200	6.431714560812301	0.0	630203	8566.51100079	1.2
31221.75851752352	300	4.0	0.8749850626674633	160064	7306.69962348	-4.362435769470093
31226.275121677583	300	4.0	0.5166041540633196	137507	4516.60415406	-1.921397862472274
31230.17592425875	300	4.099197418834443	0.0	118421	3900.80258117	0.3

