3070.890612325027	750	4.0	2.003293886891141	450283	2003.29388689	-7.864163713631907
3071.7240816404583	300	7.166530684569072	0.0	155580	833.469315431	-0.15000000000000002
3074.4474502857734	750	8.44316203925403	0.0	350812	2723.36864532	0.3
3076.3842664188915	750	10.506345906135929	0.0	382355	1936.81613312	0.75
3079.5739333709907	1200	11.316678954036615	0.0	652874	3189.6669521	0.75
3082.6163894935175	1850	12.27422283150974	0.0	801058	3042.45612253	1.2000000000000002
3087.2408527643365	1850	11.649759560691026	0.0	905515	4624.46327082	1.85
3091.9572516357334	1850	10.933360689293664	0.0	1060487	4716.3988714	1.85
3094.350468914475	1200	12.540143410551924	0.0	584846	2393.21727874	0.5499999999999999
3098.1179476936168	1850	12.772664631410786	0.0	913888	3767.47877914	1.2000000000000002
3101.901126288623	1850	12.989486036404386	0.0	939819	3783.17859501	1.85
3106.0007445875435	1850	12.889867737484005	0.0	917428	4099.61829892	1.85
3111.2472750879833	1850	11.64333723704399	0.0	946851	5246.53050044	1.85
3115.7038533867344	1850	11.186758938292597	0.0	1036454	4456.57829875	1.85
3119.0187229572875	1850	11.871889367739854	0.0	821631	3314.86957055	1.85
3123.1459454548303	1850	11.744666870196857	0.0	923170	4127.22249754	1.85
3127.1608018026523	1850	11.729810522374747	0.0	966699	4014.85634782	1.85
3130.4897992920733	1850	12.40081303295421	0.0	885714	3328.99748942	1.85
3135.409284902791	1850	11.481327422236452	0.0	987708	4919.48561072	1.85
3138.5893646700233	1850	12.301247655003973	0.0	923755	3180.07976723	1.85
3141.022733750195	1850	13.867878574832067	0.0	891604	2433.36908017	1.85
3147.330963875618	2850	11.559648449408812	0.0	1468126	6308.23012542	1.85
3151.203558674784	1850	11.68705365024301	0.0	968026	3872.59479917	0.8500000000000001
3155.3623882048464	1850	11.528224120180457	0.0	874175	4158.82953006	1.85
3159.3688329446236	1850	11.52177938040332	0.0	897976	4006.44473978	1.85
3163.0471893831714	1850	11.843422941855628	0.0	905935	3678.35643855	1.85
3168.9002977312075	1850	9.99031459381933	0.0	1076599	5853.10834804	1.85
3171.246997574965	1200	11.643614750061884	0.0	487160	2346.69984376	0.5499999999999999
3176.5773070567734	1850	10.313305268253435	0.0	972798	5330.30948181	1.2000000000000002
3179.3295232754103	1200	11.5610890496168	0.0	641447	2752.21621864	0.5499999999999999
3183.2443550803746	1850	11.646257244652642	0.0	873429	3914.83180496	1.2000000000000002
3186.613404784436	1850	12.277207540590595	0.0	954453	3369.04970406	1.85
3189.6376130749836	1850	13.252999250043235	0.0	885062	3024.20829055	1.85
3195.15261043802	2850	11.738001887006623	0.0	1587293	5514.99736304	1.85
3200.082134610583	1850	10.808477714443365	0.0	1026056	4929.52417256	0.8500000000000001
3203.158388193002	1200	11.7322241320246	0.0	598727	3076.25358242	0.5499999999999999
3208.9858142189096	1850	9.904798106116909	0.0	728962	5827.42602591	1.2000000000000002
3211.9926395670445	1200	10.897972757981936	0.0	575591	3006.82534813	0.5499999999999999
3215.3014633537387	1200	11.589148971288	0.0	605884	3308.82378669	1.2
3218.7236369938273	1850	12.166975331199584	0.0	930577	3422.17364009	1.2000000000000002
3221.353426298569	1850	13.537186026457903	0.0	858450	2629.78930474	1.85
3227.4214416895784	2850	11.469170635448563	0.0	1527299	6068.01539101	1.85
3231.6959856975004	1850	11.19462662752654	0.0	886255	4274.54400792	0.8500000000000001
3234.864916021839	1850	12.025696303188274	0.0	973972	3168.93032434	1.85
3238.328418700103	1850	12.562193624923978	0.0	958994	3463.50267826	1.85
3245.1861998858326	1850	9.704412439194588	0.0	982064	6857.78118573	1.85
3247.4428500864497	1200	11.447762238577598	0.0	538612	2256.65020062	0.5499999999999999
3250.7664042373835	1850	12.124208087643904	0.0	846370	3323.55415093	1.2000000000000002

