27232.539297466414	750	4.0	2.5022832189168573	450283	2502.28321892	-10.009817841342485
27233.62278198205	300	6.916515484363082	0.0	155580	1083.48451564	-0.15000000000000002
27234.673558107144	300	9.865739359267735	0.0	139857	1050.7761251	0.3
27238.59866787327	1200	9.940629593143699	0.0	617681	3925.10976612	0.29999999999999993
27242.606421916957	1200	9.932875549457858	0.0	652874	4007.75404369	1.2
27245.84745832202	1200	10.691839144396775	0.0	520315	3241.03640506	1.2
27249.96004067464	1200	10.579256791777075	0.0	561791	4112.58235262	1.2
27254.294139693528	1200	10.245157772886527	0.0	709534	4334.09901889	1.2
27257.624277727406	1200	10.91501973900702	0.0	584846	3330.13803388	1.2
27260.55658816412	1200	11.982709302291868	0.0	560821	2932.31043672	1.2
27265.54813666742	1850	10.991160798988027	0.0	939819	4991.5485033	1.2000000000000002
27269.201224037948	1200	11.33807342846202	0.0	594078	3653.08737053	0.5499999999999999
27274.906648653203	1850	9.632648813209489	0.0	946851	5705.42461525	1.2000000000000002
27278.661589144143	1200	9.877708322265633	0.0	687371	3754.94049094	0.5499999999999999
27282.44300300717	1200	10.096294459240633	0.0	526950	3781.41386303	1.2
27286.088396134764	1200	10.450901331646433	0.0	587876	3645.39312759	1.2
27289.606702316956	1200	10.932595149456043	0.0	617242	3518.30618219	1.2
27292.90541476673	1200	11.633882699681555	0.0	581493	3298.71244977	1.2
27298.33684382501	1850	10.202453641399083	0.0	987708	5431.42905828	1.2000000000000002
27301.972271284314	1200	10.567026182094033	0.0	586839	3635.42745931	0.5499999999999999
27306.401087379592	1200	10.138210086817478	0.0	601738	4428.81609528	1.2
27313.40275996901	1200	7.136537497402893	0.0	616206	7001.67258941	1.2
27316.660473896616	750	7.878823569794052	0.0	401853	3257.71392761	0.3
27320.206591670885	750	8.332705795523834	0.0	343800	3546.11777427	0.75
27323.02947210232	750	9.509825364086009	0.0	359903	2822.88043144	0.75
27326.833457329267	1200	9.705840137143754	0.0	590335	3803.98522694	0.75
27331.729889630795	1200	8.809407835616192	0.0	696376	4896.43230153	1.2
27333.624931701204	750	10.914365765203511	0.0	277716	1895.04207041	0.3
27338.152552944495	1200	10.386744521913922	0.0	622896	4527.62124329	0.75
27350.27584302907	1200	4.0	1.7365455626590738	641447	12123.2900846	-6.267145919434017
27351.59471258037	300	6.681130448701849	0.0	157421	1318.8695513	-0.6000000000000001
27352.610102273233	300	9.665740755834717	0.0	157488	1015.38969287	0.3
27356.49106701243	1200	9.784776016639936	0.0	584349	3880.96473919	0.29999999999999993
27360.9200329838	1200	9.35581004527042	0.0	670129	4428.96597137	1.2
27365.541738771568	1200	8.73410425749977	0.0	690253	4621.70578777	1.2
27367.762749701513	750	10.51309332755626	0.0	365161	2221.01092994	0.3
27370.913135017483	1200	11.36270801158127	0.0	487812	3150.38531597	0.75
27377.153952430785	1850	9.121890598279846	0.0	938587	6240.8174133	1.2000000000000002
27380.860255499792	1200	9.415587529273889	0.0	605884	3706.30306901	0.5499999999999999
27385.741385680438	1200	8.534457348628846	0.0	587506	4881.13018065	1.2
27388.840246469266	750	9.435596559800095	0.0	345516	3098.86078883	0.3
27393.771036834907	1200	8.504806194158206	0.0	641452	4930.79036564	0.75
27396.694985496855	750	9.58085753220899	0.0	372093	2923.94866195	0.3
27400.979335327112	1200	9.296507701953772	0.0	634861	4284.34983026	0.75
27405.365548666112	1200	8.910294362954152	0.0	630203	4386.213339	1.2
27408.047933265036	750	10.227909764032054	0.0	393804	2682.38459892	0.3
27412.26779439854	1200	10.008048630525613	0.0	538612	4219.86113351	0.75
27418.5093006252	1200	7.7665424038669295	0.0	550906	6241.50622666	1.2

