31953.05158648813	750	4.0	4.033555926965406	450283	4033.55592697	-16.594290485951248
31954.509145492833	300	6.542440995299224	0.0	155580	1457.5590047	-0.15000000000000002
31955.85681201151	300	9.194774476621824	0.0	139857	1347.66651868	0.3
31961.204848911097	1200	7.84673757703653	0.0	617681	5348.03689959	0.29999999999999993
31963.98669156345	750	9.064894924683918	0.0	411561	2781.84265235	0.3
31969.52942714303	1200	7.522159345104851	0.0	520315	5542.73557958	0.75
31975.195949087487	750	5.855637400649618	0.0	352642	5666.52194446	0.3
31978.40751097576	300	6.6440755123739415	0.0	173849	3211.56188828	-0.15000000000000002
31983.037444517413	300	6.014141970726507	0.0	150710	4629.93354165	0.3
31987.024218348874	300	6.0273681392664376	0.0	139105	3986.77383146	0.3
31988.26974384257	300	8.781842645566957	0.0	141840	1245.5254937	0.3
31991.413853105034	750	9.63773338310575	0.0	405134	3144.10926246	0.3
31997.135124965498	1200	7.916461522642649	0.0	624282	5721.27186046	0.75
32004.101006782977	750	4.95057970516089	0.0	434409	6965.88181748	0.3
32005.976994737513	300	7.074591750624683	0.0	140051	1875.98795454	-0.15000000000000002
32013.597601171492	750	4.0	0.5460146833572662	366214	7620.60643398	-2.0478631384362447
32015.175849825016	300	6.421751346476773	0.0	143509	1578.24865352	-0.15000000000000002
32018.0135582973	300	7.584042874190725	0.0	150616	2837.70847229	0.3
32026.73325519444	750	4.0	1.1356540229435195	405596	8719.69689713	-4.583312298657134
32028.061783818437	300	6.671471375997118	0.0	140881	1328.528624	-0.15000000000000002
32029.546111985605	300	9.18714320882902	0.0	157671	1484.32816717	0.3
32036.10943968161	1200	6.623815512821955	0.0	616206	6563.32769601	0.29999999999999993
32037.678714003352	300	9.054541191084065	0.0	163927	1569.27432174	-0.6000000000000001
32043.847687548467	1200	6.885567645970337	0.0	536667	6168.97354511	0.29999999999999993
32045.700064968896	300	9.033190225541425	0.0	146754	1852.37742043	-0.6000000000000001
32052.815633211998	1200	5.917621982438466	0.0	590335	7115.5682431	0.29999999999999993
32054.51409038007	300	8.21916481436407	0.0	181901	1698.45716807	-0.6000000000000001
32057.708904434392	750	9.024350760047211	0.0	277716	3194.81405432	0.3
32071.341266728512	1200	4.0	4.608011534075202	622896	13632.3622941	-19.064449596523367
32076.262191838403	300	4.0	0.9209251098876475	149029	4920.92510989	-4.559977972516885
32079.94979773612	300	4.312394102282365	0.0	157421	3687.60589772	0.3
32082.404864662552	300	5.857327175846547	0.0	157488	2455.06692644	0.3
32084.75383739307	300	7.508354445334489	0.0	143881	2348.97273051	0.3
32094.347344686095	750	4.0	2.0851528476917176	412837	9593.50729303	-8.666157245074384
32097.03254583437	300	5.314798851724185	0.0	179328	2685.20114828	-0.15000000000000002
32101.033784493975	300	5.313560192118351	0.0	159914	4001.23865961	0.3
32103.64293134973	300	6.704413336364003	0.0	131610	2609.14685575	0.3
32106.12784854363	300	8.219496142464656	0.0	124011	2484.9171939	0.3
32113.514350374135	750	4.832994311958622	0.0	378327	7386.50183051	0.3
32116.043331285462	300	6.304013400632987	0.0	149991	2528.98091133	-0.15000000000000002
32118.097526598853	300	8.249818087241328	0.0	147968	2054.19531339	0.3
32122.80455203804	750	7.542792648054779	0.0	384505	4707.02543919	0.3
32128.769907067657	750	5.577437618437163	0.0	372093	5965.35502962	0.75
32130.802317022066	300	7.545027664025533	0.0	172312	2032.40995441	-0.15000000000000002
32137.981564633195	750	4.3657800528985335	0.0	398987	7179.24761113	0.3
32142.320061704922	300	4.027282981169913	0.0	160064	4338.49707173	-0.15000000000000002
32144.006067732225	300	6.3412769538681335	0.0	137507	1686.0060273	0.3
32145.910551986988	300	8.43679269910683	0.0	118421	1904.48425476	0.3

