12561.453424573516	750	4.0	2.84955770283486	450283	2849.55770283	-11.503098122189897
12562.49035118946	300	6.963073384056143	0.0	155580	1036.92661594	-0.15000000000000002
12563.430570277556	300	10.022854295959602	0.0	139857	940.219088097	0.3
12567.290113413388	1200	10.163311160128304	0.0	617681	3859.54313583	0.29999999999999993
12571.33899890672	1200	10.11442566679542	0.0	652874	4048.88549333	1.2
12574.591849486333	1200	10.861575087183748	0.0	520315	3252.85057961	1.2
12578.23257966955	1200	11.220844903966098	0.0	561791	3640.73018322	1.2
12584.831223782256	1850	8.622200791260795	0.0	1060487	6598.64411271	1.2000000000000002
12587.215320560248	750	10.23810401326923	0.0	374758	2384.09677799	-0.3500000000000001
12590.741702455603	1200	10.711722117915192	0.0	560821	3526.38189535	0.75
12594.550953436537	1200	10.902471136980932	0.0	607410	3809.25098093	1.2
12598.247610154645	1200	11.205814418872961	0.0	594078	3696.65671811	1.2
12604.142052397314	1850	9.31137217620355	0.0	946851	5894.44224267	1.2000000000000002
12608.419696611296	1200	9.033727962221352	0.0	687371	4277.64421398	0.5499999999999999
12611.800873490682	1200	9.652551082835332	0.0	526950	3381.17687939	1.2
12615.597050510965	1200	9.856374062551815	0.0	587876	3796.17702028	1.2
12619.440515858436	1200	10.012908715081448	0.0	617242	3843.46534747	1.2
12623.136501706618	1200	10.316922866897912	0.0	581493	3695.98584818	1.2
12627.153011824274	1200	10.30041274924228	0.0	639204	4016.51011766	1.2
12630.811507547214	1200	10.641917026302561	0.0	586839	3658.49572294	1.2
12634.601682106162	1200	10.85174246735508	0.0	601738	3790.17455895	1.2
12638.511260754009	1200	10.942163819508105	0.0	616206	3909.57864785	1.2
12642.644448521813	1200	10.808976051702292	0.0	656471	4133.18776781	1.2
12646.015350548112	1200	11.438074025403036	0.0	536667	3370.9020263	1.2
12651.613857095414	1850	9.83956747810281	0.0	897976	5598.5065473	1.2000000000000002
12655.350817049026	1200	10.102607524488873	0.0	590335	3736.95995361	0.5499999999999999
12659.6666721472	1200	9.78675242631561	0.0	696376	4315.85509817	1.2
12662.7238114603	1200	10.729613113212986	0.0	487160	3057.1393131	1.2
12666.625815374615	1200	10.827609198900511	0.0	622896	3902.00391431	1.2
12670.648286798556	1200	10.805137774960695	0.0	641447	4022.47142394	1.2
12674.263165207272	1200	11.19025936624286	0.0	570392	3614.87840872	1.2
12680.233651711376	1850	9.219772862138456	0.0	954453	5970.4865041	1.2000000000000002
12684.889665713785	1200	8.563758859729129	0.0	584349	4656.01400241	0.5499999999999999
12687.869975318143	750	9.583449255371145	0.0	412837	2980.30960436	0.3
12692.18820362914	1200	9.265220944371842	0.0	690253	4318.228311	0.75
12695.950473778237	1200	9.502950795276455	0.0	598727	3762.2701491	1.2
12699.050575676501	1200	10.402848897011838	0.0	487812	3100.10189826	1.2
12702.699828188019	1200	10.75359638549295	0.0	575591	3649.25251152	1.2
12706.538440609882	1200	10.914983963630137	0.0	605884	3838.61242186	1.2
12710.183339388224	1200	11.270085185285689	0.0	587506	3644.89877834	1.2
12715.529580890281	1850	9.923843683229002	0.0	858450	5346.24150206	1.2000000000000002
12719.54028995812	1200	9.913134615389142	0.0	641452	4010.70906784	0.5499999999999999
12723.283024400915	1200	10.170400172597027	0.0	599477	3742.73444279	1.2
12727.244975320587	1200	10.208449252924506	0.0	634861	3961.95091967	1.2
12731.156879449258	1200	10.296545124252914	0.0	630203	3911.90412867	1.2
12735.178226771299	1200	10.275197802210894	0.0	638661	4021.34732204	1.2
12738.58514536387	1200	10.868279209641344	0.0	538612	3406.91859257	1.2
12742.04176730769	1200	11.411657265821738	0.0	550906	3456.62194382	1.2

