12002.514168586033	750	4.0	7.402012941794677	450283	7402.01294179	-31.07865564971711
12003.701939501458	300	6.812229084575938	0.0	155580	1187.77091542	-0.15000000000000002
12004.777758481521	300	9.736410104511258	0.0	139857	1075.81898006	0.3
12009.336062129652	1200	9.17810645638116	0.0	617681	4558.30364813	0.29999999999999993
12014.226731681194	1200	8.287436904839677	0.0	652874	4890.66955154	1.2
12016.642310741603	750	9.871857844430517	0.0	318564	2415.57906041	0.3
12021.482809347961	1200	9.03135923807343	0.0	561791	4840.49860636	0.75
12030.16195460184	1200	4.352213984194674	0.0	709534	8679.14525388	1.2
12031.32220042018	300	7.191968165853832	0.0	150710	1160.24581834	-0.6000000000000001
12034.032673654492	750	8.481494931541635	0.0	362795	2710.47323431	0.3
12041.278530291449	750	5.235638294585213	0.0	353220	7245.85663696	0.75
12042.870626001604	300	7.643542584430995	0.0	156148	1592.09571015	-0.15000000000000002
12046.548919296469	750	7.965249289564687	0.0	386351	3678.29329487	0.3
12049.720980962746	750	8.793187623288315	0.0	434409	3172.06166628	0.75
12052.203548819645	750	10.310619766390257	0.0	337059	2482.5678569	0.75
12056.547616725375	1200	9.96655186065973	0.0	587876	4344.06790573	0.75
12063.075020558312	1200	7.439148027721702	0.0	617242	6527.40383294	1.2
12065.921023528539	750	8.593145057496265	0.0	372963	2846.00297023	0.3
12069.431410708195	750	9.082757877841008	0.0	405596	3510.38717966	0.75
12074.215893093085	1200	8.298275492949779	0.0	586839	4784.48238489	0.75
12077.175462204596	750	9.338706381437794	0.0	386472	2959.56911151	0.3
12081.745641944843	1200	8.768526641190926	0.0	616206	4570.17974025	0.75
12084.728006404655	750	9.78616218137786	0.0	401853	2982.36445981	0.3
12089.200866720099	1200	9.313301865933717	0.0	536667	4472.86031544	0.75
12095.49079439921	1200	7.02337418682415	0.0	587236	6289.92767911	1.2
12099.575520453287	750	6.938648132747059	0.0	379700	4084.72605408	0.3
12101.45362479318	300	9.060543792854816	0.0	181901	1878.10433989	-0.15000000000000002
12106.367486392079	1200	8.146682193955852	0.0	487160	4913.8615989	0.29999999999999993
12109.569308989216	750	8.944859596819118	0.0	400396	3201.82259714	0.3
12112.490749489187	750	10.023419096849093	0.0	400508	2921.44049997	0.75
12118.024997200726	1200	8.489171385309403	0.0	570392	5534.24771154	0.75
12120.90713827444	750	9.607030311594674	0.0	400322	2882.14107371	0.3
12125.120649777968	1200	9.393518808067679	0.0	584349	4213.51150353	0.75
12130.07241435766	1200	8.441754228374146	0.0	670129	4951.76457969	1.2
12133.50539286162	750	9.008775724415305	0.0	401088	3432.97850396	0.3
12140.618128506225	1200	5.896040079810001	0.0	598727	7112.73564461	0.75
12141.621842931709	300	8.892325654325843	0.0	131610	1003.71442548	-0.6000000000000001
12148.952888397547	750	5.561280188486869	0.0	361565	7331.04546584	0.3
12150.259136607103	300	8.255031978929622	0.0	144254	1306.24820956	-0.15000000000000002
12153.748475776823	750	8.76569280920988	0.0	390680	3489.33916972	0.3
12157.510965045609	750	9.003203540424591	0.0	345516	3762.48926879	0.75
12163.87869481218	1200	6.63547377385316	0.0	641452	6367.72976657	0.75
12165.373171844827	300	9.140996741206026	0.0	145210	1494.47703265	-0.6000000000000001
12171.722220734457	1200	6.79194785157633	0.0	634861	6349.04888963	0.29999999999999993
12173.475175065132	300	9.038993520900792	0.0	167025	1752.95433068	-0.6000000000000001
12180.30136570984	1200	6.212802876193837	0.0	638661	6826.19064471	0.29999999999999993
12181.751128563663	300	8.763040022370973	0.0	137507	1449.76285382	-0.6000000000000001
12184.691367728501	750	9.82280085753183	0.0	314107	2940.23916484	0.3

