15968.98623307161	750	4.0	0.5588907352999827	450283	558.8907353	-1.6532301617899252
15969.231697503086	300	7.754535568524747	0.0	155580	245.464431475	-0.15000000000000002
15969.685208226476	750	11.301024845135068	0.0	350812	453.51072339	0.3
15970.78206757108	1850	14.204165500531115	0.0	933276	1096.8593446	0.75
15972.93527638875	2850	16.050956682860857	0.0	1472558	2153.20881767	1.85
15976.130609773965	4300	16.855623297644012	0.0	1941625	3195.33338522	2.8499999999999996
15978.612730695864	4300	18.373502375745083	0.0	2157535	2482.1209219	4.3
15985.389931645403	4300	15.596301426206352	0.0	2290172	6777.20094954	4.3
16010.36333384403	4300	4.0	9.377100772421828	2055469	24973.4021986	-36.02153332141386
16011.205474719967	300	7.157859124062597	0.0	139105	842.140875937	-3.7
16012.986437001298	750	9.376896842731691	0.0	353220	1780.96228133	0.3
16016.41183819754	1200	9.951495646490633	0.0	594078	3425.40119624	0.75
16018.654471765893	1200	11.708862078138544	0.0	624282	2242.63356835	1.2
16019.759523703618	1850	14.603810140412397	0.0	1036454	1105.05193773	1.2000000000000002
16021.64158871076	2850	16.721745133271753	0.0	1231445	1882.06500714	1.85
16023.752783167303	4300	18.610550676728664	0.0	2152483	2111.19445654	2.8499999999999996
16026.40730042826	4300	19.95603341577062	0.0	2289689	2654.51726096	4.3
16028.766923292167	4300	21.596410551862952	0.0	2059512	2359.62286391	4.3
16056.005492491107	4300	4.0	5.642158647076954	2220726	27238.5691989	-19.9612821824309
16056.708584043517	300	7.296908447589562	0.0	140881	703.09155241	-3.7
16058.656020515828	750	9.349471975280652	0.0	386472	1947.43647231	0.3
16060.382007489177	1200	11.623485001932007	0.0	616206	1725.98697335	0.75
16063.29473769536	1850	12.710754795747453	0.0	968026	2912.73020618	1.2000000000000002
16065.34733198702	1850	14.658160504087252	0.0	874175	2052.59429166	1.85
16069.696436662223	2850	14.30905582888639	0.0	1383735	4349.1046752	1.85
16071.803855240192	2850	16.201637250917443	0.0	1480464	2107.41857797	2.85
16074.87578187418	4300	17.129710616929703	0.0	2395588	3071.92663399	2.8499999999999996
16077.659126533032	4300	18.34636595807846	0.0	1972048	2783.34465885	4.3
16080.01182689601	4300	19.993665595099326	0.0	2134614	2352.70036298	4.3
16081.619024413953	4300	22.38646807715687	0.0	2164140	1607.19751794	4.3
16083.292146306778	4300	24.713346184331975	0.0	2113193	1673.12189282	4.3
16084.574664908816	4300	27.43082758229391	0.0	2147852	1282.51860204	4.3
16085.636979138644	4300	30.368513352465477	0.0	2191074	1062.31422983	4.3
16086.859961243072	4300	33.14553124803735	0.0	2286761	1222.98210443	4.3
16087.999173246511	4300	36.006319244598494	0.0	2307787	1139.21200344	4.3
16089.383948136527	4300	38.621544354583946	0.0	2143948	1384.77489001	4.3
16100.394477254655	4300	31.611015236456712	0.0	1919781	11010.5291181	4.3
16106.819359652922	4300	29.18613283819116	0.0	2147467	6424.88239827	4.3
16114.957536443106	4300	25.047956048008142	0.0	2133870	8138.17679018	4.3
16133.830969801773	4300	10.174522689341496	0.0	2146120	18873.4333587	4.3
16135.71014803663	1200	12.29534445448505	0.0	566904	1879.17823486	-1.9000000000000001
16138.706125878354	1850	13.299366612759382	0.0	1025005	2995.97784173	1.2000000000000002
16150.90195261896	2850	5.103539872153451	0.0	1343002	12195.8267406	1.85
16151.067641081288	300	8.937851409826024	0.0	172312	165.688462327	-2.25
16151.346052001703	750	12.65944048941054	0.0	398987	278.410920415	0.3
16151.914419347373	1850	16.091073143740353	0.0	982064	568.36734567	0.75
16152.97525153479	4300	19.030240956323812	0.0	1961140	1060.83218742	1.8499999999999996
16154.015834443335	4300	21.989658047779514	0.0	2155012	1040.58290854	4.3

