11605.395252627382	750	4.0	1.1067687352116597	450283	1106.76873521	-4.009105561410137
11605.970208187799	300	7.425044439584037	0.0	155580	574.955560416	-0.15000000000000002
11607.153747050066	750	10.241505577316923	0.0	350812	1183.53886227	0.3
11609.049573463637	1200	12.345679163745393	0.0	617681	1895.82641357	0.75
11611.401520556867	1850	13.993732070516213	0.0	996749	2351.94709323	1.2000000000000002
11614.827168955568	2850	14.56808367181496	0.0	1224260	3425.6483987	1.85
11618.815996386571	2850	14.579256240812596	0.0	1388403	3988.827431	2.85
11622.894629847206	2850	14.500622780177892	0.0	1638769	4078.63346063	2.85
11644.339448153514	2850	4.0	6.944195526130763	1348011	21444.8183063	-27.010040762362276
11644.514972130219	300	7.824476023296437	0.0	139105	175.523976704	-2.25
11644.837529759716	750	11.501918393799063	0.0	353220	322.557629497	0.3
11645.47997101169	1850	14.859477141826677	0.0	917428	642.441251972	0.75
11646.316344941084	2850	18.023103212431796	0.0	1422919	836.373929395	1.85
11647.377414565384	4300	20.962033588130303	0.0	2275376	1061.0696243	2.8499999999999996
11648.310589049015	4300	24.028859104500214	0.0	2005399	933.17448363	4.3
11649.654005034658	4300	26.685443118858693	0.0	2152483	1343.41598564	4.3
11651.070598577755	4300	29.268849575761752	0.0	2289689	1416.5935431	4.3
11652.296859200931	4300	32.04258895258578	0.0	2059512	1226.26062318	4.3
11653.734184070943	4300	34.60526408257337	0.0	2220726	1437.32487001	4.3
11654.768920232807	4300	37.570527920707256	0.0	2156729	1034.73616187	4.3
11657.506678809967	4300	38.83276934354803	0.0	2039773	2737.75857716	4.3
11659.720694907199	4300	40.61875324631451	0.0	2176469	2214.01609723	4.3
11662.473800262784	4300	41.86564789072983	0.0	2221506	2753.10535558	4.3
11664.657089277729	4300	43.682358875785496	0.0	2044075	2183.28901494	4.3
11687.010758716646	4300	25.328689436868995	0.0	2186790	22353.6694389	4.3
11689.487309723369	4300	26.852138430146994	0.0	2105231	2476.55100672	4.3
11692.326961264836	4300	28.012486888679913	0.0	2395588	2839.65154147	4.3
11695.200386524117	4300	29.139061629398626	0.0	1972048	2873.42525928	4.3
11715.135614966759	4300	13.203833186756215	0.0	2134614	19935.2284426	4.3
11716.645384181456	2850	15.694063972059004	0.0	1561263	1509.7692147	1.4000000000000001
11717.88610170254	4300	18.453346450976504	0.0	2113193	1240.71752108	2.8499999999999996
11719.416487655059	4300	20.922960498457424	0.0	2147852	1530.38595252	4.3
11720.764414526637	4300	23.575033626878202	0.0	2191074	1347.92687158	4.3
11722.350818768793	4300	25.988629384722262	0.0	2286761	1586.40424216	4.3
11724.038837428014	4300	28.300610725503557	0.0	2307787	1688.01865922	4.3
11725.123149227413	4300	31.21629892610377	0.0	2143948	1084.3117994	4.3
11726.089774676739	4300	34.24967347677733	0.0	1919781	966.625449326	4.3
11741.141733914978	4300	23.197714238538424	0.0	2147467	15051.9592382	4.3
11746.725388367102	4300	21.61405978641464	0.0	2133870	5583.65445212	4.3
11749.232976522795	4300	23.106471630719756	0.0	2146120	2507.58815569	4.3
11751.322534749654	4300	25.016913403861636	0.0	2108491	2089.55822686	4.3
11753.689427473957	4300	26.650020679558413	0.0	2184571	2366.8927243	4.3
11755.782753176429	4300	28.556694977086785	0.0	2121928	2093.32570247	4.3
11774.659619092137	4300	13.679829061379248	0.0	2219102	18876.8659157	4.3
11778.660370981259	2850	13.6790771722572	0.0	1464921	4000.75188912	1.4000000000000001
11780.137236520965	2850	16.20221163255264	0.0	1483527	1476.8655397	2.85
11782.135663860528	4300	18.203784292989752	0.0	1961140	1998.42733956	2.8499999999999996
11785.214198054404	4300	19.12525009911484	0.0	2155012	3078.53419387	4.3

