16745.30435003716	750	4.0	1.1231134628686412	450283	1123.11346287	-4.079387890335157
16745.697407950764	300	7.606942086398792	0.0	155580	393.057913601	-0.15000000000000002
16746.476054542007	750	10.82829549515524	0.0	350812	778.646591244	0.3
16747.668088416398	1200	13.636261620763378	0.0	617681	1192.03387439	0.75
16750.418072909724	2850	14.886277127437188	0.0	1472558	2749.98449333	1.2000000000000002
16752.74199736618	2850	16.562352670980665	0.0	1224260	2323.92445646	2.85
16756.85660166793	4300	16.447748369233935	0.0	2157535	4114.60430175	2.8499999999999996
16761.707247884297	4300	15.597102152867752	0.0	2290172	4850.64621637	4.3
16766.281005886438	4300	15.023344150725668	0.0	2055469	4573.75800214	4.3
16771.507587902863	4300	13.796762134297806	0.0	2169201	5226.58201643	4.3
16774.81208781291	2850	14.492262224253441	0.0	1354548	3304.49991004	1.4000000000000001
16778.19347754478	2850	15.110872492381281	0.0	1519951	3381.38973187	2.85
16782.742003643165	4300	14.562346393994595	0.0	2209463	4548.52609839	2.8499999999999996
16786.817899132475	2850	14.486450904684505	0.0	1578343	4075.89548931	1.4000000000000001
16790.456866640176	2850	14.8474833969834	0.0	1231445	3638.9675077	2.85
16795.25584512139	2850	14.048504915769307	0.0	1471065	4798.97848121	2.85
16800.219388203983	2850	13.084961833179557	0.0	1491626	4963.54308259	2.85
16806.217290669338	2850	11.087059367823132	0.0	1358801	5997.90246536	2.85
16810.740166755146	1850	10.564183282014364	0.0	987708	4522.87608581	0.8500000000000001
16813.989515250243	1200	11.314834786918661	0.0	586839	3249.3484951	0.5499999999999999
16817.580933981346	1850	11.723416055816076	0.0	891604	3591.4187311	1.2000000000000002
16820.927521539852	1850	12.376828497307084	0.0	955231	3346.58755851	1.85
16824.679525540865	1850	12.624824496294766	0.0	968026	3752.00400101	1.85
16828.11017854279	1850	13.194171494372128	0.0	874175	3430.65300192	1.85
16833.625353647585	2850	11.678996389575588	0.0	1383735	5515.1751048	1.85
16838.037679136636	1850	11.266670900524078	0.0	905935	4412.32548905	0.8500000000000001
16842.586100022374	1850	10.718250014786445	0.0	1076599	4548.42088574	1.85
16844.5174959211	1200	12.786854116059816	0.0	487160	1931.39589873	0.5499999999999999
16849.503412380443	1850	11.800937656720663	0.0	972798	4985.91645934	1.2000000000000002
16854.073875542577	1850	11.230474494587009	0.0	975811	4570.46316213	1.85
16858.241371024294	1850	11.062979012867306	0.0	873429	4167.49548172	1.85
16862.14010140456	1850	11.16424863260596	0.0	954453	3898.73038026	1.85
16865.28177754618	1850	12.02257249098225	0.0	885062	3141.67614162	1.85
16869.093315432023	1850	12.211034605140368	0.0	1035329	3811.53788584	1.85
16873.374175349214	1850	11.930174687948933	0.0	1026056	4280.85991719	1.85
16877.17553216963	1850	12.128817867531811	0.0	943942	3801.35682042	1.85
16879.93797551667	1850	13.366374520490945	0.0	728962	2762.44334704	1.85
16886.380295609535	2850	10.924054427625101	0.0	1499009	6442.32009287	1.85
16888.781048218127	1200	12.523301819033012	0.0	605884	2400.75260859	-0.44999999999999996
16892.044390444113	1850	13.259959593050382	0.0	930577	3263.34222598	1.2000000000000002
16898.395400868983	2850	10.90894916817853	0.0	1339500	6351.01042487	1.85
16901.318874013537	1200	11.98547602362407	0.0	641452	2923.47314455	-0.44999999999999996
16905.455594389794	1850	11.848755647368657	0.0	886255	4136.72037626	1.2000000000000002
16911.811114325305	1850	9.493235711857993	0.0	973972	6355.51993551	1.85
16917.706273216532	1200	7.598076820629936	0.0	630203	5895.15889123	0.5499999999999999
16923.290349356248	750	6.014000680913241	0.0	393804	5584.07613972	0.3
16928.338258997213	300	4.966091039947288	0.0	137507	5047.90964097	-0.15000000000000002
16929.598412220508	300	7.705937816652364	0.0	118421	1260.15322329	0.3

