16931.726879679478	750	4.0	2.1284674589700057	450283	2128.46745897	-8.402410073571025
16932.539470151227	300	7.187409528251351	0.0	155580	812.590471749	-0.15000000000000002
16934.303057225097	750	9.423822454380042	0.0	350812	1763.58707387	0.3
16939.56409280484	1200	8.162786874635152	0.0	617681	5261.03557974	0.75
16945.416907166647	750	6.309972512826763	0.0	411561	5852.81436181	0.3
16946.012661926972	300	9.714217752502092	0.0	126289	595.754760325	-0.15000000000000002
16948.43777692778	1200	11.289102751696205	0.0	561791	2425.11500081	0.29999999999999993
16952.88598755561	1850	10.840892123865371	0.0	1060487	4448.21062783	1.2000000000000002
16961.501419489032	1200	6.225460190444586	0.0	584846	8615.43193342	0.5499999999999999
16963.176333897583	300	8.55054578189597	0.0	139105	1674.91440855	-0.6000000000000001
16967.35868181898	750	8.368197860499645	0.0	353220	4182.3479214	0.3
16972.201543767325	750	7.5253359121542545	0.0	405134	4842.86194835	0.75
16975.104151981577	750	8.622727697903533	0.0	386351	2902.60821425	0.75
16977.672136131026	750	10.054743548456623	0.0	434409	2567.98414945	0.75
16983.772527416957	1200	7.954352262528202	0.0	526950	6100.39128593	0.75
16986.49064394566	750	9.236235733823811	0.0	366214	2718.1165287	0.3
16990.13950484939	1200	9.587374830093582	0.0	617242	3648.86090373	0.75
16993.031623599392	1200	10.695256080090846	0.0	581493	2892.11875	1.2
16996.060883515573	1200	11.66599616390993	0.0	639204	3029.25991618	1.2
17000.293248684393	1850	11.433630995094118	0.0	923755	4232.36516882	1.2000000000000002
17004.867568838792	1850	10.85931084068996	0.0	891604	4574.3201544	1.85
17008.059048599964	1200	11.667831079521717	0.0	616206	3191.47976117	0.5499999999999999
17013.69942018104	1850	10.02745949844369	0.0	968026	5640.37158108	1.2000000000000002
17016.797257810787	1200	10.929621868696351	0.0	536667	3097.83762975	0.5499999999999999
17020.606834379123	1200	11.120045300359632	0.0	587236	3809.57656834	1.2
17025.603785843876	1850	10.123093835605232	0.0	905935	4996.95146475	1.2000000000000002
17029.473205020986	1200	10.253674658492308	0.0	696376	3869.41917711	0.5499999999999999
17034.14407491401	1200	9.582804765471542	0.0	487160	4670.86989302	1.2
17044.86545766198	1200	4.0	1.1385779825025346	622896	10721.382748	-3.6958853247608987
17046.47382911802	300	6.391628543965618	0.0	149029	1608.37145603	-0.6000000000000001
17047.552279193158	300	9.313178468822906	0.0	157421	1078.45007514	0.3
17050.66989519996	1200	10.195562462021552	0.0	620283	3117.6160068	0.29999999999999993
17053.684815193345	1200	11.18064246864146	0.0	584349	3014.91999338	1.2
17058.936869289813	1850	9.928588372172966	0.0	1035329	5252.05409647	1.2000000000000002
17061.969256061886	1200	10.89620160009827	0.0	690253	3032.38677207	0.5499999999999999
17064.471346219496	1200	12.394111442487938	0.0	598727	2502.09015761	1.2
17067.482986351344	1850	13.38247131063796	0.0	728962	3011.64013185	1.2000000000000002
17076.23078821569	2850	8.63466944629244	0.0	1499009	8747.80186435	1.85
17078.702747475956	750	10.16271018602757	0.0	378327	2471.95926026	-1.35
17082.166751703608	1200	10.698705958375408	0.0	587506	3464.00422765	0.75
17085.048601225415	1200	11.816856436571609	0.0	566904	2881.8495218	1.2
17091.281345690906	1850	9.584111971077807	0.0	1025005	6232.74446549	1.2000000000000002
17096.52384131708	1200	8.341616344902043	0.0	599477	5242.49562618	0.5499999999999999
17098.637345831652	750	10.228111830329702	0.0	438281	2113.50451457	0.3
17101.533882339703	1200	11.331575322275876	0.0	630203	2896.53650805	0.75
17109.263222957954	1850	7.602234704027269	0.0	982064	7729.34061825	1.2000000000000002
17112.462767578327	750	8.402690083653734	0.0	331053	3199.54462037	-0.3500000000000001
17115.448671457176	750	9.416786204804751	0.0	314107	2985.90387885	0.75

