16200.072303477526	750	4.0	0.3110558065995529	450283	311.0558066	-0.5875399683780773
16200.232136965335	300	7.840166512191758	0.0	155580	159.833487808	-0.15000000000000002
16200.492150755828	750	11.58015272169822	0.0	350812	260.013790494	0.3
16201.05104700321	1850	15.021256474316008	0.0	933276	558.896247382	0.75
16202.477026920282	4300	17.595276557244503	0.0	2233056	1425.97991707	1.8499999999999996
16203.454716600885	4300	20.617586876641067	0.0	1941625	977.689680603	4.3
16205.140133805933	4300	22.932169671594448	0.0	2157535	1685.41720505	4.3
16206.30743394442	4300	25.764869533107703	0.0	2290172	1167.30013849	4.3
16207.450375742419	4300	28.621927735107995	0.0	2055469	1142.941798	4.3
16208.483138247257	4300	31.58916523027025	0.0	2169201	1032.76250484	4.3
16209.487467901607	4300	34.5848355759221	0.0	2173522	1004.32965435	4.3
16211.656930503386	4300	36.41537297414076	0.0	2102452	2169.46260178	4.3
16214.496583471178	4300	37.57572000634807	0.0	2209463	2839.65296779	4.3
16217.790891400506	4300	38.281412077022445	0.0	2275376	3294.30792933	4.3
16220.230518768805	4300	39.84178470872175	0.0	2005399	2439.6273683	4.3
16221.628728422678	4300	42.44357505484795	0.0	2152483	1398.20965387	4.3
16223.073593984058	4300	44.998709493468056	0.0	2289689	1444.86556138	4.3
16224.050438501685	4300	48.02186497584172	0.0	2059512	976.844517626	4.3
16225.083982452205	4300	50.98832102532087	0.0	2220726	1033.54395052	4.3
16226.122270429089	4300	53.950033048436914	0.0	2156729	1038.28797688	4.3
16227.177641624296	4300	56.8946618532291	0.0	2039773	1055.37119521	4.3
16228.260957077511	4300	59.811346400014465	0.0	2176469	1083.31545321	4.3
16230.030109043228	4300	59.75662512044875	0.0	2221506	1054.72127957	4.3
16240.776314396377	4300	53.01041976730089	0.0	2044075	10746.205353147865	4.3
16268.675993093897	4300	29.110741069780303	0.0	2186790	27899.678697520587	4.3
16274.537007252771	4300	27.249726910904762	0.0	2105231	5861.014158875539	4.3
16283.591592934186	4300	22.195141229489703	0.0	2395588	9054.585681415063	4.3
16311.26058194609	4300	4.0	5.473847782414723	1972048	27668.989011904425	-19.23754546438331
16313.16147109637	300	6.099110849718781	0.0	153605	1900.889150281218	-3.7
16315.572430443985	300	7.688151502104543	0.0	149029	2410.9593476142377	0.3
16319.865733802466	750	7.394848143623657	0.0	358218	4293.303358480886	0.3
16322.038873962121	750	9.221707983969223	0.0	400322	2173.1401596544333	0.75
16325.546763622055	1200	9.713818324034575	0.0	584349	3507.889659934647	0.75
16329.128302622385	1200	10.132279323703411	0.0	670129	3581.5390003311645	1.2
16342.695705498818	1200	4.0	3.43512355272891	690253	13567.402876432321	-13.571031276734313
16343.510716330857	300	7.184989167961306	0.0	159914	815.0108320386945	-0.6000000000000001
16345.26755334862	750	9.428152150198391	0.0	321064	1756.8370177629142	0.3
16348.544721535645	1200	10.15098396317332	0.0	575591	3277.16818702507	0.75
16355.021733886364	1200	7.6739716124545145	0.0	605884	6477.012350718806	1.2
16359.1021202748	750	7.593585224020678	0.0	390680	4080.386388433837	0.3
16360.29110427091	750	10.404601227910094	0.0	345516	1188.9839961105836	0.75
16361.53375323083	1200	13.161952267990698	0.0	641452	1242.648959919397	0.75
16363.213011741043	2850	15.482693757776218	0.0	1343002	1679.2585102144778	1.2000000000000002
16365.908235417635	4300	16.787470081183244	0.0	2219102	2695.2236765929756	2.8499999999999996
16368.612830963544	4300	18.0828745352752	0.0	2124950	2704.5955459080465	4.3
16371.067818687727	4300	19.627886811094818	0.0	2246506	2454.98772418038	4.3
16373.298823146699	4300	21.396882352120794	0.0	1961140	2231.0044589740214	4.3
16375.91554486842	4300	22.78016063040168	0.0	2155012	2616.7217217191123	4.3

