10843.019461803195	750	4.0	8.857351823277936	450283	8857.35182328	-37.33661284009512
10845.82399941661	300	5.195462386583617	0.0	155580	2804.53761342	-0.15000000000000002
10848.33277650997	300	6.686685293224952	0.0	139857	2508.77709336	0.3
10851.145399192204	300	7.8740626109883145	0.0	155432	2812.62268224	0.3
10858.654182024744	750	4.365279778449228	0.0	411561	7508.78283254	0.3
10860.999838957754	300	6.019622845437809	0.0	126289	2345.65693301	-0.15000000000000002
10863.791688072837	300	7.2277737303555964	0.0	153295	2791.84911508	0.3
10871.567008842412	750	4.0	0.5475470392188608	437162	7775.32076957	-2.0544522686411018
10874.31959607035	300	5.2474127720622326	0.0	150710	2752.58722794	-0.15000000000000002
10876.862706082946	300	6.704302759467255	0.0	139105	2543.11001259	0.3
10879.45313523111	300	8.11387361130344	0.0	141840	2590.42914816	0.3
10886.990906672821	750	4.576102169590015	0.0	405134	7537.77144171	0.3
10890.002104327077	300	5.564904515335888	0.0	160746	3011.19765425	-0.15000000000000002
10893.772059201496	300	5.794949640916638	0.0	179801	3769.95487442	0.3
10901.538029771056	300	4.0	1.9710209286442504	140051	7765.97056956	-8.175389993170276
10904.045585112097	300	5.492444658958777	0.0	138313	2507.55534104	0.3
10906.663074996288	300	6.874954774768957	0.0	143509	2617.48988419	0.3
10909.430702694113	300	8.107327076943278	0.0	150616	2767.62769783	0.3
10916.811815151457	750	4.726214619598743	0.0	405596	7381.11245734	0.3
10919.673473867575	300	5.864555903480715	0.0	140881	2861.65871612	-0.15000000000000002
10927.67872075234	300	4.0	2.1406909812849415	157671	8005.24688477	-8.904971219525248
10930.585441441448	300	5.09327931089145	0.0	157812	2906.72068911	0.3
10933.525352804954	300	6.15336794738502	0.0	163927	2939.91136351	0.3
10935.998596629686	300	7.680124122652654	0.0	137654	2473.24382473	0.3
10943.422643047012	750	4.256077705326141	0.0	359903	7424.04641733	0.3
10946.583233647352	300	5.095487104986869	0.0	153938	3160.59060034	-0.15000000000000002
10949.760427798983	300	5.918292953356296	0.0	181901	3177.19415163	0.3
10951.738572621238	300	7.94014813110077	0.0	111155	1978.14482226	0.3
10958.774761789658	750	4.903958962679501	0.0	400396	7036.18916842	0.3
10961.462872310023	300	6.215848442313945	0.0	149029	2688.11052037	-0.15000000000000002
10964.323121853178	300	7.3555988991601335	0.0	157421	2860.24954315	0.3
10971.423000407447	750	4.255720344893228	0.0	400322	7099.87855427	0.3
10974.788583078662	300	4.8901376736783	0.0	143881	3365.58267121	-0.15000000000000002
10978.232219315229	300	5.446501437111981	0.0	163444	3443.63623657	0.3
10981.417030588455	300	6.261690163887964	0.0	179328	3184.81127322	0.3
10984.294388892911	300	7.384331859429782	0.0	159914	2877.35830446	0.3
10989.9432678163	750	5.7354529360409146	0.0	321064	5648.87892339	0.3
10992.151579922747	300	7.527140829593558	0.0	124011	2208.31210645	-0.15000000000000002
10999.95047647561	750	4.0	0.27175572326832387	378327	7798.89655286	-0.8685496100537926
11002.989649371453	300	4.960827104157296	0.0	149991	3039.17289584	-0.15000000000000002
11005.642169264984	300	6.308307210627018	0.0	147968	2652.51989353	0.3
11008.54695772892	300	7.403518746689695	0.0	161857	2904.78846394	0.3
11015.124012428218	750	4.826464047392214	0.0	372093	6577.0546993	0.3
11018.200068218068	300	5.750408257542959	0.0	172312	3076.05578985	-0.15000000000000002
11021.26439747432	300	6.686079001289088	0.0	167025	3064.32925625	0.3
11024.178290663383	300	7.772185812225121	0.0	160064	2913.89318906	0.3
11030.05881967869	750	5.891656796919068	0.0	331053	5880.52901531	0.3
11032.212855221776	300	7.7376212538335425	0.0	118421	2154.03554309	-0.15000000000000002

