7018.022488768179	750	4.0	1.6933262907118904	450283	1693.32629071	-6.531303050061129
7018.91470232807	300	7.107786440108819	0.0	155580	892.213559891	-0.15000000000000002
7020.724183987764	750	9.298304780414407	0.0	350812	1809.48165969	0.3
7023.484094653516	1200	10.538394114663351	0.0	617681	2759.91066575	0.75
7026.4445702397425	1200	11.577918528437074	0.0	652874	2960.47558623	1.2
7036.388006535192	1850	5.634482232986933	0.0	801058	9943.43629545	1.2000000000000002
7037.488990730464	300	8.533498037714667	0.0	153295	1100.98419527	-1.25
7040.138479403138	750	9.884009365041168	0.0	437162	2649.48867267	0.3
7043.648869387286	1200	10.373619380893484	0.0	584846	3510.38998415	0.75
7047.949784226999	1200	10.07270454117996	0.0	560821	4300.91483971	1.2
7051.947589699716	1200	10.074899068463303	0.0	607410	3997.80547272	1.2
7055.149570281364	1200	10.87291848681553	0.0	594078	3201.98058165	1.2
7057.743603731298	1200	12.278885036881794	0.0	624282	2594.03344993	1.2
7063.1413720848195	1850	10.881116683360174	0.0	1036454	5397.76835352	1.2000000000000002
7066.065703283366	1200	11.956785484813645	0.0	526950	2924.33119855	0.5499999999999999
7071.962985450441	1850	10.059503317738901	0.0	923170	5897.28216707	1.2000000000000002
7080.84230051487	1200	5.180188253310669	0.0	617242	8879.31506443	0.5499999999999999
7081.98880933519	300	8.033679432990189	0.0	150616	1146.50882032	-0.6000000000000001
7085.940011773548	750	8.08247699463217	0.0	405596	3951.20243836	0.3
7088.241918690165	750	9.780570078015174	0.0	350713	2301.90691662	0.75
7091.982375520406	1200	10.04011324777396	0.0	601738	3740.45683024	0.75
7095.411786891098	1200	10.610701877082317	0.0	616206	3429.41137069	1.2
7099.682984048667	1200	10.339504719513213	0.0	656471	4271.19715757	1.2
7102.26632432904	1200	11.756164439140504	0.0	536667	2583.34028037	1.2
7105.821578957024	1850	12.20090981115683	0.0	897976	3555.25462798	1.2000000000000002
7109.34637126541	1850	12.676117502770712	0.0	905935	3524.79230839	1.85
7115.665649729336	1850	10.35683903884521	0.0	1076599	6319.27846393	1.85
7118.476682583402	1200	11.545806184779032	0.0	487160	2811.03285407	0.5499999999999999
7123.853799998168	1850	10.168688770013159	0.0	972798	5377.11741477	1.2000000000000002
7127.5991580361615	1200	10.423330732020226	0.0	641447	3745.35803799	0.5499999999999999
7131.179706310334	1200	10.8427824578473	0.0	570392	3580.54827417	1.2
7134.798440052419	1200	11.22404871576183	0.0	620283	3618.73374209	1.2
7138.307584791367	1850	11.714903976814288	0.0	885062	3509.14473895	1.2000000000000002
7142.214593775905	1850	11.807894992276061	0.0	1035329	3907.00898454	1.85
7145.4020808959895	1850	12.62040787219203	0.0	1026056	3187.48712008	1.85
7149.717398265409	1850	12.30509050277157	0.0	943942	4315.31736942	1.85
7154.717818030343	1850	11.30467073783885	0.0	728962	5000.41976493	1.85
7158.432176590654	1850	11.590312177527485	0.0	938587	3714.35856031	1.85
7162.098556956863	1850	11.923931811318981	0.0	908665	3666.38036621	1.85
7165.545516570377	1850	12.476972197804646	0.0	930577	3446.95961351	1.85
7168.95718226319	1850	13.065306504991993	0.0	858450	3411.66569281	1.85
7175.127077820824	2850	10.89541094735853	0.0	1527299	6169.89555763	1.85
7178.464260997207	1200	11.558227770975085	0.0	599477	3337.18317638	-0.44999999999999996
7204.800367206089	1850	4.0	14.777878437906475	973972	26336.1062089	-62.344877282997835
7206.151671514371	300	6.648695691717745	0.0	167025	1351.30430828	-1.25
7207.285888550684	300	9.514478655404655	0.0	160064	1134.21703631	0.3
7210.243682892228	1200	10.556684313860208	0.0	538612	2957.79434154	0.29999999999999993
7212.829315270289	1200	11.971051935799586	0.0	550906	2585.63237806	1.2

