12187.44732239087	750	4.0	2.7559546623670776	450283	2755.95466237	-11.100605048178434
12188.504000995115	300	6.943321395755358	0.0	155580	1056.67860424	-0.15000000000000002
12189.562993454607	300	9.884328936262518	0.0	139857	1058.99245949	0.3
12192.948150903603	1200	10.499171487266452	0.0	617681	3385.157449	0.29999999999999993
12196.000261779312	1200	11.447060611557772	0.0	652874	3052.11087571	1.2
12198.60114823757	1850	12.846174153298222	0.0	801058	2600.88645826	1.2000000000000002
12201.346634068248	1850	14.100688322620128	0.0	905515	2745.48583068	1.85
12205.62426410831	2850	13.823058282558568	0.0	1638769	4277.63004006	1.85
12219.173829648005	2850	4.273492742862385	0.0	1348011	13549.5655397	2.85
12222.453869491592	300	4.99345289927447	0.0	139105	3280.03984359	-2.25
12223.126644729937	300	8.320677660930471	0.0	141840	672.775238344	0.3
12225.144941937333	750	10.302380453533083	0.0	405134	2018.2972074	0.3
12228.766354814268	1200	10.680967576597082	0.0	624282	3621.41287694	0.75
12231.720689183347	1200	11.72663320751839	0.0	687371	2954.33436908	1.2
12236.051597533557	1850	11.395724857310245	0.0	821631	4330.90835021	1.2000000000000002
12239.38105603962	1850	12.066266351245295	0.0	923170	3329.45850606	1.85
12242.992286849909	1850	12.455035540956114	0.0	966699	3611.23081029	1.85
12246.782178850792	1850	12.665143540073146	0.0	885714	3789.89200088	1.85
12252.191589667007	1850	11.255732723857431	0.0	987708	5409.41081622	1.85
12256.445474033375	1850	11.001848357490811	0.0	923755	4253.88436637	1.85
12271.662192460728	1850	4.0	4.214870069862778	891604	15216.7184274	-16.273941300409945
12273.126097678374	300	6.536094782355098	0.0	157812	1463.90521764	-1.25
12274.233155883529	300	9.429036577201716	0.0	163927	1107.05820515	0.3
12277.560688595857	1200	10.10150386487235	0.0	536667	3327.53271233	0.29999999999999993
12282.275668181066	1200	9.386524279665267	0.0	587236	4714.97958521	1.2
12285.600183797733	1200	10.062008662999316	0.0	590335	3324.51561667	1.2
12290.401843001191	1200	9.260349459541036	0.0	696376	4801.65920346	1.2
12294.025139979494	1200	9.637052481236182	0.0	487160	3623.2969783	1.2
12299.062999237829	1200	8.599193222900936	0.0	622896	5037.85925834	1.2
12302.904291941459	750	8.757900519272473	0.0	400508	3841.29270363	0.3
12305.468733637592	750	10.193458823138887	0.0	358218	2564.44169613	0.75
12308.500007955932	1200	11.16218450479862	0.0	620283	3031.27431834	0.75
12312.019147597504	1850	11.643044863226235	0.0	885062	3519.13964157	1.2000000000000002
12317.056289682358	1850	10.605902778372537	0.0	1035329	5037.14208485	1.85
12320.085837969775	1200	11.57635449095723	0.0	690253	3029.54828742	0.5499999999999999
12324.013557776349	1850	11.648634684382912	0.0	943942	3927.71980657	1.2000000000000002
12326.98174117933	1850	12.680451281400854	0.0	728962	2968.18340298	1.85
12330.64211521496	1850	13.02007724577233	0.0	938587	3660.37403563	1.85
12335.708411328826	2850	11.953781131905087	0.0	1427478	5066.29611387	1.85
12340.187359818405	1850	11.474832642326023	0.0	930577	4478.94848958	0.8500000000000001
12343.552837092051	1850	12.109355368680037	0.0	858450	3365.47727365	1.85
12347.702321729943	1850	11.9598707307879	0.0	1025005	4149.48463789	1.85
12354.041677810937	1850	9.620514649794774	0.0	886255	6339.35608099	1.85
12356.917751053401	1200	10.744441407330992	0.0	634861	2876.07324246	0.5499999999999999
12359.539041147864	1200	12.123151312867671	0.0	630203	2621.29009446	1.2
12363.082961891903	1850	12.579230568827748	0.0	982064	3543.92074404	1.2000000000000002
12366.515608365436	1850	13.146584095293425	0.0	830730	3432.64647353	1.85
12373.19425305185	2850	10.467939408881513	0.0	1364537	6678.64468641	1.85

