12375.900985432183	750	4.0	2.70673238033355	450283	2706.73238033	-10.888949235434264
12377.261694105626	300	6.639291326559048	0.0	155580	1360.70867344	-0.15000000000000002
12378.409358957979	300	9.491626474206976	0.0	139857	1147.66485235	0.3
12382.856735680607	1200	9.044249751579194	0.0	617681	4447.37672263	0.29999999999999993
12387.295161739234	1200	8.605823692952447	0.0	652874	4438.42605863	1.2
12389.550873709228	750	10.350111722958887	0.0	318564	2255.71196999	0.3
12393.569328359526	1200	10.331657072661383	0.0	561791	4018.4546503	0.75
12398.612495786298	1200	9.288489645888328	0.0	709534	5043.16742677	1.2
12402.890664465134	1200	9.01032096705104	0.0	584846	4278.16867884	1.2
12407.276131536824	1200	8.624853895361431	0.0	560821	4385.46707169	1.2
12410.536032335589	750	9.364953096597896	0.0	353220	3259.90079876	0.3
12414.985401499895	1200	8.915583932290367	0.0	594078	4449.36916431	0.75
12418.256350100028	750	9.644635332157558	0.0	386351	3270.94860013	0.3
12425.032629876265	1200	6.868355555919578	0.0	687371	6776.27977624	0.75
12426.742030648016	300	9.15895478416922	0.0	140051	1709.40077175	-0.6000000000000001
12433.790614824706	1200	6.1103706074803705	0.0	587876	7048.58417669	0.29999999999999993
12435.08551407744	300	8.815471354745874	0.0	143509	1294.89925273	-0.6000000000000001
12438.217343038395	750	9.683642393791535	0.0	372963	3131.82896095	0.3
12442.948958724846	1200	8.9520267073396	0.0	639204	4731.61568645	0.75
12446.109486640164	750	9.791498792024395	0.0	350713	3160.52791532	0.3
12451.087589423269	1200	8.813396008917218	0.0	601738	4978.10278311	0.75
12453.965496367493	750	9.935489064692906	0.0	399894	2877.90694422	0.3
12458.784743528044	1200	9.116241904143088	0.0	656471	4819.24716055	0.75
12462.867041650774	1200	9.033943781412432	0.0	536667	4082.29812273	1.2
12467.232728704947	1200	8.668256727240973	0.0	587236	4365.68705417	1.2
12469.994601393086	750	9.90638403910133	0.0	379700	2761.87268814	0.3
12474.87099668513	1200	9.029988747056816	0.0	696376	4876.39529204	0.75
12479.104196263608	1200	8.796789168577808	0.0	487160	4233.19957848	1.2
12482.95770733149	750	8.943278100695066	0.0	400396	3853.51106788	0.3
12487.517647925899	750	8.383337506287129	0.0	400508	4559.94059441	0.75
12491.315556438123	750	8.5854289940624	0.0	358218	3797.90851222	0.75
12494.585465180204	750	9.315520251982232	0.0	400322	3269.90874208	0.75
12499.69290864668	1200	8.208076785504709	0.0	584349	5107.44346648	0.75
12502.901074401	750	8.99991103118603	0.0	412837	3208.16575432	0.3
12505.987547237315	750	9.913438194869892	0.0	401088	3086.47283632	0.75
12512.054474254322	1200	7.846511177861202	0.0	598727	6066.92701701	0.75
12515.208044742712	750	8.692940689471499	0.0	321064	3153.57048839	0.3
12518.163524291931	750	9.737461140253702	0.0	361565	2955.47954922	0.75
12523.27499884816	1200	8.625986584024629	0.0	605884	5111.47455623	0.75
12530.4536859553	750	5.447299476882969	0.0	390680	7178.68710714	0.3
12534.284098963115	300	5.616886469067873	0.0	147968	3830.41300782	-0.15000000000000002
12536.503136602189	300	7.397848829994322	0.0	161857	2219.03763907	0.3
12540.189255310923	750	7.711730121261244	0.0	372093	3686.11870873	0.3
12544.101957707722	750	7.799027724463141	0.0	438281	3912.7023968	0.75
12547.317896801513	750	8.58308863067166	0.0	398987	3215.93909379	0.75
12551.16425983016	750	8.736725602024169	0.0	393804	3846.36302865	0.75
12554.144201639898	750	9.756783792285932	0.0	331053	2979.94180974	0.75
12558.60386687068	1200	9.297118561503002	0.0	550906	4459.66523078	0.75

