10648.608346661247	750	4.0	2.084242014432053	450283	2084.24201443	-8.212240662057829
10650.08773322914	300	6.520613432106674	0.0	155580	1479.38656789	-0.15000000000000002
10651.341297930885	300	9.26704873036228	0.0	139857	1253.56470174	0.3
10656.3015259433	1200	8.306820717947598	0.0	617681	4960.22801241	0.29999999999999993
10659.30537753919	750	9.302969122056185	0.0	411561	3003.85159589	0.3
10662.869952338671	1200	9.738394322576717	0.0	520315	3564.57479948	0.75
10667.471474766937	1200	9.136871894311932	0.0	561791	4601.52242826	1.2
10679.22442018685	1200	4.0	2.6160735256028618	709534	11752.9454199	-10.049116160092305
10682.813933029656	300	4.410487157196636	0.0	150710	3589.5128428	-0.6000000000000001
10684.791958755774	300	6.432461431078317	0.0	139105	1978.02572612	0.3
10686.845399503278	300	8.37902068357559	0.0	141840	2053.4407475	0.3
10692.160462953618	750	7.063957233235891	0.0	405134	5315.06345034	0.3
10696.450553332636	750	6.773866854217811	0.0	386351	4290.09037902	0.75
10698.634209909977	300	8.590210276877023	0.0	179801	2183.65657734	-0.15000000000000002
10702.636678461762	750	8.58774172509278	0.0	337059	4002.46855178	0.3
10705.712977741443	750	9.511442445413117	0.0	366214	3076.29927968	0.75
10711.369372096358	1200	7.855048090497093	0.0	617242	5656.39435492	0.75
10714.68369918873	750	8.540720998124579	0.0	372963	3314.32709237	0.3
10718.988522463902	750	8.235897722951217	0.0	405596	4304.82327517	0.75
10722.638508304268	750	8.5859118825862	0.0	350713	3649.98584037	0.75
10726.74842667958	750	8.475993507274433	0.0	386472	4109.91837531	0.75
10730.60837207386	750	8.616048112992726	0.0	399894	3859.94539428	0.75
10735.370136491832	750	7.85428369501953	0.0	401853	4761.76441797	0.75
10741.746987453835	750	5.477432733017384	0.0	343800	6376.850962	0.75
10744.700030220663	300	6.524389966188408	0.0	146754	2953.04276683	-0.15000000000000002
10748.54318543445	300	6.681234752401498	0.0	153938	3843.15521379	0.3
10753.904962719533	300	5.319457467316877	0.0	181901	5361.77728508	0.3
10754.889351227033	300	8.33506895981624	0.0	111155	984.388507501	0.3
10758.578447712509	750	8.645972474341487	0.0	400396	3689.09648547	0.3
10765.61578143853	750	5.608638748321589	0.0	400508	7037.33372602	0.75
10767.309137308857	300	7.915282877993948	0.0	157421	1693.35587033	-0.15000000000000002
10771.698588139638	750	7.525832047211963	0.0	400322	4389.45083078	0.3
10775.41543288801	750	7.808987298840455	0.0	369834	3716.84474837	0.75
10779.010181855785	750	8.214238331067154	0.0	412837	3594.74896777	0.75
10782.328252185653	750	8.896168001200236	0.0	401088	3318.07032987	0.75
10786.505131452963	750	8.719288733889146	0.0	365161	4176.87926731	0.75
10791.4788944301	750	7.745525756753208	0.0	321064	4973.76297714	0.75
10795.778835636042	750	7.445584550809513	0.0	361565	4299.94120594	0.75
10798.545347971905	750	8.679072214947457	0.0	378327	2766.51233586	0.75
10801.569836002896	750	9.654584183957402	0.0	390680	3024.48803099	0.75
10805.031874298218	1200	10.192545888633648	0.0	566904	3462.03829532	0.75
10809.565044668496	1200	9.65937551835601	0.0	641452	4533.17037028	1.2
10814.189248656337	1200	9.035171530513603	0.0	599477	4624.20398784	1.2
10818.770087942223	1200	8.454332244629873	0.0	634861	4580.83928588	1.2
10821.881960999108	750	9.342459187744769	0.0	398987	3111.87305689	0.3
10827.514389979437	1200	7.710030207414	0.0	638661	5632.42898033	0.75
10830.216880639255	750	9.00753954759633	0.0	331053	2702.49065982	0.3
10834.162109979916	1200	9.0623102069347	0.0	550906	3945.22934066	0.75

