21994.649761842848	750	4.0	0.7092493929812916	450283	709.249392981	-2.299772389819554
21994.947177602626	300	7.702584240222195	0.0	155580	297.415759778	-0.15000000000000002
21995.416254498905	750	11.23350734394323	0.0	350812	469.076896279	0.3
21996.499140666216	1850	14.150621176634335	0.0	933276	1082.88616731	0.75
21998.942460659648	2850	15.70730118320285	0.0	1472558	2443.31999343	1.85
22001.780078181637	4300	16.86968366121767	0.0	1941625	2837.61752199	2.8499999999999996
22007.560289529527	4300	15.08947231332384	0.0	2157535	5780.21134789	4.3
22014.242356069837	4300	12.407405773015066	0.0	2290172	6682.06654031	4.3
22014.804188662118	1850	15.845573180731144	0.0	852833	561.832592284	-0.6000000000000001
22016.056422560967	4300	18.593339281882646	0.0	2169201	1252.23389885	1.8499999999999996
22017.107431084056	4300	21.54233075879616	0.0	2173522	1051.00852309	4.3
22018.27067686135	4300	24.37908498150234	0.0	2102452	1163.24577729	4.3
22019.600562644777	4300	27.049199198075538	0.0	2209463	1329.88578343	4.3
22020.794874520994	4300	29.854887321858225	0.0	2275376	1194.31187622	4.3
22022.104827639876	4300	32.54493420297457	0.0	2005399	1309.95311888	4.3
22023.47016404275	4300	35.17959780010399	0.0	2152483	1365.33640287	4.3
22035.350318457895	4300	27.29944338495965	0.0	2289689	11880.1544151	4.3
22053.085758208897	4300	13.564003633955123	0.0	2059512	17735.439751	4.3
22071.982925915967	2850	4.0	5.333164073116426	1537156	18897.1677071	-21.53260551440063
22072.729119606356	300	7.253806309611929	0.0	140881	746.193690388	-2.25
22075.958535076534	750	8.024390839437446	0.0	386472	3229.41547017	0.3
22081.62972745028	750	6.353198465690875	0.0	399894	5671.19237375	0.75
22083.546686946516	300	8.436238969453306	0.0	163927	1916.95949624	-0.15000000000000002
22085.61030033348	750	10.3726255824914	0.0	343800	2063.61338696	0.3
22087.598239892002	1200	12.384686023967582	0.0	587236	1987.93955852	0.75
22090.54207585481	1850	13.440850061160113	0.0	905935	2943.83596281	1.2000000000000002
22095.62497425373	2850	12.357951662237374	0.0	1547572	5082.89839892	1.85
22099.753521233146	1850	12.229404682819943	0.0	758197	4128.54697942	0.8500000000000001
22104.83241560776	1850	11.150510308202932	0.0	972798	5078.89437462	1.85
22117.533246617226	1850	4.0	1.5503207012602325	975811	12700.8310095	-4.816379015418999
22118.03963790906	300	7.493608708164751	0.0	157421	506.391291835	-1.25
22119.37636094174	750	10.156885675483464	0.0	400322	1336.72303268	0.3
22121.64719235718	1200	11.88605426004246	0.0	584349	2270.83141544	0.75
22125.20327344058	1850	12.32997317664585	0.0	1035329	3556.0810834	1.2000000000000002
22127.732394741106	1850	13.800851876119461	0.0	1026056	2529.12130053	1.85
22131.966055678477	2850	13.56719093874951	0.0	1439896	4233.66093737	1.85
22135.32664107448	2850	14.206605542746427	0.0	1139291	3360.585396	2.85
22136.558343810277	2850	16.974902806950006	0.0	1499009	1231.7027358	2.85
22137.93339251979	4300	19.599854097432676	0.0	2133870	1375.04870952	2.8499999999999996
22139.447798854933	4300	22.085447762289487	0.0	2146120	1514.40633514	4.3
22140.50347767345	4300	25.029768943772662	0.0	2108491	1055.67881852	4.3
22141.693144730863	4300	27.840101886358344	0.0	2184571	1189.66705741	4.3
22142.79197621566	4300	30.74127040156047	0.0	2121928	1098.8314848	4.3
22144.12873776717	4300	33.404508850054455	0.0	2219102	1336.76155151	4.3
22145.510245425965	4300	36.02300119125522	0.0	2124950	1381.5076588	4.3
22146.942832179597	4300	38.59041443762282	0.0	2246506	1432.58675363	4.3
22149.521724817332	4300	40.01152179988918	0.0	1961140	2578.89263773	4.3
22151.594085247765	4300	41.9391613694566	0.0	2155012	2072.36043043	4.3

