6046.548350690482	750	4.0	6.913982008880042	450283	6913.98200888	-28.98012263818418
6048.932481776258	300	5.615868914223766	0.0	155580	2384.13108578	-0.15000000000000002
6051.098272274679	300	7.450078415802264	0.0	139857	2165.79049842	0.3
6056.902627504763	750	5.645723185719728	0.0	382355	5804.35523008	0.3
6059.424390949124	300	7.123959741357534	0.0	163442	2521.76344436	-0.15000000000000002
6064.412210665389	750	6.136140025092825	0.0	318564	4987.81971626	0.3
6066.844144497889	300	7.704206192592976	0.0	153295	2431.9338325	-0.15000000000000002
6073.598442925094	750	4.949907765388468	0.0	437162	6754.2984272	0.3
6075.957042141855	300	6.591308548627394	0.0	150710	2358.59921676	-0.15000000000000002
6078.092032960468	300	8.45631773001407	0.0	139105	2134.99081861	0.3
6083.508986763064	750	7.039363927418238	0.0	353220	5416.9538026	0.3
6089.872573289814	750	4.675777400668339	0.0	405134	6363.58652675	0.75
6092.412107096046	300	6.13624359443579	0.0	160746	2539.53380623	-0.15000000000000002
6095.223586537904	300	7.324764152578151	0.0	179801	2811.47944186	0.3
6100.344473947745	750	6.203876742736507	0.0	337059	5120.88740984	0.3
6102.514470758093	300	8.033879932389409	0.0	138313	2169.99681035	-0.15000000000000002
6108.009126397672	750	6.539224292810183	0.0	360831	5494.65563958	0.3
6110.30943222484	300	8.238918465642483	0.0	150616	2300.30582717	-0.15000000000000002
6116.453893886169	750	6.094456804313921	0.0	405596	6144.46166133	0.3
6118.642314863971	300	7.9060358265121975	0.0	140881	2188.4209778	-0.15000000000000002
6124.674199363231	750	5.874151327250719	0.0	386472	6031.88449926	0.3
6127.2169582710985	300	7.331392419383988	0.0	157812	2542.75890787	-0.15000000000000002
6133.407794625477	750	5.14055606500472	0.0	401853	6190.83635438	0.3
6135.5483891642	300	6.999961526282312	0.0	137654	2140.59453872	-0.15000000000000002
6137.84062654753	300	8.707724142953335	0.0	146754	2292.23738333	0.3
6143.714377947589	750	6.833972742892925	0.0	379700	5873.75140006	0.3
6146.603531816254	300	7.944818874227482	0.0	181901	2889.15386867	-0.15000000000000002
6150.796811528313	750	7.751539162168808	0.0	277716	4193.27971206	0.3
6156.736436315835	750	5.8119143746472055	0.0	400396	5939.62478752	0.75
6159.033746969538	300	7.5146037209438585	0.0	149029	2297.3106537	-0.15000000000000002
6164.397309144088	750	6.1510415463946995	0.0	358218	5363.56217455	0.3
6166.767962059002	300	7.7803886314803945	0.0	157488	2370.65291491	-0.15000000000000002
6172.178854939664	750	6.369495750817936	0.0	369834	5410.89288066	0.3
6174.6680939692815	300	7.880256721199788	0.0	163444	2489.23902962	-0.15000000000000002
6180.7197792154175	750	5.828571475064199	0.0	401088	6051.68524614	0.3
6183.185572709819	300	7.362777980662498	0.0	159914	2465.7934944	-0.15000000000000002
6187.991208059649	750	6.557142630832647	0.0	321064	4805.63534983	0.3
6189.899341870123	300	8.649008820359402	0.0	124011	1908.13381047	-0.15000000000000002
6195.82372329503	750	6.724627395452356	0.0	378327	5924.38142491	0.3
6198.29363652772	300	8.254714162761255	0.0	149991	2469.91323269	-0.15000000000000002
6203.588325264847	750	6.960025425634427	0.0	345516	5294.68873713	0.3
6206.109379042624	300	8.43897164785799	0.0	161857	2521.05377778	-0.15000000000000002
6211.728449728792	750	6.819900961690249	0.0	372093	5619.07068617	0.3
6214.337544041364	300	8.210806649118727	0.0	172312	2609.09431257	-0.15000000000000002
6220.209049346772	750	6.339301343710461	0.0	398987	5871.50530541	0.3
6222.600593057194	300	7.9477576332888455	0.0	160064	2391.54371042	-0.15000000000000002
6227.506357707625	750	7.041992982856996	0.0	331053	4905.76465043	0.3
6232.144881143544	750	6.403469546938269	0.0	314107	4638.52343592	0.75

