795.9225095450008	750	4.0	8.16054581235698	450283	8160.54581236	-34.340346993135014
798.4040360066302	300	5.518473538370578	0.0	155580	2481.52646163	-0.15000000000000002
802.0852406851056	300	5.83726885989518	0.0	139857	3681.20467848	0.3
803.5674085397521	300	8.355101005248773	0.0	155432	1482.16785465	0.3
806.7745463203349	750	9.147963224666034	0.0	411561	3207.13778058	0.3
809.7573383893138	1200	10.165171155687098	0.0	520315	2982.79206898	0.75
813.4631091666515	1200	10.459400378349427	0.0	561791	3705.77077734	1.2
818.2520453115914	1200	9.67046423340961	0.0	709534	4788.93614494	1.2
821.69823940576	1200	10.224270139241026	0.0	584846	3446.19409417	1.2
825.2143395031513	1200	10.708170041849627	0.0	560821	3516.10009739	1.2
829.4486010229308	1200	10.473908522070221	0.0	607410	4234.26151978	1.2
833.3770356322949	1200	10.545473912706129	0.0	594078	3928.43460936	1.2
837.3963382515624	1200	10.526171293438594	0.0	624282	4019.30261927	1.2
842.796631081572	1200	9.125878463429096	0.0	687371	5400.29283001	1.2
846.8695482782143	1200	9.052961266786765	0.0	526950	4072.91719664	1.2
850.4139888132026	1200	9.508520731798443	0.0	587876	3544.44053499	1.2
854.1031000277827	1200	9.819409517218276	0.0	617242	3689.11121458	1.2
857.952468591323	1200	9.970040953677943	0.0	581493	3849.36856354	1.2
862.8489077894151	1200	9.073601755585829	0.0	639204	4896.43919809	1.2
869.3868160440309	1200	6.535693500970134	0.0	586839	6537.90825462	1.2
871.2171955316537	300	8.705314013347255	0.0	157671	1830.37948762	-0.6000000000000001
875.8528841972133	750	8.0696253477877	0.0	399894	4635.68866556	0.3
879.5130809434792	750	8.409428601521665	0.0	401853	3660.19674627	0.75
883.1825752995841	750	8.739934245416796	0.0	343800	3669.4943561	0.75
890.6898830407873	750	5.232626504213542	0.0	359903	7507.3077412	0.75
893.4981617439588	300	6.424347801042008	0.0	153938	2808.27870317	-0.15000000000000002
899.2573219281327	300	4.665187616868188	0.0	181901	5759.16018417	0.3
900.7471202033018	300	7.175389341698924	0.0	111155	1489.79827517	0.3
904.6603092704013	750	7.262200274599521	0.0	400396	3913.1890671	0.3
912.3224418645934	750	4.0	0.3999323195926345	400508	7662.13259419	-0.9697089742483282
914.4864258245826	300	5.83601604001089	0.0	157421	2163.98395999	-0.15000000000000002
916.388662581536	300	7.933779283057455	0.0	157488	1902.23675695	0.3
919.5856408555118	750	8.73680100908162	0.0	369834	3196.97827398	0.3
922.7467174408828	750	9.575724423710618	0.0	412837	3161.07658537	0.75
927.9062064282613	1200	8.416235436332242	0.0	690253	5159.48898738	0.75
930.0930406138305	750	10.229401250763091	0.0	365161	2186.83418557	0.3
933.3148060344402	1200	11.007635830153308	0.0	487812	3221.76542061	0.75
939.9119597806585	1850	8.410482083934848	0.0	938587	6597.15374622	1.2000000000000002
942.5206831271332	750	9.80175873746026	0.0	378327	2608.72334647	-0.3500000000000001
946.1098564611337	1200	10.21258540345971	0.0	587506	3589.173334	0.75
949.5997741669694	1200	10.722667697624104	0.0	566904	3489.91770584	1.2
952.8237600876089	1200	11.498681776984537	0.0	641452	3223.98592064	1.2
959.6334479716967	1850	8.688993892896738	0.0	886255	6809.68788409	1.2000000000000002
963.1617788081232	750	9.160663056470225	0.0	438281	3528.33083643	-0.3500000000000001
967.1438961946714	1200	9.178545669922068	0.0	630203	3982.11738655	0.75
970.682632243775	1200	9.63980962081849	0.0	638661	3538.7360491	1.2
973.4075013295273	1200	10.914940535066116	0.0	538612	2724.86908575	1.2
976.7005817903932	1200	11.621860074200196	0.0	550906	3293.08046087	1.2

