21840.552303186374	750	4.0	4.408344193817878	450283	4408.34419382	-18.205880033416875
21843.805961936	300	4.74634125037405	0.0	155580	3253.65874963	-0.15000000000000002
21845.70218837063	300	6.850114815745449	0.0	139857	1896.22643463	0.3
21846.342985736796	300	10.20931744957939	0.0	155432	640.797366166	0.3
21848.18274384193	1200	12.369559344442026	0.0	652874	1839.75810514	0.29999999999999993
21850.432283795264	1850	14.12001939110983	0.0	801058	2249.53995333	1.2000000000000002
21854.59676253794	2850	13.95554064843048	0.0	1388403	4164.47874268	1.85
21856.376573431324	2850	16.175729755046238	0.0	1638769	1779.81089338	2.85
21857.72787702203	4300	18.82442616434269	0.0	2055469	1351.3035907	2.8499999999999996
21859.167968965743	4300	21.384334220626883	0.0	2169201	1440.09194372	4.3
21860.32009977586	4300	24.232203410506383	0.0	2173522	1152.13081012	4.3
21861.643843118953	4300	26.90846006741525	0.0	2102452	1323.74334309	4.3
21863.255061900974	4300	29.297241285398098	0.0	2209463	1611.21878202	4.3
21864.64870562488	4300	31.9035975614889	0.0	2275376	1393.64372391	4.3
21865.98534312212	4300	34.566960064248654	0.0	2005399	1336.63749724	4.3
21870.8266867228	4300	33.72561646357127	0.0	2152483	4841.34360068	4.3
21877.182638942006	4300	31.369664244362998	0.0	2289689	6355.95221921	4.3
21882.714031430623	4300	29.838271755744824	0.0	2059512	5531.39248862	4.3
21888.08817710516	4300	28.464126081207993	0.0	2220726	5374.14567454	4.3
21890.707832994474	4300	29.84447019189488	0.0	2156729	2619.65588931	4.3
21893.12769096974	4300	31.424612216631147	0.0	2039773	2419.85797526	4.3
21896.665010947414	4300	31.887292238954828	0.0	2176469	3537.31997768	4.3
21917.17244035115	4300	15.379862835219235	0.0	2221506	20507.4294037	4.3
21919.43846295541	4300	17.113840230956786	0.0	2044075	2266.02260426	4.3
21921.732350247985	4300	18.81995293838293	0.0	2186790	2293.88729257	4.3
21924.12394446634	4300	20.42835872002991	0.0	2105231	2391.59421835	4.3
21928.783149275954	4300	19.769153910417167	0.0	2395588	4659.20480961	4.3
21938.335947933312	4300	14.216355253060964	0.0	1972048	9552.79865736	4.3
21939.06850107393	2850	17.483802112441975	0.0	1498470	732.553140619	1.4000000000000001
21940.089597331626	4300	20.462705854749693	0.0	2164140	1021.09625769	2.8499999999999996
21941.127271374397	4300	23.425031811977643	0.0	2113193	1037.67404277	4.3
21942.377808905243	4300	26.174494281132578	0.0	2147852	1250.53753085	4.3
21943.57388711475	4300	28.97841607162561	0.0	2191074	1196.07820951	4.3
21944.848725096697	4300	31.7035780896771	0.0	2286761	1274.83798195	4.3
21946.37248327071	4300	34.17981991566878	0.0	2307787	1523.75817401	4.3
21947.69327573161	4300	36.85902745476813	0.0	2143948	1320.7924609	4.3
21949.748093735205	4300	38.804209451174145	0.0	1919781	2054.81800359	4.3
21952.39039507564	4300	40.16190811073776	0.0	2147467	2642.30134044	4.3
21955.15261756206	4300	41.39968562431719	0.0	2133870	2762.22248642	4.3
21957.770250769747	4300	42.782052416629554	0.0	2146120	2617.63320769	4.3
21970.052749369377	4300	34.499553816999594	0.0	2108491	12282.4985996	4.3
21972.57736800385	4300	35.974935182520916	0.0	2184571	2524.61863448	4.3
21974.90208861593	4300	37.65021457044253	0.0	2121928	2324.72061208	4.3
21977.354146644462	4300	39.19815654191179	0.0	2219102	2452.05802853	4.3
21980.419252348896	4300	40.13305083747614	0.0	2124950	3065.10570444	4.3
21987.0536455466	4300	37.49865763977032	0.0	2246506	6634.39319771	4.3
21991.215858410174	4300	37.3364447761942	0.0	1961140	4162.21286358	4.3
21993.940512449863	4300	38.611790736504744	0.0	2155012	2724.65403969	4.3

