31232.99027022943	750	4.0	2.814345970684643	450283	2814.34597068	-11.351687673943966
31233.77592641799	300	7.214343811440379	0.0	155580	785.65618856	-0.15000000000000002
31235.4357276256	750	9.554542603832175	0.0	350812	1659.80120761	0.3
31238.600961491447	1200	10.38930873798731	0.0	617681	3165.23386584	0.75
31239.997736736965	1200	12.992533492469239	0.0	652874	1396.77524552	1.2
31240.853431154923	1850	16.1368390745134	0.0	801058	855.694417956	1.2000000000000002
31243.98466473062	4300	17.005605498815317	0.0	2157535	3131.2335757	1.8499999999999996
31247.26639095572	4300	17.72387927371527	0.0	2290172	3281.7262251	4.3
31249.626510820017	4300	19.36375940941982	0.0	2055469	2360.1198643	4.3
31252.972344560396	4300	20.017925669038735	0.0	2169201	3345.83374038	4.3
31256.41750534344	4300	20.57276488599322	0.0	2173522	3445.16078305	4.3
31258.954973457974	4300	22.03529677146231	0.0	2102452	2537.46811453	4.3
31263.425415804024	4300	21.564854425409774	0.0	2209463	4470.44234605	4.3
31270.303990974837	4300	18.686279254598656	0.0	2275376	6878.57517081	4.3
31272.115220880274	4300	20.87504934916029	0.0	2005399	1811.22990544	4.3
31275.10189698691	4300	21.888373242523752	0.0	2152483	2986.67610664	4.3
31278.57642377969	4300	22.413846449744064	0.0	2289689	3474.52679278	4.3
31311.858738122675	4300	4.0	10.86846789324363	2059512	33282.314343	-42.434411940947605
31314.08388984579	300	5.774848276883709	0.0	165384	2225.15172312	-3.7
31315.286463280394	300	8.572274842279414	0.0	140881	1202.5734346	0.3
31319.6078808821	750	8.250857240575879	0.0	386472	4321.4176017	0.3
31331.197484944933	750	4.0	3.3387468222577334	399894	11589.6040628	-13.606611335708253
31331.455537040216	300	7.741947904716001	0.0	163927	258.052095284	-0.15000000000000002
31331.90896124952	750	11.288523695411623	0.0	343800	453.424209304	0.3
31333.211119884454	1850	13.986365060476155	0.0	897976	1302.15863494	0.75
31335.345477921343	2850	15.852007023584125	0.0	1480464	2134.35803689	1.85
31338.15051455409	4300	17.046970390837913	0.0	2395588	2805.03663275	2.8499999999999996
31340.578103960037	4300	18.619380984892864	0.0	1972048	2427.58940595	4.3
31345.785929918053	4300	17.41155502687642	0.0	2134614	5207.82595802	4.3
31352.432976890326	4300	14.764508054605475	0.0	2164140	6647.04697227	4.3
31385.412879778858	2850	4.0	18.215394833927437	1341201	32979.9028885	-76.92619778588798
31386.46262033172	300	6.950259447140092	0.0	157488	1049.74055286	-2.25
31387.40170281886	300	10.011176960000759	0.0	143881	939.082487139	0.3
31391.148408231602	1200	10.264471547257928	0.0	670129	3746.70541274	0.29999999999999993
31400.682987462606	1200	4.729892316252226	0.0	690253	9534.57923101	1.2
31402.062871764945	300	7.350008013913379	0.0	159914	1379.88430234	-0.6000000000000001
31403.027589317993	750	10.385290460868463	0.0	321064	964.717553045	0.3
31404.916394747845	1200	12.496485031015437	0.0	575591	1888.80542985	0.75
31407.824143841946	1850	13.588735936914878	0.0	908665	2907.7490941	1.2000000000000002
31412.345274562613	2850	13.067605216249182	0.0	1402287	4521.13072067	1.85
31429.389405728212	2850	4.0	3.9765259493538108	1339500	17044.1311656	-14.249061582221385
31430.220463273847	300	7.168942454369152	0.0	161857	831.057545631	-2.25
31431.6901052742	750	9.69930045401472	0.0	372093	1469.64200035	0.3
31432.360193342054	1200	13.029212386162971	0.0	634861	670.088067852	0.75
31434.128662373925	2850	15.260743354287511	0.0	1464921	1768.46903188	1.2000000000000002
31437.984527486347	4300	15.404878241865697	0.0	2246506	3855.86511242	2.8499999999999996
31439.97656494027	4300	17.412840787940823	0.0	1961140	1992.03745392	4.3
31443.094127350116	4300	18.2952783780957	0.0	2155012	3117.56240985	4.3

