3459.8738097964224	750	4.0	9.193022248441956	450283	9193.02224844	-38.77999566830041
3462.796781222736	300	5.077028573686151	0.0	155580	2922.97142631	-0.15000000000000002
3465.316465937398	300	6.557343859024268	0.0	139857	2519.68471466	0.3
3468.1085416820847	300	7.765268114337569	0.0	155432	2792.07574469	0.3
3475.3613076210127	750	4.512502175409534	0.0	411561	7252.76593893	0.3
3477.6491386423695	300	6.2246711540526265	0.0	126289	2287.83102136	-0.15000000000000002
3480.4142284635677	300	7.459581332854262	0.0	153295	2765.0898212	0.3
3488.858526481039	750	4.0	0.9847166846166984	437162	8444.29801747	-3.9342817438518027
3492.2993562168394	300	4.559170264199261	0.0	150710	3440.8297358	-0.15000000000000002
3494.8345669981986	300	6.023959482840188	0.0	139105	2535.21078136	0.3
3497.4345773616815	300	7.423949119357404	0.0	141840	2600.01036348	0.3
3505.10042177809	750	4.0	0.2418952970512337	405134	7665.84441641	-0.7401497773203047
3508.540396770971	300	4.560025007119472	0.0	160746	3439.97499288	-0.15000000000000002
3512.481711287847	300	4.618710490243745	0.0	179801	3941.31451688	0.3
3515.237977154474	300	5.862444623616571	0.0	140051	2756.26586663	0.3
3517.9560445168327	300	7.1443772612575955	0.0	138313	2718.06736236	0.3
3524.904939822517	750	4.1954819555733485	0.0	360831	6948.89530568	0.3
3527.872428025423	300	5.227993752667666	0.0	150616	2967.48820291	-0.15000000000000002
3531.172709583925	300	5.927712194165417	0.0	165384	3300.2815585	0.3
3533.9583018816606	300	7.142119896429616	0.0	140881	2785.59229774	0.3
3541.391336505301	750	4.0	0.2909147272105447	386472	7433.03462364	-0.9509333270053419
3544.3298104479604	300	5.061526057340061	0.0	157812	2938.47394266	-0.15000000000000002
3547.3088181567423	300	6.082518348558346	0.0	163927	2979.00770878	0.3
3550.010912265817	300	7.380424239484226	0.0	137654	2702.09410907	0.3
3556.9638950235258	750	4.427441481775261	0.0	359903	6952.98275771	0.3
3563.260856140655	300	4.0	1.8695196353538721	153938	6296.96111713	-8.18893443202165
3566.7359788748804	300	4.524877265774681	0.0	181901	3475.12273423	0.3
3568.884091618375	300	6.3767645222801095	0.0	111155	2148.11274349	0.3
3571.8116898234825	300	7.4491663171725815	0.0	153605	2927.59820511	0.3
3579.4168213923676	750	4.0	0.1559652517122977	400508	7605.13156888	-0.37065058236288
3582.4759184527466	300	4.9409029396207735	0.0	157421	3059.09706038	-0.15000000000000002
3585.491966510939	300	5.924854881428585	0.0	157488	3016.04805819	0.3
3588.242259613843	300	7.174561778524281	0.0	143881	2750.2931029	0.3
3595.9670919442133	750	4.0	0.5502705518458378	412837	7724.83233037	-2.066163372937103
3599.395460364081	300	4.571631580132515	0.0	179328	3428.36841987	-0.15000000000000002
3602.5118348060846	300	5.455257138129025	0.0	159914	3116.374442	0.3
3605.0751837935873	300	6.89190815062654	0.0	131610	2563.3489875	0.3
3607.4845122269994	300	8.482579717214536	0.0	124011	2409.32843341	0.3
3614.5953082119063	750	5.371783732307664	0.0	378327	7110.79598491	0.3
3617.497308339845	300	6.469783604369315	0.0	149991	2902.00012794	-0.15000000000000002
3620.24688466626	300	7.720207277954576	0.0	147968	2749.57632641	0.3
3627.1863638609884	750	4.780728083225739	0.0	384505	6939.47919473	0.3
3629.965607376632	300	6.001484567582382	0.0	145210	2779.24351564	-0.15000000000000002
3633.2626101901465	300	6.704481754067803	0.0	172312	3297.00281351	0.3
3636.340533743069	300	7.626558201145375	0.0	167025	3077.92355292	0.3
3643.963413604469	750	4.003678339745268	0.0	393804	7622.8798614	0.3
3646.547855758415	300	5.419236185799053	0.0	137507	2584.44215395	-0.15000000000000002
3648.744253052266	300	7.222838891948117	0.0	118421	2196.39729385	0.3

