21391.519520961203	750	4.0	3.582057242804898	450283	3582.0572428	-14.65284614406106
21393.012543820227	300	6.50697714097552	0.0	155580	1493.02285902	-0.15000000000000002
21394.39084509868	300	9.128675862524927	0.0	139857	1378.30127845	0.3
21399.803031888823	1200	7.716489072378831	0.0	617681	5412.18679015	0.29999999999999993
21403.05527689072	750	8.464244070484904	0.0	411561	3252.24500189	0.3
21405.32203491797	750	10.19748604323236	0.0	318564	2266.75802725	0.75
21409.483397006494	1200	10.036123954709558	0.0	561791	4161.36208852	0.75
21414.487567187836	1200	9.031953773368976	0.0	709534	5004.17018134	1.2
21419.051032513486	1200	8.46848844772074	0.0	584846	4563.46532565	1.2
21421.751267114974	750	9.76825384623207	0.0	362795	2700.23460149	0.3
21426.14561863245	1200	9.373902328754838	0.0	607410	4394.35151748	0.75
21429.793844491018	1200	9.725676470190908	0.0	594078	3648.22585856	1.2
21435.00620922776	1200	8.513311733446804	0.0	624282	5212.36473674	1.2
21438.517111282745	750	9.002409678462566	0.0	434409	3510.90205498	0.3
21443.198702333655	1200	8.320818627550185	0.0	526950	4681.59105091	0.75
21447.917084965964	750	7.602435995241563	0.0	366214	4718.38263231	0.3
21452.279182296003	750	7.240338665199418	0.0	360831	4362.09733004	0.75
21456.04078602719	750	7.478734934011777	0.0	372963	3761.60373119	0.75
21460.73475953324	750	6.784761427966593	0.0	405596	4693.97350605	0.75
21462.1293470686	300	9.39017389260247	0.0	140881	1394.58753536	-0.15000000000000002
21468.2635543379	1200	7.255966623302201	0.0	601738	6134.2072693	0.29999999999999993
21472.55835436167	750	6.961166599530038	0.0	399894	4294.80002377	0.3
21474.058575717958	300	9.460945243243032	0.0	163927	1500.22135629	-0.15000000000000002
21479.53847704215	1200	7.981043919054338	0.0	536667	5479.90132419	0.29999999999999993
21482.980158466275	750	8.53936249492891	0.0	359903	3441.68142413	0.3
21486.65697893849	750	8.862542022715854	0.0	379700	3676.82047221	0.75
21490.986271095204	750	8.533249866001109	0.0	425781	4329.29215671	0.75
21493.615180051238	750	9.904340909968742	0.0	277716	2628.90895603	0.75
21499.541847907403	1200	7.9776730538047715	0.0	622896	5926.66785616	0.75
21503.506343201705	750	8.013177759501342	0.0	400508	3964.4952943	0.3
21507.34708071123	750	8.1724402499764	0.0	358218	3840.73750952	0.75
21511.263857830032	750	8.255663131175924	0.0	400322	3916.7771188	0.75
21516.325007831976	750	7.1945131292314874	0.0	369834	5061.15000194	0.75
21521.690766586755	750	5.828754374451496	0.0	412837	5365.75875478	0.75
21523.676918127312	300	7.8426028338931975	0.0	179328	1986.15154056	-0.15000000000000002
21527.60342947227	750	7.916091488936827	0.0	365161	3926.51134496	0.3
21531.579213348035	750	7.940307613175259	0.0	321064	3975.78387576	0.75
21537.94416680839	750	5.575354152821861	0.0	361565	6364.95346035	0.75
21540.054664576215	300	7.464856384997378	0.0	144254	2110.49776782	-0.15000000000000002
21544.766543266014	750	6.7529776951963685	0.0	390680	4711.8786898	0.3
21546.233041169926	300	9.28647979128134	0.0	147968	1466.49790392	-0.15000000000000002
21554.28065204345	1200	5.238868917757719	0.0	641452	8047.61087352	0.29999999999999993
21556.937861225328	300	6.581659735879654	0.0	145210	2657.20918188	-0.6000000000000001
21560.076676668545	300	7.442844292666335	0.0	172312	3138.81544321	0.3
21569.604024880646	750	4.0	2.0845039194327755	398987	9527.3482121	-8.663366853560934
21573.0429571518	300	4.5610677288418024	0.0	160064	3438.93227116	-0.15000000000000002
21574.750614741362	300	6.853410139279689	0.0	137507	1707.65758956	0.3
21575.827170476496	300	9.776854404145244	0.0	118421	1076.55573513	0.3

