15581.245206735128	750	4.0	9.344171539961012	450283	9344.17153996	-39.42993762183235
15583.286693402442	300	5.958513332685104	0.0	155580	2041.48666731	-0.15000000000000002
15584.765438245548	300	8.479768489579717	0.0	139857	1478.74484311	0.3
15588.711963003685	750	8.533243731442163	0.0	382355	3946.52475814	0.3
15593.129068282056	750	8.11613845307133	0.0	411561	4417.10527837	0.75
15596.940145069992	750	8.305061665134867	0.0	318564	3811.07678794	0.75
15600.615157480666	750	8.630049254461298	0.0	352642	3675.01241067	0.75
15605.263517359657	750	7.981689375470506	0.0	437162	4648.35987899	0.75
15609.527883870252	750	7.717322864875242	0.0	374758	4264.3665106	0.75
15613.834213332819	750	7.410993402309193	0.0	362795	4306.32946257	0.75
15618.180628916312	750	7.064577818816044	0.0	353220	4346.41558349	0.75
15628.025314185325	750	4.0	2.7801074501973053	405134	9844.68526901	-11.204462035848412
15628.246407631887	300	7.778906553438004	0.0	160746	221.093446562	-0.15000000000000002
15628.707706469977	750	11.317607715348407	0.0	434409	461.29883809	0.3
15629.508886154648	1850	14.516428030677067	0.0	821631	801.179684671	0.75
15630.8801010587	2850	17.145213126625194	0.0	1471065	1371.21490405	1.85
15632.969856278518	4300	19.055457906805785	0.0	2289689	2089.75521982	2.8499999999999996
15634.910580871654	4300	21.114733313669362	0.0	2059512	1940.72459314	4.3
15637.00793260049	4300	23.017381584832705	0.0	2220726	2097.35172884	4.3
15639.012809090073	4300	25.012505095251218	0.0	2156729	2004.87648958	4.3
15640.829266408055	4300	27.196047777269648	0.0	2039773	1816.45731798	4.3
15642.76209293454	4300	29.263221250783598	0.0	2176469	1932.82652649	4.3
15644.707847853288	4300	31.31746633203547	0.0	2221506	1945.75491875	4.3
15646.483401749849	4300	33.54191243547373	0.0	2044075	1775.55389656	4.3
15648.37733729794	4300	35.64797688738365	0.0	2186790	1893.93554809	4.3
15650.275806736996	4300	37.749507448326476	0.0	2105231	1898.46943906	4.3
15652.46026872652	4300	39.565045458802274	0.0	2395588	2184.46198952	4.3
15654.257865994385	4300	41.76744819093804	0.0	1972048	1797.59726786	4.3
15656.002282368654	4300	44.02303181666903	0.0	2134614	1744.41637427	4.3
15657.769720965145	4300	46.25559322017781	0.0	2164140	1767.43859649	4.3
15659.497499507697	4300	48.52781467762601	0.0	2113193	1727.77854255	4.3
15661.253168836662	4300	50.77214534866158	0.0	2147852	1755.66932896	4.3
15663.042558263536	4300	52.982755921787	0.0	2191074	1789.38942687	4.3
15664.940518480493	4300	55.08479570483057	0.0	2286761	1897.96021696	4.3
15667.034821526666	4300	56.99049265865792	0.0	2307787	2094.30304617	4.3
15668.986121168806	4300	59.03919301651775	0.0	2143948	1951.29964214	4.3
15672.319984107904	4300	59.70533007741828	0.0	1919781	1833.8629391	4.3
15675.940624168728	4300	59.58448450337709	0.0	2147467	2120.84557404	4.3
15677.791156110725	4300	59.86911577576994	0.0	2133870	1715.36872761	4.3
15681.956053898472	4300	59.704217988022485	0.0	2146120	1664.89778775	4.3
15685.686701217379	4300	59.97357066911633	0.0	2108491	1730.6473189061612	4.3
15689.75234122803	4300	59.58610482431175	0.0	2184571	1887.4658448	4.3
15692.6368710242	4300	59.6929270091498	0.0	2121928	1893.17781516	4.3
15696.496771465847	4300	59.83302656750372	0.0	2219102	1859.90044165	4.3
15700.757913809755	4300	59.571884223595625	0.0	2124950	1761.1423439081009	4.3
15704.506440173209	4300	59.82335786014322	0.0	2246506	2748.526363452406	4.3
15708.510262368343	4300	59.81953566500738	0.0	1961140	3003.822195135832	4.3
15710.974114953846	4300	59.81998103483135	0.0	2155012	1999.55463018	4.3

