21576.17834667918	750	4.0	0.3511762026822044	450283	351.176202682	-0.7600576715334788
21576.35204240745	300	7.826304271728452	0.0	155580	173.695728272	-0.15000000000000002
21576.643313687986	750	11.535032991188547	0.0	350812	291.27128054	0.3
21577.26193332494	1850	14.916413354237894	0.0	933276	618.619636951	0.75
21578.078391836698	2850	18.09995484247565	0.0	1472558	816.458511762	1.85
21579.29690466614	4300	20.881442013036953	0.0	1941625	1218.51282944	2.8499999999999996
21580.302289904244	4300	23.876056774930717	0.0	2157535	1005.38523811	4.3
21581.38998528845	4300	26.788361390726973	0.0	2290172	1087.6953842	4.3
21582.498337450328	4300	29.680009228847833	0.0	2055469	1108.35216188	4.3
21583.904218763855	4300	32.2741279153238	0.0	2169201	1405.88131352	4.3
21585.51656047254	4300	34.66178620663669	0.0	2173522	1612.34170869	4.3
21595.532582804106	4300	28.645763875071736	0.0	2102452	10016.0223316	4.3
21597.080383512523	4300	31.09796316665334	0.0	2209463	1547.80070842	4.3
21598.2367404869	4300	33.94160619227538	0.0	2275376	1156.35697438	4.3
21599.276157293738	4300	36.90218938543964	0.0	2005399	1039.41680684	4.3
21600.81760810385	4300	39.360738575325314	0.0	2152483	1541.45081011	4.3
21602.270384901323	4300	41.90796177785424	0.0	2289689	1452.77679747	4.3
21603.42798509133	4300	44.75036158784818	0.0	2059512	1157.60019001	4.3
21604.551005175013	4300	47.62734150416242	0.0	2220726	1123.02008369	4.3
21605.727214939998	4300	50.45113173917727	0.0	2156729	1176.20976499	4.3
21622.263090500626	4300	37.91525617854683	0.0	2039773	16535.8755606	4.3
21628.11909547664	4300	36.0592512025339	0.0	2176469	5856.00497601	4.3
21630.96397934679	4300	37.21436733238451	0.0	2221506	2844.88387015	4.3
21633.00618737428	4300	39.172159304891906	0.0	2044075	2042.20802749	4.3
21636.151735559502	4300	40.026611119672665	0.0	2186790	3145.54818522	4.3
21638.042778449886	4300	42.13556822928939	0.0	2105231	1891.04289038	4.3
21639.623952474412	4300	44.55439420476337	0.0	2395588	1581.17402453	4.3
21640.665762775414	4300	47.512583903762966	0.0	1972048	1041.810301	4.3
21642.052763977703	4300	50.12558270147539	0.0	2134614	1387.00120229	4.3
21643.370598200538	4300	52.807748478641415	0.0	2164140	1317.83422283	4.3
21644.643937018274	4300	55.534409660903236	0.0	2113193	1273.33881774	4.3
21645.835356088865	4300	58.34299059031114	0.0	2147852	1191.41907059	4.3
21647.058973097017	4300	59.665274892421614	0.0	2191074	1177.71569789	4.3
21663.039070990555	4300	47.685176998880095	0.0	2286761	15980.097893541517	4.3
21669.984548637847	4300	44.73969935158504	0.0	2307787	6945.477647295053	4.3
21676.53645836234	4300	42.18778962709392	0.0	2143948	6551.9097244911145	4.3
21686.65296574651	4300	36.071282242924646	0.0	1919781	10116.507384169276	4.3
21697.16219247448	4300	29.562055514954512	0.0	2147467	10509.226727970134	4.3
21703.275197411047	4300	27.449050578390743	0.0	2133870	6113.00493656377	4.3
21707.14334935638	4300	27.580898633051934	0.0	2146120	3868.151945338809	4.3
21708.250668554552	4300	30.473579434884716	0.0	2108491	1107.3191981672185	4.3
21709.51470562796	4300	33.20954236147693	0.0	2184571	1264.0370734077937	4.3
21710.826075787438	4300	35.89817220199859	0.0	2121928	1311.3701594783297	4.3
21712.189569404894	4300	38.534678584543414	0.0	2219102	1363.49361745518	4.3
21713.624009932024	4300	41.10023805741495	0.0	2124950	1434.4405271284643	4.3
21715.292633008434	4300	43.43161498100392	0.0	2246506	1668.6230764110312	4.3
21716.266138166553	4300	46.45810982288353	0.0	1961140	973.5051581203926	4.3
21719.585856793186	4300	47.138391196251845	0.0	2155012	3319.718626631679	4.3

