12743.715018755534	750	4.0	1.6732514478457328	450283	1673.25144785	-6.444981225736651
12744.323582042827	300	7.391436712707604	0.0	155580	608.563287292	-0.15000000000000002
12745.618193959905	750	10.096824795629606	0.0	350812	1294.61191708	0.3
12747.676171185805	1200	12.038847569729391	0.0	617681	2057.9772259	0.75
12750.615007993672	1850	13.100010761861109	0.0	996749	2938.83680787	1.2000000000000002
12761.743801501452	2850	5.9712172540810675	0.0	1224260	11128.7935078	1.85
12761.988248031792	300	9.726770723742483	0.0	153295	244.446530339	-2.25
12762.855176980305	1200	12.85984177522786	0.0	709534	866.928948515	0.29999999999999993
12763.964985209004	1850	15.750033546527527	0.0	852833	1109.8082287	1.2000000000000002
12766.65664993513	4300	17.058368820401704	0.0	2169201	2691.66472613	1.8499999999999996
12769.218771929878	4300	18.49624682565373	0.0	2173522	2562.12199475	4.3
12771.347477857775	4300	20.367540897757777	0.0	2102452	2128.7059279	4.3
12772.987591925743	4300	22.727426829790396	0.0	2209463	1640.11406797	4.3
12774.182445986327	4300	25.53257276920486	0.0	2275376	1194.85406059	4.3
12775.273393490626	4300	28.44162526490631	0.0	2005399	1090.9475043	4.3
12776.48732210027	4300	31.227696655261823	0.0	2152483	1213.92860964	4.3
12777.763212479056	4300	33.95180627647576	0.0	2289689	1275.89037879	4.3
12778.814511775312	4300	36.900506980220996	0.0	2059512	1051.29929625	4.3
12780.013792269277	4300	39.70122648625428	0.0	2220726	1199.28049397	4.3
12781.671343436637	4300	42.043675318895204	0.0	2156729	1657.55116736	4.3
12787.771223374633	4300	39.9437953809	0.0	2039773	6099.879938	4.3
12808.783888363041	4300	22.93113039249131	0.0	2176469	21012.6649884	4.3
12827.663482824655	4300	8.05153593087749	0.0	2221506	18879.5944616	4.3
12829.009504061336	750	10.705514694196875	0.0	343800	1346.02123668	-2.8
12830.580584171275	1200	13.134434584258173	0.0	587236	1571.08010994	0.75
12842.124188360318	2850	5.590830395213993	0.0	1480464	11543.604189	1.2000000000000002
12853.43216859104	300	4.0	5.717149835506135	181901	11307.9802307	-26.833744292676382
12853.931730269776	300	7.500438321262592	0.0	111155	499.561678737	0.3
12855.0448211326	750	10.387347458438914	0.0	400396	1113.09086282	0.3
12856.547613304723	1200	12.88455528631697	0.0	641447	1502.79217212	0.75
12858.986752057825	1850	14.44541653321498	0.0	873429	2439.1387531	1.2000000000000002
12863.065982425636	2850	14.3661861654043	0.0	1497683	4079.23036781	1.85
12868.623147817169	2850	12.809020773871488	0.0	1358081	5557.16539153	2.85
12874.246031307292	1850	11.186137283747824	0.0	1035329	5622.88349012	0.8500000000000001
12904.00975797536	1850	4.0	18.57758938432126	1026056	29763.7266681	-78.03363435258143
12904.440903792967	300	7.568854182392095	0.0	159914	431.145817608	-1.25
12905.247996257316	750	10.761761718043214	0.0	321064	807.092464349	0.3
12907.102322401375	1200	12.907435573985039	0.0	575591	1854.32614406	0.75
12909.395421884767	1850	14.61433609059391	0.0	908665	2293.09948339	1.2000000000000002
12913.447195105233	2850	14.562562870126756	0.0	1402287	4051.77322047	1.85
12925.108886789296	2850	6.900871186063816	0.0	1339500	11661.6916841	2.85
12925.796189348483	300	10.213568626875944	0.0	161857	687.302559188	-2.25
12927.948843973223	1200	12.0609140021357	0.0	599477	2152.65462474	0.29999999999999993
12930.4764391301	1850	13.533318845259917	0.0	973972	2527.59515688	1.2000000000000002
12935.492455147976	2850	12.517302827382682	0.0	1464921	5016.01601788	1.85
12938.982177234942	1850	13.0275807404159	0.0	982064	3489.72208697	0.8500000000000001
12942.674873704902	2850	13.334884270454316	0.0	1231456	3692.69646996	1.85
12954.122098786062	2850	5.887659189295646	0.0	1364537	11447.2250812	2.85

