11341.943261464652	750	4.0	5.5724158544509415	450283	5572.41585445	-23.211388174139046
11345.542240738492	300	4.401020726158698	0.0	155580	3598.97927384	-0.15000000000000002
11345.688350374076	300	8.25491109057662	0.0	139857	146.109635582	0.3
11345.949087482071	750	11.994173982580696	0.0	382355	260.737107996	0.3
11346.500245258632	1850	15.44301620601748	0.0	996749	551.157776563	0.75
11347.603933856615	4300	18.339327608034772	0.0	1941625	1103.68859798	1.8499999999999996
11348.821112708461	4300	21.12214875618926	0.0	2157535	1217.17885185	4.3
11350.476641889176	4300	23.466619575473725	0.0	2290172	1655.52918072	4.3
11351.9169377335	4300	26.026323731150185	0.0	2055469	1440.29584432	4.3
11353.266508600842	4300	28.676752863806502	0.0	2169201	1349.57086734	4.3
11354.850814739519	4300	31.09244672513112	0.0	2173522	1584.30613868	4.3
11356.377060136681	4300	33.56620132796731	0.0	2102452	1526.24539716	4.3
11357.456776388748	4300	36.486485075901754	0.0	2209463	1079.71625207	4.3
11358.884293077579	4300	39.058968387069726	0.0	2275376	1427.51668883	4.3
11360.310375983025	4300	41.63288548162484	0.0	2005399	1426.08290544	4.3
11361.450694161224	4300	44.49256730342593	0.0	2152483	1140.3181782	4.3
11363.013920139449	4300	46.92934132520028	0.0	2289689	1563.22597823	4.3
11364.266378415783	4300	49.676883048865726	0.0	2059512	1252.45827633	4.3
11365.619854239407	4300	52.32340722524338	0.0	2220726	1353.47582362	4.3
11366.78082622835	4300	55.162435236298386	0.0	2156729	1160.97198894	4.3
11385.739131180835	4300	40.20413028381241	0.0	2039773	18958.3049525	4.3
11387.94748348929	4300	41.99577797535875	0.0	2176469	2208.35230845	4.3
11389.113295945712	4300	44.82996551893763	0.0	2221506	1165.81245642	4.3
11390.24276902712	4300	47.70049243752898	0.0	2044075	1129.47308141	4.3
11391.394606262696	4300	50.54865520195102	0.0	2186790	1151.83723558	4.3
11392.642411735964	4300	53.30084972868416	0.0	2105231	1247.80547327	4.3
11393.882048384512	4300	56.061213080134856	0.0	2395588	1239.63664855	4.3
11395.029852626825	4300	58.91340883782249	0.0	1972048	1147.80424231	4.3
11396.864958081798	4300	59.6653596186499	0.0	2134614	1248.04921917	4.3
11398.940112523494	4300	59.63131051570286	0.0	2164140	1534.0491029470463	4.3
11400.458461933182	4300	59.85268848023293	0.0	2113193	1278.6220354699246	4.3
11402.066214129263	4300	59.878676069301065	0.0	2147852	1474.0124109318654	4.3
11404.38936414901	4300	59.99397095200347	0.0	2191074	1384.705117297595	4.3
11407.006871244115	4300	59.86443985567445	0.0	2286761	1629.5310963290272	4.3
11418.126092226785	4300	52.74521887300592	0.0	2307787	11119.220982668527	4.3
11419.2817088973	4300	55.5896022024896	0.0	2143948	1155.616670516318	4.3
11420.220719356497	4300	58.65059174329166	0.0	1919781	939.010459198	4.3
11422.202025462879	4300	59.850850745680674	0.0	2147467	1299.7409976109882	4.3
11423.990426457394	4300	59.75743280280898	0.0	2133870	1093.4179428716989	4.3
11432.556508122212	4300	55.19135113799074	0.0	2146120	8566.081664818237	4.3
11443.516741874399	4300	48.231117385803564	0.0	2108491	10960.233752187183	4.3
11446.7586910996	4300	48.98916816060269	0.0	2184571	3241.9492252008745	4.3
11449.259299440575	4300	50.488559819626616	0.0	2121928	2500.6083409760727	4.3
11452.025263676875	4300	51.72259558332765	0.0	2219102	2765.964236298959	4.3
11462.18087353164	4300	45.566985728559985	0.0	2124950	10155.609854767665	4.3
11465.756745143259	4300	45.991114116943045	0.0	2246506	3575.8716116169408	4.3
11466.689653447436	4300	49.05820581276525	0.0	1961140	932.9083041778015	4.3
11467.914917556944	4300	51.832941703257255	0.0	2155012	1225.2641095079996	4.3

