25034.860680321657	750	4.0	0.402436806301468	450283	402.436806301	-0.9804782670963124
25035.052087410808	300	7.8085929108485495	0.0	155580	191.407089151	-0.15000000000000002
25035.38918001796	750	11.47150030369542	0.0	350812	337.092607153	0.3
25036.156110034197	1850	14.704570287456502	0.0	933276	766.930016239	0.75
25037.266225269625	2850	17.594455052031517	0.0	1472558	1110.11523542	1.85
25038.699322172728	4300	20.16135814892545	0.0	1941625	1433.09690311	2.8499999999999996
25041.778056414452	4300	21.082623907199853	0.0	2157535	3078.73424173	4.3
25043.89280146033	4300	22.967878861321584	0.0	2290172	2114.74504588	4.3
25045.329270939466	4300	25.531409382186524	0.0	2055469	1436.46947914	4.3
25046.5722020244	4300	28.288478297250865	0.0	2169201	1242.93108494	4.3
25048.13340031706	4300	30.727280004593975	0.0	2173522	1561.19829266	4.3
25049.363034226953	4300	33.497646094699306	0.0	2102452	1229.63390989	4.3
25050.649117874964	4300	36.211562446688866	0.0	2209463	1286.08364801	4.3
25051.97392226276	4300	38.88675805889245	0.0	2275376	1324.8043878	4.3
25053.16165524526	4300	41.69902507639031	0.0	2005399	1187.7329825	4.3
25054.80126165144	4300	44.05941867021594	0.0	2152483	1639.60640617	4.3
25056.05289032037	4300	46.8077900012826	0.0	2289689	1251.62866893	4.3
25056.96688386664	4300	49.893796455011724	0.0	2059512	913.993546271	4.3
25057.88146756321	4300	52.97921275844602	0.0	2220726	914.583696566	4.3
25058.708325443044	4300	56.152354878609415	0.0	2156729	826.857879837	4.3
25059.42488917672	4300	59.43579114493488	0.0	2039773	716.563733675	4.3
25060.65853229878	4300	59.686292414587605	0.0	2176469	749.498730347	4.3
25062.291101238443	4300	59.82158014061197	0.0	2221506	1364.7122739756323	4.3
25063.57982780673	4300	59.77164518931524	0.0	2044075	1049.934951296736	4.3
25065.24969629436	4300	59.7661067539931	0.0	2186790	1505.5384353221293	4.3
25066.504358914463	4300	59.68094047009659	0.0	2105231	1085.1662838965144	4.3
25068.318956506075	4300	59.81838984239269	0.0	2395588	862.550627704	4.3
25069.28884181343	4300	59.519470670669946	0.0	1972048	798.9191717227437	4.3
25070.501512298208	4300	59.958618496095795	0.0	2134614	560.852174574	4.3
25071.799448110254	4300	59.845559745175464	0.0	2164140	613.0587509203319	4.3
25073.570824275244	4300	59.51231019324205	0.0	2113193	833.2495519334136	4.3
25075.040121680027	4300	59.706724797380026	0.0	2147852	805.5853958620246	4.3
25076.381739390305	4300	59.8277719467029	0.0	2191074	878.9528506771242	4.3
25077.41915770378	4300	59.75039521976533	0.0	2286761	577.376726938	4.3
25078.476180152687	4300	59.66190478857996	0.0	2307787	588.490431185	4.3
25080.149405214455	4300	59.51955826655834	0.0	2143948	1142.346522021614	4.3
25081.216078219266	4300	59.96166103402542	0.0	1919781	1057.8972325329219	4.3
25082.803935862627	4300	59.88212009848194	0.0	2147467	1579.5409355434713	4.3
25083.910646383363	4300	59.54292319202424	0.0	2133870	839.196906458	4.3
25085.95292557023	4300	59.86504040572896	0.0	2146120	1177.8827862952753	4.3
25086.925105338174	4300	59.521148722043144	0.0	2108491	843.8916836858193	4.3
25088.55352522484	4300	59.73108282083807	0.0	2184571	790.065901205	4.3
25090.046282845353	4300	59.86438100331616	0.0	2121928	866.7018175219064	4.3
25091.54446460295	4300	59.638318026009244	0.0	2219102	726.0629773069255	4.3
25092.918239253202	4300	59.79749009103064	0.0	2124950	840.8279349786033	4.3
25094.346785011217	4300	59.80969056965733	0.0	2246506	987.79952137331	4.3
25095.756604782768	4300	59.78515380220496	0.0	1961140	1024.536767452374	4.3
25096.832098575764	4300	59.900048407754554	0.0	2155012	885.1053944504033	4.3

