27053.577162384525	750	4.0	3.7394435371567822	450283	3739.44353716	-15.329607209774164
27054.92155883189	300	6.655603552630563	0.0	155580	1344.39644737	-0.15000000000000002
27056.15527102558	300	9.421891358942394	0.0	139857	1233.71219369	0.3
27061.278284243308	1200	8.298878141213532	0.0	617681	5123.01321773	0.29999999999999993
27064.590247906184	750	8.986914478335516	0.0	411561	3311.96366288	0.3
27065.762491414138	750	11.814670970385185	0.0	318564	1172.24350795	0.75
27067.548224144655	1850	14.02893823986596	0.0	905515	1785.73273052	0.75
27070.76312553718	2850	14.814036847338977	0.0	1638769	3214.90139253	1.85
27073.894853603717	2850	15.682308780804604	0.0	1348011	3131.72806653	2.85
27078.702206450344	4300	14.874955934178459	0.0	2169201	4807.35284663	2.8499999999999996
27081.814519591426	2850	15.762642793095424	0.0	1354548	3112.31314108	1.4000000000000001
27086.917086138616	4300	14.660076245901745	0.0	2102452	5102.56654719	2.8499999999999996
27090.14063416921	2850	15.436528215309725	0.0	1422919	3223.54803059	1.4000000000000001
27098.767513668517	4300	10.809648716001927	0.0	2275376	8626.87949931	2.8499999999999996
27099.974428148016	1200	13.602734236503506	0.0	526950	1206.9144795	-1.9000000000000001
27102.756560766844	2850	14.820601617677086	0.0	1471065	2782.13261883	1.2000000000000002
27105.346700605918	2850	16.23046177860191	0.0	1491626	2590.13983908	2.85
27109.44894452555	4300	16.12821785896868	0.0	2059512	4102.24391963	2.8499999999999996
27127.331202645786	4300	4.0	1.7540402612646484	2220726	17882.2581202	-3.2423731234379876
27129.101876762503	300	6.22932588328335	0.0	140881	1770.67411672	-3.7
27131.074043049346	300	8.257159596439626	0.0	157671	1972.16628684	0.3
27136.11690016712	750	7.214302478665934	0.0	399894	5042.85711777	0.3
27141.061347568575	750	6.269855077209976	0.0	401853	4944.44740146	0.75
27142.808720749563	300	8.522481896221452	0.0	137654	1747.37318099	-0.15000000000000002
27147.33451042792	750	7.996692217865534	0.0	359903	4525.78967836	0.3
27152.710816610568	750	6.6203860352185675	0.0	379700	5376.30618265	0.75
27154.971870680987	300	8.359331964799324	0.0	181901	2261.05407042	-0.15000000000000002
27158.426756956465	750	8.904445689320502	0.0	277716	3454.88627548	0.3
27163.438146139386	750	7.893056506399105	0.0	400396	5011.38918292	0.75
27168.414765539008	750	6.916437106775793	0.0	400508	4976.61939962	0.75
27170.49963312587	300	8.83156951991191	0.0	157421	2084.86758686	-0.15000000000000002
27175.52467989799	750	7.806522747793011	0.0	400322	5025.04677212	0.3
27180.116425472275	750	7.214777173506812	0.0	369834	4591.74557429	0.75
27185.262861842955	750	6.068340802825738	0.0	412837	5146.43637068	0.75
27187.54843653729	300	7.782766108489355	0.0	179328	2285.57469434	-0.15000000000000002
27191.898083958826	750	7.43311868695433	0.0	365161	4349.64742154	0.3
27193.192912683186	750	10.138289962595309	0.0	321064	1294.82872436	0.75
27194.179561447618	1200	13.151641198163777	0.0	575591	986.648764432	0.75
27196.508069789394	2850	14.823132856384298	0.0	1427478	2328.50834178	1.2000000000000002
27198.811292728296	2850	16.519909917482686	0.0	1402287	2303.2229389	2.85
27202.275478681644	4300	17.0557239641373	0.0	2108491	3464.18595335	2.8499999999999996
27206.113780387506	4300	17.217422258273306	0.0	2184571	3838.30170586	4.3
27209.78569211306	4300	17.545510532719927	0.0	2121928	3671.91172555	4.3
27213.455017305947	4300	17.87618533983355	0.0	2219102	3669.32519289	4.3
27217.4978785479	4300	17.833324097882777	0.0	2124950	4042.86124195	4.3
27221.68297839778	4300	17.648224248004738	0.0	2246506	4185.09984988	4.3
27225.49983517435	4300	17.831367471436117	0.0	1961140	3816.85677657	4.3
27230.037014247497	4300	17.294188398289013	0.0	2155012	4537.17907315	4.3

