17944.730261751327	750	4.0	0.17258139767470937	450283	172.581397675	0.007899989998749746
17944.841381641312	300	7.888880110013751	0.0	155580	111.119889986	-0.15000000000000002
17944.99155281271	750	11.738708938617329	0.0	350812	150.171171396	0.3
17945.25823134753	1850	15.472030403800476	0.0	933276	266.678534817	0.75
17945.784898380905	4300	18.945363370421305	0.0	2233056	526.667033379	1.8499999999999996
17946.229083760987	4300	22.50117799033796	0.0	1941625	444.185380083	4.3
17946.6910763979	4300	26.039185353425367	0.0	2157535	461.992636913	4.3
17947.176552481145	4300	29.55370927018065	0.0	2290172	485.476083245	4.3
17947.613137430755	4300	33.117124320573595	0.0	2055469	436.584949607	4.3
17948.06885383359	4300	36.6614079177378	0.0	2169201	455.716402836	4.3
17948.51561041253	4300	40.214651338796706	0.0	2173522	446.756578941	4.3
17948.916461048575	4300	43.813800702755884	0.0	2102452	400.850636041	4.3
17949.33364240104	4300	47.39661935028807	0.0	2209463	417.181352468	4.3
17949.772613825706	4300	50.95764792562265	0.0	2275376	438.971424665	4.3
17950.204562860286	4300	54.52569889104133	0.0	2005399	431.949034581	4.3
17950.662325247624	4300	58.06793650370459	0.0	2152483	457.762387337	4.3
17951.450338391078	4300	59.54325237896318	0.0	2289689	524.684124741	4.3
17952.149701908675	4300	59.53523512952171	0.0	2059512	508.017249441	4.3
17953.34538737876	4300	59.993565528556054	0.0	2220726	541.669600966	4.3
17954.45148557605	4300	59.977524364470945	0.0	2156729	516.0411640851097	4.3
17955.469548080237	4300	59.973021628980604	0.0	2039773	504.50273549034495	4.3
17956.470388166385	4300	59.93988147025437	0.0	2176469	533.140158726	4.3
17957.714009785206	4300	59.511920624554385	0.0	2221506	427.9608457	4.3
17958.88147782331	4300	59.54601699206214	0.0	2044075	465.90363249224237	4.3
17959.694876505375	4300	59.94959985383577	0.0	2186790	596.4171382263635	4.3
17960.62469047534	4300	59.803183640773646	0.0	2105231	646.416213062	4.3
17961.24660288176	4300	59.844426316009674	0.0	2395588	458.757324764	4.3
17961.809669371498	4300	59.853470611976014	0.0	1972048	490.955704034	4.3
17962.789155131708	4300	59.61028312471886	0.0	2134614	743.187487257	4.3
17963.695499800317	4300	59.73525992689122	0.0	2164140	875.0231978276397	4.3
17966.06872126875	4300	59.77480992806683	0.0	2113193	1460.4499988243872	4.3
17972.374131163237	4300	57.469400033583256	0.0	2147852	6305.409894483582	4.3
17973.57377569251	4300	59.898168450992685	0.0	2191074	571.231582591	4.3
17974.734107246335	4300	59.84270914741916	0.0	2286761	555.4593035735322	4.3
17975.87281265377	4300	59.785792568828285	0.0	2307787	556.9165785908724	4.3
17976.95150285041	4300	59.74684188493448	0.0	2143948	538.9506838938057	4.3
17978.159808466866	4300	59.623058833075994	0.0	1919781	623.7830518584885	4.3
17978.94462410652	4300	59.98291229554815	0.0	2147467	640.1465375278507	4.3
17979.57169021457	4300	59.951713792586574	0.0	2133870	531.198502962	4.3
17980.12681002592	4300	59.93208768945382	0.0	2146120	519.626103133	4.3
17980.689654070764	4300	59.87841252114088	0.0	2108491	553.675168313	4.3
17981.923072499863	4300	59.97578774485809	0.0	2184571	402.624776283	4.3
17983.635946874925	4300	59.74524738373601	0.0	2121928	730.5403611220814	4.3
17985.595811005853	4300	59.716482325239284	0.0	2219102	1028.7650584967244	4.3
17987.05273353261	4300	59.91307059807859	0.0	2124950	803.411727160685	4.3
17988.896155619186	4300	59.528614954589166	0.0	2246506	884.4556434894225	4.3
17990.236864040227	4300	59.79774396561223	0.0	1961140	730.8709889769391	4.3
17991.418521201424	4300	59.971834101043854	0.0	2155012	825.9098645683803	4.3

