4272.076562519344	750	4.0	5.9927936107493505	450283	5992.79361075	-25.019012526222205
4273.673161469676	300	6.403401049668177	0.0	155580	1596.59895033	-0.15000000000000002
4275.116492099555	300	8.960070419789286	0.0	139857	1443.33062988	0.3
4279.719947718445	750	8.356614800899337	0.0	382355	4603.45561889	0.3
4285.123181698266	750	6.95338082107831	0.0	411561	5403.23397982	0.75
4286.767238214649	300	9.309324304695737	0.0	126289	1644.05651638	-0.15000000000000002
4292.313302964449	1200	7.7632595548964485	0.0	561791	5546.0647498	0.29999999999999993
4297.5750295782	750	6.501532941145393	0.0	437162	5261.72661375	0.3
4299.228719479529	300	8.847843039815572	0.0	150710	1653.68990133	-0.15000000000000002
4303.421569937005	750	8.654992582339018	0.0	362795	4192.85045748	0.3
4308.024336917405	750	8.052225601939709	0.0	353220	4602.7669804	0.75
4312.840897345308	750	7.235665174036331	0.0	405134	4816.5604279	0.75
4317.66077972242	750	6.41578279692456	0.0	386351	4819.88237711	0.75
4319.887557365013	300	8.1890051543312	0.0	179801	2226.77764259	-0.15000000000000002
4324.510910766108	750	7.565651753236553	0.0	337059	4623.35340109	0.3
4329.084318522894	750	6.992243996450814	0.0	366214	4573.40775679	0.75
4330.4770573280375	300	9.599505191306664	0.0	143509	1392.73880514	-0.15000000000000002
4337.546919339303	1200	6.529643180042117	0.0	581493	7069.86201126	0.29999999999999993
4339.089515397783	300	8.987047121562682	0.0	165384	1542.59605848	-0.6000000000000001
4342.271093854329	750	9.805468665016113	0.0	350713	3181.57845655	0.3
4348.039826165503	1200	8.036736353841864	0.0	601738	5768.73231117	0.75
4355.956115513325	750	4.120447006019946	0.0	399894	7916.28934782	0.3
4358.602200085259	300	5.4743624340855	0.0	163927	2646.08457193	-0.15000000000000002
4360.0999147729335	300	7.976647746411381	0.0	137654	1497.71468767	0.3
4363.811242664666	750	8.26531985467919	0.0	359903	3711.32789173	0.3
4367.434762302642	750	8.641800216702402	0.0	379700	3623.51963798	0.75
4371.431939137283	750	8.644623382062319	0.0	425781	3997.17683464	0.75
4374.240386487531	750	9.83617603181342	0.0	277716	2808.44735025	0.75
4383.388209637144	1200	4.688352882200545	0.0	622896	9147.82314961	0.75
4384.905042117127	300	7.171520402217813	0.0	149029	1516.83247998	-0.6000000000000001
4388.420461021531	750	7.656101497813946	0.0	358218	3515.4189044	0.3
4392.410397245564	750	7.666165273780964	0.0	400322	3989.93622403	0.75
4396.058058404556	750	8.018504114789804	0.0	369834	3647.66115899	0.75
4400.382569659512	750	7.693992859833141	0.0	412837	4324.51125496	0.75
4404.8130474804675	750	7.263515038877896	0.0	401088	4430.47782096	0.75
4407.994536982945	750	8.082025536400772	0.0	365161	3181.48950248	0.75
4411.993709538955	750	8.08285298039059	0.0	321064	3999.17255601	0.75
4416.1090963458555	750	7.9674661734901076	0.0	361565	4115.3868069	0.75
4420.085682605975	750	7.9908799133707875	0.0	378327	3976.58626012	0.75
4427.943360964035	750	4.1332015553112775	0.0	390680	7857.67835806	0.75
4430.26181045298	300	5.814752066366016	0.0	147968	2318.44948895	-0.15000000000000002
4432.023587521432	300	8.052974997913843	0.0	161857	1761.77706845	0.3
4436.474883359481	750	7.601679159864484	0.0	372093	4451.29583805	0.3
4441.756207671454	750	6.320354847891688	0.0	438281	5281.32431197	0.75
4443.464372857719	300	8.612189661626276	0.0	167025	1708.16518627	-0.15000000000000002
4448.210869220065	750	7.865693299280426	0.0	393804	4746.49636235	0.3
4452.570383587687	750	7.506178931659687	0.0	331053	4359.51436762	0.75
4456.2394353471755	750	7.837127172170833	0.0	314107	3669.05175949	0.75

