11791.168859043159	750	4.0	5.954660988755074	450283	5954.66098876	-24.855042251646818
11792.887272188671	300	6.28158685448829	0.0	155580	1718.41314551	-0.15000000000000002
11794.494219657216	300	8.674639385943516	0.0	139857	1606.94746854	0.3
11794.736977155015	750	12.431881888145034	0.0	382355	242.757497798	0.3
11795.241264461767	1850	15.927594581393091	0.0	996749	504.287306752	0.75
11796.580924119493	4300	18.58793492366647	0.0	1941625	1339.65965773	1.8499999999999996
11797.773053637207	4300	21.395805405953453	0.0	2157535	1192.12951771	4.3
11798.82429653323	4300	24.344562509929613	0.0	2290172	1051.24289602	4.3
11799.82161408865	4300	27.34724495450934	0.0	2055469	997.31755542	4.3
11801.282442416561	4300	29.886416626599267	0.0	2169201	1460.82832791	4.3
11802.775613500438	4300	32.393245542722255	0.0	2173522	1493.17108388	4.3
11803.922731467208	4300	35.246127575952855	0.0	2102452	1147.11796677	4.3
11805.17884020548	4300	37.99001883767936	0.0	2209463	1256.10873827	4.3
11810.977438681603	4300	36.191420361557995	0.0	2275376	5798.59847612	4.3
11815.58923923084	4300	35.579619812320296	0.0	2005399	4611.80054924	4.3
11816.720194115589	4300	38.4486649275709	0.0	2152483	1130.95488475	4.3
11817.914734153455	4300	41.254124889704734	0.0	2289689	1194.54003787	4.3
11819.158355892283	4300	44.01050315087626	0.0	2059512	1243.62173883	4.3
11820.399035576553	4300	46.76982346660865	0.0	2220726	1240.67968427	4.3
11821.564880473248	4300	49.603978569912876	0.0	2156729	1165.8448967	4.3
11823.052098731607	4300	52.11676031155418	0.0	2039773	1487.21825836	4.3
11824.196025472185	4300	54.97283357097585	0.0	2176469	1143.92674058	4.3
11825.420357928031	4300	57.74850111513018	0.0	2221506	1224.33245585	4.3
11829.661797540928	4300	57.507061502233796	0.0	2044075	4241.4396129	4.3
11836.667447679949	4300	54.50141136321322	0.0	2186790	7005.65013902	4.3
11837.771618304312	4300	57.39724073884974	0.0	2105231	1104.17062436	4.3
11839.129337441596	4300	59.66709129515977	0.0	2395588	1230.14944369	4.3
11840.414634118919	4300	59.548227803296655	0.0	1972048	1118.8634918631112	4.3
11842.212497336495	4300	59.942512787236595	0.0	2134614	1105.7150160600643	4.3
11845.744834229825	4300	59.73241844133127	0.0	2164140	2710.0943459053246	4.3
11848.562741966316	4300	59.69458584679757	0.0	2113193	2037.8325945336971	4.3
11860.315200308305	4300	51.942127504810536	0.0	2147852	11752.458341987032	4.3
11863.366665908734	4300	52.89066190438095	0.0	2191074	3051.465600429591	4.3
11865.809434061137	4300	54.44789375197803	0.0	2286761	2442.7681524029163	4.3
11867.984920160561	4300	56.27240765255289	0.0	2307787	2175.486099425135	4.3
11870.183083320928	4300	58.0742444921851	0.0	2143948	2198.1631603677993	4.3
11873.056633931928	4300	59.20069388118382	0.0	1919781	2873.550611001281	4.3
11876.298417851971	4300	59.93678547494866	0.0	2147467	2263.90840623516	4.3
11878.426540172006	4300	59.821662071835114	0.0	2133870	2115.1234031135496	4.3
11894.026211476637	4300	48.221990767203096	0.0	2146120	15599.671304632013	4.3
11900.548652504183	4300	45.69954973965625	0.0	2108491	6522.441027546849	4.3
11915.316657631018	4300	34.93154461282242	0.0	2184571	14768.005126833828	4.3
11929.88198507239	4300	24.366217171447804	0.0	2121928	14565.32744137462	4.3
11931.029522890867	4300	27.218679352970852	0.0	2219102	1147.5378184769488	4.3
11932.453297739094	4300	29.79490450474405	0.0	2124950	1423.7748482268041	4.3
11933.688843894059	4300	32.55935834977925	0.0	2246506	1235.5461549647955	4.3
11935.006244553304	4300	35.241957690535024	0.0	1961140	1317.4006592442267	4.3
11936.133835381212	4300	38.11436686262754	0.0	2155012	1127.590827907485	4.3

