24603.726977220664	750	4.0	1.7355417496002872	450283	1735.5417496	-6.7128295232812345
24604.74653128966	300	6.980445931002409	0.0	155580	1019.554069	-0.15000000000000002
24605.653388473846	300	10.073588746816247	0.0	139857	906.857184186	0.3
24609.382018755878	1200	10.344958464784265	0.0	617681	3728.63028203	0.29999999999999993
24612.13738611203	1200	11.589591108632517	0.0	652874	2755.36735615	1.2
24614.88221822032	1850	12.844759000343853	0.0	801058	2744.83210829	1.2000000000000002
24618.146833601782	1850	13.580143618877738	0.0	905515	3264.61538147	1.85
24625.55078306519	2850	10.176194155468758	0.0	1638769	7403.94946341	1.85
24630.00400297943	1200	9.722974241233997	0.0	584846	4453.21991423	-0.44999999999999996
24633.775223563338	1200	9.951753657322346	0.0	560821	3771.22058391	1.2
24637.265628907728	1200	10.461348312934186	0.0	607410	3490.40534439	1.2
24639.973978958908	1200	11.752998261753017	0.0	594078	2708.35005118	1.2
24644.211305884146	1850	11.515671336515778	0.0	946851	4237.32692524	1.2000000000000002
24651.480102674002	1850	8.246874546658427	0.0	1036454	7268.79678986	1.85
24653.3026433658	750	10.424333854863438	0.0	337059	1822.54069179	-0.3500000000000001
24656.525643140038	1200	11.201334080628923	0.0	587876	3222.99977423	0.75
24660.152589843692	1850	11.574387376976707	0.0	966699	3626.94670365	1.2000000000000002
24662.80183715963	1850	12.925140061037373	0.0	885714	2649.24731594	1.85
24666.399144520197	1850	13.327832700470179	0.0	987708	3597.30736057	1.85
24672.39541789598	2850	11.331559324687879	0.0	1336050	5996.27337578	1.85
24676.295881760292	1850	11.43109546037564	0.0	891604	3900.46386431	0.8500000000000001
24680.33215454439	1850	11.394822676275941	0.0	955231	4036.2727841	1.85
24684.517097229163	1850	11.209879991504344	0.0	968026	4184.94268477	1.85
24688.424833945322	1850	11.302143275344458	0.0	874175	3907.73671616	1.85
24691.72799356485	1850	11.998983655817003	0.0	897976	3303.15961953	1.85
24694.9185802523	1850	12.80839696837009	0.0	905935	3190.58668745	1.85
24699.675597271143	1850	12.051379949522689	0.0	1076599	4757.01701885	1.85
24702.7751375343	1850	12.951839686370066	0.0	758197	3099.54026315	1.85
24706.48904418743	1850	13.237933033239239	0.0	972798	3713.90665313	1.85
24712.02917943379	2850	11.697797786880066	0.0	1561263	5540.13524636	1.85
24715.22356039393	1850	12.503416826740377	0.0	873429	3194.38096014	0.8500000000000001
24719.290747562292	1850	12.436229658376805	0.0	954453	4067.18716836	1.85
24723.935678075446	1850	11.7912991452204	0.0	885062	4644.93051316	1.85
24728.248638491623	1850	11.478338729044983	0.0	1035329	4312.96041618	1.85
24732.829299914378	1850	10.897677306288037	0.0	1026056	4580.66142276	1.85
24737.321475293862	1200	10.405501926804599	0.0	598727	4492.17537948	0.5499999999999999
24741.146470596075	1200	10.580506624593427	0.0	487812	3824.99530221	1.2
24745.706556625133	1200	10.020420595537525	0.0	575591	4560.08602906	1.2
24751.29832495547	1200	8.428652265196876	0.0	605884	5591.76833034	1.2
24753.428960813148	750	10.29801640752068	0.0	390680	2130.63585768	0.3
24755.756035958886	1200	11.970941261781118	0.0	566904	2327.07514574	0.75
24759.570890254632	1850	12.156086966037485	0.0	1025005	3814.85429574	1.2000000000000002
24762.54633735115	1850	13.180639869521702	0.0	886255	2975.44709652	1.85
24769.225600094014	2850	10.50137712665551	0.0	1587250	6679.26274287	1.85
24771.83153829352	1200	11.895438927145827	0.0	630203	2605.93819951	-0.44999999999999996
24776.366884456434	1850	11.36009276423364	0.0	982064	4535.34616291	1.2000000000000002
24782.989233243195	1850	8.737743977471043	0.0	830730	6622.34878676	1.85
24790.857806816097	750	4.869170404570659	0.0	314107	7868.5735729	-0.3500000000000001

