16563.36979555801	750	4.0	1.7941535591172395	450283	1794.15355912	-6.964860304204129
16563.908682288456	300	7.46111326955455	0.0	155580	538.886730445	-0.15000000000000002
16565.109388105964	750	10.260407452046284	0.0	350812	1200.70581751	0.3
16567.147220925974	1200	12.222574632038556	0.0	617681	2037.83282001	0.75
16570.278360736036	1850	13.091434821975879	0.0	996749	3131.13981006	1.2000000000000002
16575.092541216796	2850	12.277254341215267	0.0	1224260	4814.18048076	1.85
16578.50849106683	1850	12.861304491181127	0.0	905515	3415.94985003	0.8500000000000001
16582.692625333548	1850	12.677170224462833	0.0	1060487	4184.13426672	1.85
16585.980360496087	1850	13.38943506192489	0.0	852833	3287.73516254	1.85
16591.772101636103	2850	11.597693921908766	0.0	1429765	5791.74114002	1.85
16594.80979731593	1850	12.559998242081171	0.0	939819	3037.69567983	0.8500000000000001
16597.875298974304	1850	13.494496583709285	0.0	917428	3065.50165837	1.85
16602.4817853753	2850	12.888010182712154	0.0	1422919	4606.486401	1.85
16606.199103263956	1850	13.170692294058243	0.0	1036454	3717.31788865	0.8500000000000001
16610.346084650442	2850	13.023710907569047	0.0	1231445	4146.98138649	1.85
16615.580189257973	2850	11.78960630003866	0.0	1471065	5234.10460753	2.85
16619.230646789867	1850	12.139148768146377	0.0	966699	3650.45753189	0.8500000000000001
16622.6345858396	1850	12.735209718408854	0.0	885714	3403.93904974	1.85
16626.293110404487	1850	13.076685153524995	0.0	987708	3658.52456488	1.85
16631.832803727262	2850	11.536991830750685	0.0	1336050	5539.69332277	1.85
16635.031310634356	1850	12.338484923654635	0.0	891604	3198.5069071	0.8500000000000001
16638.326663274307	1850	13.043132283706484	0.0	955231	3295.35263995	1.85
16642.688131031107	2850	12.681664526903669	0.0	1505760	4361.4677568	1.85
16645.2581765982	1850	14.111618959812734	0.0	874175	2570.04556709	0.8500000000000001
16650.02111135828	2850	13.348684199731975	0.0	1383735	4762.93476008	1.85
16654.580997257144	2850	12.788798300870834	0.0	1480464	4559.88589886	2.85
16658.070344905598	1850	13.299450652414023	0.0	1076599	3489.34764846	0.8500000000000001
16662.032392321824	2850	13.337403236188104	0.0	1141971	3962.04741623	1.85
16667.066255971145	2850	12.303539586865686	0.0	1498470	5033.86364932	2.85
16670.257089006827	1850	13.112706551186445	0.0	975811	3190.83303568	0.8500000000000001
16675.0555969663	2850	12.314198591715144	0.0	1341201	4798.50795947	1.85
16678.601342705886	1850	12.768452852125888	0.0	954453	3545.74573959	0.8500000000000001
16681.862078847447	1850	13.507716710564662	0.0	885062	3260.73614156	1.85
16687.090782063202	2850	12.27901349481074	0.0	1587293	5228.70321575	1.85
16690.37001712582	1850	12.999778432192207	0.0	1026056	3279.23506262	0.8500000000000001
16693.62683764759	1850	13.74295791042104	0.0	943942	3256.82052177	1.85
16697.726116282553	2850	13.64367927545822	0.0	1139291	4099.27863496	1.85
16704.53592435611	2850	10.833871201900893	0.0	1499009	6809.80807356	2.85
16706.93727776637	1200	12.432517791643908	0.0	605884	2401.35341026	-0.44999999999999996
16710.204503032044	1850	13.165292525970267	0.0	930577	3267.22526567	1.2000000000000002
16717.401133548017	2850	9.968662009996562	0.0	1339500	7196.63051597	1.85
16720.598798995274	1200	10.77099656274172	0.0	641452	3197.66544725	-0.44999999999999996
16723.222899241584	1200	12.146896316428757	0.0	599477	2624.10024631	1.2
16728.126413030037	1850	11.243382527975989	0.0	973972	4903.51378845	1.2000000000000002
16735.13349256006	1850	8.236302997953002	0.0	958994	7007.07953002	1.85
16738.21064590396	750	9.159149654053767	0.0	393804	3077.1533439	-0.3500000000000001
16741.280948382264	1200	10.088847175749978	0.0	538612	3070.3024783	0.75
16744.18123657429	1200	11.188558983721759	0.0	550906	2900.28819203	1.2

