24548.63854342733	750	4.0	0.47232869551011514	450283	472.32869551	-1.281013390693495
24548.854099285418	300	7.784444141911945	0.0	155580	215.555858088	-0.15000000000000002
24549.220610865046	750	11.417932562284095	0.0	350812	366.511579628	0.3
24549.95734741688	1850	14.681196010450764	0.0	933276	736.736551833	0.75
24551.402173401177	2850	17.23637002615275	0.0	1472558	1444.8259843	1.85
24552.26095531667	4300	20.377588110659083	0.0	1941625	858.781915494	2.8499999999999996
24553.842450587057	4300	22.79609284027371	0.0	2157535	1581.49527039	4.3
24555.473219624946	4300	25.16532380238191	0.0	2290172	1630.76903789	4.3
24556.128994100618	4300	28.509549326711852	0.0	2055469	655.77447567	4.3
24556.81439818277	4300	31.824145244557215	0.0	2169201	685.404082155	4.3
24557.777849440514	4300	34.860693986815406	0.0	2173522	963.451257742	4.3
24558.64467533706	4300	37.993868090271505	0.0	2102452	866.825896544	4.3
24559.426319721668	4300	41.2122237056616	0.0	2209463	781.64438461	4.3
24560.303926520362	4300	44.33461690696853	0.0	2275376	877.606798693	4.3
24561.746084015795	4300	46.89245941153834	0.0	2005399	1442.15749543	4.3
24563.190600260583	4300	49.44794316675006	0.0	2152483	1444.51624479	4.3
24564.032688382747	4300	52.60585504458305	0.0	2289689	842.088122167	4.3
24565.387455394346	4300	55.25108803298483	0.0	2059512	1354.7670116	4.3
24566.668158525827	4300	57.97038490150301	0.0	2220726	1280.70313148	4.3
24568.20106395884	4300	59.537904081999315	0.0	2156729	932.480819504	4.3
24569.08361774046	4300	59.856839497945344	0.0	2039773	681.0645840539748	4.3
24569.562921541015	4300	59.92743219644883	0.0	2176469	429.407301497	4.3
24570.09773841677	4300	59.89497200810247	0.0	2221506	532.460188346	4.3
24571.4441430138	4300	59.683448053294434	0.0	2044075	1211.5239548080376	4.3
24572.501207756308	4300	59.68185600314692	0.0	2186790	1001.5920501475167	4.3
24575.343449353946	4300	59.998971550509204	0.0	2105231	2182.8844526377156	4.3
24578.879271646427	4300	59.52073897677003	0.0	2395588	3478.232573739166	4.3
24580.021411466485	4300	59.93846392610918	0.0	1972048	582.275050661	4.3
24581.58366445104	4300	59.64726981853474	0.0	2134614	791.1941075744423	4.3
24583.207289804355	4300	59.680486580363564	0.0	2164140	966.7832381711778	4.3
24584.395582222154	4300	59.625261429037174	0.0	2113193	555.2251513263928	4.3
24585.316066991225	4300	59.941552677737164	0.0	2147852	683.708751300007	4.3
24586.29746773119	4300	59.77924031664128	0.0	2191074	662.312361096	4.3
24587.106576181737	4300	59.744230280800764	0.0	2286761	535.010035841	4.3
24588.103178758083	4300	59.59297819998144	0.0	2307787	651.252080819	4.3
24588.829642955712	4300	59.61242134893162	0.0	2143948	480.55685105	4.3
24589.433182128076	4300	59.64360543604037	0.0	1919781	468.815912891	4.3
24591.012473026225	4300	59.88132161670141	0.0	2147467	762.283819339	4.3
24592.594256584707	4300	59.95893337686366	0.0	2133870	922.3882398377482	4.3
24593.539930632658	4300	59.52579401221275	0.0	2146120	933.1393646509179	4.3
24595.343851463196	4300	59.839600938593804	0.0	2108491	1186.1930736189433	4.3
24596.915270565125	4300	59.57325526608621	0.0	2184571	766.3456725075965	4.3
24597.824781884745	4300	59.980536320990055	0.0	2121928	592.7189450961533	4.3
24598.529057233744	4300	59.99679483375138	0.0	2219102	483.741487239	4.3
24599.565316602842	4300	59.54893208008241	0.0	2124950	447.862753669	4.3
24600.60214039517	4300	59.534718491630585	0.0	2246506	514.2135884518195	4.3
24601.359966036875	4300	59.877610772717745	0.0	1961140	657.1077189128426	4.3
24601.99143547106	4300	59.822235017022024	0.0	2155012	555.375755696	4.3

