11558.81623241576	750	4.0	0.2666236001870275	450283	266.623600187	-0.3964814808042183
11558.925042059715	300	7.891190356046683	0.0	155580	108.809643953	-0.15000000000000002
11559.070003936657	750	11.74622847910523	0.0	350812	144.961876941	0.3
11559.32282402452	1850	15.493408391239335	0.0	933276	252.820087866	0.75
11559.816331855141	4300	18.999900560619597	0.0	2233056	493.50783062	1.8499999999999996
11560.229008860215	4300	22.58722355554377	0.0	1941625	412.677005076	4.3
11560.530432749234	4300	26.285799666525882	0.0	2157535	301.423889018	4.3
11560.84546893208	4300	29.970763483678386	0.0	2290172	315.036182847	4.3
11561.136417973341	4300	33.67981444241801	0.0	2055469	290.94904126	4.3
11561.4390391227	4300	37.37719329305937	0.0	2169201	302.621149359	4.3
11561.725441824216	4300	41.090790591543644	0.0	2173522	286.402701516	4.3
11561.996502827686	4300	44.81972958807562	0.0	2102452	271.061003468	4.3
11562.277288490286	4300	48.53894392547524	0.0	2209463	280.7856626	4.3
11562.564064018017	4300	52.252168397745194	0.0	2275376	286.77552773	4.3
11562.826305298813	4300	55.98992711694841	0.0	2005399	262.241280797	4.3
11563.118589751248	4300	59.697642664514504	0.0	2152483	292.284452434	4.3
11564.303008678904	4300	59.87692366852265	0.0	2289689	320.718995992	4.3
11564.79523143268	4300	59.52266225746722	0.0	2059512	354.26141105543377	4.3
11566.043617911128	4300	59.67694968960254	0.0	2220726	345.712567865	4.3
11567.501202386884	4300	59.85999440701715	0.0	2156729	816.9552825853893	4.3
11568.348627755482	4300	59.966596319303925	0.0	2039773	393.398087713	4.3
11569.476308493213	4300	59.589769590879875	0.0	2176469	376.826728424	4.3
11570.708034476182	4300	59.559333604049584	0.0	2221506	530.4359868302922	4.3
11571.640108324636	4300	59.65394167789084	0.0	2044075	405.39192615874117	4.3
11572.838163629538	4300	59.528254986587854	0.0	2186790	625.6866913029864	4.3
11573.838282024231	4300	59.52388009604012	0.0	2105231	504.374890548	4.3
11574.458899964762	4300	59.92194287784797	0.0	2395588	601.9372181921528	4.3
11575.045135396902	4300	59.84816552294788	0.0	1972048	573.7773549	4.3
11577.545471041018	4300	59.564226739509216	0.0	2134614	2283.938783438664	4.3
11578.100864433824	4300	59.604228473446426	0.0	2164140	459.998266063	4.3
11579.136550921285	4300	59.59458279308531	0.0	2113193	1009.6456803611138	4.3
11579.692247396255	4300	59.53925495915169	0.0	2147852	555.327833934	4.3
11580.706269484543	4300	59.99292823552634	0.0	2191074	546.326723625	4.3
11581.852796481198	4300	59.863012419528594	0.0	2286761	629.9158159977466	4.3
11584.009936667639	4300	59.50324791663771	0.0	2307787	1359.764502890889	4.3
11584.884191248377	4300	59.924808468043416	0.0	2143948	578.4394485942934	4.3
11586.254305199804	4300	59.84765905840134	0.0	1919781	1077.149409642082	4.3
11587.032459991718	4300	59.81456393333672	0.0	2147467	533.095125065	4.3
11587.729659233355	4300	59.79899414594253	0.0	2133870	515.569787394	4.3
11589.243452043424	4300	59.592412468030886	0.0	2146120	1206.5816779116403	4.3
11590.623138224699	4300	59.51667494347173	0.0	2108491	1075.7375245591609	4.3
11592.607341348123	4300	59.88654771011777	0.0	2184571	1130.1272333539614	4.3
11594.813927324727	4300	59.6702926668501	0.0	2121928	1216.2550432676637	4.3
11597.924075889401	4300	59.81988385118205	0.0	2219102	2350.4088156680536	4.3
11599.85928399474	4300	59.69264967301471	0.0	2124950	1127.2341781673454	4.3
11601.380060479716	4300	59.795748394113616	0.0	2246506	896.9012789010859	4.3
11602.640077910508	4300	59.93817728175379	0.0	1961140	857.5711123598305	4.3
11604.288483892171	4300	59.77469745013838	0.0	2155012	1163.479831615404	4.3

