25978.006162820795	750	4.0	2.710453720508167	450283	2710.45372051	-10.904950998185118
25978.888902639348	300	7.117260181443911	0.0	155580	882.739818556	-0.15000000000000002
25980.661938049205	750	9.344224771589023	0.0	350812	1773.03540985	0.3
25984.028281287996	1200	9.977881532800591	0.0	617681	3366.34323879	0.75
25985.353609722686	1200	12.652553098110685	0.0	652874	1325.32843469	1.2
25986.215530304788	1850	15.790632516008122	0.0	801058	861.920582103	1.2000000000000002
25988.56839457824	4300	17.43776824255473	0.0	2157535	2352.86427345	1.8499999999999996
25991.46393086093	4300	18.542231959865575	0.0	2290172	2895.53628269	4.3
25993.536127144438	4300	20.470035676357583	0.0	2055469	2072.19628351	4.3
25997.5960998785	4300	20.41006294229296	0.0	2169201	4059.97273406	4.3
26003.474915079598	4300	18.531247741197035	0.0	2173522	5878.8152011	4.3
26009.48025712643	4300	16.52590569436656	0.0	2102452	6005.34204683	4.3
26014.527382185435	4300	15.47878063535626	0.0	2209463	5047.12505901	4.3
26026.61145617426	4300	7.394706646529512	0.0	2275376	12084.0739888	4.3
26026.889945095867	750	11.116217724924802	0.0	337059	278.488921605	-2.8
26027.513585876142	1850	14.492576944652443	0.0	923170	623.640780272	0.75
26028.287075334996	2850	17.719087485795466	0.0	1491626	773.489458857	1.85
26029.71861992978	4300	20.28754289101168	0.0	2059512	1431.54459478	2.8499999999999996
26031.33984603863	4300	22.66631678215938	0.0	2220726	1621.22610885	4.3
26032.925953461185	4300	25.08020935960591	0.0	2156729	1586.10742255	4.3
26034.29192462282	4300	27.714238197973803	0.0	2039773	1365.97116163	4.3
26035.34127079446	4300	30.664892026335707	0.0	2176469	1049.34617164	4.3
26045.73140272459	4300	24.274760096203227	0.0	2221506	10390.1319301	4.3
26047.128472187385	4300	26.877690633408093	0.0	2044075	1397.0694628	4.3
26048.144818637196	4300	29.861344183595815	0.0	2186790	1016.34644981	4.3
26049.125464985038	4300	32.88069783575434	0.0	2105231	980.646347841	4.3
26050.776040482357	4300	35.23012233843704	0.0	2395588	1650.57549732	4.3
26052.161302693316	4300	37.84486012748	0.0	1972048	1385.26221096	4.3
26053.524609914104	4300	40.48155290669105	0.0	2134614	1363.30722079	4.3
26055.07603007995	4300	42.930132740848485	0.0	2164140	1551.42016584	4.3
26056.567110824257	4300	45.439051996539284	0.0	2113193	1491.08074431	4.3
26076.884044663573	4300	29.122118157222122	0.0	2147852	20316.9338393	4.3
26078.200991459	4300	31.80517136179421	0.0	2191074	1316.94679543	4.3
26079.606839942415	4300	34.39932287838064	0.0	2286761	1405.84848341	4.3
26081.17766979022	4300	36.82849303057636	0.0	2307787	1570.8298478	4.3
26082.55523369684	4300	39.4509291239545	0.0	2143948	1377.56390662	4.3
26083.591729404387	4300	42.41443341640874	0.0	1919781	1036.49570755	4.3
26084.868851458992	4300	45.13731136180182	0.0	2147467	1277.12205461	4.3
26086.462029726004	4300	47.5441330947903	0.0	2133870	1593.17826701	4.3
26087.683791096057	4300	50.32237172473854	0.0	2146120	1221.76137005	4.3
26093.61830627198	4300	48.38785654881753	0.0	2108491	5934.51517592	4.3
26108.083137367732	4300	37.92302545306128	0.0	2184571	14464.8310958	4.3
26109.694863460263	4300	40.31129936053415	0.0	2121928	1611.72609253	4.3
26110.84372761599	4300	43.16243520480437	0.0	2219102	1148.86415573	4.3
26111.863308387296	4300	46.14285443350094	0.0	2124950	1019.5807713	4.3
26113.21426859252	4300	48.79189422827336	0.0	2246506	1350.96020523	4.3
26114.380745601713	4300	51.62541721908286	0.0	1961140	1166.47700919	4.3
26115.915550660495	4300	54.09061216030179	0.0	2155012	1534.80505878	4.3

