25792.777583492963	750	4.0	2.3893370210228126	450283	2389.33702102	-9.524149190398093
25793.599876619548	300	7.1777068734158345	0.0	155580	822.293126584	-0.15000000000000002
25795.1274035565	750	9.65017993646421	0.0	350812	1527.52693695	0.3
25798.531174863077	1200	10.24640862988511	0.0	617681	3403.77130658	0.75
25801.676303014225	1200	11.101280478738307	0.0	652874	3145.12815115	1.2
25807.749079257883	1850	9.028504235079794	0.0	801058	6072.77624366	1.2000000000000002
25811.58010428641	1200	9.197479206551995	0.0	561791	3831.02502853	0.5499999999999999
25816.10951234465	1200	8.668071148311837	0.0	709534	4529.40805824	1.2
25818.17741663731	750	10.600166855652427	0.0	374758	2067.90429266	0.3
25821.75045089039	1200	11.027132602569273	0.0	560821	3573.03425308	0.75
25827.666715355736	1850	9.110868137227458	0.0	939819	5916.26446534	1.2000000000000002
25831.368228072635	1200	9.409355420326857	0.0	594078	3701.5127169	0.5499999999999999
25835.131034412363	1200	9.646549080601009	0.0	624282	3762.80633973	1.2
25839.024531882285	1200	9.753051610677865	0.0	687371	3893.49746992	1.2
25841.674488790617	1200	11.103094702345977	0.0	526950	2649.95690833	1.2
25846.26315008377	1850	10.514433409194348	0.0	923170	4588.66129315	1.2000000000000002
25849.55218444279	1200	11.22539905017341	0.0	617242	3289.03435902	0.5499999999999999
25854.86836707883	1850	9.909216414130988	0.0	885714	5316.18263604	1.2000000000000002
25859.095782095665	1200	9.681801397298402	0.0	639204	4227.41501683	0.5499999999999999
25861.936887254415	1200	10.840696238548007	0.0	586839	2841.10515875	1.2
25865.100964754936	1200	11.67661873802489	0.0	601738	3164.07750052	1.2
25870.734393944582	1850	10.043189548380811	0.0	955231	5633.42918964	1.2000000000000002
25875.6621869582	1200	9.115396534758922	0.0	656471	4927.79301362	0.5499999999999999
25883.309856856682	1200	5.467726636279304	0.0	536667	7647.66989848	1.2
25884.346861765112	300	8.430721727849162	0.0	146754	1037.00490843	-0.6000000000000001
25886.332568246053	750	10.4450152469097	0.0	379700	1985.70648094	0.3
25889.524588093034	1200	11.252995399924606	0.0	696376	3192.01984699	0.75
25892.885882086684	1850	11.891701406275512	0.0	758197	3361.29399365	1.2000000000000002
25897.03077655261	1850	11.746806940346659	0.0	972798	4144.89446593	1.85
25901.450099472648	1850	11.32748402030835	0.0	975811	4419.32292004	1.85
25906.82224300662	1850	9.955340486335373	0.0	873429	5372.14353397	1.85
25910.871561560984	1200	9.90602193196939	0.0	620283	4049.31855437	0.5499999999999999
25915.255326710063	1200	9.522256782889958	0.0	584349	4383.76514908	1.2
25921.065520743134	1200	7.712062749818477	0.0	670129	5810.19403307	1.2
25923.5402609285	750	9.23732256445292	0.0	401088	2474.74018537	0.3
25927.018102595885	1200	9.759480897068057	0.0	598727	3477.84166738	0.75
25930.134009929094	1200	10.643573563858293	0.0	487812	3115.90733321	1.2
25933.721504342073	1200	11.05607915088017	0.0	575591	3587.49441298	1.2
25943.355805656724	1850	5.421777836229092	0.0	908665	9634.30131465	1.2000000000000002
25945.001323572043	300	7.776259920907794	0.0	149991	1645.51791532	-1.25
25948.91898526994	750	7.858598223014268	0.0	345516	3917.66169789	0.3
25951.62953309209	750	9.148050400857958	0.0	384505	2710.54782216	0.75
25955.753018747575	1200	9.024564745375391	0.0	599477	4123.48565548	0.75
25964.4974525439	1200	4.280130949050203	0.0	634861	8744.43379633	1.2
25966.71010696068	300	6.067476532269451	0.0	167025	2212.65441678	-0.6000000000000001
25968.029999931543	300	8.747583561403978	0.0	160064	1319.89297087	0.3
25971.785859668118	750	8.991723824830862	0.0	331053	3755.85973657	0.3
25975.295709100283	750	9.481874392664002	0.0	314107	3509.84943217	0.75

