6395.7805457922395	750	4.0	2.7875332000888298	450283	2787.53320009	-11.236392760381968
6396.98369415484	300	6.7968516374001124	0.0	155580	1203.1483626	-0.15000000000000002
6398.063950337477	300	9.716595454763207	0.0	139857	1080.25618264	0.3
6402.644955248431	1200	9.135590543809142	0.0	617681	4581.00491095	0.29999999999999993
6406.9410682028765	1200	8.839477589363906	0.0	652874	4296.11295445	1.2
6409.091614813022	750	10.688930979218735	0.0	318564	2150.54661015	0.3
6412.863286703104	1200	10.917259089135774	0.0	561791	3771.67189008	0.75
6418.507700511432	1200	9.272845280808765	0.0	709534	5644.41380833	1.2
6423.582500382232	1200	8.19804541000844	0.0	584846	5074.7998708	1.2
6426.634771378652	750	9.145774413587693	0.0	362795	3052.27099642	0.3
6431.772836368244	1200	8.007709423996852	0.0	607410	5138.06498959	0.75
6435.760574125066	750	8.019971667173294	0.0	405134	3987.73775682	0.3
6440.14825849379	750	7.632287298449484	0.0	386351	4387.68436872	0.75
6444.367312517789	750	7.413233274450558	0.0	434409	4219.054024	0.75
6447.3499464453025	750	8.430599346937436	0.0	337059	2982.63392751	0.75
6450.839708680415	750	8.940837111824038	0.0	366214	3489.76223511	0.75
6453.952894608369	750	9.827651183870037	0.0	360831	3113.18592795	0.75
6458.286787162598	1200	9.4937586296421	0.0	581493	4333.89255423	0.75
6463.153943158428	1200	8.626602633811189	0.0	639204	4867.15599583	1.2
6466.010146835396	750	9.770398956843062	0.0	350713	2856.20367697	0.3
6470.3230509016785	1200	9.457494890560364	0.0	601738	4312.90406628	0.75
6474.67744892365	1200	9.10309686858844	0.0	616206	4354.39802197	1.2
6479.007405806997	1200	8.773139985242018	0.0	656471	4329.95688335	1.2
6481.835053301419	750	9.94549249081978	0.0	343800	2827.64749442	0.3
6486.753929724208	1200	9.026616068030396	0.0	587236	4918.87642279	0.75
6491.914970546357	1200	7.865575245881287	0.0	590335	5161.04082215	1.2
6496.191036901542	750	7.58950889069657	0.0	425781	4276.06635518	0.3
6499.944318774272	750	7.836227017966865	0.0	277716	3753.28187273	0.75
6504.135657628436	750	7.644888163803353	0.0	400396	4191.33885416	0.75
6508.7000798782565	750	7.080465913982577	0.0	400508	4564.42224982	0.75
6511.977088195523	750	7.80345759671576	0.0	358218	3277.00831727	0.75
6515.439406552789	750	8.341139239449836	0.0	400322	3462.31835727	0.75
6518.883630501276	750	8.896915290962703	0.0	369834	3444.22394849	0.75
6522.886415704897	750	8.89413008734081	0.0	412837	4002.78520362	0.75
6526.23683727938	750	9.543708512858464	0.0	401088	3350.42157448	0.75
6532.288777493094	1200	7.491768299145036	0.0	598727	6051.94021371	0.75
6536.102721229773	750	7.67782456246607	0.0	321064	3813.94373668	0.3
6542.797543395085	750	4.983002397153717	0.0	361565	6694.82216531	0.75
6544.275719164615	300	7.504826627623194	0.0	144254	1478.17576953	-0.15000000000000002
6547.979731550259	750	7.800814241979278	0.0	390680	3704.01238564	0.3
6550.927282318398	750	8.853263473840851	0.0	345516	2947.55076814	0.75
6554.189112281808	750	9.59143351043149	0.0	384505	3261.82996341	0.75
6559.314525543647	1200	8.46602024859245	0.0	599477	5125.41326184	0.75
6562.763667982959	750	9.016877809279723	0.0	438281	3449.14243931	0.3
6567.65834525757	1200	8.122200534668945	0.0	630203	4894.67727461	0.75
6571.732866169688	750	8.047679622550268	0.0	393804	4074.52091212	0.3
6576.828562613315	750	6.9519831789232	0.0	331053	5095.69644363	0.75
6579.513897340516	300	8.26664845172146	0.0	118421	2685.3347272	-0.15000000000000002

