33778.50029893317	750	4.0	1.6425749633046762	450283	1642.5749633	-6.313072342210107
33779.10304570026	300	7.3972532329055465	0.0	155580	602.746767094	-0.15000000000000002
33779.965824268314	750	10.53447466486382	0.0	350812	862.778568042	0.3
33781.50881460762	1200	12.991484325557188	0.0	617681	1542.99033931	0.75
33784.51057564451	1850	13.989723288663528	0.0	996749	3001.76103689	1.2000000000000002
33803.98019392428	2850	4.0	5.479894991108918	1224260	19469.6182798	-21.713548461768347
33806.28689339694	300	5.693300527349428	0.0	153295	2306.69947265	-2.25
33817.519011817065	300	4.0	5.538817892779666	173849	11232.1184201	-23.516916938952562
33818.59640644529	300	6.922605371773944	0.0	150710	1077.39462823	0.3
33819.320038602615	300	10.198973214457576	0.0	139105	723.632157316	0.3
33822.504024835966	1200	11.014986981103986	0.0	607410	3183.98623335	0.29999999999999993
33827.82190749179	1850	9.697104325279188	0.0	917428	5317.88265582	1.2000000000000002
33830.831613314615	1200	10.687398502450556	0.0	624282	3009.70582283	0.5499999999999999
33834.71894199037	1200	10.800069826691924	0.0	687371	3887.32867576	1.2
33837.71458614538	1200	11.80442567168424	0.0	526950	2995.64415501	1.2
33842.86416359836	1850	10.654848218710287	0.0	923170	5149.57745297	1.2000000000000002
33846.16076474877	1200	11.358247068302331	0.0	617242	3296.60115041	0.5499999999999999
33848.32728416171	1850	13.19172765536139	0.0	885714	2166.51941294	1.2000000000000002
33850.035985404626	2850	15.48302641244614	0.0	1537156	1708.70124292	1.85
33852.634509744516	4300	16.884502072553303	0.0	2156729	2598.52433989	2.8499999999999996
33855.17950553305	4300	18.33950628401838	0.0	2039773	2544.99578853	4.3
33857.94796844343	4300	19.571043373642706	0.0	2176469	2768.46291038	4.3
33860.756447843785	4300	20.762563973288316	0.0	2221506	2808.47940035	4.3
33863.32650444256	4300	22.192507374511457	0.0	2044075	2570.05659878	4.3
33865.69518636303	4300	23.823825454037024	0.0	2186790	2368.68192047	4.3
33879.11177503346	4300	14.407236783615259	0.0	2105231	13416.5886704	4.3
33883.38220736442	2850	14.136804452660416	0.0	1547572	4270.43233095	1.4000000000000001
33886.46813009993	2850	15.050881717145389	0.0	1141971	3085.92273552	2.85
33896.904457573124	4300	8.614554243954379	0.0	2134614	10436.3274732	2.8499999999999996
33899.056215378354	750	10.46279643872349	0.0	400508	2151.75780523	-2.8
33901.87213466417	1200	11.646877152904334	0.0	570392	2815.91928582	0.75
33906.90205145526	1850	10.616960361813126	0.0	954453	5029.91679109	1.2000000000000002
33908.68293844931	1200	12.836073367766774	0.0	584349	1780.88699405	0.5499999999999999
33909.43046467242	1850	16.088547144659813	0.0	1035329	747.526223107	1.2000000000000002
33911.07709122861	4300	18.441920588466747	0.0	2307787	1646.62655619	1.8499999999999996
33912.75884217116	4300	20.760169645912907	0.0	2143948	1681.75094255	4.3
33914.31796732886	4300	23.201044488211185	0.0	1919781	1559.1251577	4.3
33915.836770464295	4300	25.68224135277742	0.0	2147467	1518.80313543	4.3
33917.05265240662	4300	28.466359410448607	0.0	2133870	1215.88194233	4.3
33918.405144918914	4300	31.113866898161653	0.0	2146120	1352.49251229	4.3
33919.460978505136	4300	34.0580333119387	0.0	2108491	1055.83358622	4.3
33920.65789817819	4300	36.86111363888147	0.0	2184571	1196.91967306	4.3
33921.806396793836	4300	39.71261502323582	0.0	2121928	1148.49861565	4.3
33922.92056783385	4300	42.598443983219454	0.0	2219102	1114.17104002	4.3
33924.246891781964	4300	45.27212003510105	0.0	2124950	1326.32394812	4.3
33925.96896461667	4300	47.550047200395554	0.0	2246506	1722.07283471	4.3
33927.31950462355	4300	50.199507193523075	0.0	1961140	1350.54000687	4.3
33928.704388082966	4300	52.81462373410182	0.0	2155012	1384.88345942	4.3

