15852.926578835659	750	4.0	3.1453652725184025	450283	3145.36527252	-12.77507067182913
15854.065711712312	300	6.8608671233459555	0.0	155580	1139.13287665	-0.15000000000000002
15855.094152260925	300	9.832426574734681	0.0	139857	1028.44054861	0.3
15859.178404924916	1200	9.748173910742137	0.0	617681	4084.25266399	0.29999999999999993
15863.225942950348	1200	9.700635885311007	0.0	652874	4047.53802543	1.2
15866.400186082281	1200	10.526392753377964	0.0	520315	3174.24313193	1.2
15869.804762033755	1200	11.121816801904059	0.0	561791	3404.57595147	1.2
15876.513240776298	1850	8.413338059362593	0.0	1060487	6708.47874254	1.2000000000000002
15879.095902823963	750	9.830676011697832	0.0	374758	2582.66204766	-0.3500000000000001
15882.913708674438	1200	10.012870161222374	0.0	560821	3817.80585048	0.75
15886.982882427787	1200	9.943696407873874	0.0	607410	4069.17375335	1.2
15890.870731142866	1200	10.055847692796407	0.0	594078	3887.84871508	1.2
15895.249268819845	1200	9.677310015815731	0.0	624282	4378.53767698	1.2
15899.824805658262	1200	9.101773177400116	0.0	687371	4575.53683842	1.2
15903.327951704794	1200	9.598627130867982	0.0	526950	3503.14604653	1.2
15906.121854802052	1200	10.804724033611741	0.0	587876	2793.90309726	1.2
15906.410334962826	1200	14.516243872837594	0.0	617242	288.480160774	1.2
15906.949284695573	2850	17.977294140090837	0.0	1358801	538.949732747	1.2000000000000002
15907.779358918513	4300	21.147219917151812	0.0	2220726	830.074222939	2.8499999999999996
15908.587817462596	4300	24.338761373069804	0.0	2156729	808.458544082	4.3
15909.356772852836	4300	27.569805982829404	0.0	2039773	768.95539024	4.3
15910.1718987954	4300	30.75468004026563	0.0	2176469	815.125942564	4.3
15911.002236471773	4300	33.92434236389116	0.0	2221506	830.337676374	4.3
15911.766313037351	4300	37.160265798314754	0.0	2044075	764.076565576	4.3
15912.519452405126	4300	40.40712643054012	0.0	2186790	753.139367775	4.3
15913.247486219236	4300	43.67909261642923	0.0	2105231	728.033814111	4.3
15914.064897946824	4300	46.86168088884291	0.0	2395588	817.411727586	4.3
15914.751935268167	4300	50.1746435674992	0.0	1972048	687.037321344	4.3
15915.489013779776	4300	53.43756505588955	0.0	2134614	737.07851161	4.3
15916.235181007252	4300	56.69139782841193	0.0	2164140	746.167227478	4.3
15916.965665690284	4300	59.960913145380744	0.0	2113193	730.484683031	4.3
15921.296506333492	4300	59.63007250217302	0.0	2147852	830.840643208	4.3
15925.011619704137	4300	59.710162202023525	0.0	2191074	919.910300149	4.3
15927.472930569445	4300	59.8371083046163	0.0	2286761	873.053897407	4.3
15929.118720859746	4300	59.51834164341834	0.0	2307787	818.766661198	4.3
15932.933770894244	4300	59.70329160891918	0.0	2143948	815.050034499	4.3
15936.654312396828	4300	59.982750106335	0.0	1919781	720.5415025841812	4.3
15939.79142779757	4300	59.72549998905618	0.0	2147467	757.250117279	4.3
15941.648550697684	4300	59.9468711807304	0.0	2133870	778.628808326	4.3
15942.53953290443	4300	59.75062712325148	0.0	2146120	696.244057479	4.3
15946.42855981855	4300	59.86160020913062	0.0	2108491	889.026914121	4.3
15950.188762424055	4300	59.943381438072116	0.0	2184571	918.218771059	4.3
15953.051783949504	4300	59.64286259257127	0.0	2121928	800.518845501	4.3
15954.80831104963	4300	59.755850382481356	0.0	2219102	887.01221009	4.3
15958.566588503556	4300	59.997572928555435	0.0	2124950	758.277453926	4.3
15962.872569975672	4300	59.691591456439845	0.0	2246506	805.9814721155851	4.3
15966.020409232739	4300	59.964558735945616	0.0	1961140	727.032720494	4.3
15968.42734233631	4300	59.68149545244631	0.0	2155012	783.063283499	4.3

