20211.236945993503	750	4.0	1.4991501900655662	450283	1499.15019007	-5.696345817281935
20211.952054493588	300	7.284891499915264	0.0	155580	715.108500085	-0.15000000000000002
20213.45031770326	750	9.786628290240765	0.0	350812	1498.26320967	0.3
20216.026421793187	1200	11.210524200312422	0.0	617681	2576.10408993	0.75
20219.410978683216	1850	11.825967310286739	0.0	996749	3384.55689003	1.2000000000000002
20222.02445256564	1850	13.212493427861853	0.0	801058	2613.47388242	1.85
20226.68584172373	2850	12.551104269769134	0.0	1388403	4661.38915809	1.85
20230.45469206	1850	12.782253933500586	0.0	1060487	3768.85033627	0.8500000000000001
20233.317553036726	1850	13.919392956774164	0.0	852833	2862.86097673	1.85
20238.727045364347	2850	12.509900629155414	0.0	1429765	5409.49232762	1.85
20242.089696167044	1850	13.147249826458747	0.0	939819	3362.6508027	0.8500000000000001
20247.619570686576	2850	11.617375306926837	0.0	1519951	5529.87451953	1.85
20250.743806821254	1850	12.493139172248648	0.0	946851	3124.23613468	0.8500000000000001
20254.813094955978	1850	12.423851037523189	0.0	1036454	4069.28813473	1.85
20257.607503107625	1850	13.629442885875742	0.0	821631	2794.40815165	1.85
20262.606504051495	2850	12.630441942005943	0.0	1471065	4999.00094387	1.85
20265.78093632716	1850	13.45600966634246	0.0	966699	3174.43227566	0.8500000000000001
20270.162992872814	2850	13.07395312068757	0.0	1358801	4382.05654565	1.85
20275.515395183305	2850	11.72155081019595	0.0	1537156	5352.40231049	2.85
20278.783521384386	1850	12.453424609114089	0.0	923755	3268.12620108	0.8500000000000001
20282.142670485056	1850	13.094275508444877	0.0	891604	3359.14910067	1.85
20287.21509008471	2850	12.021855908794343	0.0	1468126	5072.41959965	1.85
20291.69650971619	1850	11.540436277318204	0.0	968026	4481.41963148	0.8500000000000001
20297.154692771917	1850	10.082253221584327	0.0	874175	5458.18305573	1.85
20299.618342199836	1200	11.61860379366916	0.0	587236	2463.64942792	0.5499999999999999
20303.5244582911	1850	11.712487702408099	0.0	905935	3906.11609126	1.2000000000000002
20307.802686734725	1850	11.434259258781	0.0	1076599	4278.22844363	1.85
20310.74069027808	1850	12.496255715427873	0.0	758197	2938.00354335	1.85
20314.603170937073	1850	12.633775056435542	0.0	972798	3862.48065899	1.85
20318.154802930356	1850	13.082143063152724	0.0	975811	3551.63199328	1.85
20324.018573733083	2850	11.218372260423221	0.0	1341201	5863.77080273	1.85
20327.542894698134	1850	11.69405129537188	0.0	954453	3524.32096505	0.8500000000000001
20331.013874772594	1850	12.22307122091253	0.0	885062	3470.98007446	1.85
20335.061872963615	1850	12.175073029891504	0.0	1035329	4047.99819102	1.85
20339.12352545002	1850	12.113420543485342	0.0	1026056	4061.65248641	1.85
20342.55154620914	1850	12.68539978436885	0.0	943942	3428.02075912	1.85
20345.33864937156	1850	13.898296621946928	0.0	728962	2787.10316242	1.85
20351.556402475657	2850	11.680543517852136	0.0	1499009	6217.75310409	1.85
20354.75119575012	1850	12.485750243385851	0.0	908665	3194.79327447	0.8500000000000001
20358.618223112975	1850	12.618722880532989	0.0	930577	3867.02736285	1.85
20362.229980374163	1850	13.006965619348009	0.0	858450	3611.75726118	1.85
20370.61632309456	2850	8.620622898948255	0.0	1527299	8386.3427204	1.85
20373.329615576873	750	9.907330416636094	0.0	372093	2713.29248231	-1.35
20376.90145240755	1200	10.33549358596177	0.0	634861	3571.83683067	0.75
20380.38179303336	1200	10.85515296014864	0.0	630203	3480.34062581	1.2
20383.06471181751	1200	12.172234175998929	0.0	638661	2682.91878415	1.2
20388.334101519886	1850	10.902844473621295	0.0	830730	5269.38970238	1.2000000000000002
20393.45406090752	1200	9.782885085986953	0.0	550906	5119.95938763	0.5499999999999999

