13368.531451177922	750	4.0	2.1413027841682712	450283	2141.30278417	-8.457601971923566
13369.34134986199	300	7.190101315930748	0.0	155580	809.898684069	-0.15000000000000002
13371.071096787464	750	9.46035439045672	0.0	350812	1729.74692547	0.3
13374.702914754955	1200	9.8285364229648	0.0	617681	3631.81796749	0.75
13378.505283106257	1200	10.02616807166447	0.0	652874	3802.3683513	1.2
13381.032998491126	1200	11.498452686796057	0.0	520315	2527.71538487	1.2
13384.659831398974	1850	11.871619778945291	0.0	905515	3626.83290785	1.2000000000000002
13389.715345729908	1850	10.816105448012777	0.0	1060487	5055.51433093	1.85
13392.148308661679	1200	12.383142516241817	0.0	584846	2432.96293177	0.5499999999999999
13394.975264544151	1850	13.556186633769666	0.0	913888	2826.95588247	1.2000000000000002
13399.728398613146	2850	12.803052564776266	0.0	1354548	4753.13406899	1.85
13404.097916366876	1850	12.43353481104397	0.0	917428	4369.51775373	0.8500000000000001
13408.320138967201	1850	12.21131221071972	0.0	946851	4222.22260032	1.85
13414.200164726719	1850	10.33128645120102	0.0	1036454	5880.02575952	1.85
13416.504933438046	1200	12.026517739874365	0.0	526950	2304.76871133	0.5499999999999999
13421.968506417308	1850	10.562944760612876	0.0	923170	5463.57297926	1.2000000000000002
13425.188499673463	1200	11.34295150445808	0.0	617242	3219.99325615	0.5499999999999999
13428.672331875396	1850	11.859119302527072	0.0	885714	3483.83220193	1.2000000000000002
13432.32130633812	1850	12.210144839802412	0.0	987708	3648.97446272	1.85
13436.368786834222	1850	12.162664343701266	0.0	923755	4047.4804961	1.85
13440.07963460308	1850	12.451816574842283	0.0	891604	3710.84776886	1.85
13445.573031912256	1850	10.958419265664784	0.0	955231	5493.39730918	1.85
13448.345781437527	1200	12.18566974039381	0.0	656471	2772.74952527	0.5499999999999999
13451.7808802122	1850	12.750570965720948	0.0	874175	3435.09877467	1.2000000000000002
13455.567014006969	1850	12.964437170952984	0.0	897976	3786.13379477	1.85
13459.023527762867	1850	13.507923415053957	0.0	905935	3456.5137559	1.85
13464.480499281788	2850	12.050951896132338	0.0	1547572	5456.97151892	1.85
13467.069171577235	1850	13.462279600685676	0.0	758197	2588.67229545	0.8500000000000001
13472.880421874484	2850	11.651029303436749	0.0	1498470	5811.25029725	1.85
13476.754259005058	1850	11.777192172862524	0.0	975811	3873.83713057	0.8500000000000001
13479.853590754596	1850	12.677860423325495	0.0	873429	3099.33174954	1.85
13483.414576802925	1850	13.116874374997902	0.0	954453	3560.98604833	1.85
13488.654603822866	2850	11.876847355054972	0.0	1358081	5240.02701994	1.85
13493.160241244457	1850	11.371209933464517	0.0	1035329	4505.63742159	0.8500000000000001
13497.632355234256	1850	10.899095943665536	0.0	1026056	4472.1139898	1.85
13499.489130196056	1200	13.042320981865936	0.0	598727	1856.7749618	0.5499999999999999
13503.516339709679	2850	13.015111468242985	0.0	1139291	4027.20951362	1.2000000000000002
13510.157505806896	2850	10.373945371027581	0.0	1499009	6641.16609722	2.85
13512.610163585316	1200	11.921287592605655	0.0	605884	2452.65777842	-0.44999999999999996
13516.32960173847	1850	12.20184943945152	0.0	930577	3719.43815315	1.2000000000000002
13519.696610335828	1850	12.834840842093044	0.0	858450	3367.00859736	1.85
13524.486947899344	1850	12.04450327857746	0.0	1025005	4790.33756352	1.85
13529.264534308653	1850	11.266916869267039	0.0	886255	4777.58640931	1.85
13534.12967441419	1850	10.401776763730012	0.0	973972	4865.14010554	1.85
13537.483970181791	1200	11.047480996128064	0.0	630203	3354.2957676	0.5499999999999999
13543.605361364043	1850	8.926089813874729	0.0	982064	6121.39118225	1.2000000000000002
13545.870384786653	750	10.661066391265772	0.0	331053	2265.02342261	-0.3500000000000001
13551.07246684231	1200	9.458984335608182	0.0	550906	5202.08205566	0.75

