22154.473612391896	750	4.0	2.8795271441315147	450283	2879.52714413	-11.631966719765513
22155.545161832415	300	6.928450559481035	0.0	155580	1071.54944052	-0.15000000000000002
22156.75028898291	300	9.723323408987202	0.0	139857	1205.12715049	0.3
22160.093986584707	1200	10.37962580718787	0.0	617681	3343.6976018	0.29999999999999993
22163.433241195133	1200	11.040371196763093	0.0	652874	3339.25461042	1.2
22167.67283012609	1850	10.800782265806669	0.0	801058	4239.58893096	1.2000000000000002
22170.663952508603	1200	11.80965988329405	0.0	561791	2991.12238251	0.5499999999999999
22175.166521118994	1850	11.307091272900037	0.0	1060487	4502.56861039	1.2000000000000002
22179.14692448221	1850	11.326687909681755	0.0	852833	3980.40336322	1.85
22183.11707430509	1850	11.356538086802594	0.0	913888	3970.14982288	1.85
22187.0310846185	1850	11.442527773394774	0.0	939819	3914.01031341	1.85
22191.040801593525	1850	11.432810798367154	0.0	917428	4009.71697503	1.85
22194.784364080828	1850	11.689248311061249	0.0	946851	3743.56248731	1.85
22199.167790293937	1850	11.305822097953703	0.0	1036454	4383.42621311	1.85
22202.746217162472	1850	11.7273952294165	0.0	821631	3578.42686854	1.85
22206.478967764684	1850	11.994644627205988	0.0	923170	3732.75060221	1.85
22209.471886803592	1850	13.001725588296194	0.0	966699	2992.91903891	1.85
22213.507890063574	2850	12.965722328317819	0.0	1358801	4036.00325998	1.85
22216.27914117429	1850	14.194471217601906	0.0	987708	2771.25111072	0.8500000000000001
22220.30769226768	2850	14.165920124209633	0.0	1336050	4028.55109339	1.85
22224.296613836876	2850	14.176998555015068	0.0	1415116	3988.92156919	2.85
22229.041502012573	2850	13.432110379317383	0.0	1468126	4744.8881757	2.85
22233.45233317557	2850	13.021279216321306	0.0	1505760	4410.831163	2.85
22239.21168945453	2850	11.261922937361252	0.0	1323990	5759.35627896	2.85
22243.466797318568	1850	11.006815073322457	0.0	897976	4255.10786404	0.8500000000000001
22248.50868851601	1850	9.964923875880233	0.0	905935	5041.89119744	1.85
22250.668223494424	1200	11.805388897465349	0.0	696376	2159.53497841	0.5499999999999999
22252.61440103723	1850	13.859211354657814	0.0	758197	1946.17754281	1.2000000000000002
22257.182597469324	2850	13.291014922566351	0.0	1498470	4568.19643209	1.85
22263.244810444747	2850	11.228801947143998	0.0	1561263	6062.21297542	2.85
22266.359932925774	1850	12.113679466112899	0.0	873429	3115.12248103	0.8500000000000001
22269.035130876473	1850	13.438481515415367	0.0	954453	2675.1979507	1.85
22274.42293102431	2850	12.050681367580797	0.0	1358081	5387.80014783	1.85
22282.195849682743	1850	8.277762709147078	0.0	1035329	7772.91865843	0.8500000000000001
22284.406355576266	750	10.067256815625747	0.0	401088	2210.50589352	-0.3500000000000001
22288.818362789956	1200	9.655249601934887	0.0	598727	4412.00721369	0.75
22291.600714637807	1200	10.872897754082786	0.0	487812	2782.35184785	1.2
22293.41117762064	1200	13.062434771250144	0.0	575591	1810.46298283	1.2
22301.616804129397	2850	8.856808262494807	0.0	1427478	8205.62650876	1.2000000000000002
22304.745641441066	750	9.72797095082462	0.0	390680	3128.83731167	-1.35
22308.927075401207	1200	9.546536990685345	0.0	566904	4181.43396014	0.75
22313.440554880446	1200	9.0330575114442	0.0	641452	4513.47947924	1.2
22317.12649540545	1200	9.347116986441653	0.0	599477	3685.940525	1.2
22320.918849431386	1200	9.554762960509573	0.0	634861	3792.35402593	1.2
22326.24351029532	1200	8.230102096572908	0.0	630203	5324.66086394	1.2
22327.93860191002	750	10.535010481872876	0.0	393804	1695.0916147	0.3
22330.34079834788	1200	12.132814044016028	0.0	538612	2402.19643786	0.75
22334.22788518193	1850	12.245727209966788	0.0	846370	3887.08683405	1.2000000000000002

