19322.506113938918	750	4.0	2.5666375880646495	450283	2566.63758806	-10.286541628677993
19324.3235522907	300	6.182561648215025	0.0	155580	1817.43835178	-0.15000000000000002
19326.333819734307	300	8.172294204606002	0.0	139857	2010.26744361	0.3
19336.011264047585	750	4.0	1.505150108669145	382355	9677.44431328	-6.172145467277323
19338.416263221876	300	5.595000825710081	0.0	163442	2404.99917429	-0.15000000000000002
19340.33352655498	300	7.677737492607126	0.0	126289	1917.2633331	0.3
19347.977822459266	750	4.033441588320617	0.0	352642	7644.29590429	0.3
19351.740513087694	300	4.2707509598916875	0.0	173849	3762.69062843	-0.15000000000000002
19354.390941507194	300	5.620322540389576	0.0	150710	2650.4284195	0.3
19356.081186110685	300	7.930077936897307	0.0	139105	1690.24460349	0.3
19361.468100083348	750	6.543163964237413	0.0	353220	5386.91397266	0.3
19363.75876452353	300	8.2524995240549	0.0	156148	2290.66444018	-0.15000000000000002
19367.330306437358	750	8.680957610225171	0.0	386351	3571.54191383	0.3
19371.26101459994	750	8.750249447645722	0.0	434409	3930.70816258	0.75
19375.036248536166	750	8.975015511416123	0.0	337059	3775.23393623	0.75
19385.3381171662	750	4.0	1.3268531186177552	366214	10301.86863	-4.955468410056347
19387.186270307735	300	6.15184685846399	0.0	143509	1848.15314154	-0.15000000000000002
19388.79831615009	300	8.539801016111172	0.0	150616	1612.04584235	0.3
19392.54543566276	750	8.792681503439242	0.0	405596	3747.11951267	0.3
19395.64677414839	750	9.691343017812532	0.0	350713	3101.33848563	0.75
19411.794834122713	1200	4.0	6.4567169565099505	601738	16148.0599743	-27.013882912992784
19421.42817944446	300	4.0	5.633345321750221	157812	9633.34532175	-24.82338488352595
19424.38093022539	300	5.0472492190729685	0.0	163927	2952.75078093	0.3
19432.12630413723	300	4.0	2.698124692765826	137654	7745.37391184	-11.301936178893051
19443.64445253566	300	4.0	7.518148398428298	146754	11518.1483984	-32.028038113241685
19448.307221783085	300	4.0	0.6627692474275982	153938	4662.76924743	-2.5499077639386725
19456.66888338054	300	4.0	4.361661597451455	181901	8361.66159745	-18.455144869041256
19460.198752488835	300	4.470130891704849	0.0	111155	3529.8691083	0.3
19466.672049569617	300	4.0	2.0031661890762518	153605	6473.29708078	-8.313614613027882
19470.503676729983	300	4.168372839635371	0.0	149029	3831.62716036	0.3
19473.79034311856	300	4.881706451056567	0.0	157421	3286.66638858	0.3
19476.973855725337	300	5.69819384427781	0.0	157488	3183.51260678	0.3
19478.66853256281	300	8.003517006802673	0.0	143881	1694.67683748	0.3
19482.683918602313	750	7.988130967299151	0.0	412837	4015.3860395	0.3
19485.969952979485	750	8.702096590126626	0.0	401088	3286.03437717	0.75
19497.351676016686	750	4.0	2.679626447071025	365161	11381.7230372	-10.772393722405408
19514.83836657642	300	4.0	13.48669055973256	131610	17486.6905597	-58.142769406850014
19518.43120526217	300	4.407161314245357	0.0	124011	3592.83868575	0.3
19519.933819579055	300	6.904546997364456	0.0	144254	1502.61431688	0.3
19521.20354476192	300	9.63482181449921	0.0	149991	1269.72518287	0.3
19525.284962852398	1200	9.553403724016821	0.0	566904	4081.41809048	0.29999999999999993
19532.08620456054	1200	6.75216201587559	0.0	641452	6801.24170814	1.2
19533.396912342345	300	9.441454234070935	0.0	145210	1310.7077818	-0.6000000000000001
19539.69290647709	1200	7.145460099323321	0.0	634861	6295.99413475	0.29999999999999993
19541.89707871605	750	8.941287860363747	0.0	398987	2204.17223896	0.3
19545.037264410974	750	9.801102165441389	0.0	393804	3140.18569492	0.75
19548.559345297715	1200	10.279021278697192	0.0	538612	3522.08088674	0.75
19552.665654073662	1200	10.172712502752427	0.0	550906	4106.30877594	1.2

