14328.02501852646	750	4.0	2.771149001814882	450283	2771.14900181	-11.165940707803992
14329.210098693118	300	6.814919833341804	0.0	155580	1185.08016666	-0.15000000000000002
14330.179514172702	300	9.845504353757491	0.0	139857	969.415479584	0.3
14334.24993662498	1200	9.775081901479775	0.0	617681	4070.42245228	0.29999999999999993
14337.876337318678	1200	10.14868120778106	0.0	652874	3626.4006937	1.2
14343.1112444242	1200	8.913774102256822	0.0	520315	5234.90710552	1.2
14346.855188283924	750	9.169830242534232	0.0	352642	3743.94385972	0.3
14352.110428264497	1200	7.914590261960473	0.0	709534	5255.23998057	0.75
14354.647957971276	750	9.377060555180064	0.0	374758	2537.52970678	0.3
14357.757469201584	1200	10.267549324873164	0.0	560821	3109.51123031	0.75
14361.718660890776	1200	10.306357635679051	0.0	607410	3961.19168919	1.2
14365.216365406604	1200	10.808653119850554	0.0	594078	3497.70451583	1.2
14369.163480457326	1200	10.861538069128244	0.0	624282	3947.11505072	1.2
14373.686109143002	1200	10.338909383452481	0.0	687371	4522.62868568	1.2
14377.153417709216	1200	10.87160081723813	0.0	526950	3467.30856621	1.2
14381.046391496695	1200	10.978627029759569	0.0	587876	3892.97378748	1.2
14385.045891222562	1200	10.979127303891913	0.0	617242	3999.49972587	1.2
14388.63879047871	1200	11.38622804774431	0.0	581493	3592.89925615	1.2
14394.71888419192	1850	9.306134334535706	0.0	987708	6080.09371321	1.2000000000000002
14398.272328655277	1200	9.75268987117922	0.0	586839	3553.44446336	0.5499999999999999
14401.921800104605	1200	10.103218421850038	0.0	601738	3649.47144933	1.2
14405.627856924284	1200	10.397161602171705	0.0	616206	3706.05681968	1.2
14409.909724095278	1200	10.11529443117776	0.0	656471	4281.86717099	1.2
14413.229057970584	1200	10.79596055587165	0.0	536667	3319.33387531	1.2
14417.607316554231	1200	10.417701972223773	0.0	587236	4378.25858365	1.2
14424.25044186948	1200	7.77457665697429	0.0	590335	6643.12531525	1.2
14426.918812329437	750	9.10620619701808	0.0	425781	2668.37045996	0.3
14433.322120547768	1200	6.702897978687454	0.0	487160	6403.30821833	0.75
14434.579867141141	300	9.445151385315235	0.0	153605	1257.74659337	-0.6000000000000001
14444.184747649311	1200	4.0	0.159729122855495	641447	9604.88050817	-0.3868352282786286
14445.378209838413	300	6.806537810898504	0.0	157421	1193.4621891	-0.6000000000000001
14446.41299811064	300	9.771749538672955	0.0	157488	1034.78827223	0.3
14452.12399631669	1200	8.060751332621013	0.0	584349	5710.99820605	0.29999999999999993
14455.132014167162	750	9.052733482150108	0.0	412837	3008.01785047	0.3
14464.788951436527	1200	4.0	0.6042037872150213	690253	9656.93726937	-1.8480762850245918
14466.81913028474	300	5.969821151784752	0.0	159914	2030.17884822	-0.6000000000000001
14469.553817582559	300	7.235133853967732	0.0	131610	2734.68729782	0.3
14472.44427911126	750	8.344672325265252	0.0	361565	2890.4615287	0.3
14474.928261517098	750	9.860689919428205	0.0	378327	2483.98240584	0.75
14479.217689506459	1200	9.571261930069008	0.0	587506	4289.42798936	0.75
14482.262792879194	1200	10.526158557332655	0.0	566904	3045.10337274	1.2
14485.189079690657	1200	11.599871745869988	0.0	641452	2926.28681146	1.2
14490.20299227758	1850	10.585959158948757	0.0	886255	5013.91258692	1.2000000000000002
14493.594732016572	1200	11.194219419955076	0.0	634861	3391.73973899	0.5499999999999999
14500.821184812863	1850	7.96776662366479	0.0	958994	7226.45279629	1.2000000000000002
14505.158572864975	750	7.630378571551976	0.0	393804	4337.38805211	-0.3500000000000001
14507.103445140328	750	9.685506296199426	0.0	331053	1944.87227535	0.75
14510.867049780016	1200	9.921901656513194	0.0	550906	3763.60463969	0.75

