27918.349898282617	750	4.0	1.1811118479098754	450283	1181.11184791	-4.328780946012464
27918.66108716005	300	7.6888111225655456	0.0	155580	311.188877434	-0.15000000000000002
27919.28661784473	750	11.063280437886402	0.0	350812	625.530684679	0.3
27921.397459659544	1850	12.952438623073451	0.0	933276	2110.84181481	0.75
27922.773291564212	1850	15.576606718403767	0.0	996749	1375.83190467	1.85
27924.285714778256	4300	18.064183504361164	0.0	1941625	1512.42321404	1.8499999999999996
27925.680875272206	4300	20.669023010410353	0.0	2157535	1395.16049395	4.3
27926.787311861975	4300	23.56258642064012	0.0	2290172	1106.43658977	4.3
27927.69053328447	4300	26.659364998146575	0.0	2055469	903.221422494	4.3
27928.619493536557	4300	29.73040474605949	0.0	2169201	928.960252087	4.3
27929.50823982784	4300	32.84165845477813	0.0	2173522	888.746291281	4.3
27930.274315118364	4300	36.07558316425001	0.0	2102452	766.075290528	4.3
27931.126687245738	4300	39.22321103687783	0.0	2209463	852.372127372	4.3
27932.022813414194	4300	42.32708486842239	0.0	2275376	896.126168455	4.3
27932.802092987436	4300	45.54780529518057	0.0	2005399	779.279573242	4.3
27933.605894953318	4300	48.74400332929872	0.0	2152483	803.801965882	4.3
27934.451038103896	4300	51.898860178717904	0.0	2289689	845.143150581	4.3
27935.21788185142	4300	55.13201643119436	0.0	2059512	766.843747524	4.3
27936.04163187235	4300	58.30826641026229	0.0	2220726	823.750020932	4.3
27937.10930780841	4300	59.94535116105654	0.0	2156729	862.915249206	4.3
27938.22500261811	4300	59.69988409963264	0.0	2039773	745.467061424	4.3
27939.41218363008	4300	59.750907467788	0.0	2176469	948.976631844644	4.3
27940.47508946703	4300	59.79905673937208	0.0	2221506	951.8507284159228	4.3
27942.103290452655	4300	59.750483800827524	0.0	2044075	1548.5729385445495	4.3
27944.570716030656	4300	59.76608503536795	0.0	2186790	1484.3987654595783	4.3
27946.604880132134	4300	59.70051639089891	0.0	2105231	1065.5686444690375	4.3
27950.209324732426	4300	59.59309181925806	0.0	2395588	2607.4245716408473	4.3
27951.893679045366	4300	59.709424677113894	0.0	1972048	883.6671421441688	4.3
27953.732289400312	4300	59.64996308503957	0.0	2134614	1059.4615920743254	4.3
27955.091267407737	4300	59.82004846276206	0.0	2164140	829.9146222775105	4.3
27956.062402221913	4300	59.8090127482487	0.0	2113193	511.035714513	4.3
27956.720064009678	4300	59.920731404197255	0.0	2147852	388.281344051	4.3
27957.694617455414	4300	59.77814490318545	0.0	2191074	642.586501012	4.3
27958.67138587854	4300	59.665744163986055	0.0	2286761	612.400739199	4.3
27959.778421572602	4300	59.50441015891654	0.0	2307787	661.33400507	4.3
27961.41178294118	4300	59.870580319124876	0.0	2143948	633.829839792	4.3
27962.745770352445	4300	59.913352377885374	0.0	1919781	457.2279412395001	4.3
27963.80509594869	4300	59.53206931477563	0.0	2147467	881.2830631097434	4.3
27965.648233668075	4300	59.65952172164957	0.0	2133870	872.547593126	4.3
27967.524904879465	4300	59.665981179082635	0.0	2146120	993.5405425669278	4.3
27969.424910602578	4300	59.86804365194168	0.0	2108491	1297.9375271409483	4.3
27970.672907467677	4300	59.75507931737387	0.0	2184571	612.9643345678098	4.3
27971.905587766843	4300	59.66625543305797	0.0	2121928	588.8238843159083	4.3
27972.73449584044	4300	59.78272960368765	0.0	2219102	383.52582937	4.3
27973.599450496346	4300	59.78394339784446	0.0	2124950	498.786205843	4.3
27974.447654720076	4300	59.752925511012705	0.0	2246506	531.017886832	4.3
27975.365474093116	4300	59.662608992939205	0.0	1961140	590.316518074	4.3
27976.055817198332	4300	59.69068886781645	0.0	2155012	471.920125123	4.3

