9080.723454449844	750	4.0	2.3888501576206145	450283	2388.85015762	-9.522055677768641
9081.69424696332	300	7.029207486523076	0.0	155580	970.792513477	-0.15000000000000002
9084.1702224349	750	8.553232014943752	0.0	350812	2475.97547158	0.3
9086.560816025683	750	10.162638424158517	0.0	382355	2390.59359079	0.75
9089.649358795592	1200	11.074095654249374	0.0	652874	3088.54276991	0.75
9092.567848802828	1850	12.15560564701399	0.0	801058	2918.49000724	1.2000000000000002
9095.222215254995	1850	13.501239194847829	0.0	905515	2654.36645217	1.85
9104.313443618483	2850	8.410010831359049	0.0	1638769	9091.22836349	1.85
9106.130222371601	750	10.593232078240922	0.0	374758	1816.77875312	-1.35
9108.967108751694	1200	11.756345698147905	0.0	560821	2836.88638009	0.75
9112.058829428926	1850	12.66462502091521	0.0	939819	3091.72067723	1.2000000000000002
9115.607524986654	1850	13.115929463189431	0.0	917428	3548.69555773	1.85
9120.324616564196	2850	12.398837885647145	0.0	1422919	4717.09157754	1.85
9123.549245564114	1850	13.174208885727921	0.0	1036454	3224.62899992	0.8500000000000001
9127.635322413966	2850	13.088132035876074	0.0	1231445	4086.07684985	1.85
9131.154926869187	2850	13.568527580655307	0.0	1471065	3519.60445522	2.85
9135.610829621934	2850	13.112624827908597	0.0	1491626	4455.90275275	2.85
9140.918809130966	2850	11.804645318876183	0.0	1358801	5307.97950903	2.85
9145.466821791553	1850	11.256632658288515	0.0	987708	4548.01266059	0.8500000000000001
9148.988482921544	1850	11.734971528298761	0.0	923755	3521.66112999	1.85
9153.256627346704	1850	11.466827103138973	0.0	891604	4268.14442516	1.85
9157.03077933345	1850	11.692675116393525	0.0	955231	3774.15198675	1.85
9160.735223686	1850	11.98823076384225	0.0	968026	3704.44435255	1.85
9164.373902233658	1850	12.349552216183634	0.0	874175	3638.67854766	1.85
9168.621179333062	1850	12.102275116779625	0.0	897976	4247.2770994	1.85
9171.365533367045	1850	13.35792108279679	0.0	905935	2744.35403398	1.85
9180.728451200954	2850	7.995003248886609	0.0	1547572	9362.91783391	1.85
9183.223368026374	750	9.500086423467753	0.0	277716	2494.91682542	-1.35
9188.090317343142	1200	8.633137106700659	0.0	622896	4866.94931677	0.75
9191.049453787955	750	9.674000661887508	0.0	400508	2959.13644481	0.3
9195.747572367383	1200	8.975882082459389	0.0	570392	4698.11857943	0.75
9199.577752296847	750	9.145702152993731	0.0	400322	3830.17992947	0.3
9204.351723138867	1200	8.371731310975694	0.0	584349	4773.97084202	0.75
9206.860328282432	750	9.863126167412531	0.0	412837	2508.60514356	0.3
9210.285085254718	1200	10.438369195125746	0.0	690253	3424.75697229	0.75
9212.800593505452	1200	11.922860944391408	0.0	598727	2515.50825073	1.2
9216.334831948254	1850	12.38862250158948	0.0	728962	3534.2384428	1.2000000000000002
9220.473113865162	1850	12.250340584680773	0.0	938587	4138.28191691	1.85
9225.175168972244	1850	11.548285477599054	0.0	908665	4702.05510708	1.85
9230.0969027487	1850	10.626551701142882	0.0	930577	4921.73377646	1.85
9232.90507109881	1200	11.818383351033571	0.0	566904	2808.16835011	0.5499999999999999
9237.168520793788	1850	11.554933656055706	0.0	1025005	4263.44969498	1.2000000000000002
9240.960743717418	1850	11.762710732424406	0.0	886255	3792.22292363	1.85
9246.315357714091	1850	10.408096735753293	0.0	973972	5354.61399667	1.85
9249.81333188073	1200	10.910122569113952	0.0	630203	3497.97416664	0.5499999999999999
9253.338588087658	1200	11.384866362186605	0.0	638661	3525.25620693	1.2
9256.400761506153	1850	12.322692943690242	0.0	830730	3062.1734185	1.2000000000000002
9259.582700319352	1850	13.140754130491489	0.0	846370	3181.9388132	1.85

