23198.051765645603	750	4.0	0.8178588912444568	450283	817.858891244	-2.766793232351164
23198.38670772936	300	7.6650579162442005	0.0	155580	334.942083756	-0.15000000000000002
23198.938282833053	750	11.11348281255681	0.0	350812	551.575103687	0.3
23200.563381581083	1850	13.48838406452498	0.0	933276	1625.09874803	0.75
23202.350618125005	2850	15.701147520600914	0.0	1472558	1787.23654392	1.85
23204.748235185805	4300	17.303530459801163	0.0	1941625	2397.6170608	2.8499999999999996
23213.839198864796	4300	12.212566780811203	0.0	2157535	9090.96367899	4.3
23218.729965836537	1850	11.321799809071791	0.0	1060487	4890.76697174	-0.6000000000000001
23220.953363524837	1850	13.098402120773857	0.0	852833	2223.3976883	1.85
23224.353100551816	2850	13.69866509379239	0.0	1429765	3399.73702698	1.85
23239.50285731258	2850	4.0	1.4510916669692597	1354548	15149.7567608	-3.3896941679678165
23240.267627899335	300	7.235229413246034	0.0	156148	764.770586754	-2.25
23242.43100474469	750	9.071852567891039	0.0	386351	2163.37684535	0.3
23246.107826661253	1200	9.395030651328327	0.0	687371	3676.82191656	0.75
23259.018941471368	1200	4.0	3.5160841587901013	526950	12911.1148101	-13.919161882797436
23259.85673683426	300	7.162204637109245	0.0	138313	837.795362891	-0.6000000000000001
23262.12174196389	750	8.897199507479447	0.0	360831	2265.00512963	0.3
23264.147069753133	750	10.87187171823479	0.0	372963	2025.32778924	0.75
23267.374215860465	1200	11.644725610905239	0.0	639204	3227.14610733	0.75
23268.61936855271	1850	14.399572918656437	0.0	923755	1245.15269225	1.2000000000000002
23270.293477998926	2850	16.725463472439777	0.0	1415116	1674.10944622	1.85
23272.83901899112	4300	18.17992248024845	0.0	2176469	2545.54099219	2.8499999999999996
23276.1829028855	4300	18.836038585869623	0.0	2221506	3343.88389438	4.3
23278.128883497986	4300	20.890057973381886	0.0	2044075	1945.98061249	4.3
23279.223299286423	4300	23.79564218494785	0.0	2186790	1094.41578843	4.3
23280.829784379464	4300	26.189157091906587	0.0	2105231	1606.48509304	4.3
23282.474129206414	4300	28.544812264954878	0.0	2395588	1644.34482695	4.3
23283.69062062509	4300	31.328320846281148	0.0	1972048	1216.49141867	4.3
23284.94741762796	4300	34.07152384341367	0.0	2134614	1256.79700287	4.3
23286.560840333717	4300	36.45810113765282	0.0	2164140	1613.42270576	4.3
23288.281792985188	4300	38.73714848618259	0.0	2113193	1720.95265147	4.3
23290.714235534524	4300	40.30470593684953	0.0	2147852	2432.44254933	4.3
23293.983009669217	4300	41.03593180215522	0.0	2191074	3268.77413469	4.3
23297.08086977116	4300	41.93807170021477	0.0	2286761	3097.86010194	4.3
23311.954408332465	4300	31.064533138909493	0.0	2307787	14873.5385613	4.3
23369.163949140337	4300	4.0	26.145007668961092	2143948	57209.5408079	-108.1235329765327
23369.3621672456	300	7.801781894736842	0.0	131610	198.218105263	-3.7
23369.76694142104	750	11.397007719298246	0.0	361565	404.774175439	0.3
23370.65259991216	1850	14.511349228178627	0.0	908665	885.65849112	0.75
23372.41697444719	2850	16.746974693147962	0.0	1402287	1764.37453503	1.85
23375.075069319206	4300	18.08887982113115	0.0	2108491	2658.09487202	2.8499999999999996
23378.891567831713	4300	18.272381308624507	0.0	2184571	3816.49851251	4.3
23384.52677347502	4300	16.63717566531714	0.0	2121928	5635.20564331	4.3
23390.41745833619	4300	14.746490804149895	0.0	2219102	5890.68486117	4.3
23392.807605183247	2850	16.35634395709219	0.0	1464921	2390.14684706	1.4000000000000001
23395.508916423874	4300	17.655032716462433	0.0	2246506	2701.31124063	2.8499999999999996
23397.921104018165	4300	19.242845122172028	0.0	1961140	2412.18759429	4.3
23410.31989132561	4300	10.844057814731924	0.0	2155012	12398.7873074	4.3

