25420.391808679873	750	4.0	2.820180386267593	450283	2820.18038627	-11.37677566095065
25421.533855712285	300	6.857952967588268	0.0	155580	1142.04703241	-0.15000000000000002
25422.48829708717	300	9.903511592699932	0.0	139857	954.441374888	0.3
25427.832265775156	1200	8.559542904713238	0.0	617681	5343.96868799	0.29999999999999993
25430.93674612242	750	9.45506255744897	0.0	411561	3104.48034726	0.3
25435.0900339506	1200	9.30177472926795	0.0	520315	4153.28782818	0.75
25440.42509412613	1200	7.96671455373631	0.0	561791	5335.06017553	1.2
25444.602192363574	750	7.789616316291512	0.0	437162	4177.09823744	0.3
25446.91733919056	750	9.474469489306877	0.0	374758	2315.14682698	0.75
25450.569620639595	1200	9.822188040273595	0.0	560821	3652.28144903	0.75
25455.39400872512	1200	8.997799954748693	0.0	607410	4824.38808552	1.2
25457.711123251793	750	10.680685428077721	0.0	405134	2317.11452667	0.3
25462.84268227101	1200	9.549126408858312	0.0	624282	5131.55901922	0.75
25467.580107731377	1200	8.811700948494872	0.0	687371	4737.42546036	1.2
25469.924687781	750	10.467120898871743	0.0	337059	2344.58004962	0.3
25473.428473242788	1200	10.963335437079055	0.0	587876	3503.78546179	0.75
25476.846958821225	1200	11.544849858641738	0.0	617242	3418.48557844	1.2
25481.939848260557	1850	10.451960419309835	0.0	885714	5092.88943933	1.2000000000000002
25485.277418198693	1200	11.114390481176992	0.0	639204	3337.56993813	0.5499999999999999
25489.967189396186	1850	10.424619283682652	0.0	923755	4689.77119749	1.2000000000000002
25493.6762669464	1200	10.715541733467106	0.0	601738	3709.07755022	0.5499999999999999
25499.001938943107	1200	9.389869736762478	0.0	616206	5325.6719967	1.2
25505.02522406625	1200	7.366584613619163	0.0	656471	6023.28512314	1.2
25506.551356880802	750	9.840451799065297	0.0	343800	1526.13281455	0.3
25512.810491315293	1200	7.581317364573003	0.0	587236	6259.13443449	0.75
25518.759888433196	750	5.63192024667164	0.0	379700	5949.3971179	0.3
25521.11219993602	300	7.2796087438510115	0.0	181901	2352.31150282	-0.15000000000000002
25524.988343832447	750	7.403464847420677	0.0	277716	3876.14389643	0.3
25531.215100032998	750	5.17670864687287	0.0	400396	6226.75620055	0.75
25531.87476795569	300	8.5170407241793	0.0	149029	659.667922694	-0.15000000000000002
25533.34810404418	750	11.04370463569018	0.0	358218	1473.33608849	0.3
25541.2992427464	1850	7.092565933468944	0.0	954453	7951.13870222	0.75
25545.114312885056	750	7.277495794813103	0.0	369834	3815.07013866	-0.3500000000000001
25550.350444921005	750	6.041363758866067	0.0	412837	5236.13203595	0.75
25551.127321029133	300	9.264487650736953	0.0	179328	776.876108129	-0.15000000000000002
25556.40820034442	1200	7.983608335450908	0.0	598727	5280.87931529	0.29999999999999993
25560.690093725476	750	7.70171495439547	0.0	321064	4281.89338106	0.3
25566.23598531115	750	6.155823368723756	0.0	361565	5545.89158567	0.75
25567.486884968883	300	8.904923710987655	0.0	144254	1250.89965774	-0.15000000000000002
25570.962246550593	750	9.429562129278514	0.0	390680	3475.36158171	0.3
25582.078034441718	1200	4.0	1.6862257618460281	566904	11115.7878911	-6.50077077593792
25584.596521419277	300	5.481513022442445	0.0	161857	2518.48697756	-0.6000000000000001
25587.99417802879	300	6.083856412926651	0.0	145210	3397.65660952	0.3
25590.355700703403	300	7.722333738315595	0.0	172312	2361.52267461	0.3
25596.04739307212	750	6.030641369598464	0.0	398987	5691.69236872	0.3
25598.22594571974	300	7.852088721978778	0.0	160064	2178.55264762	-0.15000000000000002
25605.124696657003	750	4.953337784716923	0.0	331053	6898.75093726	0.3
25606.765306161986	300	7.3127282797338085	0.0	118421	1640.60950498	-0.15000000000000002

