2696.6694777692887	750	4.0	3.9421098754676374	450283	3942.10987547	-16.20107246451084
2698.0314611952567	300	6.63801657403223	0.0	155580	1361.98342597	-0.15000000000000002
2699.322164665751	300	9.347313103537813	0.0	139857	1290.70347049	0.3
2706.23417774102	1200	6.435300028268994	0.0	617681	6912.01307527	0.29999999999999993
2708.7402890389517	300	7.929188730337679	0.0	163442	2506.11129793	-0.6000000000000001
2710.9134792354203	750	9.755998533868913	0.0	318564	2173.19019647	0.3
2714.3454931859105	1200	10.323984583379065	0.0	561791	3432.01395049	0.75
2718.665271331852	1200	10.00420643743708	0.0	709534	4319.77814594	1.2
2723.3146431260197	1200	9.3548346432695	0.0	584846	4649.37179417	1.2
2728.000492347184	1200	8.668985422105496	0.0	560821	4685.84922116	1.2
2732.5711901658797	750	8.098287603409329	0.0	353220	4570.6978187	0.3
2738.784951975978	750	5.884525793311028	0.0	405134	6213.7618101	0.75
2740.8467609394174	300	7.822716829871641	0.0	160746	2061.80896344	-0.15000000000000002
2745.7427410800933	750	6.926736689195749	0.0	434409	4895.98014068	0.3
2747.063832059555	300	9.605645709734151	0.0	140051	1321.09097946	-0.15000000000000002
2752.492588532109	1200	8.176889237180255	0.0	587876	5428.75647255	0.29999999999999993
2755.741056221964	750	8.92842154732531	0.0	360831	3248.46768985	0.3
2759.3447382452664	750	9.324739524022679	0.0	372963	3603.6820233	0.75
2766.6977094536796	1200	5.971768315609456	0.0	639204	7352.97120841	0.75
2770.7221080925324	300	5.947369676756582	0.0	140881	4024.39863885	-0.6000000000000001
2772.522002265718	300	8.147475503570895	0.0	157671	1799.89417319	0.3
2776.824639595804	750	7.844838173485401	0.0	399894	4302.63733009	0.3
2783.5188591673423	750	5.150618601947066	0.0	401853	6694.21957154	0.75
2785.021425317473	300	7.648052451815898	0.0	137654	1502.56615013	-0.15000000000000002
2792.092090700839	750	4.577387068450164	0.0	359903	7070.66538337	0.3
2796.3554297822106	300	4.314047987078433	0.0	153938	4263.33908137	-0.15000000000000002
2799.2279533509977	300	5.441524418291903	0.0	181901	2872.52356879	0.3
2801.0309193318117	300	7.638558437477395	0.0	111155	1802.96598081	0.3
2805.742962419112	750	6.92651535017751	0.0	400396	4712.0430873	0.3
2807.1074795389522	300	9.561998230336785	0.0	149029	1364.51711984	-0.15000000000000002
2814.298903555405	1200	6.370574213883735	0.0	570392	7191.42401645	0.29999999999999993
2815.604843360225	300	9.064634409063816	0.0	157488	1305.93980482	-0.6000000000000001
2820.090017098801	1200	8.579460670487915	0.0	584349	4485.17373858	0.29999999999999993
2823.625201438527	750	9.044276330762543	0.0	412837	3535.18433973	0.3
2828.8642034841882	1200	7.805274285100851	0.0	690253	5239.00204566	0.75
2831.3957143782286	750	9.27376339106062	0.0	365161	2531.51089404	0.3
2835.2813850575976	1200	9.38809271169156	0.0	487812	3885.67067937	0.75
2838.728762585525	1200	9.940715183764084	0.0	575591	3447.37752793	1.2
2842.3584133106533	1200	10.311064458635595	0.0	605884	3629.65072513	1.2
2845.6771018736845	1200	10.992375895604312	0.0	587506	3318.68856303	1.2
2849.3063171116682	1200	11.363160657620647	0.0	566904	3629.21523798	1.2
2855.2899359981097	1850	9.379541771179094	0.0	1025005	5983.61888644	1.2000000000000002
2858.360876867405	1200	10.308600901884212	0.0	599477	3070.94086929	0.5499999999999999
2861.4225088372227	1200	11.246968932066506	0.0	634861	3061.63196982	1.2
2866.256679703032	1850	10.412798066257066	0.0	958994	4834.17086581	1.2000000000000002
2869.103244239913	1200	11.56623352937649	0.0	638661	2846.56453688	0.5499999999999999
2872.959368338439	1850	11.710109430850238	0.0	830730	3856.12409853	1.2000000000000002
2877.3012056292328	1850	11.36827214005635	0.0	846370	4341.83729079	1.85

