7616.7901680329915	750	4.0	0.2974603912430615	450283	297.460391243	-0.5290796823451644
7616.945304086695	300	7.844863946296895	0.0	155580	155.136053703	-0.15000000000000002
7617.194725794316	750	11.595442238675776	0.0	350812	249.421707621	0.3
7617.725443596448	1850	15.064724436542985	0.0	933276	530.717802133	0.75
7619.263436988724	4300	17.526731044267677	0.0	2233056	1537.99339228	1.8499999999999996
7620.260767806698	4300	20.529400226293163	0.0	1941625	997.330817975	4.3
7621.439941362556	4300	23.350226670434736	0.0	2157535	1179.17355586	4.3
7622.601717141106	4300	26.188450891884912	0.0	2290172	1161.77577855	4.3
7623.60636747066	4300	29.183800562330635	0.0	2055469	1004.65032955	4.3
7624.785230909124	4300	32.00493712386694	0.0	2169201	1178.86343846	4.3
7626.034963961109	4300	34.75520407188221	0.0	2173522	1249.73305198	4.3
7644.316026107404	4300	20.4741419255874	0.0	2102452	18281.0621463	4.3
7647.61113581638	4300	21.179032216611628	0.0	2209463	3295.10970898	4.3
7649.422466194508	4300	23.36770183848256	0.0	2275376	1811.33037813	4.3
7650.52424020633	4300	26.265927826661475	0.0	2005399	1101.77401182	4.3
7651.564678841254	4300	29.225489191737797	0.0	2152483	1040.43863492	4.3
7652.869257074238	4300	31.920910958754092	0.0	2289689	1304.57823298	4.3
7654.19523030329	4300	34.59493772970118	0.0	2059512	1325.97322905	4.3
7655.630658562716	4300	37.1595094702756	0.0	2220726	1435.42825943	4.3
7656.734679719043	4300	40.055488313948935	0.0	2156729	1104.02115633	4.3
7664.084996462976	4300	36.705171570016496	0.0	2039773	7350.31674393	4.3
7668.688473340581	4300	36.10169469241101	0.0	2176469	4603.47687761	4.3
7671.146307739744	4300	37.64386029324788	0.0	2221506	2457.83439916	4.3
7673.290974257834	4300	39.499193775157245	0.0	2044075	2144.66651809	4.3
7675.984121122634	4300	40.80604691035775	0.0	2186790	2693.1468648	4.3
7677.850961959883	4300	42.93920607310933	0.0	2105231	1866.84083725	4.3
7679.299775471067	4300	45.49039256192535	0.0	2395588	1448.81351118	4.3
7680.4397307827285	4300	48.35043725026406	0.0	1972048	1139.95531166	4.3
7681.9789110216325	4300	50.81125701136009	0.0	2134614	1539.1802389	4.3
7683.203392756904	4300	53.586775276088304	0.0	2164140	1224.48173527	4.3
7684.297559728758	4300	56.492608304234686	0.0	2113193	1094.16697185	4.3
7685.512509726242	4300	59.277658306750645	0.0	2147852	1214.94999748	4.3
7686.929772286404	4300	59.50892806891538	0.0	2191074	1268.73023784	4.3
7693.212900960859	4300	57.225799394460225	0.0	2286761	6283.128674455152	4.3
7712.220184013619	4300	42.218516341700585	0.0	2307787	19007.283052759645	4.3
7723.321191813994	4300	35.117508541324874	0.0	2143948	11101.007800375712	4.3
7742.880839215206	4300	19.557861140113463	0.0	1919781	19559.647401211412	4.3
7748.165291947118	4300	18.273408408201046	0.0	2147467	5284.452731912415	4.3
7751.029660827303	4300	19.409039528016116	0.0	2133870	2864.3688801849266	4.3
7753.337936530948	4300	21.10076382437049	0.0	2146120	2308.2757036456283	4.3
7756.292476373234	4300	22.146223982084102	0.0	2108491	2954.539842286387	4.3
7780.599440469808	4300	4.0	2.16074011448877	2184571	24306.964096572872	-4.991182492301712
7781.16162542747	300	7.437815042337705	0.0	145210	562.184957662	-3.7
7782.827596806375	750	9.771843663432747	0.0	438281	1665.9713789049576	0.3
7785.027285231635	1200	11.572155238173204	0.0	630203	2199.6884252595455	0.75
7788.315336623861	1850	12.284103845946545	0.0	982064	3288.0513922266578	1.2000000000000002
7792.8661746282005	1850	11.733265841607496	0.0	830730	4550.838004339049	1.85
7797.425020618875	1850	11.174419850932813	0.0	846370	4558.845990674684	1.85

