1186.1385652425606	750	4.0	0.3458154112937444	450283	345.815411294	-0.7370062685631007
1186.3104087314089	300	7.828156511151696	0.0	155580	171.843488848	-0.15000000000000002
1186.5975034608718	750	11.541061781688711	0.0	350812	287.094729463	0.3
1187.2496196970908	1850	14.888945545469788	0.0	933276	652.116236219	0.75
1188.3213715727898	2850	17.81719366977071	0.0	1472558	1071.7518757	1.85
1189.5507663771684	4300	20.58779886539196	0.0	1941625	1229.39480438	2.8499999999999996
1191.1124752188098	4300	23.02609002375081	0.0	2157535	1561.70884164	4.3
1192.8228167611055	4300	25.31574848145497	0.0	2290172	1710.3415423	4.3
1194.312077847236	4300	27.826487395324442	0.0	2055469	1489.26108613	4.3
1205.8718008610806	4300	20.26676438147976	0.0	2169201	11559.7230138	4.3
1212.09251674856	4300	18.04604849400051	0.0	2173522	6220.71588748	4.3
1233.7543309746675	4300	4.0	3.6157657321071857	2102452	21661.8142261	-11.247792648060898
1235.9160187307882	300	5.838312243879394	0.0	160746	2161.68775612	-3.7
1236.454841059337	300	9.29948991533075	0.0	179801	538.822328549	0.3
1238.4346902550667	1200	11.319640719600969	0.0	526950	1979.84919573	0.29999999999999993
1241.4323341333873	1850	12.32199684128016	0.0	923170	2997.64387832	1.2000000000000002
1244.0389247173005	1850	13.715406257366942	0.0	966699	2606.59058391	1.85
1249.1305277493673	2850	12.623803225300334	0.0	1358801	5091.60303207	1.85
1254.2356098971982	1850	11.518721077469356	0.0	987708	5105.08214783	0.8500000000000001
1256.9525507175654	1850	12.801780257102134	0.0	923755	2716.94082037	1.85
1257.9064562331316	1850	15.847874741535957	0.0	891604	953.905515566	1.85
1260.1095803019955	4300	17.64475067267236	0.0	2176469	2203.12406886	1.8499999999999996
1263.065041691352	4300	18.689289283315933	0.0	2221506	2955.46138936	4.3
1265.948141724718	4300	19.806189249949792	0.0	2044075	2883.10003337	4.3
1277.3026548786456	4300	12.451676096022252	0.0	2186790	11354.5131539	4.3
1278.0186508286279	1850	15.735680146040039	0.0	905935	715.995949982	-0.6000000000000001
1279.4820357431558	4300	18.272295231512135	0.0	2395588	1463.38491453	1.8499999999999996
1280.6233175892446	4300	21.131013385423305	0.0	1972048	1141.28184609	4.3
1281.8380262302705	4300	23.9163047443973	0.0	2134614	1214.70864103	4.3
1283.0927522874292	4300	26.66157868723845	0.0	2164140	1254.72605716	4.3
1284.1349651728121	4300	29.619365801855576	0.0	2113193	1042.21288538	4.3
1285.7417358937935	4300	32.01259508087429	0.0	2147852	1606.77072098	4.3
1286.9807699016837	4300	34.77356107298402	0.0	2191074	1239.03400789	4.3
1294.2085894851962	4300	31.54574148947157	0.0	2286761	7227.81958351	4.3
1308.6110003954366	4300	21.143330579231172	0.0	2307787	14402.4109102	4.3
1310.031552221787	4300	23.722778752880785	0.0	2143948	1420.55182635	4.3
1311.2893732221319	4300	26.464957752535767	0.0	1919781	1257.82100035	4.3
1312.5281480909237	4300	29.226182883744066	0.0	2147467	1238.77486879	4.3
1314.0549233762551	4300	31.699407598412584	0.0	2133870	1526.77528533	4.3
1315.3822930506003	4300	34.37203792406763	0.0	2146120	1327.36967434	4.3
1316.6651245133733	4300	37.08920646129464	0.0	2108491	1282.83146277	4.3
1317.8142460130252	4300	39.940084961642555	0.0	2184571	1149.12149965	4.3
1330.3456384198757	4300	31.40869255479209	0.0	2121928	12531.3924069	4.3
1337.1716684429166	4300	28.582662531751144	0.0	2219102	6826.03002304	4.3
1340.0709907850155	4300	29.683340189652167	0.0	2124950	2899.3223421	4.3
1343.0364285933895	4300	30.717902381278247	0.0	2246506	2965.43780837	4.3
1345.4324399421585	4300	32.32189103250926	0.0	1961140	2396.01134877	4.3
1347.8536221057764	4300	33.90070886889138	0.0	2155012	2421.18216362	4.3

