19552.914236842003	750	4.0	0.24858276834096413	450283	248.582768341	-0.3189059038661457
19553.043340974848	300	7.870895867155614	0.0	155580	129.104132844	-0.15000000000000002
19553.234064197957	750	11.68017264404593	0.0	350812	190.72322311	0.3
19553.60862460858	1850	15.305612233424533	0.0	933276	374.560410621	0.75
19554.430856548315	4300	18.48338029368944	0.0	2233056	822.231939735	1.8499999999999996
19555.23149325843	4300	21.68274358357487	0.0	1941625	800.636710115	4.3
19556.11849670274	4300	24.79574013926416	0.0	2157535	887.003444311	4.3
19557.207757248267	4300	27.70647959373779	0.0	2290172	1089.26054553	4.3
19558.501222487568	4300	30.413014354437376	0.0	2055469	1293.4652393	4.3
19559.14513925321	4300	33.76909758879438	0.0	2169201	643.916765643	4.3
19559.83097726298	4300	37.083259579023114	0.0	2173522	685.838009771	4.3
19560.63103822554	4300	40.28319861646542	0.0	2102452	800.060962558	4.3
19561.953397422243	4300	42.960839419761434	0.0	2209463	1322.3591967	4.3
19563.194727370792	4300	45.719509471212696	0.0	2275376	1241.32994855	4.3
19563.856736280577	4300	49.057500561427894	0.0	2005399	662.008909785	4.3
19564.4473729204	4300	52.466863921602034	0.0	2152483	590.636639826	4.3
19565.040536053923	4300	55.87370078808025	0.0	2289689	593.163133522	4.3
19565.71051609255	4300	59.20372074945244	0.0	2059512	669.980038628	4.3
19567.10990494166	4300	59.958457334342725	0.0	2220726	745.26341511	4.3
19568.726543102213	4300	59.68770097106556	0.0	2156729	770.7563632771652	4.3
19570.140734223707	4300	59.86354630895482	0.0	2039773	824.1546621107501	4.3
19571.63565086702	4300	59.62110621699228	0.0	2176469	742.4400919625296	4.3
19573.00593381334	4300	59.77220301950808	0.0	2221506	848.9031974841978	4.3
19574.05592481972	4300	59.96789739073613	0.0	2044075	804.3056287719517	4.3
19575.33329241584	4300	59.91155628147904	0.0	2186790	1056.3411092570898	4.3
19576.143437014365	4300	59.82749722564805	0.0	2105231	584.059055831	4.3
19577.098020856603	4300	59.67324807587353	0.0	2395588	654.249149775	4.3
19577.579482024128	4300	59.79268483834367	0.0	1972048	380.56323753	4.3
19578.928770555827	4300	59.878489537493934	0.0	2134614	414.19530085	4.3
19580.283191456907	4300	59.87832570237857	0.0	2164140	500.16383511536503	4.3
19581.794884767784	4300	59.76010757992328	0.0	2113193	618.2181224552899	4.3
19583.420830713883	4300	59.60387220108222	0.0	2147852	656.2353788410637	4.3
19585.10764793596	4300	59.70531887367274	0.0	2191074	898.5533274094801	4.3
19587.194618629608	4300	59.76596547418208	0.0	2286761	1439.3533994906527	4.3
19588.696501068855	4300	59.5488329016399	0.0	2307787	717.1325725421855	4.3
19589.53978064817	4300	59.979068045330024	0.0	2143948	569.7648563098782	4.3
19590.433011436595	4300	59.879710012622965	0.0	1919781	599.358032707	4.3
19591.074072996173	4300	59.915615610694864	0.0	2147467	464.094401928	4.3
19591.832792388122	4300	59.8347394935428	0.0	2133870	580.876117152	4.3
19592.677337301375	4300	59.711888674316434	0.0	2146120	622.850819226	4.3
19593.723561687977	4300	59.509623528027426	0.0	2108491	702.265146289	4.3
19595.39634228247	4300	59.805212850937586	0.0	2184571	704.41067709	4.3
19596.2008535238	4300	59.59714218897663	0.0	2121928	708.0706619609492	4.3
19596.899127969435	4300	59.505725255839195	0.0	2219102	591.416933137	4.3
19598.365379180064	4300	59.7865284067778	0.0	2124950	719.196849061	4.3
19599.524948538387	4300	59.7902709083985	0.0	2246506	496.2574983793018	4.3
19600.4933563484	4300	59.847722933361915	0.0	1961140	442.547975036575	4.3
19601.542364223216	4300	59.79564891344401	0.0	2155012	552.074019918	4.3

