32913.60979903755	750	4.0	5.804132024977699	450283	5804.13202498	-24.207767707404106
32917.01901463964	300	4.5907843979080845	0.0	155580	3409.21560209	-0.15000000000000002
32917.4797916063	300	8.13000743124312	0.0	139857	460.776966665	0.3
32918.718956858094	750	10.89084217945149	0.0	382355	1239.16525179	0.3
32920.85810078156	1200	12.751698255991476	0.0	652874	2139.14392346	0.75
32923.1707212231	1850	14.439077814451384	0.0	801058	2312.62044154	1.2000000000000002
32927.38413914416	2850	14.225659893387503	0.0	1388403	4213.41792106	1.85
32928.57542225763	2850	17.034376779913845	0.0	1638769	1191.28311347	2.85
32929.63538941257	4300	19.974409624969745	0.0	2055469	1059.96715494	2.8499999999999996
32930.83281975221	4300	22.776979285326885	0.0	2169201	1197.43033964	4.3
32932.06170821878	4300	25.548090818759313	0.0	2173522	1228.88846657	4.3
32933.63061014866	4300	27.979188888883282	0.0	2102452	1568.90192988	4.3
32935.430708727676	4300	30.17909030986638	0.0	2209463	1800.09857902	4.3
32936.85838331062	4300	32.75141572692169	0.0	2275376	1427.67458294	4.3
32937.89639898571	4300	35.71340005183399	0.0	2005399	1038.01567509	4.3
32940.65794606479	4300	36.951852972746735	0.0	2152483	2761.54707909	4.3
32943.19058108924	4300	38.41921794829894	0.0	2289689	2532.63502445	4.3
32945.81486293275	4300	39.794936104791546	0.0	2059512	2624.28184351	4.3
32948.920602928956	4300	40.68919610857746	0.0	2220726	3105.73999621	4.3
32951.60460283621	4300	42.00519620132693	0.0	2156729	2683.99990725	4.3
32953.51295438337	4300	44.09684465417282	0.0	2039773	1908.35154715	4.3
32955.76582162485	4300	45.84397741268439	0.0	2176469	2252.86724149	4.3
32960.59645676065	4300	45.01334227688484	0.0	2221506	4830.6351358	4.3
32968.9579041489	4300	40.65189488863776	0.0	2044075	8361.44738825	4.3
32970.00908630982	4300	43.60071272771474	0.0	2186790	1051.18216092	4.3
32971.06753547954	4300	46.54226355799874	0.0	2105231	1058.44916972	4.3
32972.528070536864	4300	49.081728500671346	0.0	2395588	1460.53505733	4.3
32973.81316352955	4300	51.79663550798604	0.0	1972048	1285.09299269	4.3
32974.986892527144	4300	54.62290651039619	0.0	2134614	1173.72899759	4.3
32976.132990811115	4300	57.476808226418164	0.0	2164140	1146.09828398	4.3
32977.752961040474	4300	59.84048501101805	0.0	2113193	1136.3232154	4.3
32979.63784619157	4300	59.59986594245311	0.0	2147852	1240.6190685649462	4.3
32987.72617887561	4300	55.51153325841362	0.0	2191074	8088.332684039484	4.3
32989.30543130334	4300	57.93228083067665	0.0	2286761	1579.2524277369637	4.3
32990.70358579009	4300	59.769129184455295	0.0	2307787	1163.1516462213517	4.3
32992.97679819751	4300	59.96002440100484	0.0	2143948	1309.1047834504625	4.3
32994.676603274864	4300	59.552175674316224	0.0	1919781	1407.8487266886057	4.3
33012.54301071123	4300	45.68576823795034	0.0	2147467	17866.407436365887	4.3
33013.662905856276	4300	48.565873092901505	0.0	2133870	1119.8951450488346	4.3
33014.671087286886	4300	51.55769166229266	0.0	2146120	1008.1814306088502	4.3
33015.8246458311	4300	54.40413311808287	0.0	2108491	1153.558544209785	4.3
33017.355245656385	4300	56.87353329279276	0.0	2184571	1530.5998252901127	4.3
33018.52993058263	4300	59.69884836655041	0.0	2121928	1174.6849262423473	4.3
33020.41527427975	4300	59.79881834720245	0.0	2219102	1400.0300193479616	4.3
33032.48306599857	4300	51.73102662838276	0.0	2124950	12067.791718819688	4.3
33034.95114688815	4300	53.26294573880764	0.0	2246506	2468.0808895751215	4.3
33037.53760120248	4300	54.67649142447376	0.0	1961140	2586.4543143338847	4.3
33040.76261676083	4300	55.45147586611492	0.0	2155012	3225.0155583588426	4.3

