22506.855847472103	750	4.0	1.1867425917735515	450283	1186.74259177	-4.352993144626271
22507.39458254508	300	7.461264927023442	0.0	155580	538.735072977	-0.15000000000000002
22508.56125962959	750	10.294587842509832	0.0	350812	1166.67708451	0.3
22510.904394748304	1200	11.951452723797667	0.0	617681	2343.13511871	0.75
22513.984275158964	1850	12.87157231313578	0.0	996749	3079.88041066	1.2000000000000002
22516.71903995423	1850	14.136807517868318	0.0	801058	2734.76479527	1.85
22520.903045487237	2850	13.952801984860587	0.0	1388403	4184.00553301	1.85
22525.038825459327	2850	13.81702201276912	0.0	1638769	4135.77997209	2.85
22529.153681667787	2850	13.70216580431209	0.0	1348011	4114.85620846	2.85
22533.412831893133	2850	13.443015578966705	0.0	1429765	4259.15022535	2.85
22536.582732712333	2850	14.273114759764791	0.0	1354548	3169.9008192	2.85
22538.20278963881	2850	16.653057833287022	0.0	1519951	1620.05692648	2.85
22541.259403844517	4300	17.596443627579852	0.0	2209463	3056.61420571	2.8499999999999996
22543.673770179936	4300	19.182077292160887	0.0	2275376	2414.36633542	4.3
22546.157832117322	4300	20.698015354772522	0.0	2005399	2484.06193739	4.3
22547.24600162065	4300	23.609845851444238	0.0	2152483	1088.16950333	4.3
22548.428834560753	4300	26.427012911342725	0.0	2289689	1182.8329401	4.3
22549.63763740158	4300	29.21821007051408	0.0	2059512	1208.80284083	4.3
22551.22285287934	4300	31.632994592757726	0.0	2220726	1585.21547776	4.3
22552.35828636157	4300	34.497561110524735	0.0	2156729	1135.43348223	4.3
22553.513806306662	4300	37.342041165431226	0.0	2039773	1155.51994509	4.3
22554.674156533973	4300	40.1816909381233	0.0	2176469	1160.35022731	4.3
22555.716626736532	4300	43.13922073556147	0.0	2221506	1042.47020256	4.3
22557.079062206067	4300	45.7767852660268	0.0	2044075	1362.43546953	4.3
22562.90189233027	4300	43.95395514182885	0.0	2186790	5822.8301242	4.3
22570.063041448124	4300	40.79280602396977	0.0	2105231	7161.14911786	4.3
22578.085392157813	4300	36.770455314282636	0.0	2395588	8022.35070969	4.3
22580.586407003615	4300	38.26944046847741	0.0	1972048	2501.01484581	4.3
22583.58018110049	4300	39.27566637160346	0.0	2134614	2993.77409687	4.3
22586.980328711983	4300	39.875518760108825	0.0	2164140	3400.14761149	4.3
22603.267440924676	4300	27.588406547416525	0.0	2113193	16287.1122127	4.3
22610.637843421162	4300	24.21800405093071	0.0	2147852	7370.40249649	4.3
22618.581070012548	4300	20.274777459543454	0.0	2191074	7943.22659139	4.3
22621.948066078585	4300	20.907781393507705	0.0	2286761	3366.99606604	4.3
22625.394277056042	4300	21.461570416051238	0.0	2307787	3446.21097746	4.3
22630.408359045887	4300	20.447488426208913	0.0	2143948	5014.08198984	4.3
22635.857477997128	4300	18.9983694749667	0.0	1919781	5449.11895124	4.3
22638.61406117135	4300	20.241786300744504	0.0	2147467	2756.58317422	4.3
22639.65310317237	4300	23.20274429972016	0.0	2133870	1039.04200102	4.3
22641.076954831653	4300	25.778892640439846	0.0	2146120	1423.85165928	4.3
22642.189163692285	4300	28.66668377980942	0.0	2108491	1112.20886063	4.3
22643.302651575697	4300	31.553195896397348	0.0	2184571	1113.48788341	4.3
22644.734242107326	4300	34.12160536476325	0.0	2121928	1431.59053163	4.3
22645.986205825724	4300	36.86964164636851	0.0	2219102	1251.96371839	4.3
22646.980077273223	4300	39.875770198866825	0.0	2124950	993.871447502	4.3
22648.05891308583	4300	42.796934386255984	0.0	2246506	1078.83581261	4.3
22654.85083734938	4300	40.00501012271022	0.0	1961140	6791.92426355	4.3
22660.182092709765	4300	38.673754762322375	0.0	2155012	5331.25536039	4.3

