23022.13633744712	750	4.0	1.2362977020014825	450283	1236.297702	-4.566080118606375
23022.585393043857	300	7.550944403261676	0.0	155580	449.055596738	-0.15000000000000002
23023.521757196642	750	10.614580250477939	0.0	350812	936.364152784	0.3
23025.039454888865	1200	13.09688255825517	0.0	617681	1517.69769222	0.75
23029.402901869016	2850	12.733435578102359	0.0	1472558	4363.44698015	1.2000000000000002
23046.842476919133	1850	4.0	4.706139472014638	801058	17439.5750501	-19.386399729662944
23048.9916222367	300	5.850854682433624	0.0	153295	2149.14531757	-1.25
23061.57929549011	300	4.0	6.736818570980173	173849	12587.6732534	-28.66831985521474
23063.664395461994	300	5.914900028117889	0.0	150710	2085.09997188	0.3
23066.457792781555	300	7.121502708559044	0.0	139105	2793.39731956	0.3
23070.805483831744	750	6.77381165836683	0.0	353220	4347.69105019	0.3
23071.03902546256	300	10.540270027549946	0.0	156148	233.541630817	-0.15000000000000002
23071.73288716024	1200	13.846408329868096	0.0	624282	693.861697682	0.29999999999999993
23074.290314025442	2850	15.288981464667115	0.0	1578343	2557.4268652	1.2000000000000002
23076.59982810138	4300	16.97946738872713	0.0	2005399	2309.51407594	2.8499999999999996
23078.91772029117	4300	18.661575198938824	0.0	2152483	2317.89218979	4.3
23081.342152987654	4300	20.2371425024554	0.0	2289689	2424.43269648	4.3
23083.623333646086	4300	21.955961844025833	0.0	2059512	2281.18065843	4.3
23086.287765227687	4300	23.291530262424423	0.0	2220726	2664.4315816	4.3
23088.78926408442	4300	24.790031405694652	0.0	2156729	2501.49885673	4.3
23090.835819256048	4300	26.743476234063287	0.0	2039773	2046.55517163	4.3
23093.62478976983	4300	27.954505720278895	0.0	2176469	2788.97051378	4.3
23096.52906859603	4300	29.050226894078687	0.0	2221506	2904.2788262	4.3
23098.50710735945	4300	31.07218813065839	0.0	2044075	1978.03876342	4.3
23100.910953672534	4300	32.668341817578465	0.0	2186790	2403.84631308	4.3
23103.114818470247	4300	34.46447701986434	0.0	2105231	2203.86479771	4.3
23105.584831619308	4300	35.99446387080259	0.0	2395588	2470.01314906	4.3
23107.922304270636	4300	37.65699121947461	0.0	1972048	2337.47265133	4.3
23110.060979988415	4300	39.51831550169669	0.0	2134614	2138.67571778	4.3
23142.9560442244	4300	10.623251265712993	0.0	2164140	32895.064236	4.3
23146.339778410485	1200	11.23951707962618	0.0	570392	3383.73418609	-1.9000000000000001
23152.04516203614	1850	9.534133453974635	0.0	954453	5705.38362565	1.2000000000000002
23155.171876905868	1200	10.40741858424474	0.0	584349	3126.71486973	0.5499999999999999
23158.570862295055	1200	11.008433195059231	0.0	670129	3398.98538919	1.2
23162.792752887235	1850	10.786542602878578	0.0	1026056	4221.89059218	1.2000000000000002
23163.1267662672	1200	14.452529222912466	0.0	598727	334.013379966	0.5499999999999999
23163.690117039212	2850	17.889178450899557	0.0	1139291	563.350772013	1.2000000000000002
23164.798232303867	4300	20.78106318624556	0.0	2147467	1108.11526465	2.8499999999999996
23165.881904985617	4300	23.69739050449197	0.0	2133870	1083.67268175	4.3
23166.99060143539	4300	26.588694054721582	0.0	2146120	1108.69644977	4.3
23168.08060094915	4300	29.498694540962912	0.0	2108491	1089.99951376	4.3
23169.242584686825	4300	32.33671080328772	0.0	2184571	1161.98373768	4.3
23170.743101354896	4300	34.83619413521259	0.0	2121928	1500.51666808	4.3
23172.3635116224	4300	37.21578386771076	0.0	2219102	1620.4102675	4.3
23193.938293456886	4300	19.641002033223756	0.0	2124950	21574.7818345	4.3
23195.236123209477	4300	22.343172280632828	0.0	2246506	1297.82975259	4.3
23196.22082414911	4300	25.358471340999746	0.0	1961140	984.700939633	4.3
23197.233906754358	4300	28.34538873574931	0.0	2155012	1013.08260525	4.3

