7798.777814574925	750	4.0	1.3527939560497804	450283	1352.79395605	-5.067014011014055
7799.297585305071	300	7.480229269854237	0.0	155580	519.770730146	-0.15000000000000002
7800.3692092244955	750	10.408605350430818	0.0	350812	1071.62391942	0.3
7802.195179300129	1200	12.58263527479664	0.0	617681	1825.97007563	0.75
7805.112452739009	1850	13.665361835916853	0.0	996749	2917.27343888	1.2000000000000002
7808.746393579864	2850	14.03142099506279	0.0	1224260	3633.94084085	1.85
7813.1665732627835	2850	13.611241312142887	0.0	1388403	4420.17968292	2.85
7819.904449203416	2850	10.873365371509681	0.0	1638769	6737.87594063	2.85
7821.797880750365	1200	12.97993382456153	0.0	584846	1893.43154695	-0.44999999999999996
7824.632555710021	1850	14.145258864905285	0.0	913888	2834.67495966	1.2000000000000002
7828.698414546514	2850	14.079400028412248	0.0	1354548	4065.85883649	1.85
7833.34605468781	2850	13.431759887117362	0.0	1519951	4647.64014129	2.85
7837.566781162539	2850	13.211033412388195	0.0	1422919	4220.72647473	2.85
7842.156676107511	2850	12.621138467415756	0.0	1578343	4589.89494497	2.85
7844.591542822265	1850	14.186271752661495	0.0	821631	2434.86671475	0.8500000000000001
7848.936425599369	2850	13.841388975558733	0.0	1471065	4344.8827771	1.85
7853.3908948750195	2850	13.386919699907013	0.0	1491626	4454.46927565	2.85
7857.526950652792	2850	13.250863922134442	0.0	1358801	4136.05577777	2.85
7862.349378015154	2850	12.428436559772356	0.0	1537156	4822.42736236	2.85
7865.259800943526	1850	13.51801363140025	0.0	923755	2910.42292837	0.8500000000000001
7869.561491326363	2850	13.2163232485642	0.0	1415116	4301.69038284	1.85
7873.942453129893	2850	12.835361445033907	0.0	1468126	4380.96180353	2.85
7876.925568085879	1850	13.852246489048303	0.0	968026	2983.11495599	0.8500000000000001
7881.082800890221	2850	13.695013684706225	0.0	1323990	4157.23280434	1.85
7885.452970400652	2850	13.324844174275212	0.0	1383735	4370.16951043	2.85
7889.761553208786	2850	13.0162613661409	0.0	1480464	4308.58280813	2.85
7894.191170874804	2850	12.586643700122876	0.0	1547572	4429.61766602	2.85
7896.835855707627	1850	13.941958867300215	0.0	758197	2644.68483282	0.8500000000000001
7901.710135753735	2850	13.067678821191942	0.0	1498470	4874.28004611	1.85
7906.26090407178	2850	12.51691050314685	0.0	1561263	4550.76831805	2.85
7908.89486097994	1850	13.882953594987121	0.0	873429	2633.95690816	0.8500000000000001
7913.806102466916	2850	12.971712108010863	0.0	1497683	4911.24148698	1.85
7916.829485281987	1850	13.948329292939139	0.0	885062	3023.38281507	0.8500000000000001
7921.925642667849	2850	12.852171907076466	0.0	1587293	5096.15738586	1.85
7924.970556874966	1850	13.807257699959903	0.0	1026056	3044.91420712	0.8500000000000001
7929.28321424522	2850	13.494600329706685	0.0	1439896	4312.65737025	1.85
7932.545865385673	2850	14.231949189253148	0.0	1139291	3262.65114045	2.85
7936.750937065028	2850	14.026877509898393	0.0	1499009	4205.07167935	2.85
7940.83775496968	2850	13.940059605246683	0.0	1427478	4086.81790465	2.85
7944.873281051345	2850	13.90453352358094	0.0	1402287	4035.52608167	2.85
7948.761728337033	2850	14.016086237892937	0.0	1339500	3888.44728569	2.85
7953.275321148498	2850	13.502493426427908	0.0	1527299	4513.59281147	2.85
7957.544978373273	2850	13.23283620165288	0.0	1343002	4269.65722478	2.85
7966.319219145317	2850	8.45859542960881	0.0	1587250	8774.24077204	2.85
7967.818245242022	750	10.959569332904186	0.0	398987	1499.0260967	-1.35
7970.169689238813	1200	12.608125336113638	0.0	638661	2351.44399679	0.75
7974.531913130031	1850	12.245901444895592	0.0	830730	4362.22389122	1.2000000000000002
7977.864932700514	1850	12.912881874412918	0.0	846370	3333.01957048	1.85

