30373.483218149755	750	4.0	0.2936257375833951	450283	293.625737583	-0.5125906716085988
30373.637029269103	300	7.846188880652335	0.0	155580	153.811119348	-0.15000000000000002
30373.883463427737	750	11.599754722016307	0.0	350812	246.434158636	0.3
30374.40623336102	1850	15.076984788732393	0.0	933276	522.769933284	0.75
30375.80561435686	4300	17.677603792891155	0.0	2233056	1399.38099584	1.8499999999999996
30377.06289944575	4300	20.420318704003098	0.0	1941625	1257.28508889	4.3
30378.22404028573	4300	23.259177864020966	0.0	2157535	1161.14083998	4.3
30379.881957411868	4300	25.60126073788574	0.0	2290172	1657.91712614	4.3
30381.049475652846	4300	28.433742496905484	0.0	2055469	1167.51824098	4.3
30382.41710472088	4300	31.06611342887297	0.0	2169201	1367.62906803	4.3
30383.679702406254	4300	33.803515743497044	0.0	2173522	1262.59768538	4.3
30385.25462076173	4300	36.22859738802095	0.0	2102452	1574.91835548	4.3
30386.984339191116	4300	38.49887895863601	0.0	2209463	1729.71842938	4.3
30388.332991453703	4300	41.150226696048875	0.0	2275376	1348.65226259	4.3
30389.375849685435	4300	44.10736846431869	0.0	2005399	1042.85823173	4.3
30390.990638651092	4300	46.492579498659815	0.0	2152483	1614.78896566	4.3
30392.372048371246	4300	49.11116977850583	0.0	2289689	1381.40972015	4.3
30403.78991724673	4300	41.693300903019804	0.0	2059512	11417.8688755	4.3
30405.00044711302	4300	44.48277103672868	0.0	2220726	1210.52986629	4.3
30406.344705647927	4300	47.138512501822106	0.0	2156729	1344.25853491	4.3
30407.788823211482	4300	49.694394938266534	0.0	2039773	1444.11756356	4.3
30408.90815397076	4300	52.57506417899076	0.0	2176469	1119.33075928	4.3
30410.759815516227	4300	54.723402633522575	0.0	2221506	1851.66154547	4.3
30411.913248077548	4300	57.569970072198494	0.0	2044075	1153.43256132	4.3
30413.763308773843	4300	59.71990937590415	0.0	2186790	1350.06069629	4.3
30418.10227748054	4300	59.380940669207696	0.0	2105231	4338.9687066964525	4.3
30424.652696145335	4300	56.83052200441323	0.0	2395588	6550.418664794467	4.3
30426.658174976055	4300	58.82504317369242	0.0	1972048	2005.4788307208048	4.3
30428.862803383636	4300	59.797020251845595	0.0	2134614	2028.022921846829	4.3
30432.4113174023	4300	59.57106598538432	0.0	2164140	3225.954266461267	4.3
30441.020854119266	4300	54.96152926841637	0.0	2113193	8609.536716967948	4.3
30444.172003057512	4300	55.810380330169636	0.0	2147852	3151.1489382467335	4.3
30445.536708207565	4300	58.4456751801159	0.0	2191074	1364.7051500537418	4.3
30447.903516669394	4300	59.57624622793662	0.0	2286761	1369.428952179271	4.3
30449.757233926048	4300	59.858077354432965	0.0	2307787	1218.1688735036591	4.3
30451.758024297967	4300	59.635456360046504	0.0	2143948	1222.6209943864567	4.3
30457.436039547614	4300	57.95744111040031	0.0	1919781	5678.015249646194	4.3
30479.94750622267	4300	39.4459744353444	0.0	2147467	22511.466675055915	4.3
30482.57826823276	4300	40.815212425253456	0.0	2133870	2630.762010090942	4.3
30485.894487299083	4300	41.49899335892912	0.0	2146120	3316.2190663243364	4.3
30488.366948567527	4300	43.02653209048662	0.0	2108491	2472.4612684424987	4.3
30493.50500799243	4300	41.8884726655867	0.0	2184571	5138.059424899916	4.3
30499.3948115693	4300	39.99866908871572	0.0	2121928	5889.8035768709715	4.3
30502.434237470407	4300	40.9592431876088	0.0	2219102	3039.4259011069253	4.3
30504.850996169836	4300	42.54248448817883	0.0	2124950	2416.7586994299722	4.3
30507.493669813546	4300	43.899810844467126	0.0	2246506	2642.673643711708	4.3
30509.749546409505	4300	45.643934248506405	0.0	1961140	2255.8765959607194	4.3
30511.46338120096	4300	47.930099457053025	0.0	2155012	1713.8347914533801	4.3

