15230.46692506909	750	4.0	0.2922030803125672	450283	292.203080313	-0.5064732453440388
15230.620244637528	300	7.846680431561864	0.0	155580	153.319568438	-0.15000000000000002
15230.865570414897	750	11.601354654193827	0.0	350812	245.325777368	0.3
15231.385391687258	1850	15.081533381834463	0.0	933276	519.821272359	0.75
15233.040611314535	4300	17.426313754557352	0.0	2233056	1655.21962728	1.8499999999999996
15234.283802501817	4300	20.183122567273664	0.0	1941625	1243.19118728	4.3
15235.802377216545	4300	22.664547852546452	0.0	2157535	1518.57471473	4.3
15237.003885812494	4300	25.463039256598854	0.0	2290172	1201.50859595	4.3
15238.228379717619	4300	28.23854535147388	0.0	2055469	1224.49390512	4.3
15239.46089448501	4300	31.00603058408247	0.0	2169201	1232.51476739	4.3
15253.271710952416	4300	21.1952141166754	0.0	2173522	13810.8164674	4.3
15259.473716468778	4300	18.993208600313693	0.0	2102452	6202.00551636	4.3
15262.175904044516	4300	20.291021024575347	0.0	2209463	2702.18757574	4.3
15265.167966764076	4300	21.298958305015123	0.0	2275376	2992.06271956	4.3
15267.455230501075	4300	23.01169456801702	0.0	2005399	2287.263737	4.3
15270.156910385243	4300	24.31001468384865	0.0	2152483	2701.67988417	4.3
15286.559607560373	4300	11.907317508719334	0.0	2289689	16402.6971751	4.3
15290.99484597079	1850	11.472079098302096	0.0	885714	4435.23841042	-0.6000000000000001
15295.653261905663	1850	10.813663163430338	0.0	987708	4658.41593487	1.85
15298.597931799923	1200	11.868993269171714	0.0	586839	2944.66989426	0.5499999999999999
15301.057797757197	1850	13.409127311896901	0.0	891604	2459.86595727	1.2000000000000002
15301.771968894196	2850	16.69495617489821	0.0	1468126	714.171136999	1.85
15302.935069602292	4300	19.531855466803396	0.0	2221506	1163.10070809	2.8499999999999996
15304.010935067668	4300	22.455990001425963	0.0	2044075	1075.86546538	4.3
15305.34219515927	4300	25.12472990982533	0.0	2186790	1331.2600916	4.3
15306.588246624342	4300	27.878678444753614	0.0	2105231	1246.05146507	4.3
15308.036507902505	4300	30.430417166589255	0.0	2395588	1448.26127816	4.3
15309.087363168113	4300	33.37956190098117	0.0	1972048	1050.85526561	4.3
15310.29795126554	4300	36.168973803553584	0.0	2134614	1210.58809743	4.3
15312.43173124704	4300	38.03519382205395	0.0	2164140	2133.7799815	4.3
15315.290466191882	4300	39.1764588772106	0.0	2113193	2858.73494484	4.3
15317.723414238613	4300	40.74351083047989	0.0	2147852	2432.94804673	4.3
15320.40204647353	4300	42.0648785955631	0.0	2191074	2678.63223492	4.3
15324.541021493731	4300	41.925903575362014	0.0	2286761	4138.9750202	4.3
15331.992510637652	4300	38.47441443144094	0.0	2307787	7451.48914392	4.3
15337.599961704775	4300	36.86696336432014	0.0	2143948	5607.45106712	4.3
15360.305132281179	4300	18.161792787914724	0.0	1919781	22705.1705764	4.3
15364.774087444674	4300	17.69283762441929	0.0	2147467	4468.9551635	4.3
15367.429329072527	4300	19.037595996565432	0.0	2133870	2655.24162785	4.3
15370.60895095614	4300	19.857974112951414	0.0	2146120	3179.62188361	4.3
15402.459902013059	4300	4.0	11.992976943966626	2108491	31850.9510569	-47.269800859056495
15402.629982398745	300	7.829919614315679	0.0	161857	170.080385684	-3.7
15402.917068165505	750	11.542833847555906	0.0	372093	287.08576676	0.3
15403.539125496394	1850	14.920776516666725	0.0	973972	622.057330889	0.75
15404.283247451913	2850	18.176654561148652	0.0	1464921	744.121955518	1.85
15405.40573486123	4300	21.05416715183061	0.0	2246506	1122.48740932	2.8499999999999996
15406.45876753161	4300	24.00113448144966	0.0	1961140	1053.03267038	4.3
15407.683602248773	4300	26.776299764286787	0.0	2155012	1224.83471716	4.3

