16154.288442815843	750	4.0	0.272608372510265	450283	272.60837251	-0.42221600179413943
16154.42061705695	300	7.86782575889367	0.0	155580	132.174241106	-0.15000000000000002
16154.618262961765	750	11.670179854079466	0.0	350812	197.645904814	0.3
16155.011239996364	1850	15.277202819481502	0.0	933276	392.977034598	0.75
16155.851608241293	4300	18.436834574552478	0.0	2233056	840.368244929	1.8499999999999996
16156.609856315123	4300	21.678586500723735	0.0	1941625	758.248073829	4.3
16157.214449070281	4300	25.07399374556596	0.0	2157535	604.592755158	4.3
16157.846061666278	4300	28.442381149568916	0.0	2290172	631.612595997	4.3
16158.500565056087	4300	31.787877759759134	0.0	2055469	654.50338981	4.3
16159.14453366217	4300	35.14390915367742	0.0	2169201	643.968606082	4.3
16159.716228575746	4300	38.572214240100664	0.0	2173522	571.694913577	4.3
16160.307731193321	4300	41.98071162252476	0.0	2102452	591.502617576	4.3
16161.008738643357	4300	45.279704172488835	0.0	2209463	701.007450036	4.3
16161.683043135024	4300	48.6053996808224	0.0	2275376	674.304491666	4.3
16162.269204582284	4300	52.01923823356441	0.0	2005399	586.161447258	4.3
16162.880730770094	4300	55.407712045752675	0.0	2152483	611.526187812	4.3
16163.52349977304	4300	58.764943042806344	0.0	2289689	642.769002946	4.3
16165.090186725234	4300	59.69143223156036	0.0	2059512	573.510811246	4.3
16166.233631103789	4300	59.57579811275796	0.0	2220726	1115.6341188024119	4.3
16167.744516433502	4300	59.54476057777763	0.0	2156729	531.03753498	4.3
16168.878562535956	4300	59.92766142391652	0.0	2039773	617.0991538611119	4.3
16170.149012415462	4300	59.76090995846045	0.0	2176469	666.7514654560636	4.3
16171.433378831854	4300	59.63007595728943	0.0	2221506	630.8340011710249	4.3
16172.464347991261	4300	59.90135758519582	0.0	2044075	728.7183720936177	4.3
16173.171834464021	4300	59.90923974247335	0.0	2186790	492.117842722	4.3
16173.704023237138	4300	59.9608296709322	0.0	2105231	448.410071541	4.3
16174.98841349331	4300	59.57052389363549	0.0	2395588	890.305777297	4.3
16175.66382488633	4300	59.639860436563815	0.0	1972048	430.663457072	4.3
16176.243028782355	4300	59.6821324565242	0.0	2134614	457.72798004	4.3
16176.76907325663	4300	59.69034817737954	0.0	2164140	491.784279145	4.3
16178.128000542763	4300	59.73801463187834	0.0	2113193	452.333545501	4.3
16178.849651439043	4300	59.53998605405489	0.0	2147852	698.0285778234532	4.3
16180.146441726567	4300	59.86340206952035	0.0	2191074	676.583984535	4.3
16181.347442825292	4300	59.783504671653134	0.0	2286761	579.8973978672166	4.3
16182.922812342356	4300	59.516371763548435	0.0	2307787	767.1329081047015	4.3
16184.690900916601	4300	59.996445780907216	0.0	2143948	1519.9259826412178	4.3
16185.501684802359	4300	59.92513513382911	0.0	1919781	571.310647078	4.3
16187.675385197863	4300	59.91752155541798	0.0	2147467	2007.6135784111357	4.3
16189.131185720598	4300	59.73266470259642	0.0	2133870	1184.8568528215503	4.3
16189.746847770475	4300	59.770305512614534	0.0	2146120	462.359189982	4.3
16190.431077884237	4300	59.714841885680876	0.0	2108491	555.463626934	4.3
16191.928971484356	4300	59.990778329036935	0.0	2184571	724.063556644	4.3
16193.33018565932	4300	59.88658626329045	0.0	2121928	604.1920657464857	4.3
16194.293221344524	4300	59.5140794752987	0.0	2219102	872.5067879917514	4.3
16195.480832100437	4300	59.92503854594776	0.0	2124950	589.040929351	4.3
16197.027392848082	4300	59.66154308540634	0.0	2246506	763.4954605414065	4.3
16198.60744345371	4300	59.72255042614564	0.0	1961140	938.9926592607098	4.3
16199.761247670926	4300	59.67617729071897	0.0	2155012	546.3731354266715	4.3

