14701.863102998912	750	4.0	1.761690095375136	450283	1761.69009538	-6.825267410113084
14702.435076010692	300	7.428026988220747	0.0	155580	571.973011779	-0.15000000000000002
14703.884490173457	750	9.978612825453775	0.0	350812	1449.41416277	0.3
14706.201157443675	1200	11.66194555523691	0.0	617681	2316.66727022	0.75
14709.973524984136	1850	11.88957801477576	0.0	996749	3772.36754046	1.2000000000000002
14713.056704321738	1850	12.806398677174462	0.0	801058	3083.1793376	1.85
14716.550648617993	1850	13.312454380919851	0.0	905515	3493.94429625	1.85
14723.090810934249	2850	10.772292064663613	0.0	1638769	6540.16231626	1.85
14725.184503805336	1200	12.678599193577961	0.0	584846	2093.69287109	-0.44999999999999996
14728.527201759282	1850	13.335901239632541	0.0	913888	3342.69795395	1.2000000000000002
14733.829455685554	2850	12.033647313358669	0.0	1354548	5302.25392627	1.85
14737.119658693893	1850	12.743444305019851	0.0	917428	3290.20300834	0.8500000000000001
14740.488942810658	1850	13.374160188254395	0.0	946851	3369.28411677	1.85
14746.20102523509	2850	11.662077763821618	0.0	1578343	5712.08242443	1.85
14749.122520363955	1850	12.740582634956628	0.0	821631	2921.49512886	0.8500000000000001
14752.712603436219	1850	13.150499562693794	0.0	923170	3590.08307226	1.85
14759.172181626996	2850	10.690921371916128	0.0	1491626	6459.57819078	1.85
14762.022981512036	1200	11.840121486875592	0.0	581493	2850.79988504	-0.44999999999999996
14765.708941990451	1850	12.154161008460779	0.0	987708	3685.96047841	1.2000000000000002
14768.731708274265	1850	13.131394724649045	0.0	923755	3022.76628381	1.85
14773.606354377556	2850	12.256748621356484	0.0	1415116	4874.64610329	1.85
14777.13286123048	1850	12.730241768431945	0.0	955231	3526.50685292	0.8500000000000001
14780.43726764038	1850	13.425835358533023	0.0	968026	3304.4064099	1.85
14785.148361941743	2850	12.714741057170482	0.0	1323990	4711.09430136	1.85
14788.677609926037	1850	13.185493072877318	0.0	897976	3529.24798429	0.8500000000000001
14795.070585518175	2850	10.792517480739946	0.0	1480464	6392.97559214	1.85
14797.52945469669	1200	12.333648302224498	0.0	696376	2458.86917852	-0.44999999999999996
14800.540423490891	1850	13.322679508023612	0.0	758197	3010.9687942	1.2000000000000002
14806.794768507852	2850	11.06833449106187	0.0	1498470	6254.34501696	1.85
14810.947099944626	1850	10.916003054290012	0.0	975811	4152.33143677	0.8500000000000001
14813.451690672891	1200	12.411412326023807	0.0	570392	2504.59072827	0.5499999999999999
14817.45960125791	1850	12.403501741005043	0.0	954453	4007.91058502	1.2000000000000002
14823.264577702555	1850	10.598525296358435	0.0	885062	5804.97644465	1.85
14825.96593443464	1200	11.897168564274656	0.0	670129	2701.35673208	0.5499999999999999
14830.20933851409	1850	11.653764484822704	0.0	1026056	4243.40407945	1.2000000000000002
14834.036439020398	1850	11.826663978517136	0.0	943942	3827.10050631	1.85
14837.282193936566	1850	12.580909062347674	0.0	728962	3245.75491617	1.85
14841.349460724283	1850	12.513642274631028	0.0	938587	4067.26678772	1.85
14846.158010505991	1850	11.705092492923756	0.0	908665	4808.54978171	1.85
14850.788587945493	1850	11.074515053422456	0.0	930577	4630.5774395	1.85
14854.801858468241	1850	11.061244530672546	0.0	858450	4013.27052275	1.85
14860.88623475827	1850	8.976868240644356	0.0	1025005	6084.37629003	1.85
14864.316822424225	750	9.546280574688835	0.0	372093	3430.58766596	-0.3500000000000001
14869.26801471419	1200	8.595088284726197	0.0	634861	4951.19228996	0.75
14872.426842744466	750	9.436260254448314	0.0	398987	3158.82803028	0.3
14878.5638329424	1200	7.299270056514186	0.0	638661	6136.99019793	0.75
14882.503999349681	750	7.3591036492333455	0.0	331053	3940.16640728	0.3
14888.701828899753	750	5.161274099161277	0.0	314107	6197.82955007	0.75

