29891.900772944628	750	4.0	1.0773321520529362	450283	1077.33215205	-3.8825282538276253
29892.613898702628	300	7.286874242001377	0.0	155580	713.125757999	-0.15000000000000002
29893.690323985687	750	10.210448958940043	0.0	350812	1076.42528306	0.3
29895.590142944642	1200	12.31062999998576	0.0	617681	1899.81895895	0.75
29898.104327361514	1850	13.796445583112602	0.0	996749	2514.18441687	1.2000000000000002
29911.885878465706	2850	4.014894478922742	0.0	1224260	13781.5511042	1.85
29912.677164664372	300	7.223608280255316	0.0	153295	791.286198667	-2.25
29914.910570197088	750	8.990202747539701	0.0	437162	2233.40553272	0.3
29916.945533877784	750	10.95523906684534	0.0	374758	2034.96368069	0.75
29920.051015214176	1200	11.849757730454092	0.0	560821	3105.48133639	0.75
29921.64803319542	1850	14.252739749210093	0.0	939819	1597.01798124	1.2000000000000002
29923.979260289565	2850	15.921512655064348	0.0	1519951	2331.22709415	1.85
29926.04295152851	4300	17.857821416117293	0.0	2209463	2063.69123895	2.8499999999999996
29928.469436843734	4300	19.431336100894804	0.0	2275376	2426.48531522	4.3
29932.061234041128	4300	19.839538903499452	0.0	2005399	3591.7971974	4.3
29942.693197125307	4300	13.207575819321079	0.0	2152483	10631.9630842	4.3
29947.24384013791	2850	12.656932806717418	0.0	1491626	4550.6430126	1.4000000000000001
29950.2522127224	1850	13.64856022222837	0.0	885714	3008.37258449	0.8500000000000001
29953.972692421783	2850	13.928080522845034	0.0	1537156	3720.47969938	1.85
29957.944175684654	2850	13.95659725997348	0.0	1336050	3971.48326287	2.85
29964.35997520553	2850	11.540797739097354	0.0	1415116	6415.79952088	2.85
29973.564250387775	1850	6.336522556850524	0.0	955231	9204.27518225	0.8500000000000001
29974.347011879727	300	9.553761064900133	0.0	163927	782.76149195	-1.25
29976.923511217305	1200	10.97726172732325	0.0	536667	2576.49933758	0.29999999999999993
29979.721495353057	1200	12.179277591567946	0.0	587236	2797.98413576	1.2
29983.08234102384	1850	12.818431920786269	0.0	905935	3360.84567078	1.2000000000000002
29985.74148706972	1850	14.159285874903217	0.0	1076599	2659.14604588	1.85
29988.768631878396	2850	15.132141066230266	0.0	1141971	3027.14480867	1.85
29996.791806443543	4300	11.108966501083403	0.0	2134614	8023.17456515	2.8499999999999996
30002.2299793051	1850	9.670793639524756	0.0	975811	5438.17286156	-0.6000000000000001
30003.719950219314	1200	12.18082272531109	0.0	570392	1489.97091421	0.5499999999999999
30006.422177183995	1850	13.478595760632844	0.0	954453	2702.22696468	1.2000000000000002
30010.006764892296	2850	13.894008052329935	0.0	1358081	3584.5877083	1.85
30012.86971846825	2850	15.031054476377909	0.0	1587293	2862.95357595	2.85
30014.18204009971	4300	17.718732844914957	0.0	2307787	1312.32163146	2.8499999999999996
30015.692712292344	4300	20.208060652282676	0.0	2143948	1510.67219263	4.3
30016.609713470298	4300	23.291059474325422	0.0	1919781	917.001177957	4.3
30017.6135025637	4300	26.287270380922738	0.0	2147467	1003.7890934	4.3
30018.61599950161	4300	29.284773443015155	0.0	2133870	1002.49693791	4.3
30019.659582496715	4300	32.24119044790935	0.0	2146120	1043.58299511	4.3
30021.083797767107	4300	34.8169751775171	0.0	2108491	1424.21527039	4.3
30022.324218571775	4300	37.576554372849856	0.0	2184571	1240.42080467	4.3
30033.32963749493	4300	30.57113544969204	0.0	2121928	11005.4189232	4.3
30034.727983442623	4300	33.17278950200182	0.0	2219102	1398.34594769	4.3
30036.00371608595	4300	35.897056858674475	0.0	2124950	1275.73264333	4.3
30037.192861894808	4300	38.707911049815706	0.0	2246506	1189.14580886	4.3
30038.616714384094	4300	41.28405856053106	0.0	1961140	1423.85248928	4.3
30039.958723114814	4300	43.94204982981037	0.0	2155012	1342.00873072	4.3

