20393.59245016611	750	4.0	0.13838925859018592	450283	138.38925859	0.1549261880622006
20393.69262459164	300	7.899825574468809	0.0	155580	100.174425531	-0.15000000000000002
20393.818115211063	750	11.774334955048268	0.0	350812	125.490619421	0.3
20394.01913531109	1850	15.573314855022252	0.0	933276	201.020100026	0.75
20394.393189203704	4300	19.199260962410136	0.0	2233056	374.053892612	1.8499999999999996
20394.733614253328	4300	22.858835912783007	0.0	1941625	340.425049627	4.3
20395.102998742837	4300	26.489451423271767	0.0	2157535	369.384489511	4.3
20395.490173483973	4300	30.102276682137585	0.0	2290172	387.174741134	4.3
20395.866941545133	4300	33.72550862097801	0.0	2055469	376.76806116	4.3
20396.260785194874	4300	37.3316649712379	0.0	2169201	393.84364974	4.3
20396.655254014164	4300	40.93719615194894	0.0	2173522	394.468819289	4.3
20397.046230027197	4300	44.54622013891467	0.0	2102452	390.976013034	4.3
20397.455703114934	4300	48.136747051180464	0.0	2209463	409.473087734	4.3
20397.87500508853	4300	51.71744507758945	0.0	2275376	419.301973591	4.3
20398.258946692367	4300	55.33350347374965	0.0	2005399	383.94160384	4.3
20398.66794519734	4300	58.92450496877499	0.0	2152483	408.998504975	4.3
20399.477769284924	4300	59.9945350698922	0.0	2289689	429.969898883	4.3
20400.46318428891	4300	59.90175466224723	0.0	2059512	592.780407645	4.3
20401.810594714476	4300	59.63436674763576	0.0	2220726	767.3879146114707	4.3
20402.911612249016	4300	59.58386923584258	0.0	2156729	550.4975117931851	4.3
20403.89289315191	4300	59.57798879576934	0.0	2039773	505.880440073	4.3
20404.76623870075	4300	59.839516252759395	0.0	2176469	738.472543009952	4.3
20405.68551659616	4300	59.65731380797045	0.0	2221506	682.202444789	4.3
20406.465114101073	4300	59.59605278082546	0.0	2044075	561.261027145	4.3
20408.047387513852	4300	59.87358431331646	0.0	2186790	722.468467509	4.3
20409.204291004153	4300	59.935535040805284	0.0	2105231	438.04927251117346	4.3
20410.293563888517	4300	59.9603257075148	0.0	2395588	475.20933329048154	4.3
20411.406809167904	4300	59.92073484336055	0.0	1972048	539.5908641542496	4.3
20412.619532653316	4300	59.56070030826832	0.0	2134614	360.034535092	4.3
20413.80478539294	4300	59.604918413617995	0.0	2164140	455.78189465032546	4.3
20414.775667817394	4300	59.94421262387594	0.0	2113193	660.7057897420526	4.3
20415.779521339056	4300	59.55687418040273	0.0	2147852	387.338443473	4.3
20416.624536047846	4300	59.653124365100865	0.0	2191074	403.749815302	4.3
20417.294462218153	4300	59.748293726691166	0.0	2286761	404.83063841	4.3
20418.33151226589	4300	59.57281646877127	0.0	2307787	675.47725792	4.3
20419.766826741496	4300	59.99594562587804	0.0	2143948	576.870842893	4.3
20420.23528997368	4300	59.65093582614214	0.0	1919781	345.00979973590444	4.3
20421.5492333336	4300	59.76569086240608	0.0	2147467	385.244963736	4.3
20422.76377301747	4300	59.8327702185633	0.0	2133870	432.92064384278433	4.3
20424.063703848595	4300	59.78361432301503	0.0	2146120	549.1558955482699	4.3
20424.996499785593	4300	59.902103822302095	0.0	2108491	381.51050071292855	4.3
20425.788496805624	4300	59.99224803043139	0.0	2184571	409.855791871	4.3
20426.74167363282	4300	59.91673023091332	0.0	2121928	575.517799518	4.3
20428.0312131296	4300	59.67078999635926	0.0	2219102	745.9402345540617	4.3
20428.945263586662	4300	59.69506439894504	0.0	2124950	475.725597414	4.3
20429.609737270104	4300	59.79198998704604	0.0	2246506	403.074411899	4.3
20429.9971005951	4300	59.93950796031907	0.0	1961140	352.482026727	4.3
20431.445428640578	4300	59.94278458671559	0.0	2155012	496.723373603	4.3

