22662.79200771029	750	4.0	2.6099150005239253	450283	2609.91500052	-10.472634502252879
22663.746133928205	300	7.0458737820847945	0.0	155580	954.126217915	-0.15000000000000002
22665.796813105382	750	8.99519460491003	0.0	350812	2050.67917717	0.3
22668.023024097587	750	10.76898361270387	0.0	382355	2226.21099221	0.75
22671.78118694249	1200	11.01082076780049	0.0	652874	3758.1628449	0.75
22676.39029732551	1850	10.40171038478328	0.0	801058	4609.11038302	1.2000000000000002
22679.580552029445	1200	11.21145568084906	0.0	561791	3190.25470393	0.5499999999999999
22685.336048866706	1850	9.455958843590947	0.0	1060487	5755.49683726	1.2000000000000002
22688.4816001722	1200	10.310407538094932	0.0	584846	3145.5513055	0.5499999999999999
22691.503438713044	1200	11.288568997250993	0.0	560821	3021.83854084	1.2
22696.602051899263	1850	10.189955811032956	0.0	939819	5098.61318622	1.2000000000000002
22699.95128404425	1200	10.840723666043388	0.0	594078	3349.23214499	0.5499999999999999
22703.30899211781	1200	11.48301559248209	0.0	624282	3357.70807356	1.2
22708.816220827674	1850	9.975786882622295	0.0	1036454	5507.22870986	1.2000000000000002
22711.759019241807	1200	11.03298846848707	0.0	526950	2942.79841414	0.5499999999999999
22717.131181780354	1850	9.66082592994055	0.0	923170	5372.16253855	1.2000000000000002
22720.529322339633	1200	10.26268537066333	0.0	617242	3398.14055928	0.5499999999999999
22723.75672837448	1200	11.035279335816867	0.0	581493	3227.40603485	1.2
22729.114641955595	1850	9.677365754697933	0.0	987708	5357.91358112	1.2000000000000002
22732.2827478552	1200	10.509259855093955	0.0	586839	3168.1058996	0.5499999999999999
22735.586840275842	1200	11.205167434447457	0.0	601738	3304.09242065	1.2
22740.599427286656	1850	10.192580423637182	0.0	955231	5012.58701081	1.2000000000000002
22744.19416980047	1200	10.597837909819333	0.0	656471	3594.74251382	0.5499999999999999
22747.2283164705	1200	11.563691239792533	0.0	536667	3034.14667003	1.2
22751.881620394022	1850	10.910387316271626	0.0	897976	4653.30392352	1.2000000000000002
22755.096857065273	1200	11.695150645020075	0.0	590335	3215.23667125	0.5499999999999999
22760.989110242754	1850	9.802897467538614	0.0	1076599	5892.25317748	1.2000000000000002
22763.790742616577	1200	11.001265093716665	0.0	487160	2801.63237382	0.5499999999999999
22768.524083505225	1850	10.26792420506571	0.0	972798	4733.34088865	1.2000000000000002
22770.529479140685	1200	12.262528569606385	0.0	641447	2005.39563546	0.5499999999999999
22773.24088881521	1850	13.551118895080041	0.0	873429	2711.40967453	1.2000000000000002
22777.889881497846	2850	12.902126212445078	0.0	1497683	4648.99268263	1.85
22780.617365173584	1850	14.174642536702914	0.0	885062	2727.48367574	0.8500000000000001
22785.48286263749	2850	13.309145072797978	0.0	1587293	4865.4974639	1.85
22790.073407431253	2850	12.718600279034938	0.0	1492672	4590.54479376	2.85
22792.99117131028	1850	13.800836400006265	0.0	943942	2917.76387903	0.8500000000000001
22796.477473848132	2850	14.314533862153581	0.0	1139291	3486.30253785	1.85
22801.000073520427	2850	13.791934189859054	0.0	1499009	4522.59967229	2.85
22805.085985744918	2850	13.706021965368784	0.0	1427478	4085.91222449	2.85
22808.943132670283	2850	13.848875040000857	0.0	1402287	3857.14692537	2.85
22813.032789972553	2850	13.759217737732415	0.0	1339500	4089.65730227	2.85
22817.64927340722	2850	13.142734303063047	0.0	1527299	4616.48343467	2.85
22821.75177246499	2850	13.040235245295001	0.0	1343002	4102.49905777	2.85
22826.603805986786	2850	12.188201723499503	0.0	1587250	4852.0335218	2.85
22829.560367062077	1850	13.231640648206339	0.0	958994	2956.56107529	0.8500000000000001
22834.05602600266	2850	12.735981707621677	0.0	1483527	4495.65894058	1.85
22836.631987525318	1850	14.160020184962862	0.0	830730	2575.96152266	0.8500000000000001
22840.829707313835	2850	13.962300396446153	0.0	1364537	4197.71978852	1.85

