4083.2054966379583	750	4.0	2.675975543253739	450283	2675.97554325	-10.756694835991077
4084.3528272907965	300	6.852669347161502	0.0	155580	1147.33065284	-0.15000000000000002
4085.6960337083556	300	9.509462929602824	0.0	139857	1343.20641756	0.3
4090.4546232618873	1200	8.750873376071079	0.0	617681	4758.58955353	0.29999999999999993
4093.148690979022	750	10.056805658935959	0.0	411561	2694.06771714	0.3
4096.817441595553	1200	10.388055042404844	0.0	520315	3668.75061653	0.75
4100.942626863935	1200	10.262869774022969	0.0	561791	4125.18526838	1.2
4105.882495404833	1200	9.323001233124746	0.0	709534	4939.8685409	1.2
4110.087264535164	1200	9.118232102794183	0.0	584846	4204.76913033	1.2
4114.507357418294	1200	8.698139219663597	0.0	560821	4420.09288313	1.2
4117.198014837967	750	10.007481799990863	0.0	353220	2690.65741967	0.3
4122.57285512725	1200	8.632641510708611	0.0	594078	5374.84028928	0.75
4126.257873250063	750	8.947623387894721	0.0	386351	3685.01812281	0.3
4130.944048895397	750	8.261447742560787	0.0	434409	4686.17564533	0.75
4135.041536095665	750	8.16396054229214	0.0	337059	4097.48720027	0.75
4140.831186436305	750	6.374310201652	0.0	366214	5789.65034064	0.75
4142.1684827550525	300	9.037013882904521	0.0	143509	1337.29631875	-0.15000000000000002
4147.205469238544	1200	8.000027399413474	0.0	581493	5036.98648349	0.29999999999999993
4150.18752839236	750	9.017968245597839	0.0	405596	2982.05915382	0.3
4156.762409216384	1200	6.443087421573385	0.0	586839	6574.88082402	0.75
4157.958153380793	300	9.247343257164232	0.0	157671	1195.74416441	-0.6000000000000001
4163.044785318426	1200	8.16071131953146	0.0	616206	5086.63193763	0.29999999999999993
4166.400732295783	750	8.804764342174137	0.0	401853	3355.94697736	0.3
4169.632849054727	750	9.572647583231198	0.0	343800	3232.11675894	0.75
4174.6048360129635	1200	8.60066062499411	0.0	587236	4971.98695824	0.75
4177.710806628898	750	9.494690009058964	0.0	379700	3105.97061594	0.3
4183.662756842218	1200	7.542739795739357	0.0	696376	5951.95021332	0.75
4186.007833984771	750	9.19766265318542	0.0	277716	2345.07714255	0.3
4191.040818560095	1200	8.164678077862195	0.0	622896	5032.98457532	0.75
4194.333291408389	750	8.872205229567196	0.0	400508	3292.47284829	0.3
4197.822334332	750	9.383162305957912	0.0	358218	3489.04292361	0.75
4204.437824405281	1200	6.767672232676071	0.0	620283	6615.49007328	0.75
4206.209729671702	300	8.995766966255703	0.0	143881	1771.90526642	-0.6000000000000001
4210.994608113072	750	8.21088852488526	0.0	412837	4784.87844137	0.3
4216.555294140034	750	6.650202497923747	0.0	401088	5560.68602696	0.75
4220.220599181275	300	6.984897456682309	0.0	159914	3665.30504124	-0.15000000000000002
4222.817703686719	300	8.387792951238524	0.0	131610	2597.10450544	0.3
4226.652357303117	750	8.553139334839805	0.0	361565	3834.6536164	0.3
4230.552382745718	750	8.65311389223825	0.0	378327	3900.0254426	0.75
4235.039193356439	750	8.166303281518365	0.0	390680	4486.81061072	0.75
4239.483532738858	750	7.72196389909916	0.0	345516	4444.33938242	0.75
4244.7951355357645	750	6.410361102192484	0.0	384505	5311.60279691	0.75
4247.046689390229	300	8.158807247727953	0.0	145210	2251.55385446	-0.15000000000000002
4254.025842296644	750	5.17965434131281	0.0	438281	6979.15290642	0.3
4257.702474593155	300	5.503022044801794	0.0	167025	3676.63229651	-0.15000000000000002
4259.582049709532	300	7.623446928425022	0.0	160064	1879.57511638	0.3
4263.135474012513	750	8.070022625443178	0.0	331053	3553.42430298	0.3
4266.083768908595	750	9.121727729361695	0.0	314107	2948.29489608	0.75

