11936.541016455963	750	4.0	0.4071810747516726	450283	407.181074752	-1.000878621432192
11936.725302643054	300	7.8157138129092525	0.0	155580	184.286187091	-0.15000000000000002
11937.04045398555	750	11.500562470412278	0.0	350812	315.151342497	0.3
11937.598646889808	1850	14.942369566154609	0.0	933276	558.192904258	0.75
11938.07480331499	2850	18.466213140972425	0.0	1472558	476.156425182	1.85
11938.671745651469	4300	21.86927080449265	0.0	1941625	596.94233648	2.8499999999999996
11939.150987889963	4300	25.3900285659967	0.0	2157535	479.242238496	4.3
11939.654774014323	4300	28.886242441636846	0.0	2290172	503.78612436	4.3
11940.133326964373	4300	32.40768949158836	0.0	2055469	478.552950048	4.3
11940.648814395581	4300	35.892202060379816	0.0	2169201	515.487431209	4.3
11941.238433420527	4300	39.3025830354317	0.0	2173522	589.619024948	4.3
11942.034099330522	4300	42.506917125436615	0.0	2102452	795.665909995	4.3
11942.577638022798	4300	45.96337843316225	0.0	2209463	543.538692274	4.3
11943.086393025093	4300	49.45462343086572	0.0	2275376	508.755002297	4.3
11943.518437663917	4300	53.02257879204144	0.0	2005399	432.044638824	4.3
11943.940305464062	4300	56.60071099189473	0.0	2152483	421.867800147	4.3
11944.728094593296	4300	59.6570514687068	0.0	2289689	443.659523188	4.3
11945.362896996725	4300	59.72171507001461	0.0	2059512	435.336398692	4.3
11946.125505788641	4300	59.65014367642536	0.0	2220726	571.571393589	4.3
11948.691168579695	4300	59.92283098006106	0.0	2156729	1727.3126963642999	4.3
11950.19040225252	4300	59.801889190994665	0.0	2039773	620.9417890663985	4.3
11951.366314561315	4300	59.8630789784751	0.0	2176469	438.8102125195571	4.3
11953.984423333022	4300	59.63307564075946	0.0	2221506	1730.0033377156453	4.3
11955.127801523207	4300	59.965439262663445	0.0	2044075	667.6363780960149	4.3
11956.500314676812	4300	59.976553591904526	0.0	2186790	988.8856707589177	4.3
11957.487009038829	4300	59.88552015231986	0.0	2105231	591.033439585	4.3
11958.60824552746	4300	59.98273236921943	0.0	2395588	902.7877831004347	4.3
11960.468699794783	4300	59.6217295883249	0.0	1972048	1361.0027808945329	4.3
11961.585330072732	4300	59.52314019256379	0.0	2134614	598.5893957611123	4.3
11962.937237159033	4300	59.56620709050799	0.0	2164140	956.9331020557946	4.3
11964.049092513955	4300	59.667766405168344	0.0	2113193	898.440685339644	4.3
11964.608085678674	4300	59.70497715760021	0.0	2147852	462.789247568	4.3
11965.196667620363	4300	59.6682881453314	0.0	2191074	536.689012269	4.3
11965.911836430008	4300	59.54715020521894	0.0	2286761	621.137940112	4.3
11967.273078735014	4300	59.62354448748218	0.0	2307787	423.605717737	4.3
11968.481998247971	4300	59.69790302463882	0.0	2143948	425.6414628433588	4.3
11969.556182373544	4300	59.761949986908846	0.0	1919781	435.9530377299716	4.3
11971.339424685657	4300	59.64994437477431	0.0	2147467	1112.005612134539	4.3
11972.14652498782	4300	59.79151257368119	0.0	2133870	358.431801093	4.3
11973.974655885862	4300	59.56228137519582	0.0	2146120	1229.231198485368	4.3
11975.210034800817	4300	59.704041767496946	0.0	2108491	858.2396076988838	4.3
11976.837826683539	4300	59.538715479762814	0.0	2184571	1165.3262877341233	4.3
11978.987590610206	4300	59.654566313923034	0.0	2121928	1884.149165839789	4.3
11981.532809479953	4300	59.72526425946417	0.0	2219102	2429.3020544588685	4.3
11984.91497496753	4300	59.80213992331947	0.0	2124950	2423.1243361446886	4.3
11987.31063891219	4300	59.54382852670518	0.0	2246506	2258.311396614298	4.3
11991.708544108571	4300	59.1459233303237	0.0	1961140	4397.905196381478	4.3
11995.112155644238	4300	59.742311794657205	0.0	2155012	2903.6115356664986	4.3

