17454.80139437561	750	4.0	3.565367560320886	450283	3565.36756032	-14.581080509379808
17456.085644780433	300	6.715749595177425	0.0	155580	1284.25040482	-0.15000000000000002
17457.200417658707	300	9.600976716903473	0.0	139857	1114.77287827	0.3
17461.774339634874	1200	9.027054740734751	0.0	617681	4573.92197617	0.29999999999999993
17466.789072379914	1200	8.01232199569458	0.0	652874	5014.73274504	1.2
17469.25389939304	750	9.547494982567565	0.0	318564	2464.82701313	0.3
17473.54688889786	1200	9.254505477745894	0.0	561791	4292.98950482	0.75
17478.90242590223	1200	7.898968473378058	0.0	709534	5355.53700437	1.2
17481.72070598485	750	9.080688390752814	0.0	374758	2818.28008263	0.3
17485.859942598974	1200	8.94145177663427	0.0	560821	4139.23661412	0.75
17488.563672404518	750	10.237721971091718	0.0	353220	2703.72980554	0.3
17493.11649810195	1200	9.684896273656976	0.0	594078	4552.82569743	0.75
17497.47528141945	1200	9.326112956153876	0.0	624282	4358.7833175	1.2
17499.673974216534	1200	11.127420159073198	0.0	687371	2198.69279708	1.2
17502.286498401518	1850	12.51489597408693	0.0	821631	2612.52418499	1.2000000000000002
17505.23613959946	1850	13.565254776144629	0.0	923170	2949.64119794	1.85
17509.927860565705	2850	12.873533809898763	0.0	1491626	4691.72096625	1.85
17512.734403500323	1850	14.066990875282878	0.0	885714	2806.54293462	0.8500000000000001
17517.855254974515	2850	12.946139401091116	0.0	1537156	5120.85147419	1.85
17520.83188814076	1850	13.9695062348444	0.0	923755	2976.63316625	0.8500000000000001
17525.46692926581	2850	13.334465109790886	0.0	1415116	4635.04112505	1.85
17530.296503621197	2850	12.504890754403561	0.0	1468126	4829.57435539	2.85
17533.44567221786	1850	13.35572215774333	0.0	968026	3149.16859666	0.8500000000000001
17537.62176087224	2850	13.179633503360384	0.0	1323990	4176.08865438	1.85
17542.17558471229	2850	12.625809663306923	0.0	1383735	4553.82384005	2.85
17549.582125069355	1850	9.21926930624588	0.0	905935	7406.54035706	0.8500000000000001
17557.199624891018	1200	5.6017694845817925	0.0	696376	7617.49982166	0.5499999999999999
17558.500396060255	300	8.300998315342703	0.0	111155	1300.77116924	-0.6000000000000001
17562.941222076915	750	7.860172298682309	0.0	400396	4440.82601666	0.3
17567.37680422049	750	7.42459015510729	0.0	400508	4435.58214358	0.75
17571.330652277273	750	7.470742098326933	0.0	358218	3953.84805678	0.75
17575.836193649517	750	6.96520072608364	0.0	400322	4505.54137224	0.75
17577.554487185313	300	9.246907190284077	0.0	143881	1718.2935358	-0.15000000000000002
17584.86157869787	1200	5.939815677727138	0.0	670129	7307.09151256	0.29999999999999993
17586.833991812684	300	7.967402562914221	0.0	179328	1972.41311481	-0.6000000000000001
17590.808577732056	750	7.9928166435430725	0.0	365161	3974.58591937	0.3
17594.363043388596	750	8.43835098700521	0.0	321064	3554.46565654	0.75
17598.400728400364	750	8.400665975232801	0.0	361565	4037.68501177	0.75
17602.664202849657	750	8.13719152593981	0.0	378327	4263.47444929	0.75
17606.99506524023	750	7.806329135366735	0.0	390680	4330.86239057	0.75
17610.781170474693	750	8.020223900904352	0.0	345516	3786.10523446	0.75
17614.990466040854	750	7.810928334744466	0.0	384505	4209.29556616	0.75
17619.269177967803	750	7.532216407797334	0.0	372093	4278.71192695	0.75
17624.15311401349	750	6.648280362109325	0.0	438281	4883.93604569	0.75
17626.073652439703	300	8.727741935897859	0.0	167025	1920.53842621	-0.15000000000000002
17630.502916480353	750	8.29847789525009	0.0	393804	4429.26404065	0.3
17634.200335662827	750	8.601058712776137	0.0	331053	3697.41918247	0.75
17637.770198333947	750	9.031196041657545	0.0	314107	3569.86267112	0.75

