1133.909941906015	750	4.0	0.2331073585603353	450283	233.10735856	-0.25236164180944165
1134.0428429545664	300	7.8670989514487175	0.0	155580	132.901048551	-0.15000000000000002
1134.2421277125327	750	11.667814193482576	0.0	350812	199.284757966	0.3
1134.6394646387942	1850	15.27047726722119	0.0	933276	397.336926261	0.75
1135.4483856935526	4300	18.461556212462707	0.0	2233056	808.921054758	1.8499999999999996
1136.140839398401	4300	21.769102507614342	0.0	1941625	692.453704848	4.3
1136.9026690899038	4300	25.007272816111595	0.0	2157535	761.829691503	4.3
1137.6827403312352	4300	28.227201574780374	0.0	2290172	780.071241331	4.3
1138.374676010779	4300	31.53526589523647	0.0	2055469	691.935679544	4.3
1139.1217356950467	4300	34.78820621096893	0.0	2169201	747.059684268	4.3
1139.8502922869734	4300	38.05964961904211	0.0	2173522	728.556591927	4.3
1140.538142698872	4300	41.37179920714358	0.0	2102452	687.850411899	4.3
1141.230854308415	4300	44.67908759760059	0.0	2209463	692.711609543	4.3
1141.9270200367089	4300	47.98292186930678	0.0	2275376	696.165728294	4.3
1142.5218222110263	4300	51.38811969498914	0.0	2005399	594.802174318	4.3
1143.1400702803685	4300	54.76987162564722	0.0	2152483	618.248069342	4.3
1143.7688249144846	4300	58.141116991530836	0.0	2289689	628.754634116	4.3
1144.4948767710819	4300	59.61308624674701	0.0	2059512	528.030744784	4.3
1144.9097757633867	4300	59.71514730650124	0.0	2220726	397.938940246	4.3
1146.7487201259246	4300	59.76415515126181	0.0	2156729	950.992155239	4.3
1148.122165220802	4300	59.73140870747245	0.0	2039773	532.7464437893624	4.3
1149.4593618098581	4300	59.693159738488305	0.0	2176469	538.2489689841354	4.3
1150.5829888257094	4300	59.740820040598756	0.0	2221506	452.33969788954545	4.3
1152.0294328240464	4300	59.813241700411055	0.0	2044075	927.5783401877023	4.3
1152.9934042386237	4300	59.80068882219691	0.0	2186790	512.552878214	4.3
1153.9121009238138	4300	59.777049747783565	0.0	2105231	523.639074413	4.3
1154.922577278025	4300	59.67884037606636	0.0	2395588	598.209371717	4.3
1155.5049906713223	4300	59.803767170664806	0.0	1972048	375.073205402	4.3
1156.6628386167786	4300	59.78901329188441	0.0	2134614	1014.7538787803909	4.3
1157.481079419955	4300	59.66143992363415	0.0	2164140	627.57336825	4.3
1158.176875365899	4300	59.61887566812521	0.0	2113193	542.564255509	4.3
1159.6484033447564	4300	59.919727523914	0.0	2147852	699.148144211	4.3
1160.5885171282673	4300	59.5453605494817	0.0	2191074	874.3669744322949	4.3
1162.1262086978534	4300	59.769888169228096	0.0	2286761	775.472380254	4.3
1163.5600570804368	4300	59.894073572602515	0.0	2307787	875.8145966255822	4.3
1165.173974338915	4300	59.57563183634233	0.0	2143948	818.4417362601849	4.3
1166.394912294493	4300	59.82340061966229	0.0	1919781	752.231216680047	4.3
1167.509357249937	4300	59.96053151138924	0.0	2147467	862.8691082730403	4.3
1169.1062748671031	4300	59.747860626391706	0.0	2133870	1212.670884997542	4.3
1170.7558104230636	4300	59.57471621449579	0.0	2146120	1173.1444118959216	4.3
1171.7978407813164	4300	59.75189660740157	0.0	2108491	822.8196070942107	4.3
1174.3918811223562	4300	59.77448181246106	0.0	2184571	2477.414794940505	4.3
1176.4900612848385	4300	59.99420450426941	0.0	2121928	1280.277308191645	4.3
1177.6582811501557	4300	59.529045998756274	0.0	2219102	965.1585055131468	4.3
1179.4414108970393	4300	59.69901180521642	0.0	2124950	830.03419354	4.3
1181.927407772776	4300	59.64206114402	0.0	2246506	1556.9506611964239	4.3
1184.053465598138	4300	59.50405533860911	0.0	1961140	1138.0058054108913	4.3
1185.792749831267	4300	59.83843923202034	0.0	2155012	1165.6161065887723	4.3

