20760.061841661114	750	4.0	2.3185602526903444	450283	2318.56025269	-9.21980908656848
20761.032487432334	300	7.029354228781013	0.0	155580	970.645771219	-0.15000000000000002
20763.124699936696	750	8.93714172442021	0.0	350812	2092.21250436	0.3
20764.96371111616	750	11.098130544952557	0.0	382355	1839.01117947	0.75
20773.435528112936	1850	6.626313548177691	0.0	996749	8471.81699677	0.75
20774.520510812872	300	9.541330848243977	0.0	126289	1084.98269993	-1.25
20778.059343809568	1200	10.002497851549013	0.0	561791	3538.83299669	0.29999999999999993
20779.78427596597	1200	12.277565695147862	0.0	709534	1724.9321564	1.2
20782.028636639116	1850	14.033205022003264	0.0	852833	2244.36067314	1.2000000000000002
20785.733545419807	2850	14.328296241310545	0.0	1429765	3704.90878069	1.85
20800.87800269714	2850	4.0	0.8161610360195537	1354548	15144.4572773	-0.6594924548840808
20801.65189743398	300	7.226105263157895	0.0	156148	773.894736842	-2.25
20803.55836498437	750	9.319637712771922	0.0	386351	1906.46755039	0.3
20806.96608596434	1200	9.911916732797724	0.0	687371	3407.72097997	0.75
20809.471979174155	1200	11.406023522981194	0.0	526950	2505.89320982	1.2
20815.133899890112	1850	9.744102807021811	0.0	923170	5661.92071596	1.2000000000000002
20818.16242203846	1200	10.715580658677037	0.0	617242	3028.52214834	0.5499999999999999
20818.908379220273	1200	13.969623476860809	0.0	581493	745.957181816	1.2
20820.701718121163	2850	16.176284575970733	0.0	1537156	1793.33890089	1.2000000000000002
20823.686128895064	4300	17.19187380207267	0.0	2156729	2984.4107739	2.8499999999999996
20826.35635494708	4300	18.52164775005496	0.0	2039773	2670.22605202	4.3
20829.348556754372	4300	19.529445942762422	0.0	2176469	2992.20180729	4.3
20832.30634346626	4300	20.57165923087321	0.0	2221506	2957.78671189	4.3
20834.767874130554	4300	22.11012856658359	0.0	2044075	2461.53066429	4.3
20837.064201858266	4300	23.81380083887157	0.0	2186790	2296.32772771	4.3
20840.126329392668	4300	24.751673304471982	0.0	2105231	3062.1275344	4.3
20842.940346312032	4300	25.937656385108664	0.0	2395588	2814.01691936	4.3
20844.829610002223	4300	28.048392694915332	0.0	1972048	1889.26369019	4.3
20847.486278736644	4300	29.39172396049532	0.0	2134614	2656.66873442	4.3
20856.991686981182	4300	23.886315715955014	0.0	2164140	9505.40824454	4.3
20860.21551461251	4300	24.66248808462542	0.0	2113193	3223.82763133	4.3
20861.226078723965	4300	27.651923973171982	0.0	2147852	1010.56411145	4.3
20862.276792760742	4300	30.601209936392674	0.0	2191074	1050.71403678	4.3
20863.57881948222	4300	33.2991832149139	0.0	2286761	1302.02672148	4.3
20864.91026109831	4300	35.96774159882128	0.0	2307787	1331.44161609	4.3
20866.095236762347	4300	38.78276593478467	0.0	2143948	1184.97566404	4.3
20867.330894060702	4300	41.54710863643056	0.0	1919781	1235.65729835	4.3
20868.901399207887	4300	43.9766034892436	0.0	2147467	1570.50514719	4.3
20892.422329544224	4300	24.455673152906527	0.0	2133870	23520.9303363	4.3
20900.252056975944	4300	20.625945721189165	0.0	2146120	7829.72743172	4.3
20901.314640586927	4300	23.56336211020398	0.0	2108491	1062.58361099	4.3
20902.600247419494	4300	26.27775527763786	0.0	2184571	1285.60683257	4.3
20903.81753477276	4300	29.060467924375356	0.0	2121928	1217.28735326	4.3
20905.160054551863	4300	31.717948145271432	0.0	2219102	1342.5197791	4.3
20906.382178445783	4300	34.49582425135279	0.0	2124950	1222.12389392	4.3
20907.51590502171	4300	37.36209767542439	0.0	2246506	1133.72657593	4.3
20908.561171018177	4300	40.316831678960526	0.0	1961140	1045.26599646	4.3
20909.85151223088	4300	43.02649046625498	0.0	2155012	1290.34121271	4.3

