9936.819654505534	750	4.0	3.3113803782572924	450283	3311.38037826	-13.488935626506356
9938.016148264456	300	6.803506241076679	0.0	155580	1196.49375892	-0.15000000000000002
9939.083615436377	300	9.736039069156126	0.0	139857	1067.46717192	0.3
9943.392111874527	1200	9.427542631005522	0.0	617681	4308.49643815	0.29999999999999993
9947.915392807889	1200	8.904261697646405	0.0	652874	4523.28093336	1.2
9950.169775337998	750	10.649879167537234	0.0	318564	2254.38253011	0.3
9954.096005800502	1200	10.723648705032575	0.0	561791	3926.2304625	0.75
9959.067631662485	1200	9.752022843049787	0.0	709534	4971.62586198	1.2
9963.42980395223	1200	9.389850553304921	0.0	584846	4362.17228974	1.2
9967.504548709474	1200	9.315105796059173	0.0	560821	4074.74475725	1.2
9971.83073432922	1200	8.988920176314378	0.0	607410	4326.18561974	1.2
9974.722091974758	750	10.097562530777328	0.0	405134	2891.35764554	0.3
9979.18699393499	1200	9.63266057054391	0.0	624282	4464.90196023	0.75
9984.97844940112	1200	7.841205104414436	0.0	687371	5791.45546613	1.2
9987.372270068845	750	9.447384436688539	0.0	337059	2393.82066773	0.3
9991.56105363744	1200	9.258600868091492	0.0	587876	4188.7835686	0.75
9996.010981485295	1200	8.808673020238832	0.0	617242	4449.92784785	1.2
9998.650205435146	750	10.16944907038813	0.0	372963	2639.22394985	0.3
10003.102732430067	1200	9.716922075467044	0.0	639204	4452.52699492	0.75
10007.080420943725	1200	9.739233561810824	0.0	586839	3977.68851366	1.2
10011.118226865543	1200	9.701427639992	0.0	601738	4037.80592182	1.2
10015.508775819952	1200	9.310878685582821	0.0	616206	4390.54895441	1.2
10020.521804501921	1200	8.297850003613894	0.0	656471	5013.02868197	1.2
10023.05660963302	750	9.763044872514234	0.0	343800	2534.8051311	0.3
10027.288140246568	1200	9.531514258966203	0.0	587236	4231.53061355	0.75
10031.529542840257	1200	9.29011166527779	0.0	590335	4241.40259369	1.2
10036.671339197235	1200	8.148315308300313	0.0	696376	5141.79635698	1.2
10038.729767943709	750	10.089886561826658	0.0	277716	2058.42874647	0.3
10043.625424949114	1200	9.19422955642174	0.0	622896	4895.6570054	0.75
10048.454928125473	1200	8.364726380062915	0.0	641447	4829.50317636	1.2
10050.97387911605	750	9.84577538948461	0.0	358218	2518.95099058	0.3
10055.391859667365	1200	9.427794838171696	0.0	620283	4417.98055131	0.75
10059.45163833748	1200	9.36801616805613	0.0	584349	4059.77867012	1.2
10064.092804242202	1200	8.726850263334525	0.0	670129	4641.16590472	1.2
10066.914455387681	750	9.905199117854554	0.0	401088	2821.65114548	0.3
10071.108152377783	1200	9.71150212775357	0.0	598727	4193.6969901	0.75
10074.52481833278	1200	10.294836172756357	0.0	487812	3416.665955	1.2
10077.942118128261	1200	10.877536377276533	0.0	575591	3417.29979548	1.2
10080.920755244857	1200	11.89889926068093	0.0	605884	2978.6371166	1.2
10087.122304775647	1850	9.69734972989099	0.0	930577	6201.54953079	1.2000000000000002
10091.350689906105	1200	9.468964599430723	0.0	566904	4228.38513046	0.5499999999999999
10096.010219987118	1200	8.80943451841755	0.0	641452	4659.53008101	1.2
10098.720064868558	750	10.099589636978592	0.0	372093	2709.84488144	0.3
10103.263415955837	1200	9.55623854970033	0.0	634861	4543.35108728	0.75
10107.718839645131	1200	9.100814860404972	0.0	630203	4455.4236893	1.2
10112.020901812462	1200	8.798752693072982	0.0	638661	4302.06216733	1.2
10114.384313523877	750	10.435340981657435	0.0	331053	2363.41171142	0.3
10118.286846551337	1200	10.532807954199107	0.0	550906	3902.53302746	0.75

