25115.31026094642	750	4.0	18.478162370654005	450283	18478.1623707	-78.70609819381221
25124.70375190176	300	4.0	5.393490955341285	155580	9393.49095534	-23.342011107967522
25130.535914235308	300	4.0	1.8321623335469777	139857	5832.16233355	-7.578298034252004
25137.029921432804	300	4.0	2.4940071974947284	155432	6494.00719749	-10.424230949227331
25143.913559171702	300	4.0	2.883637738897284	163442	6883.6377389	-12.09964227725832
25149.158385643386	300	4.0	1.2448264716824387	126289	5244.82647168	-5.052753828234486
25155.562069272273	300	4.0	2.4036836288887624	153295	6403.68362889	-10.035839604221676
25162.744943904607	300	4.0	3.182874632334889	173849	7182.87463233	-13.38636091904002
25169.17385869893	300	4.0	2.4289147943219813	150710	6428.91479432	-10.144333615584518
25175.130895000482	300	4.0	1.9570363015532484	139105	5957.03630155	-8.115256096678968
25181.049886727465	300	4.0	1.9189917269823291	141840	5918.99172698	-7.951664426024014
25187.57430277326	300	4.0	2.524416045791172	156148	6524.41604579	-10.55498899690204
25194.232232307597	300	4.0	2.657929534338064	160746	6657.92953434	-11.129096997653672
25201.996967013678	300	4.0	3.7647347060823213	179801	7764.73470608	-15.888359236153981
25207.855851303782	300	4.0	1.8588842901014804	140051	5858.8842901	-7.693202447436366
25213.688470017973	300	4.0	1.8326187141897061	138313	5832.61871419	-7.580260471015736
25219.81064922977	300	4.0	2.122179211795702	143509	6122.1792118	-8.825370610721517
25226.255596152263	300	4.0	2.444946922494948	150616	6444.94692249	-10.213271766728274
25233.292192713554	300	4.0	3.0365965612921673	165384	7036.59656129	-12.757365213556318
25239.325585875682	300	4.0	2.033393162128188	140881	6033.39316213	-8.443590597151207
25246.03244135694	300	4.0	2.7068554812551664	157671	6706.85548126	-11.339478569397214
25252.667164325634	300	4.0	2.6347229686984956	157812	6634.7229687	-11.02930876540353
25259.651164535542	300	4.0	2.9840002099038876	163927	6984.0002099	-12.531200902586715
25265.39491992329	300	4.0	1.7437553877449872	137654	5743.75538774	-7.198148167303445
25271.645436334325	300	4.0	2.2505164110400346	146754	6250.51641104	-9.377220567472147
25278.16784966063	300	4.0	2.522413326302444	153938	6522.4133263	-10.546377303100508
25285.940335567197	300	4.0	3.7724859065669754	181901	7772.48590657	-15.921689398237994
25290.72292708531	300	4.0	0.7825915181145229	111155	4782.59151811	-3.0651435278924484
25297.192350054138	300	4.0	2.4694229688259166	153605	6469.42296883	-10.31851876595144
25303.252620310726	300	4.0	2.0602702565916626	149029	6060.27025659	-8.559162103344148
25309.991510166892	300	4.0	2.7388898561619355	157421	6738.88985616	-11.47722638149632
25316.476011168346	300	4.0	2.48450100145385	157488	6484.50100145	-10.383354306251555
25322.51812345923	300	4.0	2.042112290886349	143881	6042.11229089	-8.4810828508113
25329.393865172988	300	4.0	2.8757417137547208	163444	6875.74171375	-12.065689369145298
25336.763883417843	300	4.0	3.370018244860031	179328	7370.01824486	-14.19107845289813
25343.318515352163	300	4.0	2.5546319343186408	159914	6554.63193432	-10.684917317570154
25348.744325766547	300	4.0	1.42581041438418	131610	5425.81041438	-5.830984781851974
25353.952415801523	300	4.0	1.20809003497287	124011	5208.09003497	-4.894787150383341
25359.923282918622	300	4.0	1.9708671170999632	144254	5970.8671171	-8.174728603529841
25366.279138629343	300	4.0	2.355855710723197	149991	6355.85571072	-9.830179556109746
25372.36248978964	300	4.0	2.083351160297545	147968	6083.3511603	-8.658409989279443
25379.017842537458	300	4.0	2.6553527478152628	161857	6655.35274782	-11.118016815605628
25385.0273976649	300	4.0	2.0095551274435794	145210	6009.55512744	-8.34108704800739
25392.150886966807	300	4.0	3.123489301906824	172312	7123.48930191	-13.131003998199343
25399.209577315585	300	4.0	3.0586903487793786	167025	7058.69034878	-12.852368499751327
25405.75059456266	300	4.0	2.5410172470759473	160064	6541.01724708	-10.626374162426572
25411.671663335568	300	4.0	1.9210687729074662	137507	5921.06877291	-7.960595723502105
25417.571628293605	300	4.0	1.8999649580331925	118421	5899.96495803	-7.869849319542728

