554.561113067	750	4.0	6.536555491203938	450283	6536.5554912	-27.35718861217693
556.191431817	300	6.36968125031325	0.0	155580	1630.31874969	-0.15000000000000002
557.299236537	300	9.261876530925072	0.0	139857	1107.80471939	0.3
561.972236339	1200	8.588876728026447	0.0	617681	4672.9998029	0.29999999999999993
564.848746754	750	9.712366313881068	0.0	411561	2876.51041415	0.3
568.699291305	1200	9.861821762636163	0.0	520315	3850.54455124	0.75
572.54341945	1200	10.017693617977827	0.0	561791	3844.12814466	1.2
577.793125902	1200	8.767987165845087	0.0	709534	5249.70645213	1.2
581.070222288	750	9.490890779571483	0.0	374758	3277.09638627	0.3
585.0650692	1200	9.496043867622014	0.0	560821	3994.84691195	0.75
589.142396601	1200	9.418716466632631	0.0	607410	4077.32740099	1.2
593.220728735	1200	9.340384332365131	0.0	594078	4078.33213427	1.2
598.289466034	1200	8.271647033288716	0.0	624282	5068.73729908	1.2
602.048406384	750	8.512706683638141	0.0	434409	3758.94034965	0.3
605.144065053	750	9.417048014023898	0.0	337059	3095.65866961	0.75
609.241004564	1200	9.320108503011019	0.0	587876	4096.93951101	0.75
612.929130851	1200	9.631982216193354	0.0	617242	3688.12628682	1.2
618.319906135	1200	8.241206932386307	0.0	581493	5390.77528381	1.2
622.173787877	750	8.387325190876844	0.0	405596	3853.88174151	0.3
624.897784157	750	9.663328910601482	0.0	350713	2723.99628028	0.75
630.120130057	1200	8.440983010732685	0.0	601738	5222.34589987	0.75
634.590606152	750	7.970506914989538	0.0	399894	4470.47609574	0.3
639.200157443	750	7.360955624838802	0.0	401853	4609.55129015	0.75
642.050488629	750	8.510624438572354	0.0	343800	2850.33118627	0.75
645.278400961	750	9.282712106499078	0.0	359903	3227.91233207	0.75
650.306610494	1200	8.254502573324464	0.0	590335	5028.20953317	0.75
653.710867568	750	8.850245499161181	0.0	425781	3404.25707416	0.3
656.462681906	750	10.098431161942607	0.0	277716	2751.81433722	0.75
661.938147311	1200	8.622965756619614	0.0	622896	5475.46540532	0.75
665.501081971	750	9.060031096274994	0.0	400508	3562.93466034	0.3
669.323838373	1200	9.23727469461786	0.0	570392	3822.75640166	0.75
674.293175528	1200	8.267937539646166	0.0	620283	4969.33715497	1.2
677.290450933	750	9.270662134560565	0.0	369834	2997.27540509	0.3
682.694868043	1200	7.8662450240247415	0.0	670129	5404.41711054	0.75
686.354714152	750	8.206398915123206	0.0	401088	3659.8461089	0.3
690.040250106	750	8.520862961111884	0.0	365161	3685.53595401	0.75
693.10921364	750	9.451899427130705	0.0	321064	3068.96353398	0.75
698.672595996	1200	7.888517071572481	0.0	575591	5563.38235556	0.75
702.311639133	750	8.249473934264989	0.0	378327	3639.04313731	0.3
706.037547062	750	8.523566005077265	0.0	390680	3725.90792919	0.75
709.410548494	750	9.15056457339493	0.0	345516	3373.00143168	0.75
714.862703427	1200	7.698409640684206	0.0	641452	5452.15493271	0.75
717.873689054	750	8.687424013238095	0.0	372093	3010.98562745	0.3
722.118118454	750	8.442994613532905	0.0	438281	4244.42939971	0.75
725.799222255	750	8.761890812841353	0.0	398987	3681.10380069	0.75
729.112410888	750	9.448702178993637	0.0	393804	3313.18863385	0.75
738.343197705	1200	4.217915362400904	0.0	538612	9230.78681659	0.75
740.546110076	300	6.015002991865123	0.0	118421	2202.91237054	-0.6000000000000001

