33226.264548613384	750	4.0	2.2005287117642363	450283	2200.52871176	-8.712273460586216
33227.31706008062	300	6.947488532758496	0.0	155580	1052.51146724	-0.15000000000000002
33228.122718218576	300	10.141830394807334	0.0	139857	805.658137951	0.3
33231.48636578404	1200	10.778182829338148	0.0	617681	3363.64756547	0.29999999999999993
33253.766149849835	1200	4.0	11.5016012364523	652874	22279.7840658	-48.256885316744885
33253.98547728541	300	7.7806725644190395	0.0	126289	219.327435581	-0.6000000000000001
33254.45452704856	750	11.311622801271488	0.0	352642	469.049763148	0.3
33256.35632951312	1850	13.409820336716006	0.0	1060487	1901.80246456	0.75
33257.73483025416	2850	16.031319595671846	0.0	1348011	1378.50074104	1.85
33260.627691503905	4300	17.138458345928303	0.0	2169201	2892.86124974	2.8499999999999996
33262.75962304791	4300	19.006526801926967	0.0	2173522	2131.931544	4.3
33264.69362214324	4300	21.072527706591465	0.0	2102452	1933.99909534	4.3
33267.3268576103	4300	22.43929223953806	0.0	2209463	2633.23546705	4.3
33270.1018709972	4300	23.664278852638954	0.0	2275376	2775.0133869	4.3
33272.540157082294	4300	25.225992767534436	0.0	2005399	2438.2860851	4.3
33277.429900521856	4300	24.33624932797533	0.0	2152483	4889.74343956	4.3
33284.00902844066	4300	21.757121409169816	0.0	2289689	6579.12791881	4.3
33295.40726239029	4300	14.358887459541995	0.0	2059512	11398.2339496	4.3
33296.43712471599	2850	17.329025133843043	0.0	1537156	1029.8623257	1.4000000000000001
33297.52972427287	4300	20.23642557695684	0.0	2156729	1092.59955689	2.8499999999999996
33298.73247095648	4300	23.033678893350736	0.0	2039773	1202.74668361	4.3
33300.484244960906	4300	25.281904888924	0.0	2176469	1751.77400443	4.3
33302.05279636151	4300	27.713353488317228	0.0	2221506	1568.55140061	4.3
33303.31023300449	4300	30.455916845332457	0.0	2044075	1257.43664298	4.3
33304.625227258555	4300	33.1409225912751	0.0	2186790	1314.99425406	4.3
33317.08840414654	4300	24.677745703290537	0.0	2105231	12463.176888	4.3
33323.29271199924	4300	22.473437850586112	0.0	2395588	6204.3078527	4.3
33328.790159685945	4300	20.975990163879544	0.0	1972048	5497.44768671	4.3
33334.64015035933	4300	19.12599949049333	0.0	2134614	5849.99067339	4.3
33345.07481671744	4300	12.69133313238858	0.0	2164140	10434.6663581	4.3
33347.79212803229	1850	13.974021817535467	0.0	873429	2717.31131485	-0.6000000000000001
33352.21268525417	2850	13.553464595657951	0.0	1497683	4420.55722188	1.85
33356.65447381417	2850	13.111676035658768	0.0	1358081	4441.78856	2.85
33376.58480146927	2850	4.0	6.818651619436479	1587293	19930.3276551	-26.47020196357686
33377.16831974719	300	7.41648172208356	0.0	179328	583.518277916	-2.25
33378.599998148275	750	9.984803320993235	0.0	365161	1431.67840109	0.3
33379.89351448839	1200	12.691286980880612	0.0	487812	1293.51634011	0.75
33382.39671805846	1850	14.188083410809556	0.0	938587	2503.20357007	1.2000000000000002
33386.237376029596	2850	14.347425439668717	0.0	1427478	3840.65797114	1.85
33387.427029857456	2850	17.15777161181454	0.0	1402287	1189.65382785	2.85
33389.07446526752	4300	19.51033620175101	0.0	2108491	1647.43541006	2.8499999999999996
33390.292471725304	4300	22.292329743962824	0.0	2184571	1218.00645779	4.3
33391.38146702632	4300	25.20333444295168	0.0	2121928	1088.99530101	4.3
33392.723776382365	4300	27.861025086898866	0.0	2219102	1342.30935605	4.3
33394.224784260965	4300	30.3600172083066	0.0	2124950	1501.00787859	4.3
33395.91746768084	4300	32.66733378842529	0.0	2246506	1692.68341988	4.3
33403.99041753108	4300	28.59438393819141	0.0	1961140	8072.94985023	4.3
33412.20958868152	4300	24.375212787748815	0.0	2155012	8219.17115044	4.3

