6588.38339621591	750	4.0	8.869498875393612	450283	8869.49887539	-37.38884516419253
6599.093104517735	300	4.0	6.709708301824405	155580	10709.7083018	-29.00174569784494
6599.627305504197	300	7.465799013538473	0.0	139857	534.200986462	0.3
6600.700158259441	750	10.392946258293984	0.0	382355	1072.85275524	0.3
6602.690482373868	1200	12.40262214386683	0.0	652874	1990.32411443	0.75
6605.03174101415	1850	14.06136350358487	0.0	801058	2341.25864028	1.2000000000000002
6609.377659157929	2850	13.715445359805853	0.0	1388403	4345.91814378	1.85
6614.062875774625	2850	13.030228743108792	0.0	1638769	4685.2166167	2.85
6617.4130135025	2850	13.6800910152344	0.0	1348011	3350.13772787	2.85
6619.690927818779	2850	15.402176698955374	0.0	1429765	2277.91431628	2.85
6620.757330050062	4300	18.335774467672405	0.0	2173522	1066.40223128	2.8499999999999996
6621.8280533225725	4300	21.265051195161934	0.0	2102452	1070.72327251	4.3
6623.104288950615	4300	23.988815567118717	0.0	2209463	1276.23562804	4.3
6624.678072640253	4300	26.415031877481482	0.0	2275376	1573.78368964	4.3
6626.024612928771	4300	29.06849158896422	0.0	2005399	1346.54028852	4.3
6627.367322124261	4300	31.72578239347435	0.0	2152483	1342.70919549	4.3
6628.45130195966	4300	34.64180255807522	0.0	2289689	1083.9798354	4.3
6629.780148161938	4300	37.31295635579627	0.0	2059512	1328.84620228	4.3
6631.321989289308	4300	39.77111522842712	0.0	2220726	1541.84112737	4.3
6632.423398175939	4300	42.669706341796136	0.0	2156729	1101.40888663	4.3
6633.5460405877575	4300	45.547063929977845	0.0	2039773	1122.64241182	4.3
6634.851869403576	4300	48.24123511415962	0.0	2176469	1305.82881582	4.3
6636.120277598873	4300	50.972826918862275	0.0	2221506	1268.4081953	4.3
6637.100284952589	4300	53.992819565145616	0.0	2044075	980.007353717	4.3
6638.335916284088	4300	56.75718823364707	0.0	2186790	1235.6313315	4.3
6639.4048746152275	4300	59.688229902507466	0.0	2105231	1068.95833114	4.3
6644.559288230022	4300	58.533816287713435	0.0	2395588	5154.41361479	4.3
6651.675006841461	4300	55.418097676274094	0.0	1972048	7115.71861144	4.3
6654.979741664932	4300	56.11336285280315	0.0	2134614	3304.73482347	4.3
6658.386590116812	4300	56.70651440092314	0.0	2164140	3406.84845188	4.3
6662.7989662042655	4300	56.29413831346978	0.0	2113193	4412.37608745	4.3
6681.42033249361	4300	41.67277202412483	0.0	2147852	18621.3662893	4.3
6687.636799954738	4300	39.456304562995975	0.0	2191074	6216.46746113	4.3
6712.411491388556	4300	18.681613129178448	0.0	2286761	24774.6914338	4.3
6715.629429265537	4300	19.463675252198115	0.0	2307787	3217.93787698	4.3
6718.219927523998	4300	20.873176993736184	0.0	2143948	2590.49825846	4.3
6720.154538000619	4300	22.938566517115223	0.0	1919781	1934.61047662	4.3
6732.379030482996	4300	14.71407403473839	0.0	2147467	12224.4924824	4.3
6733.211427488287	2850	17.881677029448053	0.0	1427478	832.39700529	1.4000000000000001
6734.3605287809105	4300	20.732575736824543	0.0	2146120	1149.10129262	2.8499999999999996
6735.562148869235	4300	23.530955648499972	0.0	2108491	1201.62008832	4.3
6737.239330580959	4300	25.853773936776175	0.0	2184571	1677.18171172	4.3
6738.651241564304	4300	28.44186295343202	0.0	2121928	1411.91098334	4.3
6739.769205400413	4300	31.32389911732282	0.0	2219102	1117.96383611	4.3
6741.14519449785	4300	33.94791001988621	0.0	2124950	1375.98909744	4.3
6742.281268395154	4300	36.81183612258262	0.0	2246506	1136.0738973	4.3
6744.370066267681	4300	38.723038250055254	0.0	1961140	2088.79787253	4.3
6747.061360723747	4300	40.0317437939893	0.0	2155012	2691.29445607	4.3

