30237.835785909625	750	4.0	1.6659284416132762	450283	1665.92844161	-6.413492298937087
30238.391206201442	300	7.444579708183693	0.0	155580	555.420291816	-0.15000000000000002
30239.831323869865	750	10.004462039759586	0.0	350812	1440.11766842	0.3
30241.759875216663	1200	12.075910692961491	0.0	617681	1928.5513468	0.75
30244.703743530237	1850	13.132042379389572	0.0	996749	2943.86831357	1.2000000000000002
30263.841172388977	2850	4.0	6.00538647935251	1224260	19137.4288587	-23.973161861215793
30265.821045302568	300	6.020127086413164	0.0	153295	1979.87291359	-2.25
30266.057940767034	300	9.783231621945543	0.0	173849	236.895464468	0.3
30266.66575332168	1200	13.175419067303123	0.0	584846	607.812554642	0.29999999999999993
30268.648031419078	2850	15.193140969903656	0.0	1429765	1982.2780974	1.2000000000000002
30271.864133543124	4300	15.977038845856747	0.0	2173522	3216.10212405	2.8499999999999996
30275.1940210955	4300	16.64715129347994	0.0	2102452	3329.88755238	4.3
30277.268618258306	4300	18.57255413067569	0.0	2209463	2074.5971628	4.3
30280.065471148395	4300	19.77570124058611	0.0	2275376	2796.85289009	4.3
30282.685787647897	4300	21.155384741085708	0.0	2005399	2620.3164995	4.3
30285.28125558062	4300	22.55991680836096	0.0	2152483	2595.46793272	4.3
30287.288459687603	4300	24.552712701376606	0.0	2289689	2007.20410698	4.3
30288.506788570143	4300	27.334383818833768	0.0	2059512	1218.32888254	4.3
30290.08992969369	4300	29.751242695285278	0.0	2220726	1583.14112355	4.3
30291.36819681321	4300	32.47297557576464	0.0	2156729	1278.26711952	4.3
30292.516262200556	4300	35.32491018841845	0.0	2039773	1148.06538735	4.3
30293.93032328075	4300	37.91084910822171	0.0	2176469	1414.0610802	4.3
30295.745818603908	4300	40.09535378506732	0.0	2221506	1815.49532315	4.3
30297.23740924924	4300	42.603763139736564	0.0	2044075	1491.59064533	4.3
30298.59828891511	4300	45.24288347386771	0.0	2186790	1360.87966587	4.3
30299.753083556003	4300	48.08808883297206	0.0	2105231	1154.7946409	4.3
30301.32136923804	4300	50.51980315093623	0.0	2395588	1568.28568204	4.3
30302.630556007553	4300	53.21061638142323	0.0	1972048	1309.18676951	4.3
30303.630149369274	4300	56.21102301970216	0.0	2134614	999.593361721	4.3
30304.732681170786	4300	59.10849121818905	0.0	2164140	1102.53180151	4.3
30306.4360532094	4300	59.54821705027173	0.0	2113193	1060.27416792	4.3
30309.629869018103	4300	59.73285808126566	0.0	2147852	2815.358969006075	4.3
30312.914311420354	4300	59.989865299990456	0.0	2191074	3242.9927812752007	4.3
30315.68443950561	4300	59.58552606785056	0.0	2286761	2404.339232139898	4.3
30317.452246633144	4300	59.594516930642854	0.0	2307787	1491.00913720771	4.3
30318.631331583107	4300	59.603373450824236	0.0	2143948	991.1434798186158	4.3
30331.639017237285	4300	50.5956877966453	0.0	1919781	13007.685654178931	4.3
30337.84412478352	4300	48.39058025040544	0.0	2147467	6205.107546239857	4.3
30348.49599693201	4300	41.73870810191712	0.0	2133870	10651.872148488332	4.3
30351.282027923102	4300	42.952677110823934	0.0	2146120	2786.0309910931865	4.3
30353.692987745173	4300	44.54171728875348	0.0	2108491	2410.959822070447	4.3
30356.52293306223	4300	45.71177197169437	0.0	2184571	2829.945317059117	4.3
30360.06851650644	4300	46.16618852748962	0.0	2121928	3545.5834442047385	4.3
30365.639005459532	4300	44.595699574395425	0.0	2219102	5570.488953094205	4.3
30369.48477123743	4300	44.74993379649953	0.0	2124950	3845.765777895891	4.3
30370.672760305933	4300	47.56194472799342	0.0	2246506	1187.9890685061202	4.3
30371.980450905474	4300	50.25425412845462	0.0	1961140	1307.6905995388033	4.3
30373.18959241217	4300	53.04511262175846	0.0	2155012	1209.1415066961554	4.3

