14118.598309932206	750	4.0	6.296921653871057	450283	6296.92165387	-26.326763111645544
14119.837176807954	300	6.761133124251043	0.0	155580	1238.86687575	-0.15000000000000002
14121.18115901993	300	9.417150912276034	0.0	139857	1343.98221198	0.3
14132.200418676195	1200	4.0	1.6021087439888524	617681	11019.2596563	-6.589067599152065
14132.445409527816	300	7.755009148380421	0.0	163442	244.99085162	-0.6000000000000001
14132.860177433775	750	11.340241242420202	0.0	318564	414.76790596	0.3
14134.032542031282	1850	14.167876644913289	0.0	905515	1172.36459751	0.75
14135.974900330193	2850	16.22551834600199	0.0	1638769	1942.35829891	1.85
14138.59590152223	4300	17.60451715396586	0.0	2055469	2621.00119204	2.8499999999999996
14141.389063270863	4300	18.81135540533302	0.0	2169201	2793.16174863	4.3
14146.503367048454	4300	17.697051627742876	0.0	2173522	5114.30377759	4.3
14152.297211707879	4300	15.903206968318303	0.0	2102452	5793.84465942	4.3
14162.811148334846	4300	9.389270341350679	0.0	2209463	10513.936627	4.3
14163.6799837238	1200	12.520434952397737	0.0	687371	868.835388953	-1.9000000000000001
14164.674799652124	1850	15.525619024073576	0.0	821631	994.815928324	1.2000000000000002
14167.15829845282	4300	17.042120223378685	0.0	2152483	2483.49880069	1.8499999999999996
14170.151028539358	4300	18.04939013684	0.0	2289689	2992.73008654	4.3
14172.398531414989	4300	19.80188726120787	0.0	2059512	2247.50287563	4.3
14186.384089030218	4300	9.816329645980211	0.0	2220726	13985.5576152	4.3
14188.296006795432	1200	11.904411880764252	0.0	586839	1911.91776522	-1.9000000000000001
14190.629157231837	1850	13.571261444359367	0.0	891604	2333.1504364	1.2000000000000002
14193.479606952093	2850	14.720811724105992	0.0	1468126	2850.44972025	1.85
14195.00461595369	2850	17.195802722507146	0.0	1505760	1525.0090016	2.85
14197.856569077243	4300	18.343849598957117	0.0	2044075	2851.95312355	2.8499999999999996
14200.926350879166	4300	19.274067797032153	0.0	2186790	3069.78180192	4.3
14204.397914814146	4300	19.802503862051875	0.0	2105231	3471.56393498	4.3
14211.352785961735	4300	16.847632714462204	0.0	2395588	6954.87114759	4.3
14215.032565258	4300	17.167853418197424	0.0	1972048	3679.77929626	4.3
14217.832601685712	4300	18.36781699048548	0.0	2134614	2800.03642771	4.3
14220.536853376128	4300	19.663565300070115	0.0	2164140	2704.25169042	4.3
14222.927578588551	4300	21.27284008764729	0.0	2113193	2390.72521242	4.3
14235.51215281642	4300	12.688265859777934	0.0	2147852	12584.5742279	4.3
14236.429518873852	1850	15.770899802345683	0.0	885062	917.366057432	-0.6000000000000001
14238.851308137027	4300	17.349110539170297	0.0	2286761	2421.78926318	1.8499999999999996
14241.759618041659	4300	18.4408006345399	0.0	2307787	2908.30990463	4.3
14243.972264895709	4300	20.22815378049037	0.0	2143948	2212.64685405	4.3
14279.622300742267	4300	4.0	15.42188206606762	1919781	35650.0358466	-62.01409288409077
14280.383684680823	300	7.238616061442632	0.0	124011	761.383938557	-3.7
14282.282412274097	750	9.339888468169807	0.0	378327	1898.72759327	0.3
14294.889893223877	1200	4.0	3.2675924816111674	587506	12607.4809498	-13.300647670928019
14295.378566990945	300	7.511326232932282	0.0	147968	488.673767068	-0.6000000000000001
14296.391267001338	750	10.498626222540027	0.0	384505	1012.70001039	0.3
14298.460819131333	1200	12.429074092544083	0.0	599477	2069.55213	0.75
14301.92968257429	1850	12.960210649589365	0.0	973972	3468.86344295	1.2000000000000002
14304.716413287671	1850	14.173479936206816	0.0	958994	2786.73071338	1.85
14324.619152540348	2850	4.0	5.7292593164709285	1483527	19902.7392527	-22.78581506082499
14324.837962619971	300	7.781189920377544	0.0	137507	218.810079622	-2.25
14325.253869524644	750	11.36528301570352	0.0	314107	415.906904674	0.3

