18945.457760837427	750	4.0	3.665937941738852	450283	3665.93794174	-15.013533149477063
18946.77675992239	300	6.681000915034033	0.0	155580	1318.99908497	-0.15000000000000002
18947.903484546816	300	9.554276290614263	0.0	139857	1126.72462442	0.3
18952.552727545364	1200	8.905033292061267	0.0	617681	4649.24299855	0.29999999999999993
18955.687222721055	750	9.770538116372187	0.0	411561	3134.49517569	0.3
18959.52612042852	1200	9.931640408905112	0.0	520315	3838.89770747	0.75
18963.567268628412	1200	9.890492209013507	0.0	561791	4041.14819989	1.2
18968.62233531208	1200	8.835425525343924	0.0	709534	5055.06668367	1.2
18971.411076498924	750	10.046684338503319	0.0	374758	2788.74118684	0.3
18976.242666725695	1200	9.215094111729153	0.0	560821	4831.59022677	0.75
18980.89882468297	1200	8.558936154454024	0.0	607410	4656.15795728	1.2
18983.85845253961	750	9.599308297810268	0.0	405134	2959.62785664	0.3
18988.471496646514	1200	8.986264190905077	0.0	624282	4613.04410691	0.75
18991.97250596511	750	9.485254872312858	0.0	434409	3501.00931859	0.3
18996.726793727175	1200	8.730967110247397	0.0	526950	4754.28776207	0.75
18999.631425269654	750	9.826335567768439	0.0	366214	2904.63154248	0.3
19003.907019022274	1200	9.550741815144269	0.0	617242	4275.59375262	0.75
19007.83957467548	1200	9.618186161939404	0.0	581493	3932.5556532	1.2
19012.94041759266	1200	8.517343244758573	0.0	639204	5100.84291718	1.2
19015.477278635975	750	9.980482201444328	0.0	350713	2536.86104331	0.3
19019.87936970766	1200	9.578391129758518	0.0	601738	4402.09107169	0.75
19024.781998230137	1200	8.675762607284497	0.0	616206	4902.62852247	1.2
19027.851271961437	750	9.606488875986846	0.0	401853	3069.2737313	0.3
19031.778659691085	1200	9.679101146339072	0.0	536667	3927.38772965	0.75
19036.29788536959	1200	9.159875467835919	0.0	587236	4519.2256785	1.2
19041.669386048223	1200	7.788374789201375	0.0	590335	5371.50067863	1.2
19045.31958997234	750	8.13817086508714	0.0	425781	3650.20392411	0.3
19047.22674885791	750	10.231011979517476	0.0	277716	1907.15888557	0.75
19051.414224506472	1200	10.043536330954309	0.0	622896	4187.47564856	0.75
19056.091326312926	1200	9.366434524498091	0.0	641447	4677.10180646	1.2
19060.626275774714	1200	8.831485062708401	0.0	570392	4534.94946179	1.2
19063.561038859512	750	9.896721977908127	0.0	400322	2934.7630848	0.3
19067.77149935902	1200	9.686261478401505	0.0	584349	4210.46049951	0.75
19072.35727070867	1200	9.100490128746234	0.0	670129	4585.77134966	1.2
19077.04531256755	1200	8.41244826987377	0.0	690253	4688.04185887	1.2
19079.606640314807	750	9.851120522615703	0.0	365161	2561.32774726	0.3
19083.158762453113	1200	10.298998384309465	0.0	487812	3552.12213831	0.75
19087.48015429093	1200	9.97760654649281	0.0	575591	4321.39183782	1.2
19093.02934482639	1200	8.428416011028615	0.0	605884	5549.19053546	1.2
19096.326513601096	750	9.1312472363262	0.0	390680	3297.1687747	0.3
19099.949601597054	1200	9.50815924036613	0.0	566904	3623.08799596	0.75
19104.556441505043	1200	8.90131933237861	0.0	641452	4606.83990799	1.2
19107.25777275091	750	10.19998808651236	0.0	372093	2701.33124587	0.3
19111.664873395963	1200	9.792887441458086	0.0	634861	4407.10064505	0.75
19115.812135281532	1200	9.645625555891405	0.0	630203	4147.26188557	1.2
19120.466553076654	1200	8.991207760770797	0.0	638661	4654.41779512	1.2
19122.471663701945	750	10.986097135482705	0.0	331053	2005.11062529	0.3
19125.7605005574	1200	11.697260280026157	0.0	550906	3288.83685546	0.75

