17991.701272609942	750	4.0	0.28275140851808706	450283	282.751408518	-0.46583105662777435
17991.85132647415	300	7.849946135791837	0.0	155580	150.053864208	-0.15000000000000002
17992.08928852718	750	11.611984082760639	0.0	350812	237.962053031	0.3
17992.589519856225	1850	15.111752753716178	0.0	933276	500.231329044	0.75
17993.671407573147	4300	18.029865036793023	0.0	2233056	1081.88771692	1.8499999999999996
17994.713760012437	4300	20.987512597504836	0.0	1941625	1042.35243929	4.3
17996.411319789862	4300	23.289952820078543	0.0	2157535	1697.55977743	4.3
17997.73606159358	4300	25.965211016361227	0.0	2290172	1324.74180372	4.3
17998.86800742845	4300	28.83326518149315	0.0	2055469	1131.94583487	4.3
18000.384810177435	4300	31.316462432508015	0.0	2169201	1516.80274899	4.3
18003.51014591538	4300	32.19112669455929	0.0	2173522	3125.33573795	4.3
18009.345755536004	4300	30.3555170739354	0.0	2102452	5835.60962062	4.3
18018.945789098314	4300	24.755483511627173	0.0	2209463	9600.03356231	4.3
18023.70706332487	4300	23.994209285072923	0.0	2275376	4761.27422655	4.3
18026.442824552643	4300	25.258448057297368	0.0	2005399	2735.76122778	4.3
18029.3763726418	4300	26.32489996814139	0.0	2152483	2933.54808916	4.3
18043.375060136917	4300	16.32621247302704	0.0	2289689	13998.6874951	4.3
18049.05451652306	4300	14.646756086880675	0.0	2059512	5679.45638615	4.3
18062.27429128705	2850	5.426981322893637	0.0	1537156	13219.774764	1.4000000000000001
18062.437375978963	300	9.263896630983176	0.0	140881	163.08469191	-2.25
18062.87225148624	1200	12.829021123705282	0.0	601738	434.875507278	0.29999999999999993
18063.438466398184	1850	16.262806211760804	0.0	955231	566.214911944	1.2000000000000002
18064.550980540516	4300	19.15029206942702	0.0	2221506	1112.51414233	1.8499999999999996
18065.602251953926	4300	22.099020656016997	0.0	2044075	1051.27141341	4.3
18066.689272180905	4300	25.012000429039198	0.0	2186790	1087.02022698	4.3
18068.065973525237	4300	27.635299084704734	0.0	2105231	1376.70134433	4.3
18069.533814323004	4300	30.16745828693696	0.0	2395588	1467.84079777	4.3
18070.753098515434	4300	32.94817409450894	0.0	1972048	1219.28419243	4.3
18072.064325099785	4300	35.63694751015658	0.0	2134614	1311.22658435	4.3
18076.32782710987	4300	35.37344550006882	0.0	2164140	4263.50201009	4.3
18082.35860654993	4300	33.3426660600117	0.0	2113193	6030.77944006	4.3
18083.841043018045	4300	35.860229591897244	0.0	2147852	1482.43646811	4.3
18085.309160093093	4300	38.39211251684882	0.0	2191074	1468.11707505	4.3
18086.47885439007	4300	41.22241821987218	0.0	2286761	1169.69429698	4.3
18087.638220433913	4300	44.06305217602776	0.0	2307787	1159.36604384	4.3
18088.772617944414	4300	46.928654665524945	0.0	2143948	1134.3975105	4.3
18090.167356177462	4300	49.53391643247695	0.0	1919781	1394.73823305	4.3
18091.472830045048	4300	52.22844256489343	0.0	2147467	1305.47386758	4.3
18092.91370834623	4300	54.7875642637117	0.0	2133870	1440.87830118	4.3
18097.12749938313	4300	54.5737732268131	0.0	2146120	4213.7910369	4.3
18115.93671182868	4300	39.764560781265025	0.0	2108491	18809.2124455	4.3
18122.159621518484	4300	37.54165109146039	0.0	2184571	6222.9096898	4.3
18128.31957832184	4300	35.381694288105116	0.0	2121928	6159.95680336	4.3
18135.198762576263	4300	32.50251003368262	0.0	2219102	6879.18425442	4.3
18141.057064195684	4300	30.644208414261147	0.0	2124950	5858.30161942	4.3
18158.177654029478	4300	17.523618580470494	0.0	2246506	17120.5898338	4.3
18163.78266430928	4300	15.918608300665921	0.0	1961140	5605.0102798	4.3
18174.43045269707	4300	9.270819912878864	0.0	2155012	10647.7883878	4.3

