3648.9054108974374	750	4.0	0.16115784517155224	450283	161.157845172	0.05702126576232536
3649.0134522348894	300	7.891958662548242	0.0	155580	108.041337452	-0.15000000000000002
3649.1566816838813	750	11.748729213556558	0.0	350812	143.229448992	0.3
3649.4048929401583	1850	15.500517957279227	0.0	933276	248.211256277	0.75
3650.0944938194857	4300	18.810917077951743	0.0	2233056	689.600879327	1.8499999999999996
3650.7053551289414	4300	22.200055768496014	0.0	1941625	610.861309456	4.3
3651.104934313306	4300	25.80047658413181	0.0	2157535	399.579184364	4.3
3651.524160003649	4300	29.38125089378902	0.0	2290172	419.225690343	4.3
3651.90977970004	4300	32.99563119739781	0.0	2055469	385.619696391	4.3
3652.3389387838843	4300	36.56647211355368	0.0	2169201	429.159083844	4.3
3652.7687933848338	4300	40.136617512603806	0.0	2173522	429.85460095	4.3
3653.194055616383	4300	43.71135528105441	0.0	2102452	425.262231549	4.3
3653.676565172046	4300	47.22884572539132	0.0	2209463	482.509555663	4.3
3654.1710824473867	4300	50.73432845005045	0.0	2275376	494.517275341	4.3
3654.6371653960523	4300	54.26824550138465	0.0	2005399	466.082948666	4.3
3655.143172414586	4300	57.76223848285122	0.0	2152483	506.007018533	4.3
3656.4585143093377	4300	59.65802721663542	0.0	2289689	604.211266216	4.3
3657.5594118421673	4300	59.67364376448875	0.0	2059512	484.38345214667197	4.3
3658.82292767457	4300	59.81014288862886	0.0	2220726	863.5008758598843	4.3
3660.8410673030216	4300	59.96108055267456	0.0	2156729	1849.0623359543029	4.3
3661.714848199347	4300	59.818728750760215	0.0	2039773	642.351801914	4.3
3663.5629030059	4300	59.969915894689564	0.0	2176469	848.8128560706512	4.3
3664.989533161902	4300	59.716221791929705	0.0	2221506	1253.6941027598557	4.3
3669.432504520397	4300	59.27325043343502	0.0	2044075	4442.971358494689	4.3
3672.1450135829987	4300	59.89494960800216	0.0	2186790	1878.3008254328586	4.3
3675.100634336972	4300	59.544243349600606	0.0	2105231	2850.7062584015484	4.3
3676.700500464153	4300	59.50726753379539	0.0	2395588	1536.9758158052116	4.3
3678.0479012116393	4300	59.575012315740075	0.0	1972048	432.255218055	4.3
3679.7590321897983	4300	59.63701959137635	0.0	2134614	937.9927243637178	4.3
3681.290838563091	4300	59.96718553162763	0.0	2164140	1169.8340597487277	4.3
3682.5767153049856	4300	59.96573331745215	0.0	2113193	1001.4522141754762	4.3
3684.1358124244844	4300	59.78839702156253	0.0	2147852	1177.3362958896212	4.3
3685.825204248922	4300	59.84408152114814	0.0	2191074	1444.3155004143916	4.3
3687.0665032331085	4300	59.55647019106649	0.0	2286761	787.611330082	4.3
3689.0546688433888	4300	59.99873121297927	0.0	2307787	1057.7389780872147	4.3
3690.1934989273436	4300	59.60502948709788	0.0	2143948	893.7017258813843	4.3
3691.0236988951224	4300	59.522493682245376	0.0	1919781	582.535804853	4.3
3692.454041877047	4300	59.89115427274602	0.0	2147467	631.339409499	4.3
3692.9107101982218	4300	59.52232189837158	0.0	2133870	368.8323743744382	4.3
3694.283625322366	4300	59.58978230969952	0.0	2146120	432.539588672	4.3
3695.5318929121568	4300	59.64533628253991	0.0	2108491	444.44602715961133	4.3
3697.3206579186854	4300	59.863364560591435	0.0	2184571	1281.971721948474	4.3
3699.021304299746	4300	59.97593801235134	0.0	2121928	1387.4265482400974	4.3
3702.5599798554454	4300	59.823710150912056	0.0	2219102	3152.227861439287	4.3
3705.1997310882603	4300	59.65655838163441	0.0	2124950	2167.1517692776365	4.3
3707.587505989852	4300	59.65897066260699	0.0	2246506	1997.587719027425	4.3
3711.8574554414918	4300	59.38902121096767	0.0	1961140	4269.94945163932	4.3
3713.956972477132	4300	59.83983101024938	0.0	2155012	2049.190200718295	4.3

