29235.727071172052	750	4.0	2.4973175315755975	450283	2497.31753158	-9.988465385775068
29236.6486584869	300	7.078412685148679	0.0	155580	921.587314851	-0.15000000000000002
29238.905973270954	750	8.82109790109748	0.0	350812	2257.31478405	0.3
29240.82951226222	750	10.897558909832615	0.0	382355	1923.53899126	0.75
29243.817417622955	1200	11.909653549097982	0.0	652874	2987.90536073	0.75
29247.454112092615	1850	12.272959079437104	0.0	801058	3636.69446966	1.2000000000000002
29251.78721166661	1850	11.939859505442302	0.0	905515	4333.09957399	1.85
29256.120624430067	1850	11.606446741982891	0.0	1060487	4333.41276346	1.85
29259.576219878847	1850	12.150851293201317	0.0	852833	3455.59544878	1.85
29264.23550279719	1850	11.49156837485878	0.0	913888	4659.28291834	1.85
29268.226008555484	1850	11.501062616564333	0.0	939819	3990.50575829	1.85
29271.55495770149	1850	12.172113470559331	0.0	917428	3328.94914601	1.85
29274.752283239668	1850	12.974787932383819	0.0	946851	3197.32553818	1.85
29278.134092711083	1850	13.592978460967739	0.0	1036454	3381.80947142	1.85
29283.51982879484	2850	12.207242377209234	0.0	1231445	5385.73608376	1.85
29287.138941614485	1850	12.588129557562256	0.0	923170	3619.11281965	0.8500000000000001
29291.242507456624	1850	12.48456371542497	0.0	966699	4103.56584214	1.85
29295.161911563766	1850	12.565159608281194	0.0	885714	3919.40410714	1.85
29298.576477852796	1850	13.150593319251445	0.0	987708	3414.56628903	1.85
29304.696741387615	2850	11.030329784429945	0.0	1336050	6120.26353482	1.85
29309.60798298066	1850	10.119088191390107	0.0	891604	4911.24159304	0.8500000000000001
29311.516431035092	1200	12.210640136955893	0.0	616206	1908.44805443	0.5499999999999999
29314.57355134406	1850	13.153519827984962	0.0	968026	3057.12030897	1.2000000000000002
29319.89749248732	2850	11.829578684726709	0.0	1323990	5323.94114326	1.85
29323.623272647805	1850	12.103798524240364	0.0	897976	3725.78016049	0.8500000000000001
29327.164953070896	1850	12.56211810114653	0.0	905935	3541.68042309	1.85
29336.36102657765	1850	7.366044594393959	0.0	1076599	9196.07350675	1.85
29340.555166631577	750	7.171904540471128	0.0	277716	4194.14005392	-0.3500000000000001
29351.32475637853	750	4.0	3.5976852064834066	400396	10769.589747	-14.720046387878648
29352.85560152608	300	6.469154852449042	0.0	149029	1530.84514755	-0.15000000000000002
29354.468145487142	300	8.856610891390327	0.0	157421	1612.54396106	0.3
29358.445408645035	750	8.879347733495589	0.0	400322	3977.26315789	0.3
29362.125861337456	750	9.198895041070886	0.0	369834	3680.45269242	0.75
29368.729782237973	1200	6.594974140553697	0.0	670129	6603.92090052	0.75
29370.55559787533	300	8.769158503194403	0.0	179328	1825.81563736	-0.6000000000000001
29374.190557412905	750	9.134198965622149	0.0	365161	3634.95953757	0.3
29379.01956380171	1200	8.305192576817769	0.0	487812	4829.0063888	0.75
29382.619515125105	750	8.705241253422574	0.0	361565	3599.9513234	0.3
29386.382649898456	750	8.942106480073017	0.0	378327	3763.13477335	0.75
29390.26604509164	750	9.05871128688774	0.0	390680	3883.39519319	0.75
29395.86503748592	1200	7.459718892607241	0.0	566904	5598.99239428	0.75
29399.688317072167	750	7.6364393063583815	0.0	384505	3823.27958625	0.3
29403.390761854644	750	7.9339945238819585	0.0	372093	3702.44478248	0.75
29407.693599803584	750	7.631156574941288	0.0	438281	4302.83794894	0.75
29410.535909798826	750	8.78884657970124	0.0	398987	2842.30999524	0.75
29412.86112578006	750	10.463630598470923	0.0	393804	2325.21598123	0.75
29415.36227535568	1200	11.962481022844623	0.0	538612	2501.14957563	0.75
29421.066559829527	1850	10.258196549000491	0.0	846370	5704.28447384	1.2000000000000002

