29582.205126418314	750	4.0	2.4105911300486103	450283	2410.59113005	-9.615541859209024
29583.06740185302	300	7.137724565296481	0.0	155580	862.275434704	-0.15000000000000002
29585.369570013394	750	8.835556404921006	0.0	350812	2302.16816038	0.3
29587.395560376586	750	10.809566041730545	0.0	382355	2025.99036319	0.75
29592.575543337804	1200	9.629583080513006	0.0	652874	5179.98296122	0.75
29599.646692288305	1200	6.55843413000971	0.0	520315	7071.1489505	1.2
29600.58996658651	300	9.615159831802995	0.0	153295	943.274298207	-0.6000000000000001
29604.346639928564	1200	9.858486489749637	0.0	709534	3756.67334205	0.29999999999999993
29607.416270442478	1200	10.788855975836547	0.0	584846	3069.63051391	1.2
29610.4286756017	1200	11.776450816618288	0.0	560821	3012.40515922	1.2
29615.25153316052	1850	10.9535932577936	0.0	939819	4822.85755882	1.2000000000000002
29618.787926360885	1200	11.417200057430353	0.0	594078	3536.39320036	0.5499999999999999
29634.26633198133	1850	4.0	4.061205563011478	946851	15478.4056204	-16.263183920949352
29635.280827316306	300	6.985504665021592	0.0	179801	1014.49533498	-1.25
29636.178685450675	300	10.087646530652426	0.0	140051	897.858134369	0.3
29638.945788172085	1200	11.320543809243294	0.0	587876	2767.10272141	0.29999999999999993
29650.86739935971	1850	4.0	0.60106737838132	966699	11921.6111876	-1.3845897270396756
29651.102000196275	300	7.765399163437604	0.0	150616	234.600836562	-1.25
29651.87033079279	750	10.997068566924561	0.0	405596	768.330596513	0.3
29652.74021345204	1200	14.127185907671153	0.0	586839	869.882659253	0.75
29654.240207339295	2850	16.62719202041917	0.0	1415116	1499.99388725	1.2000000000000002
29656.701709796802	4300	18.165689562911545	0.0	2176469	2461.50245751	2.8499999999999996
29659.41401702288	4300	19.453382336834267	0.0	2221506	2712.30722608	4.3
29674.20375847628	4300	8.663640883432379	0.0	2044075	14789.7414534	4.3
29675.260313513063	750	11.60708584664885	0.0	359903	1056.55503678	-2.8
29677.784000629297	1850	13.083398730413807	0.0	905935	2523.68711624	0.75
29683.44195026305	2850	11.425449096658037	0.0	1547572	5657.94963376	1.85
29687.41901175722	1850	11.448387602491282	0.0	758197	3977.06149417	0.8500000000000001
29705.291359313982	1850	4.0	6.423959954271675	972798	17872.3475568	-25.7730278033682
29706.53330267305	300	6.758056640929929	0.0	149029	1241.94335907	-1.25
29707.868324427076	300	9.423034886906427	0.0	157421	1335.02175402	0.3
29711.732630408977	1200	9.55872890500732	0.0	620283	3864.3059819	0.29999999999999993
29712.361401869242	1200	12.929957444740728	0.0	584349	628.771460267	1.2
29713.914387931924	1850	15.37697138205574	0.0	1035329	1552.98606268	1.2000000000000002
29717.18068927933	4300	16.11067003465073	0.0	2307787	3266.30134741	1.8499999999999996
29719.83126667195	4300	17.460092642026193	0.0	2143948	2650.57739262	4.3
29721.62758609662	4300	19.663773217359992	0.0	1919781	1796.31942467	4.3
29737.51377078158	4300	7.77758853239971	0.0	2147467	15886.184685	4.3
29738.655683428886	750	10.635675885091306	0.0	378327	1141.91264731	-2.8
29740.344483309964	1200	12.946876004012882	0.0	587506	1688.79988108	0.75
29742.26317757166	1850	15.028181742316018	0.0	858450	1918.6942617	1.2000000000000002
29743.70971362728	4300	17.58164568670074	0.0	2184571	1446.53605562	1.8499999999999996
29744.90848395608	4300	20.382875357899604	0.0	2121928	1198.7703288	4.3
29746.55381496755	4300	22.737544346428212	0.0	2219102	1645.33101147	4.3
29748.148237120793	4300	25.14312219318671	0.0	2124950	1594.42215324	4.3
29749.483628556893	4300	27.807730757087725	0.0	2246506	1335.3914361	4.3
29750.733690313886	4300	30.557669000093615	0.0	1961140	1250.06175699	4.3
29751.902169540463	4300	33.389189773519924	0.0	2155012	1168.47922657	4.3

