19134.78992229276	750	4.0	9.029421735358586	450283	9029.42173536	-38.076513462041916
19137.661326480644	300	5.1285958121156465	0.0	155580	2871.40418788	-0.15000000000000002
19140.073047891812	300	6.716874400948785	0.0	139857	2411.72141117	0.3
19142.751584792873	300	8.03833749988403	0.0	155432	2678.53690106	0.3
19149.85361639062	750	4.9363059021395355	0.0	411561	7102.03159774	0.3
19152.096401389063	300	6.693520903697749	0.0	126289	2242.78499844	-0.15000000000000002
19154.74882770418	300	8.041094588579512	0.0	153295	2652.42631512	0.3
19162.217067440357	750	4.572854852402389	0.0	437162	7468.23973618	0.3
19164.84271331502	300	5.947208977738837	0.0	150710	2625.64587466	-0.15000000000000002
19167.288877226118	300	7.501045066640952	0.0	139105	2446.1639111	0.3
19173.369656186132	750	5.420266106624369	0.0	353220	6080.77896002	0.3
19175.995208544653	300	6.794713748106888	0.0	156148	2625.55235852	-0.15000000000000002
19178.80243437703	300	7.987487915729025	0.0	160746	2807.22583238	0.3
19187.075695662887	750	4.0	0.2857733701256366	434409	8273.26128585	-0.9288254915402372
19189.944928365483	300	5.130767297401182	0.0	140051	2869.2327026	-0.15000000000000002
19192.666096402107	300	6.4095992607818975	0.0	138313	2721.16803662	0.3
19195.165451376768	300	7.910244286116096	0.0	143509	2499.35497467	0.3
19201.4097043071	750	5.6659913557841515	0.0	372963	6244.25293033	0.3
19204.214338069243	300	6.861357593645604	0.0	165384	2804.63376214	-0.15000000000000002
19206.620874983844	300	8.454820679043005	0.0	140881	2406.5369146	0.3
19213.22294528501	750	5.852750377876316	0.0	386472	6602.07030117	0.3
19215.9646218282	300	7.1110738346893445	0.0	157812	2741.67654319	-0.15000000000000002
19222.935539950893	750	4.1401557119940495	0.0	401853	6970.9181227	0.3
19225.321342649266	300	5.754353013621632	0.0	137654	2385.80269837	-0.15000000000000002
19227.858659929156	300	7.217035733730753	0.0	146754	2537.31727989	0.3
19234.2682720239	750	4.807423638988663	0.0	379700	6409.61209474	0.3
19237.42793131624	300	5.647764346646119	0.0	181901	3159.65929234	-0.15000000000000002
19239.328202112243	300	7.747493550644153	0.0	111155	1900.270796	0.3
19246.37633606044	750	4.699359602449173	0.0	400396	7048.13394819	0.3
19249.333349760036	300	5.7423459028515556	0.0	149029	2957.0136996	-0.15000000000000002
19252.523803560944	300	6.551892101945415	0.0	157421	3190.45380091	0.3
19255.280041773956	300	7.795653888932127	0.0	157488	2756.23821301	0.3
19261.36894904826	750	5.706746614627435	0.0	369834	6088.9072743	0.3
19264.123077528766	300	6.9526181341239965	0.0	163444	2754.1284805	-0.15000000000000002
19267.1535654432	300	7.922130219692884	0.0	179328	3030.48791443	0.3
19273.25853085506	750	5.817164807833368	0.0	365161	6104.96541186	0.3
19275.48096410933	300	7.594731553560606	0.0	131610	2222.43325427	-0.15000000000000002
19281.49732048132	750	5.578375181570239	0.0	361565	6016.35637199	0.3
19283.980530918063	300	7.09516474483162	0.0	144254	2483.21043674	-0.15000000000000002
19290.572464329805	750	4.50323133308935	0.0	390680	6591.93341174	0.3
19293.052843282363	300	6.022852380529798	0.0	147968	2480.37895256	-0.15000000000000002
19295.77786882253	300	7.297826840362411	0.0	161857	2725.02554017	0.3
19302.010136836732	750	5.065558826156877	0.0	372093	6232.26801421	0.3
19305.110163108548	300	5.965532554343717	0.0	172312	3100.02627181	-0.15000000000000002
19308.570520907353	300	6.505174755537999	0.0	167025	3460.35779881	0.3
19311.789811617426	300	7.285884045466802	0.0	160064	3219.29071007	0.3
19317.847106426037	750	5.2285892368544955	0.0	331053	6057.29480861	0.3
19319.93947635085	300	7.136219312041566	0.0	118421	2092.36992481	-0.15000000000000002

