34300.16784513853	750	4.0	0.4607849811312777	450283	460.784981131	-1.231375418864494
34300.37941245811	300	7.7884326804156405	0.0	155580	211.567319584	-0.15000000000000002
34300.756079089544	750	11.411766048984681	0.0	350812	376.666631431	0.3
34302.18161766623	1850	13.986227472301483	0.0	933276	1425.53857668	0.75
34303.72775762122	2850	16.44008751731157	0.0	1472558	1546.13995499	1.85
34305.736451127814	4300	18.431394010721153	0.0	1941625	2008.69350659	2.8499999999999996
34307.97961575235	4300	20.188229386176612	0.0	2157535	2243.16462454	4.3
34324.65239739136	4300	7.5154477471743775	0.0	2290172	16672.781639	4.3
34326.56559830605	750	9.60224683248096	0.0	374758	1913.20091469	-2.8
34329.41813171714	1200	10.749713421394574	0.0	560821	2852.53341109	0.75
34332.60892250558	1200	11.558922632953138	0.0	607410	3190.79078844	1.2
34336.93436179771	1850	11.23348334082909	0.0	917428	4325.43929212	1.2000000000000002
34340.10592861016	1850	12.061916528375813	0.0	946851	3171.56681245	1.85
34340.91872639305	1850	15.249118745484921	0.0	1036454	812.797782891	1.85
34341.85418308351	4300	18.313662055027706	0.0	2005399	935.456690457	1.8499999999999996
34343.144356100565	4300	21.023489037973032	0.0	2152483	1290.17301705	4.3
34344.45697111673	4300	23.710874021809445	0.0	2289689	1312.61501616	4.3
34345.91929359876	4300	26.248551539784682	0.0	2059512	1462.32248202	4.3
34347.27632641439	4300	28.891518724153936	0.0	2220726	1357.03281563	4.3
34348.698316896596	4300	31.46952824194352	0.0	2156729	1421.99048221	4.3
34349.94890020325	4300	34.21894493528683	0.0	2039773	1250.58330666	4.3
34359.12049158544	4300	29.04735355309881	0.0	2176469	9171.59138219	4.3
34373.863605383136	4300	18.30423975540601	0.0	2221506	14743.1137977	4.3
34379.655854856304	4300	16.51199028223761	0.0	2044075	5792.24947317	4.3
34403.84471217896	4300	4.0	7.676867040414592	2186790	24188.8573227	-28.710528273782746
34404.457519412834	300	7.387192766132347	0.0	153938	612.807233868	-3.7
34405.60136550665	750	10.243346672311523	0.0	425781	1143.84609382	0.3
34406.73243229112	1200	13.11227988783681	0.0	487160	1131.06678447	0.75
34410.555243509414	2850	13.289468669548846	0.0	1498470	3822.81121829	1.2000000000000002
34457.779768152446	2850	4.0	33.93505597348717	1561263	47224.524643	-143.07074068599482
34460.23055493243	300	5.549213220017447	0.0	157421	2450.78677998	-2.25
34461.28362640504	300	8.496141747404197	0.0	157488	1053.07147261	0.3
34461.55387634878	750	12.225891803668867	0.0	369834	270.249943735	0.3
34462.16647011787	1850	15.613298034579067	0.0	1035329	612.59376909	0.75
34463.33190853645	4300	18.447859615996375	0.0	2307787	1165.43841858	1.8499999999999996
34464.56191792486	4300	21.217850227586034	0.0	2143948	1230.00938841	4.3
34465.76835361513	4300	24.011414537315208	0.0	1919781	1206.43569027	4.3
34466.8708722176	4300	26.908895934841496	0.0	2147467	1102.51860247	4.3
34467.8729152628	4300	29.906852889643666	0.0	2133870	1002.0430452	4.3
34469.27721875889	4300	32.502549393553025	0.0	2146120	1404.30349609	4.3
34470.56697044389	4300	35.21279770856143	0.0	2108491	1289.75168499	4.3
34471.85263046518	4300	37.92713768727244	0.0	2184571	1285.66002129	4.3
34473.125157646034	4300	40.654610506413526	0.0	2121928	1272.52718086	4.3
34474.23658293358	4300	43.54318521887184	0.0	2219102	1111.42528754	4.3
34475.59144394812	4300	46.1883242043341	0.0	2124950	1354.86101454	4.3
34476.829122110554	4300	48.950646041904605	0.0	2246506	1237.67816243	4.3
34477.78407308347	4300	51.99569506898287	0.0	1961140	954.950972922	4.3
34478.93919481627	4300	54.84057333618551	0.0	2155012	1155.1217328	4.3

