8579.998356758539	750	4.0	2.7758419264469216	450283	2775.84192645	-11.186120283721763
8581.012510113695	300	6.985846644844381	0.0	155580	1014.15335516	-0.15000000000000002
8581.943090773939	300	10.055265984600272	0.0	139857	930.580660244	0.3
8585.5619097507	1200	10.436447007838042	0.0	617681	3618.81897676	0.29999999999999993
8586.895222935143	1200	13.103133823394458	0.0	652874	1333.31318444	1.2
8587.641430230442	2850	16.35692652809644	0.0	1224260	746.207295298	1.2000000000000002
8588.721684447608	4300	19.276672310930948	0.0	2157535	1080.25421717	2.8499999999999996
8590.036634100783	4300	21.96172265775469	0.0	2290172	1314.94965318	4.3
8591.389976103288	4300	24.60838065525125	0.0	2055469	1353.3420025	4.3
8593.16098728209	4300	26.837369476449453	0.0	2169201	1771.0111788	4.3
8594.486167324003	4300	29.5121894345365	0.0	2173522	1325.18004191	4.3
8595.49229100206	4300	32.506065756479856	0.0	2102452	1006.12367806	4.3
8596.67392819929	4300	35.324428559247536	0.0	2209463	1181.63719723	4.3
8603.74452936046	4300	32.2538273980788	0.0	2275376	7070.60116117	4.3
8618.026912686355	4300	21.971444072182866	0.0	2005399	14282.3833259	4.3
8619.244379927153	4300	24.75397683138492	0.0	2152483	1217.4672408	4.3
8620.97115720562	4300	27.02719955291601	0.0	2289689	1726.77727847	4.3
8622.132165747804	4300	29.86619101073307	0.0	2059512	1161.00854218	4.3
8623.277992158364	4300	32.72036460017365	0.0	2220726	1145.82641056	4.3
8624.376014001678	4300	35.62234275686038	0.0	2156729	1098.02184331	4.3
8625.640143807837	4300	38.35821295070126	0.0	2039773	1264.12980616	4.3
8626.855321750103	4300	41.143035008437046	0.0	2176469	1215.17794226	4.3
8630.277758061207	4300	41.720598697331326	0.0	2221506	3422.43631111	4.3
8635.764339545556	4300	40.23401721298398	0.0	2044075	5486.58148435	4.3
8640.096927670378	4300	39.90142908816174	0.0	2186790	4332.58812482	4.3
8642.996008378857	4300	41.00234837968193	0.0	2105231	2899.08070848	4.3
8645.890461262265	4300	42.10789549627475	0.0	2395588	2894.45288341	4.3
8648.309223311864	4300	43.6891334466754	0.0	1972048	2418.7620496	4.3
8651.3740632684	4300	44.62429349013877	0.0	2134614	3064.83995654	4.3
8653.572056050964	4300	46.426300707576175	0.0	2164140	2197.99278256	4.3
8656.412295377264	4300	47.58606138127629	0.0	2113193	2840.2393263	4.3
8660.01544892686	4300	47.98290783167922	0.0	2147852	3603.1535496	4.3
8669.675533104777	4300	42.32282365376224	0.0	2191074	9660.08417792	4.3
8675.444992110884	4300	40.55336464765495	0.0	2286761	5769.45900611	4.3
8681.71592671336	4300	38.28243004517927	0.0	2307787	6270.93460248	4.3
8687.963835320814	4300	36.03452143772512	0.0	2143948	6247.90860745	4.3
8696.825684103702	4300	31.17267265483764	0.0	1919781	8861.84878289	4.3
8703.181966767715	4300	28.81638999082274	0.0	2147467	6356.28266401	4.3
8708.966926422867	4300	27.031430335672237	0.0	2133870	5784.95965515	4.3
8740.73847868208	4300	4.0	4.7401219235413485	2146120	31771.5522592	-16.082524271227797
8740.960835167376	300	7.7776435147047325	0.0	147968	222.356485295	-3.7
8741.410758261412	750	11.3277204206678	0.0	384505	449.923094037	0.3
8742.358917582365	1850	14.3795610997146	0.0	886255	948.159320953	0.75
8744.120179617837	2850	16.618299064242237	0.0	1587250	1761.26203547	1.85
8747.243570629083	4300	17.49490805299674	0.0	2124950	3123.39101125	2.8499999999999996
8750.360948670079	4300	18.377530012000793	0.0	2246506	3117.378041	4.3
8753.470917240951	4300	19.267561441128244	0.0	1961140	3109.96857087	4.3
8755.768335439949	4300	20.9701432421306	0.0	2155012	2297.418199	4.3

