8170.400557878775	750	4.0	0.8931796787701616	450283	893.17967877	-3.0906726187116944
8170.724266137096	300	7.676291741679801	0.0	155580	323.70825832	-0.15000000000000002
8171.187084112446	750	11.213473766328049	0.0	350812	462.817975352	0.3
8172.224076678697	1850	14.17648120007792	0.0	933276	1036.99256625	0.75
8174.1288733241745	2850	16.271684554600323	0.0	1472558	1904.79664548	1.85
8176.251544553729	4300	18.149013325045726	0.0	1941625	2122.67122955	2.8499999999999996
8179.167263985858	4300	19.233293892915942	0.0	2157535	2915.71943213	4.3
8180.297025546717	4300	22.103532332056925	0.0	2290172	1129.76156086	4.3
8181.349398192122	4300	25.051159686652362	0.0	2055469	1052.3726454	4.3
8182.705601472227	4300	27.694956406547227	0.0	2169201	1356.20328011	4.3
8183.709974748806	4300	30.690583129968154	0.0	2173522	1004.37327658	4.3
8184.700476583931	4300	33.70008129484354	0.0	2102452	990.501835125	4.3
8185.756953636291	4300	36.64360424248359	0.0	2209463	1056.47705236	4.3
8186.879483965638	4300	39.52107391313618	0.0	2275376	1122.53032935	4.3
8187.946114825685	4300	42.45444305308876	0.0	2005399	1066.63086005	4.3
8189.419428631851	4300	44.98112924692407	0.0	2152483	1473.31380616	4.3
8194.5683085944	4300	43.832249284373695	0.0	2289689	5148.87996255	4.3
8200.165457077197	4300	42.235100801577175	0.0	2059512	5597.1484828	4.3
8206.1624671027	4300	40.23809077607497	0.0	2220726	5997.0100255	4.3
8221.94128743352	4300	28.45927044525471	0.0	2156729	15778.8203308	4.3
8228.238966542976	4300	26.161591335798228	0.0	2039773	6297.67910946	4.3
8232.221984363785	4300	26.178573514991363	0.0	2176469	3983.01782081	4.3
8234.698281317267	4300	27.70227656150776	0.0	2221506	2476.29695348	4.3
8237.335904622709	4300	29.064653256066293	0.0	2044075	2637.62330544	4.3
8239.342839918378	4300	31.05771796039892	0.0	2186790	2006.93529567	4.3
8251.037598378942	4300	23.36295949983424	0.0	2105231	11694.7584606	4.3
8252.368567907035	4300	26.03198997174109	0.0	2395588	1330.96952809	4.3
8253.510004887476	4300	28.890552991299842	0.0	1972048	1141.43698044	4.3
8254.836487095718	4300	31.56407078305811	0.0	2134614	1326.48220824	4.3
8256.22192246121	4300	34.178635417564664	0.0	2164140	1385.43536549	4.3
8257.316493547734	4300	37.084064331041375	0.0	2113193	1094.57108652	4.3
8258.897477197499	4300	39.50308068127644	0.0	2147852	1580.98364976	4.3
8260.458494590006	4300	41.94206328877008	0.0	2191074	1561.01739251	4.3
8262.479310492306	4300	43.92124738647004	0.0	2286761	2020.8159023	4.3
8264.74875577167	4300	45.651802107105944	0.0	2307787	2269.44527936	4.3
8267.501329943345	4300	46.89922793543197	0.0	2143948	2752.57417167	4.3
8269.833403518522	4300	48.56715436025346	0.0	1919781	2332.07357518	4.3
8279.227718655104	4300	43.172839223671936	0.0	2147467	9394.31513658	4.3
8282.994209553588	4300	43.40634832518839	0.0	2133870	3766.49089848	4.3
8284.184587297366	4300	46.215970581410026	0.0	2146120	1190.37774378	4.3
8285.549849068535	4300	48.85070881024083	0.0	2108491	1365.26177117	4.3
8287.007197909665	4300	51.39335996911058	0.0	2184571	1457.34884113	4.3
8288.241716693674	4300	54.15884118510128	0.0	2121928	1234.51878401	4.3
8289.656197290911	4300	56.74436058786532	0.0	2219102	1414.48059724	4.3
8290.88614006319	4300	59.51441781558477	0.0	2124950	1229.94277228	4.3
8292.647035355025	4300	59.73335110126105	0.0	2246506	1281.06671432	4.3
8322.209855975194	4300	34.17053048109133	0.0	1961140	29562.820620169707	4.3
8325.117222977186	4300	35.26316347909969	0.0	2155012	2907.3670019916494	4.3

