24360.70649670589	750	4.0	1.3064924616647091	450283	1306.49246166	-4.867917585158249
24361.18703090596	300	7.519465799932421	0.0	155580	480.534200068	-0.15000000000000002
24362.45228083735	750	10.25421586854256	0.0	350812	1265.24993139	0.3
24364.159348603254	1200	12.547148102635715	0.0	617681	1707.06776591	0.75
24367.24601685179	1850	13.460479854100171	0.0	996749	3086.66824854	1.2000000000000002
24376.781471025934	2850	7.92502567995634	0.0	1224260	9535.45417414	1.85
24381.956260466173	750	6.750236239714483	0.0	352642	5174.78944024	-1.35
24385.92939729206	300	6.777099413827724	0.0	173849	3973.13682589	-0.15000000000000002
24387.6152174986	300	9.091279207289833	0.0	150710	1685.82020654	0.3
24389.643999755695	1200	11.062496950190013	0.0	560821	2028.7822571	0.29999999999999993
24390.616968840048	1850	14.089527865837265	0.0	939819	972.969084353	1.2000000000000002
24392.109370055827	2850	16.59712665005734	0.0	1519951	1492.40121578	1.85
24394.810123303687	4300	17.89637340220131	0.0	2209463	2700.75324786	2.8499999999999996
24397.62809100841	4300	19.078405697476306	0.0	2275376	2817.96770473	4.3
24415.196242417696	4300	5.510254288190186	0.0	2005399	17568.1514093	4.3
24419.309156219515	300	5.397340486372031	0.0	138313	4112.91380182	-3.7
24421.461557860886	300	7.244938845002788	0.0	143509	2152.40164137	0.3
24425.191312682917	750	7.515184022970564	0.0	372963	3729.75482203	0.3
24432.13053832135	750	4.575958384536465	0.0	405596	6939.22563843	0.75
24433.356540232842	300	7.349956473044581	0.0	140881	1226.00191149	-0.15000000000000002
24438.06041655659	750	6.646080149295396	0.0	386472	4703.87632375	0.3
24439.583097027727	300	9.123399678159666	0.0	157812	1522.68047114	-0.15000000000000002
24450.313829801315	1200	4.0	1.6073330954262892	656471	10730.7327736	-6.611532310333043
24450.478609409223	300	7.835220392090443	0.0	137654	164.77960791	-0.6000000000000001
24450.780269769442	750	11.533560031872264	0.0	359903	301.660360218	0.3
24451.41822532534	1850	14.89560447597455	0.0	905935	637.955555898	0.75
24452.470809274135	2850	17.843020527178204	0.0	1547572	1052.5839488	1.85
24453.700852540653	4300	20.612977260658894	0.0	1972048	1230.04326652	2.8499999999999996
24454.973706494926	4300	23.34012330638429	0.0	2134614	1272.85395427	4.3
24456.340000443655	4300	25.973829357654857	0.0	2164140	1366.29394873	4.3
24457.538581462562	4300	28.77524833874949	0.0	2113193	1198.58101891	4.3
24458.685751344772	4300	31.628078456539264	0.0	2147852	1147.16988221	4.3
24460.10931963375	4300	34.20451016756399	0.0	2191074	1423.56828898	4.3
24464.54228735432	4300	33.77154244699256	0.0	2286761	4432.96772057	4.3
24481.529290315113	4300	20.78453948619734	0.0	2307787	16987.0029608	4.3
24483.34402413647	4300	22.969805664840692	0.0	2143948	1814.73382136	4.3
24484.402811312277	4300	25.911018489032145	0.0	1919781	1058.78717581	4.3
24485.88275777498	4300	28.431072026330423	0.0	2147467	1479.9464627	4.3
24487.59509619095	4300	30.718733610356697	0.0	2133870	1712.33841597	4.3
24488.636667015257	4300	33.677162786048704	0.0	2146120	1041.57082431	4.3
24489.869057275468	4300	36.444772525841785	0.0	2108491	1232.39026021	4.3
24491.08815693269	4300	39.22567286861886	0.0	2184571	1219.09965722	4.3
24493.458336076008	4300	40.85549372530277	0.0	2121928	2370.17914332	4.3
24499.490522926317	4300	38.82330687499334	0.0	2219102	6032.18685031	4.3
24505.20463842664	4300	37.10919137467033	0.0	2124950	5714.11550032	4.3
24511.2464728563	4300	35.06735694501007	0.0	2246506	6041.83442966	4.3
24521.26969413004	4300	29.04413567127236	0.0	1961140	10023.2212737	4.3
24548.16621473182	4300	6.147615069489086	0.0	2155012	26896.5206018	4.3

