27797.63496903309	750	4.0	1.2112222082652933	450283	1211.22220827	-4.458255495540761
27798.10582445326	300	7.529144579826655	0.0	155580	470.855420173	-0.15000000000000002
27799.067150919785	750	10.56781811330235	0.0	350812	961.326466524	0.3
27800.698918285692	1200	12.936050747393544	0.0	617681	1631.76736591	0.75
27809.731818854303	1850	7.903150178786049	0.0	996749	9032.90056861	1.2000000000000002
27812.359219156708	750	9.275749876378802	0.0	318564	2627.40030241	-0.3500000000000001
27814.399795857473	1200	11.235173175613212	0.0	561791	2040.57670077	0.75
27818.303555085124	1850	11.331413947964126	0.0	1060487	3903.75922765	1.2000000000000002
27821.687028672495	1850	11.947940360591833	0.0	852833	3383.47358737	1.85
27825.783488558336	1850	11.851480474749348	0.0	913888	4096.45988584	1.85
27829.899684423308	1850	11.735284609778057	0.0	939819	4116.19586497	1.85
27834.02111643127	1850	11.61385260181674	0.0	917428	4121.43200796	1.85
27839.465197351135	1850	10.1697716819495	0.0	946851	5444.08091987	1.85
27844.115486483828	1200	9.519482549258623	0.0	687371	4650.28913269	0.5499999999999999
27846.69547165803	1200	10.93949737505551	0.0	526950	2579.9851742	1.2
27849.818245106373	1200	11.816723926709932	0.0	587876	3122.77344835	1.2
27852.971251700124	1850	12.663717332959068	0.0	966699	3153.00659375	1.2000000000000002
27853.436154384126	1850	16.198814648960393	0.0	885714	464.902683999	1.85
27854.48121014459	4300	19.1537588884941	0.0	2220726	1045.05576047	1.8499999999999996
27855.498454876815	4300	22.13651415626928	0.0	2156729	1017.24473222	4.3
27856.46487431068	4300	25.17009472240233	0.0	2039773	966.419433867	4.3
27857.490697409037	4300	28.144271624043366	0.0	2176469	1025.82309836	4.3
27858.56540486245	4300	31.069564170630485	0.0	2221506	1074.70745341	4.3
27859.62930101323	4300	34.00566801985056	0.0	2044075	1063.89615078	4.3
27860.76189167823	4300	36.87307735484853	0.0	2186790	1132.590665	4.3
27861.85522469067	4300	39.77974434240888	0.0	2105231	1093.33301244	4.3
27863.088318296363	4300	42.546650736717034	0.0	2395588	1233.09360569	4.3
27864.149087202288	4300	45.48588183079025	0.0	1972048	1060.76890593	4.3
27865.327980517002	4300	48.306988516075414	0.0	2134614	1178.89331471	4.3
27866.522073733908	4300	51.112895299172045	0.0	2164140	1194.0932169	4.3
27867.689939577755	4300	53.9450294553229	0.0	2113193	1167.86584385	4.3
27868.87564777783	4300	56.759321255246974	0.0	2147852	1185.70820008	4.3
27870.098086539805	4300	59.53688249327007	0.0	2191074	1222.43876198	4.3
27873.872018881353	4300	59.762950151721185	0.0	2286761	1273.93234155	4.3
27878.099382160748	4300	59.53558687232523	0.0	2307787	1227.3632793959448	4.3
27881.65569804208	4300	59.90524659962942	0.0	2143948	1130.3402727	4.3
27884.16785307421	4300	59.572156887880915	0.0	1919781	833.089711749	4.3
27885.848594461924	4300	59.5313188542175	0.0	2147467	1040.83803366	4.3
27889.63862415921	4300	59.741289156930186	0.0	2133870	790.029697287	4.3
27893.435268569032	4300	59.94464474711124	0.0	2146120	796.6444098189469	4.3
27896.54064023667	4300	59.63524764386963	0.0	2108491	809.397103242	4.3
27898.653187923115	4300	59.686961082845365	0.0	2184571	948.286561024	4.3
27899.74770712448	4300	59.68183204487379	0.0	2121928	1005.12903797	4.3
27903.86854341371	4300	59.56099575564342	0.0	2219102	1120.83628923	4.3
27907.91846207646	4300	59.511077092892485	0.0	2124950	1049.9186627509316	4.3
27910.761650158132	4300	59.59955560974195	0.0	2246506	911.521483151	4.3
27912.887272287513	4300	59.96257784431395	0.0	1961140	1636.97776543	4.3
27917.168786434708	4300	59.68106369712294	0.0	2155012	781.514147191	4.3

