21721.98361769912	750	4.0	2.3977609059323126	450283	2397.76090593	-9.560371895508943
21722.86444127395	300	7.119176425170506	0.0	155580	880.823574829	-0.15000000000000002
21724.750190855728	750	9.233426843392099	0.0	350812	1885.74958178	0.3
21727.977686640035	1200	10.005931059082883	0.0	617681	3227.49578431	0.75
21731.373617185156	1200	10.610000513961394	0.0	652874	3395.93054512	1.2
21734.08520877675	1200	11.898408922369802	0.0	520315	2711.59159159	1.2
21738.77994443801	1850	11.203673261107697	0.0	905515	4694.73566126	1.2000000000000002
21744.124296587943	1850	9.859321111173962	0.0	1060487	5344.35214993	1.85
21747.742140927738	1200	10.2414767713778	0.0	584846	3617.8443398	0.5499999999999999
21751.398298381562	1200	10.585319317555262	0.0	560821	3656.15745382	1.2
21754.872479920345	1200	11.111137778771342	0.0	607410	3474.18153878	1.2
21760.759421850293	1850	9.224195848824248	0.0	917428	5886.94192995	1.2000000000000002
21764.127171430624	1200	9.856446268494437	0.0	624282	3367.74958033	0.5499999999999999
21768.172758228593	1200	9.81085947052561	0.0	687371	4045.58679797	1.2
21771.660708450283	1200	10.32290924883356	0.0	526950	3487.95022169	1.2
21775.884640359356	1200	10.098977339762222	0.0	587876	4223.93190907	1.2
21776.18160522843	1200	13.802012470687584	0.0	617242	296.964869075	1.2
21776.739233259355	2850	17.24438443976376	0.0	1358801	557.628030924	1.2000000000000002
21777.599833940836	4300	20.383783758279606	0.0	2220726	860.600681484	2.8499999999999996
21778.43793923036	4300	23.545678468758688	0.0	2156729	838.105289521	4.3
21779.23493366996	4300	26.74868402915967	0.0	2039773	796.994439599	4.3
21780.07997770719	4300	29.903639991926294	0.0	2176469	845.044037233	4.3
21780.94085256412	4300	33.04276513500062	0.0	2221506	860.874856926	4.3
21781.75919753147	4300	36.22442016764576	0.0	2044075	818.344967355	4.3
21782.673175779026	4300	39.31044192009308	0.0	2186790	913.978247553	4.3
21783.55604979074	4300	42.42756790838023	0.0	2105231	882.874011713	4.3
21784.549657536383	4300	45.43396016273561	0.0	2395588	993.607745645	4.3
21785.381739416734	4300	48.60187828238599	0.0	1972048	832.08188035	4.3
21786.27581925198	4300	51.70779844713825	0.0	2134614	894.079835248	4.3
21787.120235388935	4300	54.86338231018456	0.0	2164140	844.416136954	4.3
21787.754744596015	4300	58.22887310310229	0.0	2113193	634.509207082	4.3
21790.398348445477	4300	59.58526925364317	0.0	2147852	643.603849459	4.3
21792.880731003515	4300	59.93032380076755	0.0	2191074	654.945452876	4.3
21794.889909405152	4300	59.54945315253124	0.0	2286761	880.870648236	4.3
21798.685868578064	4300	59.75349397962107	0.0	2307787	795.95917291	4.3
21802.483495360917	4300	59.95586719676615	0.0	2143948	797.6267828549165	4.3
21805.93931761707	4300	59.718902923273575	0.0	1919781	736.964273493	4.3
21808.35620741931	4300	59.82988701348165	0.0	2147467	889.015909792	4.3
21809.932172127035	4300	59.51584160584491	0.0	2133870	814.045407637	4.3
21813.770377760266	4300	59.677635972614326	0.0	2146120	838.205633231	4.3
21817.584515549108	4300	59.86349818377269	0.0	2108491	814.1377888416376	4.3
21820.89961119153	4300	59.543081723641436	0.0	2184571	820.416460131	4.3
21823.112508789447	4300	59.64397251582933	0.0	2121928	899.109207812	4.3
21824.054594518864	4300	59.78982384617267	0.0	2219102	854.148669657	4.3
21828.312281161143	4300	59.53213720389001	0.0	2124950	757.686642283	4.3
21832.090811150872	4300	59.73568406004763	0.0	2246506	796.453143842	4.3
21834.608583294943	4300	59.927836410955756	0.0	1961140	807.847649092	4.3
21836.14395899256	4300	59.72511080963518	0.0	2155012	702.725601321	4.3

