18557.569410030257	750	4.0	2.9233632698768197	450283	2923.36326988	-11.820462060470325
18558.60771494318	300	6.961695087074134	0.0	155580	1038.30491293	-0.15000000000000002
18559.771921891668	300	9.797488138589623	0.0	139857	1164.20694848	0.3
18563.53332261655	1200	10.036087413705117	0.0	617681	3761.40072488	0.29999999999999993
18567.580617389536	1200	9.988792640717717	0.0	652874	4047.29477299	1.2
18571.06033050104	1200	10.509079529212702	0.0	520315	3479.71311151	1.2
18574.15502230184	1200	11.414387728417312	0.0	561791	3094.6918008	1.2
18579.5545476363	1850	10.014862393953292	0.0	1060487	5399.52533446	1.2000000000000002
18582.12378438965	1200	11.445625640605085	0.0	584846	2569.23675335	0.5499999999999999
18586.780156020868	1850	10.789254009383814	0.0	913888	4656.37163122	1.2000000000000002
18590.797149709593	1200	10.772260320657248	0.0	607410	4016.99368873	0.5499999999999999
18593.99780542709	1200	11.571604603162056	0.0	594078	3200.6557175	1.2
18601.188440451966	1850	8.38096957828804	0.0	946851	7190.63502487	1.2000000000000002
18607.629680747887	750	5.939729282365684	0.0	434409	6441.24029592	-0.3500000000000001
18609.263521386412	300	8.305888643838047	0.0	140051	1633.84063853	-0.15000000000000002
18611.942312673666	750	9.627097356584647	0.0	366214	2678.79128725	0.3
18616.13666861819	1200	9.432741412060642	0.0	617242	4194.35594452	0.75
18620.45021929603	1200	9.119190734221137	0.0	581493	4313.55067784	1.2
18624.4259663776	1200	9.143443652651944	0.0	639204	3975.74708157	1.2
18627.922310817958	1200	9.647099212296975	0.0	586839	3496.34444035	1.2
18631.492923583857	1200	10.076486446394362	0.0	601738	3570.6127659	1.2
18635.030745365282	1200	10.538664664971817	0.0	616206	3537.82178142	1.2
18638.525495484027	1200	11.043914546222958	0.0	656471	3494.75011875	1.2
18643.28199469154	1850	10.287415338709561	0.0	874175	4756.49920751	1.2000000000000002
18646.57400467579	1200	10.995405354459596	0.0	587236	3292.00998425	0.5499999999999999
18650.29212938497	1200	11.277280645282563	0.0	590335	3718.12470918	1.2
18657.91225969118	1850	7.657150339072676	0.0	1076599	7620.13030621	1.2000000000000002
18660.19864586921	750	9.370764161040208	0.0	277716	2286.38617803	-0.3500000000000001
18665.188171046993	1200	8.381238983256672	0.0	622896	4989.52517778	0.75
18668.75913886564	750	8.810271164613699	0.0	400508	3570.96781864	0.3
18671.94172150847	750	9.62768852178213	0.0	358218	3182.58264283	0.75
18677.462155252466	1200	8.107254777787745	0.0	620283	5520.43374399	0.75
18680.0630857314	750	9.506324298853817	0.0	369834	2600.93047893	0.3
18685.97955945851	1200	7.589850571742143	0.0	670129	5916.47372711	0.75
18689.186484785405	750	8.382925244846874	0.0	401088	3206.9253269	0.3
18692.864847011857	750	8.704563018394941	0.0	365161	3678.36222645	0.75
18695.736734581165	750	9.832675449085192	0.0	321064	2871.88756931	0.75
18699.945514873703	1200	9.623895156549185	0.0	575591	4208.78029254	0.75
18705.01870559496	1200	8.550704435290408	0.0	605884	5073.19072126	1.2
18709.25919252125	750	8.310217508998932	0.0	390680	4240.48692629	0.3
18714.788673995008	750	6.780736035245343	0.0	345516	5529.48147375	0.75
18715.95018446529	300	9.61922556495882	0.0	161857	1161.51047029	-0.15000000000000002
18719.920021463386	1200	9.649388566866579	0.0	599477	3969.83699809	0.29999999999999993
18723.75975881379	1200	9.809651216463955	0.0	634861	3839.7373504	1.2
18727.27285322513	1200	10.29655680512457	0.0	630203	3513.09441134	1.2
18730.281623798288	1200	11.287786231965434	0.0	638661	3008.77057316	1.2
18735.000255365223	1850	10.569154665031384	0.0	830730	4718.63156693	1.2000000000000002
18738.98729077068	1200	10.58211925957406	0.0	550906	3987.03540546	0.5499999999999999

