11266.276120411108	750	4.0	1.1867425917735515	450283	1186.74259177	-4.352993144626271
11266.814855484085	300	7.461264927023442	0.0	155580	538.735072977	-0.15000000000000002
11267.30723053937	300	10.96888987173817	0.0	139857	492.375055285	0.3
11267.883549277673	300	14.392571133436046	0.0	155432	576.318738302	0.3
11268.487475308968	300	17.788645102141594	0.0	163442	603.926031294	0.3
11269.011520016935	300	21.264600394174288	0.0	126289	524.044707967	0.3
11269.630745273058	300	24.645375138051527	0.0	153295	619.225256123	0.3
11270.415402596116	300	27.860717814993517	0.0	173849	784.657323058	0.3
11271.081695228244	300	31.19442518286667	0.0	150710	666.292632127	0.3
11271.676600954097	300	34.59951945701358	0.0	139105	594.905725853	0.3
11272.25651392962	300	38.01960648148976	0.0	141840	579.912975524	0.3
11272.868013738156	300	41.40810667295468	0.0	156148	611.499808535	0.3
11273.368089449374	300	44.908030961735655	0.0	160746	500.075711219	0.3
11273.847486358953	300	48.42863405215757	0.0	179801	479.396909578	0.3
11274.238585499575	300	52.037534911533655	0.0	140051	391.099140624	0.3
11274.789874085953	300	55.486246325155456	0.0	138313	551.288586378	0.3
11275.392580332538	300	58.883540078570135	0.0	143509	602.706246585	0.3
11276.98687632349	300	59.767993339696	0.0	150616	615.546738874	0.3
11278.521684782105	300	59.699963736427584	0.0	165384	568.0296032684091	0.3
11279.900437870381	300	59.703976619962745	0.0	140881	495.9871164648383	0.3
11281.399547578938	300	59.60580475158989	0.0	157671	598.171868372851	0.3
11282.564081363349	300	59.93400677947694	0.0	157812	671.7979721129605	0.3
11283.701120409913	300	59.82185516234319	0.0	163927	612.1516171337453	0.3
11284.547380370099	300	59.62116889696606	0.0	137654	200.686265377	0.3
11285.055880612044	300	59.89970562339752	0.0	146754	221.463273569	0.3
11285.565260832864	300	59.74853399717594	0.0	153938	151.171626222	0.3
11286.257288465527	300	59.541624478142225	0.0	181901	206.909519034	0.3
11286.419030280347	300	59.913312627548	0.0	111155	128.311850594	0.3
11287.890513836264	300	59.90428583170267	0.0	153605	509.026795845	0.3
11289.15088123906	300	59.965330510340294	0.0	149029	438.95532136237006	0.3
11289.934121116636	300	59.69441661226893	0.0	157421	770.9138980713661	0.3
11291.722373869596	300	59.76645322554124	0.0	157488	927.963386728	0.3
11293.086567171018	300	59.974501257945725	0.0	143881	791.9519675955155	0.3
11294.410536433745	300	59.5586372934958	0.0	163444	415.86396445	0.3
11295.345194917943	300	59.755360700535114	0.0	179328	303.2765929606834	0.3
11295.948555912813	300	59.97937114871932	0.0	159914	275.989551816	0.3
11303.049069724026	300	56.87885733750748	0.0	131610	7100.513811211835	0.3
11304.124899493676	750	59.80302756785617	0.0	361565	1075.8297696513168	0.3
11304.813101947622	300	59.84078385284175	0.0	144254	462.243715014	-0.15000000000000002
11305.638908975017	300	59.75085970860955	0.0	149991	589.924144232	0.3
11306.143595791731	300	59.82645774183524	0.0	147968	424.401966774	0.3
11307.82086040326	300	59.98796786103977	0.0	161857	838.489880795	0.3
11309.002258349396	300	59.52665625333879	0.0	145210	961.3116077009793	0.3
11310.281080557528	300	59.70728831849012	0.0	172312	319.367934849	0.3
11311.337987101608	300	59.86856218309317	0.0	167025	338.72613539695107	0.3
11312.255912547453	300	59.97868966451125	0.0	160064	389.8725185819209	0.3
11313.195231579677	300	59.9830566120308	0.0	137507	495.63305248	0.3
11314.234681445472	300	59.64517466900411	0.0	118421	337.881943027	0.3

