11901.077635015927	750	4.0	2.183380718150516	450283	2183.38071815	-8.638537088047219
11902.177999010024	300	6.8996360059026065	0.0	155580	1100.3639941	-0.15000000000000002
11903.148284718593	300	9.929350297335857	0.0	139857	970.285708567	0.3
11904.27490265224	300	12.802732363687717	0.0	155432	1126.61793365	0.3
11905.312323793947	300	15.765311221980184	0.0	163442	1037.42114171	0.3
11906.298585394445	300	18.77904962148455	0.0	126289	986.261600496	0.3
11907.618573628817	300	21.45906138711264	0.0	153295	1319.98823437	0.3
11909.265838477526	300	23.811796538402902	0.0	173849	1647.26484871	0.3
11910.43857772647	300	26.639057289458666	0.0	150710	1172.73924894	0.3
11911.645396334092	300	29.432238681837024	0.0	139105	1206.81860762	0.3
11912.81607086891	300	32.26156414701972	0.0	141840	1170.67453482	0.3
11914.23851111784	300	34.839123898089895	0.0	156148	1422.44024893	0.3
11915.592131281714	300	37.485503734214966	0.0	160746	1353.62016387	0.3
11917.23669146829	300	39.84094354763803	0.0	179801	1644.56018658	0.3
11918.264148505043	300	42.813486510883116	0.0	140051	1027.45703675	0.3
11921.239992361288	750	43.8376426546373	0.0	366214	2975.84385625	0.3
11922.68783357616	300	46.38980143976587	0.0	143509	1447.84121487	-0.15000000000000002
11924.208957698065	300	48.86867731785873	0.0	150616	1521.12412191	0.3
11925.893779097169	300	51.18385591875706	0.0	165384	1684.8213991	0.3
11926.971629171572	300	54.10600584435216	0.0	140881	1077.8500744	0.3
11928.386940960454	300	56.690694055471084	0.0	157671	1415.31178888	0.3
11930.12057683998	300	58.95705817594594	0.0	157812	1733.63587953	0.3
11934.097927981986	300	58.97970703394005	0.0	163927	3977.35114201	0.3
11939.281639391716	300	57.79599562420999	0.0	137654	5183.71140973	0.3
11942.709008962847	300	58.36862605307875	0.0	146754	3427.36957113	0.3
11945.936662966507	300	59.14097204941988	0.0	153938	3227.65400366	0.3
11949.483220306547	300	59.5944147093786	0.0	181901	3046.55734004	0.3
11951.468694815127	300	59.61416045947463	0.0	111155	1480.254249903966	0.3
11953.571073264236	300	59.505581364258155	0.0	153605	1608.5790952164725	0.3
11955.536393980376	300	59.62082068313389	0.0	149029	1884.7606811242695	0.3
11958.938195467037	300	59.65469995731289	0.0	157421	2466.120725820999	0.3
11962.675394614691	300	59.91750080965852	0.0	157488	3737.199147654371	0.3
11965.333503416363	300	59.95538636306826	0.0	143881	2462.114446590266	0.3
11969.847192601612	300	59.44169717782039	0.0	163444	4513.689185247869	0.3
11974.419913961536	300	58.868975817896235	0.0	179328	4572.721359924153	0.3
11977.119220954504	300	59.555524771538835	0.0	159914	2313.451046357406	0.3
11979.653677801549	300	59.92072432132173	0.0	131610	1634.800450217102	0.3
11982.338187550618	300	59.933797645201814	0.0	124011	1986.9266761199156	0.3
11985.455419100106	300	59.64897340693345	0.0	144254	2284.8242382683625	0.3
11987.210522246265	300	59.95312548946223	0.0	149991	1695.8479174712184	0.3
11989.599877253127	300	59.91257560037541	0.0	147968	1540.5498890868205	0.3
11992.721244659126	300	59.901794456264064	0.0	161857	2510.781144111351	0.3
11994.602641700241	300	59.85688906664944	0.0	145210	1544.9053896146318	0.3
11996.665301732526	300	59.89880487625871	0.0	172312	1958.0841903907274	0.3
11999.404172048111	300	59.957157639411484	0.0	167025	1941.6472368472223	0.3
12002.102762265007	300	59.691474070332994	0.0	160064	1765.6835690784872	0.3
12003.934632719804	300	59.8909921668439	0.0	137507	1300.4819034890945	0.3
12005.447290042102	300	59.836357781347296	0.0	118421	1054.634385496607	0.3

