8945.650313925724	750	4.0	3.565367560320886	450283	3565.36756032	-14.581080509379808
8946.934564330546	300	6.715749595177425	0.0	155580	1284.25040482	-0.15000000000000002
8948.04933720882	300	9.600976716903473	0.0	139857	1114.77287827	0.3
8949.25800375761	300	12.39231016811485	0.0	155432	1208.66654879	0.3
8950.524834770958	300	15.125479154764255	0.0	163442	1266.83101335	0.3
8951.52187997259	300	18.128433953132888	0.0	126289	997.045201631	0.3
8952.717917666823	300	20.932396258900734	0.0	153295	1196.03769423	0.3
8954.112357535296	300	23.537956390428647	0.0	173849	1394.43986847	0.3
8955.331847739883	300	26.318466185840595	0.0	150710	1219.49020459	0.3
8956.463594703648	300	29.186719222074284	0.0	139105	1131.74696377	0.3
8957.616020492373	300	32.03429343334912	0.0	141840	1152.42578873	0.3
8958.868416658373	300	34.78189726734928	0.0	156148	1252.396166	0.3
8960.15178993047	300	37.498523995252896	0.0	160746	1283.3732721	0.3
8961.577812336604	300	40.072501589120215	0.0	179801	1426.02240613	0.3
8964.184859461766	750	41.46545446395783	0.0	337059	2607.04712516	0.3
8965.304643435562	300	44.34567049016123	0.0	138313	1119.7839738	-0.15000000000000002
8966.463488940291	300	47.18682498543228	0.0	143509	1158.84550473	0.3
8967.675762139466	300	49.97455178625832	0.0	150616	1212.27319917	0.3
8968.988003294839	300	52.6623106308848	0.0	165384	1312.24115537	0.3
8970.097391957177	300	55.55292196854717	0.0	140881	1109.38866234	0.3
8971.329461716614	300	58.3208522091088	0.0	157671	1232.06975944	0.3
8972.780177103044	300	59.58775219149942	0.0	157812	1233.10001761	0.3
8976.545998061998	300	59.821931232546014	0.0	163927	1265.82095895	0.3
8980.52096718527	300	59.74616483479718	0.0	137654	1075.76639775	0.3
8983.72896654529	300	59.55176651754972	0.0	146754	1194.39831725	0.3
8985.566857833348	300	59.849621394905995	0.0	153938	1202.14512264	0.3
8989.707533710687	300	59.70894551756789	0.0	181901	640.675877338	0.3
8993.630497815584	300	59.78598141266982	0.0	111155	422.9641048980698	0.3
8996.70528094077	300	59.7282829239019	0.0	153605	557.698488768	0.3
8998.718648240883	300	59.69014159205524	0.0	149029	538.141331847	0.3
8999.807297446188	300	59.5934299735358	0.0	157421	596.711618519	0.3
9003.881135059068	300	59.519592360655906	0.0	157488	573.83761288	0.3
9007.3492501142	300	59.98842243292318	0.0	143881	531.169927733	0.3
9009.94077951935	300	59.871130294047205	0.0	163444	617.292138876	0.3
9011.636029650235	300	59.72062386174053	0.0	179328	650.506432307	0.3
9012.250239917412	300	59.64589057744307	0.0	159914	574.733284297	0.3
9016.258371141372	300	59.63775935348255	0.0	131610	508.131223961	0.3
9019.612802252466	300	59.654347901354534	0.0	124011	483.411452128	0.3
9023.191385005694	300	59.510566354223954	0.0	144254	1643.78154713	0.3
9025.405514739088	300	59.83090209057494	0.0	149991	1679.66426365	0.3
9029.610866036437	300	59.62555079322565	0.0	147968	1705.35129735	0.3
9033.456582595581	300	59.77983423408209	0.0	161857	1845.7165591435619	0.3
9037.618093580475	300	59.61832324918842	0.0	145210	1661.5109848936695	0.3
9042.445303571356	750	58.79111325830701	0.0	438281	4827.209990881413	0.3
9044.382746541636	300	59.90951892417423	0.0	167025	1881.59433413	-0.15000000000000002
9048.78530696667	300	59.50695849914089	0.0	160064	1902.56042503	0.3
9052.37227642645	300	59.91998903936165	0.0	137507	1586.9694597792425	0.3
9055.866640222524	300	59.57549640180306	0.0	118421	1344.49263756	0.3

