4522.718676554102	750	4.0	4.547632419707416	450283	4547.63241971	-18.804819404741885
4524.263702566188	300	6.454973987913645	0.0	155580	1545.02601209	-0.15000000000000002
4525.830083393995	300	8.888593160106598	0.0	139857	1566.38082781	0.3
4529.66239871931	750	9.056277834791517	0.0	382355	3832.31532532	0.3
4531.241472110621	300	11.477204443480469	0.0	163442	1579.07339131	-0.15000000000000002
4532.495669751835	300	14.223006802265752	0.0	126289	1254.19764121	0.3
4533.846665216733	300	16.872011337368455	0.0	153295	1350.9954649	0.3
4535.396153042813	300	19.32252351128836	0.0	173849	1549.48782608	0.3
4536.636516350437	300	22.082160203664348	0.0	150710	1240.36330762	0.3
4537.692271057635	300	25.026405496467113	0.0	139105	1055.7547072	0.3
4538.738002851366	300	27.98067370273598	0.0	141840	1045.73179373	0.3
4541.780559832981	750	28.938116721120288	0.0	405134	3042.55698162	0.3
4542.914794494885	300	31.80388205921715	0.0	160746	1134.2346619	-0.15000000000000002
4544.071636316906	300	34.64704023719634	0.0	179801	1156.84182202	0.3
4545.252419972478	300	37.46625658162495	0.0	140051	1180.78365557	0.3
4546.259523935692	300	40.4591526184101	0.0	138313	1007.10396321	0.3
4547.282189179144	300	43.43648737495826	0.0	143509	1022.66524345	0.3
4548.538527856357	300	46.180148697744286	0.0	150616	1256.33867721	0.3
4549.822231049756	300	48.89644550434622	0.0	165384	1283.7031934	0.3
4551.098354477644	300	51.62032207645799	0.0	140881	1276.12342789	0.3
4552.480429797866	300	54.23824675623602	0.0	157671	1382.07532022	0.3
4554.704503848068	300	56.01417270603427	0.0	157812	2224.0740502	0.3
4556.361930581906	300	58.356745972197054	0.0	163927	1657.42673384	0.3
4558.062738604749	300	59.96828518453087	0.0	137654	1388.46078767	0.3
4560.395210530531	300	59.803222839227885	0.0	146754	1165.062345302984	0.3
4561.703588479603	300	59.57273865493151	0.0	153938	1230.4841842963724	0.3
4565.481914910605	750	59.79441222392952	0.0	425781	3778.326431001998	0.3
4567.548441562522	300	59.714758995859626	0.0	111155	1579.653228069888	-0.15000000000000002
4569.3977151332565	300	59.6835589224164	0.0	153605	1531.2000734432302	0.3
4571.631028219795	300	59.83093912779289	0.0	149029	1352.619794623514	0.3
4573.618799264705	300	59.70690025129513	0.0	157421	1124.038876497757	0.3
4575.191371594208	300	59.62348017074973	0.0	157488	1083.420080545401	0.3
4577.978751327614	750	59.52836642852558	0.0	369834	2595.113742224153	0.3
4579.56208476519	300	59.9288327053287	0.0	163444	1099.5337232	-0.15000000000000002
4581.461071842	300	59.88123902411312	0.0	179328	1547.5936812155803	0.3
4582.956266614231	300	59.58433833579432	0.0	159914	1296.9006883187992	0.3
4585.906322495539	300	59.858457437096824	0.0	131610	2225.880898697499	0.3
4588.263964605696	300	59.73672387332378	0.0	124011	1621.7335637730457	0.3
4590.79113329165	300	59.96109380353788	0.0	144254	2275.6300697859033	0.3
4593.001953387839	300	59.91645306352785	0.0	149991	2044.6407400100309	0.3
4594.976478692618	300	59.56778008922818	0.0	147968	1848.6729742996672	0.3
4597.400186692827	300	59.6133522543632	0.0	161857	1454.4278348649807	0.3
4599.380370088988	300	59.57790063895516	0.0	145210	1535.451615408042	0.3
4601.915503262865	300	59.98369994239271	0.0	172312	1594.200696562448	0.3
4603.609708511253	300	59.54656355685637	0.0	167025	1437.1363855363459	0.3
4605.635349727518	300	59.9627773801493	0.0	160064	1583.7861767070706	0.3
4606.974183514017	300	59.869788006678924	0.0	137507	1092.9893734703692	0.3
4608.755713620151	300	59.91194516012592	0.0	118421	957.842846553	0.3

