766.7717587143483	750	4.0	1.1861490182013807	450283	1186.1490182	-4.350440778265937
767.2237483135593	300	7.548010400789026	0.0	155580	451.989599211	-0.15000000000000002
768.1992991927374	750	10.572459521610893	0.0	350812	975.550879178	0.3
768.7174984068758	300	14.054260307472434	0.0	155432	518.199214138	-0.15000000000000002
769.3313080251613	300	17.440450689186996	0.0	163442	613.809618285	0.3
769.8627028960397	300	20.909055818308612	0.0	126289	531.394870878	0.3
770.423414495226	300	24.348344219122346	0.0	153295	560.711599186	0.3
771.0037533807173	300	27.768005333631105	0.0	173849	580.338885491	0.3
771.4997190459146	300	31.272039668433727	0.0	150710	495.965665197	0.3
771.9464724981112	300	34.825286216237174	0.0	139105	446.753452197	0.3
772.4004368391454	300	38.371321875203	0.0	141840	453.964341034	0.3
772.8765811139259	300	41.895177600422485	0.0	156148	476.144274781	0.3
773.3613809124653	300	45.41037780188308	0.0	160746	484.799798539	0.3
773.9014881154011	300	48.870270598947286	0.0	179801	540.107202936	0.3
774.3478679980061	300	52.423890716342356	0.0	140051	446.379882605	0.3
774.7897011923619	300	55.982057521986476	0.0	138313	441.833194356	0.3
775.221632418283	300	59.550126296065386	0.0	143509	431.931225921	0.3
776.9947295546168	750	59.51158908896653	0.0	372963	1538.5372071	0.3
779.1869989244958	300	59.99273436864451	0.0	165384	1518.854720322019	-0.15000000000000002
781.459549007105	300	59.90316665211834	0.0	140881	1589.5677165261698	0.3
782.5444115645757	300	59.66222655642456	0.0	157671	240.940095694	0.3
783.2345486012513	300	59.94911926897516	0.0	157812	213.107287449	0.3
784.3126949585322	300	59.60856096494782	0.0	163927	340.558304027	0.3
784.9425652259418	300	59.87241985786979	0.0	137654	236.141107078	0.3
785.7455399325355	300	59.62779708473874	0.0	146754	244.622773131	0.3
786.047104960112	300	59.96619053768177	0.0	153938	161.606547057	0.3
786.4292270966487	300	59.80510870967325	0.0	181901	161.081828009	0.3
786.8536418753579	300	59.663421474582755	0.0	111155	141.68723509	0.3
804.7257713735759	300	45.791291976364725	0.0	153605	17872.12949821803	0.3
804.8899248673486	300	49.627138482592066	0.0	149029	164.153493773	0.3
805.0588171443093	300	53.45824620563131	0.0	157421	168.892276961	0.3
805.2277472547393	300	57.28931609520134	0.0	157488	168.93011043	0.3
806.3070732339565	300	59.6280695670927	0.0	143881	161.246528109	0.3
806.9523580889493	300	59.97446686515068	0.0	163444	153.602701942	0.3
807.7659320450298	300	59.77352096363572	0.0	179328	200.945901515	0.3
808.6177755418427	300	59.61391324251215	0.0	159914	159.607721124	0.3
809.8263833002736	300	59.565727251141325	0.0	131610	548.1859913708251	0.3
810.7933889482149	300	59.62243531070065	0.0	124011	443.2919404406715	0.3
812.8900362632231	300	59.795968506946934	0.0	144254	1826.4668037537217	0.3
815.2830917060836	300	59.69453104114395	0.0	149991	2101.437465802986	0.3
816.2554891728867	300	59.814141296271146	0.0	147968	880.3897448728022	0.3
816.606839831105	300	59.64446982812711	0.0	161857	169.671468144	0.3
817.5358224898662	300	59.980818093783725	0.0	145210	163.651734343	0.3
818.6741204727468	300	59.504334564552245	0.0	172312	976.4835292314799	0.3
820.5133526615344	300	59.62562569698298	0.0	167025	878.708867569	0.3
822.0633896688345	300	59.79086885394211	0.0	160064	834.7568430408714	0.3
823.3405567702829	1850	59.71992538534756	0.0	830730	570.943468594542	0.30000000000000004
824.3039554006821	300	59.55133788657487	0.0	118421	168.587498773	-1.25

