2421.408614515187	750	4.0	3.3979012800523454	450283	3397.90128005	-13.860975504225085
2422.63500263366	300	6.773611881526631	0.0	155580	1226.38811847	-0.15000000000000002
2423.788615461308	300	9.619999053878532	0.0	139857	1153.61282765	0.3
2425.1136227403777	300	12.29499177480881	0.0	155432	1325.00727907	0.3
2426.502789962737	300	14.90582455244975	0.0	163442	1389.16722236	0.3
2427.594362381971	300	17.814252133215383	0.0	126289	1091.57241923	0.3
2428.8880741497674	300	20.520540365419272	0.0	153295	1293.7117678	0.3
2432.3199856798274	750	21.088628835359472	0.0	437162	3431.91153006	0.3
2433.555544915752	300	23.85306959943478	0.0	150710	1235.55923592	-0.15000000000000002
2436.2393575849433	750	25.16925693024391	0.0	362795	2683.81266919	0.3
2437.3326821166984	300	28.075932398488575	0.0	141840	1093.32453176	-0.15000000000000002
2438.5282249747393	300	30.880389540447595	0.0	156148	1195.54285804	0.3
2439.7616831482287	300	33.646931366958555	0.0	160746	1233.45817349	0.3
2441.1354258718657	300	36.27318864332147	0.0	179801	1373.74272364	0.3
2442.2231508688797	300	39.18546364630757	0.0	140051	1087.72499701	0.3
2443.298370235482	300	42.11024427970551	0.0	138313	1075.2193666	0.3
2444.4116195448278	300	44.9969949703596	0.0	143509	1113.24930935	0.3
2450.9973297498477	1850	42.411284765339616	0.0	885714	6585.71020502	0.30000000000000004
2452.3109932232746	300	45.09762129191276	0.0	165384	1313.66347343	-1.25
2453.4418793053615	300	47.96673520982592	0.0	140881	1130.88608209	0.3
2454.6977948368367	300	50.71081967835043	0.0	157671	1255.91553148	0.3
2455.9204959899866	300	53.488118525200655	0.0	157812	1222.70115315	0.3
2457.187475256027	300	56.221139259160154	0.0	163927	1266.97926604	0.3
2458.2642143160206	300	59.14440019916675	0.0	137654	1076.73905999	0.3
2461.3029779248423	300	59.501768935198605	0.0	146754	1142.63126397	0.3
2463.2244987565705	300	59.69907469176142	0.0	153938	1302.69424344	0.3
2467.222819634505	300	59.7007538138264	0.0	181901	1498.32087794	0.3
2471.1679960085726	300	59.75557743975877	0.0	111155	945.1763740676346	0.3
2474.536669008855	300	59.9824028597643	0.0	153605	1273.17457999	0.3
2476.9137340782054	300	59.80161953523305	0.0	149029	1180.78332453	0.3
2478.5862259322666	300	59.523514480612	0.0	157421	1278.10505462	0.3
2482.3087108194854	300	59.80102959339292	0.0	157488	1222.48488722	0.3
2486.427097928927	300	59.68264248395115	0.0	143881	1118.3871094417684	0.3
2489.295341853006	300	59.996149919962455	0.0	163444	1186.49256399	0.3
2491.649680986609	300	59.619856033206005	0.0	179328	1376.29388676	0.3
2495.405173488814	300	59.86436353100078	0.0	159914	1255.49250221	0.3
2499.511759397614	300	59.75777762220088	0.0	131610	1106.5859087998958	0.3
2503.2686997035744	300	59.679369298146284	0.0	124011	1078.40832405	0.3
2505.7263571666927	300	59.99980655754023	0.0	144254	1179.56274061	0.3
2507.369183898812	300	59.77744055273667	0.0	149991	1222.3660048	0.3
2511.528714741222	300	59.617909710327176	0.0	147968	1159.53084241	0.3
2515.2965405160226	300	59.85008393552636	0.0	161857	1267.825774800817	0.3
2518.70485123093	300	59.69983725033558	0.0	145210	1150.24668519	0.3
2521.110360960456	300	59.836114400430915	0.0	172312	1363.7228499	0.3
2522.5865292942754	300	59.57892367333196	0.0	167025	1257.1907271	0.3
2526.664563676328	300	59.500889291279094	0.0	160064	1578.03438205	0.3
2530.4276646352146	300	59.73778833239241	0.0	137507	1263.100958886677	0.3
2533.167701967103	300	59.77782614027812	0.0	118421	959.962192114	0.3

