14208.726983558161	750	4.0	12.828685090653055	450283	12828.6850907	-54.413345889808134
14213.153707054766	300	4.0	0.4267234966045635	155580	4426.7234966	-1.9849110353996229
14217.127383596438	300	4.02632345832791	0.0	139857	3973.67654167	0.3
14221.572343392907	300	4.0	0.41863633813998924	155432	4444.95979647	-1.5001362540019536
14225.940049574248	300	4.0	0.36770618134120375	163442	4367.70618134	-1.281136579767176
14229.323914681958	300	4.616134892289643	0.0	126289	3383.86510771	0.3
14233.412937238349	300	4.527112335898666	0.0	153295	4089.02255639	0.3
14238.072854858487	300	4.0	0.13280528423863325	173849	4659.91762014	-0.271062722226123
14242.174794095292	300	4.0	0.10193923680675107	150710	4101.93923681	-0.1383387182690296
14245.926927406628	300	4.247866688665237	0.0	139105	3752.13331133	0.3
14249.723561625404	300	4.451232469889457	0.0	141840	3796.63421878	0.3
14251.930574743996	300	6.244219351298096	0.0	156148	2207.01311859	0.3
14252.160331412466	300	10.014462682826386	0.0	160746	229.756668472	0.3
14252.407840394015	300	13.766953701278592	0.0	179801	247.508981548	0.3
14252.618316867309	300	17.556477227984505	0.0	140051	210.476473294	0.3
14252.827174158228	300	21.347619937063875	0.0	138313	208.857290921	0.3
14253.040872226833	300	25.133921868460572	0.0	143509	213.698068603	0.3
14253.26119142842	300	28.913602666872134	0.0	150616	220.319201588	0.3
14253.495269022007	300	32.67952507328644	0.0	165384	234.077593586	0.3
14253.706518752706	300	36.46827534258731	0.0	140881	211.249730699	0.3
14253.933410642236	300	40.241383453055974	0.0	157671	226.891889531	0.3
14254.160433892364	300	44.01436020292933	0.0	157812	227.023250127	0.3
14254.393154093132	300	47.7816400021619	0.0	163927	232.720200767	0.3
14254.601397436305	300	51.573396658988166	0.0	137654	208.243343174	0.3
14254.818118661873	300	55.35667543342176	0.0	146754	216.721225566	0.3
14255.041532756353	300	59.13326133894228	0.0	153938	223.414094479	0.3
14255.523697877086	300	59.88379592299618	0.0	181901	249.465415946	0.3
14259.697283370513	300	59.71021042956855	0.0	111155	173.585493428	0.3
14263.362219996337	300	59.50088471576394	0.0	153605	209.325713805	0.3
14265.96944605417	300	59.63507714285763	0.0	149029	365.807572906	0.3
14267.141797835275	300	59.87961049476818	0.0	157421	255.466648089	0.3
14267.400237989856	300	59.668832983986	0.0	157488	210.777510782	0.3
14271.102563025059	300	59.96650794878315	0.0	143881	202.325035203	0.3
14274.130464995089	300	59.74755080326919	0.0	163444	218.957145514	0.3
14276.326659163717	300	59.513926131212656	0.0	179328	233.624672057	0.3
14277.145548391596	300	59.79576626555899	0.0	159914	218.159865654	0.3
14281.340827644439	300	59.600487012715	0.0	131610	195.279252844	0.3
14284.854082599824	300	59.911863842557445	0.0	124011	188.623170158	0.3
14287.507898082755	300	59.707271993704545	0.0	144254	204.591848853	0.3
14288.79283223516	300	59.99941673454237	0.0	149991	207.855259162	0.3
14289.27725811797	300	59.755743239758516	0.0	147968	243.673494784	0.3
14293.502691997162	300	59.53030936056629	0.0	161857	225.433879192	0.3
14296.729830260248	300	59.81983336263292	0.0	145210	210.475997933	0.3
14299.009821190835	300	59.89816902991509	0.0	172312	421.664332718	0.3
14300.235340502495	300	59.67457267301979	0.0	167025	223.596356895	0.3
14303.945321926643	300	59.96459124887117	0.0	160064	209.981424149	0.3
14307.88055392064	300	59.77292744132918	0.0	137507	191.663807542	0.3
14310.727543810657	750	59.93121658954849	0.0	314107	341.710851781	0.3

