6446.783541709065	750	4.0	7.402012941794677	450283	7402.01294179	-31.07865564971711
6447.971312624489	300	6.812229084575938	0.0	155580	1187.77091542	-0.15000000000000002
6449.047131604553	300	9.736410104511258	0.0	139857	1075.81898006	0.3
6450.24502105393	300	12.538520655134187	0.0	155432	1197.88944938	0.3
6451.513196296002	300	15.270345413062074	0.0	163442	1268.17524207	0.3
6452.511280161508	300	18.272261547555992	0.0	126289	998.083865506	0.3
6453.705689699652	300	21.077852009411302	0.0	153295	1194.40953814	0.3
6455.050015159938	300	23.733526549124125	0.0	173849	1344.32546029	0.3
6456.24498314835	300	26.538558560712513	0.0	150710	1194.96798841	0.3
6457.35409616028	300	29.429445548782336	0.0	139105	1109.11301193	0.3
6458.483442981834	300	32.300098727229	0.0	141840	1129.34682155	0.3
6459.71864185022	300	35.06489985884272	0.0	156148	1235.19886839	0.3
6460.976655863712	300	37.8068858453515	0.0	160746	1258.01401349	0.3
6462.360532481991	300	40.42300922707231	0.0	179801	1383.87661828	0.3
6463.456150995051	300	43.32739071401277	0.0	140051	1095.61851306	0.3
6464.539165921019	300	46.244375788044344	0.0	138313	1083.01492597	0.3
6465.6598610762885	300	49.12368063277475	0.0	143509	1120.69515527	0.3
6471.061315913464	300	47.72222579559988	0.0	150616	5401.45483717	0.3
6472.315597510571	300	50.467944198493406	0.0	165384	1254.28159711	0.3
6473.3958996297715	300	53.38764207929229	0.0	140881	1080.3021192	0.3
6474.595416352655	300	56.18812535640874	0.0	157671	1199.51672288	0.3
6475.795934222598	300	58.98760748646626	0.0	157812	1200.51786994	0.3
6479.057186816987	300	59.72635489207675	0.0	163927	1261.25259439	0.3
6481.968986834462	300	59.64828390819877	0.0	137654	1078.07098388	0.3
6486.241288797348	300	59.37598194531317	0.0	146754	4272.301962885599	0.3
6489.811983455171	300	59.80528728749033	0.0	153938	1570.69465782	0.3
6493.814781029507	300	59.80248971315477	0.0	181901	1502.7975743355641	0.3
6496.916675316365	300	59.93130418404522	0.0	111155	871.18552911	0.3
6499.422507158134	300	59.753742642035746	0.0	153605	1177.56154201	0.3
6501.430631317774	300	59.873815712095436	0.0	149029	1879.92692994	0.3
6505.67811161361	300	59.6263354162595	0.0	157421	1247.48029584	0.3
6509.508479372985	300	59.79596765688442	0.0	157488	1330.3677593750772	0.3
6514.238816156152	1200	59.06563087371727	0.0	584349	4730.336783167156	0.29999999999999993
6516.459263596593	300	59.76359818753549	0.0	163444	1302.03268618	-0.6000000000000001
6520.345993736285	300	59.87686804784359	0.0	179328	1386.73013969	0.3
6524.583037701694	300	59.639824082434565	0.0	159914	1237.0439654090194	0.3
6528.445555664093	300	59.60965953091461	0.0	131610	1030.16455152	0.3
6531.210939542591	300	59.853144297105324	0.0	124011	1256.51523381	0.3
6533.674995806242	300	59.58555048762441	0.0	144254	1767.59380948	0.3
6537.737667523521	300	59.52287877034536	0.0	149991	1562.67171728	0.3
6541.285555134368	300	59.974991159497876	0.0	147968	1547.8876108474828	0.3
6545.227123476172	300	59.787717879744626	0.0	161857	1687.27327975	0.3
6549.341113924857	750	59.567870186426774	0.0	372093	2719.84769332	0.3
6551.223745957238	300	59.78362554792055	0.0	172312	1784.24463851	-0.15000000000000002
6555.472873841383	300	59.53449766377428	0.0	167025	1249.12788415	0.3
6559.347023382175	750	59.66034812298196	0.0	393804	2874.149540792319	0.3
6562.449500335159	300	59.59994205589637	0.0	137507	1060.40606709	-0.15000000000000002
6564.334046166242	300	59.63870458330458	0.0	118421	961.237472592	0.3

