11316.844596445997	750	4.0	2.6099150005239253	450283	2609.91500052	-10.472634502252879
11317.79872266391	300	7.0458737820847945	0.0	155580	954.126217915	-0.15000000000000002
11319.849401841086	750	8.99519460491003	0.0	350812	2050.67917717	0.3
11320.801862949062	300	12.04273349693292	0.0	155432	952.461107977	-0.15000000000000002
11321.799285284296	300	15.045311161699539	0.0	163442	997.422335233	0.3
11322.588162741094	300	18.256433704899646	0.0	126289	788.8774568	0.3
11323.528628575332	300	21.315967870661197	0.0	153295	940.465834238	0.3
11324.584466827177	300	24.26012961881658	0.0	173849	1055.83825184	0.3
11325.516746799232	300	27.327849646760917	0.0	150710	932.279972056	0.3
11326.386447563926	300	30.45814888206739	0.0	139105	869.700764694	0.3
11327.271674956644	300	33.57292148934872	0.0	141840	885.227392719	0.3
11328.23812903813	300	36.6064674078609	0.0	156148	966.454081488	0.3
11329.23068602114	300	39.61391042485219	0.0	160746	992.556983009	0.3
11330.331418469237	300	42.51317797675428	0.0	179801	1100.7324481	0.3
11331.187362131574	300	45.65723431441887	0.0	140051	855.943662335	0.3
11332.033107148609	300	48.811489297383616	0.0	138313	845.745017035	0.3
11332.907618883944	300	51.93697756204628	0.0	143509	874.511735337	0.3
11333.82147724495	300	55.02311920104058	0.0	150616	913.858361006	0.3
11334.817095978528	300	58.027500467462694	0.0	165384	995.618733578	0.3
11337.297033450242	750	59.54756299574829	0.0	350713	1979.93747171	0.3
11338.512675674894	300	59.63091788580898	0.0	157671	916.645109939	-0.15000000000000002
11342.417974980033	300	59.725618580670705	0.0	157812	905.299305138	0.3
11346.33682845757	300	59.78834005183005	0.0	163927	937.278528841	0.3
11348.863309080094	300	59.975887214914856	0.0	137654	812.452836915	0.3
11350.77252172091	300	59.58829478731142	0.0	146754	887.592427603	0.3
11354.640117715857	300	59.72069879236634	0.0	153938	867.595994945	0.3
11358.68929626894	300	59.671520239282124	0.0	181901	1049.1785530842176	0.3
11361.744308571171	300	59.99321146878768	0.0	111155	678.308770494	0.3
11364.479206888775	300	59.52411407585357	0.0	153605	969.097392934	0.3
11367.1310720123	750	59.791081976425794	0.0	400508	2233.03209943	0.3
11371.065915679317	300	59.8562383094076	0.0	157421	934.843667018	-0.15000000000000002
11374.996704932244	300	59.925449056481	0.0	157488	930.7892529265994	0.3
11378.210237352416	300	59.59091581841635	0.0	143881	834.533238065	0.3
11380.420691691419	300	59.635188239968336	0.0	163444	955.727578448	0.3
11381.584319034166	300	59.640737948873834	0.0	179328	994.450291095	0.3
11385.547772254882	300	59.67728472815666	0.0	159914	963.453220717	0.3
11389.134575124754	300	59.8701984294049	0.0	131610	807.086298752	0.3
11391.757443479126	300	59.65862253777779	0.0	124011	711.575891627	0.3
11394.785602935639	750	59.56018904089525	0.0	378327	2098.43349688	0.3
11398.681130201574	300	59.664661774959505	0.0	149991	895.527265936	-0.15000000000000002
11402.596570557815	300	59.749221418719216	0.0	147968	915.4403562402892	0.3
11406.116318107568	300	59.739694434744465	0.0	161857	1009.52698397	0.3
11408.078276167558	300	59.72382568763824	0.0	145210	515.868747106	0.3
11409.156410934434	300	59.617802960643026	0.0	172312	606.022726995	0.3
11413.236032385747	300	59.538181509331324	0.0	167025	579.621451312	0.3
11416.745363936903	300	59.979382479349255	0.0	160064	558.799029982	0.3
11419.78560159776	750	59.89452990950876	0.0	331053	1084.85256984	0.3
11421.033002546357	300	59.95852198071817	0.0	118421	436.007928791	-0.15000000000000002

