827.8240676459347	750	4.0	3.5201122452526685	450283	3520.11224525	-14.386482654586475
829.0926816134095	300	6.731386032525301	0.0	155580	1268.61396747	-0.15000000000000002
830.215939039258	300	9.608128606676674	0.0	139857	1123.25742585	0.3
831.4404434747723	300	12.383624171162369	0.0	155432	1224.50443551	0.3
832.7239285611724	300	15.100139084762343	0.0	163442	1283.4850864	0.3
833.7338420967164	300	18.090225549218403	0.0	126289	1009.91353554	0.3
834.9359247965084	300	20.88814284942638	0.0	153295	1202.08269979	0.3
836.1872230079861	300	23.63684463794874	0.0	173849	1251.29821148	0.3
842.6243160689093	1850	21.1997515770256	0.0	852833	6437.09306092	0.30000000000000004
843.9294871000725	300	23.89458054586237	0.0	139105	1305.17103116	-1.25
845.2474385702692	300	26.576629075665682	0.0	141840	1317.9514702	0.3
846.4947798090795	300	29.329287836855183	0.0	156148	1247.34123881	0.3
847.7764950713554	300	32.04757257457944	0.0	160746	1281.71526228	0.3
849.2006629254385	300	34.623404720496346	0.0	179801	1424.16785408	0.3
851.7203770144366	750	36.10369063149814	0.0	337059	2519.714089	0.3
852.7705094920575	300	39.0535581538773	0.0	138313	1050.13247762	-0.15000000000000002
853.8570869051053	300	41.966980740829435	0.0	143509	1086.57741305	0.3
854.9935130779838	300	44.83055456795097	0.0	150616	1136.42617288	0.3
856.2595462522486	300	47.564521393686256	0.0	165384	1266.03317426	0.3
857.3904770183491	300	50.4335906275857	0.0	140881	1130.9307661	0.3
858.6466562392649	300	53.177411406669876	0.0	157671	1256.17922092	0.3
859.9038872786517	300	55.920180367283	0.0	157812	1257.23103939	0.3
861.2300213705305	300	58.59404627540425	0.0	163927	1326.13409188	0.3
864.2177776624251	300	59.60628998350963	0.0	137654	1487.75629189	0.3
867.7932397873134	300	59.52547005193697	0.0	146754	1580.81993157	0.3
869.7103467439107	300	59.77423767029621	0.0	153938	1251.23238164	0.3
873.6735681991449	300	59.811016215061976	0.0	181901	2963.22145523	0.3
877.5796478914543	300	59.90493652275262	0.0	111155	1406.0796923093496	0.3
881.7848378711356	300	59.6997465430714	0.0	153605	1705.1899796812227	0.3
884.4436199329887	300	59.580538363235505	0.0	149029	1119.20817984	0.3
885.761692150466	300	59.901289195505406	0.0	157421	1179.24916773	0.3
889.7272879822762	300	59.93569336369524	0.0	157488	1465.59583181	0.3
894.002344696176	300	59.66063664979544	0.0	143881	1275.0567138998038	0.3
896.9761675727179	300	59.993463009253055	0.0	163444	1167.17364054	0.3
899.4375466155713	300	59.62609810582624	0.0	179328	1367.36490343	0.3
903.1383155401197	300	59.92532918127773	0.0	159914	1200.76892455	0.3
907.1892803178545	300	59.87436440354304	0.0	131610	1050.964777734689	0.3
910.8258016142858	300	59.8589776761822	0.0	124011	1015.38672736	0.3
913.5251638011437	300	59.7798638672885	0.0	144254	1079.11380889	0.3
915.3238201263954	300	59.65065989364468	0.0	149991	1129.20397364	0.3
919.0170930591347	300	59.957386960905424	0.0	147968	1193.27293274	0.3
923.2756909265263	300	59.6987890935138	0.0	161857	1258.5978673916188	0.3
926.8310419537091	300	59.611775155791804	0.0	145210	1087.01393772	0.3
929.1603278941707	300	59.891300730291434	0.0	172312	1220.4744255	0.3
930.9315326742689	300	59.52010409772297	0.0	167025	1371.19663257	0.3
934.5617104442025	300	59.88992632778922	0.0	160064	1130.17776993	0.3
938.3962595490195	300	59.907744734112434	0.0	137507	982.181593677	0.3
941.1077546384702	300	59.93818094495725	0.0	118421	969.563789155	0.3

