12794.617032771126	750	4.0	2.820180386267593	450283	2820.18038627	-11.37677566095065
12795.759079803538	300	6.857952967588268	0.0	155580	1142.04703241	-0.15000000000000002
12796.713521178426	300	9.903511592699932	0.0	139857	954.441374888	0.3
12797.865748353403	300	12.751284417723369	0.0	155432	1152.22717498	0.3
12799.351580548951	300	15.265452222174275	0.0	163442	1485.83219555	0.3
12801.41881853167	300	17.19821423945471	0.0	126289	2067.23798272	0.3
12802.208497071066	300	20.408535700060597	0.0	153295	789.678539394	0.3
12805.454523514738	750	21.162509256388102	0.0	437162	3246.02644367	0.3
12806.548343800136	300	24.068688970991598	0.0	150710	1093.8202854	-0.15000000000000002
12807.594636573178	300	27.022396197948694	0.0	139105	1046.29277304	0.3
12809.041884812868	300	29.575147958258796	0.0	141840	1447.24823969	0.3
12810.357705615867	300	32.25932715526083	0.0	156148	1315.820803	0.3
12811.820606008996	300	34.79642676213282	0.0	160746	1462.90039313	0.3
12813.89570351044	300	36.72132926068912	0.0	179801	2075.09750144	0.3
12815.230933181172	300	39.38609958995535	0.0	140051	1335.22967073	0.3
12816.7805706052	300	41.836462165928616	0.0	138313	1549.63742403	0.3
12818.112081982134	300	44.50495078899506	0.0	143509	1331.51137693	0.3
12819.5253311298	300	47.09170164132833	0.0	150616	1413.24914767	0.3
12820.624479851967	300	49.992552919162335	0.0	165384	1099.14872217	0.3
12821.518916536348	300	53.09811623478081	0.0	140881	894.436684382	0.3
12822.640666451925	300	55.976366319202675	0.0	157671	1121.74991558	0.3
12823.699377055913	300	58.91765571521497	0.0	157812	1058.71060399	0.3
12825.496661856994	300	59.83127565020063	0.0	163927	1086.38006501	0.3
12827.443082402871	300	59.66351774529537	0.0	137654	1167.7579049052613	0.3
12828.749048663492	300	59.83536593547082	0.0	146754	828.1518098245491	0.3
12830.437145199321	300	59.85972489295454	0.0	153938	1475.6410425162856	0.3
12832.090138430543	300	59.574956024000514	0.0	181901	1284.7688689540232	0.3
12832.895369811302	300	59.79595251475429	0.0	111155	779.0035092462304	0.3
12834.472080082653	300	59.88571131483536	0.0	153605	910.241199919	0.3
12835.720829186874	300	59.99407129844125	0.0	149029	891.6400163941111	0.3
12837.218262477323	300	59.6199091971302	0.0	157421	874.1621013110488	0.3
12838.394265859797	300	59.78854310046145	0.0	157488	831.3660966687468	0.3
12839.546362160221	300	59.584313593153766	0.0	143881	704.229507308	0.3
12840.984706357944	300	59.52957489084954	0.0	163444	1054.7387023042288	0.3
12843.015938342869	300	59.65026164609522	0.0	179328	1879.3132447543162	0.3
12844.33499099185	300	59.507194691690295	0.0	159914	1143.066954404925	0.3
12845.835108384663	300	59.604628842572815	0.0	131610	1402.56584911748	0.3
12849.603444322298	300	59.836292904938595	0.0	124011	2768.3359376342187	0.3
12852.380076335608	300	59.751420638947494	0.0	144254	2084.872265991099	0.3
12854.775934664432	300	59.82937134819612	0.0	149991	1922.0492907513799	0.3
12858.90280603751	750	59.7024999751179	0.0	345516	4126.871373078214	0.3
12862.344141474272	300	59.54217246231189	0.0	161857	3160.327512806019	-0.15000000000000002
12865.942858921324	300	59.94345501525752	0.0	145210	3098.717447054372	0.3
12867.335044727488	300	59.693224797681246	0.0	172312	750.230217576	0.3
12870.244457601284	300	59.518996155075115	0.0	167025	2174.228642606124	0.3
12871.898707650387	300	59.75546324611981	0.0	160064	1263.532908955306	0.3
12873.466070169747	300	59.845140556513456	0.0	137507	1410.32268960636	0.3
12876.32174076964	300	59.56232517144381	0.0	118421	2282.815385069651	0.3

