7432.38290561463	750	4.0	2.771149001814882	450283	2771.14900181	-11.165940707803992
7433.5679857812875	300	6.814919833341804	0.0	155580	1185.08016666	-0.15000000000000002
7434.537401260873	300	9.845504353757491	0.0	139857	969.415479584	0.3
7435.516423608173	300	12.866482006457636	0.0	155432	979.0223473	0.3
7436.70144971478	300	15.68145589985016	0.0	163442	1185.02610661	0.3
7437.711466454616	300	18.671439160013847	0.0	126289	1010.01673984	0.3
7438.72656686316	300	21.656338751469917	0.0	153295	1015.10040854	0.3
7440.947051030154	750	23.435854584475386	0.0	437162	2220.48416699	0.3
7442.042121043748	300	26.34078457088195	0.0	150710	1095.07001359	-0.15000000000000002
7443.011685142627	300	29.371220472003266	0.0	139105	969.564098879	0.3
7444.963362556246	300	31.419543058384875	0.0	141840	1951.67741362	0.3
7446.559397662181	300	33.82350795244896	0.0	156148	1596.03510594	0.3
7450.560846183368	750	33.82205943126274	0.0	386351	4001.44852119	0.3
7452.077071412354	300	36.30583420227685	0.0	179801	1516.22522899	-0.15000000000000002
7453.088167955901	300	39.29473765873033	0.0	140051	1011.09654355	0.3
7454.151221686261	300	42.23168392837011	0.0	138313	1063.05373036	0.3
7455.320078132534	300	45.0628274820961	0.0	143509	1168.85644627	0.3
7456.649769399318	300	47.733136215312335	0.0	150616	1329.69126678	0.3
7457.85056682691	300	50.53233878772032	0.0	165384	1200.79742759	0.3
7460.145094911391	750	52.237810703238246	0.0	350713	2294.52808448	0.3
7460.984246306173	300	55.39865930845626	0.0	157671	839.151394782	-0.15000000000000002
7462.0075582263935	300	58.375347388236456	0.0	157812	1023.31192022	0.3
7463.218547567183	300	59.894753524630865	0.0	163927	980.593863606	0.3
7464.594013387322	300	59.51371835315332	0.0	137654	881.0351714775392	0.3
7465.707570224656	300	59.596655258816924	0.0	146754	917.0630943364008	0.3
7466.849978532874	300	59.557697976206946	0.0	153938	1038.9572826099763	0.3
7468.864383325424	300	59.798221092735865	0.0	181901	1259.4768834710796	0.3
7470.161119163595	300	59.96331712818981	0.0	111155	834.903964546057	0.3
7471.6163387049855	300	59.89662329430724	0.0	153605	1066.6938338825694	0.3
7473.0876989279095	300	59.80270603659921	0.0	149029	1093.9172577080242	0.3
7474.331850706117	300	59.819351630103355	0.0	157421	983.3544064958635	0.3
7475.419608701862	300	59.81737131808672	0.0	157488	1001.9803120166308	0.3
7477.200296029642	300	59.86191649606056	0.0	143881	955.454822026	0.3
7479.161335693986	300	59.74401291676563	0.0	163444	1117.9035792949308	0.3
7480.935765092109	300	59.72836626022862	0.0	179328	1015.6466565370096	0.3
7482.534121905751	300	59.706579224200915	0.0	159914	1021.7870360277068	0.3
7483.724705648347	300	59.84507224170955	0.0	131610	861.5069824913619	0.3
7485.560279625815	300	59.976323633027725	0.0	124011	868.748608682	0.3
7488.513567507215	300	59.87909237672185	0.0	144254	2097.2312563058795	0.3
7489.543494534119	300	59.89365717581636	0.0	149991	985.435200905	0.3
7492.017410747952	300	59.61694498189884	0.0	147968	1276.7121939175156	0.3
7494.219382860346	300	59.59456093566042	0.0	161857	2022.3840462384258	0.3
7496.301628000102	300	59.76723239885937	0.0	145210	1327.3285368010486	0.3
7501.190807976189	300	58.878052422772704	0.0	172312	4889.179976086662	0.3
7502.837149205044	300	59.57743009786672	0.0	167025	1300.6223249059935	0.3
7505.357446931877	300	59.93014068642435	0.0	160064	1647.2894114423586	0.3
7507.502566466119	300	59.72408507699861	0.0	137507	1206.0556094257392	0.3
7509.759210366561	300	59.711295089185946	0.0	118421	1512.7899878126734	0.3

