11658.277300491767	750	4.0	0.8029469670362752	450283	802.946967036	-2.7026719582559835
11658.85916418888	750	7.4181363028862215	0.0	398865	581.863697114	0.75
11659.287660864095	750	10.989639627672176	0.0	350812	428.496675214	0.75
11659.522067028143	300	14.755233463624567	0.0	155432	234.406164048	-0.15000000000000002
11659.764430326975	300	18.51287016479119	0.0	163442	242.363298833	0.3
11659.981738584718	300	22.295561907048537	0.0	126289	217.308257743	0.3
11660.330229696025	300	25.94707079574282	0.0	153295	348.491111306	0.3
11661.157088086768	750	29.120212404999418	0.0	437162	826.858390743	0.3
11661.420356944833	300	32.85694354693368	0.0	150710	263.268858066	-0.15000000000000002
11661.669513699535	300	36.60778679223103	0.0	139105	249.156754703	0.3
11661.921996314013	300	40.3553041777526	0.0	141840	252.482614478	0.3
11662.191877978463	300	44.08542251330267	0.0	156148	269.88166445	0.3
11662.467350978652	300	47.80994951311267	0.0	160746	275.47300019	0.3
11662.769227888806	300	51.50807260295925	0.0	179801	301.876910153	0.3
11663.022742210138	300	55.25455828162554	0.0	140051	253.514321334	0.3
11663.274103259519	300	59.00319723224617	0.0	138313	251.361049379	0.3
11664.229450123074	300	59.74539866786406	0.0	143509	257.798564382	0.3
11664.928795982325	300	59.954499887824504	0.0	150616	290.89878004	0.3
11665.734741606715	300	59.71575061523576	0.0	165384	238.749272589	0.3
11666.653758847468	750	59.74984017075922	0.0	350713	465.910444477	0.3
11667.4955742672	300	59.51548585903245	0.0	157671	234.354311727	-0.15000000000000002
11668.181887911951	300	59.686059590658814	0.0	157812	329.426268374	0.3
11669.400296221282	300	59.96529912418213	0.0	163927	220.760466477	0.3
11669.645120026238	300	59.801711143132	0.0	137654	163.58798105012488	0.3
11669.941057812963	300	59.65436016172186	0.0	146754	147.35098141	0.3
11671.75653367539	300	59.530915633164476	0.0	153938	1623.4445285573825	0.3
11674.103941853524	300	59.91322721103436	0.0	181901	1617.6884221301184	0.3
11675.870169756987	300	59.85497313730392	0.0	111155	1058.2540737304407	0.3
11676.84202180508	300	59.933034028122954	0.0	153605	421.93910918097424	0.3
11677.88871926741	300	59.894641766414104	0.0	149029	538.3922617088482	0.3
11678.970122974917	300	59.818092512971035	0.0	157421	576.5492534430673	0.3
11679.819146104777	300	59.85600817507357	0.0	157488	462.084337897	0.3
11680.68126736714	300	59.82841693987437	0.0	143881	527.591235199	0.3
11681.59972465805	300	59.996453307999566	0.0	163444	831.9636318748085	0.3
11682.824785909292	300	59.88716951189695	0.0	179328	1109.2837961026164	0.3
11684.006105791928	300	59.56439829814829	0.0	159914	822.771213749	0.3
11685.467066579675	300	59.97319223871928	0.0	131610	591.206059429	0.3
11685.996805926039	300	59.6031999296955	0.0	124011	369.9923090237793	0.3
11705.299176534527	300	44.300829321210095	0.0	144254	19302.370608485402	0.3
11705.849423036858	300	47.75058281887832	0.0	149991	550.246502332	0.3
11706.455622354719	300	51.144383501019455	0.0	147968	606.1993178588702	0.3
11707.143022673696	300	54.45698318204019	0.0	161857	687.400318979	0.3
11707.63871896495	300	57.9612868907845	0.0	145210	495.69629125568883	0.3
11708.598833809276	300	59.89205950674787	0.0	172312	569.227384037	0.3
11709.341477821437	300	59.92618123081112	0.0	167025	465.878275937	0.3
11709.902663400058	300	59.99397130961408	0.0	160064	432.209921197	0.3
11710.286543322147	300	59.826519177281895	0.0	137507	167.452132332	0.3
11710.691910315929	300	59.69204957526724	0.0	118421	134.469602015	0.3

