12031.640760930599	750	4.0	1.3064924616647091	450283	1306.49246166	-4.867917585158249
12032.121295130666	300	7.519465799932421	0.0	155580	480.534200068	-0.15000000000000002
12032.56135112513	300	11.079409805467504	0.0	139857	440.055994465	0.3
12033.247546417902	300	14.393214512693921	0.0	155432	686.195292774	0.3
12033.88412159733	300	17.756639333268495	0.0	163442	636.575179425	0.3
12034.277834374849	300	21.362926555749475	0.0	126289	393.712777519	0.3
12034.73863238758	300	24.902128543018534	0.0	153295	460.798012731	0.3
12035.26588642694	300	28.37487450365851	0.0	173849	527.25403936	0.3
12035.7411330299	300	31.89962790069829	0.0	150710	475.24660296	0.3
12036.198658314326	300	35.44210261627124	0.0	139105	457.525284427	0.3
12036.742159325295	300	38.89860160530378	0.0	141840	543.501010967	0.3
12037.32620650115	300	42.314554429449664	0.0	156148	584.047175854	0.3
12037.845988998328	300	45.79477193227105	0.0	160746	519.782497179	0.3
12038.417903775524	300	49.22285715507464	0.0	179801	571.914777196	0.3
12039.041609873777	300	52.5991510568218	0.0	140051	623.706098253	0.3
12039.652059556322	300	55.988701374276424	0.0	138313	610.449682545	0.3
12040.627866408357	750	59.01289452224068	0.0	360831	975.806852036	0.3
12042.549773956054	300	59.97873971810368	0.0	150616	1034.15480414	-0.15000000000000002
12045.831365610304	300	59.9918202627605	0.0	165384	2486.9194553431785	0.3
12049.322038635235	300	59.60381984974669	0.0	140881	3388.0004130138027	0.3
12052.70605364197	300	59.923148652338135	0.0	157671	2680.6711974085633	0.3
12056.424731343808	300	59.62548170608285	0.0	157812	2797.666946255278	0.3
12058.282702111013	300	59.8670017002706	0.0	163927	1258.480005812248	0.3
12059.218764713698	300	59.658715779625695	0.0	137654	208.285920645	0.3
12060.008249896182	300	59.837861529402595	0.0	146754	320.854250223	0.3
12072.000146070955	300	51.845965354628746	0.0	153938	11991.89617477385	0.3
12075.315124027493	300	52.53098739809155	0.0	181901	3314.9779565372046	0.3
12079.151069219815	300	52.69504220576908	0.0	111155	3835.945192322468	0.3
12081.449068249833	300	54.39704317574999	0.0	153605	2297.999030019086	0.3
12082.65267385748	300	57.193437568102865	0.0	149029	1203.6056076471245	0.3
12084.485308224419	300	59.360803201164124	0.0	157421	1832.634366938743	0.3
12088.03253870092	300	59.8135727246636	0.0	157488	3047.2304765005256	0.3
12091.085459210828	300	59.71357233821017	0.0	143881	2100.0003864534265	0.3
12093.340697116642	300	59.77241344702906	0.0	163444	1441.1588911811116	0.3
12096.455581160997	300	59.83201093216932	0.0	179328	2440.4025148597443	0.3
12100.551910809329	300	59.73568128383836	0.0	159914	4096.329648330951	0.3
12104.94691253252	300	59.340679560647914	0.0	131610	4395.001723190452	0.3
12106.40423646919	300	59.82492404282109	0.0	124011	1015.75551783	0.3
12107.10737136682	300	59.654140803428234	0.0	144254	170.783239393	0.3
12107.369244434381	300	59.99938009876631	0.0	149991	154.760704662	0.3
12107.72247415707	300	59.836321418870995	0.0	147968	163.058679895	0.3
12108.931933812102	300	59.53667711275195	0.0	161857	799.644306119	0.3
12109.947536112035	300	59.69378363724161	0.0	145210	842.893475510345	0.3
12113.295500646354	300	59.56615578229367	0.0	172312	3127.6278549479425	0.3
12116.487731575698	300	59.790208657307474	0.0	167025	2275.947124986192	0.3
12117.813064307917	300	59.54568419337692	0.0	160064	1244.5244639305552	0.3
12118.640580564143	300	59.882330199408415	0.0	137507	163.353993969	0.3
12119.49013592233	300	59.74963365144371	0.0	118421	132.696547965	0.3

