15902.477014006681	750	4.0	0.28784130903887656	450283	287.841309039	-0.4877176288671692
15902.628826513173	300	7.848187493509042	0.0	155580	151.812506491	-0.15000000000000002
15902.773381608433	300	11.703632398250615	0.0	139857	144.555095258	0.3
15902.925125801186	300	15.551888205495102	0.0	155432	151.744192756	0.3
15903.080567244084	300	19.396446762598227	0.0	163442	155.441442897	0.3
15903.218859631488	300	23.258154375194728	0.0	126289	138.292387404	0.3
15903.461631876726	750	27.015382129957647	0.0	352642	242.772245237	0.3
15903.621876975332	300	30.855137031352772	0.0	173849	160.245098605	-0.15000000000000002
15903.771441590663	300	34.70557241602142	0.0	150710	149.564615331	0.3
15903.915649578292	300	38.56136442839174	0.0	139105	144.20798763	0.3
15904.06111998529	300	42.415894021394195	0.0	141840	145.470406998	0.3
15904.236822168012	300	46.240191838672274	0.0	156148	175.702182722	0.3
15904.418401826299	300	50.05861218038653	0.0	160746	181.579658286	0.3
15904.772916388254	750	53.70409761843009	0.0	434409	354.514561956	0.3
15904.941418327478	300	57.53559567920563	0.0	140051	168.501939224	-0.15000000000000002
15905.248471259223	300	59.868192028250235	0.0	138313	167.403650955	0.3
15905.638151752408	300	59.70317642205219	0.0	143509	165.015606198	0.3
15906.166057907221	300	59.51155578813879	0.0	150616	191.620633913	0.3
15907.365471577832	300	59.78999171328404	0.0	165384	221.564074855	0.3
15907.745420896972	300	59.54894185159212	0.0	140881	241.0498616919183	0.3
15908.931100382359	300	59.73555183762241	0.0	157671	313.39001397	0.3
15909.793780544049	300	59.9503564924858	0.0	157812	285.1953451366096	0.3
15910.727933943574	300	59.73202220099999	0.0	163927	218.334291486	0.3
15911.703107730638	300	59.812344861487794	0.0	137654	419.67733951219714	0.3
15912.460089296568	300	59.92160230229877	0.0	146754	390.742559189	0.3
15913.523845544689	300	59.78284368160912	0.0	153938	638.75862069	0.3
15923.48414633936	300	53.82254288693684	0.0	181901	9960.30079467228	0.3
15925.618099156187	300	55.6885900701121	0.0	111155	2133.9528168247402	0.3
15927.288975345871	300	58.01771388042685	0.0	153605	1670.8761896852525	0.3
15929.458222850879	300	59.848466375416876	0.0	149029	2169.2475050099674	0.3
15930.553144838444	300	59.78069284844492	0.0	157421	1067.7735269719556	0.3
15930.823379223391	300	59.619149886268204	0.0	157488	161.542962177	0.3
15931.668702987146	300	59.96083371577605	0.0	143881	158.316170492	0.3
15934.521846300791	300	59.5877658555835	0.0	163444	1873.0678601925472	0.3
15937.43486438752	300	59.831294538947205	0.0	179328	2256.471316636293	0.3
15939.509336395296	300	59.83233192010398	0.0	159914	1498.9626188432214	0.3
15940.554199283913	300	59.55765517026346	0.0	131610	274.676749841	0.3
15941.130915391863	300	59.86439018567618	0.0	124011	193.264984587	0.3
15941.810833944488	300	59.926156471044564	0.0	144254	438.233714632	0.3
15942.772999238701	300	59.77591624293479	0.0	149991	650.24022811	0.3
15943.345080590718	300	59.855838099979145	0.0	147968	420.078142956	0.3
15943.923948875687	300	59.602405562024	0.0	161857	253.432537955	0.3
15945.093692642291	300	59.890251552229174	0.0	145210	212.154009795	0.3
15946.088234117336	300	59.581775693110224	0.0	172312	808.4758591189443	0.3
15947.906951621308	300	59.975449749088995	0.0	167025	1106.3259440212335	0.3
15949.641115267872	300	59.924563705780606	0.0	160064	1050.8860433083828	0.3
15951.277775688297	300	59.657872297197684	0.0	137507	766.6914085829285	0.3
15952.597556208257	300	59.89296654313723	0.0	118421	764.9057540604587	0.3

