1542.73275769446	750	4.0	2.003293886891141	450283	2003.29388689	-7.864163713631907
1543.5662270098908	300	7.166530684569072	0.0	155580	833.469315431	-0.15000000000000002
1544.4828541623515	300	10.249903532108368	0.0	139857	916.627152461	0.3
1545.9136160156752	300	12.819141678784666	0.0	155432	1430.76185332	0.3
1546.9954164233425	300	15.737341271117472	0.0	163442	1081.80040767	0.3
1547.695246312307	300	19.03751138215284	0.0	126289	699.829888965	0.3
1548.4904292835856	300	22.242328410874226	0.0	153295	795.182971279	0.3
1549.6706688490804	300	25.062088845379435	0.0	173849	1180.23956549	0.3
1550.6565481082562	300	28.07620958620366	0.0	150710	985.879259176	0.3
1551.265262894839	300	31.467494799620724	0.0	139105	608.714786583	0.3
1551.7697270402773	300	34.9630306541825	0.0	141840	504.464145438	0.3
1552.3827474083084	300	38.350010286151395	0.0	156148	613.020368031	0.3
1553.1055064426462	300	41.62725125181341	0.0	160746	722.759034338	0.3
1553.7897199750141	300	44.94303771944549	0.0	179801	684.213532368	0.3
1554.3250778291087	300	48.407679865350794	0.0	140051	535.357854095	0.3
1554.9583819728878	300	51.77437572157188	0.0	138313	633.304143779	0.3
1555.669085096024	300	55.06367259843578	0.0	143509	710.703123136	0.3
1556.3948820731919	300	58.337875621267806	0.0	150616	725.796977168	0.3
1558.1343076475982	300	59.989871966876265	0.0	165384	848.003654392	0.3
1559.0663713067445	300	59.65905109731059	0.0	140881	830.8208695656822	0.3
1560.1815813336955	300	59.98656747862532	0.0	157671	672.483618685	0.3
1561.1930269450734	300	59.74720787706916	0.0	157812	739.3596015561561	0.3
1562.0939501101636	300	59.637289299435054	0.0	163927	609.918577634	0.3
1563.8583875986728	300	59.82507284890838	0.0	137654	812.2164505266749	0.3
1565.1581887231578	300	59.826782805657274	0.0	146754	498.29004325110054	0.3
1567.0118087808582	300	59.749728317423966	0.0	153938	1077.0544882333138	0.3
1568.2102828816453	300	59.97877405176399	0.0	181901	770.954265659974	0.3
1568.9725339657236	300	59.901408427288345	0.0	111155	577.365624476	0.3
1570.3333141621686	300	59.5129610588673	0.0	153605	888.447368421	0.3
1571.5597033366892	300	59.920932885618996	0.0	149029	592.028173248	0.3
1573.0953503989494	300	59.63728985512493	0.0	157421	783.6430304940653	0.3
1574.0099664236689	300	59.928483858648306	0.0	157488	708.8059964766246	0.3
1575.6112416602762	300	59.855751254466036	0.0	143881	572.732604182	0.3
1577.0715952223984	300	59.69984578961742	0.0	163444	655.9054648486108	0.3
1578.737532089367	300	59.97860140476995	0.0	179328	721.244384847	0.3
1580.5390464495244	750	59.73519046575184	0.0	365161	1743.4109390181102	0.3
1582.2369660415256	300	59.61978238032086	0.0	131610	615.408085431	-0.15000000000000002
1583.7159610895865	300	59.56104060957558	0.0	124011	558.7417707452889	0.3
1584.4751357613468	300	59.992079912353006	0.0	144254	568.9606972225641	0.3
1585.801352118652	300	59.84407872096962	0.0	149991	1148.0011913833887	0.3
1587.4416379093443	750	59.75204340858405	0.0	345516	1592.0353123855655	0.3
1589.324928068004	300	59.7800235684077	0.0	161857	972.019840176	-0.15000000000000002
1591.115698459453	750	59.53927353192489	0.0	372093	1740.750036482805	0.3
1592.8160237222585	300	59.58462107800528	0.0	172312	954.65245392	-0.15000000000000002
1593.8157227616118	300	59.902107962771375	0.0	167025	682.5131152339007	0.3
1594.8805395220816	300	59.72779254459631	0.0	160064	674.315418175	0.3
1595.6499527044161	300	59.69333662457648	0.0	137507	534.45592002	0.3
1597.3013543177894	300	59.74511444904704	0.0	118421	948.2221755294452	0.3

