174.0079394590716	750	4.0	6.77948872180451	450283	6779.4887218	-28.401801503759394
176.78024624627568	300	5.227693212795901	0.0	155580	2772.3067872	-0.15000000000000002
177.53412108597834	300	8.473818373093227	0.0	139857	753.874839703	0.3
178.51185843346227	300	11.496081025609293	0.0	155432	977.737347484	0.3
179.32294003136846	300	14.684999427703117	0.0	163442	811.081597906	0.3
180.10246744843943	300	17.90547201063215	0.0	126289	779.527417071	0.3
181.16908260739882	300	20.838856851672755	0.0	153295	1066.61515896	0.3
182.25828973806122	300	23.749649721010346	0.0	173849	1089.20713066	0.3
184.37403487698856	750	25.633904582083016	0.0	374758	2115.74513893	0.3
187.89624652937343	2850	26.111692929698155	0.0	1429765	3522.21165238	0.75
188.10071944572013	300	29.90722001335143	0.0	141840	204.472916347	-2.25
188.35707550658367	300	33.65086395248791	0.0	156148	256.356060864	0.3
188.62104540687122	300	37.38689405220036	0.0	160746	263.969900288	0.3
188.90682329273838	300	41.101116166333206	0.0	179801	285.777885867	0.3
189.14710826720227	300	44.86083119186932	0.0	140051	240.284974464	0.3
189.38540414279774	300	48.62253531627384	0.0	138313	238.295875595	0.3
189.6396967220515	300	52.368242737020076	0.0	143509	254.292579254	0.3
189.93412533797002	300	56.073814121101584	0.0	150616	294.428615918	0.3
190.24957882375546	300	59.758360635316116	0.0	165384	315.453485785	0.3
190.7318451404347	300	59.977791520220684	0.0	140881	280.569115095	0.3
191.51916145453708	300	59.64498196396141	0.0	157671	332.809556259	0.3
192.76987376813614	300	59.70687918608346	0.0	157812	938.1027778779537	0.3
194.05650118594087	300	59.679870245041634	0.0	163927	1027.0089410418327	0.3
195.810630436282	300	59.892614858252514	0.0	137654	787.255386789	0.3
198.285490973108	300	59.84862152161551	0.0	146754	1543.993336637	0.3
200.98499629920823	300	59.92430245865991	0.0	153938	1924.319062955603	0.3
202.95218431556086	300	59.788301582055894	0.0	181901	1136.0008766040098	0.3
204.47060109685899	300	59.65468676128113	0.0	111155	633.6148207747675	0.3
205.91116989118862	300	59.83680334437801	0.0	153605	817.8834169031122	0.3
208.7588900693853	300	59.93428594399293	0.0	149029	2402.517400385082	0.3
211.63924215666555	300	59.92671128925859	0.0	157421	2507.5746547343347	0.3
214.10936921361997	300	59.83803647705434	0.0	157488	2088.674812204254	0.3
216.08140230690083	300	59.75274605278901	0.0	143881	1585.2904242653335	0.3
217.66936178699493	300	59.8621376472497	0.0	163444	1390.6084055393	0.3
218.44933576929338	300	59.530826193377884	0.0	179328	331.311453872	0.3
218.79612827894522	300	59.79176120276528	0.0	159914	239.064990613	0.3
219.2993396399549	300	59.554019281780064	0.0	131610	237.741920985	0.3
220.0797268578618	300	59.50656039283882	0.0	124011	547.458888941	0.3
221.32709405322424	300	59.95934095964044	0.0	144254	547.219433198	0.3
222.27559664448037	300	59.79516354509442	0.0	149991	164.177414546	0.3
223.36330767916633	300	59.60347061610648	0.0	147968	191.692928988	0.3
223.99608326799137	300	59.94509187454297	0.0	161857	158.378741564	0.3
225.3723901190939	300	59.70413687262249	0.0	145210	740.9550019204786	0.3
226.60892397539544	300	59.86354586906273	0.0	172312	840.5910035597536	0.3
246.3655913886435	300	44.10687845581466	0.0	167025	19756.667413248073	0.3
246.52644480885954	300	47.94602503559865	0.0	160064	160.853420216	0.3
246.6759039705301	300	51.79656587392805	0.0	137507	149.459161671	0.3
246.81572218621508	300	55.656747658243084	0.0	118421	139.818215685	0.3

