15126.814441986036	750	4.0	1.0773321520529362	450283	1077.33215205	-3.8825282538276253
15127.527567744033	300	7.286874242001377	0.0	155580	713.125757999	-0.15000000000000002
15128.095996699416	300	10.718445286619408	0.0	139857	568.428955382	0.3
15128.550289250925	300	14.26415273510909	0.0	155432	454.29255151	0.3
15129.02387051607	300	17.790571469964533	0.0	163442	473.581265145	0.3
15129.449522236853	300	21.364919749179457	0.0	126289	425.651720785	0.3
15129.979001785307	300	24.835440200726154	0.0	153295	529.479548453	0.3
15130.617033662733	300	28.197408323300586	0.0	173849	638.031877426	0.3
15131.839209970687	750	30.975232015347533	0.0	374758	1222.17630795	0.3
15132.236150048153	300	34.57829193788114	0.0	139105	396.940077466	-0.15000000000000002
15132.63820303461	300	38.17623895142547	0.0	141840	402.052986456	0.3
15133.056057743324	300	41.75838424271124	0.0	156148	417.854708714	0.3
15133.483861064578	300	45.33058092145846	0.0	160746	427.803321253	0.3
15133.958798179232	300	48.85564380680356	0.0	179801	474.937114655	0.3
15134.360504901028	300	52.45393708500726	0.0	140051	401.706721796	0.3
15134.758219318002	300	56.05622266803192	0.0	138313	397.714416975	0.3
15135.175408720346	300	59.63903326568823	0.0	143509	417.189402344	0.3
15136.59938539914	300	59.67619436947395	0.0	150616	462.838896214	0.3
15144.464898517886	300	55.81068125072779	0.0	165384	7865.513118746157	0.3
15145.22964238968	300	59.04593737893229	0.0	140881	764.7438717955017	0.3
15146.74020367716	300	59.71635412175253	0.0	157671	829.583257179755	0.3
15148.09763295025	300	59.83812850035782	0.0	157812	878.2256213947145	0.3
15149.631638431958	300	59.770727585350784	0.0	163927	1067.4009150070335	0.3
15150.245084846558	300	59.90730666140277	0.0	137654	363.420923948	0.3
15150.892761836474	300	59.66848091176972	0.0	146754	238.825749633	0.3
15152.1087564487	300	59.72490922579835	0.0	153938	943.5716859713712	0.3
15153.192399150092	300	59.77929933822924	0.0	181901	945.6098875691155	0.3
15153.885475823565	300	59.71177740840467	0.0	111155	567.521929825	0.3
15154.80788455543	300	59.52335041429664	0.0	153605	688.426994108	0.3
15155.443457817004	300	59.53255465238777	0.0	149029	490.795761909	0.3
15158.197515179932	1850	59.937914720756204	0.0	873429	2094.639931631562	0.30000000000000004
15159.299729771605	300	59.92651614056798	0.0	157488	511.3985801882231	-1.25
15160.21501857798	300	59.97427974312276	0.0	143881	452.236397445	0.3
15163.978434501829	300	59.53409798566334	0.0	163444	2940.181757459424	0.3
15166.85124698675	300	59.969308826398056	0.0	179328	2564.7891592652795	0.3
15168.418481644558	300	59.79970316032042	0.0	159914	1169.6056660776403	0.3
15169.670882987439	300	59.582316984745376	0.0	131610	717.3861755750394	0.3
15170.45413193524	300	59.91820009449979	0.0	124011	664.1168902455889	0.3
15171.833236299713	300	59.998213941038884	0.0	144254	419.986153461	0.3
15172.705791045055	300	59.50149567387511	0.0	149991	496.7182671637737	0.3
15174.283686339792	300	59.8604662655953	0.0	147968	641.02940828	0.3
15175.948199625238	300	59.956642566099944	0.0	161857	903.8236994953517	0.3
15176.893642762743	300	59.57426579032463	0.0	145210	882.3767757753125	0.3
15178.443445354285	300	59.790897675417874	0.0	172312	783.368114907	0.3
15179.59213926382	300	59.80976795896826	0.0	167025	481.12971644961516	0.3
15180.71381674565	300	59.792711314595266	0.0	160064	517.0566443729911	0.3
15181.592855595902	300	59.61550230819747	0.0	137507	177.209006398	0.3
15181.983026954635	300	59.98133155075903	0.0	118421	134.170757438	0.3

