4779.087120773339	750	4.0	1.7334856052395988	450283	1733.48560524	-6.703988102530275
4779.775542752019	300	7.311578021319168	0.0	155580	688.421978681	-0.15000000000000002
4780.435140762794	300	10.651980010544197	0.0	139857	659.598010775	0.3
4781.031443244161	300	14.055677529176537	0.0	155432	596.302481368	0.3
4781.602822638738	300	17.484298134599413	0.0	163442	571.379394577	0.3
4782.068834586534	300	21.018286186804005	0.0	126289	466.011947795	0.3
4782.624306138341	300	24.46281463499631	0.0	153295	555.471551808	0.3
4783.214597059618	300	27.872523713718945	0.0	173849	590.290921277	0.3
4783.698523489315	300	31.388597284022804	0.0	150710	483.926429696	0.3
4784.151346699473	300	34.93577407386501	0.0	139105	452.823210158	0.3
4784.953535383194	300	38.133585390142464	0.0	141840	802.188683723	0.3
4785.657049007962	300	41.430071765374805	0.0	156148	703.513624768	0.3
4786.242519704869	300	44.84460106846824	0.0	160746	585.470696907	0.3
4786.842814760005	300	48.24430601333252	0.0	179801	600.295055136	0.3
4787.308989233517	300	51.77813153982064	0.0	140051	466.174473512	0.3
4787.793219719655	300	55.293901053683236	0.0	138313	484.230486137	0.3
4788.371980281811	300	58.71514049152671	0.0	143509	578.760562157	0.3
4789.4312256741205	300	59.61069035222861	0.0	150616	604.450139298	0.3
4791.022301737348	300	59.99254994712001	0.0	165384	618.140405109	0.3
4792.544796635954	300	59.90277032687668	0.0	140881	589.7796202433318	0.3
4794.042916126403	300	59.820068220833825	0.0	157671	582.7021060428497	0.3
4795.248278347665	300	59.87959580240582	0.0	157812	440.47241842800537	0.3
4795.610940888508	300	59.51720943340201	0.0	163927	362.38636900381607	0.3
4796.818988124777	300	59.61232390118582	0.0	137654	404.885532216	0.3
4797.892147473994	300	59.673325078604634	0.0	146754	438.998822581181	0.3
4798.656127870638	300	59.79241514359999	0.0	153938	380.909935005	0.3
4799.472700715237	300	59.71166395212014	0.0	181901	580.75119148	0.3
4799.952365043637	300	59.79374261448001	0.0	111155	417.92133764	0.3
4801.459958932567	300	59.77181716539437	0.0	153605	521.925449086	0.3
4802.737882681957	300	59.825689510622425	0.0	149029	446.1276547719369	0.3
4803.876203200672	300	59.87242729857305	0.0	157421	453.26221204937383	0.3
4804.812683509821	300	59.936716297331536	0.0	157488	435.71100124151263	0.3
4805.611677931014	300	59.988103740688935	0.0	143881	448.612556643	0.3
4806.652605569378	300	59.59783085378276	0.0	163444	390.272886906	0.3
4807.387311451294	300	59.65080528855274	0.0	179328	447.0255652300292	0.3
4808.167884769717	300	59.608358787685184	0.0	159914	542.446500868	0.3
4810.390955367978	750	59.815886897331424	0.0	321064	1292.4718903537564	0.3
4811.628807012093	300	59.763760429228036	0.0	124011	552.1264681033838	-0.15000000000000002
4812.944615074275	300	59.653718986142465	0.0	144254	610.0414430855777	0.3
4814.328384520897	300	59.518717572380005	0.0	149991	635.0014137624614	0.3
4815.183383846076	300	59.885601926220225	0.0	147968	633.1156461597764	0.3
4815.9946812689195	300	59.77689505430809	0.0	161857	608.706871912	0.3
4816.613213367267	300	59.76342428059962	0.0	145210	513.470773708	0.3
4817.516370614307	300	59.5643763193997	0.0	172312	699.0479612	0.3
4818.794591595604	300	59.94382047167124	0.0	167025	620.555847728	0.3
4820.307368339317	300	59.71576466659877	0.0	160064	728.0558050724679	0.3
4822.721043581196	750	59.60078751497928	0.0	331053	1614.977151619488	0.3
4823.7249532595515	300	59.94368172093146	0.0	118421	657.1057940478215	-0.15000000000000002

