600.0104621589879	750	4.0	2.0801608006986387	450283	2080.1608007	-8.194691443004146
601.8622237795036	750	6.148238379484318	0.0	398865	1851.76162052	0.75
602.5634697272816	300	9.446992431706345	0.0	139857	701.245947778	-0.15000000000000002
603.3319407218232	300	12.67852143716467	0.0	155432	768.470994542	0.3
604.1209365164416	300	15.889525642546232	0.0	163442	788.995794618	0.3
604.7487661435055	300	19.26169601548239	0.0	126289	627.829627064	0.3
605.4937452207074	300	22.516716938280485	0.0	153295	744.979077202	0.3
606.327885587924	300	25.68257657106385	0.0	173849	834.140367217	0.3
607.0616511818774	300	28.94881097711037	0.0	150710	733.765593953	0.3
607.7450753935881	300	32.2653867653998	0.0	139105	683.424211711	0.3
608.4403637742287	300	35.5700983847591	0.0	141840	695.288380641	0.3
609.196245021769	300	38.81421713721886	0.0	156148	755.88124754	0.3
609.970202712393	300	42.040259446594845	0.0	160746	773.957690624	0.3
610.8264228779454	300	45.18403928104242	0.0	179801	856.220165552	0.3
611.5110380380712	300	48.49942412091661	0.0	140051	684.615160126	0.3
612.1881500661359	300	51.82231209285196	0.0	138313	677.112028065	0.3
612.8876937824571	300	55.122768376530786	0.0	143509	699.543716321	0.3
613.6179191786164	300	58.39254298037146	0.0	150616	730.225396159	0.3
616.3734978652316	300	59.598562547227466	0.0	165384	793.980433144	0.3
617.5638076698458	300	59.94420677165597	0.0	140881	654.355775572	0.3
621.9129967846717	300	59.59501765683009	0.0	157671	849.189114826	0.3
625.7424229687653	300	59.765591472736475	0.0	157812	829.4261840936131	0.3
629.7072218748355	750	59.80079256666631	0.0	401853	1964.798906070164	0.3
632.0047474615758	300	59.5817138903123	0.0	137654	719.078676354	-0.15000000000000002
632.9705729755907	300	59.848024588498035	0.0	146754	733.689301814	0.3
637.1709476353302	300	59.647649928758455	0.0	153938	700.37465974	0.3
640.9939142424718	300	59.82468332161688	0.0	181901	822.9666071415674	0.3
643.6689540111992	300	59.7449021767941	0.0	111155	579.781144823	0.3
645.2122711996419	300	59.980872894524985	0.0	153605	764.029282269	0.3
649.5073503396602	300	59.685793754506626	0.0	149029	795.079140018	0.3
653.328718084737	300	59.86442600942979	0.0	157421	821.3677450768312	0.3
657.1276092921821	300	59.542847801341686	0.0	157488	821.578208088	0.3
659.4807272556948	300	59.814945319263806	0.0	143881	727.902482078	0.3
661.1122157019382	300	59.52180883685955	0.0	163444	793.136482404	0.3
664.9763080643527	300	59.657716474445074	0.0	179328	864.092362414	0.3
668.7307964171529	300	59.90322812164492	0.0	159914	754.4883528001556	0.3
671.6701852257938	300	59.79200005685132	0.0	131610	611.228064794	0.3
673.6684327732892	300	59.66695665502734	0.0	124011	625.043401824	0.3
677.3453434479285	300	59.990045980388025	0.0	144254	676.910674639	0.3
681.6087971881777	300	59.72659224013879	0.0	149991	763.4537402492282	0.3
685.1971055481104	300	59.96922234045242	0.0	147968	757.369899686	0.3
687.4457819394481	300	59.97035337490662	0.0	161857	498.868965546	0.3
688.6234070783013	300	59.966444518376015	0.0	145210	503.908856531	0.3
692.6598608937165	300	59.929990702960716	0.0	172312	536.453815415	0.3
696.6616788354912	300	59.92817276118615	0.0	167025	501.81794177456464	0.3
699.9007667238583	300	59.544622836758826	0.0	160064	383.549924427	0.3
701.9225996637937	300	59.67147534876101	0.0	137507	373.147487998	0.3
702.5773874600301	300	59.878424176611645	0.0	118421	293.051172149	0.3

