360.6712920964411	750	4.0	8.16054581235698	450283	8160.54581236	-34.340346993135014
363.1528185580705	300	5.518473538370578	0.0	155580	2481.52646163	-0.15000000000000002
368.9911519579785	750	4.0	0.31985986153737483	350812	5838.33339991	-1.0753974046107118
370.1033514819423	300	6.887800476036185	0.0	155432	1112.19952396	-0.15000000000000002
371.2581418016739	300	9.733010156304568	0.0	163442	1154.79031973	0.3
373.13342635733426	750	11.857725600644219	0.0	318564	1875.28455566	0.3
374.07765089398686	300	14.9135010639916	0.0	153295	944.224536653	-0.15000000000000002
375.2059341988858	300	17.78521775909269	0.0	173849	1128.2833049	0.3
376.3466855306778	300	20.64446642730071	0.0	150710	1140.75133179	0.3
377.40388668286266	300	23.58726527511584	0.0	139105	1057.20115218	0.3
378.29520422471035	300	26.69594773326814	0.0	141840	891.317541848	0.3
379.265656200901	300	29.725495757077553	0.0	156148	970.451976191	0.3
380.3543925218268	300	32.63675943615171	0.0	160746	1088.73632093	0.3
381.7473667806947	300	35.243785177283804	0.0	179801	1392.97425887	0.3
382.71604918419155	300	38.27510277378695	0.0	140051	968.682403497	0.3
383.77167550846093	300	41.21947644951763	0.0	138313	1055.62632427	0.3
384.6467392203723	300	44.34441273760627	0.0	143509	875.063711911	0.3
385.5314897216254	300	47.45966223635313	0.0	150616	884.750501253	0.3
386.61286818997246	300	50.37828376800604	0.0	165384	1081.37846835	0.3
387.5389662137283	300	53.452185744250194	0.0	140881	926.098023756	0.3
389.92004436358735	750	55.07110759439116	0.0	386472	2381.07814986	0.3
391.09476738413156	300	57.89638457384694	0.0	157812	1174.72302054	-0.15000000000000002
393.22461486829934	300	59.58797138178676	0.0	163927	1308.41319206	0.3
394.84643255309845	300	59.62377968544098	0.0	137654	964.1916963457759	0.3
396.04786480299424	300	59.657876554719785	0.0	146754	965.9031307212009	0.3
397.7872365091121	300	59.78695526124816	0.0	153938	870.921293472	0.3
400.0983951670275	300	59.673101138613596	0.0	181901	1613.8541226345637	0.3
401.5266836420682	300	59.75160916873364	0.0	111155	921.4919698799564	0.3
402.97484235517135	300	59.65342806476242	0.0	153605	1098.181103971215	0.3
404.0813110854849	300	59.624682504171616	0.0	149029	1028.745560590809	0.3
405.28509882477306	300	59.507650219388935	0.0	157421	1117.0322847826862	0.3
407.37570976525114	300	59.70572247640258	0.0	157488	1301.9277429863557	0.3
409.5741563461387	300	59.61334078470468	0.0	143881	1592.3816916978908	0.3
412.5492402148703	300	59.99083129493373	0.0	163444	2622.509489770955	0.3
414.34509217089203	300	59.50569250640314	0.0	179328	1485.138788530583	0.3
417.0160155621298	300	59.69508739452986	0.0	159914	1810.6051118732844	0.3
419.10642402041697	300	59.774042305068484	0.0	131610	1421.0450894613723	0.3
422.9556960449744	300	59.590587977202716	0.0	124011	3183.4543278657666	0.3
426.1654597778535	300	59.50211495910895	0.0	144254	2588.4730180937695	0.3
429.36458678734357	300	59.8536968117566	0.0	149991	3148.4181473523513	0.3
433.92592981344643	300	59.29235378565375	0.0	147968	4561.343026102849	0.3
435.46703547182216	300	59.82382690058616	0.0	161857	1468.5268850675889	0.3
438.68291494578875	300	59.670176550256954	0.0	145210	2153.650350329213	0.3
442.542950721974	300	59.8101407740717	0.0	172312	3860.035776185257	0.3
445.38270088376885	300	59.809898143085604	0.0	167025	2500.2426309860884	0.3
447.2862090554779	300	59.96239782263544	0.0	160064	1847.5003204501731	0.3
448.39752493664946	300	59.88224380767911	0.0	137507	1080.1540149563307	0.3
450.323926716374	300	59.87112385092448	0.0	118421	1011.11995675	0.3

