14313.65703854889	750	4.0	2.9294947382343164	450283	2929.49473823	-11.84682737440756
14314.721584692925	300	6.935453855965037	0.0	155580	1064.54614403	-0.15000000000000002
14315.686632064479	300	9.970406484411509	0.0	139857	965.047371554	0.3
14317.54856540575	300	12.108473143140133	0.0	155432	1861.93334127	0.3
14319.837914335729	300	13.819124213162146	0.0	163442	2289.34892998	0.3
14321.860035534488	300	15.797003014403803	0.0	126289	2022.12119876	0.3
14325.178568788106	300	16.47846976078648	0.0	153295	3318.53325362	0.3
14327.51680930201	300	18.140229246882505	0.0	173849	2338.2405139	0.3
14329.02406302001	300	20.63297552888231	0.0	150710	1507.253718	0.3
14332.191445488439	750	21.465593060452317	0.0	362795	3167.38246843	0.3
14333.152432437299	300	24.504606111593226	0.0	141840	960.986948859	-0.15000000000000002
14334.202288261398	300	27.45475028749248	0.0	156148	1049.8558241	0.3
14335.28070286998	300	30.376335678910248	0.0	160746	1078.41460858	0.3
14336.47747059694	300	33.179567951951604	0.0	179801	1196.76772696	0.3
14337.438350131626	300	36.21868841726497	0.0	140051	960.879534687	0.3
14338.396345063475	300	39.260693485415864	0.0	138313	957.994931849	0.3
14339.387323602547	300	42.26971494634336	0.0	143509	990.978539072	0.3
14340.423416555886	300	45.23362199300284	0.0	150616	1036.09295334	0.3
14341.55325506571	300	48.103783483181395	0.0	165384	1129.83850982	0.3
14342.512498375856	300	51.14454017303479	0.0	140881	959.243310147	0.3
14343.518047526448	300	54.13899102244249	0.0	157671	1005.54915059	0.3
14344.524424365265	300	57.1326141836245	0.0	157812	1006.37683882	0.3
14346.06669704451	300	59.590341504380106	0.0	163927	1042.27267924	0.3
14349.261943824744	300	59.70229473119016	0.0	137654	888.04677319	0.3
14351.55972209306	300	59.66700560055443	0.0	146754	1035.28913064	0.3
14354.565272373206	300	59.75547502932057	0.0	153938	2911.53057123	0.3
14358.757585749112	300	59.563161653413	0.0	181901	1192.31337591	0.3
14362.403330748097	300	59.803455696331916	0.0	111155	759.705957081	0.3
14365.287212387193	300	59.76453439773504	0.0	153605	1038.9212986	0.3
14366.981575904814	300	59.79983280917361	0.0	149029	964.701588561	0.3
14371.16059177454	300	59.62081693944896	0.0	157421	1179.01586972	0.3
14374.799526283958	300	59.981882430031966	0.0	157488	1138.9345094169898	0.3
14378.18834728414	300	59.94127808404188	0.0	143881	1040.60434599	0.3
14380.578111043144	300	59.880504531636085	0.0	163444	1060.77355241	0.3
14382.259614531984	300	59.66424789051483	0.0	179328	1216.25664112	0.3
14386.309987082373	300	59.61387534012693	0.0	159914	1050.37255039	0.3
14390.186445103463	300	59.73741731903728	0.0	131610	876.45802108965	0.3
14393.949876356108	750	59.97398606639206	0.0	361565	2263.431252645219	0.3
14396.221303016668	300	59.50602707203236	0.0	144254	967.95899436	-0.15000000000000002
14397.415423027625	300	59.52070089965516	0.0	149991	985.326172377	0.3
14401.006804555736	300	59.929319371544125	0.0	147968	1091.38152811	0.3
14405.019609409823	300	59.743004627846375	0.0	161857	1186.3147437	0.3
14407.861628968354	300	59.695239903773626	0.0	145210	1047.76472407	0.3
14409.964713577287	300	59.50082501653802	0.0	172312	1194.41488724	0.3
14413.658349126817	300	59.80718946700769	0.0	167025	693.63554953	0.3
14417.816944367207	300	59.64859422661757	0.0	160064	658.5952403901154	0.3
14420.9215622995	300	59.60673551627977	0.0	137507	541.858710338	0.3
14422.879640324973	300	59.61907611452057	0.0	118421	487.659401759	0.3

