7153.744191093394	750	4.0	6.63156161217316	450283	6631.56161217	-27.765714932344586
7155.05507624699	300	6.689114846403775	0.0	155580	1310.8851536	-0.15000000000000002
7166.356767351148	300	4.0	4.612576257754185	139857	11301.6911042	-19.534077908342994
7166.804023538754	300	7.552743812392935	0.0	155432	447.256187607	0.3
7167.270205829498	300	11.08656152164924	0.0	163442	466.182290744	0.3
7167.675818981243	300	14.680948369905394	0.0	126289	405.613151744	0.3
7168.294144779056	300	18.062622572091428	0.0	153295	618.325797814	0.3
7168.9188635006885	300	21.437903850459794	0.0	173849	624.718721632	0.3
7169.3780498891265	300	24.978717462020814	0.0	150710	459.186388439	0.3
7169.808038095375	300	28.548729255771697	0.0	139105	429.988206249	0.3
7170.261881629447	300	32.09488572169963	0.0	141840	453.843534072	0.3
7170.761183455441	300	35.59558389570608	0.0	156148	499.301825994	0.3
7171.317960967831	300	39.03880638331608	0.0	160746	556.77751239	0.3
7172.062045917046	300	42.29472143410093	0.0	179801	744.084949215	0.3
7172.513046904087	300	45.84372044705983	0.0	140051	451.000987041	0.3
7172.888366643599	300	49.46840070754878	0.0	138313	375.319739511	0.3
7173.2747806502175	300	53.081986700929804	0.0	143509	386.414006619	0.3
7173.681397152376	300	56.675370198770565	0.0	150616	406.616502159	0.3
7174.62886611502	300	59.72790123612649	0.0	165384	447.468962644	0.3
7176.007545152902	300	59.74668003408648	0.0	140881	481.22120204001413	0.3
7176.976103524797	300	59.92112976605955	0.0	157671	325.5502680269241	0.3
7177.977424331889	300	59.70197341444754	0.0	157812	219.156351612	0.3
7179.283141000359	750	59.65019730795204	0.0	401853	551.7761064954954	0.3
7186.6638484814575	300	56.26948982685347	0.0	137654	7380.707481098565	-0.15000000000000002
7187.305993868055	300	59.62734444025512	0.0	146754	142.145386598	0.3
7187.6331624360155	300	59.982156871111	0.0	153938	145.187569144	0.3
7188.083324994383	300	59.80806609133601	0.0	181901	174.090779775	0.3
7188.53744758796	300	59.67904068384305	0.0	111155	129.025407493	0.3
7189.6467787346455	300	59.99692370354198	0.0	153605	182.116980301	0.3
7190.791608017281	300	59.84811614541754	0.0	149029	148.807558124	0.3
7191.356619732781	300	59.52362114992211	0.0	157421	324.494995495435	0.3
7191.700091790657	300	59.68214348098636	0.0	157488	341.477668936	0.3
7192.542847930095	300	59.97176260573787	0.0	143881	210.380875248	0.3
7193.601741453679	300	59.71850347604052	0.0	163444	253.259129697	0.3
7194.5498119133335	300	59.85728544315669	0.0	179328	361.21803288383165	0.3
7195.336380957926	300	59.967427134245895	0.0	159914	389.858308911	0.3
7196.760524847898	300	59.663710557100615	0.0	131610	803.7165771452795	0.3
7198.107304179375	300	59.51053454777534	0.0	124011	653.176009325275	0.3
7199.0557376379265	300	59.5931194795759	0.0	144254	417.4150681994468	0.3
7200.024828110659	300	59.58408343838597	0.0	149991	509.03604119	0.3
7200.972087722971	300	59.550480848000284	0.0	147968	533.602590386	0.3
7201.716745337878	300	59.84498055151037	0.0	161857	705.5002964899169	0.3
7203.044579012501	300	59.91064237340791	0.0	145210	434.338178102	0.3
7204.294527536485	300	59.69241585967577	0.0	172312	1218.2265137321356	0.3
7206.046513471855	300	59.792283897116306	0.0	167025	900.131962559	0.3
7207.433250559419	300	59.984842339739245	0.0	160064	807.4415573770639	0.3
7208.355299364899	300	59.7734657020934	0.0	137507	211.376637646	0.3
7209.383981156645	750	59.82446089013733	0.0	314107	449.00481195606415	0.3

