8701.904986405969	750	4.0	10.49223776262438	450283	10492.2377626	-44.366622379284834
8705.425571734497	300	4.479414671471426	0.0	155580	3520.58532853	-0.15000000000000002
8708.665383836595	300	5.239602569373521	0.0	139857	3239.8121021	0.3
8712.065353307275	300	5.8396330986938505	0.0	155432	3399.96947068	0.3
8714.333932502368	300	7.57105390360015	0.0	163442	2268.57919509	0.3
8716.105012383727	300	9.799974022240473	0.0	126289	1771.07988136	0.3
8722.345402680288	300	7.55958372567856	0.0	153295	6240.39029656	0.3
8724.754937628204	300	9.150048777763429	0.0	173849	2409.53494792	0.3
8726.85441551994	300	11.050570886028131	0.0	150710	2099.47789174	0.3
8728.7987324087	300	13.106253997267443	0.0	139105	1944.31688876	0.3
8730.779765820864	300	15.125220585104126	0.0	141840	1981.03341216	0.3
8732.950490081472	300	16.954496324495747	0.0	156148	2170.72426061	0.3
8735.1772062585	300	18.727780147468387	0.0	160746	2226.71617703	0.3
8737.658477781475	300	20.246508624494048	0.0	179801	2481.27152297	0.3
8739.610029200328	300	22.294957205639687	0.0	140051	1951.55141885	0.3
8741.538355105862	300	24.36663130010525	0.0	138313	1928.32590553	0.3
8743.535071804628	300	26.369914601339996	0.0	143509	1996.71669877	0.3
8745.625051239891	300	28.27993516607621	0.0	150616	2089.97943526	0.3
8747.912110509302	300	29.99287589666482	0.0	165384	2287.05926941	0.3
8749.87333161074	300	32.0316547952286	0.0	140881	1961.22110144	0.3
8752.058768362243	300	33.84621804372584	0.0	157671	2185.4367515	0.3
8754.253656996474	300	35.65132940949517	0.0	157812	2194.88863423	0.3
8759.727840922613	750	34.17714548335651	0.0	401853	5474.18392614	0.3
8761.646800073924	300	36.258186332045234	0.0	137654	1918.95915131	-0.15000000000000002
8763.686231934433	300	38.218754471537345	0.0	146754	2039.43186051	0.3
8765.814519129477	300	40.09046727649247	0.0	153938	2128.28719504	0.3
8768.314879853053	300	41.59010655291637	0.0	181901	2500.36072358	0.3
8769.88732069648	300	44.017665709488334	0.0	111155	1572.44084343	0.3
8772.033639848994	300	45.87134655697446	0.0	153605	2146.31915251	0.3
8774.355043410735	300	47.54994299523246	0.0	149029	2321.40356174	0.3
8778.192215453848	300	47.71277095211906	0.0	157421	3837.17204311	0.3
8780.681221642226	300	49.223764763741684	0.0	157488	2489.00618838	0.3
8785.707603966724	750	48.19738243924342	0.0	369834	5026.3823245	0.3
8787.987178435382	300	49.91780797058564	0.0	163444	2279.57446866	-0.15000000000000002
8790.475059673221	300	51.42992673274558	0.0	179328	2487.88123784	0.3
8792.697868959793	300	53.207117446175616	0.0	159914	2222.80928657	0.3
8794.542127269906	300	55.36285913606204	0.0	131610	1844.25831011	0.3
8796.290897656703	300	57.61408874926462	0.0	124011	1748.7703868	0.3
8798.312070644399	300	59.59291576156936	0.0	144254	2021.1729877	0.3
8801.908126038037	300	59.99686036793179	0.0	149991	2096.05539364	0.3
8805.254231762758	300	59.931496202917714	0.0	147968	2065.36416501	0.3
8807.947038451852	300	59.68546363822392	0.0	161857	2246.03256469	0.3
8811.96499734246	300	59.66750474761563	0.0	145210	2017.95889061	0.3
8815.845554374824	300	59.78694771525261	0.0	172312	2380.5570323630213	0.3
8819.654968546574	300	59.97753354350152	0.0	167025	2309.4141717510856	0.3
8822.91536440089	300	59.76468772590552	0.0	160064	2212.8458176	0.3
8826.829031889221	300	59.85102023757538	0.0	137507	1913.66748833	0.3
8831.033467904203	300	59.646584222594356	0.0	118421	1704.436014981029	0.3

