14423.246641296975	750	4.0	0.36700097200312315	450283	367.000972003	-0.8281041796134294
14423.425804736911	300	7.820836560065012	0.0	155580	179.163439935	-0.15000000000000002
14423.5949466653	300	11.651694631674552	0.0	139857	169.14192839	0.3
14423.77401577313	300	15.472625523845943	0.0	155432	179.069107829	0.3
14423.958190287525	300	19.28845100944914	0.0	163442	184.174514397	0.3
14424.118684256324	300	23.127957040648848	0.0	126289	160.4939688	0.3
14424.296391285023	300	26.950250011950853	0.0	153295	177.707028698	0.3
14424.487199003683	300	30.759442293289986	0.0	173849	190.807718661	0.3
14424.675479186764	300	34.571162110209094	0.0	150710	188.280183081	0.3
14424.861173540847	300	38.38546775612484	0.0	139105	185.694354084	0.3
14425.04894599463	300	42.19769530234309	0.0	141840	187.772453782	0.3
14425.247589911105	300	45.99905138586598	0.0	156148	198.643916477	0.3
14425.449727466488	300	49.796913830482445	0.0	160746	202.137555384	0.3
14425.666343336217	300	53.58029796075308	0.0	179801	216.615869729	0.3
14426.002446519375	750	57.24419477759443	0.0	337059	336.103183159	0.3
14426.713838765854	300	59.55990175155937	0.0	138313	184.293026035	-0.15000000000000002
14426.97879793563	300	59.900971776893755	0.0	143509	158.929974666	0.3
14427.392905761048	300	59.7069324617384	0.0	150616	194.039315155	0.3
14428.484427105554	300	59.98120604461785	0.0	165384	225.726417121	0.3
14428.791909865698	300	59.72036212823843	0.0	140881	260.8439163794228	0.3
14430.250997480292	300	59.72413774282348	0.0	157671	496.224385415	0.3
14431.569261229219	300	59.756437482948904	0.0	157812	467.70025987457245	0.3
14432.95249495825	300	59.70010236296102	0.0	163927	556.335119987883	0.3
14434.158126607312	300	59.970735842951086	0.0	137654	729.3665200099381	0.3
14435.838920413255	300	59.578471504506865	0.0	146754	892.2643384442214	0.3
14446.548689832256	300	52.86870208550522	0.0	153938	10709.769419001648	0.3
14447.579235052908	300	55.838156864852515	0.0	181901	1030.5452206527032	0.3
14448.376937364677	300	59.040454553083	0.0	111155	797.7023117695155	0.3
14449.381834315902	300	59.791279286930035	0.0	153605	749.175266153	0.3
14450.645994960061	300	59.74705980738731	0.0	149029	1044.219479542724	0.3
14451.74405762741	300	59.76799905602071	0.0	157421	979.060751366598	0.3
14453.569319183911	300	59.87486923576191	0.0	157488	893.129820259	0.3
14454.43596976948	300	59.617609811097594	0.0	143881	757.25942466432	0.3
14474.000905154084	300	44.0526744264952	0.0	163444	19564.9353846024	0.3
14475.046702679225	300	47.006876901354104	0.0	179328	1045.7975251410935	0.3
14475.993823611128	300	50.059755969448496	0.0	159914	947.1209319056097	0.3
14476.673058120703	300	53.380521459873826	0.0	131610	679.2345095746695	0.3
14477.452524401946	300	56.60105517863153	0.0	124011	779.466281242	0.3
14478.248977068662	300	59.8046025119155	0.0	144254	796.452666716039	0.3
14479.255164473283	300	59.9827080396499	0.0	149991	821.8944722655937	0.3
14481.727050967913	750	59.548911258510714	0.0	345516	1933.7967811391854	0.3
14482.038722035728	300	59.87212058134912	0.0	161857	176.790677162	-0.15000000000000002
14482.447148018759	300	59.695347785161125	0.0	145210	176.772796188	0.3
14492.44709838887	300	53.69539741504995	0.0	172312	9999.950370111172	0.3
14492.684657066566	300	57.45783873735426	0.0	167025	237.558677696	0.3
14493.875803700994	300	59.72684653746392	0.0	160064	230.99219989	0.3
14494.841069016886	300	59.93429109678759	0.0	137507	292.5554406763358	0.3
14495.993470063917	300	59.65444551087893	0.0	118421	279.845585909	0.3

