13265.183267160264	750	4.0	3.2128339023970254	450283	3212.8339024	-13.065185780307209
13266.345711530883	300	6.837555629382123	0.0	155580	1162.44437062	-0.15000000000000002
13267.391959327542	300	9.791307832721861	0.0	139857	1046.24779666	0.3
13268.514303730655	300	12.668963429609422	0.0	155432	1122.34440311	0.3
13269.69036409103	300	15.492903069236373	0.0	163442	1176.06036037	0.3
13270.617272271615	300	18.565994888651506	0.0	126289	926.908180585	0.3
13271.725285713344	300	21.457981446920577	0.0	153295	1108.01344173	0.3
13272.983495458195	300	24.199771702070617	0.0	173849	1258.20974485	0.3
13274.108802742192	300	27.074464418073163	0.0	150710	1125.307284	0.3
13276.705107274724	750	28.478159885541434	0.0	362795	2596.30453253	0.3
13277.768893255496	300	31.414373904769093	0.0	141840	1063.78598077	-0.15000000000000002
13278.926346607077	300	34.2569205531884	0.0	156148	1157.45335158	0.3
13280.115060139755	300	37.06820702051157	0.0	160746	1188.71353268	0.3
13281.435201741344	300	39.748065418923815	0.0	179801	1320.14160159	0.3
13282.48117563161	300	42.70209152865642	0.0	140051	1045.97389027	0.3
13283.516462394478	300	45.66680476579002	0.0	138313	1035.28676287	0.3
13284.591149297421	300	48.59211786284631	0.0	143509	1074.68690294	0.3
13285.715096106149	300	51.46817105411815	0.0	150616	1123.94680873	0.3
13286.941402600909	300	54.241864559358646	0.0	165384	1226.30649476	0.3
13287.997874359291	300	57.18539280097686	0.0	140881	1056.47175838	0.3
13289.67188462932	300	59.511382530947216	0.0	157671	1174.01027003	0.3
13293.348155300058	300	59.83511186020979	0.0	157812	1176.27067074	0.3
13297.574595505093	300	59.60867165517369	0.0	163927	1226.4402050361043	0.3
13301.350679319843	300	59.562710871410346	0.0	137654	1045.96078376	0.3
13303.645142379693	300	59.99054085697948	0.0	146754	1072.17001443	0.3
13305.001968546281	300	59.88327429639523	0.0	153938	1107.26656058	0.3
13308.893358507461	300	59.99188433521403	0.0	181901	1391.38996118	0.3
13313.137021101347	300	59.61052782186284	0.0	111155	881.356513351	0.3
13316.62324809563	300	59.508567364989524	0.0	153605	1101.96045687	0.3
13318.686089006686	300	59.879280178165445	0.0	149029	1129.28718682	0.3
13319.952633108682	300	59.67278498928262	0.0	157421	1206.49518888	0.3
13324.105185026703	300	59.52023307126043	0.0	157488	1152.55191802	0.3
13327.6636681863	300	59.961749911664796	0.0	143881	1058.4831595956334	0.3
13330.553272610605	300	59.78248969487829	0.0	163444	1179.26021679	0.3
13332.33714498152	300	59.95572561318036	0.0	179328	1326.7640817	0.3
13336.50865522232	300	59.784215372379755	0.0	159914	1171.5102408	0.3
13341.654294266356	1850	58.63857632834498	0.0	728962	5145.63904403477	0.30000000000000004
13344.601290229564	300	59.69158036513727	0.0	124011	946.9959632077139	-1.25
13347.186540618317	300	59.59958193939134	0.0	144254	1091.99842575	0.3
13348.316607973806	300	59.991174243149096	0.0	149991	1108.40769624	0.3
13352.420959939724	300	59.88682227723139	0.0	147968	1104.35196592	0.3
13356.538549637688	300	59.769232579267744	0.0	161857	1117.5896979636445	0.3
13359.21156560668	300	59.68452525633674	0.0	145210	584.707322931	0.3
13361.044895883244	300	59.52201444108461	0.0	172312	662.510815252	0.3
13364.951049030624	300	59.61586129370429	0.0	167025	406.15314738	0.3
13368.841193641954	300	59.72571668237283	0.0	160064	390.1446113314665	0.3
13371.76114530683	300	59.87929945994776	0.0	137507	346.417222425	0.3
13373.86985277276	300	59.57171294820723	0.0	118421	307.586511741	0.3

