5182.973360508302	750	4.0	7.46283667502089	450283	7462.83667502	-31.340197702589826
5185.588444788084	300	5.384915720217523	0.0	155580	2615.08427978	-0.15000000000000002
5187.150637926078	300	7.822722582223103	0.0	139857	1562.19313799	0.3
5189.337860259453	300	9.635500248849077	0.0	155432	2187.22233337	0.3
5190.254549429185	300	12.718811079116234	0.0	163442	916.689169733	0.3
5190.968802987663	300	16.004557520639107	0.0	126289	714.253558477	0.3
5191.802456262871	300	19.17090424543178	0.0	153295	833.653275207	0.3
5192.677413137641	300	22.295947370660794	0.0	173849	874.956874771	0.3
5193.324498411147	300	25.648862097155313	0.0	150710	647.085273505	0.3
5194.006104411397	300	28.967256096904883	0.0	139105	681.60600025	0.3
5194.810484439606	300	32.16287606869579	0.0	141840	804.380028209	0.3
5195.617366985938	300	35.35599352236313	0.0	156148	806.882546333	0.3
5196.553610084623	300	38.419750423678245	0.0	160746	936.243098685	0.3
5197.608545139637	300	41.364815368664765	0.0	179801	1054.93505501	0.3
5198.547973572057	300	44.4253869362438	0.0	140051	939.428432421	0.3
5199.9527456324595	300	47.02061487584209	0.0	138313	1404.7720604	0.3
5201.442952348304	300	49.53040815999739	0.0	143509	1490.20671584	0.3
5202.4710150840465	300	52.502345424254905	0.0	150616	1028.06273574	0.3
5203.451860729856	300	55.52149977844569	0.0	165384	980.845645809	0.3
5204.299966293058	300	58.6733942152445	0.0	140881	848.105563201	0.3
5205.419133477568	300	59.79453185287732	0.0	157671	878.862362367	0.3
5207.223582320221	300	59.952959842622455	0.0	157812	841.572010255	0.3
5208.489770201691	300	59.74080431808687	0.0	163927	1212.1555245355844	0.3
5209.990151641797	300	59.97162977650104	0.0	137654	769.174541586	0.3
5211.70978096084	300	59.67341856623929	0.0	146754	798.2112102617482	0.3
5213.16266234745	300	59.84818692732531	0.0	153938	825.2316389139779	0.3
5214.71491659507	300	59.52038467736315	0.0	181901	827.8022499621643	0.3
5218.417118470852	1200	59.68750973830056	0.0	487160	3332.8749390625794	0.29999999999999993
5219.598025294298	300	59.72171979493786	0.0	153605	965.7899433626994	-0.6000000000000001
5221.4766843007255	300	59.803948731765914	0.0	149029	917.771063172	0.3
5224.949124357707	750	59.9841726749029	0.0	358218	2819.776056863008	0.3
5227.615802674364	300	59.89116551663317	0.0	157488	2093.0071582697356	-0.15000000000000002
5231.867415744765	750	59.63955244623317	0.0	369834	4251.613070400005	0.3
5234.007416834497	300	59.899694015761334	0.0	163444	1239.8584304718343	-0.15000000000000002
5237.304774515869	300	59.91958650470516	0.0	179328	2980.107511056178	0.3
5238.879307464992	300	59.96144511530173	0.0	159914	1458.141389403427	0.3
5240.731314234985	300	59.99763751016448	0.0	131610	963.807605137	0.3
5243.018745581479	300	59.96402141934554	0.0	124011	1533.6160908189447	0.3
5245.185077690955	300	59.69776299244527	0.0	144254	1266.2584269002716	0.3
5247.946727858802	300	59.640974749810354	0.0	149991	2056.788242634917	0.3
5249.931695740285	300	59.59642177167358	0.0	147968	1544.5529781367738	0.3
5251.530538863899	300	59.6617076615399	0.0	161857	1434.7141101336783	0.3
5253.459214222084	300	59.965434489188006	0.0	145210	1196.2731723518978	0.3
5256.872790509594	300	59.55434743834946	0.0	172312	2411.0870508385424	0.3
5258.761132855932	300	59.5519208835158	0.0	167025	1002.4265548336638	0.3
5260.665198145255	300	59.72684613460685	0.0	160064	1325.0747489089497	0.3
5261.789843564694	300	59.86401869509458	0.0	137507	862.8274395122683	0.3
5262.681165027802	300	59.74526695350397	0.0	118421	618.751741591	0.3

