11466.176637389204	750	4.0	1.2362977020014825	450283	1236.297702	-4.566080118606375
11466.625692985943	300	7.550944403261676	0.0	155580	449.055596738	-0.15000000000000002
11467.03745162197	300	11.13918576723499	0.0	139857	411.758636027	0.3
11467.501436956692	300	14.67520043251197	0.0	155432	463.985334723	0.3
11467.99537791435	300	18.18125947485467	0.0	163442	493.940957657	0.3
11468.395223422858	300	21.78141396634656	0.0	126289	399.845508508	0.3
11468.814847028754	300	25.361790360451465	0.0	153295	419.623605895	0.3
11469.276194144917	300	28.900443244289086	0.0	173849	461.347116162	0.3
11469.697203196742	300	32.47943419246511	0.0	150710	421.009051824	0.3
11470.20255197173	300	35.97408541747754	0.0	139105	505.348774988	0.3
11470.716263702037	300	39.460373687171376	0.0	141840	513.711730306	0.3
11471.283178578926	300	42.89345881028224	0.0	156148	566.914876889	0.3
11471.867143778598	300	46.30949361061143	0.0	160746	583.965199671	0.3
11472.455528934002	300	49.721108455207165	0.0	179801	588.385155404	0.3
11472.920694460488	300	53.255942928719485	0.0	140051	465.165526488	0.3
11473.393340519693	300	56.78329686951605	0.0	138313	472.646059203	0.3
11473.995899764905	300	59.77851766315216	0.0	143509	504.779206364	0.3
11475.398034608528	300	59.83634026076555	0.0	150616	442.177402387	0.3
11486.088794755553	300	53.14558011373962	0.0	165384	10690.760147025936	0.3
11487.546943395224	300	55.68743147406905	0.0	140881	1458.1486396705661	0.3
11489.473301439659	300	57.76107342963254	0.0	157671	1926.3580444365123	0.3
11492.24010259644	300	58.99427227285292	0.0	157812	2766.801156779619	0.3
11504.281471675358	300	50.95290319393366	0.0	163927	12041.369078919259	0.3
11506.398376870924	300	52.83599799836719	0.0	137654	2116.9051955664663	0.3
11509.356230164201	300	53.87814470508947	0.0	146754	2957.8532932777157	0.3
11511.432229809125	300	55.80214506016686	0.0	153938	2075.9996449226132	0.3
11513.19461882216	300	58.03975604713142	0.0	181901	1762.3890130354325	0.3
11513.529759754298	300	59.85045640849724	0.0	111155	189.299638634	0.3
11514.835133211545	300	59.98069032662589	0.0	153605	369.766081871	0.3
11515.162456440828	300	59.744832399672816	0.0	149029	235.8579269530758	0.3
11515.605515786656	300	59.529035377923606	0.0	157421	215.797021749	0.3
11516.692717896873	300	59.8090654848532	0.0	157488	219.96989307	0.3
11517.891821951394	300	59.60312956616656	0.0	143881	205.935918687	0.3
11518.933587619289	300	59.7888308001361	0.0	163444	314.2987660304596	0.3
11520.060523640324	300	59.54909624055118	0.0	179328	239.734559585	0.3
11520.871742099525	300	59.7970877416759	0.0	159914	252.00849887528219	0.3
11521.740199083708	300	59.602464229746836	0.0	131610	194.623511929	0.3
11522.219510944798	300	59.909725035328755	0.0	124011	192.739194418	0.3
11524.11488898175	300	59.565322350189135	0.0	144254	1344.402685139616	0.3
11544.098094220219	300	43.58211711172008	0.0	149991	19983.205238469054	0.3
11550.790800452107	750	40.88941087983111	0.0	345516	6692.706231888967	0.3
11551.896960132677	300	43.783251199261926	0.0	161857	1106.1596805691843	-0.15000000000000002
11552.682976906714	300	46.997234425225216	0.0	145210	786.016774037	0.3
11553.774962171428	300	49.90524916050948	0.0	172312	1091.9852647157372	0.3
11554.85175082756	300	52.82846050437772	0.0	167025	1076.7886561317484	0.3
11555.98073954751	300	55.699471784426	0.0	160064	1128.9887199517264	0.3
11556.717786206013	300	58.9624251259247	0.0	137507	737.0466585012999	0.3
11557.900311450463	300	59.83809879173797	0.0	118421	624.3263341867366	0.3

