11208.61153853203	750	4.0	2.4797754202259576	450283	2479.77542023	-9.913034306971618
11209.570094705661	300	7.041443826368793	0.0	155580	958.556173631	-0.15000000000000002
11211.804654631556	750	8.806883900473029	0.0	350812	2234.5599259	0.3
11212.6834418832	300	11.92809664882938	0.0	155432	878.787251644	-0.15000000000000002
11213.62238782023	300	14.989150711798965	0.0	163442	938.94593703	0.3
11214.559346978804	300	18.05219155322566	0.0	126289	936.959158573	0.3
11215.645737307996	300	20.96580122403509	0.0	153295	1086.39032919	0.3
11215.866961893471	300	24.74457663855945	0.0	173849	221.224585476	0.3
11216.032964254526	300	28.578574277503325	0.0	150710	166.002361056	0.3
11216.192344245468	300	32.41919428656236	0.0	139105	159.379990941	0.3
11216.353284958705	300	36.258253573323685	0.0	141840	160.940713239	0.3
11216.52239050362	300	40.08914802840834	0.0	156148	169.105544915	0.3
11216.694119888069	300	43.91741864395921	0.0	160746	171.729384449	0.3
11216.87672297028	300	47.734815561746665	0.0	179801	182.603082213	0.3
11217.036642794237	300	51.57489573779157	0.0	140051	159.919823955	0.3
11217.195570831957	300	55.41596770007174	0.0	138313	158.92803772	0.3
11217.357463956718	300	59.254074575310256	0.0	143509	161.893124761	0.3
11217.975062241921	300	59.58812585516674	0.0	150616	165.948720144	0.3
11218.189338002681	300	59.916812757315896	0.0	165384	171.313097851	0.3
11218.460392828341	300	59.76276667594094	0.0	140881	154.046081375	0.3
11218.938854840135	300	59.54204004218644	0.0	157671	220.726633754	0.3
11220.130691779032	300	59.78498926175815	0.0	157812	257.050780428	0.3
11222.430855900619	300	59.81230028019872	0.0	163927	1472.6889815594361	0.3
11224.868132429758	300	59.717399585642944	0.0	137654	1594.9006945557674	0.3
11227.3213870602	300	59.621960187714144	0.0	146754	1595.4393979288031	0.3
11227.92065701933	300	59.96123282440614	0.0	153938	160.727363308	0.3
11228.60287072261	300	59.799397270675136	0.0	181901	161.835553731	0.3
11229.30857006544	300	59.66673667403586	0.0	111155	132.660596639	0.3
11230.228818651174	300	59.703131754263126	0.0	153605	463.604919773	0.3
11230.940727882178	300	59.78549897174185	0.0	149029	417.632782521	0.3
11231.491911053332	300	59.617045610407644	0.0	157421	168.453361334	0.3
11232.628547857228	300	59.950092113368434	0.0	157488	166.953497039	0.3
11232.824633505554	300	59.79689094263547	0.0	143881	153.20117073295768	0.3
11240.702134475609	300	55.919389972578585	0.0	163444	7877.500970056888	0.3
11241.759061137682	300	58.86246331050611	0.0	179328	1056.9266620724811	0.3
11244.604491402006	750	59.808404233203746	0.0	365161	2054.0590773023628	0.3
11246.112294555976	300	59.91018824972929	0.0	131610	898.2159834744544	-0.15000000000000002
11247.830952516682	300	59.565652854625725	0.0	124011	844.5353951035617	0.3
11248.985157617022	300	59.6356115872565	0.0	144254	430.04126736922467	0.3
11250.218212871623	300	59.59116587644026	0.0	149991	544.4457108162363	0.3
11250.672066794474	300	59.918543686907114	0.0	147968	172.622189533	0.3
11251.261264126688	300	59.72456088745993	0.0	161857	193.982799447	0.3
11251.917182228632	300	59.55420910287063	0.0	145210	170.351784589	0.3
11252.383535293964	300	59.773815728881864	0.0	172312	280.393373989	0.3
11253.66301317289	300	59.93705663509043	0.0	167025	336.759093791	0.3
11264.061876336906	300	53.538193471075594	0.0	160064	10398.86316401483	0.3
11264.586217735297	300	57.01385207268322	0.0	137507	524.341398392	0.3
11265.089377819335	300	59.57523370443603	0.0	118421	438.6183682471904	0.3

