6936.1326966000815	750	4.0	1.7970500906082574	450283	1797.05009061	-6.977315389615506
6936.662440218062	300	7.4702563820196834	0.0	155580	529.74361798	-0.15000000000000002
6937.092126428839	300	11.040570171243337	0.0	139857	429.686210776	0.3
6937.560755007411	300	14.571941592671015	0.0	155432	468.628578572	0.3
6938.000783023861	300	18.13191357622142	0.0	163442	440.02801645	0.3
6938.3456613092385	300	21.78703529084422	0.0	126289	344.878285377	0.3
6938.747181922728	300	25.385514677355328	0.0	153295	401.520613489	0.3
6939.2039989122195	300	28.928697687862265	0.0	173849	456.816989493	0.3
6939.620461489661	300	32.51223511042185	0.0	150710	416.46257744	0.3
6940.011015711907	300	36.121680888174815	0.0	139105	390.554222247	0.3
6940.4203390278735	300	39.71235757220903	0.0	141840	409.323315966	0.3
6940.876355764023	300	43.25634083605925	0.0	156148	456.01673615	0.3
6941.343444847899	300	46.78925175218285	0.0	160746	467.089083876	0.3
6941.936922380399	300	50.19577421968313	0.0	179801	593.4775325	0.3
6942.427998310028	300	53.70469829005425	0.0	140051	491.075929629	0.3
6942.904782676225	300	57.22791392385615	0.0	138313	476.784366198	0.3
6944.039807887052	300	59.74196940181877	0.0	143509	485.944522037	0.3
6945.598497137547	750	59.734665120965865	0.0	372963	1007.3042808529071	0.3
6946.571424276457	300	59.720394036331925	0.0	165384	514.271084634	-0.15000000000000002
6947.257420619391	300	59.76472389200341	0.0	140881	455.670144329	0.3
6947.781575175169	300	59.74680971341709	0.0	157671	517.914178586	0.3
6949.218405851638	300	59.73251456377829	0.0	157812	514.295149639	0.3
6950.539775130448	300	59.737597687788295	0.0	163927	494.9168759900002	0.3
6951.60935410473	300	59.812034402057066	0.0	137654	425.56328573123363	0.3
6952.788341193769	300	59.73454870181332	0.0	146754	577.4857002437519	0.3
6953.605907679151	300	59.81151615352011	0.0	153938	423.032548293	0.3
6954.453322247211	300	59.79007583803399	0.0	181901	521.440315486	0.3
6954.893659606249	300	59.93289428480238	0.0	111155	357.181553232	0.3
6958.48463143217	750	59.79448627474449	0.0	400396	2638.408010057887	0.3
6959.372578564543	300	59.52629461649008	0.0	149029	768.1916582544129	-0.15000000000000002
6960.998879295998	300	59.977521987821795	0.0	157421	1048.7726286682796	0.3
6962.880711314655	300	59.965870029886666	0.0	157488	1511.6519579351316	0.3
6964.34184992314	300	59.61589075600487	0.0	143881	849.9792738817913	0.3
6966.260840575519	300	59.65647509711715	0.0	163444	1459.4156588877206	0.3
6967.626748047573	300	59.88380885783604	0.0	179328	1272.6662392811102	0.3
6968.713012347021	300	59.82779732449801	0.0	159914	1056.0115333380313	0.3
6970.167535213828	300	59.5296622741492	0.0	131610	1298.1350503488036	0.3
6972.1817443105165	300	59.801251634034486	0.0	124011	1228.410640114717	0.3
6973.897509946356	300	59.53626804440172	0.0	144254	764.9835896327612	0.3
6975.127599373396	300	59.8466143539844	0.0	149991	689.6536904173237	0.3
6976.379763186867	300	59.67075031556101	0.0	147968	675.8640384233862	0.3
6977.101667243467	300	59.99344817478507	0.0	161857	677.3021407759347	0.3
6977.853919138296	300	59.83962318528175	0.0	145210	653.824989503	0.3
6978.724902974551	300	59.60834471981827	0.0	172312	731.278465463	0.3
6980.36424633489	300	59.80852572504372	0.0	167025	799.818994775	0.3
6981.870746826857	300	59.91953766184285	0.0	160064	888.9880632008707	0.3
6984.324974896686	750	59.66167984131047	0.0	331053	1757.8578205323765	0.3
6985.604284291938	300	59.56021026833337	0.0	118421	601.469572977099	-0.15000000000000002

