11010.418625248672	750	4.0	4.408344193817878	450283	4408.34419382	-18.205880033416875
11013.672283998298	300	4.74634125037405	0.0	155580	3253.65874963	-0.15000000000000002
11015.568510432928	300	6.850114815745449	0.0	139857	1896.22643463	0.3
11016.933458442769	750	9.48516680590365	0.0	382355	1364.94800984	0.3
11017.487714430064	300	12.930910818607378	0.0	163442	554.255987296	-0.15000000000000002
11017.83777189979	300	16.580853348879224	0.0	126289	350.057469728	0.3
11018.245579229188	300	20.173046019484126	0.0	153295	407.807329395	0.3
11018.707530294727	300	23.7110949539434	0.0	173849	461.951065541	0.3
11019.179602226177	300	27.239023022492905	0.0	150710	472.07193145	0.3
11019.621483760411	300	30.7971414882588	0.0	139105	441.881534234	0.3
11020.116280769365	300	34.30234447930494	0.0	141840	494.797008954	0.3
11020.705746296802	300	37.7128789518676	0.0	156148	589.465527437	0.3
11021.282180922044	300	41.13644432662484	0.0	160746	576.434625243	0.3
11021.885552399477	300	44.533072849192926	0.0	179801	603.371477432	0.3
11022.43603624743	300	47.98258900123873	0.0	140051	550.483847954	0.3
11023.073862422061	300	51.34476282660675	0.0	138313	637.826174632	0.3
11023.572855281582	300	54.8457699670864	0.0	143509	498.99285952	0.3
11023.992439020045	300	58.42618622862378	0.0	150616	419.583738463	0.3
11025.360357289615	300	59.97330607643608	0.0	165384	452.880152188	0.3
11025.630202827537	300	59.75590236616637	0.0	140881	217.40371026971246	0.3
11025.926282292541	300	59.59408354749039	0.0	157671	161.818818676	0.3
11026.808137762993	300	59.930286135428176	0.0	157812	163.797412062	0.3
11027.90788028242	300	59.949443904909735	0.0	163927	480.84223051844225	0.3
11029.002916943537	300	59.921375718805365	0.0	137654	528.0681861043674	0.3
11030.142131406337	300	59.84525272491114	0.0	146754	576.122993894219	0.3
11031.198043910235	300	59.808842207415616	0.0	153938	536.410517495529	0.3
11032.353496246707	300	59.70086703238133	0.0	181901	607.975175034281	0.3
11033.217676431348	300	59.502515520778964	0.0	111155	198.351511602	0.3
11033.829888276594	300	59.73932393467591	0.0	153605	263.191586103	0.3
11034.162309709838	300	59.95762334762487	0.0	149029	281.700587051	0.3
11041.864770929442	300	56.2551621280206	0.0	157421	7702.461219604268	0.3
11042.645283423697	300	59.4746496337658	0.0	157488	780.512494254796	0.3
11045.635027890983	750	59.87662468014857	0.0	369834	2098.0249536172278	0.3
11047.566832118466	300	59.816582323241434	0.0	163444	1060.0423569071418	-0.15000000000000002
11049.37323485181	300	59.8092618918587	0.0	179328	1007.3204313827351	0.3
11050.530491954538	300	59.590174491473825	0.0	159914	219.087400385	0.3
11052.461938048988	1200	59.55353629542082	0.0	487812	1036.6381960530023	0.29999999999999993
11056.39799126984	300	59.617483074567254	0.0	124011	3436.0532208535647	-0.6000000000000001
11061.743246722137	750	58.27222762226961	0.0	378327	5345.255452297639	0.3
11062.531686415918	300	59.596066061153266	0.0	149991	176.161561116	-0.15000000000000002
11062.854934310595	300	59.950581180146884	0.0	147968	145.484881006	0.3
11063.285711581157	300	59.784074051701246	0.0	161857	166.507128446	0.3
11063.907391217974	300	59.56536930435193	0.0	145210	218.704747349	0.3
11064.235115078942	300	59.81299481860085	0.0	172312	252.374485751	0.3
11065.539530589731	300	59.90846175081371	0.0	167025	404.533067787	0.3
11073.863549349913	300	55.58444299063171	0.0	160064	8324.018760182003	0.3
11074.075075211365	300	59.372917129181175	0.0	137507	211.525861451	0.3
11075.157042365434	300	59.679647084464655	0.0	118421	193.270044717	0.3

