7697.462192352326	750	4.0	9.38686976198458	450283	9386.86976198	-39.61353997653369
7698.845322590342	750	6.616869761984579	0.0	398865	1383.13023802	0.75
7699.3610260493715	300	10.101166302954717	0.0	139857	515.70345903	-0.15000000000000002
7699.8580063146255	300	13.604186037700947	0.0	155432	496.980265254	0.3
7700.376475153177	300	17.085717199150285	0.0	163442	518.468838551	0.3
7701.442518590816	750	20.019673761512188	0.0	318564	1066.04343764	0.3
7701.8878799986705	300	23.574312353656502	0.0	153295	445.361407856	-0.15000000000000002
7702.341633273868	300	27.12055907845932	0.0	173849	453.753275197	0.3
7702.745640637183	300	30.716551715144213	0.0	150710	404.007363315	0.3
7703.290278544374	300	34.17191380795336	0.0	139105	544.637907191	0.3
7703.877688104808	300	37.584504247518716	0.0	141840	587.409560435	0.3
7704.479837292882	300	40.98235505944495	0.0	156148	602.149188074	0.3
7705.091305893713	300	44.37088645861425	0.0	160746	611.468600831	0.3
7705.682887408428	300	47.77930494389909	0.0	179801	591.581514715	0.3
7706.158651449403	300	51.30354090292417	0.0	140051	475.764040975	0.3
7706.572915413946	300	54.88927693838096	0.0	138313	414.263964543	0.3
7706.974752122896	300	58.487440229431485	0.0	143509	401.836708949	0.3
7707.769731729035	300	59.56966519263844	0.0	150616	417.775036793	0.3
7708.875010017846	300	59.91562833290631	0.0	165384	154.036859732	0.3
7709.051638854324	300	59.762934629206505	0.0	140881	152.69370369980436	0.3
7709.297678743294	300	59.611882251110835	0.0	157671	151.052378096	0.3
7716.54720793051	300	56.3623530638944	0.0	157812	7249.5291872164335	0.3
7716.917033228587	300	59.992527765818224	0.0	163927	369.825298076	0.3
7718.038123735753	300	59.66915351031804	0.0	137654	323.3742555	0.3
7719.133189083152	750	59.73047896245212	0.0	359903	438.6745478659292	0.3
7719.837143453468	300	59.916697177059866	0.0	153938	313.781785392	-0.15000000000000002
7722.862251041451	300	59.55922967553133	0.0	181901	2357.467501528537	0.3
7724.23940548459	300	59.914472497188	0.0	111155	1144.7571783433286	0.3
7725.190891578178	300	59.51492808279233	0.0	153605	399.544414396	0.3
7725.925899596933	300	59.6333949130106	0.0	149029	381.533169782	0.3
7727.126346659444	300	59.91990880624232	0.0	157421	213.486106768	0.3
7728.583026353545	300	59.8950494370623	0.0	157488	524.8593691800203	0.3
7729.955208296322	300	59.884868628134925	0.0	143881	510.18080892737896	0.3
7730.290531148845	300	59.608207768798394	0.0	163444	276.6608593365305	0.3
7731.104179298035	300	59.94071469079632	0.0	179328	167.493078002	0.3
7732.041622391585	300	59.75507067961515	0.0	159914	185.644011181	0.3
7733.173505716012	300	59.775028558586335	0.0	131610	480.042121028809	0.3
7734.129326387102	300	59.833038824740704	0.0	124011	441.98973384563885	0.3
7734.917708797368	300	59.90576308822961	0.0	144254	427.275736511	0.3
7735.813243283773	300	59.59854918190417	0.0	149991	307.213906325	0.3
7736.480181837359	300	59.76924019515158	0.0	147968	329.308986753	0.3
7737.315660775093	300	59.73031550970058	0.0	161857	538.924685451	0.3
7738.265806820733	300	59.61351961302297	0.0	145210	616.795896678	0.3
7739.087197283244	300	59.57949945624806	0.0	172312	534.020156775	0.3
7740.096914144571	300	59.92832617845282	0.0	167025	151.173277795	0.3
7741.2561186707935	300	59.73799570710789	0.0	160064	190.330471345	0.3
7745.223003214137	300	59.77111116376443	0.0	137507	3466.8845433434617	0.3
7748.201273005178	300	59.66985556735352	0.0	118421	2101.255596410905	0.3

