10231.553973724222	750	4.0	1.4991501900655662	450283	1499.15019007	-5.696345817281935
10232.269082224306	300	7.284891499915264	0.0	155580	715.108500085	-0.15000000000000002
10232.926973862133	300	10.626999862086638	0.0	139857	657.891637829	0.3
10233.634138819632	300	13.91983490458785	0.0	155432	707.164957499	0.3
10234.341751078735	300	17.212222645485923	0.0	163442	707.612259102	0.3
10234.96158597165	300	20.592387752570865	0.0	126289	619.834892915	0.3
10236.468569225817	750	23.08540449840278	0.0	352642	1506.98325417	0.3
10237.109517226174	300	26.444456498046755	0.0	173849	640.948000356	-0.15000000000000002
10237.637817064431	300	29.916156659789863	0.0	150710	528.299838257	0.3
10238.200472180091	300	33.353501544130275	0.0	139105	562.65511566	0.3
10238.850067843068	300	36.703905881153084	0.0	141840	649.595662977	0.3
10239.452118503625	300	40.1018552205977	0.0	156148	602.050660555	0.3
10240.030700649597	300	43.52327307462503	0.0	160746	578.582145973	0.3
10240.694329630836	300	46.859644093385214	0.0	179801	663.62898124	0.3
10241.236649051496	300	50.31732467272459	0.0	140051	542.319420661	0.3
10241.773640232495	300	53.78033349172631	0.0	138313	536.991180998	0.3
10242.327932556713	300	57.22604116750917	0.0	143509	554.292324217	0.3
10243.109505372606	300	59.69180927084104	0.0	150616	534.231896668	0.3
10243.997737603804	300	59.565863614854734	0.0	165384	625.945655986	0.3
10244.653298831161	300	59.559726288780936	0.0	140881	506.137326074	0.3
10245.842254853045	300	59.98996022848079	0.0	157671	569.7660603	0.3
10247.224840042116	300	59.802762614737794	0.0	157812	687.1976137429976	0.3
10248.531331252749	300	59.69771079708616	0.0	163927	605.0518176516332	0.3
10249.724394382238	300	59.646898928831014	0.0	137654	550.811868255148	0.3
10250.947115824205	300	59.55166383846452	0.0	146754	595.2350903664903	0.3
10252.016054613629	300	59.77593761955341	0.0	153938	775.7262189111062	0.3
10253.176400993241	300	59.546870715003905	0.0	181901	729.06690455	0.3
10253.88039249427	300	59.60151470202063	0.0	111155	445.356012983	0.3
10254.657049104451	300	59.54700414095178	0.0	153605	554.510561069	0.3
10255.346380432262	300	59.503911501604335	0.0	149029	543.092639347	0.3
10256.319061649809	300	59.91069023706087	0.0	157421	593.221264543	0.3
10257.373297080163	300	59.76730249838538	0.0	157488	643.387738675	0.3
10258.334630242092	300	59.638059763261076	0.0	143881	629.242735124	0.3
10259.947847948786	300	59.951996123315766	0.0	163444	686.063639945	0.3
10261.573023395435	300	59.76798543336666	0.0	179328	684.0106899491097	0.3
10263.388840879643	300	59.76615906961197	0.0	159914	1001.8263637546859	0.3
10264.604654721028	300	59.8652477091461	0.0	131610	900.9113604658753	0.3
10265.524475460688	300	59.757288579775654	0.0	124011	607.95912937	0.3
10266.481595675441	300	59.59015927754473	0.0	144254	667.129302231	0.3
10267.935918853407	300	59.960993144821614	0.0	149991	629.166132723	0.3
10269.46387214589	300	59.80609502120159	0.0	147968	654.8981236200214	0.3
10270.951733662432	300	59.68419184736289	0.0	161857	621.9031738387032	0.3
10272.460494027402	300	59.5522908362291	0.0	145210	631.9010111337914	0.3
10274.108212173622	300	59.587361440036716	0.0	172312	964.9293961923839	0.3
10275.043153787296	300	59.906285008213786	0.0	167025	681.0764318229245	0.3
10275.971836327113	300	59.768376329231565	0.0	160064	637.908678982	0.3
10276.942328381067	300	59.618517232671266	0.0	137507	649.85909656	0.3
10277.73646807632	300	59.55676386374169	0.0	118421	561.75336893	0.3

