8124.043677214859	750	4.0	3.1453652725184025	450283	3145.36527252	-12.77507067182913
8125.182810091514	300	6.8608671233459555	0.0	155580	1139.13287665	-0.15000000000000002
8126.2112506401245	300	9.832426574734681	0.0	139857	1028.44054861	0.3
8127.298872697577	300	12.74480451728158	0.0	155432	1087.62205745	0.3
8128.438421338231	300	15.605255876626824	0.0	163442	1139.54864065	0.3
8129.337117501272	300	18.70655971358643	0.0	126289	898.69616304	0.3
8130.410885987151	300	21.6327912277066	0.0	153295	1073.76848588	0.3
8131.61153096724	300	24.43214624761904	0.0	173849	1200.64498009	0.3
8132.5903530933765	300	27.453324121482172	0.0	150710	978.822126137	0.3
8133.499963947708	300	30.543713267150878	0.0	139105	909.610854331	0.3
8134.425886118574	300	33.61779109628462	0.0	141840	925.922170866	0.3
8135.437140032395	300	36.60653718246324	0.0	156148	1011.25391382	0.3
8136.4758160425345	300	39.567861172324584	0.0	160746	1038.67601014	0.3
8137.623420497283	300	42.420256717575185	0.0	179801	1147.60445475	0.3
8140.821813810151	1200	43.22186340470763	0.0	526950	3198.39331287	0.29999999999999993
8141.720324739618	300	46.32335247524061	0.0	138313	898.510929467	-0.6000000000000001
8142.668312717474	300	49.3753644973847	0.0	143509	947.987977856	0.3
8143.682293029078	300	52.361384185780956	0.0	150616	1013.9803116	0.3
8144.787850737783	300	55.255826477076205	0.0	165384	1105.5577087	0.3
8145.741463636008	300	58.30221357885126	0.0	140881	953.612898225	0.3
8147.520073046131	300	59.74448472062321	0.0	157671	1057.72885823	0.3
8151.653953425112	300	59.61060434164246	0.0	157812	1133.88037898	0.3
8155.325920896269	300	59.938636870485674	0.0	163927	1171.967471156789	0.3
8158.605363257112	300	59.94227989108064	0.0	137654	996.356979405	0.3
8160.845173251905	300	59.92391758440278	0.0	146754	1018.36230668	0.3
8162.266522820643	300	59.78396664409206	0.0	153938	1139.95094031	0.3
8166.527554350895	300	59.52293511384007	0.0	181901	1261.03153025	0.3
8170.329394270202	300	59.7210951945331	0.0	111155	801.8399193069724	0.3
8173.589830689968	300	59.6430120236429	0.0	153605	1078.08317089	0.3
8174.952856251745	300	59.5126758671921	0.0	149029	130.336156451	0.3
8178.581313704182	300	59.88421841475522	0.0	157421	128.457452437	0.3
8182.5394167148015	300	59.755740338327165	0.0	157488	128.478076428	0.3
8185.559350231812	300	59.62058604691766	0.0	143881	135.15429141	0.3
8187.137494956655	300	59.98390329729589	0.0	163444	136.682749622	0.3
8187.773769562176	300	59.846496982146654	0.0	179328	137.406315149	0.3
8191.908595887823	300	59.711670656500274	0.0	159914	134.826325646	0.3
8195.632535169327	300	59.58654832375693	0.0	131610	125.122332743	0.3
8197.889571214628	300	59.96743877548733	0.0	124011	119.10954827	0.3
8199.201955199807	300	59.840210031413775	0.0	144254	127.228744074	0.3
8199.553248273302	300	59.717141115218354	0.0	149991	123.068916195	0.3
8203.69002351893	300	59.580365869590736	0.0	147968	136.775245628	0.3
8206.67923181745	300	59.93826142179425	0.0	161857	142.104447796	0.3
8208.704950269192	300	59.80895412128491	0.0	145210	129.307300509	0.3
8209.806689492723	300	59.6662900851365	0.0	172312	142.664036148	0.3
8209.95239240475	300	59.532976222814106	0.0	167025	133.313862322	0.3
8213.585201814263	300	59.90016681330066	0.0	160064	132.809409513	0.3
8216.321134773105	300	59.7747995634883	0.0	137507	125.367249812	0.3
8218.088969153581	300	59.65616522776522	0.0	118421	118.634335723	0.3

