12943.95317292487	750	4.0	2.3893370210228126	450283	2389.33702102	-9.524149190398093
12944.775466051455	300	7.1777068734158345	0.0	155580	822.293126584	-0.15000000000000002
12945.432599256495	300	10.520573668376626	0.0	139857	657.133205039	0.3
12946.118011399249	300	13.835161525623814	0.0	155432	685.412142753	0.3
12948.550583601686	750	15.40258932318647	0.0	411561	2432.57220244	0.3
12949.360626125406	300	18.592546799465367	0.0	126289	810.042523721	-0.15000000000000002
12950.013852263575	300	21.93932066129579	0.0	153295	653.22613817	0.3
12950.819893517762	300	25.133279407108507	0.0	173849	806.041254187	0.3
12952.609233166353	750	27.343939758516697	0.0	374758	1789.33964859	0.3
12953.595897660407	300	30.35727526446423	0.0	139105	986.664494052	-0.15000000000000002
12955.021324590518	300	32.931848334352864	0.0	141840	1425.42693011	0.3
12956.237383957921	300	35.7157889669498	0.0	156148	1216.0593674	0.3
12957.335131925396	300	38.61804099947287	0.0	160746	1097.74796748	0.3
12958.740946182104	300	41.21222674276569	0.0	179801	1405.81425671	0.3
12959.843745789716	300	44.10942713515369	0.0	140051	1102.79960761	0.3
12960.826271594382	300	47.12690133048676	0.0	138313	982.525804667	0.3
12961.917365764015	300	50.03580716085579	0.0	143509	1091.09416963	0.3
12964.38974180149	750	51.5634311233811	0.0	372963	2472.37603747	0.3
12965.604800786936	300	54.34837213793322	0.0	165384	1215.05898545	-0.15000000000000002
12966.739555709835	300	57.21361721503411	0.0	140881	1134.7549229	0.3
12968.323948748	300	59.62922417686863	0.0	157671	1084.39303817	0.3
12969.292226590707	300	59.841141677591764	0.0	157812	788.0824992768617	0.3
12972.212001023992	750	59.60485213266562	0.0	401853	2736.2895449261523	0.3
12974.069732875914	300	59.714228650884245	0.0	137654	890.623481781	-0.15000000000000002
12975.900330885148	300	59.721983831336054	0.0	146754	992.2448195481954	0.3
12977.532161860428	300	59.765744938538354	0.0	153938	956.238892797699	0.3
12979.030840207273	300	59.74820180635875	0.0	181901	1017.5431321795982	0.3
12980.139641528609	300	59.6198687530235	0.0	111155	628.3330533352512	0.3
12981.210505955933	300	59.774670673361705	0.0	153605	845.1980796618009	0.3
12982.264884663706	300	59.80081449330569	0.0	149029	973.8561800560107	0.3
12983.4067461432	300	59.71414501741745	0.0	157421	1086.6694758882368	0.3
12985.31867066303	300	59.72577875930642	0.0	157488	988.366258111	0.3
12986.986014350665	300	59.54988604634585	0.0	143881	675.8927129605723	0.3
12988.522305343911	300	59.72096603706167	0.0	163444	828.9200092841787	0.3
12990.39219327022	300	59.57620756588759	0.0	179328	1144.7584711740767	0.3
12992.172780312661	300	59.728478772233984	0.0	159914	1347.7287936536088	0.3
12993.973821108937	300	59.714387498489565	0.0	131610	1514.091273744416	0.3
12997.128004779091	300	59.50527042467913	0.0	124011	2209.117073810434	0.3
12998.520951400245	300	59.721330412273964	0.0	144254	783.9400124051703	0.3
12999.78733997424	300	59.53263942965136	0.0	149991	688.6909826226072	0.3
13000.530251682298	300	59.89603237130771	0.0	147968	636.6070583436505	0.3
13001.518670243071	300	59.65147541577896	0.0	161857	744.556955529	0.3
13002.29943281937	300	59.53302493025206	0.0	145210	618.450485527	0.3
13003.86330096668	300	59.52174690198272	0.0	172312	1511.2780282693343	0.3
13005.307385030423	300	59.92399992963144	0.0	167025	1097.74697235	0.3
13006.775398366883	300	59.805161807096724	0.0	160064	1118.8381225347196	0.3
13008.413601907741	300	59.79714764363148	0.0	137507	1508.0141634652393	0.3
13010.240318650058	300	59.88888396116951	0.0	118421	908.263682462	0.3

