7965.26526419764	750	4.0	9.344171539961012	450283	9344.17153996	-39.42993762183235
7967.306750864955	300	5.958513332685104	0.0	155580	2041.48666731	-0.15000000000000002
7968.785495708061	300	8.479768489579717	0.0	139857	1478.74484311	0.3
7970.42001002235	300	10.845254175290432	0.0	155432	1634.51431429	0.3
7972.1585035443095	300	13.106760653331238	0.0	163442	1738.49352196	0.3
7975.518019694096	750	13.747244503543564	0.0	318564	3359.51614979	0.3
7977.2718458968275	300	15.993418300813074	0.0	153295	1753.82620273	-0.15000000000000002
7979.387995519841	300	17.877268677798654	0.0	173849	2116.14962301	0.3
7981.2331371639375	300	20.03212703370232	0.0	150710	1845.1416441	0.3
7982.7651955427145	300	22.5000686549244	0.0	139105	1532.05837878	0.3
7984.265459639341	300	24.99980455829758	0.0	141840	1500.26409663	0.3
7985.90899177527	300	27.356272422369173	0.0	156148	1643.53213593	0.3
7990.076112175782	750	27.189152021856287	0.0	386351	4167.12040051	0.3
7992.096652917551	300	29.16861128008803	0.0	179801	2020.54074177	-0.15000000000000002
7993.81240443226	300	31.452859765378925	0.0	140051	1715.75151471	0.3
7995.50785665505	300	33.75740754258894	0.0	138313	1695.45222279	0.3
7997.263996519274	300	36.00126767836528	0.0	143509	1756.13986422	0.3
7999.086393409558	300	38.17887078808132	0.0	150616	1822.39689028	0.3
8001.079452981564	300	40.18581121607438	0.0	165384	1993.05957201	0.3
8003.010046621535	300	42.255217576103995	0.0	140881	1930.59363997	0.3
8006.417755367083	300	42.84750883055592	0.0	157671	3407.70874555	0.3
8012.770397596071	300	40.4948666015675	0.0	157812	6352.64222899	0.3
8012.994283138571	300	44.270981059068355	0.0	163927	223.885542499	0.3
8013.195107776776	300	48.07015642086246	0.0	137654	200.824638206	0.3
8013.403919863277	300	51.86134433436103	0.0	146754	208.812086501	0.3
8013.619037645224	300	55.64622655241398	0.0	153938	215.117781947	0.3
8013.8586997147195	300	59.406564482918796	0.0	181901	239.662069495	0.3
8017.536265079038	300	59.72899911860118	0.0	111155	177.565364318	0.3
8021.261088488404	300	59.514173624597255	0.0	153605	214.825494004	0.3
8023.621848227421	300	59.79879271277077	0.0	149029	215.380911826	0.3
8025.11525182742	300	59.584780326366015	0.0	157421	214.012386405	0.3
8028.825887636802	300	59.87414451698441	0.0	157488	210.635809382	0.3
8033.026970963391	300	59.6730611903947	0.0	143881	201.08332658971187	0.3
8035.925243951455	300	59.94947987114624	0.0	163444	223.581319248	0.3
8037.959589421439	300	59.72965297056144	0.0	179328	219.826900585	0.3
8039.1036251689975	300	59.52489438148173	0.0	159914	204.75858908	0.3
8042.798498172401	300	59.830021378077696	0.0	131610	194.873003404	0.3
8046.64912908841	300	59.64178100101564	0.0	124011	188.240377062	0.3
8049.165703246882	300	59.92468919125198	0.0	144254	217.091809764	0.3
8050.775087689742	300	59.7297381441767	0.0	149991	194.951047075	0.3
8051.488068189935	300	59.54046459197206	0.0	147968	189.273552205	0.3
8055.201985100506	300	59.82654768140128	0.0	161857	213.916910571	0.3
8058.67989605921	300	59.6264041313294	0.0	145210	200.143550072	0.3
8061.286681705978	750	59.6718950122608	0.0	438281	454.509119069	0.3
8062.658998337748	750	59.771874960225766	0.0	398987	400.020052035	0.75
8062.964019651414	300	59.56551259326026	0.0	160064	206.362366966	-0.15000000000000002
8066.786421511202	300	59.743110733471575	0.0	137507	322.401859789	0.3
8069.624995180862	300	59.95435430188602	0.0	118421	288.756431586	0.3

