6643.870465556105	750	4.0	2.70673238033355	450283	2706.73238033	-10.888949235434264
6645.231174229545	300	6.639291326559048	0.0	155580	1360.70867344	-0.15000000000000002
6646.378839081897	300	9.491626474206976	0.0	139857	1147.66485235	0.3
6647.646152680415	300	12.224312875689586	0.0	155432	1267.31359852	0.3
6648.925752199232	300	14.944713356871278	0.0	163442	1279.59951882	0.3
6651.135030417085	750	16.73543513901917	0.0	318564	2209.27821785	0.3
6660.541968302154	2850	11.328497253950095	0.0	1388403	9406.93788507	0.75
6662.027543754456	300	13.842921801648028	0.0	173849	1485.5754523	-2.25
6663.088410170098	300	16.782055386005982	0.0	150710	1060.86641564	0.3
6664.0693421623855	300	19.80112339371787	0.0	139105	980.931992288	0.3
6665.192000075818	300	22.678465480285265	0.0	141840	1122.65791343	0.3
6666.319125615598	300	25.55133994050533	0.0	156148	1127.12553978	0.3
6667.636296885301	300	28.234168670801992	0.0	160746	1317.1712697	0.3
6669.048145329572	300	30.82232022653133	0.0	179801	1411.84844427	0.3
6670.185308250425	300	33.685157305678835	0.0	140051	1137.16292085	0.3
6671.192107644322	300	36.67835791178056	0.0	138313	1006.7993939	0.3
6672.117044060156	300	39.75342149594645	0.0	143509	924.936415834	0.3
6673.338421342391	300	42.53204421371213	0.0	150616	1221.37728223	0.3
6674.445480233001	300	45.42498532310179	0.0	165384	1107.05889061	0.3
6676.053042641293	300	47.81742291480928	0.0	140881	1607.56240829	0.3
6677.6479118549505	300	50.22255370115152	0.0	157671	1594.86921366	0.3
6679.092247718705	300	52.778217837397264	0.0	157812	1444.33586375	0.3
6680.303661505671	300	55.566804050430584	0.0	163927	1211.41378697	0.3
6681.394221122253	300	58.47624443384864	0.0	137654	1090.55961658	0.3
6682.8609180117155	300	59.64313996235991	0.0	146754	1333.10447149	0.3
6684.615122414	300	59.90283397020456	0.0	153938	1240.3059921553531	0.3
6686.755184051811	300	59.660252356363856	0.0	181901	1742.581613840707	0.3
6688.216990384591	300	59.55258920195868	0.0	111155	1107.663154405173	0.3
6690.692002167533	300	59.627654899674766	0.0	153605	1924.9343022839141	0.3
6693.49037588762	300	59.843006779960355	0.0	149029	1784.648119714407	0.3
6695.6986236498	300	59.646245699057566	0.0	157421	1196.7610809027906	0.3
6697.714081392957	300	59.549760168116315	0.0	157488	1096.485530941251	0.3
6699.374406745595	300	59.86908359790592	0.0	143881	1180.6765702103944	0.3
6701.814548171216	300	59.91933727630878	0.0	163444	1449.7463215971393	0.3
6704.073595895351	300	59.61501096625411	0.0	179328	1304.3263100546649	0.3
6705.731751375069	300	59.86579393343471	0.0	159914	1249.2170328194009	0.3
6706.993573817671	300	59.53185193558294	0.0	131610	833.941997852	0.3
6707.927737384481	300	59.618210374553925	0.0	124011	913.641561029014	0.3
6709.69849105665	300	59.94359454135919	0.0	144254	1174.615833194739	0.3
6711.469223574213	300	59.71079720206513	0.0	149991	1232.7973392940644	0.3
6713.104028020625	300	59.512862567993174	0.0	147968	1197.9346340719553	0.3
6715.531442573595	300	59.87759019767835	0.0	161857	1635.2723703148217	0.3
6717.799026613575	300	59.85986926901613	0.0	145210	2017.720928662216	0.3
6719.688788548425	300	59.983919857249596	0.0	172312	1875.9494117665358	0.3
6722.203076372732	300	59.90418220663826	0.0	167025	1579.7376506113364	0.3
6724.312219616354	300	59.9073856716742	0.0	160064	1496.796534964059	0.3
6725.9473086047365	300	59.74601453181264	0.0	137507	1161.3711398615612	0.3
6728.06869857737	300	59.76217846975634	0.0	118421	983.8360620562993	0.3

