1922.214563049312	750	4.0	0.641839804727406	450283	641.839804727	-2.0099111603278454
1922.4886877149543	300	7.725875334357526	0.0	155580	274.124665642	-0.15000000000000002
1922.7431940355789	300	11.471369013733028	0.0	139857	254.506320624	0.3
1923.0156765936918	300	15.19888645562027	0.0	155432	272.482558113	0.3
1924.2607352487205	1850	17.953827800591526	0.0	996749	1245.05865503	0.30000000000000004
1924.4681293929214	300	21.746433656390586	0.0	126289	207.394144201	-1.25
1924.7027658643108	300	25.511797185001285	0.0	153295	234.636471389	0.3
1924.95813620199	300	29.256426847321915	0.0	173849	255.370337679	0.3
1925.1901650522664	300	33.024397997045774	0.0	150710	232.028850276	0.3
1925.6778800583509	750	36.536682990961104	0.0	362795	487.715006085	0.3
1925.9236366646878	300	40.290926384624285	0.0	141840	245.756606337	-0.15000000000000002
1926.1861138401412	300	44.02844920917108	0.0	156148	262.477175453	0.3
1926.4539643156222	300	47.76059873369012	0.0	160746	267.850475481	0.3
1926.747879256821	300	51.46668379249115	0.0	179801	293.914941199	0.3
1927.0036433167475	300	55.21091973256488	0.0	140051	255.764059926	0.3
1927.257226185992	300	58.95733686332024	0.0	138313	253.582869245	0.3
1928.1019368299642	300	59.697233012037785	0.0	143509	260.103851282	0.3
1928.6968558408582	300	59.90207690293551	0.0	150616	295.156109102	0.3
1938.9658364191905	300	53.63309632460335	0.0	165384	10268.980578332163	0.3
1940.2462724571144	300	56.352660286679445	0.0	140881	1280.4360379239079	0.3
1942.080626817444	300	58.51830592634975	0.0	157671	1834.354360329696	0.3
1943.8689999682192	300	59.5558862901509	0.0	157812	1462.419636198849	0.3
1945.7042819422727	300	59.76122206041247	0.0	163927	1794.6642297384253	0.3
1945.9597285995217	300	59.61380760394563	0.0	137654	147.414456467	0.3
1946.8189155898463	300	59.94823020917416	0.0	146754	165.577394771	0.3
1947.8216987025921	300	59.75364345057786	0.0	153938	194.586758596	0.3
1949.76194902618	750	59.64761646585879	0.0	425781	1106.0269847190716	0.3
1950.9194686465587	300	59.695968325103756	0.0	111155	451.64814075503074	-0.15000000000000002
1951.9965942094668	300	59.72034128346154	0.0	153605	475.6270416422097	0.3
1952.833949042534	300	59.812413127560944	0.0	149029	407.928155901	0.3
1953.9711090470641	300	59.668546463879196	0.0	157421	643.866663682	0.3
1954.7425938787478	300	59.73945071846143	0.0	157488	429.095745418	0.3
1955.304534020007	300	59.83967519096493	0.0	143881	399.775527496	0.3
1957.072285110827	300	59.74688195243623	0.0	163444	1592.793238528697	0.3
1960.6915373682255	300	59.734734749882584	0.0	179328	3512.1472025536464	0.3
1962.898435517536	300	59.89483820264965	0.0	159914	1339.8965472329319	0.3
1964.5261271852432	300	59.72449316983491	0.0	131610	670.3450328147435	0.3
1966.2608183008667	750	59.54582092946938	0.0	361565	1678.672240365532	0.3
1967.0618426809217	300	59.88331817707086	0.0	144254	162.502752399	-0.15000000000000002
1967.9161795887142	300	59.73541053700295	0.0	149991	147.907640068	0.3
1968.8622253703425	300	59.575602280051086	0.0	147968	159.808256952	0.3
1970.2524325902573	300	59.733617432431764	0.0	161857	841.9848476193195	0.3
1971.6320097150299	300	59.777940056193266	0.0	145210	955.6773762384971	0.3
1974.2302396480375	300	59.900774963956714	0.0	172312	2377.1650922365543	0.3
1975.9658427558193	300	59.853505830451105	0.0	167025	1547.2691335056054	0.3
1978.530749545358	750	59.62521942281985	0.0	393804	2228.2864076312467	0.3
1979.6814181706636	300	59.928195301120965	0.0	137507	197.024121699	-0.15000000000000002
1979.953757247211	300	59.72884801465044	0.0	118421	199.34728647052833	0.3

