8517.7432493091	750	4.0	1.7941535591172395	450283	1794.15355912	-6.964860304204129
8518.282136039546	300	7.46111326955455	0.0	155580	538.886730445	-0.15000000000000002
8518.804730236425	300	10.938519072675655	0.0	139857	522.594196879	0.3
8519.380342986928	300	14.362906322172417	0.0	155432	575.612750503	0.3
8519.997561442904	300	17.745687866196413	0.0	163442	617.218455976	0.3
8520.489831305113	300	21.25341800398854	0.0	126289	492.269862208	0.3
8521.040964612834	300	24.70228469626668	0.0	153295	551.133307722	0.3
8521.657810577724	300	28.085438731377106	0.0	173849	616.84596489	0.3
8522.227069190718	300	31.51618011838356	0.0	150710	569.258612994	0.3
8522.758653819214	300	34.984595489888655	0.0	139105	531.584628495	0.3
8523.9413339866	750	37.80191532250006	0.0	353220	1182.68016739	0.3
8525.197124029639	750	40.546125279462885	0.0	405134	1255.79004304	0.75
8525.758165439132	300	43.985083869968996	0.0	160746	561.041409494	-0.15000000000000002
8526.407372956946	300	47.335876352155616	0.0	179801	649.207517813	0.3
8526.957244208781	300	50.78600510032085	0.0	140051	549.871251835	0.3
8529.550383623291	1200	52.192865685811554	0.0	587876	2593.13941451	0.29999999999999993
8530.269461805261	300	55.47378750384156	0.0	143509	719.07818197	-0.6000000000000001
8530.937463153889	300	58.80578615521423	0.0	150616	668.001348627	0.3
8532.196484274846	300	59.600459296687404	0.0	165384	705.326858527	0.3
8533.312007953697	300	59.514544588477875	0.0	140881	585.9147082095269	0.3
8533.90792904454	300	59.93138852837505	0.0	157671	583.156060102823	0.3
8534.96305023238	300	59.60521044982663	0.0	157812	826.178078548	0.3
8535.710742477419	300	59.54033588195278	0.0	163927	564.874567874	0.3
8537.777697794858	750	59.78426706181451	0.0	343800	1256.0688201382638	0.3
8539.08018547679	300	59.737966469499504	0.0	146754	546.3005923150143	-0.15000000000000002
8541.732908740929	1200	59.719198382239924	0.0	590335	2018.768087259573	0.29999999999999993
8543.130976088742	300	59.538142296771746	0.0	181901	681.0560854681822	-0.6000000000000001
8544.188769620938	300	59.562751161846464	0.0	111155	475.3911349252838	0.3
8544.953083945884	300	59.916295198009365	0.0	153605	646.4559638371015	0.3
8545.729393994197	300	59.787069354406924	0.0	149029	629.225843602	0.3
8546.630146238778	300	59.61073533447179	0.0	157421	676.334019935	0.3
8548.282501272955	300	59.84676692970537	0.0	157488	763.968404766	0.3
8549.7780132442	300	59.74320425878957	0.0	143881	603.5626709157932	0.3
8551.300216948193	300	59.62807705695728	0.0	163444	615.1272018322926	0.3
8552.757389442222	300	59.528029061022245	0.0	179328	600.0479959350309	0.3
8553.923600475235	300	59.51798579356272	0.0	159914	510.0432674595247	0.3
8554.529693798195	300	59.95852301485962	0.0	131610	559.4627787030997	0.3
8555.931378136054	300	59.980996118059196	0.0	124011	477.5268968	0.3
8557.226743550475	300	59.954892131378315	0.0	144254	526.1039866808774	0.3
8558.469613332609	300	59.87858795418059	0.0	149991	576.3041771977203	0.3
8559.789749806556	300	59.75230251967505	0.0	147968	626.2854345055489	0.3
8561.03038662992	300	59.68290962771387	0.0	161857	569.3928919611785	0.3
8562.167997893976	300	59.65022596138852	0.0	145210	532.6836663253464	0.3
8563.076438349957	300	59.9439695322621	0.0	172312	706.2564291264165	0.3
8564.018218381749	300	59.764171529793245	0.0	167025	679.798002469	0.3
8565.08610824495	300	59.56071761285474	0.0	160064	703.453916939	0.3
8565.66712941448	300	59.602425001221114	0.0	137507	458.292611634	0.3
8566.161285346858	300	59.612211313979564	0.0	118421	490.213687242	0.3

