4080.023487629203	750	4.0	0.2974603912430615	450283	297.460391243	-0.5290796823451644
4080.178623682906	300	7.844863946296895	0.0	155580	155.136053703	-0.15000000000000002
4080.3261664458755	300	11.697321183327649	0.0	139857	147.542762969	0.3
4080.4812310242223	300	15.54225660498094	0.0	155432	155.064578347	0.3
4080.6401639647634	300	19.383323664440105	0.0	163442	158.932940541	0.3
4081.959809138176	4300	22.063678491027538	0.0	1941625	1319.64517341	0.2999999999999998
4082.1633171044177	300	25.860170524785875	0.0	153295	203.507966242	-3.7
4082.3758733935647	300	29.64761423563914	0.0	173849	212.556289147	0.3
4082.5247508950356	300	33.49873673416811	0.0	150710	148.877501471	0.3
4082.6683246780763	300	37.355162951126985	0.0	139105	143.573783041	0.3
4082.813148411131	300	41.210339218072434	0.0	141840	144.823733055	0.3
4082.964511187985	300	45.05897644121822	0.0	156148	151.362776854	0.3
4083.117975343326	300	48.90551228587709	0.0	160746	153.464155341	0.3
4083.280148016951	300	52.74333961225229	0.0	179801	162.172673625	0.3
4083.4241541410206	300	56.59933348818275	0.0	140051	144.00612407	0.3
4083.6287046903017	300	59.95612166507239	0.0	138313	143.21182311	0.3
4083.916448025123	300	59.802919360747154	0.0	143509	153.202304325	0.3
4084.2968183375906	300	59.64000471976148	0.0	150616	162.914640986	0.3
4092.9141743338105	300	55.02264872354165	0.0	165384	8617.355996219825	0.3
4093.6975692086107	300	58.239253848741356	0.0	140881	783.3948748002982	0.3
4096.143857105904	750	59.79296595144731	0.0	386472	2446.287897294044	0.3
4097.880525628526	300	59.796878910034565	0.0	157812	996.0870414127395	-0.15000000000000002
4099.250347804277	300	59.94225856276343	0.0	163927	854.6203472711437	0.3
4100.041623986435	300	59.764221385924166	0.0	137654	178.037176839	0.3
4100.898841384628	300	59.602232189487175	0.0	146754	161.989196437	0.3
4101.316694737666	300	59.950919613846295	0.0	153938	151.312575641	0.3
4102.455641412938	300	59.97471666490873	0.0	181901	976.2029489375632	0.3
4103.314714424023	300	59.83655202253357	0.0	111155	638.164642375	0.3
4103.980816409185	300	59.57395521430746	0.0	153605	262.596808226	0.3
4104.226513386524	300	59.862859314105684	0.0	149029	211.095900202	0.3
4104.629738571285	300	59.63854726029382	0.0	157421	224.312053812	0.3
4105.6416736877045	300	59.93203626755871	0.0	157488	206.510992735	0.3
4106.668593720963	300	59.78128831277159	0.0	143881	150.747954787	0.3
4108.096975874836	300	59.715183275071084	0.0	163444	566.1050377005079	0.3
4109.5108248266615	300	59.649397357244304	0.0	179328	565.7859178267742	0.3
4110.837628641251	300	59.620026966949005	0.0	159914	529.3703902952977	0.3
4119.656876438257	750	54.80077916994238	0.0	321064	8819.247797006625	0.3
4120.3151692593465	300	58.14248634885373	0.0	124011	658.2928210886497	-0.15000000000000002
4122.796909933507	750	59.66074567469367	0.0	378327	1981.740674160058	0.3
4123.822766832555	300	59.86617458344395	0.0	149991	794.5710912497212	-0.15000000000000002
4125.035073546956	300	59.83566413014337	0.0	147968	1030.5104533005783	0.3
4126.847502704289	300	59.98034768202649	0.0	161857	855.316448117	0.3
4127.853094286546	300	59.66610824550588	0.0	145210	814.2394365206108	0.3
4138.419918553095	300	53.099283978957345	0.0	172312	10566.82426654853	0.3
4139.35935694974	300	56.15984558231234	0.0	167025	939.4383966450018	0.3
4140.287869448819	300	59.23133308323382	0.0	160064	928.5124990785273	0.3
4141.561887308048	300	59.997387807623504	0.0	137507	733.9452756103152	0.3
4142.7430765216	300	59.88682949265769	0.0	118421	610.5583149658095	0.3

