3493.9542143000626	750	4.0	8.869498875393612	450283	8869.49887539	-37.38884516419253
3504.663922601887	300	4.0	6.709708301824405	155580	10709.7083018	-29.00174569784494
3505.1981235883486	300	7.465799013538473	0.0	139857	534.200986462	0.3
3505.6984986544635	300	10.965423947423936	0.0	155432	500.375066115	0.3
3506.1908274993434	300	14.473095102543612	0.0	163442	492.32884488	0.3
3506.5972809284403	300	18.066641673446743	0.0	126289	406.453429097	0.3
3507.1869158527034	300	21.477006749183854	0.0	153295	589.634924263	0.3
3507.818574586913	300	24.845348014973823	0.0	173849	631.65873421	0.3
3508.2899211308863	300	28.37400147100057	0.0	150710	471.346543973	0.3
3508.731133134067	300	31.93278946781963	0.0	139105	441.212003181	0.3
3509.2866639853905	300	35.37725861649582	0.0	141840	555.530851324	0.3
3509.9745837848895	300	38.68933881699707	0.0	156148	687.919799499	0.3
3510.4453224637386	300	42.21860013814794	0.0	160746	470.738678849	0.3
3510.9291938118877	300	45.73472878999896	0.0	179801	483.871348149	0.3
3511.3354591238335	300	49.32846347805326	0.0	140051	406.265311946	0.3
3511.8190423021533	300	52.84488029973324	0.0	138313	483.58317832	0.3
3512.317786876688	300	56.3461357251992	0.0	143509	498.744574534	0.3
3512.9141927449127	300	59.749729856974405	0.0	150616	596.405868225	0.3
3514.0863534575747	300	59.56838816076497	0.0	165384	681.341696209	0.3
3514.8431316042906	300	59.645408595633576	0.0	140881	422.979565131	0.3
3515.762805783961	300	59.56247079659051	0.0	157671	582.937799043	0.3
3517.361350219631	300	59.891566769069506	0.0	157812	670.904027521	0.3
3517.5487392159007	300	59.72169247500892	0.0	163927	169.87429406057726	0.3
3517.7649202004404	300	59.58235933384358	0.0	137654	139.333141165	0.3
3518.555370547371	300	59.93555808206548	0.0	146754	146.801251778	0.3
3519.4867133059056	300	59.75171125037438	0.0	153938	183.846831691	0.3
3520.4780641714815	300	59.589783781008336	0.0	181901	161.927469366	0.3
3521.6454943948606	300	59.88078036742352	0.0	111155	709.0034135848189	0.3
3523.267024558091	300	59.50922869070566	0.0	153605	871.5516767178555	0.3
3523.9705648998292	300	59.742447763092684	0.0	149029	266.780927613	0.3
3524.4091701457173	300	59.9515248472111	0.0	157421	290.922915882	0.3
3525.2786210394033	300	59.55064056537173	0.0	157488	400.884281839	0.3
3526.15189530477	300	59.8082867386116	0.0	143881	742.3538267601307	0.3
3527.132229547051	300	59.84357983677431	0.0	163444	964.7069018372885	0.3
3531.008621599516	300	59.62319748076365	0.0	179328	3720.382356010662	0.3
3537.1357263746045	750	57.49609270567531	0.0	365161	6127.104775088343	0.3
3537.630883722371	300	59.56007126756349	0.0	131610	436.021438112	-0.15000000000000002
3538.161063282106	300	59.53454944252307	0.0	124011	525.52182504	0.3
3539.362042947961	300	59.646388476943216	0.0	144254	388.16096558	0.3
3559.718644480225	300	43.28978694467914	0.0	149991	20356.60153226407	0.3
3559.9704655386627	300	47.037965886241544	0.0	147968	251.821058438	0.3
3560.2384145618	300	50.77001686310455	0.0	161857	267.949023137	0.3
3560.4870330191397	300	54.52139840576429	0.0	145210	248.61845734	0.3
3560.7671224318606	300	58.2413089930433	0.0	172312	280.089412721	0.3
3561.047245209814	300	59.97019669615419	0.0	167025	271.11229688910487	0.3
3561.7896281428507	300	59.56351047016751	0.0	160064	406.686225987	0.3
3562.9807657833476	300	59.84579000344409	0.0	137507	217.720466723	0.3
3572.1632451489395	300	54.663310637852135	0.0	118421	9182.479365591957	0.3

