8614.599472743066	750	4.0	2.1284674589700057	450283	2128.46745897	-8.402410073571025
8615.412063214815	300	7.187409528251351	0.0	155580	812.590471749	-0.15000000000000002
8616.18271142214	300	10.416761320926316	0.0	139857	770.648207325	0.3
8616.951244327258	300	13.648228415807127	0.0	155432	768.532905119	0.3
8617.996109285014	300	16.603363458052012	0.0	163442	1044.86495776	0.3
8618.788171241395	300	19.811301501670446	0.0	126289	792.061956382	0.3
8619.97776213629	300	22.621710606775622	0.0	153295	1189.59089489	0.3
8621.935549086318	300	24.66392365674759	0.0	173849	1957.78695003	0.3
8624.652675549502	300	25.946797193562897	0.0	150710	2717.12646318	0.3
8626.526217895542	300	28.073254847523355	0.0	139105	1873.54234604	0.3
8628.621519220487	300	29.97795352257713	0.0	141840	2095.30132495	0.3
8629.339215886985	300	33.26025685608062	0.0	156148	717.696666497	0.3
8630.038342886564	300	36.56112985649881	0.0	160746	699.126999582	0.3
8630.847530198364	300	39.75194254470133	0.0	179801	809.187311797	0.3
8631.595732375194	300	43.003740367871146	0.0	140051	748.20217683	0.3
8632.222422977766	300	46.37704976529762	0.0	138313	626.690602574	0.3
8632.845567625902	300	49.75390511716042	0.0	143509	623.144648137	0.3
8634.551838820269	750	52.04763392279355	0.0	372963	1706.27119437	0.3
8635.277346384937	300	55.32212635812629	0.0	165384	725.507564667	-0.15000000000000002
8635.890065880127	300	58.70940686293569	0.0	140881	612.719495191	0.3
8637.085915932808	300	59.9410121346126	0.0	157671	768.394728323	0.3
8643.029344047654	300	57.997584019765554	0.0	157812	5943.428114847038	0.3
8644.926521955324	300	59.939936785532666	0.0	163927	1057.64723423	0.3
8646.865450058842	300	59.54873807049238	0.0	137654	1891.1987150402852	0.3
8649.074351915133	300	59.66415183658558	0.0	146754	1384.5862339067944	0.3
8651.544176577074	300	59.5193973168066	0.0	153938	1644.7545197789862	0.3
8653.346372995571	300	59.73033417864009	0.0	181901	1289.0631381665023	0.3
8654.928481718918	300	59.7478464571308	0.0	111155	1482.4877215092927	0.3
8656.825955945367	300	59.75691984482539	0.0	153605	990.926612305	0.3
8659.953054160691	750	59.83864454423514	0.0	400508	2418.275300590248	0.3
8661.256329968695	300	59.99191809760143	0.0	157421	846.7264466337125	-0.15000000000000002
8662.887346919877	300	59.5926843026946	0.0	157488	899.2337949068258	0.3
8664.001074666563	300	59.85121200748926	0.0	143881	741.4722952053392	0.3
8665.107186760231	300	59.92078368639526	0.0	163444	930.4283210939983	0.3
8667.15515828762	300	59.93813980898854	0.0	179328	982.6438774067193	0.3
8669.048453092531	300	59.90015623152278	0.0	159914	1037.9835774657658	0.3
8669.884145037737	300	59.60046587264369	0.0	131610	799.6903588790847	0.3
8671.868607329969	300	59.570235519691245	0.0	124011	1030.23035295	0.3
8673.325582897629	300	59.73536370550023	0.0	144254	834.8718141910208	0.3
8674.545048644695	300	59.88218270870292	0.0	149991	853.1809967973057	0.3
8676.196517401355	300	59.667590705506605	0.0	147968	1214.5920031963205	0.3
8680.364134937126	300	59.49997316973517	0.0	161857	4167.61753577144	0.3
8682.72911110064	300	59.89973223259613	0.0	145210	1600.2409371390386	0.3
8685.779347416114	300	59.923481688046856	0.0	172312	2976.25054454927	0.3
8686.857049898628	300	59.86162333225116	0.0	167025	1061.8583557956972	0.3
8688.684560521022	300	59.90579008441422	0.0	160064	955.833247837	0.3
8690.258471230438	300	59.994673416984114	0.0	137507	911.1166674301023	0.3
8691.412748643344	300	59.892431731523985	0.0	118421	602.2416854601294	0.3

