4472.670721413163	750	4.0	2.7758419264469216	450283	2775.84192645	-11.186120283721763
4473.684874768319	300	6.985846644844381	0.0	155580	1014.15335516	-0.15000000000000002
4475.775892076216	750	8.89482933694609	0.0	350812	2091.0173079	0.3
4478.095147021821	750	10.575574391341693	0.0	382355	2319.2549456	0.75
4479.213065050394	300	13.457656362767963	0.0	163442	1117.91802857	-0.15000000000000002
4479.436713548445	300	17.234007864717473	0.0	126289	223.64849805	0.3
4479.600132305354	300	21.070589107809045	0.0	153295	163.418756908	0.3
4479.774735961505	300	24.895985451657356	0.0	173849	174.603656152	0.3
4479.9367480353085	300	28.73397337785411	0.0	150710	162.012073803	0.3
4480.092444999853	300	32.57827641331028	0.0	139105	155.696964544	0.3
4480.249630273214	300	36.42109113994917	0.0	141840	157.185273361	0.3
4480.414601551167	300	40.25611986199661	0.0	156148	164.971277953	0.3
4480.582074929282	300	44.088646483882506	0.0	160746	167.473378114	0.3
4480.759917493689	300	47.910803919474716	0.0	179801	177.842564408	0.3
4480.91612924439	300	51.75459216877325	0.0	140051	156.211750701	0.3
4481.071395225174	300	55.599326187989305	0.0	138313	155.265980784	0.3
4481.229488720624	300	59.441232692538236	0.0	143509	158.093495451	0.3
4481.93035068557	300	59.788106327019754	0.0	150616	153.126365518	0.3
4482.7004683168125	750	59.88691531111249	0.0	405596	401.191015907	0.3
4483.282202087165	300	59.74051173360272	0.0	140881	146.40357751	-0.15000000000000002
4484.657602666713	300	59.73047654025181	0.0	157671	1010.035193350915	0.3
4485.506700824109	300	59.948610154650716	0.0	157812	781.8663856010971	0.3
4495.588264574409	300	53.86704640435183	0.0	163927	10081.563750298883	0.3
4495.73051307505	300	57.724797903710254	0.0	137654	142.248500642	0.3
4496.0742843191265	300	59.57843429304037	0.0	146754	146.36361067	0.3
4497.100649125568	300	59.87395570652222	0.0	153938	204.478586518	0.3
4498.202157147114	300	59.69414480571184	0.0	181901	179.81090081	0.3
4498.946309931472	300	59.99291697390034	0.0	111155	201.2278318114998	0.3
4500.011893334179	300	59.94158774881989	0.0	153605	551.3292250804504	0.3
4501.2859855684865	300	59.52166872047981	0.0	149029	419.91902834	0.3
4502.015982600562	300	59.79375680742534	0.0	157421	227.91191305446978	0.3
4502.879582204161	300	59.572999565136854	0.0	157488	220.757242288	0.3
4503.3858135196715	300	59.851305088036604	0.0	143881	221.6944771	0.3
4504.09290150948	300	59.60002951233778	0.0	163444	251.275575699	0.3
4504.500529884765	300	59.834121531749844	0.0	179328	265.907980588	0.3
4505.629645530083	300	59.8004239064398	0.0	159914	1033.6976253100397	0.3
4506.673328657302	300	59.53629135283357	0.0	131610	764.132553606	0.3
4508.081376377395	300	59.93204277959324	0.0	124011	604.24857324	0.3
4509.183969867459	300	59.99264560798809	0.0	144254	439.3971716051553	0.3
4509.684411786609	300	59.53402280764241	0.0	149991	458.6228003456767	0.3
4511.065783673344	300	59.574246423677316	0.0	147968	459.776383965	0.3
4512.067565655373	300	59.994153184047626	0.0	161857	580.093239629691	0.3
4513.349114762971	300	59.52422300144827	0.0	145210	469.930182599	0.3
4514.836459709764	300	59.646359990551126	0.0	172312	877.863010897138	0.3
4516.194011861737	300	59.73232488251274	0.0	167025	914.0351080383813	0.3
4516.961817899829	300	59.780180385433496	0.0	160064	452.144497079	0.3
4517.449026661384	300	59.904406775162606	0.0	137507	375.773610271	0.3
4518.171044134394	300	59.55911561429955	0.0	118421	345.291160863	0.3

