13012.950772370566	750	4.0	2.710453720508167	450283	2710.45372051	-10.904950998185118
13019.651953510202	2850	4.0	2.7011811396363226	1431809	6701.18113964	-10.865078900436187
13019.896580733839	300	7.755372776363609	0.0	139857	244.627223636	-2.25
13020.159541462472	300	11.492412047731854	0.0	155432	262.960728632	0.3
13020.431930850815	300	15.220022659388196	0.0	163442	272.389388344	0.3
13020.660587031383	300	18.991366478819355	0.0	126289	228.656180569	0.3
13020.888683048212	300	22.763270461990608	0.0	153295	228.096016829	0.3
13021.118482657232	300	26.533470852971128	0.0	173849	229.799609019	0.3
13021.328344198426	300	30.32360931177546	0.0	150710	209.861541196	0.3
13021.5282061166	300	34.12374739360133	0.0	139105	199.861918174	0.3
13021.730424688714	300	37.92152882148804	0.0	141840	202.218572113	0.3
13021.944971964507	300	41.70698154569598	0.0	156148	214.547275792	0.3
13022.163481176243	300	45.48847233395795	0.0	160746	218.509211738	0.3
13022.412964817875	300	49.23898869232783	0.0	179801	249.48364163	0.3
13022.65975548993	300	52.99219802027222	0.0	140051	246.790672056	0.3
13022.904476328938	300	56.74747718126337	0.0	138313	244.720839009	0.3
13023.210451810706	300	59.99656827982012	0.0	143509	250.908901443	0.3
13023.667025428587	300	59.75581476104218	0.0	150616	240.753518778	0.3
13024.278258814615	300	59.51810811757926	0.0	165384	237.706643463	0.3
13025.711848602028	300	59.94807659515485	0.0	140881	570.031522424	0.3
13027.068977284069	300	59.91129138662943	0.0	157671	536.7852085254297	0.3
13028.427997300882	300	59.85195311497984	0.0	157812	559.3382716495848	0.3
13029.61482888805	300	59.86837819397796	0.0	163927	483.5749210018822	0.3
13030.506480920514	300	59.98418051083009	0.0	137654	384.1976831478647	0.3
13040.163675458378	300	54.32698597296628	0.0	146754	9657.194537863814	0.3
13040.33985590058	300	58.15080553076417	0.0	153938	176.180442202	0.3
13040.827988671828	300	59.957153809831034	0.0	181901	193.651720933	0.3
13041.303729145038	300	59.82652409838235	0.0	111155	130.629711449	0.3
13041.945472931333	300	59.63820758611693	0.0	153605	188.316512265	0.3
13043.504134749868	300	59.795590313862846	0.0	149029	1342.6172722540766	0.3
13045.464863887228	300	59.88324801832391	0.0	157421	1912.342295538941	0.3
13047.566353283604	300	59.81669674104621	0.0	157488	2066.5512772776965	0.3
13047.804518402314	300	59.67508324124025	0.0	143881	141.613499806	0.3
13048.687592720042	300	59.99182189182801	0.0	163444	183.261349412	0.3
13049.683787766924	300	59.80363085254474	0.0	179328	188.191039283	0.3
13052.743778861923	300	59.88763730884487	0.0	159914	2415.9935436998717	0.3
13054.632299110266	300	59.97537596032268	0.0	131610	1412.2613485221987	0.3
13056.87137549008	300	59.80396722032648	0.0	124011	1671.4087399962	0.3
13058.716519832682	300	59.875228868934514	0.0	144254	1428.7383513919638	0.3
13059.969778089844	300	59.66680273595848	0.0	149991	708.4261329760404	0.3
13060.55590366168	750	59.856156012133454	0.0	345516	310.646723825	0.3
13061.105280555894	300	59.67920698903156	0.0	161857	176.949023102	-0.15000000000000002
13061.88226746452	300	59.68692747027513	0.0	145210	492.279518756	0.3
13062.644068159523	300	59.658380817708625	0.0	172312	528.546652567	0.3
13063.403204055214	300	59.60543989108136	0.0	167025	552.940926627	0.3
13070.366850408403	300	56.64179353789336	0.0	160064	6963.646353187998	0.3
13071.02812742702	300	59.980516519278176	0.0	137507	161.277018615	0.3
13071.919237271177	300	59.830520767633324	0.0	118421	149.995751645	0.3

