16776.45817732564	750	4.0	0.7632174490279754	450283	763.217449028	-2.531835030820294
16776.774239914543	300	7.683937411095306	0.0	155580	316.062588905	-0.15000000000000002
16777.011937447118	300	11.446239878519425	0.0	139857	237.697532576	0.3
16777.23000717841	300	15.228170147229175	0.0	155432	218.06973129	0.3
16777.455192166195	300	19.002985159443256	0.0	163442	225.184987786	0.3
16777.647374267017	300	22.81080305862158	0.0	126289	192.182100822	0.3
16777.863545708275	300	26.5946316173602	0.0	153295	216.171441261	0.3
16778.097975199726	300	30.360202125910053	0.0	173849	234.42949145	0.3
16778.31185039404	300	34.146326931595155	0.0	150710	213.875194315	0.3
16778.515186475644	300	37.942990849989705	0.0	139105	203.336081605	0.3
16778.905416368278	750	41.55276095736076	0.0	353220	390.229892629	0.3
16779.1225597273	300	45.33561759833742	0.0	156148	217.143359023	-0.15000000000000002
16779.343741467634	300	49.11443585800411	0.0	160746	221.181740333	0.3
16779.58165904004	300	52.8765182856	0.0	179801	237.917572404	0.3
16779.784664551313	300	56.67351277432495	0.0	140051	203.005511275	0.3
16780.487746601353	300	59.97043072428623	0.0	138313	203.082050039	0.3
16781.3687510323	300	59.7463218711852	0.0	143509	224.108853101	0.3
16782.01132236999	300	59.9634839912623	0.0	150616	282.837879923	0.3
16785.486828702746	300	59.61559755376809	0.0	165384	2847.886437494209	0.3
16787.11781696866	300	59.82391336843993	0.0	140881	1291.6841853281612	0.3
16789.13495967722	300	59.69499405445479	0.0	157671	1628.9193139851475	0.3
16791.26862343099	300	59.532273874855754	0.0	157812	1662.720179599035	0.3
16792.9328181091	300	59.89564832288878	0.0	163927	1636.6255519669712	0.3
16793.52693144466	300	59.572376218177894	0.0	137654	323.272104711	0.3
16794.6610234566	300	59.85075082763301	0.0	146754	221.625390545	0.3
16795.188042035425	300	59.50347484891992	0.0	153938	347.2759787130849	0.3
16796.348312498398	300	59.9732109174864	0.0	181901	530.263931434	0.3
16797.42379369646	300	59.96047358422561	0.0	111155	512.7373332607799	0.3
16799.132037785763	300	59.59772347197563	0.0	153605	862.7501122499876	0.3
16800.55831577174	300	59.767331467512044	0.0	149029	830.3920044635806	0.3
16801.612315953542	300	59.9982743673698	0.0	157421	769.0571001422356	0.3
16802.66763630581	300	59.573085732064726	0.0	157488	425.188635305	0.3
16803.69122635321	300	59.586356566845886	0.0	143881	486.7291652188452	0.3
16804.11888559292	300	59.85095738808154	0.0	163444	235.399178764	0.3
16804.732842797508	300	59.600108816261674	0.0	179328	250.84857182	0.3
16804.981036208374	300	59.86756642721248	0.0	159914	232.542389049	0.3
16805.190979767758	300	59.73042015842615	0.0	131610	137.146268786	0.3
16805.467187972787	300	59.58871470121185	0.0	124011	141.705457214	0.3
16807.05044624321	300	59.824336939907184	0.0	144254	764.377761305	0.3
16808.64430749832	300	59.89684656691292	0.0	149991	927.4903729942575	0.3
16810.400121197705	300	59.8121251582792	0.0	147968	1084.7214086337162	0.3
16811.895852118545	300	59.85980584323227	0.0	161857	952.3193150469319	0.3
16813.385109596296	300	59.59688290725454	0.0	145210	762.922935977732	0.3
16813.847269784663	300	59.93897008395919	0.0	172312	157.912823295	0.3
16814.392982689373	300	59.77823731414002	0.0	167025	160.732769819	0.3
16815.005009938035	300	59.62471375725239	0.0	160064	153.523556888	0.3
16815.98193154538	300	59.82550479946806	0.0	137507	799.2089577843294	0.3
16816.782225976105	300	59.724213908885616	0.0	118421	601.290890582	0.3

