16254.405728035083	750	4.0	5.995876960305273	450283	5995.87696031	-25.03227092931267
16256.246407340326	300	6.159320694757251	0.0	155580	1840.67930524	-0.15000000000000002
16257.717922458054	300	8.687805577027802	0.0	139857	1471.51511773	0.3
16258.248490806638	300	12.157237228445503	0.0	155432	530.568348582	0.3
16258.80227864974	300	15.603449385343772	0.0	163442	553.787843102	0.3
16259.21420125262	300	19.191526782462656	0.0	126289	411.922602881	0.3
16259.696227183222	300	22.709500851862252	0.0	153295	482.0259306	0.3
16260.197526469117	300	26.20820156596675	0.0	173849	501.299285896	0.3
16260.59769217096	300	29.808035864123845	0.0	150710	400.165701843	0.3
16260.973204412716	300	33.432523622369104	0.0	139105	375.512241755	0.3
16261.391265132075	300	37.01446290301013	0.0	141840	418.060719359	0.3
16261.991411701028	300	40.4143163340561	0.0	156148	600.146568954	0.3
16262.609656143006	300	43.79607189207915	0.0	160746	618.244441977	0.3
16263.299202714748	300	47.10652532033578	0.0	179801	689.546571743	0.3
16263.905678545896	300	50.50004948918845	0.0	140051	606.475831147	0.3
16264.553844913034	300	53.8518831220511	0.0	138313	648.166367137	0.3
16265.059291987147	300	57.346436047937175	0.0	143509	505.447074114	0.3
16266.218487110697	300	59.871558942346304	0.0	150616	474.877105591	0.3
16267.323615445055	300	59.871153784146635	0.0	165384	500.40515819966527	0.3
16275.891462052048	300	55.303307177153776	0.0	140881	8567.846606992855	0.3
16276.082953847283	300	59.11181538191709	0.0	157671	191.491795237	0.3
16276.59019842305	300	59.920223883227465	0.0	157812	191.59149869	0.3
16277.12600459366	300	59.7701473364618	0.0	163927	150.076546766	0.3
16277.775747485057	300	59.59814070268551	0.0	137654	172.006633776	0.3
16280.308028778836	300	59.78086818460512	0.0	146754	2317.272518080399	0.3
16282.726514019187	300	59.88912995227894	0.0	153938	2391.738232326177	0.3
16283.88151150555	300	59.785004713111306	0.0	181901	1104.1252391676412	0.3
16284.11984510459	300	59.65127403718781	0.0	111155	133.730675923	0.3
16284.444136557888	300	59.50142977209744	0.0	153605	149.84426509	0.3
16287.291715842752	300	59.874863723770225	0.0	149029	2126.5660483272077	0.3
16290.745206973997	300	59.9686247764145	0.0	157421	2906.2389473557287	0.3
16308.664862587406	300	46.04896916300651	0.0	157488	17919.655613407987	0.3
16312.517690970519	300	46.19614077989253	0.0	143881	3852.828383113986	0.3
16312.784723247501	300	49.92910850290982	0.0	163444	267.032276983	0.3
16313.069931907145	300	53.64389984326642	0.0	179328	285.208659643	0.3
16313.332924733688	300	57.3809070167239	0.0	159914	262.992826543	0.3
16313.94910265032	300	59.65030303019827	0.0	131610	230.603986526	0.3
16315.141699006057	300	59.95679181738363	0.0	124011	193.511212815	0.3
16315.505945770168	300	59.73421100678836	0.0	144254	222.5808105952747	0.3
16325.854892921307	300	53.385263855651395	0.0	149991	10348.947151136961	0.3
16326.374260451557	300	56.86589632540122	0.0	147968	519.36753025	0.3
16327.476915506788	300	59.76324127017119	0.0	161857	602.655055230031	0.3
16328.945775554213	300	59.675129091525136	0.0	145210	588.1121786460548	0.3
16330.372473605514	300	59.612154000265825	0.0	172312	562.9750912593145	0.3
16331.794711237955	300	59.79289666406449	0.0	167025	819.2573362013273	0.3
16332.969055077703	300	59.96721489231076	0.0	160064	825.6817717537377	0.3
16334.446151619179	300	59.61299765557059	0.0	137507	854.217236740171	0.3
16335.5458861787	300	59.83457002817784	0.0	118421	778.4276273927467	0.3

