4144.095870477649	750	4.0	1.3527939560497804	450283	1352.79395605	-5.067014011014055
4144.615641207795	300	7.480229269854237	0.0	155580	519.770730146	-0.15000000000000002
4145.687265127219	750	10.408605350430818	0.0	350812	1071.62391942	0.3
4146.206617512667	300	13.889252964982711	0.0	155432	519.352385448	-0.15000000000000002
4147.449957797212	750	16.64591268043765	0.0	411561	1243.34028455	0.3
4148.432239180937	750	19.663631296712975	0.0	318564	982.281383725	0.75
4148.949336339143	300	23.14653413850744	0.0	153295	517.097158206	-0.15000000000000002
4149.525040072838	300	26.570830404811797	0.0	173849	575.703733696	0.3
4150.0347665004	300	30.06110397724954	0.0	150710	509.726427562	0.3
4150.511403052095	300	33.58446742555391	0.0	139105	476.636551696	0.3
4150.995838036406	300	37.10003244124345	0.0	141840	484.43498431	0.3
4151.521070086111	300	40.57480039153877	0.0	156148	525.232049705	0.3
4152.059412626917	300	44.03645785073244	0.0	160746	538.342540806	0.3
4152.652087574845	300	47.443782902805154	0.0	179801	592.674947927	0.3
4153.131421500307	300	50.9644489773422	0.0	140051	479.333925463	0.3
4153.605799785592	300	54.490070692056435	0.0	138313	474.378285286	0.3
4154.094993667173	300	58.0008768104757	0.0	143509	489.193881581	0.3
4156.138646002524	300	59.957224475124235	0.0	150616	543.652335351	0.3
4157.693883445839	300	59.867390493929804	0.0	165384	589.833981194	0.3
4158.53780919032	300	59.638129352749	0.0	140881	729.261141181	0.3
4162.606699539983	300	59.569239003086246	0.0	157671	568.890349663	0.3
4166.408391686851	750	59.76754685621839	0.0	399894	1301.692146867853	0.3
4168.77617985235	300	59.70627632338494	0.0	163927	561.270532833	-0.15000000000000002
4169.990031966205	300	59.71260908278981	0.0	137654	493.667240595	0.3
4173.996961076813	300	59.70567997218182	0.0	146754	506.929110608	0.3
4178.022688336629	300	59.67995271236595	0.0	153938	525.7272598158643	0.3
4181.2304610271485	300	59.58248698894773	0.0	181901	597.465723418	0.3
4183.064862617723	300	59.680439677211986	0.0	111155	402.047311736	0.3
4183.978167071854	300	59.64996458956503	0.0	153605	530.475087647	0.3
4188.0038786060595	300	59.62425305535959	0.0	149029	525.711534205	0.3
4191.854039666935	300	59.57344297526675	0.0	157421	550.810080093	0.3
4194.7173637841415	300	59.50145640705488	0.0	157488	571.986568212	0.3
4195.949089417012	300	59.99126236511723	0.0	143881	510.194041938	0.3
4200.007908265678	300	59.932443516451514	0.0	163444	558.818848666	0.3
4204.119111022201	300	59.82124075992922	0.0	179328	611.2027565222961	0.3
4207.391907533899	300	59.760619102140055	0.0	159914	560.621657789	0.3
4209.522459830289	300	59.76143038089976	0.0	131610	499.18872124	0.3
4210.442981353645	300	59.82685140679731	0.0	124011	434.578974102	0.3
4214.428422746222	300	59.841410014219925	0.0	144254	485.441392577	0.3
4218.242938385115	300	59.83984416568835	0.0	149991	501.565848532	0.3
4221.175302984826	300	59.740136761013375	0.0	147968	599.707404675	0.3
4223.005948021659	300	59.701142840115715	0.0	161857	538.993920898	0.3
4223.726804013167	300	59.69654040232871	0.0	145210	504.602437787	0.3
4227.878239501416	300	59.5451049140797	0.0	172312	651.435488249	0.3
4231.353733135345	300	59.91120261810038	0.0	167025	633.902295979	0.3
4233.841956665976	300	59.797886521759374	0.0	160064	613.316096341	0.3
4235.091550662946	300	59.82054324041997	0.0	137507	477.343281339	0.3
4239.020041236535	300	59.89205266683087	0.0	118421	428.490573589	0.3

