7090.638465007706	750	4.0	2.1413027841682712	450283	2141.30278417	-8.457601971923566
7091.448363691776	300	7.190101315930748	0.0	155580	809.898684069	-0.15000000000000002
7093.17811061725	750	9.46035439045672	0.0	350812	1729.74692547	0.3
7094.1095717586495	300	12.528893249057285	0.0	155432	931.461141399	-0.15000000000000002
7095.102273140752	300	15.536191866954814	0.0	163442	992.701382102	0.3
7095.907262484521	300	18.73120252318524	0.0	126289	804.98934377	0.3
7096.9252152605995	300	21.71324974710721	0.0	153295	1017.95277608	0.3
7098.16257956852	300	24.475885439186385	0.0	173849	1237.36430792	0.3
7099.070711982721	300	27.56775302498531	0.0	150710	908.132414201	0.3
7099.796473022587	300	30.841991985119936	0.0	139105	725.761039865	0.3
7100.714507125093	300	33.923957882613074	0.0	141840	918.034102507	0.3
7102.823625112312	750	35.81483989539491	0.0	405134	2109.11798722	0.3
7103.614919627621	300	39.023545380086226	0.0	160746	791.294515309	-0.15000000000000002
7104.415494604159	300	42.22297040354784	0.0	179801	800.574976538	0.3
7105.016190781689	300	45.62227422601792	0.0	140051	600.69617753	0.3
7105.634276460227	300	49.00418854748087	0.0	138313	618.085678537	0.3
7106.3601860498065	300	52.27827895790029	0.0	143509	725.909589581	0.3
7107.024540867349	300	55.61392414035772	0.0	150616	664.354817543	0.3
7107.695171642761	300	58.94329336494591	0.0	165384	670.630775412	0.3
7110.65001239391	1200	59.9884526137959	0.0	586839	2954.84075115	0.29999999999999993
7111.988238548583	300	59.76126462164589	0.0	157671	727.18799215	-0.6000000000000001
7113.064393940233	300	59.64320600708191	0.0	157812	618.0586145639869	0.3
7114.688411410165	300	59.97974566065902	0.0	163927	663.4603464228836	0.3
7116.21436422223	300	59.897547816380765	0.0	137654	582.197844278256	0.3
7117.638975015138	300	59.7771199038206	0.0	146754	620.4279125601661	0.3
7119.0298580333465	300	59.933269834890496	0.0	153938	843.8500689300976	0.3
7120.5813625256405	300	59.861034063382384	0.0	181901	1072.23577150811	0.3
7121.476535136587	300	59.848082118302294	0.0	111155	512.95194508	0.3
7122.725730330756	300	59.8190948541507	0.0	153605	1028.9872641515944	0.3
7123.6670425401535	300	59.902542714460544	0.0	149029	916.5521396901545	0.3
7125.2712359118905	300	59.80832606344588	0.0	157421	594.216651015	0.3
7126.609553841762	300	59.71915545887103	0.0	157488	589.1706045748572	0.3
7128.07313683672	300	59.55693762404078	0.0	143881	662.2178348302481	0.3
7129.7769728805715	300	59.500202182178704	0.0	163444	1056.735441862072	0.3
7131.156540618291	300	59.95396861431338	0.0	179328	546.233567865	0.3
7132.173330596634	300	59.55724071006959	0.0	159914	896.7279042437855	0.3
7133.320309135768	300	59.97278247755157	0.0	131610	584.458232518	0.3
7134.247149658814	300	59.98612236933711	0.0	124011	486.660108214	0.3
7135.1893140755	300	59.91963036840968	0.0	144254	566.492000927	0.3
7136.681554282268	750	59.715346472904784	0.0	390680	1204.2838955048903	0.3
7138.229170880642	300	59.76101632934924	0.0	147968	954.3301435555449	-0.15000000000000002
7139.666014922424	300	59.539737535868234	0.0	161857	721.2787934810025	0.3
7140.32589889684	300	59.91707817281006	0.0	145210	622.6593630581754	0.3
7141.561800437676	300	59.51773970807113	0.0	172312	899.338464739	0.3
7144.182576775717	750	59.806133077098806	0.0	398987	1711.6066309723242	0.3
7144.96816466353	300	59.55242398672721	0.0	160064	753.7090903715912	-0.15000000000000002
7146.077153425425	300	59.96786900450041	0.0	137507	584.554982227	0.3
7147.11262948122	300	59.897347866436355	0.0	118421	570.521138064	0.3

