15816.400152771603	750	4.0	2.814345970684643	450283	2814.34597068	-11.351687673943966
15817.185808960163	300	7.214343811440379	0.0	155580	785.65618856	-0.15000000000000002
15817.872791660327	300	10.527361111275848	0.0	139857	686.982700165	0.3
15818.669997716564	300	13.730155055039365	0.0	155432	797.206056236	0.3
15819.489267208191	300	16.91088556341314	0.0	163442	819.269491626	0.3
15820.16633717153	300	20.233815600073992	0.0	126289	677.069963339	0.3
15821.211969634276	300	23.188183137327798	0.0	153295	1045.63246275	0.3
15822.076951714142	300	26.323201057463255	0.0	173849	864.982079865	0.3
15822.835183258616	300	29.56496951298942	0.0	150710	758.231544474	0.3
15823.417808195134	300	32.98234457647063	0.0	139105	582.624936519	0.3
15823.629645072095	300	36.77050769951002	0.0	141840	211.836876961	0.3
15823.854780891776	300	40.545371879828366	0.0	156148	225.135819682	0.3
15824.084190442141	300	44.31596232946238	0.0	160746	229.409550366	0.3
15824.331311157837	300	48.068841613765855	0.0	179801	247.120715697	0.3
15824.541485202219	300	51.85866756938338	0.0	140051	210.174044382	0.3
15824.750043817301	300	55.650108954302624	0.0	138313	208.558615081	0.3
15824.966729784477	300	59.433422987125105	0.0	143509	216.685967178	0.3
15825.900028361108	300	59.687235190589746	0.0	150616	246.187796535	0.3
15826.786808715584	300	59.797400403399294	0.0	165384	389.83478719	0.3
15827.692569780595	300	59.55299265453712	0.0	140881	244.407748862	0.3
15828.387571550424	750	59.99616842769595	0.0	386472	556.8242268411684	0.3
15828.943044311152	300	59.74752081882606	0.0	157812	248.64760887	-0.15000000000000002
15829.712502388034	300	59.72620435631428	0.0	163927	521.316462512	0.3
15830.380333664809	300	59.72635952511277	0.0	137654	499.844831202	0.3
15831.056812340204	300	59.68211341020115	0.0	146754	544.246114912	0.3
15832.319265613758	300	59.82700305366465	0.0	153938	355.110356537	0.3
15833.393357103285	300	59.95362876741169	0.0	181901	373.3742862529559	0.3
15834.618749891006	300	59.65129097518766	0.0	111155	302.337792224	0.3
15837.062013596904	300	59.60118661998692	0.0	153605	1550.1043552007443	0.3
15860.834215238718	300	39.82898497817192	0.0	149029	23772.201641815	0.3
15862.719863409457	300	41.94333680743377	0.0	157421	1885.648170738155	0.3
15864.05218225607	300	44.61101796082111	0.0	157488	1332.3188466126496	0.3
15865.180738644456	300	47.482461572434445	0.0	143881	1128.5563883866664	0.3
15867.372509670959	300	49.290690545933636	0.0	163444	2191.7710265008113	0.3
15869.418849512516	300	51.244350704376636	0.0	179328	2046.3398415569998	0.3
15879.857016119478	300	44.806184097414274	0.0	159914	10438.16660696236	0.3
15880.079966556323	300	48.583233660571494	0.0	131610	222.950436843	0.3
15880.294663210248	300	52.368537006644665	0.0	124011	214.696653927	0.3
15880.531347142445	300	56.131853074448635	0.0	144254	236.683932196	0.3
15880.774262414632	300	59.88893780226198	0.0	149991	242.915272187	0.3
15881.901106495809	300	59.648219845885166	0.0	147968	240.717956377	0.3
15882.744722005238	300	59.87947515356993	0.0	161857	268.74469231523904	0.3
15883.781068739569	300	59.60873719496259	0.0	145210	270.737958607	0.3
15885.01467216393	300	59.58473987064371	0.0	172312	523.9973243188854	0.3
15886.195489319389	300	59.559134342934385	0.0	167025	525.6055277093285	0.3
15897.508129616614	300	52.24649404570967	0.0	160064	11312.64029722472	0.3
15899.636150295422	300	54.118473366902464	0.0	137507	2128.020678807202	0.3
15902.189172697643	300	55.56545096468164	0.0	118421	2553.0224022208286	0.3

