11421.452652926337	750	4.0	0.4196503799807653	450283	419.650379981	-1.0544966339172908
11421.650007581336	300	7.802645344999906	0.0	155580	197.354655	-0.15000000000000002
11421.994626563404	750	11.45802636293349	0.0	350812	344.618982066	0.3
11422.191869581375	300	15.26078334496219	0.0	155432	197.243017971	-0.15000000000000002
11422.5525527451	750	18.90010018123927	0.0	411561	360.683163723	0.3
11422.708826596909	300	22.74382632942908	0.0	126289	156.27385181	-0.15000000000000002
11423.001809229205	750	26.450843697132928	0.0	352642	292.982632296	0.3
11423.186807549433	300	30.26584537690433	0.0	173849	184.998320229	-0.15000000000000002
11423.357830775576	300	34.0948221507618	0.0	150710	171.023226143	0.3
11423.521845013998	300	37.93080791233995	0.0	139105	164.014238422	0.3
11423.687511090544	300	41.76514183579522	0.0	141840	165.666076545	0.3
11423.861818666122	300	45.59083426021494	0.0	156148	174.30757558	0.3
11424.038903262432	300	49.41374966390742	0.0	160746	177.084596308	0.3
11424.232986172448	300	53.2196667538895	0.0	179801	194.082910018	0.3
11424.403805273181	300	57.04884765315754	0.0	140051	170.819100732	0.3
11424.83399211407	300	59.87915559612446	0.0	138313	169.692057033	0.3
11425.40758494829	300	59.68260657094313	0.0	143509	196.549025181	0.3
11426.58779146748	300	59.99102521586634	0.0	150616	191.581355077	0.3
11427.143973832226	300	59.667246615550965	0.0	165384	323.77860031536517	0.3
11428.263170023805	300	59.93385040197591	0.0	140881	233.396213575	0.3
11428.552329418573	300	59.6921706935944	0.0	157671	241.6797083815095	0.3
11429.757484896265	300	59.82333279794243	0.0	157812	368.837895652	0.3
11430.03959394272	300	59.560437065733616	0.0	163927	262.89573220880686	0.3
11430.888283546421	300	59.85569892100669	0.0	137654	204.738144727	0.3
11432.121852802466	300	59.52089002247169	0.0	146754	334.808898535	0.3
11432.987870006202	300	59.74726159935751	0.0	153938	273.6284231141831	0.3
11433.542300910465	300	59.97624053753722	0.0	181901	271.02106182	0.3
11434.166628412913	300	59.76578170753539	0.0	111155	210.458830002	0.3
11434.820239695977	300	59.60591040222673	0.0	153605	159.871305309	0.3
11435.134535750525	300	59.905632363829994	0.0	149029	200.278038397	0.3
11435.483491883357	300	59.74816330548989	0.0	157421	157.46905834	0.3
11436.441484037154	300	59.82491076583719	0.0	157488	923.2525396527063	0.3
11438.249626130242	300	59.89820952636534	0.0	143881	926.701239472	0.3
11448.185949303523	300	53.96188635308527	0.0	163444	9936.323173280074	0.3
11449.332857133899	300	56.81497852270976	0.0	179328	1146.9078303755057	0.3
11450.368966079763	300	59.77886957684683	0.0	159914	1036.1089458629303	0.3
11452.040361678117	300	59.533562179236796	0.0	131610	745.3073976100357	0.3
11453.733282846175	300	59.61014569557883	0.0	124011	923.4164836579622	0.3
11455.569689167542	300	59.786694877095506	0.0	144254	1323.4508184833278	0.3
11457.63166857459	300	59.72218292501473	0.0	149991	1564.5119520807805	0.3
11459.924122492224	300	59.53468969368065	0.0	147968	1687.4932313340803	0.3
11460.83158851422	300	59.59343702583291	0.0	161857	441.252667848	0.3
11461.682554124132	300	59.61106089795152	0.0	145210	482.376127881	0.3
11462.008382244157	300	59.842441578953384	0.0	172312	268.619318998	0.3
11462.548838268747	300	59.56081796717164	0.0	167025	281.623611782	0.3
11463.699903104169	300	59.82470175586505	0.0	160064	236.116211307	0.3
11463.990588431903	300	59.59683340405618	0.0	137507	227.86835180887493	0.3
11464.940339687202	300	59.86336626436947	0.0	118421	233.467139687	0.3

