12480.509869544741	750	4.0	18.478162370654005	450283	18478.1623707	-78.70609819381221
12489.903360500082	300	4.0	5.393490955341285	155580	9393.49095534	-23.342011107967522
12495.73552283363	300	4.0	1.8321623335469777	139857	5832.16233355	-7.578298034252004
12502.229530031123	300	4.0	2.4940071974947284	155432	6494.00719749	-10.424230949227331
12509.113167770021	300	4.0	2.883637738897284	163442	6883.6377389	-12.09964227725832
12514.357994241704	300	4.0	1.2448264716824387	126289	5244.82647168	-5.052753828234486
12520.761677870592	300	4.0	2.4036836288887624	153295	6403.68362889	-10.035839604221676
12527.944552502926	300	4.0	3.182874632334889	173849	7182.87463233	-13.38636091904002
12543.738962400064	750	4.0	11.794409897136662	374758	15794.4098971	-50.41596255768765
12549.563367397783	300	4.0	1.824404997718526	139105	5824.40499772	-7.994941490189661
12555.48016268006	300	4.0	1.9167952822763554	141840	5916.79528228	-7.942219713788329
12561.917141549246	300	4.0	2.4369788691863885	156148	6436.97886919	-10.179009137501469
12569.005534510028	300	4.0	3.0883929607803893	160746	7088.39296078	-12.980089731355672
12576.460261181528	300	4.0	3.4547266715003007	179801	7454.7266715	-14.555324687451291
12582.443420748054	300	4.0	1.983159566526134	140051	5983.15956653	-8.227586136062374
12588.257099045242	300	4.0	1.8136782971894336	138313	5813.67829719	-7.498816677914564
12594.511784777522	300	4.0	2.2546857322786065	143509	6254.68573228	-9.395148648798006
12600.882018667107	300	4.0	2.370233889585098	150616	6370.23388959	-9.89200572521592
12608.028666046916	300	4.0	3.146647379808506	165384	7146.64737981	-13.230583733176575
12613.843743888392	300	4.0	1.8150778414755468	140881	5815.07784148	-7.504834718344851
12620.587882599993	300	4.0	2.7441387116011664	157671	6744.1387116	-11.499796459885014
12627.237842491331	300	4.0	2.649959891338637	157812	6649.95989134	-11.094827532756138
12634.100144928361	300	4.0	2.862302437029651	163927	6862.30243703	-12.007900479227498
12640.036905137165	300	4.0	1.9367602088038094	137654	5936.7602088	-8.028068897856379
12646.247810022096	300	4.0	2.210904884931501	146754	6210.90488493	-9.206891005205454
12652.832711014304	300	4.0	2.5849009922096258	153938	6584.90099221	-10.815074266501389
12660.58806219144	300	4.0	3.7553511771360326	181901	7755.35117714	-15.848010061684938
12665.148216698819	300	4.0	0.5601545073807683	111155	4560.15450738	-2.108664381737304
12671.525380846682	300	4.0	2.3771641478637986	153605	6377.16414786	-9.921805835814332
12677.823066648521	300	4.0	2.297685801839924	149029	6297.68580184	-9.580048947911672
12684.297318679037	300	4.0	2.474252030513793	157421	6474.25203051	-10.33928373120931
12690.994073292622	300	4.0	2.696754613586194	157488	6696.75461359	-11.296044838420634
12696.975604374196	300	4.0	1.9815310815739804	143881	5981.53108157	-8.220583650768114
12703.706781357336	300	4.0	2.731176983139171	163444	6731.17698314	-11.444061027498433
12711.03466521754	300	4.0	3.3278838602035385	179328	7327.8838602	-14.009900598875214
12717.68140302425	300	4.0	2.6467378067086127	159914	6646.73780671	-11.080972568847033
12723.16262035865	300	4.0	1.4812173344001922	131610	5481.2173344	-6.069234537920827
12728.412344582213	300	4.0	1.2497242235643535	124011	5249.72422356	-5.0738141613267205
12734.386205526198	300	4.0	1.9738609439845367	144254	5973.86094398	-8.187602059133507
12740.593491228328	300	4.0	2.2072857021312773	149991	6207.28570213	-9.191328519164491
12746.66760450289	300	4.0	2.0741132745616926	147968	6074.11327456	-8.618687080615278
12753.305056794434	300	4.0	2.63745229154274	161857	6637.45229154	-11.04104485363378
12759.524497773986	300	4.0	2.2194409795538004	145210	6219.44097955	-9.243596212081341
12766.631290238342	300	4.0	3.1067924643546285	172312	7106.79246435	-13.059207596724901
12773.452801379748	300	4.0	2.8215111414068215	167025	6821.51114141	-11.832497908049332
12781.335271312568	300	4.0	3.882469932820538	160064	7882.46993282	-16.39462071112831
12786.930063894964	300	4.0	1.5947925823963343	137507	5594.7925824	-6.557608104304237
12791.796852384858	300	4.0	0.866788489893459	118421	4866.78848989	-3.4271905065418737

