532.9965705468825	750	4.0	0.3458154112937444	450283	345.815411294	-0.7370062685631007
533.1684140357307	300	7.828156511151696	0.0	155580	171.843488848	-0.15000000000000002
533.3309757712999	300	11.66559477558249	0.0	139857	162.561735569	0.3
533.5027318913582	300	15.493838655524193	0.0	155432	171.756120058	0.3
533.6792165520109	300	19.31735399487151	0.0	163442	176.484660653	0.3
533.8337686947231	300	23.162801852159316	0.0	126289	154.552142712	0.3
534.0042632802932	300	26.992307266589187	0.0	153295	170.49458557	0.3
534.1868915017407	300	30.80967904514177	0.0	173849	182.628221447	0.3
534.5096042071813	750	34.486966339701176	0.0	374758	322.712705441	0.3
534.6867522023973	300	38.30981834448507	0.0	139105	177.147995216	-0.15000000000000002
534.8658102638722	300	42.13076028301027	0.0	141840	179.058061475	0.3
535.0548607304765	300	45.941709816405876	0.0	156148	189.050466604	0.3
535.247122343208	300	49.74944820367443	0.0	160746	192.261612731	0.3
535.4526915656505	300	53.54387898123203	0.0	179801	205.569222442	0.3
535.6305002272946	300	57.36607031958787	0.0	140051	177.808661644	0.3
536.1834350772741	300	59.68947544045106	0.0	138313	176.594879137	0.3
537.3756023175293	300	59.99156180574472	0.0	143509	197.913634706	0.3
537.6570983077407	300	59.807940613413564	0.0	150616	183.62119233115783	0.3
546.0163943730245	300	55.44864454812984	0.0	165384	8359.29606528372	0.3
546.4370105992058	300	59.02802832194854	0.0	140881	420.616226181	0.3
547.0863244438015	300	59.5222649443233	0.0	157671	505.76337762524673	0.3
548.4924343139022	300	59.600985242758135	0.0	157812	421.279701565	0.3
549.8563127027544	300	59.87146113259982	0.0	163927	729.5241101583194	0.3
552.8556499540493	300	59.64896964629929	0.0	137654	2222.491486300526	0.3
555.6739555557957	300	59.83823972792339	0.0	146754	2310.729918375906	0.3
558.4674681595467	300	59.9052712677331	0.0	153938	2432.968460190287	0.3
564.3383041037182	300	58.034435323561546	0.0	181901	5870.835944171553	0.3
565.6485545110978	300	59.91500016373785	0.0	111155	1119.4351598236974	0.3
566.705170742226	300	59.69209967195173	0.0	153605	722.900491786	0.3
567.4589005730215	300	59.69209262622496	0.0	149029	500.007045727	0.3
568.3642891028887	300	59.576259753825695	0.0	157421	615.832872399	0.3
573.341445769823	1850	58.599103086891425	0.0	954453	4977.156666934271	0.30000000000000004
574.3696175638476	300	59.63837335208029	0.0	143881	960.7297348111323	-1.25
575.3101538577961	300	59.91182623471277	0.0	163444	226.547117368	0.3
575.7295999392951	300	59.51909778225379	0.0	179328	392.7284524589774	0.3
576.7580664598247	300	59.72822333650898	0.0	159914	290.874445745	0.3
578.6146674508559	300	59.62871887838578	0.0	131610	1099.5044581232023	0.3
580.430586520686	300	59.55930760992471	0.0	124011	1069.4112684610766	0.3
580.9824482829708	300	59.86663062946689	0.0	144254	192.676980458	0.3
581.5971952449719	300	59.6988495393798	0.0	149991	167.781090087	0.3
582.323960093201	300	59.51895005122222	0.0	147968	179.899488158	0.3
583.637294954846	300	59.59571530043556	0.0	161857	923.234750786664	0.3
584.4495513155014	300	59.8446371755369	0.0	145210	751.0781248986533	0.3
594.5693487411378	300	53.72483974990051	0.0	172312	10119.797425636392	0.3
594.7544231708248	300	57.53976532021356	0.0	167025	185.074429687	0.3
595.7418638742494	300	59.859070014041365	0.0	160064	180.695306172	0.3
596.788768840549	300	59.69899022951781	0.0	137507	160.079784524	0.3
597.9303013582892	300	59.53163656153566	0.0	118421	167.353667982	0.3

