1228.9388597152426	750	4.0	11.294916938363608	450283	11294.9169384	-47.81814283496351
1232.8806592840563	300	4.058200431186575	0.0	155580	3941.79956881	-0.15000000000000002
1236.3065205280752	300	4.632339187167435	0.0	139857	3425.86124402	0.3
1240.1233938400671	300	4.815465875175552	0.0	155432	3816.87331199	0.3
1244.183002259906	300	4.755857455336514	0.0	163442	4059.60841984	0.3
1247.409411478218	300	5.529448237024462	0.0	126289	3226.40921831	0.3
1251.2994993674706	300	5.639360347772085	0.0	153295	3890.08788925	0.3
1255.7341980557949	300	5.204661659447755	0.0	173849	4434.69868832	0.3
1259.640768786858	300	5.298090928384531	0.0	150710	3906.57073106	0.3
1263.3030639743681	300	5.635795740874472	0.0	139105	3662.29518751	0.3
1266.9725155601886	300	5.966344155053981	0.0	141840	3669.45158582	0.3
1270.9728011245286	300	5.966058590714066	0.0	156148	4000.28556434	0.3
1273.7353526403022	300	7.203507074940326	0.0	160746	2762.55151577	0.3
1273.9820501724184	300	10.956809542824226	0.0	179801	246.697532116	0.3
1274.191894589693	300	14.74696512554962	0.0	140051	209.844417275	0.3
1274.400127668261	300	18.538732046981792	0.0	138313	208.233078568	0.3
1274.6131780747462	300	22.325681640496573	0.0	143509	213.050406485	0.3
1274.8328175400284	300	26.106042175214405	0.0	150616	219.639465282	0.3
1275.0661487487064	300	29.87271096653654	0.0	165384	233.331208678	0.3
1275.2767626775612	300	33.6620970376816	0.0	140881	210.613928855	0.3
1275.5029429912763	300	37.435916723966564	0.0	157671	226.180313715	0.3
1275.7292540292476	300	41.20960568599511	0.0	157812	226.311037971	0.3
1275.9612344206091	300	44.97762529463357	0.0	163927	231.980391362	0.3
1276.1688565255247	300	48.77000318971808	0.0	137654	207.622104915	0.3
1276.3849154441525	300	52.55394427109046	0.0	146754	216.058918628	0.3
1276.6076348100007	300	56.331224905242166	0.0	153938	222.719365848	0.3
1277.3562792991272	300	59.582580416115576	0.0	181901	248.644489127	0.3
1278.6947243989955	300	59.899526127305364	0.0	111155	183.05428881	0.3
1279.1959971811684	300	59.68658514174794	0.0	153605	212.940985557	0.3
1282.9125417413504	300	59.97004058156607	0.0	149029	216.544560182	0.3
1286.2058851912427	300	59.74580703501882	0.0	157421	224.233546547	0.3
1288.6341981970804	300	59.52620548377228	0.0	157488	219.601551247	0.3
1289.682637298764	300	59.81634166022628	0.0	143881	209.863823546	0.3
1293.8984812117442	300	59.60049774724604	0.0	163444	215.84391298	0.3
1297.6354224921924	300	59.86355646679803	0.0	179328	236.9412804480094	0.3
1300.629602287611	300	59.6421468048715	0.0	159914	221.409661927	0.3
1302.2222370974025	300	59.94221446672172	0.0	131610	199.93233815	0.3
1302.9057182869565	300	59.75682510776575	0.0	124011	185.389358956	0.3
1307.1171300704177	300	59.5454133243045	0.0	144254	211.411783461	0.3
1310.5999097782162	300	59.82877527743484	0.0	149991	216.63804687	0.3
1313.192378673659	300	59.625611660177796	0.0	147968	203.163617257	0.3
1314.4393668113312	300	59.90677023043455	0.0	161857	218.841429743	0.3
1314.8100341402633	300	59.695509919933095	0.0	145210	211.260310501	0.3
1318.5989082472233	300	59.90663581297287	0.0	172312	288.87410696	0.3
1321.9521199371138	300	59.624170530723056	0.0	167025	282.46528225	0.3
1323.8780618058447	300	59.906572800177834	0.0	160064	217.597730545	0.3
1324.8894324625612	300	59.71505954091257	0.0	137507	191.513259265	0.3
1329.086026578507	300	59.51846542496679	0.0	118421	196.594115946	0.3

