6160.060170802372	750	4.0	5.5724158544509415	450283	5572.41585445	-23.211388174139046
6163.659150076214	300	4.401020726158698	0.0	155580	3598.97927384	-0.15000000000000002
6163.805259711797	300	8.25491109057662	0.0	139857	146.109635582	0.3
6163.958731564316	300	12.101439238057305	0.0	155432	153.471852519	0.3
6164.1159896998315	300	15.944181102541698	0.0	163442	157.258135516	0.3
6164.255685816351	300	19.8044849860225	0.0	126289	139.696116519	0.3
6164.4081475207095	300	23.65202328166337	0.0	153295	152.461704359	0.3
6164.570324987953	300	27.489845814419624	0.0	173849	162.177467244	0.3
6164.721564777014	300	31.338606025359546	0.0	150710	151.23978906	0.3
6164.867318946327	300	35.19285185604628	0.0	139105	145.754169313	0.3
6165.014365935115	300	39.045804867258006	0.0	141840	147.046988788	0.3
6165.168176236902	300	42.89199456547211	0.0	156148	153.810301786	0.3
6165.324159988028	300	46.73601081434577	0.0	160746	155.983751126	0.3
6165.609788706388	750	50.450382095985546	0.0	434409	285.62871836	0.3
6165.766821811686	300	54.293348990688	0.0	140051	157.033105298	-0.15000000000000002
6165.922898954249	300	58.13727184812553	0.0	138313	156.077142562	0.3
6166.31591322081	300	59.97833671800762	0.0	143509	158.935130118	0.3
6166.8534499441375	300	59.78660792456524	0.0	150616	191.728793442	0.3
6167.4920311332735	300	59.600221294940226	0.0	165384	186.386629625	0.3
6167.6892164883875	300	59.9377258971383	0.0	140881	162.495397802	0.3
6168.050151955617	300	59.73460314217969	0.0	157671	203.122754959	0.3
6168.446087478038	300	59.57554173710534	0.0	157812	159.061405074	0.3
6176.288305168843	300	55.73332404630004	0.0	163927	7842.217690805304	0.3
6177.007580623568	300	59.01404859157462	0.0	137654	719.2754547254194	0.3
6179.459844403318	750	59.81710033313768	0.0	359903	1696.9482584369405	0.3
6181.030465792584	300	59.86944739916127	0.0	153938	947.6529339764058	-0.15000000000000002
6182.570436606419	300	59.87094621988861	0.0	181901	998.5011792726604	0.3
6183.306245959452	300	59.733776360653096	0.0	111155	137.169859236	0.3
6184.180590996707	300	59.555923588925	0.0	153605	177.852771728	0.3
6184.634830029832	300	59.88705020512558	0.0	149029	168.873383799	0.3
6185.1939334250565	300	59.71018133217595	0.0	157421	176.86887295	0.3
6185.835543714808	300	59.54049344843739	0.0	157488	169.687883739	0.3
6186.04254476842	300	59.882954124638324	0.0	143881	157.539323799	0.3
6186.413984438865	300	59.681965154322235	0.0	163444	200.988970316	0.3
6188.681613963803	300	59.59337574191692	0.0	179328	2088.5894124053148	0.3
6193.772078343149	750	58.5029113625721	0.0	365161	5090.464379344822	0.3
6194.744137438013	300	59.57163406107881	0.0	131610	931.2773014932925	-0.15000000000000002
6195.4758972502905	300	59.93614505162638	0.0	124011	135.489009452	0.3
6196.306758346614	300	59.778849904876836	0.0	144254	157.29514675	0.3
6197.2276088608205	300	59.61520762256022	0.0	149991	163.642282317	0.3
6198.6717139703915	300	59.73175918372011	0.0	147968	883.4484388401072	0.3
6199.987789239778	300	59.814049884392034	0.0	161857	917.7092993280714	0.3
6200.9917051958255	300	59.97127489139776	0.0	145210	842.7749929942736	0.3
6202.466190304945	300	59.52460281836536	0.0	172312	946.6720730324048	0.3
6203.1660611380275	300	59.89857391986648	0.0	167025	626.0288984988775	0.3
6203.662969340981	300	59.64704078568207	0.0	160064	251.533134184	0.3
6204.996999663082	300	59.81271315901603	0.0	137507	334.327626666	0.3
6206.842148077247	300	59.849990299651125	0.0	118421	962.7228593649077	0.3

