8567.284398809727	750	4.0	1.1231134628686412	450283	1123.11346287	-4.079387890335157
8568.16699454638	750	7.117404263346538	0.0	398865	882.595736653	0.75
8568.513299245575	300	10.77109956415126	0.0	139857	346.304699195	-0.15000000000000002
8568.868278458314	300	14.416120351413534	0.0	155432	354.979212738	0.3
8569.237428391973	300	18.04697041775586	0.0	163442	369.149933658	0.3
8569.540849886887	300	21.743548922842102	0.0	126289	303.421494914	0.3
8569.914416888212	300	25.369981921515258	0.0	153295	373.567001327	0.3
8570.34298631177	300	28.94141249795636	0.0	173849	428.569423559	0.3
8571.130776833867	750	32.1536219758616	0.0	374758	787.790522095	0.3
8571.447616810881	300	35.83678199884668	0.0	139105	316.839977015	-0.15000000000000002
8571.769113395043	300	39.5152854146851	0.0	141840	321.496584162	0.3
8572.114970759847	300	43.16942804988207	0.0	156148	345.857364803	0.3
8572.479209133744	300	46.80518967598413	0.0	160746	364.238373898	0.3
8572.880268015044	300	50.40413079468419	0.0	179801	401.0588813	0.3
8573.210347922191	300	54.07405088753719	0.0	140051	330.079907147	0.3
8573.540562414442	300	57.74383639528505	0.0	138313	330.214492252	0.3
8574.717031533975	300	59.88874036931071	0.0	143509	355.096025974	0.3
8576.146936953255	300	59.53497420644879	0.0	150616	353.76616286192564	0.3
8577.261933810607	300	59.63604540598322	0.0	165384	398.9288004655687	0.3
8578.093508208127	300	59.77879223566551	0.0	140881	357.253170318	0.3
8578.80571086179	300	59.8568515224351	0.0	157671	421.94071323	0.3
8580.224002996569	300	59.925836425262695	0.0	157812	431.015097172	0.3
8581.685689109385	300	59.888631887657795	0.0	163927	537.2045376048975	0.3
8582.25140731543	300	59.50251357223988	0.0	137654	386.1183154179177	0.3
8583.567654428747	300	59.619689960895904	0.0	146754	382.823611344	0.3
8584.85720705623	300	59.645625398140304	0.0	153938	474.0645627556006	0.3
8586.32458840202	300	59.5251787576097	0.0	181901	620.4466405306019	0.3
8587.459116999466	300	59.566881811516495	0.0	111155	458.2969460932058	0.3
8588.21848325268	300	59.97531451058557	0.0	153605	591.5673009309247	0.3
8589.131892192796	300	59.7780095166694	0.0	149029	697.304993916	0.3
8590.211015845174	300	59.51149966357992	0.0	157421	766.509853089	0.3
8591.767310545118	300	59.84415921325126	0.0	157488	667.340450329	0.3
8593.366205610586	300	59.93768880532575	0.0	143881	906.470407925509	0.3
8594.71589420542	300	59.8100568366803	0.0	163444	627.6319686454449	0.3
8596.286018120381	300	59.586523192293214	0.0	179328	723.5336443870922	0.3
8597.54530052575	300	59.82467712489726	0.0	159914	761.8460673959485	0.3
8598.526832506053	300	59.748129303731446	0.0	131610	576.547821166	0.3
8599.384871824925	300	59.71210172386475	0.0	124011	536.027579867	0.3
8600.512759431816	300	59.50366378991969	0.0	144254	708.437933945	0.3
8602.017267814532	300	59.871134435036424	0.0	149991	632.529354883	0.3
8603.50178257567	300	59.74536656838466	0.0	147968	625.7678666517598	0.3
8604.843459594134	300	59.93390150639323	0.0	161857	811.465061991438	0.3
8606.17393443989	300	59.73377006175246	0.0	145210	700.131444640765	0.3
8607.47410329754	300	59.84335733348649	0.0	172312	890.4127282659724	0.3
8608.593513012702	300	59.68903054059572	0.0	167025	654.326792891	0.3
8609.58565726365	300	59.5004998762578	0.0	160064	688.5306643379266	0.3
8611.076233073336	300	59.857018764719825	0.0	137507	643.481111538	0.3
8612.471005284095	300	59.77318000841435	0.0	118421	583.8387563054789	0.3

