6366.467359588448	750	4.0	5.954660988755074	450283	5954.66098876	-24.855042251646818
6368.185772733959	300	6.28158685448829	0.0	155580	1718.41314551	-0.15000000000000002
6369.792720202504	300	8.674639385943516	0.0	139857	1606.94746854	0.3
6369.938883122821	300	12.528476465626499	0.0	155432	146.162920317	0.3
6370.088455669159	300	16.378903919288202	0.0	163442	149.572546338	0.3
6370.222213254752	300	20.24514633369504	0.0	126289	133.757585593	0.3
6370.367466515792	300	24.09989307265486	0.0	153295	145.25326104	0.3
6370.63355377306	750	27.83380581538719	0.0	437162	266.087257268	0.3
6370.777706674143	300	31.68965291430519	0.0	150710	144.152901082	-0.15000000000000002
6370.91691966137	300	35.55043992707798	0.0	139105	139.212987227	0.3
6371.05729685923	300	39.41006272921804	0.0	141840	140.37719786	0.3
6371.203764560099	300	43.26359502834781	0.0	156148	146.46770087	0.3
6371.352189496981	300	47.115170091466865	0.0	160746	148.424936881	0.3
6372.103235422033	1850	50.3641241664146	0.0	1036454	751.045925052	0.30000000000000004
6372.29978615255	300	54.16757343589723	0.0	140051	196.550730517	-1.25
6372.494890515889	300	57.972469072557814	0.0	138313	195.104363339	0.3
6373.515939402559	300	59.773040587321596	0.0	143509	199.428485236	0.3
6374.545288430694	300	59.62917627397024	0.0	150616	143.864313351	0.3
6375.6750365027365	1200	59.71704459534147	0.0	639204	412.131678628769	0.29999999999999993
6376.676686523586	300	59.785027781623775	0.0	140881	432.01681371769547	-0.6000000000000001
6377.651268963072	300	59.7925531654468	0.0	157671	492.474616177	0.3
6378.546308881581	300	59.796087117845815	0.0	157812	496.466047601	0.3
6379.273431167099	300	59.59181291054146	0.0	163927	204.274207304	0.3
6379.507113509303	300	59.94639577854669	0.0	137654	145.417131995	0.3
6380.859061495935	300	59.52455439033501	0.0	146754	921.841388212	0.3
6381.864229471754	300	59.697023701636006	0.0	153938	827.5306886990065	0.3
6382.787343501164	300	59.784285330489986	0.0	181901	912.7383711460213	0.3
6383.000221725228	300	59.64303404759094	0.0	111155	141.251282899	0.3
6383.800264223672	300	59.98882626895095	0.0	153605	154.20777864	0.3
6384.901729309423	300	59.721011085977054	0.0	149029	267.815182974	0.3
6385.615605806316	300	59.99089778891943	0.0	157421	230.113297058	0.3
6386.499131450237	300	59.75101656687699	0.0	157488	239.881222042	0.3
6389.489878160614	300	59.53746542262711	0.0	143881	2213.551144249884	0.3
6391.730003634145	300	59.76600046892586	0.0	163444	1771.4649537012547	0.3
6392.645690652045	300	59.502487219890035	0.0	179328	263.513249036	0.3
6393.214231152652	300	59.75430385401938	0.0	159914	248.183365871	0.3
6393.842257707446	300	59.5604691439904	0.0	131610	193.834710029	0.3
6394.225461268781	300	59.79596328570512	0.0	124011	264.505858285	0.3
6394.6720966239	300	59.59199445967024	0.0	144254	203.968826035	0.3
6404.836269346232	300	53.42782173733781	0.0	149991	10164.172722332432	0.3
6405.265693439275	300	56.99839764429533	0.0	147968	429.424093042	0.3
6405.77616571515	300	59.541293178588	0.0	161857	457.10446570732785	0.3
6406.9423215765255	300	59.944899152983446	0.0	145210	596.394025605	0.3
6408.077162947217	300	59.872359385523374	0.0	172312	572.5397674600705	0.3
6409.01749366579	300	59.8933448278526	0.0	167025	479.014557671	0.3
6410.54617158917	300	59.56966394661405	0.0	160064	823.6808812385543	0.3
6411.887637603302	300	59.711429460618334	0.0	137507	858.2344859957127	0.3
6413.993043097518	300	59.61034247757872	0.0	118421	1601.0869830396143	0.3

