1897.239964776816	750	4.0	0.16115784517155224	450283	161.157845172	0.05702126576232536
1897.3480061142675	300	7.891958662548242	0.0	155580	108.041337452	-0.15000000000000002
1897.4532135788002	300	11.786751198015587	0.0	139857	105.207464533	0.3
1897.5612282411141	300	15.678736535701653	0.0	155432	108.014662314	0.3
1897.6706866051443	300	19.569278171671634	0.0	163442	109.45836403	0.3
1897.773448608393	300	23.466516168422856	0.0	126289	102.762003249	0.3
1897.8810781033453	300	27.35888667347063	0.0	153295	107.629494952	0.3
1897.9924121981817	300	31.247552578634203	0.0	173849	111.334094836	0.3
1898.0995757794092	300	35.14038899740683	0.0	150710	107.163581227	0.3
1898.2046477054037	300	39.03531707141231	0.0	139105	105.071925995	0.3
1898.3102125807357	300	42.92975219608028	0.0	141840	105.564875332	0.3
1898.4183562930405	300	46.82160848377524	0.0	156148	108.143712305	0.3
1898.5273287369923	300	50.712636039823444	0.0	160746	108.972443952	0.3
1898.6463241997121	300	54.59364057710374	0.0	179801	118.99546272	0.3
1898.7683173220944	300	58.4716474547215	0.0	140051	121.993122382	0.3
1899.489771707747	300	59.85017545712023	0.0	138313	121.471997601	0.3
1900.21495310729	300	59.74707595137439	0.0	143509	103.099505746	0.3
1900.9849537898679	300	59.63361655698397	0.0	150616	113.45939439	0.3
1901.3347095127522	300	59.99700933963563	0.0	165384	136.607217348	0.3
1901.7841336312488	300	59.83887153315539	0.0	140881	158.13780648	0.3
1902.2423576279577	300	59.715402690808894	0.0	157671	123.468842346	0.3
1902.7676013022783	300	59.57965843083009	0.0	157812	135.744259979	0.3
1903.144397492591	750	59.79601004284442	0.0	401853	283.648387986	0.3
1904.5967873754469	300	59.82688900258012	0.0	137654	469.121040264	-0.15000000000000002
1904.891632395079	300	59.630600914059784	0.0	146754	196.28808852033552	0.3
1905.8486847773304	300	59.911853188489836	0.0	153938	218.74772557	0.3
1906.9441626710945	300	59.69326656994854	0.0	181901	218.586618541	0.3
1907.9505263231185	300	59.588530381548054	0.0	111155	104.7361884	0.3
1908.543357001105	300	59.95292877436641	0.0	153605	135.601607182	0.3
1909.23132793185	300	59.79705784439654	0.0	149029	155.87092997	0.3
1909.9846416431667	300	59.646950989125735	0.0	157421	150.106855271	0.3
1910.323443587714	300	59.98915344487501	0.0	157488	157.797544251	0.3
1910.7689819400334	300	59.81638646886366	0.0	143881	172.766976011	0.3
1911.2239049681614	300	59.68581064295362	0.0	163444	130.57582591	0.3
1911.7817987414332	300	59.52903735742663	0.0	179328	156.773285527	0.3
1912.88350523415	300	59.88874435494056	0.0	159914	140.293002486	0.3
1913.9976725062988	300	59.77236746398175	0.0	131610	116.376890959	0.3
1914.137348501281	300	59.66142465708559	0.0	124011	110.94280689616315	0.3
1914.2881152715922	300	59.56040786597286	0.0	144254	101.016791113	0.3
1914.9671427985932	300	59.95576909207182	0.0	149991	104.638773901	0.3
1915.6860198743811	300	59.84302493072769	0.0	147968	112.744161344	0.3
1916.4845368139775	300	59.70733291815151	0.0	161857	135.692012576	0.3
1917.3980218873626	300	59.541502844968974	0.0	145210	165.830073183	0.3
1919.3526882504432	300	59.64849716352998	0.0	172312	1393.0056814389895	0.3
1919.9893032042248	300	59.82052002745991	0.0	167025	327.97713607	0.3
1920.6311167109714	300	59.61393218294253	0.0	160064	206.587844517	0.3
1920.9988232304504	300	59.85819175431747	0.0	137507	255.740428625	0.3
1921.5727232445847	300	59.58722479267744	0.0	118421	270.96696164	0.3

