6567.090000828609	750	4.0	2.7559546623670776	450283	2755.95466237	-11.100605048178434
6568.1466794328535	300	6.943321395755358	0.0	155580	1056.67860424	-0.15000000000000002
6569.205671892346	300	9.884328936262518	0.0	139857	1058.99245949	0.3
6570.244180780202	300	12.845820048406015	0.0	155432	1038.50888786	0.3
6571.200313792274	300	15.889687036334784	0.0	163442	956.133012071	0.3
6571.9027364295525	300	19.187264399055557	0.0	126289	702.422637279	0.3
6572.736329694677	300	22.35367113393128	0.0	153295	833.593265124	0.3
6573.624929334445	300	25.465071494163656	0.0	173849	888.599639768	0.3
6574.50982807634	300	28.580172752267927	0.0	150710	884.898741896	0.3
6575.327980843055	300	31.762019985552843	0.0	139105	818.152766715	0.3
6575.894515305484	300	35.195485523123864	0.0	141840	566.534462429	0.3
6576.481181041379	300	38.60881978722825	0.0	156148	586.665735896	0.3
6577.021919818206	300	42.068081010401905	0.0	160746	540.738776826	0.3
6577.617275054493	300	45.47272577411513	0.0	179801	595.355236287	0.3
6578.188212195552	300	48.901788633056086	0.0	140051	570.937141059	0.3
6578.7573936540275	300	52.33260717457999	0.0	138313	569.181458476	0.3
6579.278228813171	300	55.81177201543647	0.0	143509	520.835159144	0.3
6579.814960992919	300	59.27503983568929	0.0	150616	536.732179747	0.3
6580.5558960423705	300	59.71452972430231	0.0	165384	560.510111387	0.3
6581.83068739841	300	59.807346515314585	0.0	140881	407.183208988	0.3
6583.352671000661	300	59.68065878771587	0.0	157671	626.6877275987243	0.3
6585.843169700217	300	59.553057375263236	0.0	157812	1627.6014124526373	0.3
6589.775270322865	300	59.62095675261554	0.0	163927	3932.100622647689	0.3
6593.46276525129	300	59.933461824190026	0.0	137654	3687.494928425517	0.3
6595.129881571249	300	59.74015008329933	0.0	146754	693.311740891	0.3
6596.88032829599	300	59.796329010462905	0.0	153938	943.8210728364256	0.3
6598.636395430868	300	59.51210826897592	0.0	181901	784.2207414869831	0.3
6600.383059102897	300	59.569699629657	0.0	111155	942.4086393189185	0.3
6601.306965771545	300	59.964373811688205	0.0	153605	605.3258179687947	0.3
6602.267167358415	300	59.829563443592896	0.0	149029	634.810368095	0.3
6603.8266722077215	300	59.75250662832638	0.0	157421	577.056815267	0.3
6605.219315273498	300	59.99240911245813	0.0	157488	760.097515868254	0.3
6606.49664267921	300	59.865018184556725	0.0	143881	627.3909279013993	0.3
6614.662946036736	300	55.698714827030635	0.0	163444	8166.30335752609	0.3
6617.421441135888	300	56.94021972787852	0.0	179328	2758.495099152111	0.3
6620.050919907738	750	58.310740956028695	0.0	365161	2629.4787718498255	0.3
6621.369759090093	300	59.54842821801992	0.0	131610	1262.3127380087772	-0.15000000000000002
6622.532329385378	300	59.94990629255084	0.0	124011	598.521925469	0.3
6624.112953998268	300	59.82161817101424	0.0	144254	1128.2881215366074	0.3
6625.576454122912	300	59.75503635436835	0.0	149991	1066.581816645887	0.3
6627.17976898778	300	59.60283807593352	0.0	147968	1152.1982784348265	0.3
6630.282665717929	750	59.716948004075505	0.0	384505	2885.8900718580117	0.3
6631.794945350757	300	59.50931151680763	0.0	145210	1207.6364872678812	-0.15000000000000002
6634.3613312510215	300	59.81344013945477	0.0	172312	1695.8713773528564	0.3
6636.635192138644	300	59.796766957099784	0.0	167025	1516.673182354984	0.3
6639.078205395948	750	59.89335418108133	0.0	393804	1903.412776018459	0.3
6639.987821963444	300	59.883846137976526	0.0	137507	509.508043105	-0.15000000000000002
6641.163733175771	300	59.69544479400774	0.0	118421	688.4013439687839	0.3

