15189.924324733607	750	4.0	7.941297778973574	450283	7941.29777897	-33.397580449586364
15192.185318975698	300	5.739005757908654	0.0	155580	2260.99424209	-0.15000000000000002
15194.263742893285	300	7.660581840322188	0.0	139857	2078.42391759	0.3
15196.564718792655	300	9.359605940951406	0.0	155432	2300.97589937	0.3
15198.915096271097	300	11.009228462509027	0.0	163442	2350.37747844	0.3
15200.72614372827	300	13.198181005334936	0.0	126289	1811.04745717	0.3
15202.9132251648	300	15.011099568805193	0.0	153295	2187.08143653	0.3
15205.414518743288	300	16.509805990318824	0.0	173849	2501.29357849	0.3
15207.593542351211	300	18.33078238239655	0.0	150710	2179.02360792	0.3
15209.589992868536	300	20.334331865071686	0.0	139105	1996.45051732	0.3
15211.622844391102	300	22.301480342504234	0.0	141840	2032.85152257	0.3
15213.844446944455	300	24.079877789151436	0.0	156148	2221.60255335	0.3
15216.11754536825	300	25.80677936535651	0.0	160746	2273.09842379	0.3
15218.651333759177	300	27.2729909744296	0.0	179801	2533.78839093	0.3
15220.644589638418	300	29.279735095188585	0.0	140051	1993.25587924	0.3
15222.614102461785	300	31.310222271820937	0.0	138313	1969.51282337	0.3
15224.669768097254	300	33.254556636351744	0.0	143509	2055.66563547	0.3
15226.831151780165	300	35.09317295344021	0.0	150616	2161.38368291	0.3
15229.186415761409	300	36.73790897219611	0.0	165384	2355.26398124	0.3
15231.184637307071	300	38.73968742653281	0.0	140881	1998.22154566	0.3
15233.411469806317	300	40.51285492728679	0.0	157671	2226.83249925	0.3
15236.369032060136	300	41.55529267346634	0.0	157812	2957.56225382	0.3
15239.42229811133	300	42.50202662227225	0.0	163927	3053.26605119	0.3
15241.675315123199	300	44.24900961040349	0.0	137654	2253.01701187	0.3
15244.059790705765	300	45.86453402783782	0.0	146754	2384.47558257	0.3
15246.236744402997	300	47.6875803306046	0.0	153938	2176.95369723	0.3
15248.794611950194	300	49.12971278340754	0.0	181901	2557.8675472	0.3
15250.398125013633	300	51.52619971996858	0.0	111155	1603.51306344	0.3
15252.58732906905	300	53.336995664551594	0.0	153605	2189.20405542	0.3
15254.794302161385	300	55.13002257221732	0.0	149029	2206.97309233	0.3
15260.68540732189	750	53.238917411713	0.0	358218	5891.1051605	0.3
15262.915560915992	300	55.008763817611005	0.0	157488	2230.1535941	-0.15000000000000002
15264.959338778233	300	56.96498595536887	0.0	143881	2043.77786224	0.3
15267.266821568952	300	58.65750316465091	0.0	163444	2307.48279072	0.3
15270.29084349174	300	59.63348124186098	0.0	179328	2524.02192279	0.3
15274.0685994756	300	59.855725258001186	0.0	159914	2277.75598386	0.3
15277.958450463078	300	59.96587427052265	0.0	131610	1889.8509874785373	0.3
15281.966183335975	300	59.67971958830016	0.0	124011	1786.15468222	0.3
15285.432898492332	300	59.51715110545796	0.0	144254	2162.56848284	0.3
15289.062531278587	300	59.88751831920444	0.0	149991	2129.63278625	0.3
15293.219898741369	300	59.73015085642192	0.0	147968	2157.367462782526	0.3
15297.060777880775	300	59.88927171701542	0.0	161857	2340.879139406495	0.3
15300.86378092236	300	59.79378322720217	0.0	145210	2095.48848981	0.3
15306.776297075845	300	57.881267073718206	0.0	172312	5912.5161534839635	0.3
15309.323656719333	300	59.33390743023106	0.0	167025	2547.359643487148	0.3
15315.320842564817	300	57.33672158474606	0.0	160064	5997.185845484995	0.3
15317.431285850778	300	59.22627829878486	0.0	137507	2110.44328596	0.3
15320.463540007991	300	59.89766096027257	0.0	118421	1828.61733851	0.3

