6230.377402665838	750	4.0	0.22617798157691843	450283	226.177981577	-0.2225653207807492
6230.507909503481	300	7.869493162358479	0.0	155580	130.506837642	-0.15000000000000002
6230.633312092451	300	11.74409057338798	0.0	139857	125.40258897	0.3
6230.763770883994	300	15.613631781844743	0.0	155432	130.458791543	0.3
6230.896830008289	300	19.48057265754981	0.0	163442	133.059124295	0.3
6231.0178279387355	300	23.35957472710303	0.0	126289	120.997930447	0.3
6231.147592983575	300	27.22980968226271	0.0	153295	129.76504484	0.3
6231.284030592633	300	31.093372073205373	0.0	173849	136.437609057	0.3
6231.412956453932	300	34.96444621190602	0.0	150710	128.925861299	0.3
6231.538114916781	300	38.83928774905653	0.0	139105	125.158462849	0.3
6231.664161258541	300	42.71324140729619	0.0	141840	126.04634176	0.3
6231.794852489317	300	46.58255017652071	0.0	156148	130.691230775	0.3
6232.000842781122	750	50.37655988471595	0.0	386351	205.990291805	0.3
6232.142504914464	300	54.23489775137404	0.0	179801	141.662133342	-0.15000000000000002
6232.270534922287	300	58.10686774355057	0.0	140051	128.030007823	0.3
6232.564713093739	300	59.97943377683782	0.0	138313	127.433966713	0.3
6232.9285528690725	300	59.84138599154049	0.0	143509	138.047785297	0.3
6233.372396044214	300	59.69236039898768	0.0	150616	149.025592553	0.3
6233.929374030756	300	59.521280197011286	0.0	165384	171.080201976	0.3
6235.025870962941	300	59.875480623201554	0.0	140881	145.79957381	0.3
6236.109411505475	300	59.7695590311225	0.0	157671	105.921592079	0.3
6236.33186842572	300	59.607140046226725	0.0	157812	162.41898489576855	0.3
6237.093982580979	300	59.96610193627197	0.0	163927	141.038109955	0.3
6237.8538754605925	300	59.856693519118274	0.0	137654	109.408417154	0.3
6238.6994486879885	300	59.71914913664971	0.0	146754	137.544382469	0.3
6239.546671578441	300	59.609552113886636	0.0	153938	109.597022763	0.3
6239.94748066743	300	59.98746050323768	0.0	181901	122.091610649	0.3
6240.349300952634	300	59.88590909980566	0.0	111155	101.551403432	0.3
6240.773570924444	300	59.784408554785976	0.0	153605	101.50054502	0.3
6241.236400223104	300	59.67437861885165	0.0	149029	110.029935934	0.3
6241.714725644051	300	59.571615589741015	0.0	157421	102.763029111	0.3
6242.756951744756	300	59.948283735305864	0.0	157488	123.331854435	0.3
6243.8124100055775	300	59.84000172803049	0.0	143881	108.282007275	0.3
6244.88330623836	300	59.73814173841252	0.0	163444	101.859989618	0.3
6245.988803346547	300	59.62991130590144	0.0	179328	108.230432511	0.3
6246.123408936652	300	59.52124184868654	0.0	159914	108.66945721488827	0.3
6246.803600185742	300	59.90411429058658	0.0	131610	117.1275581	0.3
6247.480494035075	300	59.807199211415	0.0	124011	96.9150791716	0.3
6248.18017508083	300	59.70734807361856	0.0	144254	99.8511377964	0.3
6248.932261623626	300	59.5912197562002	0.0	149991	116.128317418	0.3
6249.257263895191	300	59.95669773310624	0.0	147968	134.522023094	0.3
6249.678099112207	750	59.80102024883322	0.0	384505	155.677484273	0.3
6250.132389758479	300	59.666953792069215	0.0	145210	134.066456764	-0.15000000000000002
6250.673324814831	300	59.51609835864705	0.0	172312	150.855433422	0.3
6251.800451069568	300	59.85807504274371	0.0	167025	158.023315903	0.3
6251.9325149242095	300	59.736594584839736	0.0	160064	121.48045790397046	0.3
6252.11875152275	300	59.608267983937836	0.0	137507	128.326600902	0.3
6252.82768922122	300	59.99325413352232	0.0	118421	115.013850416	0.3

