16456.989816963174	750	4.0	7.871888630800044	450283	7871.8886308	-33.09912111244019
16459.753141626672	300	5.236675336501723	0.0	155580	2763.3246635	-0.15000000000000002
16462.158895504883	300	6.830921458291291	0.0	139857	2405.75387821	0.3
16464.836044274776	300	8.153772688397934	0.0	155432	2677.14876989	0.3
16467.721311122863	300	9.268505840311127	0.0	163442	2885.26684809	0.3
16469.962768253343	300	11.027048709833078	0.0	126289	2241.45713048	0.3
16472.630416514134	300	12.35940044904094	0.0	153295	2667.64826079	0.3
16475.65413178146	300	13.335685181715606	0.0	173849	3023.71526733	0.3
16478.304275244613	300	14.685541718561973	0.0	150710	2650.14346315	0.3
16480.7384987025	300	16.25131826067689	0.0	139105	2434.22345789	0.3
16483.185417902845	300	17.804399060329793	0.0	141840	2446.91920035	0.3
16485.86219627856	300	19.127620684616318	0.0	156148	2676.77837571	0.3
16488.594499178264	300	20.39531778491299	0.0	160746	2732.3028997	0.3
16491.624795835753	300	21.365021127422462	0.0	179801	3030.29665749	0.3
16493.98860406898	300	23.00121289419358	0.0	140051	2363.80823323	0.3
16496.323310987515	300	24.666505975660556	0.0	138313	2334.70691853	0.3
16498.741588884597	300	26.248228078577434	0.0	143509	2418.27789708	0.3
16501.303261776255	300	27.686555186922234	0.0	150616	2561.67289166	0.3
16504.181571122564	300	28.80824584061233	0.0	165384	2878.30934631	0.3
16510.078808812825	750	26.91100815035222	0.0	350713	5897.23769026	0.3
16534.150656628684	2850	6.839160334493067	0.0	1415116	24071.8478159	0.75
16536.92176111387	300	8.068055849308154	0.0	157812	2771.10448518	-2.25
16539.768879522475	300	9.22093744070466	0.0	163927	2847.1184086	0.3
16542.184158427666	300	10.805658535513222	0.0	137654	2415.27890519	0.3
16544.766837969775	300	12.222978993401565	0.0	146754	2582.67954211	0.3
16547.44466180366	300	13.545155159518796	0.0	153938	2677.82383388	0.3
16550.560088830327	300	14.429728132852572	0.0	181901	3115.42702667	0.3
16552.482198621557	300	16.507618341621708	0.0	111155	1922.10979123	0.3
16555.096675292258	300	17.893141670918048	0.0	153605	2614.4766707	0.3
16557.622575086596	300	19.36724187658122	0.0	149029	2525.89979434	0.3
16560.269635485187	300	20.72018147798982	0.0	157421	2647.06039859	0.3
16562.916771291424	300	22.07304567175237	0.0	157488	2647.13580624	0.3
16565.341110406815	300	23.64870655636437	0.0	143881	2424.33911539	0.3
16568.13211933293	300	24.85769763024845	0.0	163444	2791.00892612	0.3
16571.246362176586	300	25.743454786593304	0.0	179328	3114.24284366	0.3
16573.97903405776	300	27.01078290541957	0.0	159914	2732.67188117	0.3
16576.227772486745	300	28.76204447643253	0.0	131610	2248.73842899	0.3
16592.268897076377	1850	16.720919886802253	0.0	938587	16041.1245896	0.30000000000000004
16594.74777092572	300	18.242046037460657	0.0	144254	2478.87384934	-1.25
16597.3221806351	300	19.667636328077275	0.0	149991	2574.40970938	0.3
16599.941856636236	300	21.04796032694104	0.0	147968	2619.67600114	0.3
16602.79460063984	300	22.19521632333756	0.0	161857	2852.7440036	0.3
16605.32577258902	300	23.66404437415705	0.0	145210	2531.17194918	0.3
16608.32137997485	300	24.668436988328125	0.0	172312	2995.60738583	0.3
16611.249752424807	300	25.740064538369694	0.0	167025	2928.37244996	0.3
16614.032317412242	300	26.957499550934873	0.0	160064	2782.56498743	0.3
16616.406930768717	300	28.582886194461892	0.0	137507	2374.61335647	0.3
16618.457382183635	300	30.532434779543898	0.0	118421	2050.45141492	0.3

