3333.2314330791633	750	4.0	1.0786454680287763	450283	1078.64546803	-3.8881755125237376
3333.7063353223907	300	7.525097756772348	0.0	155580	474.902243228	-0.15000000000000002
3334.141505152878	300	11.089927926285394	0.0	139857	435.169830487	0.3
3334.5946237845596	300	14.636809294603408	0.0	155432	453.118631682	0.3
3335.027173396294	300	18.204259682869154	0.0	163442	432.549611734	0.3
3335.3795828009534	300	21.851850278209962	0.0	126289	352.409404659	0.3
3335.80254530903	300	25.4288877701331	0.0	153295	422.962508077	0.3
3336.317093121125	300	28.914339958038305	0.0	173849	514.547812095	0.3
3336.77380337405	300	32.45762970511303	0.0	150710	456.710252925	0.3
3337.240341705705	300	35.9910913734581	0.0	139105	466.538331655	0.3
3337.7302394769004	300	39.50119360226278	0.0	141840	489.897771195	0.3
3338.222875330433	300	43.008557748730524	0.0	156148	492.635853532	0.3
3338.6467906064277	300	46.584642472735666	0.0	160746	423.915275995	0.3
3339.1114739611558	300	50.11995911800738	0.0	179801	464.683354728	0.3
3339.5076358238166	300	53.723797255346895	0.0	140051	396.16186266	0.3
3339.918904610117	300	57.312528469046676	0.0	138313	411.2687863	0.3
3341.1724487092724	300	59.888814918959845	0.0	143509	423.713550087	0.3
3342.245688296941	300	59.97711039965994	0.0	150616	411.7045192999057	0.3
3343.664331460686	300	59.808556351972044	0.0	165384	668.5540476878958	0.3
3344.941043707164	300	59.755244786761494	0.0	140881	553.3115652105503	0.3
3346.0780094655506	300	59.50846224820181	0.0	157671	246.78253856	0.3
3347.0871350160287	300	59.658991082876206	0.0	157812	349.4711653256021	0.3
3347.765371734696	300	59.85969991611897	0.0	163927	299.291166757	0.3
3356.073478332151	300	55.55159331866416	0.0	137654	8308.106597454806	0.3
3356.945533789026	300	58.679537861789065	0.0	146754	872.0554568750931	0.3
3358.1925635803204	300	59.7155767692615	0.0	153938	963.9610925275605	0.3
3359.184830968862	300	59.82097742437439	0.0	181901	894.599344887118	0.3
3359.9923023984707	300	59.676075731397226	0.0	111155	644.901692977	0.3
3361.47091206771	300	59.97805576509351	0.0	153605	698.019966304	0.3
3362.6609700033982	300	59.983321648716995	0.0	149029	494.7341163765147	0.3
3364.357488406371	300	59.69272435688658	0.0	157421	790.597291830409	0.3
3365.7619420750966	300	59.90345807809503	0.0	157488	789.2662787915567	0.3
3368.20175403134	750	59.95114579494014	0.0	369834	1952.3122831548862	0.3
3369.026183054124	300	59.74268112009267	0.0	163444	208.464674847	-0.15000000000000002
3369.944143804312	300	59.551682918966925	0.0	179328	190.998201126	0.3
3370.394809715931	300	59.899831237688176	0.0	159914	151.851681279	0.3
3371.410391965141	300	59.5014472282535	0.0	131610	398.384009435	0.3
3372.0642598769186	300	59.94311239225236	0.0	124011	558.334836001138	0.3
3372.4705185987186	300	59.74774956924042	0.0	144254	195.362823012	0.3
3372.921928172086	300	59.58749273195086	0.0	149991	160.25683729	0.3
3373.9492074982895	300	59.92942943688824	0.0	147968	158.063295063	0.3
3374.868500431398	300	59.6143909859045	0.0	161857	815.0384509837394	0.3
3376.3862566066864	300	59.867640139322404	0.0	145210	746.750846582	0.3
3377.7784123737697	300	59.76706492013401	0.0	172312	600.5752191883898	0.3
3379.0814263851216	300	59.721348188405564	0.0	167025	545.7167317284511	0.3
3380.3927358115743	300	59.65434211499053	0.0	160064	567.0060734150363	0.3
3388.184289962837	300	55.86278796372769	0.0	137507	7791.554151262834	0.3
3388.683117965224	300	59.36395996134037	0.0	118421	498.828002387	0.3

