4719.781072720113	750	4.0	2.3888501576206145	450283	2388.85015762	-9.522055677768641
4720.75186523359	300	7.029207486523076	0.0	155580	970.792513477	-0.15000000000000002
4721.834698862763	300	9.946373857350139	0.0	139857	1082.83362917	0.3
4722.978107203574	300	12.802965516539775	0.0	155432	1143.40834081	0.3
4724.041617484513	300	15.739455235600945	0.0	163442	1063.51028094	0.3
4724.953115776764	300	18.827956943349598	0.0	126289	911.498292251	0.3
4725.886842932226	300	21.894229787888943	0.0	153295	933.727155461	0.3
4726.826344770308	300	24.95472794980544	0.0	173849	939.501838084	0.3
4727.614285841912	300	28.166786878201613	0.0	150710	787.941071604	0.3
4728.338271837688	300	31.442800882426024	0.0	139105	723.985995776	0.3
4729.017018325802	300	34.76405439431176	0.0	141840	678.746488114	0.3
4729.725433211379	300	38.05563950873478	0.0	156148	708.414885577	0.3
4730.435917853351	300	41.345154866761895	0.0	160746	710.484641973	0.3
4731.161373010123	300	44.619699709991245	0.0	179801	725.455156771	0.3
4731.691173483847	300	48.089899236266895	0.0	140051	529.800473724	0.3
4732.2116625953995	300	51.56941012471364	0.0	138313	520.489111553	0.3
4732.741419514679	300	55.03965320543368	0.0	143509	529.75691928	0.3
4733.74141332052	750	58.03965939959348	0.0	372963	999.99380584	0.3
4735.0313373456775	300	59.60929276602844	0.0	165384	430.366633565	-0.15000000000000002
4736.386781836312	300	59.80384921650679	0.0	140881	805.4435495216525	0.3
4737.846944966942	300	59.745268121748886	0.0	157671	1058.5810947579048	0.3
4738.799609199621	300	59.84872702334538	0.0	157812	896.5410984035029	0.3
4740.575962010422	300	59.942612185082766	0.0	163927	906.114838263	0.3
4741.773499288065	300	59.88246253252977	0.0	137654	560.1496525529847	0.3
4743.0415882156285	300	59.76511188129334	0.0	146754	617.3506512364332	0.3
4744.129678562648	300	59.751435845946965	0.0	153938	513.6760353463793	0.3
4745.528993739295	300	59.541985413460395	0.0	181901	709.4504324865666	0.3
4746.630886708229	750	59.78597130107394	0.0	277716	756.014112386451	0.3
4747.169893550162	300	59.78640730838056	0.0	153605	499.563992693	-0.15000000000000002
4747.955372040106	300	59.56838948802898	0.0	149029	718.017820352	0.3
4749.160097160222	300	59.945757262766676	0.0	157421	622.632225262	0.3
4750.356099318313	300	59.55730263114808	0.0	157488	888.4546316185865	0.3
4751.914936872893	300	59.88365761709409	0.0	143881	673.645014054	0.3
4753.5739374046525	300	59.94975362147766	0.0	163444	933.9039956164257	0.3
4755.248489313333	300	59.67502593520883	0.0	179328	774.727686268828	0.3
4756.704375603134	300	59.59199490151395	0.0	159914	583.0310336948813	0.3
4759.019890784	750	59.55566493913483	0.0	321064	1536.3299623791243	0.3
4760.159763429461	300	59.574821225646936	0.0	124011	480.8437134878939	-0.15000000000000002
4760.941556357705	300	59.9149392275117	0.0	144254	659.881998135232	0.3
4762.031551245997	300	59.867897248419844	0.0	149991	1047.0419790918504	0.3
4763.610698294218	300	59.539800178909665	0.0	147968	1328.0970695101812	0.3
4765.937278317776	300	59.698035156486654	0.0	161857	1341.7650224230172	0.3
4767.7978390138205	300	59.61916230903073	0.0	145210	1078.8728474559248	0.3
4769.847231222052	300	59.679310129209796	0.0	172312	1439.852179820932	0.3
4771.903576615767	300	59.50090744655822	0.0	167025	1678.4026826515706	0.3
4774.307009270645	300	59.888662474650104	0.0	160064	1612.2449719081162	0.3
4775.823817043414	300	59.96585242975045	0.0	137507	922.8100448996522	0.3
4777.353635168099	300	59.64944223134316	0.0	118421	816.4101984072911	0.3

