17029.508656136826	750	4.0	1.6425749633046762	450283	1642.5749633	-6.313072342210107
17030.111402903924	300	7.3972532329055465	0.0	155580	602.746767094	-0.15000000000000002
17030.974181471964	750	10.53447466486382	0.0	350812	862.778568042	0.3
17031.397970300728	300	14.110685836097947	0.0	155432	423.788828766	-0.15000000000000002
17031.837519330038	300	17.67113680678485	0.0	163442	439.549029313	0.3
17032.195337071887	300	21.313319064938074	0.0	126289	357.817741847	0.3
17032.69597033878	300	24.812685798047493	0.0	153295	500.633266891	0.3
17033.32946431948	300	28.179191817349057	0.0	173849	633.493980698	0.3
17033.915980500202	300	31.592675636625167	0.0	150710	586.516180724	0.3
17034.47784414739	300	35.030811989436444	0.0	139105	561.863647189	0.3
17034.965443452395	300	38.543212684430955	0.0	141840	487.599305005	0.3
17035.43690833073	300	42.07174780609937	0.0	156148	471.464878332	0.3
17035.92014752121	300	45.58850861561728	0.0	160746	483.239190482	0.3
17036.45896984976	300	49.04968628706863	0.0	179801	538.822328549	0.3
17036.896356771605	300	52.612299365218554	0.0	140051	437.38692185	0.3
17037.302120019023	300	56.20653611780383	0.0	138313	405.763247415	0.3
17037.693990171825	300	59.814665965002476	0.0	143509	391.870152801	0.3
17038.39652898337	300	59.90735105838108	0.0	150616	407.314906621	0.3
17047.619879714577	300	54.68400032717375	0.0	165384	9223.350731207325	0.3
17050.263173791125	300	56.04070625062751	0.0	140881	2643.2940765462386	0.3
17052.937811712676	300	57.36606832907877	0.0	157671	2674.6379215487373	0.3
17055.311106641682	300	58.99277340006881	0.0	157812	2373.2949290099587	0.3
17066.463961413625	300	51.83991862812511	0.0	163927	11152.854771943707	0.3
17067.461934511342	300	54.84194553041054	0.0	137654	997.9730977145643	0.3
17068.25755645329	300	58.0463235884656	0.0	146754	795.6219419449512	0.3
17070.08313041909	300	59.64166229298449	0.0	153938	904.6612954811059	0.3
17071.661019307026	300	59.77317418417753	0.0	181901	868.4881088069571	0.3
17073.20080367654	300	59.567982388982855	0.0	111155	705.1917951946776	0.3
17074.584755666572	300	59.753302681129206	0.0	153605	814.6797078536508	0.3
17075.8467917354	300	59.86692078780423	0.0	149029	886.381893324975	0.3
17077.153761279886	300	59.61126310331213	0.0	157421	755.6576844920985	0.3
17078.465879854648	300	59.6908597459273	0.0	157488	920.4033573848382	0.3
17079.48978116929	300	59.83476669729405	0.0	143881	856.0930486332472	0.3
17080.1328710339	300	59.5571258979954	0.0	163444	277.640799299	0.3
17080.510156109023	300	59.76120789308894	0.0	179328	295.918004906	0.3
17080.94509234339	300	59.54442331101415	0.0	159914	216.784582075	0.3
17082.12541459459	300	59.773338011558614	0.0	131610	271.085299456	0.3
17082.414954081327	300	59.543186744064464	0.0	124011	230.15126749415023	0.3
17090.86143398231	300	55.09670684308407	0.0	144254	8446.479900980394	0.3
17091.41520821534	300	58.54293261005213	0.0	149991	553.774233032	0.3
17092.645589937165	300	59.58756292576653	0.0	147968	455.3696842856037	0.3
17093.831406382993	300	59.59216072162166	0.0	161857	495.40220414486816	0.3
17094.926119064075	300	59.60001150192309	0.0	145210	492.149219698565	0.3
17097.75718877945	750	59.69575837492572	0.0	438281	2404.2531269973765	0.3
17098.940674931466	300	59.777423593108956	0.0	167025	918.3347818167639	-0.15000000000000002
17099.811501775304	300	59.93458585628767	0.0	160064	842.8377368212869	0.3
17100.9593229092	300	59.58466984284982	0.0	137507	849.916013438	0.3
17102.38090094821	300	59.98283338356975	0.0	118421	601.83645928	0.3

