5059.0147293630735	750	4.0	3.3113803782572924	450283	3311.38037826	-13.488935626506356
5060.211223121997	300	6.803506241076679	0.0	155580	1196.49375892	-0.15000000000000002
5066.327765559408	1850	4.686963803664518	0.0	877771	6116.54243741	0.30000000000000004
5067.464920066371	300	7.549809296702779	0.0	155432	1137.15450696	-1.25
5068.65655375137	300	10.35817561170329	0.0	163442	1191.633685	0.3
5069.5954951889735	300	13.419234174099122	0.0	126289	938.941437604	0.3
5072.079272298348	750	14.935457064724954	0.0	352642	2483.77710937	0.3
5073.349447426591	300	17.665281936481733	0.0	173849	1270.17512824	-0.15000000000000002
5074.4612123120805	300	20.55351705099182	0.0	150710	1111.76488549	0.3
5075.493529042199	300	23.52120032087388	0.0	139105	1032.31673012	0.3
5076.5445696589995	300	26.47015970407414	0.0	141840	1051.0406168	0.3
5079.417347154423	750	27.597382208651137	0.0	405134	2872.77749542	0.3
5080.60555238604	300	30.409176977033926	0.0	160746	1188.20523162	-0.15000000000000002
5081.931568944161	300	33.083160418912854	0.0	179801	1326.01655812	0.3
5083.038228172702	300	35.976501190371565	0.0	140051	1106.65922854	0.3
5084.132146801467	300	38.88258256160611	0.0	138313	1093.91862877	0.3
5085.264155278584	300	41.75057408448897	0.0	143509	1132.00847712	0.3
5086.448262399319	300	44.56646696375456	0.0	150616	1184.10712073	0.3
5089.421468204409	750	45.593261158663395	0.0	405596	2973.20580509	0.3
5090.497918974942	300	48.51681038813119	0.0	140881	1076.45077053	-0.15000000000000002
5093.292807711832	750	49.721921651240635	0.0	386472	2794.88873689	0.3
5094.466609694666	300	52.548119668407445	0.0	157812	1173.80198283	-0.15000000000000002
5097.331870690074	750	53.68285867299857	0.0	401853	2865.26099541	0.3
5098.375906742445	300	56.63882262062722	0.0	137654	1044.03605237	-0.15000000000000002
5099.48669395443	300	59.52803540864273	0.0	146754	1110.78721198	0.3
5101.0125329185985	300	59.86678841136521	0.0	153938	1161.24699728	0.3
5105.147442996737	300	59.731878333226916	0.0	181901	1634.91007814	0.3
5109.104809876031	300	59.77451145393259	0.0	111155	957.3668792943246	0.3
5112.590593997197	300	59.64005385551203	0.0	153605	1134.45759842	0.3
5114.656096855959	300	59.99296568750341	0.0	149029	1147.08816801	0.3
5118.816299432111	300	59.83276311135122	0.0	157421	1160.20257615	0.3
5122.972205644265	300	59.67685689919773	0.0	157488	1155.9062121534892	0.3
5127.032075784425	300	59.61698675903807	0.0	143881	1059.87014015966	0.3
5129.780268251067	300	59.98008733532644	0.0	163444	1136.89942371	0.3
5131.970006975394	300	59.65086449462764	0.0	179328	1329.2228407	0.3
5135.799250607961	750	59.82162086206128	0.0	365161	2829.24363257	0.3
5139.839118282523	300	59.78175318749889	0.0	131610	1039.867674562392	-0.15000000000000002
5143.259675311052	300	59.81628826861349	0.0	124011	965.464918885	0.3
5145.807883362144	300	59.72973029788974	0.0	144254	1086.55797072	0.3
5147.541045062603	300	59.55397448784383	0.0	149991	1175.75581005	0.3
5151.175158418544	300	59.9198611319039	0.0	147968	1134.11335594	0.3
5155.449581114834	300	59.64543843561387	0.0	161857	1274.4226962900282	0.3
5158.7279199769	300	59.86923997590165	0.0	145210	1276.19845971	0.3
5161.156455720017	300	59.616042305520686	0.0	172312	1253.19767038	0.3
5164.904659183608	300	59.86783884193118	0.0	167025	1248.20346359	0.3
5169.073887654046	300	59.69861037149199	0.0	160064	1169.228470439196	0.3
5172.949661374436	300	59.687108514679906	0.0	137507	1011.50185681	0.3
5175.510523833282	300	59.79881321704587	0.0	118421	888.295297634	0.3

