253.352277677419	750	4.0	6.536555491203938	450283	6536.5554912	-27.35718861217693
254.98259642710576	300	6.36968125031325	0.0	155580	1630.31874969	-0.15000000000000002
256.09040114649395	300	9.261876530925072	0.0	139857	1107.80471939	0.3
257.3238302062652	300	12.028447471153813	0.0	155432	1233.42905977	0.3
258.59126616100025	300	14.761011516418739	0.0	163442	1267.43595474	0.3
259.8016719800545	300	17.550605697364503	0.0	126289	1210.40581905	0.3
260.8828664037955	300	20.469411273623503	0.0	153295	1081.19442374	0.3
262.09392945143696	300	23.25834822598206	0.0	173849	1211.06304764	0.3
263.1290975438198	300	26.223180133599207	0.0	150710	1035.16809238	0.3
264.32863316804924	300	29.02364450936979	0.0	139105	1199.53562423	0.3
265.3625029216817	300	31.989774755737294	0.0	141840	1033.86975363	0.3
266.68821878312906	300	34.664058894289965	0.0	156148	1325.71586145	0.3
267.8554882821779	300	37.49678939524114	0.0	160746	1167.26949905	0.3
269.1615912896869	300	40.19068638773213	0.0	179801	1306.10300751	0.3
270.13307704405844	300	43.21920063336061	0.0	140051	971.485754372	0.3
271.08403314097313	300	46.26824453644587	0.0	138313	950.956096915	0.3
272.2236703513298	300	49.12860732608917	0.0	143509	1139.63721036	0.3
273.29767157593756	300	52.054606101481475	0.0	150616	1074.00122461	0.3
274.5246340458642	300	54.827643631554814	0.0	165384	1226.96246993	0.3
275.6339706036504	300	57.71830707376859	0.0	140881	1109.33655779	0.3
277.0827911159359	300	59.89852102634356	0.0	157671	1319.78604743	0.3
278.54110742334024	300	59.58438010507156	0.0	157812	1314.1409212719943	0.3
280.15884475613973	300	59.95159913173801	0.0	163927	1132.7809733335503	0.3
281.30857217626664	300	59.524713601407505	0.0	137654	926.8855303304998	0.3
282.8427695281357	300	59.929035870371195	0.0	146754	1095.6777310363118	0.3
284.2960235633645	300	59.656668663173186	0.0	153938	1272.3672071980116	0.3
287.108422945095	300	59.685412386323286	0.0	181901	1971.2562768498988	0.3
291.3648722999029	1200	59.42896303151536	0.0	487160	4256.449354807931	0.29999999999999993
292.5094462106098	300	59.865972306006185	0.0	153605	1062.9907255091703	-0.6000000000000001
294.60758826377673	300	59.647692872021594	0.0	149029	1218.279433984596	0.3
296.3933137585336	300	59.889261434234314	0.0	157421	1258.4314377872772	0.3
298.8310975989815	300	59.58951654249516	0.0	157488	1799.7448917391505	0.3
300.2859744698681	300	59.87659758140624	0.0	143881	1212.9189610889232	0.3
301.8783294347697	300	59.59189905385427	0.0	163444	1284.6985275519664	0.3
303.9204261005841	300	59.6196789396219	0.0	179328	1972.2201142323747	0.3
306.5940918572913	300	59.77228433705932	0.0	159914	1847.3946025625758	0.3
308.82857717191416	300	59.68867725682018	0.0	131610	1583.6070802391391	0.3
310.394114446509	300	59.610847736714625	0.0	124011	1077.8295201055537	0.3
312.16944637608475	300	59.64303564917138	0.0	144254	1467.8120875432414	0.3
313.73492650844594	300	59.664055504007024	0.0	149991	1478.9801451643614	0.3
316.067049015146	300	59.6217442442554	0.0	147968	1542.31125975162	0.3
318.20740074431313	300	59.53647400314605	0.0	161857	1585.2702411093542	0.3
320.5916416458534	300	59.95189429640483	0.0	145210	1584.579706741211	0.3
322.75678027229077	300	59.60915558058564	0.0	172312	1342.7387158191943	0.3
324.3164597296094	300	59.84051580723541	0.0	167025	1268.63977335023	0.3
326.6385429063398	300	59.90499406085441	0.0	160064	1435.5217463809968	0.3
328.6216122867819	300	59.75174008580811	0.0	137507	1153.253975046307	0.3
330.065862834718	300	59.7390225145379	0.0	118421	1012.7175712702108	0.3

