15086.523178371597	750	4.0	0.30026470183591425	450283	300.264701836	-0.5411382178944313
15086.679283359597	300	7.843895011999939	0.0	155580	156.104988	-0.15000000000000002
15086.827697135832	300	11.695481235764404	0.0	139857	148.413776236	0.3
15086.983729726748	300	15.539448644847669	0.0	155432	156.032590917	0.3
15087.143680565216	300	19.379497806380606	0.0	163442	159.950838467	0.3
15087.285457289921	300	23.237721081676018	0.0	126289	141.776724705	0.3
15087.440444525655	300	27.082733845942183	0.0	153295	154.987235734	0.3
15087.60548615092	300	30.91769222067658	0.0	173849	165.041625266	0.3
15087.759208883543	300	34.76396948805357	0.0	150710	153.722732623	0.3
15087.907254804328	300	38.61592356726845	0.0	139105	148.045920785	0.3
15088.056638603646	300	42.46653976795024	0.0	141840	149.383799318	0.3
15088.229137273003	300	46.294041098593446	0.0	156148	172.498669357	0.3
15088.429858803931	300	50.09331956766365	0.0	160746	200.72153093	0.3
15088.644890792179	300	53.87828757941692	0.0	179801	215.031988247	0.3
15088.830070212682	300	57.69310815891346	0.0	140051	185.179420503	0.3
15089.524975092825	300	59.50923399030278	0.0	138313	183.874168611	0.3
15089.823135265684	300	59.825669259639895	0.0	143509	183.564730663	0.3
15090.257652255814	300	59.62570848567244	0.0	150616	199.960773967	0.3
15091.531133633827	300	59.56624590474694	0.0	165384	1059.4625809254903	0.3
15093.30073242568	300	59.74845590736543	0.0	140881	817.789997382	0.3
15094.184587361824	300	59.99243283652873	0.0	157671	256.02307083670064	0.3
15095.250142822795	300	59.733571038696326	0.0	157812	258.861797832	0.3
15096.424727600583	300	59.50962548137236	0.0	163927	223.945557324	0.3
15097.235078614398	300	59.78976958469588	0.0	137654	219.85589667647662	0.3
15098.254873663109	300	59.535119618910876	0.0	146754	254.649965785	0.3
15099.40310434091	300	59.55357682147211	0.0	153938	481.5427974387629	0.3
15101.067374400365	300	59.51478573192685	0.0	181901	1038.7910895452621	0.3
15102.162718077294	300	59.739853378417244	0.0	111155	774.9323535096022	0.3
15102.756798481336	300	59.563018838106295	0.0	153605	176.834540311	0.3
15102.947460551064	300	59.88631073510625	0.0	149029	176.708103	0.3
15103.29329567423	300	59.6803701568889	0.0	157421	205.940578217	0.3
15104.098916569435	300	59.5575069817591	0.0	157488	622.86317513	0.3
15104.58159673377	300	59.617545759630694	0.0	143881	439.961222128	0.3
15105.40175801227	300	59.938824591482955	0.0	163444	178.721168148	0.3
15106.40038801365	300	59.72022964596939	0.0	179328	218.594945514	0.3
15107.5191940554	300	59.510844153028735	0.0	159914	209.385492941	0.3
15108.21471868838	300	59.82779211094201	0.0	131610	183.0520420867282	0.3
15109.011796129958	300	59.645489685599664	0.0	124011	182.302425342	0.3
15110.073996331163	300	59.63177709311584	0.0	144254	513.7125924838156	0.3
15111.077800714147	300	59.61411870598378	0.0	149991	517.658387132	0.3
15111.930095805135	300	59.641044158416115	0.0	147968	473.074547568	0.3
15113.160800811702	300	59.6753019268419	0.0	161857	965.7422315742234	0.3
15114.181191243124	300	59.7575880986281	0.0	145210	917.7138282137994	0.3
15114.696753467128	300	59.51114528822977	0.0	172312	246.442810398	0.3
15115.876082134353	300	59.76604066142035	0.0	167025	245.104626809	0.3
15116.26218886899	300	59.50009931430954	0.0	160064	265.9413471108088	0.3
15125.238808880255	750	54.523479303045065	0.0	331053	8976.620011264473	0.3
15125.737109833983	300	58.02517834931847	0.0	118421	498.300953727	-0.15000000000000002

