13847.656396016268	750	4.0	2.5022832189168573	450283	2502.28321892	-10.009817841342485
13848.739880531904	300	6.916515484363082	0.0	155580	1083.48451564	-0.15000000000000002
13849.790656657002	300	9.865739359267735	0.0	139857	1050.7761251	0.3
13850.892940755546	300	12.763455260723502	0.0	155432	1102.28409854	0.3
13851.951121023474	300	15.705274992796	0.0	163442	1058.18026793	0.3
13852.8188886648	300	18.837507351470464	0.0	126289	867.767641326	0.3
13853.839055612214	300	21.817340404057067	0.0	153295	1020.16694741	0.3
13854.898127774613	300	24.758268241658897	0.0	173849	1059.0721624	0.3
13855.772534265598	300	27.883861750673383	0.0	150710	874.406490986	0.3
13856.693460702292	300	30.96293531397863	0.0	139105	920.926436695	0.3
13857.840769778015	300	33.8156262382568	0.0	141840	1147.30907572	0.3
13858.76173693379	300	36.89465908248192	0.0	156148	920.967155775	0.3
13859.939880719316	300	39.716515296956786	0.0	160746	1178.14378553	0.3
13861.092288248145	300	42.56410776812867	0.0	179801	1152.40752883	0.3
13861.966985149838	300	45.68941086643404	0.0	140051	874.696901695	0.3
13863.22616426901	300	48.43023174726252	0.0	138313	1259.17911917	0.3
13864.374013325629	300	51.28238269064451	0.0	143509	1147.84905662	0.3
13865.435454653574	300	54.22094136269904	0.0	150616	1061.44132795	0.3
13866.547088003354	300	57.109308012918795	0.0	165384	1111.63334978	0.3
13867.948292565421	300	59.70810345085263	0.0	140881	901.204562066	0.3
13869.493158080657	300	59.69326057726667	0.0	157671	1014.8428735859637	0.3
13870.69906276776	300	59.750319554539914	0.0	157812	942.9410227267564	0.3
13871.56364961822	300	59.890007961498405	0.0	163927	860.311593041511	0.3
13873.252231999988	300	59.69635439932404	0.0	137654	693.653562174	0.3
13875.942206542446	750	59.62533153789242	0.0	359903	2071.02286143162	0.3
13877.51704891253	300	59.53738619336205	0.0	153938	1087.9453445303734	-0.15000000000000002
13879.625691706562	300	59.866513309123846	0.0	181901	1170.8728842382031	0.3
13880.932086194034	300	59.8872010202845	0.0	111155	979.3122888393513	0.3
13882.054597986737	300	59.87948622324914	0.0	153605	1007.7147970353599	0.3
13883.631675213814	300	59.95834610754433	0.0	149029	921.140115705	0.3
13885.472035904128	300	59.54513431807338	0.0	157421	913.211789470947	0.3
13887.205403280836	300	59.548025080140874	0.0	157488	997.109237932503	0.3
13888.17895959812	300	59.62437599088678	0.0	143881	923.6490892540933	0.3
13890.137541363432	300	59.74003872224525	0.0	163444	1384.3372686415228	0.3
13893.49260710785	300	59.540128098372016	0.0	179328	2699.9106238732425	0.3
13895.297989343577	300	59.914514540781106	0.0	159914	1625.6135575909082	0.3
13896.693774712603	300	59.72750619533487	0.0	131610	1187.0083454462379	0.3
13898.781974087497	300	59.612795019678885	0.0	124011	1114.7111756559848	0.3
13900.388921376301	300	59.58606547489566	0.0	144254	1026.7295447832284	0.3
13902.378861399975	300	59.90620433506874	0.0	149991	1179.8611398269156	0.3
13904.226062890923	300	59.84214303151848	0.0	147968	1064.0613035502606	0.3
13906.247614290109	300	59.673437425624144	0.0	161857	1168.7056058943444	0.3
13916.010977356158	750	53.910074359575255	0.0	372093	9763.363066048885	0.3
13917.824282043142	300	56.096769672591584	0.0	172312	1813.3046869836774	-0.15000000000000002
13918.84552746151	300	59.075524254222984	0.0	167025	1021.2454183685953	0.3
13920.150408226167	300	59.849463354241365	0.0	160064	1226.060899981619	0.3
13922.175803481581	300	59.8006756588721	0.0	137507	1048.787695369258	0.3
13923.594715812274	300	59.879523273547484	0.0	118421	921.1523853246154	0.3

