11558.718170341708	750	4.0	0.8178588912444568	450283	817.858891244	-2.766793232351164
11559.053112425463	300	7.6650579162442005	0.0	155580	334.942083756	-0.15000000000000002
11559.321901289435	300	11.396269052272624	0.0	139857	268.788863972	0.3
11559.610258668077	300	15.10791167363022	0.0	155432	288.357378642	0.3
11559.909353492054	300	18.80881684965529	0.0	163442	299.094823975	0.3
11560.158644532454	300	22.559525809255817	0.0	126289	249.291040399	0.3
11560.444137251836	300	26.274033089873793	0.0	153295	285.492719382	0.3
11560.84701682263	300	29.871153519079243	0.0	173849	402.879570795	0.3
11561.212729754217	300	33.50544058749318	0.0	150710	365.712931586	0.3
11561.556442164463	300	37.161728177246495	0.0	139105	343.712410247	0.3
11561.88077721328	300	40.83739312842931	0.0	141840	324.335048817	0.3
11562.198644529908	300	44.519525811802	0.0	156148	317.867316627	0.3
11562.867190496852	750	47.85097984485859	0.0	386351	668.545966943	0.3
11563.135184256576	300	51.58298608513479	0.0	179801	267.993759724	-0.15000000000000002
11563.337247684656	300	55.38092265705517	0.0	140051	202.06342808	0.3
11563.537796334276	300	59.18037400743486	0.0	138313	200.54864962	0.3
11564.225435811773	300	59.975296710591	0.0	143509	205.077296844	0.3
11565.13577569003	300	59.721407861789544	0.0	150616	253.888848801	0.3
11567.735897779983	300	59.70957233154073	0.0	165384	2011.8355302488137	0.3
11569.257611239722	300	59.95285888152327	0.0	140881	1256.7134500174548	0.3
11569.867447533701	300	59.990440739393755	0.0	157671	462.41814213	0.3
11570.821064132488	300	59.54734151592525	0.0	157812	443.099223469	0.3
11571.515065749625	300	59.91559939501614	0.0	163927	631.7421209091133	0.3
11580.32854256431	300	55.10212258033094	0.0	137654	8813.476814685195	0.3
11581.368233622825	300	58.062431521816265	0.0	146754	1039.6910585146788	0.3
11583.188722750168	300	59.739900642858416	0.0	153938	822.5308789578519	0.3
11585.118363775122	300	59.734059254575605	0.0	181901	1005.8413882828094	0.3
11585.878016866474	300	59.52613252723355	0.0	111155	707.9267273420527	0.3
11594.826709799745	300	54.577439593963355	0.0	153605	8948.6929332702	0.3
11595.64306611968	300	57.76108327402838	0.0	149029	816.3563199349729	0.3
11597.200350959522	300	59.77082866271461	0.0	157421	990.2546113137694	0.3
11598.589473814838	300	59.81978234932083	0.0	157488	951.0463133937759	0.3
11599.889724696895	300	59.59869517925393	0.0	143881	721.0871700669038	0.3
11600.451218290884	300	59.81753023825484	0.0	163444	281.164940999	0.3
11601.35210105752	750	59.96725318143184	0.0	401088	850.2770568229946	0.3
11601.79302920322	300	59.732091963488955	0.0	159914	235.161217943	-0.15000000000000002
11602.235500936467	300	59.573739560742965	0.0	131610	158.352402746	0.3
11603.263060779982	300	59.91201930423661	0.0	124011	161.720256506	0.3
11603.56934943671	300	59.651794769376515	0.0	144254	260.22453486009283	0.3
11604.567400631251	300	59.88580123303972	0.0	149991	265.993536337	0.3
11605.77953737624	300	59.60576168964761	0.0	147968	280.039543392	0.3
11608.328571210295	300	59.75729337341831	0.0	161857	1848.4683162293006	0.3
11611.46197164457	300	59.50087591519387	0.0	145210	2256.4174582244395	0.3
11612.833872658197	300	59.963416896405626	0.0	172312	1037.4590187882495	0.3
11614.196259858114	300	59.90944429386614	0.0	167025	1053.9726025394825	0.3
11615.440998213568	300	59.901282414828856	0.0	160064	1008.1618790372784	0.3
11655.255655628443	300	24.08662499995352	0.0	137507	39814.657414875335	0.3
11657.47435352473	300	25.86792710366396	0.0	118421	2218.697896289563	0.3

