12878.562212547971	750	4.0	2.2404717783316226	450283	2240.47177833	-8.884028646825977
12880.336137653232	750	6.2260748947385895	0.0	398865	1773.92510526	0.75
12886.018504284531	2850	4.543708263439742	0.0	1300868	5682.3666313	0.75
12886.732661771272	300	7.829550776699636	0.0	155432	714.15748674	-2.25
12887.500516085429	300	11.06169646254215	0.0	163442	767.854314157	0.3
12888.141584272738	300	14.420628275232072	0.0	126289	641.06818731	0.3
12888.966910637148	300	17.595301910822204	0.0	153295	825.32636441	0.3
12889.840099533521	300	20.72211301444944	0.0	173849	873.188896373	0.3
12890.53727822729	300	24.024934320680245	0.0	150710	697.178693769	0.3
12891.148289345294	300	27.413923202676713	0.0	139105	611.011118004	0.3
12891.880601695786	300	30.681610852186108	0.0	141840	732.312350491	0.3
12892.65301663014	300	33.909195917832626	0.0	156148	772.414934353	0.3
12893.31850561211	300	37.24370693586213	0.0	160746	665.48898197	0.3
12894.200967806033	300	40.361244741936474	0.0	179801	882.462193926	0.3
12894.97692005097	300	43.585292496998335	0.0	140051	775.952244938	0.3
12895.767561327744	300	46.79465122022495	0.0	138313	790.641276773	0.3
12896.37785645489	300	50.1843560930789	0.0	143509	610.295127146	0.3
12897.022563619445	300	53.53964892852419	0.0	150616	644.707164555	0.3
12897.996470787879	300	56.56574176008962	0.0	165384	973.907168435	0.3
12898.731311403739	300	59.83090114423004	0.0	140881	734.84061586	0.3
12899.882915246926	300	59.99838453968707	0.0	157671	832.516604543	0.3
12901.221356014381	300	59.67220777528214	0.0	157812	826.1767644049297	0.3
12901.98808069347	300	59.94297743726271	0.0	163927	729.2303380194289	0.3
12902.665334825011	300	59.813597542027	0.0	137654	629.379895236	0.3
12903.533518711803	300	59.59294271678348	0.0	146754	720.654825244	0.3
12905.186587099195	300	59.784673053862136	0.0	153938	808.269662921	0.3
12906.6186079094	300	59.88656201099387	0.0	181901	898.1110428682626	0.3
12908.42986929187	300	59.677886203428045	0.0	111155	1208.6758075658183	0.3
12909.587907720243	300	59.844659776694435	0.0	153605	833.2264267336116	0.3
12910.777836007357	300	59.60760163395538	0.0	149029	737.058142739	0.3
12912.246677798128	300	59.780115810757394	0.0	157421	1327.4858231979895	0.3
12914.532496404032	300	59.91138449159209	0.0	157488	1368.7313191653059	0.3
12916.01728942664	300	59.56403162365816	0.0	143881	1347.3528679339274	0.3
12917.687571236012	300	59.747610796308884	0.0	163444	816.420827349	0.3
12919.307764659243	300	59.803944575705394	0.0	179328	943.6662206034977	0.3
12920.429330104751	300	59.8959254542641	0.0	159914	908.0191214412927	0.3
12921.397835191363	300	59.61844607299154	0.0	131610	777.479381273	0.3
12922.437068544283	300	59.63984224920133	0.0	124011	978.6038237902094	0.3
12925.889371155517	300	59.86800570814951	0.0	144254	3271.836541051813	0.3
12927.69027189258	300	59.738288374710095	0.0	149991	1629.7173334394172	0.3
12929.524118508285	300	59.85645676866796	0.0	147968	881.831606042	0.3
12931.383667920962	300	59.84268956716113	0.0	161857	1013.7672015068289	0.3
12933.31933310401	300	59.74374808122308	0.0	145210	1098.9414859380483	0.3
12935.26937101927	300	59.63159097214681	0.0	172312	1112.157109076263	0.3
12937.04321694837	300	59.843108410689254	0.0	167025	1288.4825614575625	0.3
12938.57488975606	300	59.76595369066431	0.0	160064	1077.15472002494	0.3
12939.836318081312	300	59.55299857187217	0.0	137507	712.9551187921384	0.3
12941.563835903848	300	59.832976263833665	0.0	118421	720.022308038514	0.3

