6253.094312821407	750	4.0	0.2666236001870275	450283	266.623600187	-0.3964814808042183
6253.20312246536	300	7.891190356046683	0.0	155580	108.809643953	-0.15000000000000002
6253.309020590918	300	11.785292230488263	0.0	139857	105.898125558	0.3
6253.41780282886	300	15.676509992546677	0.0	155432	108.782237942	0.3
6253.528068324598	300	19.566244496808036	0.0	163442	110.265495739	0.3
6253.631453985514	300	23.462858835892618	0.0	126289	103.385660915	0.3
6253.739840502867	300	27.354472318539333	0.0	153295	108.386517353	0.3
6253.852033122687	300	31.24227969871905	0.0	173849	112.19261982	0.3
6253.959940960714	300	35.134371860692276	0.0	150710	107.907838027	0.3
6254.0656998341055	300	39.028612987301564	0.0	139105	105.758873391	0.3
6254.211107614265	750	42.883205207142225	0.0	353220	145.407780159	0.3
6254.320022438046	300	46.7742903833601	0.0	156148	108.914823782	-0.15000000000000002
6254.42978869995	300	50.66452412145677	0.0	160746	109.766261903	0.3
6254.543083485864	300	54.55122933554309	0.0	179801	113.294785914	0.3
6254.649017535519	300	58.445295285888214	0.0	140051	105.934049655	0.3
6255.734570278203	300	59.83968307169541	0.0	138313	105.612214193	0.3
6256.821593659999	300	59.746641645043724	0.0	143509	93.0414266517	0.3
6256.935726565436	300	59.64656616989681	0.0	150616	100.07547514691409	0.3
6257.069360789374	300	59.54677777307354	0.0	165384	99.7883968233	0.3
6257.770606521878	300	59.92307782037761	0.0	140881	123.699952696	0.3
6258.476602585016	300	59.8188526787134	0.0	157671	104.225141664	0.3
6259.201418291108	300	59.71733028640454	0.0	157812	101.522392309	0.3
6259.972022129538	300	59.6036750240807	0.0	163927	113.655262324	0.3
6260.753525008669	300	59.50139787256831	0.0	137654	102.277151512	0.3
6261.080039376051	300	59.887753552686604	0.0	146754	113.644319882	0.3
6261.433971422354	300	59.77672255328505	0.0	153938	111.030999402	0.3
6261.83856561021	300	59.65637598280786	0.0	181901	120.346570477	0.3
6262.258477006447	300	59.54854409337925	0.0	111155	107.831889429	0.3
6262.863237388998	300	59.61220365550771	0.0	153605	436.340437872	0.3
6263.162992914178	300	59.50603586525705	0.0	149029	106.167790251	0.3
6264.074804449772	300	59.85742396492498	0.0	157421	148.611900332	0.3
6265.016824154096	300	59.728013930394155	0.0	157488	129.410034531	0.3
6265.965165268597	300	59.62014820803993	0.0	143881	107.865722354	0.3
6266.963001589112	300	59.50096774385604	0.0	163444	119.180464184	0.3
6267.568627241616	300	59.84798284576915	0.0	179328	152.984898087	0.3
6268.162806368768	300	59.73721365940243	0.0	159914	110.769186367	0.3
6269.01219095459	300	59.51422633688377	0.0	131610	222.987322519	0.3
6269.370161774454	750	59.857939558603135	0.0	361565	156.286778281	0.3
6269.711736642667	300	59.74849414528801	0.0	144254	109.445413315	-0.15000000000000002
6270.169259480188	300	59.595297453976976	0.0	149991	153.196691311	0.3
6271.203376159061	300	59.94090218764529	0.0	147968	154.395266332	0.3
6272.29012518724	300	59.79738837982658	0.0	161857	143.513807819	0.3
6272.472233463697	300	59.63795185177801	0.0	145210	159.43652804856183	0.3
6273.490514003681	300	59.84964745599096	0.0	172312	288.304395787	0.3
6274.4449620013775	300	59.69791152924085	0.0	167025	151.73592675	0.3
6275.446169406404	300	59.55816386220091	0.0	160064	139.74766704	0.3
6276.005193839801	300	59.91988151449552	0.0	137507	138.282347705	0.3
6276.609014563876	300	59.78784219530311	0.0	118421	132.039319192	0.3

