14754.752239665078	750	4.0	2.3763684210526317	450283	2376.36842105	-9.468384210526315
14755.254595360893	300	7.497644304184058	0.0	155580	502.355695816	-0.15000000000000002
14755.714267558797	300	11.037972106281178	0.0	139857	459.672197903	0.3
14756.216221476472	300	14.536018188604974	0.0	155432	501.953917676	0.3
14756.739920278604	300	18.012319386473923	0.0	163442	523.698802131	0.3
14757.162759194074	300	21.58948047100343	0.0	126289	422.83891547	0.3
14757.658911761178	300	25.093327903899016	0.0	153295	496.152567104	0.3
14758.210862624797	300	28.541377040279617	0.0	173849	551.950863619	0.3
14758.699997648044	300	32.05224201703485	0.0	150710	489.135023245	0.3
14759.157628378643	300	35.5946112864366	0.0	139105	457.630730598	0.3
14759.622683860674	300	39.12955580440463	0.0	141840	465.055482032	0.3
14762.012662306588	300	40.73957735849057	0.0	156148	2389.97844591	0.3
14763.42696840578	300	43.32527125930009	0.0	160746	1414.30609919	0.3
14764.987163321877	300	45.76507634320176	0.0	179801	1560.1949161	0.3
14766.217603400148	300	48.53463626492943	0.0	140051	1230.44007827	0.3
14767.61205973992	300	51.140179925156936	0.0	138313	1394.45633977	0.3
14769.017222178365	300	53.73501748671354	0.0	143509	1405.16243844	0.3
14770.438540424599	300	56.31369924047925	0.0	150616	1421.31824623	0.3
14771.722954013687	300	59.02928565139084	0.0	165384	1284.41358909	0.3
14773.466274530723	300	59.87666677770376	0.0	140881	1152.61887369	0.3
14775.213833384398	300	59.55323817254059	0.0	157671	1323.4286051631736	0.3
14777.538132286316	300	59.697653845837785	0.0	157812	1355.5843267028022	0.3
14779.48609418039	300	59.688530186408045	0.0	163927	1509.123659429734	0.3
14781.450970276614	300	59.94101125561936	0.0	137654	1247.5189307886922	0.3
14783.744598129491	300	59.5133759118961	0.0	146754	1427.6353437232608	0.3
14790.385218976762	1850	56.872755064626276	0.0	905935	6640.620847269821	0.30000000000000004
14791.640761320947	300	59.6172127204408	0.0	181901	1255.5423441854796	-1.25
14793.435356500373	300	59.85649298103424	0.0	111155	760.7197394065522	0.3
14795.275111983985	300	59.993052959237254	0.0	153605	1363.4400217969878	0.3
14796.416106529072	300	59.88621341760144	0.0	149029	1106.8395416358187	0.3
14798.892151200413	300	59.95076858365704	0.0	157421	1935.4448339443975	0.3
14800.457357609786	300	59.77346529766786	0.0	157488	1177.3032859891769	0.3
14801.800746971778	300	59.74472217836398	0.0	143881	1028.7431193038879	0.3
14804.021979347945	300	59.95242911162497	0.0	163444	1292.293066739003	0.3
14806.068625095395	300	59.603575892613854	0.0	179328	1348.8532190111225	0.3
14809.388091307108	750	59.98773905097711	0.0	365161	3115.8368416367375	0.3
14810.813085078553	300	59.81705685029228	0.0	131610	1170.6822006848292	-0.15000000000000002
14811.972233152137	300	59.74513859888007	0.0	124011	1071.9182514122163	0.3
14814.208176224924	300	59.860781973573175	0.0	144254	1384.3566253068893	0.3
14816.542954535658	300	59.613686041945385	0.0	149991	1747.0959316277851	0.3
14819.53655333717	300	59.83622783074279	0.0	147968	2777.458211202598	0.3
14822.467076127781	300	59.659036730592995	0.0	161857	2677.1911001497947	0.3
14824.62298275232	300	59.81274926355301	0.0	145210	1346.2874670399942	0.3
14827.675576648016	300	59.95126189445477	0.0	172312	2861.487369098239	0.3
14829.887911734935	300	59.580647614293845	0.0	167025	1870.614280160919	0.3
14832.785784820526	300	59.997571474878114	0.0	160064	2083.0761394157335	0.3
14835.035482356545	300	59.58962117995514	0.0	137507	1407.950294922978	0.3
14836.812590575342	300	59.512440691104416	0.0	118421	1577.1804888507215	0.3

