9469.443776118569	750	4.0	2.5248809092883517	450283	2524.88090929	-10.106987909939912
9470.367646191213	300	7.076129927355909	0.0	155580	923.870072644	-0.15000000000000002
9471.123732963828	300	10.320043154741247	0.0	139857	756.086772615	0.3
9471.870296232082	300	13.573479886488435	0.0	155432	746.563268253	0.3
9472.651033653805	300	16.792742464765972	0.0	163442	780.737421722	0.3
9473.276131714178	300	20.167644404392075	0.0	126289	625.098060374	0.3
9474.080723305568	300	23.363052813002987	0.0	153295	804.591591389	0.3
9475.02742280877	300	26.41635330980183	0.0	173849	946.699503201	0.3
9475.907491226353	300	29.53628489221865	0.0	150710	880.068417583	0.3
9476.731983160951	300	32.7117929576211	0.0	139105	824.491934598	0.3
9476.987765663564	300	36.456010455006954	0.0	141840	255.782502614	0.3
9477.261280089806	300	40.182496028764746	0.0	156148	273.514426242	0.3
9477.54049282363	300	43.903283294943435	0.0	160746	279.212733821	0.3
9477.843320444557	300	47.60045567401474	0.0	179801	302.827620929	0.3
9478.096885837067	300	51.34689028150476	0.0	140051	253.56539251	0.3
9478.39667182499	300	55.04710429358193	0.0	138313	299.785987923	0.3
9478.712108575837	300	58.73166754273344	0.0	143509	315.436750848	0.3
9479.219514524959	300	59.90457125145001	0.0	150616	327.096291283	0.3
9480.072087575703	300	59.52843955499645	0.0	165384	376.131696454	0.3
9480.540747941735	300	59.742330049126146	0.0	140881	286.10950587	0.3
9499.177002543061	300	45.106075447800364	0.0	157671	18636.25460132578	0.3
9500.064069540727	300	48.21900845013448	0.0	157812	887.0669976658858	0.3
9500.91811480115	300	51.36496318971273	0.0	163927	854.0452604217471	0.3
9501.603120844442	300	54.67995714642078	0.0	137654	685.006043292	0.3
9502.456392150341	300	57.826685840523005	0.0	146754	853.271305897773	0.3
9504.053078566541	300	59.83744016680568	0.0	153938	989.2456737173347	0.3
9505.775378925639	300	59.74001035849878	0.0	181901	1097.4298083068966	0.3
9507.319907149826	300	59.99018152179987	0.0	111155	1249.828836698918	0.3
9511.387770911051	300	59.81359933493113	0.0	153605	3676.582186868734	0.3
9524.077667849568	300	51.123702396415815	0.0	149029	12689.896938515316	0.3
9524.501635292825	300	54.69973495315795	0.0	157421	423.967443258	0.3
9524.925749132171	300	58.27562111381127	0.0	157488	424.113839347	0.3
9525.326153175216	300	59.88004899002747	0.0	143881	395.5721237837994	0.3
9526.105232839653	300	59.70292511743928	0.0	163444	677.123872588	0.3
9526.70464338625	300	59.6641977400651	0.0	179328	538.727377374	0.3
9528.499672249996	300	59.50702489280408	0.0	159914	1657.1728472610205	0.3
9532.177422404857	300	59.829274737944075	0.0	131610	3677.7501548600076	0.3
9542.952966696253	300	53.05373044654912	0.0	124011	10775.54429139496	0.3
9543.863862620801	300	56.14283452200113	0.0	144254	910.8959245479836	0.3
9544.217612535249	300	59.789084607553114	0.0	149991	353.749914448	0.3
9544.873524275126	300	59.939026888483006	0.0	147968	350.05771907	0.3
9545.576504009237	300	59.70046403182997	0.0	161857	238.562856653	0.3
9545.983560582019	300	59.939144184168114	0.0	145210	261.319847662	0.3
9546.671212070847	300	59.87818680231441	0.0	172312	560.957381854	0.3
9547.260017382456	300	59.85713119999724	0.0	167025	521.055602317	0.3
9548.03289845103	300	59.714565520355734	0.0	160064	642.565679642	0.3
9549.368627658061	300	59.82185861130617	0.0	137507	392.70690905	0.3
9550.826232083731	300	59.77456754746246	0.0	118421	547.291063843712	0.3

