8389.91295198714	750	4.0	4.572721376901971	450283	4572.7213769	-18.912701920678472
8391.5719246692	300	6.341027317939253	0.0	155580	1658.97268206	-0.15000000000000002
8393.082961313057	300	8.829990674081735	0.0	139857	1511.03664386	0.3
8394.753363564128	300	11.15958842301056	0.0	155432	1670.40225107	0.3
8396.444143577011	300	13.46880841012749	0.0	163442	1690.78001288	0.3
8397.712396443816	300	16.20055554332361	0.0	126289	1268.2528668	0.3
8399.234748693156	300	18.678203293985177	0.0	153295	1522.35224934	0.3
8400.950493474102	300	20.962458513038396	0.0	173849	1715.74478095	0.3
8402.490060420667	300	23.422891566472558	0.0	150710	1539.56694657	0.3
8403.918058724828	300	25.994893262311695	0.0	139105	1427.99830416	0.3
8405.372560572083	300	28.54039141505835	0.0	141840	1454.50184725	0.3
8409.392750232995	750	28.52020175414566	0.0	405134	4020.18966091	0.3
8413.273396583021	750	28.639555404118774	0.0	386351	3880.64635003	0.75
8415.141016044898	300	30.77193594224094	0.0	179801	1867.61946188	-0.15000000000000002
8416.612242346895	300	33.30070964024325	0.0	140051	1471.226302	0.3
8418.045019411507	300	35.867932575630505	0.0	138313	1432.77706461	0.3
8419.528616208378	300	38.38433577876028	0.0	143509	1483.59679687	0.3
8421.081723366518	300	40.831228620621026	0.0	150616	1553.10715814	0.3
8422.637531820039	300	43.275420167099476	0.0	165384	1555.80845352	0.3
8423.88292112828	300	46.030030858858346	0.0	140881	1245.38930824	0.3
8425.267199899863	300	48.64575208727319	0.0	157671	1384.27877159	0.3
8426.652645045142	300	51.26030694199349	0.0	157812	1385.44514528	0.3
8428.121977850024	300	53.79097413711207	0.0	163927	1469.33280488	0.3
8429.382417339786	300	56.53053464734897	0.0	137654	1260.43948976	0.3
8430.720893060658	300	59.192058926478566	0.0	146754	1338.47572087	0.3
8433.821718443873	300	59.79197746008346	0.0	153938	1400.0814664	0.3
8436.073942272888	300	59.72623750398565	0.0	181901	1565.7399561	0.3
8440.046260771707	300	59.75391900516472	0.0	111155	972.318498821	0.3
8444.164527743946	300	59.63565203292589	0.0	153605	618.2669722388251	0.3
8446.706609061153	300	59.88314604630987	0.0	149029	252.505986616	0.3
8448.413757736873	300	59.63435937374611	0.0	157421	248.786672564	0.3
8448.806912339505	300	59.876963074007996	0.0	157488	257.396299738	0.3
8453.041437205426	300	59.6424382080873	0.0	143881	234.524865921	0.3
8456.262790525068	300	59.886903132673986	0.0	163444	255.535075413	0.3
8458.693404418756	300	59.61450530794271	0.0	179328	272.397824731	0.3
8459.803364921265	300	59.84863309116889	0.0	159914	265.872216774	0.3
8464.032529757986	300	59.619468254447206	0.0	131610	229.164836722	0.3
8467.746898440118	300	59.90509957231486	0.0	124011	214.36868213235147	0.3
8470.766399712309	300	59.66915983851309	0.0	144254	235.939733802	0.3
8472.660779534062	300	59.8237506968314	0.0	149991	345.409141682	0.3
8473.49135286942	300	59.89294936918796	0.0	147968	430.801327643	0.3
8477.756518786522	300	59.62778345208574	0.0	161857	265.165917102	0.3
8481.25369989912	300	59.88166185819475	0.0	145210	246.121593891	0.3
8483.975246075806	300	59.60641852920489	0.0	172312	275.24332899	0.3
8485.361873328728	300	59.8462563265932	0.0	167025	260.162202612	0.3
8485.926395855042	300	59.587227588590665	0.0	160064	259.028738003	0.3
8489.661057760239	300	59.852565683393586	0.0	137507	234.661905197	0.3
8492.967603055373	300	59.63937088258095	0.0	118421	213.194800813	0.3

