10103.016750129955	750	4.0	1.1396480754124116	450283	1139.64807541	-4.15048672427337
10103.585611088321	300	7.431139041633935	0.0	155580	568.860958366	-0.15000000000000002
10104.10506749052	300	10.911682639434407	0.0	139857	519.4564022	0.3
10104.80100386204	300	14.21574626791353	0.0	155432	695.936371521	0.3
10105.494704842293	300	17.522045287659825	0.0	163442	693.700980254	0.3
10106.00404933797	300	21.012700791983814	0.0	126289	509.344495676	0.3
10106.607685292645	300	24.409064837308957	0.0	153295	603.635954675	0.3
10107.287436041906	300	27.72931408804744	0.0	173849	679.750749262	0.3
10107.783751713463	300	31.23299841649166	0.0	150710	496.315671556	0.3
10110.734452691086	1850	32.282297438867886	0.0	913888	2950.70097762	0.30000000000000004
10111.21406530576	300	35.80268482419303	0.0	141840	479.612614675	-1.25
10111.733988533031	300	39.282761596921105	0.0	156148	519.923227272	0.3
10112.033327091842	300	42.983423038110985	0.0	160746	299.33855881	0.3
10112.281655461402	300	46.73509466854895	0.0	179801	248.328369562	0.3
10112.492770174256	300	50.52397995569679	0.0	140051	211.114712852	0.3
10112.70225778433	300	54.31449234562101	0.0	138313	209.487610076	0.3
10112.916609851269	300	58.100140278683234	0.0	143509	214.352066938	0.3
10113.958128823799	300	59.87913469078352	0.0	150616	221.0055879	0.3
10115.194963717342	300	59.63097393632554	0.0	165384	248.160754458	0.3
10116.130066249832	300	59.86775973962288	0.0	140881	263.2141967026537	0.3
10117.542019444392	300	59.9577273102376	0.0	157671	910.0324293852851	0.3
10119.342120770927	300	59.5186370295571	0.0	157812	939.0902806805051	0.3
10121.057169560818	300	59.55161815753952	0.0	163927	967.0188720175717	0.3
10122.093552639864	300	59.61744157695305	0.0	137654	434.1765805864768	0.3
10123.03579798082	300	59.65742215570621	0.0	146754	460.019421247	0.3
10123.788106413169	300	59.732380899384665	0.0	153938	425.041256322	0.3
10124.779065060535	300	59.61053516371547	0.0	181901	621.845735669	0.3
10125.469891209366	300	59.659678545148445	0.0	111155	450.856618567	0.3
10126.51101235349	300	59.969102738217885	0.0	153605	190.575806931	0.3
10127.571830286588	300	59.82396644026638	0.0	149029	145.136297952	0.3
10128.689141564144	300	59.93315161906183	0.0	157421	390.8148212045455	0.3
10130.486029598173	300	59.85795583022265	0.0	157488	1075.1957888391835	0.3
10131.935198327203	300	59.95421758830266	0.0	143881	903.738241919984	0.3
10134.725298524967	300	59.791882732975374	0.0	163444	2162.334855327287	0.3
10136.986167686495	300	59.93533082342963	0.0	179328	1856.5519095457485	0.3
10147.698232130866	300	53.22326637905768	0.0	159914	10712.064444371947	0.3
10147.851824078864	300	57.06967443106019	0.0	131610	153.591947997	0.3
10148.180483401555	300	59.92033159189056	0.0	124011	149.34283917	0.3
10148.6622038628	300	59.72912960302972	0.0	144254	191.201988861	0.3
10149.07615425492	750	59.87741364315977	0.0	390680	351.71595987	0.3
10149.348218988376	300	59.732498492558605	0.0	147968	144.915150601	-0.15000000000000002
10150.541496164062	300	59.65943469614231	0.0	161857	1073.0637964162913	0.3
10151.999755893776	300	59.950411520920305	0.0	145210	709.023175222	0.3
10153.24711356358	300	59.91135096326391	0.0	172312	539.0605576564064	0.3
10154.31645897396	300	59.94082681414836	0.0	167025	470.5241491155478	0.3
10155.543584640887	300	59.83667461131752	0.0	160064	604.1522028308397	0.3
10157.109382163912	300	59.57526258185248	0.0	137507	761.4120294650407	0.3
10158.138539231913	300	59.92287679463261	0.0	118421	652.3857872198723	0.3

