8493.237044344447	750	4.0	0.269441289074004	450283	269.441289074	-0.40859754301821716
8493.382499348865	300	7.854544995582481	0.0	155580	145.455004418	-0.15000000000000002
8493.521339434692	300	11.715704909756404	0.0	139857	138.840085826	0.3
8493.666732173133	300	15.570312171315578	0.0	155432	145.392738441	0.3
8493.815494847204	300	19.421549497244307	0.0	163442	148.762674071	0.3
8493.948626657546	300	23.288417686903106	0.0	126289	133.131810341	0.3
8494.093120325768	300	27.14392401867979	0.0	153295	144.493668223	0.3
8494.246261391863	300	30.9907829525853	0.0	173849	153.141066094	0.3
8494.389667509075	300	34.84737683537381	0.0	150710	143.406117211	0.3
8494.528191216426	300	38.7088531280239	0.0	139105	138.52370735	0.3
8494.667865582196	300	42.56917876225335	0.0	141840	139.674365771	0.3
8494.80950994613	300	46.42753439831932	0.0	156148	141.644363934	0.3
8495.038608617377	750	50.198435727073125	0.0	386351	229.098671246	0.3
8495.187996531964	300	54.049047812485775	0.0	179801	149.387914587	-0.15000000000000002
8495.32204432272	300	57.91500002172893	0.0	140051	134.047790757	0.3
8495.826239730815	300	59.781622951354905	0.0	138313	133.377070374	0.3
8496.36456055511	300	59.65787170806676	0.0	143509	123.751243288	0.3
8496.978164704153	300	59.5178544240485	0.0	150616	140.017284018	0.3
8497.09493988659	300	59.90676026534297	0.0	165384	111.094158706	0.3
8497.264540298733	300	59.78430057113769	0.0	140881	122.459694205	0.3
8497.505695936825	300	59.6477931110588	0.0	157671	136.507460079	0.3
8497.814133706186	300	59.505898315385814	0.0	157812	141.894795673	0.3
8498.632704130265	300	59.88938459019043	0.0	163927	116.513725195	0.3
8499.530606182985	300	59.75196191327225	0.0	137654	137.422676918	0.3
8500.470396323644	300	59.62230653084317	0.0	146754	129.655382429	0.3
8501.032753746947	300	59.956195198306965	0.0	153938	166.111332536	0.3
8501.739970569732	300	59.76070983229846	0.0	181901	195.485366009	0.3
8502.468071797088	300	59.61252494700832	0.0	111155	148.18488529	0.3
8502.737473584113	300	59.97778222452858	0.0	153605	134.74272248	0.3
8503.043159054158	300	59.85226902177847	0.0	149029	125.51320275	0.3
8503.537173361728	300	59.65534800164125	0.0	157421	196.921020137	0.3
8503.960711948752	300	59.55162535184531	0.0	157488	103.722649796	0.3
8504.912832248341	300	59.94597317066511	0.0	143881	105.65218118	0.3
8506.038846655452	300	59.766200026314564	0.0	163444	179.773144351	0.3
8507.115666937487	300	59.660410516677366	0.0	179328	105.789509637	0.3
8508.216275319699	300	59.55612171176915	0.0	159914	104.288804908	0.3
8508.831567084093	300	59.95663561822496	0.0	131610	99.48609354419105	0.3
8509.498117811874	300	59.841263089759195	0.0	124011	115.372528466	0.3
8510.216006495239	300	59.71790784773358	0.0	144254	123.355242026	0.3
8510.956495504595	300	59.60493006372629	0.0	149991	112.977784007	0.3
8511.70949665871	300	59.501685099342566	0.0	147968	103.244964384	0.3
8511.997266694907	300	59.89267817610969	0.0	161857	109.006923233	0.3
8512.33983346429	300	59.77077634790041	0.0	145210	121.901828209	0.3
8512.7049405365	300	59.65905528238247	0.0	172312	111.721065518	0.3
8513.086529093467	300	59.554954007244284	0.0	167025	104.101275138	0.3
8513.995434558361	300	59.94874491571186	0.0	160064	106.209091532	0.3
8514.963875785663	300	59.8263724887428	0.0	137507	122.372426969	0.3
8515.949095749984	300	59.71679690674848	0.0	118421	109.575581994	0.3

