16016.749458378941	750	4.0	3.436100724089485	450283	3436.10072409	-14.025233113584784
16017.989045018128	300	6.760413360811219	0.0	155580	1239.58663919	-0.15000000000000002
16023.089639639516	1850	5.659818739423037	0.0	877771	5100.59462139	0.30000000000000004
16024.233443008065	300	8.51601537087524	0.0	155432	1143.80336855	-1.25
16025.669157297925	300	11.080301081013568	0.0	163442	1435.71428986	0.3
16026.796695886247	300	13.952762492692692	0.0	126289	1127.53858832	0.3
16028.148243114403	300	16.60121526453625	0.0	153295	1351.54722816	0.3
16030.699375315528	750	18.050083063410558	0.0	437162	2551.13220113	0.3
16031.531761374295	300	21.217697004643473	0.0	150710	832.386058767	-0.15000000000000002
16032.306212059086	300	24.443246319852843	0.0	139105	774.450684791	0.3
16033.094316621327	300	27.655141757610632	0.0	141840	788.104562242	0.3
16033.953850682135	300	30.7956076968027	0.0	156148	859.534060808	0.3
16034.768960389056	300	33.9804979898833	0.0	160746	815.109706919	0.3
16035.621353876242	300	37.12810450269645	0.0	179801	852.393487187	0.3
16036.302988351434	300	40.446470027504404	0.0	140051	681.634475192	0.3
16036.977156684166	300	43.772301694773915	0.0	138313	674.16833273	0.3
16037.673646119445	300	47.07581225949437	0.0	143509	696.48943528	0.3
16038.400665977324	300	50.34879240161742	0.0	150616	727.019857877	0.3
16039.191126567002	300	53.558331811938224	0.0	165384	790.460589679	0.3
16039.876326576281	300	56.873131802659245	0.0	140881	685.200009279	0.3
16041.424925364878	300	59.32453301406283	0.0	157671	1548.5987886	0.3
16045.020641075498	300	59.72881730344263	0.0	157812	1595.71571062	0.3
16049.167909821377	300	59.581548557561284	0.0	163927	1147.268745881348	0.3
16053.025383755323	300	59.62008767385279	0.0	137654	961.460883708	0.3
16055.830027913238	300	59.87577212001269	0.0	146754	1244.31555384	0.3
16057.459675773347	300	59.80111249199722	0.0	153938	1074.65962802	0.3
16061.639538215837	300	59.621250049507076	0.0	181901	1679.86244249	0.3
16065.551288342558	300	59.70949992278648	0.0	111155	2911.7501267206044	0.3
16069.5541390891	300	59.706649176244944	0.0	153605	2502.8507465415314	0.3
16072.011499573922	300	59.89269470775641	0.0	149029	1313.95446849	0.3
16074.613053093839	300	59.623620955963425	0.0	157421	2269.07375179	0.3
16078.338023644012	300	59.89865040579113	0.0	157488	1724.97055017	0.3
16082.606221320744	300	59.630452729058604	0.0	143881	1268.1976767325255	0.3
16085.02944201843	300	59.96166637773172	0.0	163444	668.786351327	0.3
16086.486069286751	300	59.82056991674952	0.0	179328	641.096460982	0.3
16090.622300311463	300	59.68433889203662	0.0	159914	636.231024713	0.3
16094.727553201197	300	59.57908600230281	0.0	131610	605.2528897338104	0.3
16098.745838502393	750	59.560800701107574	0.0	361565	1518.2853011952302	0.3
16100.644707414367	300	59.98901625661085	0.0	144254	571.784444497	-0.15000000000000002
16101.617878278406	300	59.875973058330345	0.0	149991	613.043198281	0.3
16105.789262386517	300	59.70458895021954	0.0	147968	671.384108111	0.3
16109.648015573348	300	59.84583576338832	0.0	161857	858.7531868312174	0.3
16113.174308672556	300	59.90782169413437	0.0	145210	1438.01406925	0.3
16115.455085892321	300	59.521572599229835	0.0	172312	886.249094905	0.3
16118.977969793268	300	59.99868869828444	0.0	167025	1022.88390095	0.3
16123.219592647254	300	59.757065844296726	0.0	160064	2241.6228539877156	0.3
16127.086416637481	300	59.8902418540689	0.0	137507	1366.8239902278274	0.3
16129.395474755465	300	59.838642230086975	0.0	118421	551.599623982	0.3

