1126.6503038049088	750	4.0	2.814007118515714	450283	2814.00711852	-11.350230609617569
1127.4310858848396	300	7.219217920069278	0.0	155580	780.782079931	-0.15000000000000002
1128.174998090835	300	10.475305714073759	0.0	139857	743.912205996	0.3
1128.83518472764	300	13.81511907726898	0.0	155432	660.186636805	0.3
1129.5132946211033	300	17.137009183805525	0.0	163442	678.109893463	0.3
1130.0420230243901	300	20.608280780518825	0.0	126289	528.728403287	0.3
1130.7257352456563	300	23.924568559252837	0.0	153295	683.712221266	0.3
1131.5841975982123	300	27.06610620669669	0.0	173849	858.462352556	0.3
1132.359996305507	300	30.29030749940214	0.0	150710	775.798707295	0.3
1133.12444339652	300	33.52586040838885	0.0	139105	764.447091013	0.3
1133.9167148735276	300	36.733588931381206	0.0	141840	792.271477008	0.3
1135.7621530205427	750	38.88815078436639	0.0	405134	1845.43814701	0.3
1136.5634653204572	300	42.08683848445163	0.0	160746	801.312299915	-0.15000000000000002
1137.469061259408	300	45.181242545500965	0.0	179801	905.595938951	0.3
1138.1588734838679	300	48.49143032104116	0.0	140051	689.81222446	0.3
1138.9896230304225	300	51.66068077448663	0.0	138313	830.749546555	0.3
1140.0933652165538	300	54.55693858835517	0.0	143509	1103.74218613	0.3
1141.9483747115564	300	56.70192909335268	0.0	150616	1855.009495	0.3
1142.9059186402505	300	59.74438516465847	0.0	165384	957.543928694	0.3
1144.6406999308058	300	59.85180549630951	0.0	140881	892.579668349	0.3
1146.4349431247888	300	59.51928471042114	0.0	157671	832.5207858883748	0.3
1148.7695269347707	300	59.70935400947753	0.0	157812	1809.930700943607	0.3
1150.5839726297395	300	59.50445771651224	0.0	163927	1204.8962929652942	0.3
1151.7182152586731	300	59.68211110304721	0.0	137654	822.3466134650323	0.3
1153.4919037510535	300	59.89471486459125	0.0	146754	787.3962384559561	0.3
1155.553170326758	300	59.78772770370126	0.0	153938	1106.98716088999	0.3
1157.4656753758525	300	59.9986148865612	0.0	181901	1289.1128171400624	0.3
1159.3404849752449	300	59.56290620284217	0.0	111155	935.7086837190307	0.3
1161.4154855675542	300	59.680956364524334	0.0	153605	1381.949838317839	0.3
1162.8733773943457	300	59.67853582812438	0.0	149029	1002.4205363999513	0.3
1165.3398637218363	300	59.82402830957459	0.0	157421	1354.5075185497956	0.3
1168.3996601472052	300	59.723619501360794	0.0	157488	2100.4088082137864	0.3
1170.422222360612	300	59.62853220323484	0.0	143881	1095.0872981259536	0.3
1172.6990911416472	300	59.633335270357705	0.0	163444	1495.1969328771404	0.3
1175.4066086816356	300	59.60691242444243	0.0	179328	2026.4228459152832	0.3
1179.0237032629066	300	59.98981784317159	0.0	159914	3617.0945812708296	0.3
1180.3800078507131	300	59.63876018694036	0.0	131610	1351.0576562312324	0.3
1182.1373570120559	300	59.926709072056724	0.0	124011	1212.0511148836383	0.3
1183.6262051142007	300	59.89143404421383	0.0	144254	1035.2750278428903	0.3
1187.9528441683242	750	59.56479499009037	0.0	390680	3826.639054123468	0.3
1211.7023461554802	4300	39.815293002934474	0.0	2108491	23749.501987155898	0.75
1212.6870351998602	300	42.83060395855438	0.0	161857	984.689044380092	-3.7
1213.580393091882	300	45.93724606653291	0.0	145210	893.3578920214703	0.3
1214.526897314313	300	48.99074184410201	0.0	172312	946.504222430895	0.3
1215.3654603505158	300	52.152178807899006	0.0	167025	838.5630362030071	0.3
1216.2061304229883	300	55.31150873542663	0.0	160064	840.670072472	0.3
1216.914644354548	300	58.60299480386682	0.0	137507	708.5139315598057	0.3
1217.6439427768792	300	59.96085175002564	0.0	118421	642.1430538411789	0.3

