13733.903879446556	750	4.0	3.7394435371567822	450283	3739.44353716	-15.329607209774164
13735.248275893926	300	6.655603552630563	0.0	155580	1344.39644737	-0.15000000000000002
13736.481988087615	300	9.421891358942394	0.0	139857	1233.71219369	0.3
13737.845546561733	300	12.058332884823812	0.0	155432	1363.55847412	0.3
13739.27525166832	300	14.628627778237721	0.0	163442	1429.70510659	0.3
13740.398147057544	300	17.5057323890131	0.0	126289	1122.89538922	0.3
13741.694044247966	300	20.209835198591428	0.0	153295	1295.89719042	0.3
13743.139269939486	300	22.764609507071384	0.0	173849	1445.22569152	0.3
13744.402786462268	300	25.501092984290203	0.0	150710	1263.51652278	0.3
13745.575169621325	300	28.328709825233233	0.0	139105	1172.38315906	0.3
13746.218247289566	300	31.685632156990383	0.0	141840	643.077668243	0.3
13746.5923857129	300	35.311493733656576	0.0	156148	374.138423334	0.3
13746.975185460557	300	38.92869398599912	0.0	160746	382.799747657	0.3
13747.39387940895	300	42.51000003760502	0.0	179801	418.693948394	0.3
13747.737695662288	300	46.166183784266366	0.0	140051	343.816253339	0.3
13748.078238017917	300	49.82564142863857	0.0	138313	340.542355628	0.3
13748.428568159796	300	53.475311286758995	0.0	143509	350.33014188	0.3
13748.792285868438	300	57.11159357811818	0.0	150616	363.717708641	0.3
13750.183822289042	300	59.720057157513125	0.0	165384	391.536420605	0.3
13752.793968143258	300	59.8746774202274	0.0	140881	345.379737286	0.3
13754.352629051817	300	59.93773002441347	0.0	157671	436.947395814	0.3
13755.228518228007	300	59.520642192689955	0.0	157812	417.087831724	0.3
13759.209477289345	300	59.53968313135198	0.0	163927	480.959061338	0.3
13762.822630347117	300	59.62298680536897	0.0	137654	416.696325983	0.3
13765.24751224953	300	59.7187742200556	0.0	146754	404.212585313	0.3
13767.299952609588	300	59.91288869857764	0.0	153938	1305.88552148	0.3
13771.26895891139	300	59.94388239677435	0.0	181901	469.006301803	0.3
13775.459943446662	300	59.62617069932934	0.0	111155	317.711697445	0.3
13778.430195782006	300	59.78768095057118	0.0	153605	338.489748758	0.3
13780.250278300571	300	59.90352098458148	0.0	149029	384.15996599	0.3
13782.529131962327	300	59.9420554299907	0.0	157421	1961.46555459	0.3
13786.474140086091	300	59.997047306225255	0.0	157488	1945.00812377	0.3
13790.800275954658	300	59.67091143765927	0.0	143881	1826.135868565985	0.3
13794.893176650097	300	59.5780107422205	0.0	163444	2092.900695438776	0.3
13798.218741414605	300	59.845944757435014	0.0	179328	2232.06598479	0.3
13800.374792216371	300	59.77466874641235	0.0	159914	2071.27601102	0.3
13804.543080326355	300	59.60638063642814	0.0	131610	1668.28810998	0.3
13808.623601082129	300	59.525859880653826	0.0	124011	1580.5207557743124	0.3
13812.3794177296	300	59.69474338516897	0.0	144254	1831.11649548	0.3
13815.192390404794	300	59.960607123566454	0.0	149991	2234.1362616	0.3
13819.546576410872	300	59.60642111748736	0.0	147968	1854.18600608	0.3
13823.629163947207	300	59.52383358115165	0.0	161857	2082.587536335702	0.3
13827.492819248755	300	59.66017827960516	0.0	145210	1863.6553015464908	0.3
13830.872772964158	300	59.999834050679404	0.0	172312	2160.34422893	0.3
13833.426745066752	300	59.792652742620504	0.0	167025	2207.18130806	0.3
13837.44998272378	300	59.76941508559229	0.0	160064	2023.23765703	0.3
13841.707369811817	300	59.512027997555734	0.0	137507	1757.387088036558	0.3
13845.154112797352	300	59.98236427458827	0.0	118421	1529.66372297	0.3

