8070.487305237001	750	4.0	0.8623100561389032	450283	862.310056139	-2.9579332413972836
8070.843082700344	300	7.644222536656827	0.0	155580	355.777463343	-0.15000000000000002
8071.19136132401	300	11.295943912990598	0.0	139857	348.278623666	0.3
8071.5695164612835	300	14.91778877571689	0.0	155432	378.155137274	0.3
8071.963036662699	300	18.524268574302194	0.0	163442	393.520201415	0.3
8072.245131232748	300	22.242174004252814	0.0	126289	282.094570049	0.3
8072.553690946479	300	25.93361429052089	0.0	153295	308.559713732	0.3
8072.892896254366	300	29.59440898263361	0.0	173849	339.205307887	0.3
8073.1976017859	300	33.28970345109939	0.0	150710	304.705531534	0.3
8073.462114076006	300	37.02519116099281	0.0	139105	264.512290107	0.3
8073.67292582776	300	40.8143794092391	0.0	141840	210.811751754	0.3
8073.896933113525	300	44.59037212347459	0.0	156148	224.007285765	0.3
8074.125180898687	300	48.36212433831242	0.0	160746	228.247785162	0.3
8074.3710021323095	300	52.116303104689536	0.0	179801	245.821233623	0.3
8074.580163981188	300	55.9071412558115	0.0	140051	209.161848878	0.3
8074.7877229618725	300	59.69958227512685	0.0	138313	207.558980685	0.3
8075.5130968668545	300	59.98825921314203	0.0	143509	211.323061985	0.3
8076.599900337341	300	59.6618828993973	0.0	150616	326.376313745	0.3
8079.799159069588	300	59.90246711164438	0.0	165384	2759.41578775292	0.3
8083.982625748505	2850	59.71900043272791	0.0	1336050	4183.466678916468	0.30000000000000027
8084.766641712931	300	59.55864726221994	0.0	157671	160.353170508	-2.25
8085.169307675148	300	59.87914567807089	0.0	157812	179.501584149	0.3
8085.625141583711	300	59.722810912823334	0.0	163927	156.334765248	0.3
8087.3461822782	300	59.72204013723735	0.0	137654	1500.7707755859826	0.3
8090.5786146496985	300	59.925958910939215	0.0	146754	2296.081226298137	0.3
8091.849724312416	300	59.96857965218048	0.0	153938	457.3792587587408	0.3
8093.073992924842	300	59.97331054794623	0.0	181901	495.2691042342542	0.3
8094.422031940817	300	59.6237907940553	0.0	111155	349.519753891	0.3
8095.690038888847	300	59.699046951081655	0.0	153605	424.743842973648	0.3
8097.044583905918	300	59.65340599507513	0.0	149029	545.6409560065251	0.3
8098.097182181429	300	59.99155888785183	0.0	157421	661.8471072233003	0.3
8099.307965733056	300	59.79154269618201	0.0	157488	700.0161916698165	0.3
8100.315939356211	300	59.752939564583144	0.0	143881	538.603131599	0.3
8109.313694571171	300	54.755184349622766	0.0	163444	8997.755214960382	0.3
8109.84650732269	300	58.22237159810379	0.0	179328	532.812751519	0.3
8110.690461114337	300	59.680363931297364	0.0	159914	542.007666806426	0.3
8111.3793200435775	300	59.69690752909783	0.0	131610	483.4564022	0.3
8111.958869458752	300	59.719834085031394	0.0	124011	477.073444066	0.3
8113.431954298272	300	59.74452965082515	0.0	144254	475.304434206	0.3
8114.24381585457	300	59.54748907533313	0.0	149991	697.040575492015	0.3
8115.3956616554915	300	59.98897666527573	0.0	147968	558.512410057	0.3
8116.353547513116	300	59.76670043189479	0.0	161857	222.276233381	0.3
8117.488098465642	300	59.527229767753994	0.0	145210	239.470664141	0.3
8118.182077127506	300	59.837780581014776	0.0	172312	189.44918673922004	0.3
8119.03639202812	300	59.622887868270034	0.0	167025	214.892712745	0.3
8119.503341048863	300	59.91912445183251	0.0	160064	203.763416438	0.3
8120.075716630632	300	59.974529463101234	0.0	137507	444.594988731	0.3
8120.898311942341	300	59.58712210376578	0.0	118421	387.407359335	0.3

