12213.898537363515	750	4.0	9.462290620930554	450283	9462.29062093	-39.937849670001384
12217.199325113763	300	4.6992122497526445	0.0	155580	3300.78775025	-0.15000000000000002
12220.158745689541	300	5.739791673973077	0.0	139857	2959.42057578	0.3
12223.432433598557	300	6.466103764955951	0.0	155432	3273.68790902	0.3
12226.8645675202	300	7.033969843312675	0.0	163442	3432.13392164	0.3
12229.531621903265	300	8.366915460249832	0.0	126289	2667.05438306	0.3
12232.745425683413	300	9.153111680101995	0.0	153295	3213.80378015	0.3
12236.388735155397	300	9.509802208117701	0.0	173849	3643.30947198	0.3
12239.573277332756	300	10.325260030756489	0.0	150710	3184.54217736	0.3
12242.506721892909	300	11.39181547060511	0.0	139105	2933.44456015	0.3
12245.50262438806	300	12.395912975452898	0.0	141840	2995.90249515	0.3
12248.953895350822	300	12.944642012690645	0.0	156148	3451.27096276	0.3
12252.410152587929	300	13.488384775584969	0.0	160746	3456.25723711	0.3
12256.19014755056	300	13.708389812951816	0.0	179801	3779.99496263	0.3
12267.0757369989	1200	6.822800364611862	0.0	526950	10885.5894483	0.29999999999999993
12269.994297985797	300	7.9042393777146005	0.0	138313	2918.5609869	-0.6000000000000001
12273.019018400197	300	8.879518963315894	0.0	143509	3024.7204144	0.3
12276.190725758255	300	9.7078116052576	0.0	150616	3171.70735806	0.3
12279.678411099978	300	10.22012626353404	0.0	165384	3487.68534172	0.3
12282.658806013931	300	11.239731349582119	0.0	140881	2980.39491395	0.3
12285.982741547114	300	11.91579581639973	0.0	157671	3323.93553318	0.3
12294.332381627017	750	7.566155736494537	0.0	399894	8349.64007991	0.3
12297.778274911654	300	8.120262451858512	0.0	163927	3445.89328464	-0.15000000000000002
12308.323876936134	750	4.0	2.4253395726228835	343800	10545.6020245	-10.128960162278398
12311.427105202703	300	4.896771733431667	0.0	146754	3103.22826657	-0.15000000000000002
12323.166253509158	300	4.0	6.842376573024421	153938	11739.1483065	-29.122219264005007
12326.997586267189	300	4.168667241970997	0.0	181901	3831.33275803	0.3
12329.334937050626	300	5.831316458533906	0.0	111155	2337.35078344	0.3
12332.533034393695	300	6.633219115465561	0.0	153605	3198.09734307	0.3
12335.634347740233	300	7.531905768927536	0.0	149029	3101.31334654	0.3
12342.53329132544	300	4.632962183720727	0.0	157421	6898.94358521	0.3
12345.865156644597	300	5.301096864564542	0.0	157488	3331.86531916	0.3
12351.680657253397	300	4.0	0.5144037442352546	143881	5815.5006088	-1.9119361002115947
12383.416191387483	300	4.0	27.735534134086443	163444	31735.5341341	-118.96279677657171
12394.204023347653	750	4.0	6.787831960169378	401088	10787.8319602	-28.887677428728324
12397.580106538191	300	4.6239168094624805	0.0	159914	3376.08319054	-0.15000000000000002
12400.873225614758	300	5.330797732895471	0.0	131610	3293.11907657	0.3
12403.726657609768	300	6.477365737885573	0.0	124011	2853.43199501	0.3
12406.733533395996	300	7.470489951658246	0.0	144254	3006.87578623	0.3
12411.54567034571	300	6.658353001945471	0.0	149991	4812.13694971	0.3
12415.120250558277	300	7.083772789376715	0.0	147968	3574.58021257	0.3
12418.516787349818	300	7.687235997836868	0.0	161857	3396.53679154	0.3
12421.582773510767	300	8.621249836888492	0.0	145210	3065.98616095	0.3
12425.271045003892	300	8.932978343763367	0.0	172312	3688.27149313	0.3
12428.862336072198	300	9.341687275458117	0.0	167025	3591.29106831	0.3
12432.239113833612	300	9.96490951404321	0.0	160064	3376.77776141	0.3
12435.14659964025	300	11.057423707404139	0.0	137507	2907.48580664	0.3
12437.659816197161	300	12.544207150493612	0.0	118421	2513.21655691	0.3

