10158.499662085233	750	4.0	0.36112285332027105	450283	361.12285332	-0.8028282692771656
10158.67065717958	300	7.8290049056521	0.0	155580	170.995094348	-0.15000000000000002
10158.832456259863	300	11.667205825370482	0.0	139857	161.799080282	0.3
10159.003364792481	300	15.496297292752647	0.0	155432	170.908532618	0.3
10159.178958186301	300	19.32070389893333	0.0	163442	175.593393819	0.3
10159.332821661492	300	23.16684042374306	0.0	126289	153.86347519	0.3
10159.502480312913	300	26.99718177232218	0.0	153295	169.658651421	0.3
10159.684160517034	300	30.815501568200265	0.0	173849	181.680204122	0.3
10159.852307262561	300	34.647354822672746	0.0	150710	168.146745528	0.3
10160.013666515673	300	38.4859955695601	0.0	139105	161.359253113	0.3
10160.17775767584	300	42.32190440939247	0.0	141840	164.091160168	0.3
10160.374391570314	300	46.125270514917055	0.0	156148	196.633894475	0.3
10160.574459915739	300	49.92520216949256	0.0	160746	200.068345424	0.3
10160.788761289183	300	53.7109007960483	0.0	179801	214.301373444	0.3
10160.97337161756	300	57.526290467672816	0.0	140051	184.610328375	0.3
10161.240828280772	300	59.842978328890524	0.0	138313	183.312138782	0.3
10161.460077307598	300	59.73542607769119	0.0	143509	107.552251199	0.3
10161.915107471197	300	59.52375938370615	0.0	150616	211.666693985	0.3
10162.817275182786	300	59.90435726271874	0.0	165384	119.402120987	0.3
10163.74283972084	300	59.79295778899274	0.0	140881	111.399473726	0.3
10164.695390774767	300	59.68376479419318	0.0	157671	109.1929948	0.3
10165.738749119044	300	59.54376465161813	0.0	157812	140.000142575	0.3
10166.347675874413	300	59.900980374784695	0.0	163927	142.784276833	0.3
10167.04280512487	300	59.74648698882317	0.0	137654	154.493385962	0.3
10167.87126460963	300	59.5625751786916	0.0	146754	183.911810132	0.3
10168.606777991787	300	59.72709232492731	0.0	153938	335.482853764	0.3
10169.246795767005	300	59.56709870151425	0.0	181901	159.993623413	0.3
10169.383110077764	300	59.948953622038175	0.0	111155	118.145079476	0.3
10169.584826958226	300	59.816679797448415	0.0	153605	132.27382459	0.3
10169.896640857947	300	59.655994375522766	0.0	149029	160.685421926	0.3
10171.012144033959	750	59.88380702641606	0.0	358218	272.187349107	0.3
10172.090500162109	300	59.726286875794	0.0	157488	157.520150622	-0.15000000000000002
10173.248639544203	300	59.567635173510055	0.0	143881	158.651702284	0.3
10174.315822498711	300	59.99328753616033	0.0	163444	574.3476373497235	0.3
10174.983196205187	300	59.86651834150222	0.0	179328	126.769194658	0.3
10175.69085120808	300	59.742493095963894	0.0	159914	124.025245538	0.3
10176.422041216285	300	59.629212970540735	0.0	131610	113.280125423	0.3
10176.744987396703	300	59.98669482172041	0.0	124011	142.51814882	0.3
10177.15266926506	300	59.83306790334258	0.0	144254	153.626918378	0.3
10177.57219226948	300	59.70983387612153	0.0	149991	123.234027221	0.3
10178.166241499925	300	59.52145374949811	0.0	147968	188.380126623	0.3
10179.218069535686	300	59.90837428352904	0.0	161857	113.079465969	0.3
10180.317681817462	300	59.78794242753673	0.0	145210	120.431855992	0.3
10180.471565803764	300	59.658590647276284	0.0	172312	129.35178026044	0.3
10180.656071019546	300	59.540604142407155	0.0	167025	117.986504869	0.3
10181.36458100916	300	59.929608503056976	0.0	160064	110.99563935	0.3
10182.07923485248	300	59.83103875652955	0.0	137507	98.5697465274	0.3
10182.810441320054	300	59.73347757113731	0.0	118421	97.5611853922	0.3

