9554.492170025469	750	4.0	3.665937941738852	450283	3665.93794174	-15.013533149477063
9557.622726003518	750	4.86944402195129	0.0	398865	3130.55597805	0.75
9558.736944460787	300	7.755225564682489	0.0	139857	1114.21845727	-0.15000000000000002
9559.966337363898	300	10.525832661572853	0.0	155432	1229.39290311	0.3
9561.255067365455	300	13.237102660015497	0.0	163442	1288.73000156	0.3
9562.272350395777	300	16.2198196296929	0.0	126289	1017.28303032	0.3
9563.490064702908	300	19.00210532256162	0.0	153295	1217.71430713	0.3
9564.860325276184	300	21.631844749284824	0.0	173849	1370.26057328	0.3
9571.063927076464	1850	19.428242949005664	0.0	852833	6203.60180028	0.30000000000000004
9572.12051991269	300	22.37165011278063	0.0	139105	1056.59283623	-1.25
9573.185792573213	300	25.306377452256175	0.0	141840	1065.27266052	0.3
9574.350453849267	300	28.14171617620166	0.0	156148	1164.66127605	0.3
9575.54705451966	300	30.945115505807802	0.0	160746	1196.60067039	0.3
9576.876018208572	300	33.61615181689806	0.0	179801	1328.96368891	0.3
9577.965456746157	300	36.52671327931236	0.0	140051	1089.43853759	0.3
9579.045179553343	300	39.44699047212616	0.0	138313	1079.72280719	0.3
9581.733256742327	750	40.75891328314319	0.0	360831	2688.07718898	0.3
9583.052164675633	300	43.44000534983802	0.0	150616	1318.90793331	-0.15000000000000002
9584.610120538207	300	45.88204948726368	0.0	165384	1557.95586257	0.3
9591.792514828232	1850	42.69965519723858	0.0	923755	7182.39429003	0.30000000000000004
9594.634370977787	750	43.857799047682036	0.0	386472	2841.85614956	-0.3500000000000001
9595.845787000733	300	46.64638302473711	0.0	157812	1211.41602294	-0.15000000000000002
9597.101043853147	300	49.391126172322274	0.0	163927	1255.25685241	0.3
9598.209448726628	300	52.28272129884184	0.0	137654	1108.40487348	0.3
9599.445149463816	300	55.047020561654804	0.0	146754	1235.70073719	0.3
9600.73742483676	300	57.7547451887103	0.0	153938	1292.27537294	0.3
9602.749911309327	300	59.74225871614357	0.0	181901	1512.48647257	0.3
9606.80966922657	300	59.68250079890135	0.0	111155	1059.757917242213	0.3
9610.758694881491	300	59.73347514397994	0.0	153605	1449.0256549214175	0.3
9613.488768901432	300	59.63466953288901	0.0	149029	1098.80561109	0.3
9615.285954641988	300	59.51171086703549	0.0	157421	1122.95866585	0.3
9619.122763373443	300	59.674902135579316	0.0	157488	1336.80873146	0.3
9623.26938341627	300	59.528282092754694	0.0	143881	1146.6200428246245	0.3
9626.588232454766	300	59.82768549799876	0.0	163444	1200.59659476	0.3
9629.144437128114	300	59.8187093831949	0.0	179328	1508.9761148	0.3
9630.650778045987	300	59.549153203530366	0.0	159914	1269.55617966	0.3
9634.665669176029	300	59.53426207348844	0.0	131610	1014.89113004	0.3
9638.63287266761	300	59.56705858190863	0.0	124011	967.2034915798088	0.3
9641.566369568647	300	59.83974981130438	0.0	144254	1227.3087706	0.3
9643.88478922183	300	59.74363404993106	0.0	149991	1596.11576137	0.3
9647.938305497377	300	59.69011777438348	0.0	147968	1053.51627555	0.3
9652.08628474582	300	59.54213852593954	0.0	161857	1147.9792484439354	0.3
9655.848571884373	300	59.50289466456187	0.0	145210	1039.24386138	0.3
9658.960088728818	300	59.51865788092844	0.0	172312	1484.23678363	0.3
9660.549535166887	300	59.74757469229837	0.0	167025	1271.08318863	0.3
9664.758594673101	300	59.53851518608556	0.0	160064	1209.05950621	0.3
9668.778438274447	300	59.51867158474042	0.0	137507	1019.8436013451395	0.3
9671.795844024347	300	59.66360188828937	0.0	118421	855.069696451	0.3

