13926.06406855356	750	4.0	2.4693527412838145	450283	2469.35274128	-9.868216787520403
13931.382795398213	1850	4.0	1.3187268446542102	957685	5318.72684465	-4.920525432013104
13932.157205405707	300	7.225589992506993	0.0	139857	774.410007493	-1.25
13932.936071953913	300	10.446723444299998	0.0	155432	778.866548207	0.3
13933.52097059082	300	13.861824807392248	0.0	163442	584.898636908	0.3
13934.67827968943	750	16.7045157087831	0.0	318564	1157.30909861	0.3
13935.313369577525	300	20.06942582068771	0.0	153295	635.089888095	-0.15000000000000002
13936.009268432783	300	23.373526965430088	0.0	173849	695.898855258	0.3
13936.514293499005	300	26.868501899206226	0.0	150710	505.025066224	0.3
13936.913131421248	300	30.469663976964583	0.0	139105	398.837922242	0.3
13937.318238145597	300	34.06455725261424	0.0	141840	405.10672435	0.3
13937.812746348865	300	37.5700490493455	0.0	156148	494.508203269	0.3
13938.364730493327	300	41.01806490488393	0.0	160746	551.984144462	0.3
13939.018908159918	300	44.3638872382926	0.0	179801	654.177666591	0.3
13939.583849295654	300	47.798946102558524	0.0	140051	564.941135734	0.3
13940.042302877624	300	51.340492520588285	0.0	138313	458.45358197	0.3
13940.432970446289	300	54.949824951923695	0.0	143509	390.667568665	0.3
13940.839023213166	300	58.54377218504506	0.0	150616	406.052766879	0.3
13941.984208590444	300	59.58333319685239	0.0	165384	460.438988193	0.3
13943.12443032564	300	59.56559552379739	0.0	140881	517.7376730549943	0.3
13946.347762381694	300	59.72517152683989	0.0	157671	2840.423996957507	0.3
13948.479861921236	300	59.81057578661832	0.0	157812	1914.595740221566	0.3
13949.252251239437	300	59.74313302717735	0.0	163927	567.442759441	0.3
13949.705705052493	300	59.8288794000299	0.0	137654	414.253627147	0.3
13951.024890034716	300	59.898887001872225	0.0	146754	429.992398158	0.3
13951.871962419233	300	59.629947101646806	0.0	153938	768.939900225413	0.3
13953.039408988678	300	59.5452900590699	0.0	181901	1084.6570425769125	0.3
13956.150645458545	300	59.74106658756923	0.0	111155	2304.2234715006693	0.3
13960.623711692087	300	59.268000354026654	0.0	153605	4473.066233542572	0.3
13962.31095557453	300	59.98441802876074	0.0	149029	1283.5823252659113	0.3
13965.502806499087	300	59.80032334507116	0.0	157421	2684.0946836895832	0.3
13968.523316714825	300	59.503946357636096	0.0	157488	2296.37698743507	0.3
13971.132741552537	300	59.5213005529312	0.0	143881	1982.6458047048923	0.3
13973.03531470053	300	59.84340349543943	0.0	163444	1677.8970574917685	0.3
13975.078539872318	300	59.894128954793594	0.0	179328	1949.2745406458378	0.3
13975.922976562155	300	59.72888592544709	0.0	159914	665.243029347	0.3
13976.709796311512	300	59.635072881014025	0.0	131610	593.813044433	0.3
13977.62377266518	300	59.98458805664208	0.0	124011	150.484824372	0.3
13978.60113795757	300	59.83765117509504	0.0	144254	146.936881547	0.3
13979.657007338563	300	59.6849306900203	0.0	149991	152.720485075	0.3
13981.512744065716	300	59.66863677440269	0.0	147968	1016.2939156176037	0.3
13983.051525973262	300	59.77896722639838	0.0	161857	889.6695480043154	0.3
13984.462427123672	750	59.85807283096355	0.0	372093	920.8943954348272	0.3
13985.349498976659	300	59.61954028195748	0.0	172312	238.532549006	-0.15000000000000002
13986.095048505154	300	59.78103516970064	0.0	167025	338.505112257	0.3
13987.479223753717	300	59.75246975353773	0.0	160064	1028.5654161629016	0.3
13988.30707384243	300	59.97634962538023	0.0	137507	776.1201281575021	0.3
13989.325771082105	300	59.70286598582236	0.0	118421	773.483639558	0.3

