6730.918256280204	750	4.0	2.84955770283486	450283	2849.55770283	-11.503098122189897
6731.9551828961485	300	6.963073384056143	0.0	155580	1036.92661594	-0.15000000000000002
6732.895401984245	300	10.022854295959602	0.0	139857	940.219088097	0.3
6733.928271783934	300	12.98998449627048	0.0	155432	1032.86979969	0.3
6735.007726933444	300	15.910529346760693	0.0	163442	1079.45514951	0.3
6735.859989824112	300	19.058266456093413	0.0	126289	852.262890667	0.3
6736.877395614203	300	22.04086066600211	0.0	153295	1017.40579009	0.3
6738.020490034775	300	24.89776624543012	0.0	173849	1143.09442057	0.3
6739.019766187039	300	27.89849009316606	0.0	150710	999.276152264	0.3
6739.941935624713	300	30.97632065549223	0.0	139105	922.169437674	0.3
6740.880663298339	300	34.037592981866865	0.0	141840	938.727673625	0.3
6741.906014460079	300	37.012241820126505	0.0	156148	1025.35116174	0.3
6742.9592028316565	300	39.95905344854879	0.0	160746	1053.18837158	0.3
6744.12775397693	300	42.79050230327585	0.0	179801	1168.55114527	0.3
6745.092563204074	300	45.82569307613124	0.0	140051	964.809227145	0.3
6746.049215328852	300	48.86904095135284	0.0	138313	956.652124778	0.3
6747.0388006156645	300	51.87945566454086	0.0	143509	989.585286812	0.3
6748.073431318676	300	54.84482496152941	0.0	150616	1034.63070301	0.3
6749.201664203541	300	57.716592076664284	0.0	165384	1128.23288487	0.3
6751.156564876687	300	59.761691403518064	0.0	140881	954.900673146	0.3
6752.651899441652	300	59.717957270694505	0.0	157671	1043.73413282	0.3
6756.7021632404985	300	59.66769347184723	0.0	157812	1050.26379885	0.3
6760.789486982917	300	59.58036972942834	0.0	163927	1087.3237424188933	0.3
6763.989217618258	300	59.655098398460964	0.0	137654	925.271330967	0.3
6766.130509089483	300	59.68168231503552	0.0	146754	973.416083425	0.3
6767.273821928665	300	59.653963589344066	0.0	153938	1027.71872569	0.3
6770.963440881267	300	59.964344636741735	0.0	181901	1189.6189526	0.3
6774.624772876629	300	59.70628517210706	0.0	111155	758.059464635	0.3
6777.567134180142	300	59.64674078571489	0.0	153605	1059.54438639	0.3
6779.347278749197	300	59.65807695974685	0.0	149029	988.663825968	0.3
6783.409498206653	300	59.59585750229144	0.0	157421	1062.21945746	0.3
6787.453320161697	300	59.552035547247655	0.0	157488	1043.8219550437793	0.3
6791.0216507585355	300	59.59663132662153	0.0	143881	955.404220626	0.3
6793.7300914303805	300	59.50887417880535	0.0	163444	1087.75714782	0.3
6795.163586051729	300	59.81246863014626	0.0	179328	1196.40554866	0.3
6799.224127472911	300	59.75192720896395	0.0	159914	1060.54142118	0.3
6803.111129455399	300	59.864925226475066	0.0	131610	887.0019824888786	0.3
6806.237271282384	300	59.52417055116275	0.0	124011	840.754675312	0.3
6808.389884673898	300	59.55055743124164	0.0	144254	973.613119921	0.3
6809.470778127558	300	59.55961084020833	0.0	149991	990.946591033	0.3
6813.458345410166	300	59.572043557601596	0.0	147968	987.567282607	0.3
6817.021371526377	300	59.99928757211232	0.0	161857	1072.75598549	0.3
6819.8766255309665	300	59.52679563517864	0.0	145210	972.491936934	0.3
6821.47710507731	300	59.87793689583546	0.0	172312	1148.85873934	0.3
6825.585580341563	300	59.76946163158151	0.0	167025	1108.47526425	0.3
6829.821875322527	300	59.533166650618206	0.0	160064	1236.2949809633012	0.3
6833.352340996065	300	59.79612933995772	0.0	137507	1237.03731066	0.3
6835.179465114726	300	59.98928146206616	0.0	118421	806.847877892	0.3

