9680.825265759706	750	4.0	9.029421735358586	450283	9029.42173536	-38.076513462041916
9683.69666994759	300	5.1285958121156465	0.0	155580	2871.40418788	-0.15000000000000002
9686.108391358757	300	6.716874400948785	0.0	139857	2411.72141117	0.3
9688.786928259822	300	8.03833749988403	0.0	155432	2678.53690106	0.3
9691.603566090898	300	9.22169966880706	0.0	163442	2816.63783108	0.3
9693.854079662588	300	10.971186097118887	0.0	126289	2250.51357169	0.3
9696.595169373573	300	12.230096386133418	0.0	153295	2741.08971099	0.3
9699.61785457617	300	13.207411183535847	0.0	173849	3022.6852026	0.3
9702.226902294306	300	14.598363465401077	0.0	150710	2609.04771813	0.3
9704.660595290821	300	16.164670468885543	0.0	139105	2433.69299652	0.3
9707.143357857934	300	17.681907901771577	0.0	141840	2482.76256711	0.3
9709.862395122645	300	18.962870637062128	0.0	156148	2719.03726471	0.3
9712.657559290707	300	20.167706468999846	0.0	160746	2795.16416806	0.3
9720.109464982428	750	16.715800777279636	0.0	434409	7451.90569172	0.3
9729.28213314774	1200	11.54313261196609	0.0	526950	9172.66816531	0.75
9732.122811057008	300	12.70245470269863	0.0	138313	2840.67790927	-0.6000000000000001
9735.063004364749	300	13.762261394957127	0.0	143509	2940.19330774	0.3
9738.142647871291	300	14.68261788841577	0.0	150616	3079.64350654	0.3
9741.025090354029	300	15.800175405677665	0.0	165384	2882.44248274	0.3
9743.477740756094	300	17.347525003611846	0.0	140881	2452.65040207	0.3
9746.140159553403	300	18.68510620630349	0.0	157671	2662.41879731	0.3
9752.80474108226	750	16.02052467744577	0.0	399894	6664.58152886	0.3
9755.641388512751	300	17.18387724695596	0.0	163927	2836.64743049	-0.15000000000000002
9758.05219018194	300	18.773075577767788	0.0	137654	2410.80166919	0.3
9760.609955740485	300	20.21531001922218	0.0	146754	2557.76555855	0.3
9763.286292924635	300	21.53897283507195	0.0	153938	2676.33718415	0.3
9766.492875354335	300	22.33239040537294	0.0	181901	3206.5824297	0.3
9768.491969699951	300	24.333296059756407	0.0	111155	1999.09434562	0.3
9771.161164754445	300	25.664101005261994	0.0	153605	2669.19505449	0.3
9773.737506817411	300	27.087758942294386	0.0	149029	2576.34206297	0.3
9776.434259036147	300	28.391006723559048	0.0	157421	2696.75221874	0.3
9779.127881444314	300	29.69738431539131	0.0	157488	2693.62240817	0.3
9781.63924856136	300	31.186017198346157	0.0	143881	2511.36711705	0.3
9784.486423196891	300	32.33884256281565	0.0	163444	2847.17463553	0.3
9787.469147210071	300	33.35611854963528	0.0	179328	2982.72401318	0.3
9790.216893197072	300	34.60837256263259	0.0	159914	2747.745987	0.3
9792.798099994669	300	36.02716576503631	0.0	131610	2581.2067976	0.3
9795.250724987312	300	37.574540772392545	0.0	124011	2452.62499264	0.3
9798.181014355287	300	38.64425140441804	0.0	144254	2930.28936797	0.3
9801.001202964198	300	39.824062795507224	0.0	149991	2820.18860891	0.3
9803.473213859901	300	41.352051899804486	0.0	147968	2472.0108957	0.3
9806.18019626583	300	42.64506949387607	0.0	161857	2706.98240593	0.3
9808.631806195528	300	44.19345956417836	0.0	145210	2451.6099297	0.3
9811.535000773953	300	45.29026498575222	0.0	172312	2903.19457843	0.3
9814.36306713229	300	46.462198627415226	0.0	167025	2828.06635834	0.3
9817.082505478196	300	47.742760281510606	0.0	160064	2719.4383459	0.3
9819.433252235114	300	49.392013524591164	0.0	137507	2350.74675692	0.3
9821.454435760614	300	51.37082999909178	0.0	118421	2021.1835255	0.3

