14848.761915579042	750	4.0	2.6194239086087308	450283	2619.42390861	-10.513522807017543
14849.765325678529	300	6.996589900511565	0.0	155580	1003.41009949	-0.15000000000000002
14850.601813219086	300	10.160102359955314	0.0	139857	836.487540556	0.3
14851.50814819707	300	13.253767381971036	0.0	155432	906.334977984	0.3
14852.429954731755	300	16.3319608472857	0.0	163442	921.806534685	0.3
14853.1157549464	300	19.646160632639784	0.0	126289	685.800214646	0.3
14853.999572716606	300	22.762342862435016	0.0	153295	883.817770205	0.3
14855.16156733744	300	25.600348241601882	0.0	173849	1161.99462083	0.3
14857.37284421847	300	27.389071360571975	0.0	150710	2211.27688103	0.3
14859.496016956155	300	29.26589862288744	0.0	139105	2123.17273768	0.3
14861.53876431927	300	31.22315125977353	0.0	141840	2042.74736311	0.3
14863.96402550502	300	32.79789007402227	0.0	156148	2425.26118575	0.3
14866.198430505552	300	34.563485073490476	0.0	160746	2234.40500053	0.3
14866.360808834399	300	38.40110674464333	0.0	179801	162.378328847	0.3
14866.504975147898	300	42.25694043114468	0.0	140051	144.166313499	0.3
14866.648345172525	300	46.11357040651837	0.0	138313	143.370024626	0.3
14866.794095816816	300	49.967819762225375	0.0	143509	145.750644293	0.3
14866.943102632005	300	53.81881294703724	0.0	150616	149.006815188	0.3
14867.098875611788	300	57.66303996725372	0.0	165384	155.772979784	0.3
14867.744352732228	300	59.51849337771131	0.0	140881	144.546589542	0.3
14867.97603612029	300	59.86311694912921	0.0	157671	155.376428582	0.3
14868.320485382863	300	59.6890457975829	0.0	157812	174.071151546	0.3
14870.39265303599	300	59.69815102653298	0.0	163927	1990.8947710499133	0.3
14872.854320974679	300	59.71795349822638	0.0	137654	1480.1975283066033	0.3
14874.978980413473	300	59.606358984020424	0.0	146754	2111.5945142059536	0.3
14875.823929142587	300	59.90041708175675	0.0	153938	205.941902264	0.3
14876.72933142998	300	59.72721935148559	0.0	181901	173.197730271	0.3
14877.78603792674	750	59.5249683816669	0.0	277716	202.250969819	0.3
14878.702044603342	300	59.95419280683697	0.0	153605	570.7755748299264	-0.15000000000000002
14879.805094259062	300	59.535283529863825	0.0	149029	418.909276973	0.3
14881.200349269591	300	59.63972621397122	0.0	157421	895.5573158926001	0.3
14882.218721835652	300	59.840388778259175	0.0	157488	799.3374357120471	0.3
14883.103217076774	300	59.9676587228732	0.0	143881	872.730055385976	0.3
14884.19380619235	750	59.638246757953354	0.0	412837	829.41196492	0.3
14885.39308875593	300	59.87919405148954	0.0	179328	259.052706464	-0.15000000000000002
14894.993705455108	750	54.27857735231301	0.0	365161	9600.616699176531	0.3
14895.24484423473	300	58.027438572689455	0.0	131610	251.138779624	-0.15000000000000002
14896.27934444338	300	59.786181136325226	0.0	124011	241.257436364	0.3
14897.478656340963	300	59.5431465736738	0.0	144254	243.034562651	0.3
14898.363967213949	300	59.788629804648394	0.0	149991	254.51676902540711	0.3
14899.31294041494	300	59.83954025613255	0.0	147968	449.089548516	0.3
14900.122484836042	300	59.894709871820595	0.0	161857	444.830384312	0.3
14901.238776885713	750	59.9789208653792	0.0	372093	915.7890064413924	0.3
14902.036132361354	300	59.89049464917295	0.0	172312	588.426216206	-0.15000000000000002
14902.586581012123	300	59.92973495350715	0.0	167025	460.759695666	0.3
14912.91818865663	300	53.598127308998976	0.0	160064	10331.607644508169	0.3
14913.314655911128	300	57.20166005450034	0.0	137507	396.467254499	0.3
14914.597502833663	300	59.849118520287654	0.0	118421	352.541534213	0.3

