3586.824650698008	750	4.0	8.869498875393612	450283	8869.49887539	-37.38884516419253
3597.5343589998324	300	4.0	6.709708301824405	155580	10709.7083018	-29.00174569784494
3598.068559986294	300	7.465799013538473	0.0	139857	534.200986462	0.3
3598.568935052409	300	10.965423947423936	0.0	155432	500.375066115	0.3
3599.061263897289	300	14.473095102543612	0.0	163442	492.32884488	0.3
3599.467717326386	300	18.066641673446743	0.0	126289	406.453429097	0.3
3600.057352250649	300	21.477006749183854	0.0	153295	589.634924263	0.3
3600.6890109848587	300	24.845348014973823	0.0	173849	631.65873421	0.3
3601.160357528832	300	28.37400147100057	0.0	150710	471.346543973	0.3
3601.6015695320125	300	31.93278946781963	0.0	139105	441.212003181	0.3
3602.157100383336	300	35.37725861649582	0.0	141840	555.530851324	0.3
3602.845020182835	300	38.68933881699707	0.0	156148	687.919799499	0.3
3603.315758861684	300	42.21860013814794	0.0	160746	470.738678849	0.3
3603.7996302098336	300	45.73472878999896	0.0	179801	483.871348149	0.3
3604.205895521779	300	49.32846347805326	0.0	140051	406.265311946	0.3
3604.6894787000992	300	52.84488029973324	0.0	138313	483.58317832	0.3
3605.1882232746334	300	56.3461357251992	0.0	143509	498.744574534	0.3
3605.784629142858	300	59.749729856974405	0.0	150616	596.405868225	0.3
3606.95678985552	300	59.56838816076497	0.0	165384	681.341696209	0.3
3607.713568002236	300	59.645408595633576	0.0	140881	422.979565131	0.3
3608.6332421819066	300	59.56247079659051	0.0	157671	582.937799043	0.3
3610.2317866175763	300	59.891566769069506	0.0	157812	670.904027521	0.3
3610.419175613846	300	59.72169247500892	0.0	163927	169.87429406057726	0.3
3610.635356598386	300	59.58235933384358	0.0	137654	139.333141165	0.3
3611.4258069453167	300	59.93555808206548	0.0	146754	146.801251778	0.3
3612.357149703851	300	59.75171125037438	0.0	153938	183.846831691	0.3
3613.348500569427	300	59.589783781008336	0.0	181901	161.927469366	0.3
3614.515930792806	300	59.88078036742352	0.0	111155	709.0034135848189	0.3
3616.1374609560366	300	59.50922869070566	0.0	153605	871.5516767178555	0.3
3616.8410012977747	300	59.742447763092684	0.0	149029	266.780927613	0.3
3617.279606543663	300	59.9515248472111	0.0	157421	290.922915882	0.3
3618.149057437349	300	59.55064056537173	0.0	157488	400.884281839	0.3
3619.0223317027153	300	59.8082867386116	0.0	143881	742.3538267601307	0.3
3620.0026659449964	300	59.84357983677431	0.0	163444	964.7069018372885	0.3
3623.8790579974616	300	59.62319748076365	0.0	179328	3720.382356010662	0.3
3630.00616277255	750	57.49609270567531	0.0	365161	6127.104775088343	0.3
3630.5013201203164	300	59.56007126756349	0.0	131610	436.021438112	-0.15000000000000002
3631.0314996800516	300	59.53454944252307	0.0	124011	525.52182504	0.3
3632.2324793459065	300	59.646388476943216	0.0	144254	388.16096558	0.3
3652.5890808781705	300	43.28978694467914	0.0	149991	20356.60153226407	0.3
3652.8409019366086	300	47.037965886241544	0.0	147968	251.821058438	0.3
3653.1088509597453	300	50.77001686310455	0.0	161857	267.949023137	0.3
3653.357469417085	300	54.52139840576429	0.0	145210	248.61845734	0.3
3653.6375588298065	300	58.2413089930433	0.0	172312	280.089412721	0.3
3653.9176816077593	300	59.97019669615419	0.0	167025	271.11229688910487	0.3
3654.660064540796	300	59.56351047016751	0.0	160064	406.686225987	0.3
3655.851202181293	300	59.84579000344409	0.0	137507	217.720466723	0.3
3665.033681546885	300	54.663310637852135	0.0	118421	9182.479365591957	0.3

