9396.76873182519	750	4.0	0.28275140851808706	450283	282.751408518	-0.46583105662777435
9397.028330967416	750	7.740400857774851	0.0	398865	259.599142225	0.75
9397.171305149743	300	11.59742667544704	0.0	139857	142.974182328	-0.15000000000000002
9397.321292373175	300	15.447439452014702	0.0	155432	149.987223432	0.3
9397.47488630346	300	19.29384552172861	0.0	163442	153.593930286	0.3
9397.611751147637	300	23.15698067755208	0.0	126289	136.864844177	0.3
9397.7607761323	300	27.007955692889592	0.0	153295	149.024984662	0.3
9397.919056079843	300	30.84967574534669	0.0	173849	158.279947543	0.3
9398.066917102307	300	34.701814722883576	0.0	150710	147.861022463	0.3
9398.209552677448	300	38.55917914774103	0.0	139105	142.635575143	0.3
9398.448251468884	750	42.320480356306874	0.0	353220	238.698791434	0.3
9398.598265340686	300	46.17046648450474	0.0	156148	150.013871802	-0.15000000000000002
9398.85149797501	750	49.91723385017946	0.0	386351	253.232634325	0.3
9399.01211741403	300	53.75661441116074	0.0	179801	160.619439019	-0.15000000000000002
9399.154913689099	300	57.61381813608991	0.0	140051	142.796275071	0.3
9399.327880937633	300	59.97180114803648	0.0	138313	142.016988053	0.3
9399.674382673042	300	59.77402541057373	0.0	143509	197.775737463	0.3
9400.12273555638	300	59.58421196787607	0.0	150616	189.813442698	0.3
9401.648578806418	300	59.910560063178266	0.0	165384	673.651904698	0.3
9403.037779753635	300	59.85205526224031	0.0	140881	558.50480093795	0.3
9404.736783042716	300	59.62790169083861	0.0	157671	724.1535714016982	0.3
9406.718140325043	300	59.58464790851437	0.0	157812	1043.2537823242378	0.3
9408.247554442836	300	59.7489925996196	0.0	163927	835.6553088947737	0.3
9409.31544965847	300	59.52192439625149	0.0	137654	227.068203368	0.3
9410.240900075189	300	59.689612694026486	0.0	146754	332.3117022250051	0.3
9410.828264704363	300	59.90249973668506	0.0	153938	287.112957341	0.3
9418.209080086881	300	56.52168435416634	0.0	181901	7380.8153825187155	0.3
9419.15833926701	300	59.55758829127625	0.0	111155	464.09606289	0.3
9419.953271517947	300	59.61270372442895	0.0	153605	444.884566847	0.3
9420.552642430106	300	59.69804211039386	0.0	149029	414.661614035	0.3
9431.50847560239	750	52.74220893810994	0.0	358218	10955.833172283912	0.3
9431.68135428695	300	56.56933025354925	0.0	157488	172.878684561	-0.15000000000000002
9432.346208231462	300	59.90447630903744	0.0	143881	164.853944512	0.3
9433.357265812394	300	59.7280850683122	0.0	163444	176.391240725	0.3
9434.672005869399	1200	59.69804820991129	0.0	690253	530.0368584009066	0.29999999999999993
9435.707635540119	300	59.532584973855805	0.0	159914	165.463236055	-0.6000000000000001
9436.973840538782	300	59.54456569185607	0.0	131610	488.01928199973264	0.3
9438.008165072635	300	59.626496283259925	0.0	124011	418.0694085961418	0.3
9438.329835284238	300	59.983788740088556	0.0	144254	142.707543171	0.3
9438.720081821833	300	59.83814680550467	0.0	149991	145.641934584	0.3
9439.278269012866	300	59.64135551149497	0.0	147968	196.79129401	0.3
9440.39442594636	300	59.723974993259276	0.0	161857	917.3805182356928	0.3
9442.168093624005	300	59.89652936206638	0.0	145210	827.445631193	0.3
9452.75940372619	300	53.30521925988168	0.0	172312	10591.310102184698	0.3
9453.344621512035	300	56.720001474037765	0.0	167025	585.217785844	0.3
9454.314237249038	300	59.75038573703288	0.0	160064	469.6157370048876	0.3
9455.390724657129	300	59.84832486873047	0.0	137507	402.0608683024074	0.3
9456.243908010898	300	59.968946461740316	0.0	118421	379.37840699	0.3

