1076.2442301860212	750	4.0	2.544323985853963	450283	2544.32398585	-10.190593139172039
1077.5292903046488	300	6.714939881372185	0.0	155580	1285.06011863	-0.15000000000000002
1078.9877024940804	300	9.256527691940695	0.0	139857	1458.41218943	0.3
1080.3233461230452	300	11.92088406297584	0.0	155432	1335.64362896	0.3
1081.4869071227574	300	14.75732306326368	0.0	163442	1163.56099971	0.3
1083.6626071676596	750	16.5816230183617	0.0	318564	2175.7000449	0.3
1084.725653188606	300	19.518576997415124	0.0	153295	1063.04602095	-0.15000000000000002
1085.8414139379581	300	22.40281624806288	0.0	173849	1115.76074935	0.3
1087.149884492497	300	25.094345693524005	0.0	150710	1308.47055454	0.3
1088.0775042655187	300	28.166725920502454	0.0	139105	927.619773022	0.3
1089.0667826587555	300	31.177447527265635	0.0	141840	989.278393237	0.3
1090.4287849948983	300	33.815445191122784	0.0	156148	1362.00233614	0.3
1091.6026065856852	300	36.64162360033604	0.0	160746	1173.82159079	0.3
1093.0520638277387	300	39.192166358282506	0.0	179801	1449.45724205	0.3
1093.9879931162525	300	42.256237069768574	0.0	140051	935.929288514	0.3
1095.0035280982859	300	45.24070208773518	0.0	138313	1015.53498203	0.3
1096.0156108965234	300	48.2286192894977	0.0	143509	1012.08279824	0.3
1097.1674306676132	300	51.076799518407924	0.0	150616	1151.81977109	0.3
1099.2509475868196	300	52.99328259920151	0.0	165384	2083.51691921	0.3
1105.659445070929	1200	50.584785115092174	0.0	586839	6408.49748411	0.29999999999999993
1106.998173549575	300	53.24605663644597	0.0	157671	1338.72847865	-0.6000000000000001
1108.1182004733307	300	56.12602971269039	0.0	157812	1120.02692376	0.3
1109.4826306028274	300	58.76159958319366	0.0	163927	1364.4301295	0.3
1111.2927662050936	300	59.77739398339072	0.0	137654	984.205599803	0.3
1113.0136092932885	300	59.62043744052483	0.0	146754	1156.9565428658918	0.3
1114.6100140637818	300	59.71367832794269	0.0	153938	1406.7591125821386	0.3
1117.219344937163	300	59.94833572020774	0.0	181901	1765.342607734953	0.3
1119.2653836243576	300	59.52331050943355	0.0	111155	925.0252107741906	0.3
1121.707170917065	300	59.90792360129005	0.0	153605	2115.386908143498	0.3
1123.8580659927238	300	59.50067625574269	0.0	149029	1907.247345547356	0.3
1127.9243196054047	750	59.434422643061964	0.0	358218	4066.253612680726	0.3
1131.6030421575072	750	59.7557000909595	0.0	400322	3178.7225521024675	0.75
1133.559698185655	300	59.50668402433294	0.0	143881	1249.0160666265588	-0.15000000000000002
1135.3909168366094	300	59.86539467961632	0.0	163444	1641.289344716621	0.3
1137.7195770143423	300	59.80602924386861	0.0	179328	1559.3654357477103	0.3
1139.483779728936	300	59.688575257564516	0.0	159914	1117.4539863040923	0.3
1140.9594639980562	300	59.964107487149136	0.0	131610	1224.4677704153805	0.3
1142.2797691204091	300	59.53006317532513	0.0	124011	934.0443118240078	0.3
1144.2246021325557	300	59.800277074516366	0.0	144254	1229.786100808763	0.3
1146.0069611669865	300	59.6421210129697	0.0	149991	1158.156061546662	0.3
1147.6291814769074	300	59.54211234445137	0.0	147968	1100.0086685183398	0.3
1149.2271704175193	300	59.69972369484661	0.0	161857	1342.3886496047537	0.3
1151.6142595081556	300	59.768979295032175	0.0	145210	1430.7443998144336	0.3
1153.8961872947439	300	59.8021877471489	0.0	172312	1966.7915478832708	0.3
1156.7925934820316	300	59.88705277285755	0.0	167025	1915.1349742913462	0.3
1159.0340343633222	300	59.876967938710465	0.0	160064	1510.0848341470887	0.3
1161.302272429936	300	59.714026928975336	0.0	137507	1662.9410097351267	0.3
1163.4895776738094	300	59.92302283547795	0.0	118421	1291.00409349738	0.3

