15460.909536180969	750	4.0	0.30026470183591425	450283	300.264701836	-0.5411382178944313
15461.065641168969	300	7.843895011999939	0.0	155580	156.104988	-0.15000000000000002
15461.214054945205	300	11.695481235764404	0.0	139857	148.413776236	0.3
15461.370087536121	300	15.539448644847669	0.0	155432	156.032590917	0.3
15461.651410617276	750	19.258125563691397	0.0	411561	281.323081156	0.3
15461.793187341982	300	23.116348838986806	0.0	126289	141.776724705	-0.15000000000000002
15461.948174577718	300	26.961361603252975	0.0	153295	154.987235734	0.3
15462.24202088678	750	30.667515294189585	0.0	437162	293.846309063	0.3
15462.599586104545	750	34.30995007642462	0.0	374758	357.565217765	0.75
15462.784055071488	300	38.125481109483054	0.0	139105	184.468966942	-0.15000000000000002
15463.129326114968	750	41.78021006600438	0.0	353220	345.271043479	0.3
15463.326594511143	300	45.58294166982889	0.0	156148	197.268396175	-0.15000000000000002
15463.527316042073	300	49.38222013889909	0.0	160746	200.72153093	0.3
15463.853347675476	750	53.05618850549521	0.0	434409	326.031633404	0.3
15463.997228990724	300	56.91230719024739	0.0	140051	143.881315248	-0.15000000000000002
15464.391363628587	300	59.76921862711059	0.0	138313	143.088563137	0.3
15464.929539164637	300	59.5856538964477	0.0	143509	183.564730663	0.3
15466.10407151796	300	59.88569312248025	0.0	150616	199.960773967	0.3
15468.140302148862	300	59.81486359670701	0.0	165384	1070.8295257732298	0.3
15469.657969673002	300	59.998730387201796	0.0	140881	816.1332095052232	0.3
15470.191470862082	300	59.542746949979005	0.0	157671	455.9834372227917	0.3
15471.32814605324	300	59.72316823032969	0.0	157812	319.578719649	0.3
15472.013133639393	300	59.999222673005725	0.0	163927	223.945557324	0.3
15472.851061717383	300	59.77077964842545	0.0	137654	228.44302458	0.3
15473.889846702365	300	59.51612968264045	0.0	146754	254.649965785	0.3
15475.121776375714	300	59.50223235556343	0.0	153938	513.8973270770144	0.3
15476.35979575893	300	59.95223883709264	0.0	181901	1049.9935184707933	0.3
15477.416248471935	300	59.728025412961074	0.0	111155	724.213424132	0.3
15478.02215684143	300	59.551190872650125	0.0	153605	176.834540311	0.3
15478.224646876617	300	59.87448276965008	0.0	149029	176.708103	0.3
15478.582309965235	300	59.66854219143273	0.0	157421	205.940578217	0.3
15479.399758825899	300	59.54567901630293	0.0	157488	622.86317513	0.3
15479.89426695569	300	59.605717794174524	0.0	143881	439.961222128	0.3
15480.726256199645	300	59.926996626026785	0.0	163444	178.721168148	0.3
15481.736714166482	300	59.70840168051322	0.0	179328	218.594945514	0.3
15482.367348173686	300	59.999016187572565	0.0	159914	209.385492941	0.3
15483.083486602995	300	59.811571230050305	0.0	131610	187.444957522	0.3
15483.896784925462	300	59.629268804707955	0.0	124011	182.302425342	0.3
15484.96683221214	300	59.619743109933665	0.0	144254	509.5256947742881	0.3
15485.982670578305	300	59.6020847228016	0.0	149991	517.658387132	0.3
15486.846999652475	300	59.62901017523394	0.0	147968	473.074547568	0.3
15488.092274764293	300	59.66199988262656	0.0	161857	967.0102926073785	0.3
15489.12987658007	300	59.74233138434245	0.0	145210	919.6684982841116	0.3
15490.160695518358	300	59.995888573944114	0.0	172312	246.442810398	0.3
15490.508310824833	300	59.67426898465281	0.0	167025	321.61958929130105	0.3
15491.88768438962	750	59.70758006085077	0.0	393804	466.688923802	0.3
15501.07091484228	750	54.52434960818995	0.0	331053	9183.23045266082	0.75
15501.569215796007	300	58.02604865446335	0.0	118421	498.300953727	-0.15000000000000002

