9370.46815973885	750	4.0	0.17258139767470937	450283	172.581397675	0.007899989998749746
9370.579279628835	300	7.888880110013751	0.0	155580	111.119889986	-0.15000000000000002
9370.773504106895	1200	11.694655631953994	0.0	571051	194.22447806	0.29999999999999993
9370.884594393183	300	15.583565345668209	0.0	155432	111.090286286	-0.6000000000000001
9370.997286879743	300	19.470872859107388	0.0	163442	112.692486561	0.3
9371.102547837361	300	23.365611901487686	0.0	126289	105.26095762	0.3
9371.213210670216	300	27.25494906863358	0.0	153295	110.662832854	0.3
9371.327984816986	300	31.14017492186523	0.0	173849	114.774146768	0.3
9371.438130585208	300	35.03002915364421	0.0	150710	110.145768221	0.3
9371.545955063266	300	38.922204675584446	0.0	139105	107.82447806	0.3
9371.65432660971	300	42.813833129141145	0.0	141840	108.371546443	0.3
9371.765560113898	300	46.70259962495312	0.0	156148	111.233504188	0.3
9371.87771333305	300	50.590446405800726	0.0	160746	112.153219152	0.3
9371.993678028637	300	54.47448171021378	0.0	179801	115.964695587	0.3
9372.10169173035	300	58.36646800850107	0.0	140051	108.013701713	0.3
9372.337137236038	300	59.758801950243786	0.0	138313	107.666058257	0.3
9372.588717877434	300	59.656901353261034	0.0	143509	101.900596983	0.3
9372.881001340562	300	59.545599643903735	0.0	150616	111.301709357	0.3
9373.711746881749	300	59.931217750195955	0.0	165384	114.381893708	0.3
9374.566082447223	300	59.822231791198924	0.0	140881	108.985958997	0.3
9375.456048845865	300	59.709423395116055	0.0	157671	112.808396083	0.3
9376.379919665585	300	59.59656698653458	0.0	157812	112.856408581	0.3
9376.822286787503	300	59.990890631146364	0.0	163927	105.676355388	0.3
9377.298785188894	300	59.880986813714024	0.0	137654	109.903817432	0.3
9377.825732097119	300	59.76031065158201	0.0	146754	120.676162132	0.3
9378.394837438567	300	59.63889335390477	0.0	153938	121.417297677	0.3
9378.981044835524	300	59.53013367731101	0.0	181901	108.759676594	0.3
9380.08481980683	300	59.9269700518405	0.0	111155	103.163625471	0.3
9380.25862865883	300	59.799871298757544	0.0	153605	127.09875308296063	0.3
9380.67873173303	750	59.573174811115926	0.0	400508	226.696487642	0.3
9381.65432977904	300	59.89257908139095	0.0	157421	180.595729725	-0.15000000000000002
9382.875521750044	750	59.889484254030606	0.0	400322	503.0948273603393	0.3
9385.800939900118	300	59.995323750815366	0.0	143881	2394.160503215239	-0.15000000000000002
9386.48063858999	300	59.881603229309235	0.0	163444	113.720521506	0.3
9387.200729956545	300	59.764546630214326	0.0	179328	117.056599095	0.3
9387.951497362032	300	59.650180311201275	0.0	159914	114.366319013	0.3
9388.749624993547	300	59.52981703868171	0.0	131610	120.36327252	0.3
9389.07586151317	300	59.91558095836519	0.0	124011	114.236080317	0.3
9389.428865845732	300	59.80507901173948	0.0	144254	110.501946626	0.3
9389.812818624781	300	59.694353815182446	0.0	149991	110.725196557	0.3
9390.232528603741	300	59.58111261694877	0.0	147968	113.241198234	0.3
9391.165804554312	300	59.97720903202761	0.0	161857	103.903584921	0.3
9392.139445374369	300	59.86557480482203	0.0	145210	111.634227206	0.3
9393.208175553184	300	59.72221301184126	0.0	172312	143.361792981	0.3
9394.32639583442	300	59.58528706414054	0.0	167025	136.925947701	0.3
9395.003531251234	300	59.947866522501	0.0	160064	137.42054163953176	0.3
9395.732890448366	300	59.813044361521435	0.0	137507	134.82216098	0.3
9396.485980416672	300	59.69376789544486	0.0	118421	119.276466077	0.3

