12740.07864287556	750	4.0	0.402436806301468	450283	402.436806301	-0.9804782670963124
12740.27004996471	300	7.8085929108485495	0.0	155580	191.407089151	-0.15000000000000002
12740.451870903487	300	11.62677197207185	0.0	139857	181.820938777	0.3
12740.646275330779	300	15.432367544781266	0.0	155432	194.404427291	0.3
12740.846575451766	300	19.23206742379442	0.0	163442	200.300120987	0.3
12741.019529416959	300	23.059113458599988	0.0	126289	172.953965194	0.3
12741.212360923224	300	26.866281952336735	0.0	153295	192.831506263	0.3
12741.420321029766	300	30.658321845794703	0.0	173849	207.960106542	0.3
12741.611249868338	300	34.46739300722244	0.0	150710	190.928838572	0.3
12741.793636943445	300	38.28500593211398	0.0	139105	182.387075108	0.3
12741.978037092495	300	42.10060578306555	0.0	141840	184.400149048	0.3
12742.169451503474	300	45.90919137208441	0.0	156148	191.414410981	0.3
12742.361341942085	300	49.71730093347342	0.0	160746	191.890438611	0.3
12742.566495991035	300	53.51214688452231	0.0	179801	205.154048951	0.3
12742.74398126481	300	57.33466161074934	0.0	140051	177.485273773	0.3
12743.912307469227	300	59.65838610631626	0.0	138313	176.275504433	0.3
12744.673361803903	300	59.98388428897026	0.0	143509	174.5018173460001	0.3
12745.671204712553	300	59.738239093311655	0.0	150616	245.645195659	0.3
12746.667269629736	300	59.576305491216054	0.0	165384	161.933602096	0.3
12747.24888401333	300	59.91256395696113	0.0	140881	163.741534255	0.3
12747.99855959157	300	59.70666259251265	0.0	157671	205.901364448	0.3
12748.720832408817	300	59.57741329078219	0.0	157812	129.24930173	0.3
12749.076071518568	300	59.90580549366647	0.0	163927	171.607797116	0.3
12749.463057863815	300	59.76462797736146	0.0	137654	141.177516305	0.3
12749.905815721815	750	59.87615346283086	0.0	359903	388.474514531	0.3
12750.211910861177	300	59.7102475648852	0.0	153938	165.905897946	-0.15000000000000002
12750.550940856287	300	59.57082718803827	0.0	181901	139.420376847	0.3
12751.412258060556	300	59.94997339503621	0.0	111155	120.853793002	0.3
12752.307890915654	300	59.832388673119844	0.0	153605	117.584721916	0.3
12753.239733248269	300	59.7154915734041	0.0	149029	116.897099716	0.3
12754.32169273331	300	59.54198444733259	0.0	157421	173.507126072	0.3
12754.909819267383	300	59.91214735978074	0.0	157488	129.837087552	0.3
12755.551547436206	300	59.780427998629754	0.0	143881	131.719361151	0.3
12756.212655271504	300	59.66487848481629	0.0	163444	115.549513813	0.3
12756.917238712764	300	59.545365924929435	0.0	179328	119.512559887	0.3
12757.254746268765	300	59.87914758761422	0.0	159914	166.218337315	0.3
12757.998646736813	750	59.55284196293486	0.0	321064	326.305624679	0.3
12758.237978422285	300	59.85197354188223	0.0	124011	200.868421053	-0.15000000000000002
12758.459088230817	300	59.720650269825285	0.0	144254	131.323272057	0.3
12758.781384989128	300	59.5638951589075	0.0	149991	156.755110918	0.3
12759.63085038127	300	59.93243328653359	0.0	147968	131.461872374	0.3
12760.546340128341	300	59.79319017288168	0.0	161857	139.243113652	0.3
12761.49997054458	300	59.66499828147191	0.0	145210	128.19189141	0.3
12762.491912298778	300	59.54174666678735	0.0	172312	123.251614685	0.3
12763.038122116292	300	59.9129868277875	0.0	167025	128.759839	0.3
12763.639750119184	300	59.78089781559825	0.0	160064	132.089012189	0.3
12764.325167270437	300	59.63295873532305	0.0	137507	147.939080275	0.3
12764.879770416424	1200	59.8343961978194	0.0	550906	298.562537504	0.29999999999999993

