5320.962029516204	750	4.0	7.46283667502089	450283	7462.83667502	-31.340197702589826
5323.577113795986	300	5.384915720217523	0.0	155580	2615.08427978	-0.15000000000000002
5325.13930693398	300	7.822722582223103	0.0	139857	1562.19313799	0.3
5327.326529267355	300	9.635500248849077	0.0	155432	2187.22233337	0.3
5328.243218437087	300	12.718811079116234	0.0	163442	916.689169733	0.3
5328.957471995565	300	16.004557520639107	0.0	126289	714.253558477	0.3
5329.791125270773	300	19.17090424543178	0.0	153295	833.653275207	0.3
5330.666082145543	300	22.295947370660794	0.0	173849	874.956874771	0.3
5331.313167419049	300	25.648862097155313	0.0	150710	647.085273505	0.3
5331.994773419299	300	28.967256096904883	0.0	139105	681.60600025	0.3
5332.799153447508	300	32.16287606869579	0.0	141840	804.380028209	0.3
5333.60603599384	300	35.35599352236313	0.0	156148	806.882546333	0.3
5334.542279092525	300	38.419750423678245	0.0	160746	936.243098685	0.3
5335.597214147539	300	41.364815368664765	0.0	179801	1054.93505501	0.3
5336.536642579959	300	44.4253869362438	0.0	140051	939.428432421	0.3
5339.884756745316	750	45.07727277088696	0.0	366214	3348.11416536	0.3
5340.800655018618	300	48.16137449758506	0.0	143509	915.898273302	-0.15000000000000002
5341.701234155608	300	51.26079536059492	0.0	150616	900.57913699	0.3
5342.679517625027	300	54.282511891175936	0.0	165384	978.283469419	0.3
5343.413523311791	300	57.54850620441216	0.0	140881	734.005686764	0.3
5344.64953341911	300	59.67366638605631	0.0	157671	874.839818356	0.3
5345.588691100759	300	59.82317268971429	0.0	157812	850.4936963420257	0.3
5346.998057706485	300	59.60432137950455	0.0	163927	1218.851310209741	0.3
5348.6349220851735	300	59.835146837918714	0.0	137654	769.174541586	0.3
5349.4243300047165	300	59.56478779669814	0.0	146754	770.3590412205773	0.3
5351.992224782958	750	59.73636484673856	0.0	379700	1828.4229499595804	0.3
5353.212798091759	300	59.88031410647925	0.0	181901	856.0507402593147	-0.15000000000000002
5357.016159248792	1200	59.566894812233755	0.0	487160	3313.4192942454933	0.29999999999999993
5358.3310922089	300	59.59439926357297	0.0	153605	972.4955486607836	-0.6000000000000001
5359.364748568806	300	59.658789789343935	0.0	149029	935.6094742290311	0.3
5362.969007211845	750	59.845683910663396	0.0	358218	2813.1058786805356	0.3
5365.663049908196	300	59.808238944666286	0.0	157488	2037.444965997113	-0.15000000000000002
5369.836432448346	750	59.63485640451619	0.0	369834	4173.382540150091	0.3
5371.992873204358	300	59.88912616176255	0.0	163444	1245.7302427536388	-0.15000000000000002
5376.930985197342	750	58.951014168778336	0.0	401088	4938.111992984213	0.3
5380.510749968526	750	59.37124939759426	0.0	365161	3579.7647711840655	0.75
5381.914347338791	300	59.652244351175106	0.0	131610	1219.005046419158	-0.15000000000000002
5384.286352306981	300	59.74903802900334	0.0	124011	1403.2063221717704	0.3
5386.2396285938385	300	59.94679920858298	0.0	144254	1302.2388204203505	0.3
5388.538782931714	300	59.99674077286423	0.0	149991	1950.0584357187554	0.3
5390.558486447515	300	59.7569369660422	0.0	147968	1739.8038068220371	0.3
5393.0688534810915	300	59.842203303743105	0.0	161857	1414.7336622990933	0.3
5394.332608078613	300	59.63614269062142	0.0	145210	1206.0606131216812	0.3
5397.474872872425	300	59.775357285915	0.0	172312	2360.7854047064184	0.3
5400.677192840805	750	59.505436996277915	0.0	398987	2269.9202896370875	0.3
5402.635102739364	300	59.67668188637009	0.0	160064	1328.7551099078241	-0.15000000000000002
5403.835711163275	300	59.800955068739796	0.0	137507	875.7268176302944	0.3
5404.790096252737	300	59.68220332714919	0.0	118421	618.751741591	0.3

