16204.918508230961	750	4.0	2.814345970684643	450283	2814.34597068	-11.351687673943966
16205.704164419521	300	7.214343811440379	0.0	155580	785.65618856	-0.15000000000000002
16206.391147119686	300	10.527361111275848	0.0	139857	686.982700165	0.3
16207.188353175923	300	13.730155055039365	0.0	155432	797.206056236	0.3
16208.007622667548	300	16.91088556341314	0.0	163442	819.269491626	0.3
16208.684692630888	300	20.233815600073992	0.0	126289	677.069963339	0.3
16209.730325093635	300	23.188183137327798	0.0	153295	1045.63246275	0.3
16210.5953071735	300	26.323201057463255	0.0	173849	864.982079865	0.3
16211.353538717975	300	29.56496951298942	0.0	150710	758.231544474	0.3
16211.936163654493	300	32.98234457647063	0.0	139105	582.624936519	0.3
16212.148000531453	300	36.77050769951002	0.0	141840	211.836876961	0.3
16212.373136351134	300	40.545371879828366	0.0	156148	225.135819682	0.3
16212.6025459015	300	44.31596232946238	0.0	160746	229.409550366	0.3
16212.849666617196	300	48.068841613765855	0.0	179801	247.120715697	0.3
16213.059840661577	300	51.85866756938338	0.0	140051	210.174044382	0.3
16213.26839927666	300	55.650108954302624	0.0	138313	208.558615081	0.3
16213.485085243836	300	59.433422987125105	0.0	143509	216.685967178	0.3
16214.418383820466	300	59.687235190589746	0.0	150616	246.187796535	0.3
16215.305164174943	300	59.797400403399294	0.0	165384	389.83478719	0.3
16216.210925239951	300	59.55299265453712	0.0	140881	244.407748862	0.3
16216.905927009782	750	59.99616842769595	0.0	386472	556.8242268411684	0.3
16217.478807197707	750	59.98881710522734	0.0	399894	507.351322469	0.75
16218.006968988188	300	59.967500642715564	0.0	163927	521.316462512	-0.15000000000000002
16219.43350397856	300	59.96765581151405	0.0	137654	499.844831202	0.3
16220.822805753422	300	59.94635000366888	0.0	146754	521.305807845164	0.3
16221.05241999967	300	59.72554086405228	0.0	153938	220.8091396166054	0.3
16222.222662910339	300	59.85482196203352	0.0	181901	370.718902019	0.3
16223.75141680156	300	59.700207020748415	0.0	111155	654.6149412851087	0.3
16226.17380823419	300	59.63608077940225	0.0	153605	1564.1262413461675	0.3
16249.78975212799	300	40.020136885603215	0.0	149029	23615.943893799034	0.3
16251.828873224405	300	41.98101578918705	0.0	157421	2039.1210964161623	0.3
16253.162486520718	300	44.64740249287628	0.0	157488	1333.6132963107657	0.3
16254.2946631092	300	47.51522590439382	0.0	143881	1132.1765884824563	0.3
16256.442362897025	300	49.367526116567795	0.0	163444	2147.6997878260313	0.3
16258.52991454465	300	51.27997446894337	0.0	179328	2087.55164762442	0.3
16268.998650596428	300	44.81123841716448	0.0	159914	10468.736051778895	0.3
16269.221601033272	300	48.5882879803217	0.0	131610	222.950436843	0.3
16269.4362976872	300	52.373591326394866	0.0	124011	214.696653927	0.3
16269.672981619395	300	56.136907394198836	0.0	144254	236.683932196	0.3
16269.915896891584	300	59.893992122012186	0.0	149991	242.915272187	0.3
16271.03768665301	300	59.653274165635366	0.0	147968	240.717956377	0.3
16271.873016885069	300	59.88614495213029	0.0	161857	267.1292135050861	0.3
16272.902693820837	300	59.61540699352295	0.0	145210	270.737958607	0.3
16274.129384309093	300	59.5915312379761	0.0	172312	523.8757555468553	0.3
16275.303440176038	300	59.56591067085793	0.0	167025	525.6205671181633	0.3
16286.622792692124	300	52.246558154772316	0.0	160064	11319.352516085617	0.3
16288.750707647212	300	54.118643199682545	0.0	137507	2127.914955089781	0.3
16291.30374302277	300	55.56560782412434	0.0	118421	2553.0353755581973	0.3

