4909.280754799482	750	4.0	1.7334856052395988	450283	1733.48560524	-6.703988102530275
4909.969176778161	300	7.311578021319168	0.0	155580	688.421978681	-0.15000000000000002
4910.628774788936	300	10.651980010544197	0.0	139857	659.598010775	0.3
4911.225077270304	300	14.055677529176537	0.0	155432	596.302481368	0.3
4912.560345902586	750	16.720408896894146	0.0	411561	1335.26863228	0.3
4913.032053569544	300	20.2487012299367	0.0	126289	471.707666957	-0.15000000000000002
4913.5272863304945	300	23.753468468987126	0.0	153295	495.23276095	0.3
4915.290532096643	750	25.99022270283796	0.0	437162	1763.24576615	0.3
4915.844444285629	300	29.436310513851677	0.0	150710	553.912188986	-0.15000000000000002
4916.361864198369	300	32.918890601112395	0.0	139105	517.419912739	0.3
4916.837084363304	300	36.44367043617745	0.0	141840	475.220164935	0.3
4917.347644457055	300	39.933110342426374	0.0	156148	510.560093751	0.3
4917.9319813605425	300	43.34877343893857	0.0	160746	584.336903488	0.3
4918.636873512507	300	46.643881286973844	0.0	179801	704.892151965	0.3
4919.2088627002195	300	50.07189209926174	0.0	140051	571.989187712	0.3
4919.777019050861	300	53.50373574861983	0.0	138313	568.156350642	0.3
4920.3438728221845	300	56.936881977296714	0.0	143509	566.853771323	0.3
4921.111515634348	300	59.86736238518637	0.0	150616	569.51959211	0.3
4921.934919664618	300	59.74922198007777	0.0	165384	618.140405109	0.3
4924.082100632267	750	59.96876330883406	0.0	350713	1280.4586712437017	0.3
4925.527923332609	300	59.87921310686581	0.0	157671	589.5502019682532	-0.15000000000000002
4926.706146381027	300	59.92273783184359	0.0	157812	456.4752750222249	0.3
4928.046925534474	300	59.55922214181754	0.0	163927	363.515690026	0.3
4929.1945482606	300	59.6635425104665	0.0	137654	395.6796313510415	0.3
4930.214472756808	300	59.72555180974836	0.0	146754	437.99070071813554	0.3
4930.92622642231	300	59.844641874743715	0.0	153938	380.909935005	0.3
4931.690572535766	300	59.76389068326387	0.0	181901	580.75119148	0.3
4932.118010133022	300	59.845969345623736	0.0	111155	417.92133764	0.3
4933.573377290809	300	59.824043896538086	0.0	153605	521.925449086	0.3
4935.546464311626	750	59.75422124048041	0.0	400508	1069.8226560576784	0.3
4936.74541044286	300	59.80638035724279	0.0	157421	447.84088323762353	-0.15000000000000002
4937.756046426731	300	59.86661498930575	0.0	157488	439.7653679370329	0.3
4938.625142155951	300	59.91800243266315	0.0	143881	448.612556643	0.3
4939.7361711023395	300	59.527729545756976	0.0	163444	390.272886906	0.3
4940.614739507956	300	59.54382337269009	0.0	179328	483.9061730668873	0.3
4941.502294742241	300	59.50137687182254	0.0	159914	542.446500868	0.3
4942.839960918594	750	59.70059815035474	0.0	321064	1300.7787214677971	0.3
4944.183766151361	300	59.65313926141351	0.0	124011	547.458888941	-0.15000000000000002
4945.637332783949	300	59.529529117032325	0.0	144254	623.610144381182	0.3
4946.561990736213	300	59.93617838500391	0.0	149991	593.350732028411	0.3
4947.541198754045	300	59.782227986206365	0.0	147968	653.950398798	0.3
4948.455870116902	300	59.67352111429423	0.0	161857	608.706871912	0.3
4949.177776155263	300	59.66005034058577	0.0	145210	513.470773708	0.3
4950.694307342316	300	59.96100237938584	0.0	172312	699.0479612	0.3
4952.159952630817	300	59.798421348062	0.0	167025	662.5810313238384	0.3
4953.808787789207	300	59.57503589745596	0.0	160064	723.38545060604	0.3
4957.089494848126	1200	59.596907221887875	0.0	538612	2478.128675568095	0.29999999999999993
4958.100886823715	300	59.938000425769204	0.0	118421	658.9067961186668	-0.6000000000000001

