13330.305141240377	750	4.0	2.710453720508167	450283	2710.45372051	-10.904950998185118
13337.006322380013	2850	4.0	2.7011811396363226	1431809	6701.18113964	-10.865078900436187
13337.250949603651	300	7.755372776363609	0.0	139857	244.627223636	-2.25
13337.513910332284	300	11.492412047731854	0.0	155432	262.960728632	0.3
13337.786299720627	300	15.220022659388196	0.0	163442	272.389388344	0.3
13338.014955901195	300	18.991366478819355	0.0	126289	228.656180569	0.3
13338.243051918022	300	22.763270461990608	0.0	153295	228.096016829	0.3
13338.472851527044	300	26.533470852971128	0.0	173849	229.799609019	0.3
13338.682713068238	300	30.32360931177546	0.0	150710	209.861541196	0.3
13338.882574986412	300	34.12374739360133	0.0	139105	199.861918174	0.3
13339.084793558524	300	37.92152882148804	0.0	141840	202.218572113	0.3
13339.299340834317	300	41.70698154569598	0.0	156148	214.547275792	0.3
13339.517850046055	300	45.48847233395795	0.0	160746	218.509211738	0.3
13339.767333687685	300	49.23898869232783	0.0	179801	249.48364163	0.3
13340.014124359743	300	52.99219802027222	0.0	140051	246.790672056	0.3
13340.530258904844	750	56.47606347516954	0.0	366214	516.134545103	0.3
13341.107648092706	300	59.725154573726286	0.0	143509	250.908901443	-0.15000000000000002
13342.33563541668	300	59.98440105494835	0.0	150616	240.753518778	0.3
13342.7217635412	300	59.74495389528751	0.0	165384	239.4471596608417	0.3
13343.428507550907	300	59.6749223728631	0.0	140881	570.031522424	0.3
13344.085556999571	300	59.62475389217129	0.0	157671	550.168480692	0.3
13345.472928625082	300	59.94450856340221	0.0	157812	680.245328769	0.3
13346.526375892647	300	59.98134807799138	0.0	163927	463.16048541083063	0.3
13347.804842936575	300	59.59725794710277	0.0	137654	384.090130889	0.3
13357.075401987848	300	54.3266988958304	0.0	146754	9270.559051272368	0.3
13357.25158243005	300	58.150518453628294	0.0	153938	176.180442202	0.3
13357.740002278431	300	59.956866732695154	0.0	181901	193.651720933	0.3
13358.21602982878	300	59.82623702124648	0.0	111155	130.629711449	0.3
13358.85806069221	300	59.63792050898105	0.0	153605	188.316512265	0.3
13360.416837643257	300	59.795389209039115	0.0	149029	1342.5312999419327	0.3
13366.092066011657	750	58.12016084063814	0.0	358218	5675.228368400976	0.3
13366.490826712783	300	59.786517499828186	0.0	157488	333.6433408099517	-0.15000000000000002
13366.75917107271	300	59.64490400002223	0.0	143881	141.613499806	0.3
13367.672424631657	300	59.96164265060999	0.0	163444	183.261349412	0.3
13368.698798919759	300	59.77345161132672	0.0	179328	188.191039283	0.3
13371.750088024957	300	59.876898683135394	0.0	159914	2396.5529281913296	0.3
13373.64735779835	300	59.96563188494268	0.0	131610	1411.2667981927157	0.3
13375.934391464825	300	59.77511653930679	0.0	124011	1690.515345635896	0.3
13377.794493230169	300	59.85332481705378	0.0	144254	1421.7917222530014	0.3
13379.02882502666	300	59.665313940352995	0.0	149991	688.0108767007893	0.3
13379.912011332272	1200	59.70688124744355	0.0	566904	458.432692909	0.29999999999999993
13380.610662991176	300	59.52993222434166	0.0	161857	176.949023102	-0.6000000000000001
13381.536924664491	300	59.537652705585224	0.0	145210	492.279518756	0.3
13382.448000124185	300	59.50910605301872	0.0	172312	528.546652567	0.3
13383.856410784565	300	59.956165126391454	0.0	167025	552.940926627	0.3
13391.170536198264	300	56.64203971269178	0.0	160064	7314.125413699671	0.3
13391.83181321688	300	59.980762694076596	0.0	137507	161.277018615	0.3
13392.722676886238	300	59.830766942431744	0.0	118421	149.995751645	0.3

