15367.663008499883	750	4.0	2.4105911300486103	450283	2410.59113005	-9.615541859209024
15368.525283934585	300	7.137724565296481	0.0	155580	862.275434704	-0.15000000000000002
15369.57920696953	300	10.083801530351042	0.0	139857	1053.92303495	0.3
15370.659671435045	300	13.003337064837888	0.0	155432	1080.46446551	0.3
15371.469058655082	300	16.193949844800514	0.0	163442	809.387220037	0.3
15372.220172924595	300	19.442835575288154	0.0	126289	751.114269512	0.3
15373.118102059374	300	22.54490644050906	0.0	153295	897.929134779	0.3
15374.01872004921	300	25.644288450672434	0.0	173849	900.617989837	0.3
15374.757327647603	300	28.90568085227842	0.0	150710	738.607598394	0.3
15376.559083309294	300	31.103925190588562	0.0	139105	1801.75566169	0.3
15377.920108967248	300	33.74289953263402	0.0	141840	1361.02565795	0.3
15380.213935117692	300	35.4490733821906	0.0	156148	2293.82615044	0.3
15381.70488052773	300	37.958127972153875	0.0	160746	1490.94541004	0.3
15385.209178503437	300	38.453829996445364	0.0	179801	3504.29797571	0.3
15386.286450123558	300	41.37655837632394	0.0	140051	1077.27162012	0.3
15387.033850632992	300	44.629157866890715	0.0	138313	747.400509433	0.3
15387.818349808153	300	47.84465869172933	0.0	143509	784.499175161	0.3
15388.819903589872	300	50.84310491001018	0.0	150616	1001.55378172	0.3
15389.733361021603	300	53.92964747828005	0.0	165384	913.45743173	0.3
15390.515792019476	300	57.14721648040675	0.0	140881	782.430997873	0.3
15391.815292721685	300	59.84771577819774	0.0	157671	799.500702209	0.3
15393.770113051345	300	59.77174328929287	0.0	157812	1075.9724889048684	0.3
15395.275008448549	300	59.918719511069085	0.0	163927	853.0237782237785	0.3
15396.881731862326	300	59.651293613670155	0.0	137654	767.4258973989347	0.3
15398.194195057613	300	59.8747107742146	0.0	146754	776.5828394555574	0.3
15407.736402678353	300	54.33250315347666	0.0	153938	9542.20762073794	0.3
15408.955800493422	300	57.1131053384052	0.0	181901	1219.3978150714595	0.3
15409.814801047582	300	59.96234795714717	0.0	111155	650.757381258	0.3
15411.113278650691	300	59.62723074204286	0.0	153605	835.117215104	0.3
15411.963638397638	300	59.89373106257294	0.0	149029	733.4996794699265	0.3
15421.077536390498	300	54.779833069713334	0.0	157421	9113.897992859598	0.3
15421.319191039065	300	58.538178421146526	0.0	157488	241.654648567	0.3
15422.506979046282	300	59.81049077198951	0.0	143881	227.687649157	0.3
15422.883766826562	300	59.56214706087828	0.0	163444	248.34371111122115	0.3
15424.282714108496	300	59.63689545449607	0.0	179328	425.251606382	0.3
15433.86891956636	300	54.05068999663307	0.0	159914	9586.205457863003	0.3
15434.372255982265	300	57.54735358072699	0.0	131610	503.336415906	0.3
15435.61099289974	300	59.589603896649415	0.0	124011	457.7496840775777	0.3
15436.510477353155	300	59.990355286641815	0.0	144254	599.2486100075968	0.3
15437.558127783226	300	59.57664799330941	0.0	149991	413.707293332	0.3
15439.065542004668	300	59.59991245095815	0.0	147968	976.7355423512583	0.3
15441.287632525715	750	59.964206529979975	0.0	384505	2135.7059209781833	0.3
15443.24964275373	300	59.98639371600672	0.0	145210	977.812813973	-0.15000000000000002
15454.214823229753	300	53.02121323998329	0.0	172312	10965.180476023424	0.3
15455.689201743297	300	55.54683472643931	0.0	167025	1474.378513543983	0.3
15457.003134527427	300	58.23290194230802	0.0	160064	1313.9327841312886	0.3
15458.30766753187	300	59.539480033957275	0.0	137507	1193.4219083507394	0.3
15460.609271479134	300	59.90423360837106	0.0	118421	1635.246425586215	0.3

