7588.722018923905	750	4.0	2.771149001814882	450283	2771.14900181	-11.165940707803992
7589.907099090563	300	6.814919833341804	0.0	155580	1185.08016666	-0.15000000000000002
7590.876514570148	300	9.845504353757491	0.0	139857	969.415479584	0.3
7591.855536917448	300	12.866482006457636	0.0	155432	979.0223473	0.3
7593.040563024055	300	15.68145589985016	0.0	163442	1185.02610661	0.3
7594.050579763892	300	18.671439160013847	0.0	126289	1010.01673984	0.3
7595.065680172435	300	21.656338751469917	0.0	153295	1015.10040854	0.3
7599.0409615048375	1200	21.681057419067397	0.0	709534	3975.2813324	0.29999999999999993
7601.044253165914	300	23.677765757991033	0.0	150710	2003.29166108	-0.6000000000000001
7602.515435806812	300	26.206583117092734	0.0	139105	1471.1826409	0.3
7603.7966498035685	300	28.925369120336374	0.0	141840	1281.21399676	0.3
7605.326509131638	300	31.395509792266846	0.0	156148	1529.85932807	0.3
7610.6352207190275	1200	30.086798204877432	0.0	624282	5308.71158739	0.29999999999999993
7612.14098797175	300	32.58103095215444	0.0	179801	1505.76725272	-0.6000000000000001
7613.279623457358	300	35.44239546654587	0.0	140051	1138.63548561	0.3
7614.312170769547	300	38.409848154357256	0.0	138313	1032.54731219	0.3
7615.346589609084	300	41.375429314820416	0.0	143509	1034.41883954	0.3
7616.296311377357	300	44.425707546547216	0.0	150616	949.721768273	0.3
7617.1725991809135	300	47.549419742990295	0.0	165384	876.287803557	0.3
7620.855585588491	1200	47.86643333541367	0.0	586839	3682.98640758	0.29999999999999993
7621.914191844213	300	50.80782707969114	0.0	157671	1058.60625572	-0.6000000000000001
7622.975946941299	300	53.74607198260471	0.0	157812	1061.75509709	0.3
7624.004842887088	300	56.71717603681654	0.0	163927	1028.89594579	0.3
7624.892415997175	300	59.82960292672956	0.0	137654	887.573110087	0.3
7626.714092663243	300	59.90603763123827	0.0	146754	923.565295491	0.3
7629.054877347163	750	59.61320097456598	0.0	379700	2292.8366566722975	0.3
7630.960440116587	300	59.88039360347816	0.0	181901	1232.807371087818	-0.15000000000000002
7632.678556138636	300	59.54371329162222	0.0	111155	836.6803118559382	0.3
7634.220937055392	300	59.89324068834037	0.0	153605	1150.4726032818512	0.3
7637.30564406836	750	59.74434133859353	0.0	400508	2648.899349746839	0.3
7638.624861154789	300	59.752636626989734	0.0	157421	991.7047116037925	-0.15000000000000002
7639.799885921611	300	59.74038043099079	0.0	157488	1012.2561959989466	0.3
7641.657564136487	300	59.78492560896462	0.0	143881	955.454822026	0.3
7643.741752586932	300	59.6439430801675	0.0	163444	1140.9825287971214	0.3
7645.608369397602	300	59.632237635656516	0.0	179328	1011.7054445109911	0.3
7647.276314272802	300	59.6237208811354	0.0	159914	1008.5167545211183	0.3
7648.615928942254	300	59.72912760674868	0.0	131610	894.5932743867174	0.3
7649.497980056767	300	59.87461274702516	0.0	124011	854.5148597235261	0.3
7652.802940959304	300	59.902400423151825	0.0	144254	2472.212323873336	0.3
7653.8095599397775	300	59.91696522224633	0.0	149991	985.435200905	0.3
7656.25489081365	300	59.642891675094475	0.0	147968	1274.0735471518594	0.3
7660.011586648037	750	59.886195840706016	0.0	384505	3756.695834388463	0.3
7662.358695582166	300	59.53061795419676	0.0	145210	1355.5778865092564	-0.15000000000000002
7667.142134032882	300	58.74717950348037	0.0	172312	4783.438450716392	0.3
7669.342254257122	300	59.99110414052782	0.0	167025	1256.075362952552	0.3
7672.001149349275	300	59.81767902509472	0.0	160064	1673.4251154331007	0.3
7675.283994625856	750	59.848991375164275	0.0	331053	2468.6876499304417	0.3
7677.4290854303945	300	59.57952478622013	0.0	118421	1269.466588944144	-0.15000000000000002

