7926.880441063501	750	4.0	6.834233540124075	450283	6834.23354012	-28.63720422253352
7928.918440566974	300	5.962000496526786	0.0	155580	2037.99950347	-0.15000000000000002
7930.165618156559	300	8.714822906942135	0.0	139857	1247.17758958	0.3
7931.003900134384	300	11.876540929117732	0.0	155432	838.281977824	0.3
7931.724679925094	300	15.155761138407508	0.0	163442	720.77979071	0.3
7932.30303340016	300	18.57740766334215	0.0	126289	578.353475065	0.3
7932.994009910577	300	21.88643115292441	0.0	153295	690.976510418	0.3
7935.0458275795645	750	23.834613483936906	0.0	437162	2051.81766899	0.3
7935.655075637156	300	27.22536542634505	0.0	150710	609.248057592	-0.15000000000000002
7937.461320814276	750	29.419120249225355	0.0	362795	1806.24517712	0.3
7939.3881644611765	300	31.492276602325035	0.0	141840	1926.8436469	-0.15000000000000002
7940.081185685566	300	34.79925537793539	0.0	156148	693.02122439	0.3
7940.7922581920075	300	38.08818287149447	0.0	160746	711.072506441	0.3
7941.578138697467	300	41.30230236603501	0.0	179801	785.880505459	0.3
7942.207964731082	300	44.6724763324195	0.0	140051	629.826033616	0.3
7947.185082038469	1200	43.695359025033426	0.0	587876	4977.11730739	0.29999999999999993
7947.849956756326	300	47.03048430717624	0.0	143509	664.874717857	-0.6000000000000001
7948.498721448324	300	50.381719615177175	0.0	150616	648.764691999	0.3
7949.147872907193	300	53.73256815630881	0.0	165384	649.151458868	0.3
7949.6967923996	300	57.1836486639019	0.0	140881	548.919492407	0.3
7950.671168598371	300	59.580753002627695	0.0	157671	602.895661274	0.3
7952.147881090911	300	59.948637025105995	0.0	157812	632.115977522	0.3
7954.07086692499	300	59.6044423655757	0.0	163927	844.1946595302924	0.3
7955.461962025051	300	59.85329040281957	0.0	137654	751.1519627561319	0.3
7956.5909734053	300	59.813256281346774	0.0	146754	540.0341214727962	0.3
7957.519051821006	300	59.84870570288341	0.0	153938	464.550578463	0.3
7958.614114275278	300	59.97393839436791	0.0	181901	874.7673085154956	0.3
7959.48772186882	300	59.596782170474846	0.0	111155	377.156223893	0.3
7960.33093810434	300	59.61889973753924	0.0	153605	477.882432936	0.3
7961.201270793992	300	59.55640029400537	0.0	149029	562.499443534	0.3
7961.598441183236	300	59.680231722442414	0.0	157421	376.168571563	0.3
7962.894939541074	300	59.74798345236482	0.0	157488	432.248270078	0.3
7964.394356519788	300	59.61090000688757	0.0	143881	637.0834454772571	0.3
7965.852526842669	300	59.515981612065126	0.0	163444	594.9183948224429	0.3
7967.0187582175395	300	59.816991888659444	0.0	179328	698.9897234056742	0.3
7967.86148290489	300	59.78975037071646	0.0	159914	527.241517943	0.3
7968.68431105144	300	59.71607788214537	0.0	131610	573.672488571	0.3
7969.690437039952	300	59.53659271687859	0.0	124011	679.485165267	0.3
7970.974970032646	300	59.99364663215458	0.0	144254	542.946084724	0.3
7972.555443124688	300	59.778703540117974	0.0	149991	714.9430920366098	0.3
7974.045613595618	300	59.60738330465604	0.0	147968	671.320235461936	0.3
7975.46211990418	300	59.50005526810904	0.0	161857	607.3280365470041	0.3
7976.558556149635	300	59.52542628138913	0.0	145210	474.62898671989865	0.3
7977.687618669021	300	59.71129865106336	0.0	172312	814.1276303257766	0.3
7978.528903156286	300	59.647623851961065	0.0	167025	563.674799102	0.3
7980.115967895871	300	59.94789632625024	0.0	160064	699.727525711	0.3
7981.081821973793	300	59.989637894225666	0.0	137507	458.2584320245723	0.3
7982.1683626405165	300	59.622665383812944	0.0	118421	366.972510413	0.3

