11471.530733284966	750	4.0	2.4797754202259576	450283	2479.77542023	-9.913034306971618
11472.4892894586	300	7.041443826368793	0.0	155580	958.556173631	-0.15000000000000002
11474.723849384494	750	8.806883900473029	0.0	350812	2234.5599259	0.3
11475.602636636138	300	11.92809664882938	0.0	155432	878.787251644	-0.15000000000000002
11476.541582573169	300	14.989150711798965	0.0	163442	938.94593703	0.3
11477.478541731742	300	18.05219155322566	0.0	126289	936.959158573	0.3
11478.564932060934	300	20.96580122403509	0.0	153295	1086.39032919	0.3
11478.786156646409	300	24.74457663855945	0.0	173849	221.224585476	0.3
11478.952159007464	300	28.578574277503325	0.0	150710	166.002361056	0.3
11479.111538998404	300	32.41919428656236	0.0	139105	159.379990941	0.3
11479.272479711643	300	36.258253573323685	0.0	141840	160.940713239	0.3
11479.441585256558	300	40.08914802840834	0.0	156148	169.105544915	0.3
11479.613314641007	300	43.91741864395921	0.0	160746	171.729384449	0.3
11479.795917723219	300	47.734815561746665	0.0	179801	182.603082213	0.3
11479.955837547173	300	51.57489573779157	0.0	140051	159.919823955	0.3
11480.114765584893	300	55.41596770007174	0.0	138313	158.92803772	0.3
11480.276658709654	300	59.254074575310256	0.0	143509	161.893124761	0.3
11480.894256994858	300	59.58812585516674	0.0	150616	165.948720144	0.3
11481.10853275562	300	59.916812757315896	0.0	165384	171.313097851	0.3
11481.37958758128	300	59.76276667594094	0.0	140881	154.046081375	0.3
11481.858049593073	300	59.54204004218644	0.0	157671	220.726633754	0.3
11483.04988653197	300	59.78498926175815	0.0	157812	257.050780428	0.3
11485.350050653557	300	59.81230028019872	0.0	163927	1472.6889815594361	0.3
11487.787327182696	300	59.717399585642944	0.0	137654	1594.9006945557674	0.3
11490.240581813136	300	59.621960187714144	0.0	146754	1595.4393979288031	0.3
11490.839851772265	300	59.96123282440614	0.0	153938	160.727363308	0.3
11491.741504124526	750	59.6896779461859	0.0	425781	271.55487822	0.3
11492.556922791844	300	59.557017349546626	0.0	111155	132.660596639	-0.15000000000000002
11493.613947658547	300	59.57988395153464	0.0	153605	477.13339801199	0.3
11494.44910469228	300	59.662251169013366	0.0	149029	417.632782521	0.3
11494.623535666162	300	59.993797807679165	0.0	157421	168.453361334	0.3
11494.883420272788	300	59.82684431063995	0.0	157488	166.953497039	0.3
11495.391574629664	750	59.57923268699497	0.0	369834	247.611623645	0.3
11503.052817075628	300	55.91799024103104	0.0	163444	7661.242445963928	-0.15000000000000002
11504.109753709883	300	58.861053606777844	0.0	179328	1056.9366342531953	0.3
11507.636052437365	1200	59.33475487929532	0.0	598727	3526.2987274825273	0.29999999999999993
11509.112132739298	300	59.93922499879479	0.0	131610	895.5298805005253	-0.6000000000000001
11510.812808258579	300	59.589162449870436	0.0	124011	850.0625489243648	0.3
11511.950176708673	300	59.65578471000134	0.0	144254	433.37773986909446	0.3
11513.17432113605	300	59.60570785142503	0.0	149991	550.0768585763099	0.3
11513.613633083918	300	59.93308566189189	0.0	147968	172.622189533	0.3
11514.188288441146	300	59.739102862444696	0.0	161857	193.982799447	0.3
11514.829664568106	300	59.568751077855396	0.0	145210	170.351784589	0.3
11515.281475658454	300	59.78835770386663	0.0	172312	280.393373989	0.3
11516.546411562396	300	59.951598610075195	0.0	167025	336.759093791	0.3
11526.904656523835	300	53.59335364863689	0.0	160064	10358.244961438306	0.3
11527.979450819788	750	56.51855935268242	0.0	331053	1074.7942959544698	0.3
11528.838240161049	300	59.659770011423205	0.0	118421	358.789341259	-0.15000000000000002

