4496.930931405672	750	4.0	0.2036042937975739	450283	203.604293798	-0.1254984633295677
4497.041631269024	300	7.88930013664774	0.0	155580	110.699863352	-0.15000000000000002
4497.149228587373	300	11.78170281829797	0.0	139857	107.59731835	0.3
4497.259899246587	300	15.671032159083621	0.0	155432	110.670659214	0.3
4497.372150481104	300	19.558780924567486	0.0	163442	112.251234516	0.3
4497.477070490378	300	23.453860915293202	0.0	126289	104.920009274	0.3
4497.58731946552	300	27.34361194015125	0.0	153295	110.248975142	0.3
4497.75358256915	750	31.177348836520956	0.0	437162	166.26310363	0.3
4497.863321458505	300	35.06760994716616	0.0	150710	109.738889355	-0.15000000000000002
4497.970770388262	300	38.960161017409014	0.0	139105	107.448929757	0.3
4498.078759002595	300	42.8521724030763	0.0	141840	107.988614333	0.3
4498.1895709466935	300	46.74136045897855	0.0	156148	110.811944098	0.3
4498.301290192319	300	50.629641213353004	0.0	160746	111.719245626	0.3
4498.4670100595185	750	54.4639213461529	0.0	434409	165.7198672	0.3
4498.613520313032	750	58.317411092639276	0.0	337059	146.510253514	0.75
4498.832298810499	300	59.710118444485005	0.0	138313	107.292648154	-0.15000000000000002
4499.06395941604	300	59.61003106637083	0.0	143509	100.087378114	0.3
4499.901654159485	750	59.96697030836196	0.0	372963	143.060758009	0.3
4501.013959451214	750	59.71813465521525	0.0	405596	248.835653147	0.75
4502.013120502344	300	59.61028894894159	0.0	140881	107.845706274	-0.15000000000000002
4503.037947015811	300	59.50303336463545	0.0	157671	107.255584306	0.3
4503.677829643052	750	59.852377515596345	0.0	399894	150.655849039	0.3
4504.317683760454	300	59.73656384599622	0.0	163927	115.8136696	-0.15000000000000002
4504.960101207915	300	59.63787534616635	0.0	137654	98.6884998299	0.3
4505.660565527039	300	59.519507660419855	0.0	146754	118.367685746	0.3
4505.874002582999	300	59.91383744912854	0.0	153938	105.670211291	0.3
4506.110951424898	300	59.809246450513385	0.0	181901	104.590998615	0.3
4506.494464204704	750	59.643668982252564	0.0	277716	165.577468261	0.3
4506.8530254906345	300	59.53335599506018	0.0	153605	110.312987192	-0.15000000000000002
4507.811769895499	300	59.888107941996246	0.0	149029	145.248053064	0.3
4508.755587023428	300	59.78294755393225	0.0	157421	105.160388064	0.3
4509.7830167579095	300	59.64856105662481	0.0	157488	134.386497307	0.3
4510.746666532503	1200	59.82275778791454	0.0	584349	325.8032687102706	0.29999999999999993
4511.572692754358	300	59.68866792992838	0.0	163444	134.089857986	-0.6000000000000001
4512.421757998136	300	59.570603489973855	0.0	179328	118.064439955	0.3
4512.9210649868955	750	59.89645039750601	0.0	365161	174.153092468	0.3
4513.4798467508	750	59.73963646369996	0.0	321064	156.813933806	0.75
4514.120059240663	750	59.580014133816675	0.0	361565	159.622329883	0.75
4514.221333518324	300	59.98017207497646	0.0	144254	99.8420588402	-0.15000000000000002
4514.392546602572	300	59.85528164226284	0.0	149991	124.890432714	0.3
4514.570730587043	300	59.74935097579478	0.0	147968	105.930666468	0.3
4515.036652208457	750	59.51201682408899	0.0	384505	237.334151706	0.3
4516.077659256634	300	59.81630703485436	0.0	145210	195.709789235	-0.15000000000000002
4517.069331120297	300	59.70311973249513	0.0	172312	113.187302359	0.3
4518.134528349236	300	59.569763398676635	0.0	167025	133.356333818	0.3
4518.723388945594	300	59.95075354805814	0.0	160064	119.009850619	0.3
4519.322973064684	300	59.84638686138227	0.0	137507	104.366686676	0.3
4520.271925796139	750	59.57951921186285	0.0	314107	266.867649519	0.3

