1378.4771021711815	750	4.0	3.9421098754676374	450283	3942.10987547	-16.20107246451084
1379.8390855971493	300	6.63801657403223	0.0	155580	1361.98342597	-0.15000000000000002
1381.1297890676437	300	9.347313103537813	0.0	139857	1290.70347049	0.3
1382.3553604024141	300	12.12174176876744	0.0	155432	1225.57133477	0.3
1383.909996312872	300	14.567105858309606	0.0	163442	1554.63591046	0.3
1385.1181618196274	300	17.35894035155412	0.0	126289	1208.16550676	0.3
1390.8313580805627	750	15.645744090618875	0.0	352642	5713.19626094	0.3
1392.0119346533204	300	18.465167517861296	0.0	173849	1180.57657276	-0.15000000000000002
1393.1361395773004	300	21.340962593881457	0.0	150710	1124.20492398	0.3
1394.1693342791448	300	24.307767892036843	0.0	139105	1033.19470184	0.3
1395.1783615809288	300	27.29874059025304	0.0	141840	1009.02730178	0.3
1396.0990350240995	300	30.378067147082195	0.0	156148	920.673443171	0.3
1396.9249837972495	300	33.552118373932025	0.0	160746	825.94877315	0.3
1398.130422105433	300	36.346680065748764	0.0	179801	1205.43830818	0.3
1398.8756092696208	300	39.601492901560796	0.0	140051	745.187164188	0.3
1399.7056181147075	300	42.7714840564742	0.0	138313	830.008845087	0.3
1400.7757904705868	300	45.701311700594985	0.0	143509	1070.17235588	0.3
1401.8567035563447	300	48.620398614837164	0.0	150616	1080.91308576	0.3
1403.004814210206	300	51.47228796097581	0.0	165384	1148.11065386	0.3
1404.4172995575395	300	54.0598026136422	0.0	140881	1412.48534733	0.3
1405.8416607167667	300	56.635441454415016	0.0	157671	1424.36115923	0.3
1409.352170103909	750	57.12493206727266	0.0	399894	3510.50938714	0.3
1410.7128777718676	300	59.76422439931391	0.0	163927	1360.70766796	-0.15000000000000002
1415.1289666457035	750	59.34813552547814	0.0	343800	4416.08887384	0.3
1417.7115989279014	300	59.55780655937393	0.0	146754	1790.3289661	-0.15000000000000002
1420.8250524333696	300	59.821231464686704	0.0	153938	2736.575094687232	0.3
1423.2667492887758	300	59.71082224237414	0.0	181901	2110.409222312566	0.3
1424.8213580595	300	59.502661673558826	0.0	111155	1208.1605688153118	0.3
1426.3690966174559	300	59.57251649553526	0.0	153605	1430.1451780235623	0.3
1428.4789254348464	300	59.75639877680616	0.0	149029	1316.1177187291	0.3
1430.3721659675086	300	59.89613405980575	0.0	157421	1360.264717000409	0.3
1433.3783398489363	300	59.72603502692288	0.0	157488	2170.0990328828684	0.3
1440.8780415385138	750	56.2263333373455	0.0	369834	7499.701689577376	0.3
1442.4614676956787	300	58.64290718018032	0.0	163444	1583.4261571651832	-0.15000000000000002
1444.7410721263584	300	59.763206312484115	0.0	179328	1879.7008676962057	0.3
1447.0479126913656	300	59.989237811472236	0.0	159914	2273.9685010118783	0.3
1449.877734853977	300	59.815262762164124	0.0	131610	2673.9750493081187	0.3
1452.1352895042992	300	59.954408993654866	0.0	124011	1360.8537685092606	0.3
1456.2159082090425	300	59.79245008218966	0.0	144254	3161.958911465205	0.3
1460.3367845605271	300	59.67157373070482	0.0	149991	4120.87635148484	0.3
1463.8807698524618	300	59.62934915711895	0.0	147968	3042.224573585866	0.3
1466.506430977931	300	59.757398953558685	0.0	161857	2371.950203560267	0.3
1468.700990903611	300	59.7304744516731	0.0	145210	2026.924501885585	0.3
1471.4261071288133	300	59.63823405096916	0.0	172312	2592.2404007039445	0.3
1474.231569514323	300	59.74794077046348	0.0	167025	1890.2932805056755	0.3
1476.3847120894682	300	59.538454035392924	0.0	160064	1209.4867350705517	0.3
1477.9166370254118	300	59.934819487458526	0.0	137507	1103.6345479343995	0.3
1480.1620637132553	300	59.69075133754131	0.0	118421	1744.0681499172113	0.3

