14331.530759749601	750	4.0	0.6806426171559105	450283	680.642617156	-2.1767632537704147
14331.818291409418	300	7.712468340183581	0.0	155580	287.531659816	-0.15000000000000002
14332.084849806042	300	11.445909943558405	0.0	139857	266.558396625	0.3
14332.4058680881	300	15.124891661500277	0.0	155432	321.018282058	0.3
14332.740230254836	300	18.790529494763902	0.0	163442	334.362166736	0.3
14333.016771802755	300	22.513987946844942	0.0	126289	276.541547919	0.3
14333.335342355917	300	26.195417393683258	0.0	153295	318.570553162	0.3
14333.669734844068	300	29.861024905531988	0.0	173849	334.392488151	0.3
14333.964915726081	300	33.56584402352024	0.0	150710	295.180882012	0.3
14334.562907552034	750	36.967852197566756	0.0	362795	597.991825953	0.3
14334.978790144196	750	40.55196960540384	0.0	353220	415.882592163	0.75
14335.191705389958	300	44.339054359642624	0.0	156148	212.915245761	-0.15000000000000002
14335.40853451422	300	48.12222523538145	0.0	160746	216.829124261	0.3
14335.641583506862	300	51.889176242739126	0.0	179801	233.048992642	0.3
14335.84079677302	300	55.6899629765807	0.0	140051	199.213266158	0.3
14336.038530630558	300	59.49222911904188	0.0	138313	197.733857539	0.3
14336.855762005524	300	59.7478201806167	0.0	143509	244.408938425	0.3
14337.82249243938	300	59.51086618195838	0.0	150616	236.953998658	0.3
14356.073088795896	300	45.2602698254415	0.0	165384	18250.596356516875	0.3
14358.136876475666	750	47.19648214567175	0.0	350713	2063.7876797697477	0.3
14358.947253010068	300	50.3861056112692	0.0	157671	810.376534402551	-0.15000000000000002
14359.800991966436	300	53.53236665490144	0.0	157812	853.738956367765	0.3
14360.827028022786	300	56.50633059855008	0.0	163927	1026.0360563513568	0.3
14362.717047583965	750	58.616311037370586	0.0	343800	1890.0195611794886	0.3
14363.671260871059	300	59.671370183716434	0.0	146754	944.9408536541513	-0.15000000000000002
14364.584249124198	300	59.929512273865015	0.0	153938	241.857909851	0.3
14365.843452647287	750	59.84547568396661	0.0	425781	584.0365898984021	0.3
14366.786533386656	750	59.92151878087779	0.0	277716	423.9569030888266	0.75
14367.746279837353	300	59.91120747366765	0.0	153605	510.31130721	-0.15000000000000002
14368.453350538417	300	59.99238969487943	0.0	149029	418.817778788	0.3
14369.554411932953	300	59.54598545875013	0.0	157421	446.404236129	0.3
14369.942655048146	300	59.88919248035742	0.0	157488	156.792978393	0.3
14370.4843654422	300	59.69406235172912	0.0	143881	195.130128628	0.3
14370.762329554018	300	59.93837042853334	0.0	163444	255.691923196	0.3
14372.095126920081	750	59.993107839813234	0.0	401088	445.26258872	0.3
14372.504097728886	300	59.69238982408295	0.0	159914	300.7180157302897	-0.15000000000000002
14380.91226208084	750	55.284225472130316	0.0	321064	8408.164351952637	0.3
14381.516247609135	300	58.68023994383391	0.0	124011	603.985528296	-0.15000000000000002
14382.870467820863	300	59.94333117463062	0.0	144254	736.9087692032906	0.3
14384.692881852612	300	59.550779880019384	0.0	149991	892.5512946112378	0.3
14386.218773246528	300	59.71276555162954	0.0	147968	838.0143283898484	0.3
14395.865503388157	300	54.066035410001604	0.0	161857	9646.730141627928	0.3
14397.314992679603	300	56.61654611855579	0.0	145210	1449.489291445821	0.3
14399.457408968947	300	58.47412982921374	0.0	172312	2142.4162893420516	0.3
14402.172040175703	300	59.759498622456654	0.0	167025	2714.6312067570802	0.3
14413.997728863147	300	51.933809935010174	0.0	160064	11825.688687446474	0.3
14414.230917602956	300	55.70062119520193	0.0	137507	233.188739808	0.3
14414.44284371404	300	59.4886950841179	0.0	118421	211.926111084	0.3

