10334.389492013219	750	4.0	1.1396480754124116	450283	1139.64807541	-4.15048672427337
10334.958352971586	300	7.431139041633935	0.0	155580	568.860958366	-0.15000000000000002
10335.477809373784	300	10.911682639434407	0.0	139857	519.4564022	0.3
10336.173745745305	300	14.21574626791353	0.0	155432	695.936371521	0.3
10336.867446725559	300	17.522045287659825	0.0	163442	693.700980254	0.3
10337.376791221235	300	21.012700791983814	0.0	126289	509.344495676	0.3
10337.98042717591	300	24.409064837308957	0.0	153295	603.635954675	0.3
10338.66017792517	300	27.72931408804744	0.0	173849	679.750749262	0.3
10339.156493596727	300	31.23299841649166	0.0	150710	496.315671556	0.3
10342.10719457435	1850	32.282297438867886	0.0	913888	2950.70097762	0.30000000000000004
10342.586807189025	300	35.80268482419303	0.0	141840	479.612614675	-1.25
10343.106730416295	300	39.282761596921105	0.0	156148	519.923227272	0.3
10343.406068975106	300	42.983423038110985	0.0	160746	299.33855881	0.3
10343.654397344668	300	46.73509466854895	0.0	179801	248.328369562	0.3
10343.86551205752	300	50.52397995569679	0.0	140051	211.114712852	0.3
10344.288358902259	750	54.10113311095848	0.0	366214	422.846844738	0.3
10344.502710969196	300	57.8867810440207	0.0	143509	214.352066938	-0.15000000000000002
10344.791051116188	300	59.6490444862202	0.0	150616	237.736557801	0.3
10346.029425758587	300	59.76515895961731	0.0	165384	383.885526603	0.3
10347.293890563167	750	59.77017111522478	0.0	350713	494.987844392533	0.3
10348.823890414065	300	59.84990966987068	0.0	157671	920.2614453540978	-0.15000000000000002
10350.245241451368	300	59.90410335398982	0.0	157812	945.8063158808563	0.3
10351.873195377892	300	59.537898751439265	0.0	163927	866.2046025505526	0.3
10353.490835802882	750	59.569953200929554	0.0	343800	967.9455505097112	0.3
10354.481328340242	300	59.60955436949121	0.0	146754	460.39883143834754	-0.15000000000000002
10355.281504558805	300	59.68451311316967	0.0	153938	425.041256322	0.3
10356.320330992387	300	59.56266737750047	0.0	181901	621.845735669	0.3
10357.748006673806	750	59.51731988574692	0.0	277716	1045.3474917535436	0.3
10358.931486477331	300	59.82674407881637	0.0	153605	190.575806931	-0.15000000000000002
10359.189062297039	300	59.6544081672603	0.0	149029	172.3359115560702	0.3
10360.991918667594	300	59.75559993605845	0.0	157421	898.808231202	0.3
10362.941273820139	300	59.69294642946233	0.0	157488	1062.653506596118	0.3
10364.55009667526	300	59.7918858248772	0.0	143881	901.0606045851309	0.3
10367.337868062916	300	59.71188125631676	0.0	163444	2080.0045685604455	0.3
10369.670941286224	300	59.85922805421051	0.0	179328	1852.6532021062444	0.3
10380.312830487823	300	53.21733885261054	0.0	159914	10641.889201599975	0.3
10380.46642243582	300	57.063746904613055	0.0	131610	153.591947997	0.3
10380.80100928496	300	59.91440406544342	0.0	124011	149.34283917	0.3
10381.288657272651	300	59.72320207658258	0.0	144254	191.201988861	0.3
10381.982318162029	1200	59.734594631309335	0.0	587506	488.607445273	0.29999999999999993
10382.397201907334	300	59.58967948070817	0.0	147968	144.915150601	-0.6000000000000001
10383.679469652712	300	59.54352990537008	0.0	161857	1046.149575338091	0.3
10385.2536341732	300	59.83450673014807	0.0	145210	709.023175222	0.3
10386.794315721312	300	59.70673662872431	0.0	172312	627.770101423771	0.3
10388.07251202492	300	59.73409420026406	0.0	167025	472.64242846025	0.3
10389.425097821251	300	59.670578239673446	0.0	160064	563.515960590613	0.3
10390.595572032797	300	59.939876051769645	0.0	137507	730.7021879037991	0.3
10391.615072852112	300	59.86001165393294	0.0	118421	579.864397837	0.3

