17361.854032118645	750	4.0	2.508981529066779	450283	2508.98152907	-10.03862057498715
17362.667604195816	300	7.186427922828964	0.0	155580	813.572077171	-0.15000000000000002
17363.35343915358	300	10.50059296506418	0.0	139857	685.834957765	0.3
17364.22479532299	300	13.629236795655677	0.0	155432	871.356169409	0.3
17365.146081542247	300	16.707950576399067	0.0	163442	921.286219257	0.3
17365.833536652906	300	20.020495465735518	0.0	126289	687.455110664	0.3
17366.577924333378	300	23.27610778526311	0.0	153295	744.387680472	0.3
17367.410955609193	300	26.44307650944832	0.0	173849	833.031275815	0.3
17368.16364277139	300	29.69038934725478	0.0	150710	752.687162194	0.3
17369.000857074116	300	32.85317504452964	0.0	139105	837.214302725	0.3
17369.999054363954	300	35.854977754690594	0.0	141840	998.197289839	0.3
17371.114552365994	300	38.7394797526477	0.0	156148	1115.49800204	0.3
17372.18950807652	300	41.66452404211986	0.0	160746	1074.95571053	0.3
17373.43697986589	300	44.417052252750985	0.0	179801	1247.47178937	0.3
17374.26104703027	300	47.59298508837205	0.0	140051	824.067164379	0.3
17375.11149885799	300	50.74253326065292	0.0	138313	850.451827719	0.3
17375.987571707185	300	53.866460411457936	0.0	143509	876.072849195	0.3
17376.859983079812	300	56.994049038830575	0.0	150616	872.411372627	0.3
17377.909925638938	300	59.94410647970704	0.0	165384	1049.94255912	0.3
17378.806361584106	300	59.72832603180271	0.0	140881	715.780447904	0.3
17379.341602085915	300	59.511033529530586	0.0	157671	217.292502272	0.3
17379.636190335532	300	59.732713404490326	0.0	157812	278.32012504	0.3
17380.4460302357	300	59.54592751669391	0.0	163927	686.785887796	0.3
17381.485271388083	750	59.547833946690005	0.0	343800	998.0935700039026	0.3
17382.75361622518	300	59.6442353193282	0.0	146754	403.598627362	-0.15000000000000002
17383.421231858116	300	59.95280060773189	0.0	153938	191.434711596	0.3
17384.21829938029	300	59.75235730731225	0.0	181901	200.44330042	0.3
17385.06589019661	300	59.58687401002795	0.0	111155	165.483297284	0.3
17386.022936530528	300	59.90940460258897	0.0	153605	677.4694074389809	0.3
17386.60170030665	300	59.96981117776617	0.0	149029	439.593424823	0.3
17387.375420135595	300	59.612536438942534	0.0	157421	357.274738824	0.3
17387.642190284187	300	59.89737390970873	0.0	157488	215.162529234	0.3
17388.210499822333	300	59.59902295031348	0.0	143881	298.350959395	0.3
17389.26979232144	300	59.91435599013738	0.0	163444	184.666960176	0.3
17389.495784845625	300	59.69867249751014	0.0	179328	215.68349262724115	0.3
17403.565084032427	300	49.629373310707265	0.0	159914	14069.299186802877	0.3
17408.803292743374	750	48.39116459976287	0.0	321064	5238.2087109444	0.3
17409.029471796828	300	52.164985546306156	0.0	124011	226.179053457	-0.15000000000000002
17409.279512464007	300	55.91494487912869	0.0	144254	250.040667177	0.3
17409.53631567023	300	59.65814167290484	0.0	149991	256.803206224	0.3
17410.11599268087	300	59.90372309566668	0.0	147968	254.418577238	0.3
17411.053467559326	300	59.55761487313847	0.0	161857	346.108222528	0.3
17411.719402891747	300	59.730330534891436	0.0	145210	327.284338247	0.3
17416.084708090057	300	59.36502533658475	0.0	172312	4365.305198306682	0.3
17418.23938289866	300	59.80966602852242	0.0	167025	2055.359308062331	0.3
17428.29128663417	300	53.757762293013705	0.0	160064	10051.903735508713	0.3
17428.437319576926	300	57.61172935025535	0.0	137507	146.032942758	0.3
17429.268306869068	300	59.974861793589966	0.0	118421	136.867556665	0.3

