2989.139107586974	750	4.0	1.6348133264194968	450283	1634.81332642	-6.279697303603836
2990.0639521356675	300	7.075155451306658	0.0	155580	924.844548693	-0.15000000000000002
2991.0174393049842	300	10.121668281990242	0.0	139857	953.487169316	0.3
2991.947375053446	300	13.191732533528176	0.0	155432	929.935748462	0.3
2994.5000282145293	750	14.639079372445243	0.0	411561	2552.65316108	0.3
2995.2008608565543	300	17.938246730419866	0.0	126289	700.832642025	-0.15000000000000002
2996.0197822116397	300	21.119325375334494	0.0	153295	818.921355085	0.3
2998.252829404276	750	22.886278182698323	0.0	437162	2233.04719264	0.3
3000.2334811108576	750	24.905626476116165	0.0	374758	1980.65170658	0.75
3001.04333190607	300	28.095775680903838	0.0	139105	809.850795212	-0.15000000000000002
3001.868905700202	300	31.270201886771687	0.0	141840	825.573794132	0.3
3005.06310044532	750	32.07600714165378	0.0	405134	3194.19474512	0.3
3007.155629727362	300	33.98347785961177	0.0	160746	2092.52928204	-0.15000000000000002
3008.6237222910186	300	36.5153852959553	0.0	179801	1468.09256366	0.3
3009.86990689457	300	39.26920069240389	0.0	140051	1246.18460355	0.3
3011.3216539741766	300	41.817453612797195	0.0	138313	1451.74707961	0.3
3012.589999792891	300	44.54910779408259	0.0	143509	1268.34581871	0.3
3014.391076328429	300	46.74803125854488	0.0	150616	1801.07653554	0.3
3016.032190414199	300	49.106917172775155	0.0	165384	1641.11408577	0.3
3018.850880401203	750	50.288227185770744	0.0	350713	2818.689987	0.3
3020.176049423436	300	52.96305816353802	0.0	157671	1325.16902223	-0.15000000000000002
3021.583971984969	300	55.55513560200497	0.0	157812	1407.92256153	0.3
3022.8922548313226	300	58.24685275565135	0.0	163927	1308.28284635	0.3
3024.7217723737895	300	59.75857426980178	0.0	137654	988.27848585	0.3
3026.4364325251336	300	59.70436372243847	0.0	146754	1054.210547363306	0.3
3028.5058949009845	300	59.69485733650338	0.0	153938	1509.5063859350935	0.3
3029.8771298099073	300	59.94421787700004	0.0	181901	1250.639459503343	0.3
3030.9952337093505	300	59.50546365198797	0.0	111155	938.754225012	0.3
3032.4545027330923	300	59.5510039773329	0.0	153605	1454.4596746550703	0.3
3034.227947022246	300	59.856186507299356	0.0	149029	1194.8174700335449	0.3
3036.0179474329548	300	59.786499711505115	0.0	157421	1569.686795794237	0.3
3038.8692115289914	300	59.85602447094414	0.0	157488	1930.475240560973	0.3
3041.001154939499	300	59.61544719342801	0.0	143881	1240.5772775161308	0.3
3043.1231060120062	300	59.61565472367	0.0	163444	1499.7924697580095	0.3
3046.779065524934	300	59.95969521074178	0.0	179328	3655.959512928226	0.3
3051.1355774882118	750	59.603183247464194	0.0	365161	3356.5119632775813	0.3
3054.6672361162364	750	59.76466897292961	0.0	321064	2838.5142745345825	0.75
3056.0036216764356	300	59.97804836957505	0.0	124011	1286.620603354557	-0.15000000000000002
3058.528771866601	300	59.62085575291459	0.0	144254	1357.1926166604585	0.3
3060.1624534764405	300	59.872993734747084	0.0	149991	1247.8620181675103	0.3
3062.4425149889726	300	59.96587277431751	0.0	147968	1407.1209604295739	0.3
3064.4979058066	300	59.64514764155467	0.0	161857	1320.7251327628378	0.3
3066.768727466195	300	59.527069654189525	0.0	145210	1618.07798736515	0.3
3071.7443639798557	750	58.551433140528985	0.0	438281	4975.636513660536	0.3
3073.3088605648677	300	59.62837494096837	0.0	167025	1423.0581995606105	-0.15000000000000002
3075.218137935473	300	59.869455448390994	0.0	160064	1258.9194925773747	0.3
3076.85455657296	300	59.95192506866161	0.0	137507	1417.5303797293925	0.3
3077.985229361236	300	59.90603280340258	0.0	118421	1045.8922652590288	0.3

