4423.43617614188	750	4.0	0.8931796787701616	450283	893.17967877	-3.0906726187116944
4423.759884400201	300	7.676291741679801	0.0	155580	323.70825832	-0.15000000000000002
4423.992501111085	300	11.443675030795424	0.0	139857	232.616710884	0.3
4424.242113791224	300	15.194062350656564	0.0	155432	249.612680139	0.3
4425.022275495522	1200	18.413900646359693	0.0	652874	780.161704297	0.29999999999999993
4425.221607442984	300	22.21456869889678	0.0	126289	199.331947463	-0.6000000000000001
4425.446457674488	300	25.989718467393423	0.0	153295	224.850231503	0.3
4425.939537141558	750	29.496639000323594	0.0	437162	493.07946707	0.3
4426.161944776444	300	33.27423136543746	0.0	150710	222.407634886	-0.15000000000000002
4426.389436431345	300	37.04673971053682	0.0	139105	227.491654901	0.3
4426.674244748434	300	40.7619313934478	0.0	141840	284.808317089	0.3
4426.9797129456765	300	44.45646319620573	0.0	156148	305.468197242	0.3
4427.291820374743	300	48.14435576713924	0.0	160746	312.107429066	0.3
4427.631442062708	300	51.80473407917447	0.0	179801	339.621687965	0.3
4427.927971668269	300	55.508204473613624	0.0	140051	296.529605561	0.3
4428.224426054559	300	59.21175008732268	0.0	138313	296.454386291	0.3
4429.835228194643	750	59.56706381300466	0.0	360831	644.686274318	0.3
4430.82904919081	300	59.76321124780391	0.0	150616	303.85256520074824	-0.15000000000000002
4431.680288088618	750	59.8925760143834	0.0	405596	370.635233421	0.3
4432.564939660793	750	59.650552060489446	0.0	350713	242.023953894	0.75
4433.698534966975	300	59.61506821653921	0.0	157671	535.4838439502419	-0.15000000000000002
4434.64062639925	300	59.65307823151629	0.0	157812	461.989985023	0.3
4435.349886793671	300	59.99849875793291	0.0	163927	654.5794735833753	0.3
4436.248701912891	300	59.53643165874129	0.0	137654	462.067099192	0.3
4436.960122871591	300	59.60909518940606	0.0	146754	427.336469335	0.3
4447.067024078517	300	53.502193982480335	0.0	153938	10106.901206925731	0.3
4447.544274569889	300	57.02494349110667	0.0	181901	477.250491374	0.3
4448.818009774806	300	59.70219398248033	0.0	111155	322.749508626	0.3
4450.078611775785	300	59.75738583013508	0.0	153605	444.80815234525306	0.3
4451.335815084896	300	59.746681099897366	0.0	149029	510.70473023771063	0.3
4452.362920738729	300	59.81637756241694	0.0	157421	430.30353748043365	0.3
4453.309498025311	300	59.601489977302805	0.0	157488	214.887585114	0.3
4453.880332090736	300	59.89191779532396	0.0	143881	209.572181979	0.3
4462.692581127561	300	55.07966875849833	0.0	163444	8812.249036825637	0.3
4463.017422240856	750	58.75482764520404	0.0	401088	324.841113294	0.3
4463.63101083992	300	59.57720936245476	0.0	159914	177.618282749	-0.15000000000000002
4463.801296769831	300	59.92005155565706	0.0	131610	157.157806798	0.3
4464.101627900463	300	59.73645005189766	0.0	124011	183.601503759	0.3
4464.5424589090935	300	59.534399361018956	0.0	144254	202.050690879	0.3
4465.191297721131	750	59.53937011387561	0.0	390680	495.029247143	0.3
4466.2003549811425	300	59.82174626631768	0.0	147968	217.623847558	-0.15000000000000002
4469.157665287033	300	59.948807819598535	0.0	161857	2372.9384467191485	0.3
4473.252906038349	750	59.853567068282416	0.0	372093	3595.240751316122	0.3
4474.213947745239	300	59.63285252008103	0.0	172312	220.714548201	-0.15000000000000002
4475.036050669507	750	59.801964637291626	0.0	398987	330.887882789	0.3
4475.984068825464	750	59.53356308005231	0.0	393804	268.401557239	0.75
4494.263693164423	300	45.25393874109365	0.0	137507	18279.624338958663	-0.15000000000000002
4496.727327111875	300	46.79030479364228	0.0	118421	2463.6339474513647	0.3

