1599.848949772865	750	4.0	2.003293886891141	450283	2003.29388689	-7.864163713631907
1600.6824190882958	300	7.166530684569072	0.0	155580	833.469315431	-0.15000000000000002
1601.5990462407563	300	10.249903532108368	0.0	139857	916.627152461	0.3
1603.0298080940802	300	12.819141678784666	0.0	155432	1430.76185332	0.3
1604.1116085017472	300	15.737341271117472	0.0	163442	1081.80040767	0.3
1604.8114383907118	300	19.03751138215284	0.0	126289	699.829888965	0.3
1605.6066213619904	300	22.242328410874226	0.0	153295	795.182971279	0.3
1606.7868609274851	300	25.062088845379435	0.0	173849	1180.23956549	0.3
1607.772740186661	300	28.07620958620366	0.0	150710	985.879259176	0.3
1608.3814549732438	300	31.467494799620724	0.0	139105	608.714786583	0.3
1608.885919118682	300	34.9630306541825	0.0	141840	504.464145438	0.3
1609.4989394867132	300	38.350010286151395	0.0	156148	613.020368031	0.3
1610.2216985210512	300	41.62725125181341	0.0	160746	722.759034338	0.3
1610.9059120534191	300	44.94303771944549	0.0	179801	684.213532368	0.3
1611.4412699075137	300	48.407679865350794	0.0	140051	535.357854095	0.3
1612.0745740512925	300	51.77437572157188	0.0	138313	633.304143779	0.3
1612.7852771744288	300	55.06367259843578	0.0	143509	710.703123136	0.3
1613.5110741515969	300	58.337875621267806	0.0	150616	725.796977168	0.3
1615.250499726003	300	59.989871966876265	0.0	165384	848.003654392	0.3
1616.1825633851493	300	59.65905109731059	0.0	140881	830.8208695656822	0.3
1617.2977734121002	300	59.98656747862532	0.0	157671	672.483618685	0.3
1618.3092190234781	300	59.74720787706916	0.0	157812	739.3596015561561	0.3
1619.2101421885684	300	59.637289299435054	0.0	163927	609.918577634	0.3
1620.9745796770776	300	59.82507284890838	0.0	137654	812.2164505266749	0.3
1622.2743808015628	300	59.826782805657274	0.0	146754	498.29004325110054	0.3
1624.128000859263	300	59.749728317423966	0.0	153938	1077.0544882333138	0.3
1625.32647496005	300	59.97877405176399	0.0	181901	770.954265659974	0.3
1626.0887260441284	300	59.901408427288345	0.0	111155	577.365624476	0.3
1627.4495062405736	300	59.5129610588673	0.0	153605	888.447368421	0.3
1628.675895415094	300	59.920932885618996	0.0	149029	592.028173248	0.3
1630.2115424773542	300	59.63728985512493	0.0	157421	783.6430304940653	0.3
1631.1261585020736	300	59.928483858648306	0.0	157488	708.8059964766246	0.3
1632.727433738681	300	59.855751254466036	0.0	143881	572.732604182	0.3
1634.1877873008032	300	59.69984578961742	0.0	163444	655.9054648486108	0.3
1636.1639659030648	750	59.57298053712351	0.0	401088	1626.8652524939112	0.3
1638.0209228373537	750	59.75465874486282	0.0	365161	1818.3217922606925	0.75
1639.699374150244	300	59.639250659431845	0.0	131610	615.408085431	-0.15000000000000002
1641.152781294694	300	59.58356870093654	0.0	124011	555.6819584953116	0.3
1642.4032529093793	300	59.50769548657112	0.0	144254	575.8732143654127	0.3
1643.8213548369145	300	59.55594372296354	0.0	149991	951.7517636075793	0.3
1646.4329036658416	750	59.87284439046379	0.0	345516	1683.0993324997569	0.3
1648.2291990982128	300	59.883921422491696	0.0	161857	988.9229679720942	-0.15000000000000002
1650.8486847630224	750	59.67736482228653	0.0	372093	1706.556600205166	0.3
1652.3668567243883	300	59.74474337390588	0.0	172312	932.6214483806524	-0.15000000000000002
1653.609895967704	300	59.61049900874056	0.0	167025	634.2443651653164	0.3
1654.4482730794998	300	59.94520789191785	0.0	160064	665.2911168227054	0.3
1655.0002709145126	300	59.91075197189802	0.0	137507	534.45592002	0.3
1656.6917203444616	300	59.83379821442019	0.0	118421	1076.953757477838	0.3

