8504.726741381526	750	4.0	0.3110558065995529	450283	311.0558066	-0.5875399683780773
8504.886574869335	300	7.840166512191758	0.0	155580	159.833487808	-0.15000000000000002
8505.038340341145	300	11.688401040380489	0.0	139857	151.765471811	0.3
8505.198097885026	300	15.52864349649946	0.0	155432	159.757543881	0.3
8505.3619656374	300	19.36477574412541	0.0	163442	163.867752374	0.3
8505.506768898369	300	23.219972483154752	0.0	126289	144.803260971	0.3
8505.76772172526	750	26.959019656263933	0.0	352642	260.952826891	0.3
8505.936929669868	300	30.789811711656817	0.0	173849	169.207944607	-0.15000000000000002
8506.094264191963	300	34.632477189561556	0.0	150710	157.334522095	0.3
8506.256649098546	300	38.470092282976296	0.0	139105	162.384906585	0.3
8506.436169353943	300	42.29057202758026	0.0	141840	179.520255396	0.3
8506.800426539148	750	45.92631484237428	0.0	405134	364.257185206	0.3
8506.993211952107	300	49.73352942941679	0.0	160746	192.785412957	-0.15000000000000002
8507.199367066605	300	53.527374314918326	0.0	179801	206.155114498	0.3
8507.37763209261	300	57.34910928891389	0.0	140051	178.265026004	0.3
8507.91366977054	300	59.67206370879128	0.0	138313	177.045580123	0.3
8509.044852841966	300	59.99596822198265	0.0	143509	176.095486809	0.3
8509.22681450956	300	59.84253118049395	0.0	150616	153.43704148870097	0.3
8509.696237650416	300	59.58208192311884	0.0	165384	260.449257375	0.3
8510.922098411374	300	59.78363848438021	0.0	140881	298.443438739	0.3
8511.17636941987	300	59.580211641241256	0.0	157671	203.42684313895379	0.3
8511.942723237304	300	59.932456815204	0.0	157812	147.754826037	0.3
8512.789461724835	300	59.77838706713635	0.0	163927	154.069748068	0.3
8514.00148690172	300	59.978708848425825	0.0	137654	799.6782187105165	0.3
8517.487535097911	1200	59.651858229417904	0.0	587236	2826.850619007921	0.29999999999999993
8519.004431316574	300	59.683008908676655	0.0	153938	968.8493207412536	-0.6000000000000001
8520.348199028625	300	59.74514850161228	0.0	181901	937.8604070643756	0.3
8522.654040066142	750	59.50518163534858	0.0	277716	1739.9668662636957	0.3
8534.036814208046	300	52.12240749344505	0.0	153605	11382.774141903525	-0.15000000000000002
8535.33329044084	300	54.82593126064932	0.0	149029	1296.4762327957335	0.3
8538.408232050031	300	55.75098965145811	0.0	157421	3074.9416091912094	0.3
8540.739046441799	300	57.42017525969093	0.0	157488	2330.8143917671864	0.3
8542.203725623738	300	59.95549607775276	0.0	143881	964.6791819381705	0.3
8543.309930577658	300	59.97017346521577	0.0	163444	485.32261253698107	0.3
8544.59869952531	300	59.846230162081426	0.0	179328	623.9433031343514	0.3
8545.537192742408	300	59.91939637579159	0.0	159914	426.8337862898338	0.3
8546.748244968614	300	59.77969997809252	0.0	131610	639.6963976990635	0.3
8548.203929971345	300	59.54753539097963	0.0	124011	732.1645871128966	0.3
8559.671766132347	300	52.0796992299777	0.0	144254	11467.836161001936	0.3
8561.94246981089	300	53.808995551435466	0.0	149991	2270.7036785422333	0.3
8563.252202927411	300	56.499262434915074	0.0	147968	1309.7331165203937	0.3
8564.775624378572	300	58.97584098375397	0.0	161857	1523.4214511611037	0.3
8567.693544188935	300	59.71448848999411	0.0	145210	2761.352493759855	0.3
8569.41838351181	300	59.64035248685958	0.0	172312	1574.1360031345314	0.3
8572.893507053817	300	59.93814237572578	0.0	167025	2702.2101111338006	0.3
8576.173715758348	300	59.8944947388974	0.0	160064	2543.647636828375	0.3
8577.895936455563	300	59.61166492414146	0.0	137507	782.8298147559482	0.3
8580.107717781018	750	59.93546970264281	0.0	314107	1676.1952214986463	0.3

