12783.357932787078	750	4.0	18.478162370654005	450283	18478.1623707	-78.70609819381221
12792.751423742418	300	4.0	5.393490955341285	155580	9393.49095534	-23.342011107967522
12798.583586075965	300	4.0	1.8321623335469777	139857	5832.16233355	-7.578298034252004
12805.077593273461	300	4.0	2.4940071974947284	155432	6494.00719749	-10.424230949227331
12811.961231012358	300	4.0	2.883637738897284	163442	6883.6377389	-12.09964227725832
12817.20605748404	300	4.0	1.2448264716824387	126289	5244.82647168	-5.052753828234486
12823.609741112929	300	4.0	2.4036836288887624	153295	6403.68362889	-10.035839604221676
12830.792615745264	300	4.0	3.182874632334889	173849	7182.87463233	-13.38636091904002
12846.5870256424	750	4.0	11.794409897136662	374758	15794.4098971	-50.41596255768765
12852.41143064012	300	4.0	1.824404997718526	139105	5824.40499772	-7.994941490189661
12858.328225922396	300	4.0	1.9167952822763554	141840	5916.79528228	-7.942219713788329
12864.765204791584	300	4.0	2.4369788691863885	156148	6436.97886919	-10.179009137501469
12871.853597752364	300	4.0	3.0883929607803893	160746	7088.39296078	-12.980089731355672
12879.308324423864	300	4.0	3.4547266715003007	179801	7454.7266715	-14.555324687451291
12885.29148399039	300	4.0	1.983159566526134	140051	5983.15956653	-8.227586136062374
12891.10516228758	300	4.0	1.8136782971894336	138313	5813.67829719	-7.498816677914564
12897.359848019858	300	4.0	2.2546857322786065	143509	6254.68573228	-9.395148648798006
12903.730081909443	300	4.0	2.370233889585098	150616	6370.23388959	-9.89200572521592
12910.876729289252	300	4.0	3.146647379808506	165384	7146.64737981	-13.230583733176575
12916.691807130728	300	4.0	1.8150778414755468	140881	5815.07784148	-7.504834718344851
12923.43594584233	300	4.0	2.7441387116011664	157671	6744.1387116	-11.499796459885014
12930.085905733667	300	4.0	2.649959891338637	157812	6649.95989134	-11.094827532756138
12936.948208170697	300	4.0	2.862302437029651	163927	6862.30243703	-12.007900479227498
12942.884968379502	300	4.0	1.9367602088038094	137654	5936.7602088	-8.028068897856379
12949.095873264432	300	4.0	2.210904884931501	146754	6210.90488493	-9.206891005205454
12955.680774256642	300	4.0	2.5849009922096258	153938	6584.90099221	-10.815074266501389
12963.436125433776	300	4.0	3.7553511771360326	181901	7755.35117714	-15.848010061684938
12967.996279941157	300	4.0	0.5601545073807683	111155	4560.15450738	-2.108664381737304
12974.37344408902	300	4.0	2.3771641478637986	153605	6377.16414786	-9.921805835814332
12980.67112989086	300	4.0	2.297685801839924	149029	6297.68580184	-9.580048947911672
12987.145381921373	300	4.0	2.474252030513793	157421	6474.25203051	-10.33928373120931
12993.842136534959	300	4.0	2.696754613586194	157488	6696.75461359	-11.296044838420634
12999.823667616532	300	4.0	1.9815310815739804	143881	5981.53108157	-8.220583650768114
13006.554844599672	300	4.0	2.731176983139171	163444	6731.17698314	-11.444061027498433
13013.882728459876	300	4.0	3.3278838602035385	179328	7327.8838602	-14.009900598875214
13020.529466266586	300	4.0	2.6467378067086127	159914	6646.73780671	-11.080972568847033
13026.010683600987	300	4.0	1.4812173344001922	131610	5481.2173344	-6.069234537920827
13031.26040782455	300	4.0	1.2497242235643535	124011	5249.72422356	-5.0738141613267205
13037.234268768534	300	4.0	1.9738609439845367	144254	5973.86094398	-8.187602059133507
13043.441554470666	300	4.0	2.2072857021312773	149991	6207.28570213	-9.191328519164491
13049.515667745227	300	4.0	2.0741132745616926	147968	6074.11327456	-8.618687080615278
13056.15312003677	300	4.0	2.63745229154274	161857	6637.45229154	-11.04104485363378
13062.372561016324	300	4.0	2.2194409795538004	145210	6219.44097955	-9.243596212081341
13069.479353480678	300	4.0	3.1067924643546285	172312	7106.79246435	-13.059207596724901
13076.300864622084	300	4.0	2.8215111414068215	167025	6821.51114141	-11.832497908049332
13084.183334554906	300	4.0	3.882469932820538	160064	7882.46993282	-16.39462071112831
13089.778127137302	300	4.0	1.5947925823963343	137507	5594.7925824	-6.557608104304237
13094.644915627194	300	4.0	0.866788489893459	118421	4866.78848989	-3.4271905065418737

