13187.30794790037	750	4.0	2.2404717783316226	450283	2240.47177833	-8.884028646825977
13189.996841099124	1200	5.311106801245107	0.0	611087	2688.89319875	0.75
13195.637190385196	2850	4.0	0.3292424848262717	1300868	5640.34928607	-0.2157426847529682
13196.371640911511	300	7.26554947368421	0.0	155432	734.450526316	-2.25
13197.225129276287	300	10.412061108909686	0.0	163442	853.488364775	0.3
13197.903566018933	300	13.73362436626239	0.0	126289	678.436742647	0.3
13198.68022293375	300	16.956967451444314	0.0	153295	776.656914818	0.3
13199.437825814264	300	20.199364570930953	0.0	173849	757.602880513	0.3
13200.132010069556	300	23.505180315637446	0.0	150710	694.184255294	0.3
13200.88873481035	300	26.74845557484265	0.0	139105	756.724740795	0.3
13201.522991647442	300	30.114198737752687	0.0	141840	634.25683709	0.3
13202.171733224566	300	33.46545716062648	0.0	156148	648.741577126	0.3
13203.024426409365	300	36.61276397582778	0.0	160746	852.693184799	0.3
13204.013464304819	300	39.62372608037635	0.0	179801	989.037895451	0.3
13204.711286485222	300	42.92590389997054	0.0	140051	697.822180406	0.3
13205.292681686527	300	46.344508698665514	0.0	138313	581.395201305	0.3
13206.021281878404	300	49.61590850679008	0.0	143509	728.600191875	0.3
13206.885706313527	300	52.751484071666084	0.0	150616	864.424435124	0.3
13207.724261525087	300	55.912928860107776	0.0	165384	838.555211558	0.3
13208.503164815182	300	59.13402557001347	0.0	140881	778.903290094	0.3
13210.974295920842	750	59.90480436375564	0.0	386472	1729.22120626	0.3
13213.423067222733	750	59.73487366251028	0.0	399894	1669.9307012453553	0.75
13214.529916588188	300	59.968869280107604	0.0	163927	766.0043824026778	-0.15000000000000002
13215.510521361708	300	59.83948938487188	0.0	137654	629.379895236	0.3
13216.682055890482	300	59.618834559628375	0.0	146754	720.654825244	0.3
13217.627975231711	300	59.80581474077905	0.0	153938	813.0198188493288	0.3
13219.364921550185	300	59.90929134273169	0.0	181901	896.523398047	0.3
13222.51270307315	750	59.685612041461646	0.0	277716	2223.679301270042	0.3
13224.005126383734	300	59.845951497017055	0.0	153605	839.6605444445886	-0.15000000000000002
13225.430294870348	300	59.90524863678034	0.0	149029	940.7028602367169	0.3
13227.43055397311	300	59.577851898587994	0.0	157421	1327.3967381923467	0.3
13229.529175729253	300	59.55847220280201	0.0	157488	1519.3796957859813	0.3
13231.282226781528	300	59.66806770684144	0.0	143881	1390.404495960566	0.3
13232.212960238232	300	59.833524256647735	0.0	163444	834.5434501937149	0.3
13234.054548919294	300	59.900824919371736	0.0	179328	932.699337276	0.3
13235.399403182573	300	59.99734245962484	0.0	159914	903.482459746895	0.3
13236.558903279427	300	59.7382783129637	0.0	131610	759.0641466611365	0.3
13238.012026769327	300	59.65743454311089	0.0	124011	1080.8437698528119	0.3
13241.594133778697	300	59.976520898449365	0.0	144254	3180.913644661526	0.3
13243.319604873375	300	59.994882033463895	0.0	149991	1481.6388649854682	0.3
13244.734657618106	300	59.60477177594665	0.0	147968	890.1102575172381	0.3
13246.234445419084	300	59.55734911906282	0.0	161857	1047.422656883837	0.3
13247.428869457106	300	59.880819672100486	0.0	145210	1176.529446962336	0.3
13249.518745187066	300	59.79482910264878	0.0	172312	1085.990569451707	0.3
13251.500397291597	300	59.9854456306377	0.0	167025	1309.3834720110804	0.3
13253.17341396996	300	59.93107160771699	0.0	160064	1054.3740229207128	0.3
13254.65333183901	300	59.69093400091215	0.0	137507	740.1376068048367	0.3
13255.60746846622	300	59.94375581842939	0.0	118421	747.1781824827613	0.3

