17161.99137346931	750	4.0	0.7632174490279754	450283	763.217449028	-2.531835030820294
17162.307436058214	300	7.683937411095306	0.0	155580	316.062588905	-0.15000000000000002
17162.545133590793	300	11.446239878519425	0.0	139857	237.697532576	0.3
17162.763203322083	300	15.228170147229175	0.0	155432	218.06973129	0.3
17162.98838830987	300	19.002985159443256	0.0	163442	225.184987786	0.3
17163.180570410692	300	22.81080305862158	0.0	126289	192.182100822	0.3
17163.396741851953	300	26.5946316173602	0.0	153295	216.171441261	0.3
17163.6311713434	300	30.360202125910053	0.0	173849	234.42949145	0.3
17163.845046537717	300	34.146326931595155	0.0	150710	213.875194315	0.3
17164.048382619323	300	37.942990849989705	0.0	139105	203.336081605	0.3
17164.6618652621	1200	41.32950820721255	0.0	607410	613.482642777	0.29999999999999993
17164.879008621123	300	45.11236484818921	0.0	156148	217.143359023	-0.6000000000000001
17165.100190361456	300	48.891183107855895	0.0	160746	221.181740333	0.3
17165.33810793386	300	52.653265535451794	0.0	179801	237.917572404	0.3
17165.557304099162	300	56.43406937014964	0.0	140051	219.196165302	0.3
17166.27619523351	300	59.715178235802924	0.0	138313	218.891134347	0.3
17166.912452152937	300	59.991069382701895	0.0	143509	224.108853101	0.3
17167.81027597911	300	59.708231502778986	0.0	150616	282.837879923	0.3
17170.87849470998	300	59.94161511046855	0.0	165384	2766.616392310442	0.3
17172.85823771763	300	59.56254477592171	0.0	140881	1379.07033454684	0.3
17174.92030402332	300	59.79184795963195	0.0	157671	1770.6968162897545	0.3
17177.056740312542	300	59.57931455971756	0.0	157812	1712.5333999143922	0.3
17178.754207955484	300	59.9025321829015	0.0	163927	1676.7823768160579	0.3
17179.34143743103	300	59.579260078190615	0.0	137654	323.272104711	0.3
17180.468645582954	300	59.85763468764573	0.0	146754	221.625390545	0.3
17180.97856565556	300	59.515466032032805	0.0	153938	342.1686556129243	0.3
17182.126844935425	300	59.98520210059928	0.0	181901	530.263931434	0.3
17183.198856524985	300	59.96820398003351	0.0	111155	516.9981205657762	0.3
17184.890516075036	300	59.609880939504166	0.0	153605	858.3230405293349	0.3
17186.310192313693	300	59.776711074938625	0.0	149029	833.169864565543	0.3
17187.858203842796	300	59.50595849743165	0.0	157421	770.7525775069835	0.3
17188.57525015661	300	59.99606481632202	0.0	157488	509.89368110962687	0.3
17189.67150427425	300	59.5115140738565	0.0	143881	484.550742466	0.3
17190.174006006953	300	59.77611489509216	0.0	163444	235.399178764	0.3
17190.862805704528	300	59.52526632327229	0.0	179328	250.84857182	0.3
17191.18584160838	300	59.7927239342231	0.0	159914	232.542389049	0.3
17191.470627660758	300	59.655577665436766	0.0	131610	137.146268786	0.3
17191.821678358778	300	59.51387220822247	0.0	124011	141.705457214	0.3
17193.479779122194	300	59.7494944469178	0.0	144254	764.377761305	0.3
17195.157228052896	300	59.817631482621174	0.0	149991	931.8629642966267	0.3
17197.007006777454	300	59.725535103546335	0.0	147968	1092.0963790748442	0.3
17198.66005788636	300	59.73785072183227	0.0	161857	987.6843817140596	0.3
17199.84932176321	300	59.93590214700654	0.0	145210	801.9485748257385	0.3
17200.472462711823	300	59.77798932371118	0.0	172312	157.912823295	0.3
17201.17915637678	300	59.61725655389202	0.0	167025	160.732769819	0.3
17201.45216438569	300	59.96373299700438	0.0	160064	153.523556888	0.3
17202.606364521398	300	59.656375155163595	0.0	137507	807.357841841	0.3
17203.57578859643	300	59.55508426458115	0.0	118421	601.290890582	0.3

