8764.578296364023	750	4.0	1.1231134628686412	450283	1123.11346287	-4.079387890335157
8765.460892100675	750	7.117404263346538	0.0	398865	882.595736653	0.75
8765.807196799871	300	10.77109956415126	0.0	139857	346.304699195	-0.15000000000000002
8766.162176012609	300	14.416120351413534	0.0	155432	354.979212738	0.3
8766.531325946267	300	18.04697041775586	0.0	163442	369.149933658	0.3
8766.834747441182	300	21.743548922842102	0.0	126289	303.421494914	0.3
8767.608007675592	750	24.97028868843255	0.0	352642	773.26023441	0.3
8768.03657709915	300	28.541719264873652	0.0	173849	428.569423559	-0.15000000000000002
8769.121777842309	1200	31.456518521714706	0.0	584846	1085.20074316	0.29999999999999993
8769.445076689379	300	35.133219674644906	0.0	139105	323.29884707	-0.6000000000000001
8770.155798532154	750	38.42249783187003	0.0	353220	710.721842775	0.3
8770.518109794419	300	42.060186569605435	0.0	156148	362.311262265	-0.15000000000000002
8770.906247860961	300	45.672048503064175	0.0	160746	388.138066541	0.3
8771.330912938178	300	49.24738342584803	0.0	179801	424.665077216	0.3
8771.679380236632	300	52.89891612739475	0.0	140051	348.467298453	0.3
8772.005563752784	300	56.572732611242095	0.0	138313	326.183516153	0.3
8772.838599104984	300	59.7396972590425	0.0	143509	333.0353522	0.3
8773.945988888605	300	59.87171046914581	0.0	150616	367.986789896691	0.3
8774.704274477013	300	59.98276917180307	0.0	165384	388.941297343	0.3
8776.018423225854	750	59.710866942914926	0.0	350713	771.9022288881459	0.3
8776.798551172267	300	59.78892622968451	0.0	157671	421.94071323	-0.15000000000000002
8777.274768599797	300	59.85791113251211	0.0	157812	431.015097172	0.3
8778.817061524338	300	59.81436583542116	0.0	163927	543.545297091	0.3
8779.964990243825	300	59.92477528940174	0.0	137654	389.59054601941693	0.3
8781.288692307717	300	59.577093344188874	0.0	146754	347.6819452128591	0.3
8782.626896824806	300	59.600001144984255	0.0	153938	477.09219920462334	0.3
8783.652302516188	300	59.97335445823452	0.0	181901	626.6466867497402	0.3
8784.755230960063	300	59.55676973861454	0.0	111155	416.58471962	0.3
8785.52525434562	300	59.964929907963416	0.0	153605	591.8398306511301	0.3
8786.449047888356	300	59.76762491404724	0.0	149029	697.304993916	0.3
8787.538556143356	300	59.50111506095776	0.0	157421	766.509853089	0.3
8789.105235445924	300	59.8337746106291	0.0	157488	667.340450329	0.3
8790.722074329418	300	59.923524595001204	0.0	143881	910.2500156279008	0.3
8792.072960602638	300	59.80237589232638	0.0	163444	621.1487026748183	0.3
8793.647055398791	300	59.58069727952114	0.0	179328	721.6786128052441	0.3
8794.916092375213	300	59.81688688298329	0.0	159914	763.8103965378461	0.3
8795.905414597431	300	59.74033906181747	0.0	131610	576.547821166	0.3
8796.771244158215	300	59.704311481950775	0.0	124011	536.027579867	0.3
8798.407922007022	300	59.99587354800572	0.0	144254	708.437933945	0.3
8799.934670797293	300	59.85611911030262	0.0	149991	639.7544377030974	0.3
8801.432451147435	300	59.73122611151407	0.0	147968	624.8929987885484	0.3
8802.782170234628	300	59.92281024359488	0.0	161857	808.4158679191928	0.3
8804.128976832186	300	59.72005855445332	0.0	145210	702.751689141567	0.3
8805.446191991115	300	59.82797842919584	0.0	172312	892.0801252574848	0.3
8806.580980610568	300	59.673651636305074	0.0	167025	654.326792891	0.3
8808.094485466403	300	59.98713012166872	0.0	160064	686.5215146363525	0.3
8809.616064752548	300	59.834832149195854	0.0	137507	652.2979724728671	0.3
8811.044415716764	300	59.74529732392408	0.0	118421	589.5348252717779	0.3

