16729.8084049592	750	4.0	4.321690655209452	450283	4321.69065521	-17.833269817400645
16731.67738117889	300	6.131023780307063	0.0	155580	1868.97621969	-0.15000000000000002
16733.008807554237	300	8.79959740496544	0.0	139857	1331.42637534	0.3
16734.5012388049	300	11.307166154302012	0.0	155432	1492.43125066	0.3
16735.147030683325	300	14.661374275875994	0.0	163442	645.791878426	0.3
16735.497913596162	300	18.310491363041184	0.0	126289	350.882912835	0.3
16736.595089856764	750	21.213315102437285	0.0	352642	1097.1762606	0.3
16737.268309437106	300	24.540095522095648	0.0	173849	673.219580342	-0.15000000000000002
16737.684772014545	300	28.12363294465523	0.0	150710	416.46257744	0.3
16738.07532623679	300	31.7330787224082	0.0	139105	390.554222247	0.3
16738.494724076972	300	35.31368088222767	0.0	141840	419.397840181	0.3
16738.998621732135	300	38.80978322706462	0.0	156148	503.897655163	0.3
16739.515001656804	300	42.29340330239801	0.0	160746	516.379924667	0.3
16739.989261819555	300	45.819143139643415	0.0	179801	474.260162755	0.3
16740.801354484	750	49.00705047519959	0.0	337059	812.092664444	0.3
16741.17600185375	300	52.6324031054471	0.0	138313	374.647369752	-0.15000000000000002
16741.56171823172	300	56.24668672747968	0.0	143509	385.716377967	0.3
16741.96596009288	300	59.842444866318615	0.0	150616	404.241861161	0.3
16743.356361678238	300	59.876866968084656	0.0	165384	465.577898234	0.3
16744.582991735024	300	59.935963783255744	0.0	140881	440.90318482891416	0.3
16745.868251823158	300	59.89619717516497	0.0	157671	539.7666080907735	0.3
16747.041257356585	300	59.892441148473274	0.0	157812	503.75602669169245	0.3
16765.957126157784	300	44.97657234727518	0.0	163927	18915.8688011981	0.3
16766.526236528647	300	48.407461976411305	0.0	137654	569.110370864	0.3
16767.067182943574	300	51.86651556148642	0.0	146754	540.9464149248886	0.3
16767.62998368845	300	55.30371481660746	0.0	153938	562.800744879	0.3
16768.22498164593	300	58.70871685913009	0.0	181901	594.9979574773694	0.3
16768.879084908007	300	59.81815212612971	0.0	111155	390.564733	0.3
16769.548359657627	300	59.825284015860426	0.0	153605	492.868110269	0.3
16770.058056244532	300	59.86863904208143	0.0	149029	456.644973779	0.3
16772.974906181953	300	59.64673987993702	0.0	157421	2721.8991621444156	0.3
16775.949484508343	300	59.966926104378274	0.0	157488	2179.8137755587486	0.3
16776.23733040412	300	59.68038543190418	0.0	143881	286.5406724740941	0.3
16777.10430821487	300	59.95754913818108	0.0	163444	222.836293723	0.3
16778.188390269694	300	59.69757886928395	0.0	179328	259.970268897	0.3
16779.71504067022	300	59.80630956198478	0.0	159914	891.2693072991694	0.3
16781.165895352187	300	59.60857276761245	0.0	131610	697.7367943723267	0.3
16781.838789767487	300	59.858684503761026	0.0	124011	249.888263851	0.3
16782.65283689354	300	59.62316401645904	0.0	144254	235.520487302	0.3
16783.261901112193	300	59.817895226506636	0.0	149991	305.268789952	0.3
16785.410572129567	300	59.85545743217258	0.0	147968	1962.4377943340498	0.3
16789.393243130166	300	59.87278643157388	0.0	161857	3982.6710005987015	0.3
16789.96227326667	300	59.84272347513973	0.0	145210	530.062956434	0.3
16792.625332149266	1200	59.99067762387511	0.0	634861	1852.0458512646226	0.29999999999999993
16794.86272260251	1200	59.98748891292083	0.0	630203	1503.1887109542747	1.2
16797.92693624129	300	59.782482964675594	0.0	160064	2205.0059482452343	-0.6000000000000001
16801.570033751028	300	59.60053805507143	0.0	137507	2681.9449096041612	0.3
16802.705251123476	300	59.973505668917916	0.0	118421	627.0323861535112	0.3

