13097.465096013462	750	4.0	2.820180386267593	450283	2820.18038627	-11.37677566095065
13098.607143045874	300	6.857952967588268	0.0	155580	1142.04703241	-0.15000000000000002
13099.561584420762	300	9.903511592699932	0.0	139857	954.441374888	0.3
13100.71381159574	300	12.751284417723369	0.0	155432	1152.22717498	0.3
13102.199643791288	300	15.265452222174275	0.0	163442	1485.83219555	0.3
13104.266881774009	300	17.19821423945471	0.0	126289	2067.23798272	0.3
13105.056560313402	300	20.408535700060597	0.0	153295	789.678539394	0.3
13108.302586757076	750	21.162509256388102	0.0	437162	3246.02644367	0.3
13109.396407042472	300	24.068688970991598	0.0	150710	1093.8202854	-0.15000000000000002
13110.442699815516	300	27.022396197948694	0.0	139105	1046.29277304	0.3
13111.889948055206	300	29.575147958258796	0.0	141840	1447.24823969	0.3
13115.512133419814	750	29.952962593651726	0.0	405134	3622.18536461	0.3
13117.344630383288	300	32.12046563017621	0.0	160746	1832.49696348	-0.15000000000000002
13119.206564266804	300	34.2585317466601	0.0	179801	1861.93388352	0.3
13120.520273074459	300	36.94482293900571	0.0	140051	1313.70880765	0.3
13121.807285510238	300	39.657810503226656	0.0	138313	1287.01243578	0.3
13122.911741658896	300	42.553354354569024	0.0	143509	1104.45614866	0.3
13123.87705537808	300	45.5880406353856	0.0	150616	965.313719183	0.3
13124.982915365566	300	48.482180647899305	0.0	165384	1105.85998749	0.3
13125.989730968107	300	51.4753650453585	0.0	140881	1006.81560254	0.3
13128.484015746533	750	52.98108026693093	0.0	386472	2494.28477843	0.3
13129.664750124684	300	55.800345888781266	0.0	157812	1180.73437815	-0.15000000000000002
13131.099560444369	300	58.36553556909646	0.0	163927	1434.81031968	0.3
13133.323142437812	300	59.54206698095945	0.0	137654	1323.46858814	0.3
13134.669460418181	300	59.75446469342946	0.0	146754	787.6022875299834	0.3
13136.485489300874	300	59.75530809850164	0.0	153938	1499.156594927828	0.3
13138.707476263104	300	59.99325076127036	0.0	181901	1262.0573372312724	0.3
13139.576227102354	300	59.72334015414388	0.0	111155	769.9106071264831	0.3
13141.225549734316	300	59.813098954224955	0.0	153605	910.241199919	0.3
13142.533897907388	300	59.927965583710055	0.0	149029	885.1333705148973	0.3
13144.120560310723	300	59.54224178332051	0.0	157421	885.7238003895473	0.3
13145.419465418374	300	59.68825853096908	0.0	157488	853.9832523514307	0.3
13146.247194434784	300	59.946354950412704	0.0	143881	741.9035805563705	0.3
13148.198812121715	300	59.95845882487458	0.0	163444	987.896125538	0.3
13151.031820619883	300	59.96431535648711	0.0	179328	1994.1434683874757	0.3
13152.991871657874	300	59.848222352381754	0.0	159914	1116.0930041053593	0.3
13154.69916900253	300	59.67155269699725	0.0	131610	1676.6696553844936	0.3
13158.501087668557	300	59.86963403096952	0.0	124011	2801.9186660277337	0.3
13161.208633910554	300	59.80263408761979	0.0	144254	2066.999943349726	0.3
13163.562838634458	300	59.875804874992326	0.0	149991	1926.8292126274653	0.3
13167.665770944832	750	59.77287256461795	0.0	345516	4102.93231037437	0.3
13171.065973107448	300	59.597925394134094	0.0	161857	3174.947170483855	-0.15000000000000002
13174.709473163482	300	59.954425338101004	0.0	145210	3143.5000560330905	0.3
13176.0906886468	300	59.70419512052473	0.0	172312	750.230217576	0.3
13178.997910654376	300	59.52557674960877	0.0	167025	2178.6183709159695	0.3
13180.64724068523	300	59.7612135525111	0.0	160064	1264.3631970976655	0.3
13182.207618212387	300	59.85150820581045	0.0	137507	1409.7053467006558	0.3
13185.067476122038	300	59.56341534121265	0.0	118421	2288.0928645977992	0.3

