11113.412387854634	750	4.0	0.3511762026822044	450283	351.176202682	-0.7600576715334788
11113.732598335782	750	7.679789518851838	0.0	398865	320.210481148	0.75
11113.896825122443	300	11.515562732189839	0.0	139857	164.226786662	-0.15000000000000002
11114.070431719929	300	15.341956134704924	0.0	155432	173.606597485	0.3
11114.248862220124	300	19.16352563451108	0.0	163442	178.430500194	0.3
11114.404917881697	300	23.007469972937063	0.0	126289	156.055661574	0.3
11114.577237502892	300	26.835150351742904	0.0	153295	172.319621194	0.3
11114.751639318696	300	30.660748535938435	0.0	173849	174.401815804	0.3
11114.907012690954	300	34.50537516367895	0.0	150710	155.373372259	0.3
11115.056582148509	300	38.35580570612367	0.0	139105	149.569457555	0.3
11115.207519439473	300	42.204868415159	0.0	141840	150.937290965	0.3
11115.36561247465	300	46.04677537998167	0.0	156148	158.093035177	0.3
11115.526005070345	300	49.88638278428647	0.0	160746	160.392595695	0.3
11115.695927488934	300	53.71646036569694	0.0	179801	169.92241859	0.3
11115.944498078015	750	57.467889776615856	0.0	337059	248.570589081	0.3
11116.346131226095	300	59.81871641560911	0.0	138313	149.173361007	-0.15000000000000002
11116.801299734507	300	59.6773620549397	0.0	143509	141.354360669	0.3
11117.898000431584	300	59.995918780272994	0.0	150616	181.443274667	0.3
11119.068451242272	300	59.82832208613404	0.0	165384	1167.5966941389538	0.3
11120.93779609061	750	59.60507672023862	0.0	350713	1723.2453658954164	0.3
11121.84697117312	300	59.93353892020596	0.0	157671	171.537800033	-0.15000000000000002
11122.85061771557	300	59.760534290218224	0.0	157812	173.004629988	0.3
11123.917056467348	300	59.6026358705615	0.0	163927	157.898419657	0.3
11132.661762803098	300	54.857929534809486	0.0	137654	8744.70633575201	0.3
11133.407138801982	300	58.11255353592556	0.0	146754	745.3759988839317	0.3
11134.654213259373	300	59.81832764060875	0.0	153938	794.225895317	0.3
11136.259833296808	300	59.701941902928176	0.0	181901	1116.3857376805774	0.3
11137.215920292172	300	59.92851555512279	0.0	111155	773.4263478053816	0.3
11137.770143159833	300	59.70273444507279	0.0	153605	225.78111005	0.3
11138.958028482937	300	59.983012662326004	0.0	149029	219.721782747	0.3
11139.53915068568	300	59.63653333113222	0.0	157421	346.4793311937931	0.3
11140.497845557104	300	59.984507331195104	0.0	157488	152.025999937	0.3
11140.803055804858	750	59.69523664306097	0.0	369834	289.27068813413143	0.3
11150.241325064873	300	54.25696738304521	0.0	163444	9438.26926001577	-0.15000000000000002
11150.760571872992	300	57.73772057492543	0.0	179328	519.24680812	0.3
11151.93014747881	300	59.769660585895316	0.0	159914	468.05998903011294	0.3
11153.127221862453	300	59.73188120246721	0.0	131610	537.7793834281139	0.3
11154.121027650484	300	59.77462580855824	0.0	124011	457.25539390897177	0.3
11154.938339813467	300	59.84424492412911	0.0	144254	430.380884429	0.3
11155.766561310407	300	59.83359981493608	0.0	149991	510.645109193	0.3
11156.848592370956	300	59.66137247853424	0.0	147968	672.227336402	0.3
11157.975677818102	300	59.76273161703529	0.0	161857	898.6408614989464	0.3
11160.03352927825	750	59.808028179785346	0.0	372093	1954.7034372499484	0.3
11161.338505766531	300	59.667113947092496	0.0	172312	1140.9142326928484	-0.15000000000000002
11163.233420505441	300	59.76168770543201	0.0	167025	905.42624166	0.3
11164.940324813928	300	59.86297979981389	0.0	160064	898.7079056181187	0.3
11166.101047949427	300	59.89671643349817	0.0	137507	466.2633663157177	0.3
11167.179557729158	300	59.91469142822465	0.0	118421	482.02500527352043	0.3

