10516.64104106687	750	4.0	0.13838925859018592	450283	138.38925859	0.1549261880622006
10516.7412154924	300	7.899825574468809	0.0	155580	100.174425531	-0.15000000000000002
10516.866706111823	750	11.774334955048268	0.0	350812	125.490619421	0.3
10516.966861345845	300	15.67417972102613	0.0	155432	100.155234022	-0.15000000000000002
10517.068055255459	300	19.572985811412625	0.0	163442	101.193909614	0.3
10517.164431447936	300	23.47660961893346	0.0	126289	96.3761924792	0.3
10517.264309572129	300	27.376731494741378	0.0	153295	99.8781241921	0.3
10517.366852981977	300	31.27418808489325	0.0	173849	102.543409848	0.3
10517.466395903122	300	35.17464516374782	0.0	150710	99.5429211454	0.3
10517.593440386414	750	39.047600680455695	0.0	362795	127.044483292	0.3
10517.719243256874	750	42.92179780999595	0.0	353220	125.80287046	0.75
10517.851777938151	750	46.789263128718446	0.0	405134	132.534681277	0.75
10517.952827370944	300	50.688213695925874	0.0	160746	101.049432793	-0.15000000000000002
10518.091093506466	750	54.549947560403574	0.0	434409	138.266135522	0.3
10518.216302342778	750	58.42473872409262	0.0	337059	125.208836311	0.75
10518.943055994396	300	59.82618716553261	0.0	138313	98.55155856	-0.15000000000000002
10519.694057947281	300	59.72478723561858	0.0	143509	101.399929914	0.3
10520.498661168476	300	59.60728663650682	0.0	150616	117.500599112	0.3
10520.867195447703	300	59.97657080793462	0.0	165384	130.715828572	0.3
10521.338695315379	750	59.819730099424696	0.0	350713	156.84070851	0.3
10521.798194148729	300	59.70681026233166	0.0	157671	112.919837093	-0.15000000000000002
10522.358614324305	300	59.560389672672784	0.0	157812	146.420589659	0.3
10523.441488070515	300	59.93595259252674	0.0	163927	124.437080146	0.3
10524.546198338943	300	59.82281579134478	0.0	137654	113.136801182	0.3
10524.697775835737	300	59.70281377656995	0.0	146754	120.00201477482702	0.3
10524.853366336421	300	59.60030626723754	0.0	153938	102.507509332	0.3
10525.541252313136	300	59.99340477455676	0.0	181901	106.901492681	0.3
10526.257130188284	300	59.88595807900013	0.0	111155	107.446695557	0.3
10526.98486345974	300	59.785807033067314	0.0	153605	100.151045933	0.3
10527.764630089836	300	59.67021483078054	0.0	149029	115.592202287	0.3
10528.605148899805	300	59.54204263970107	0.0	157421	128.172191079	0.3
10528.94156577194	300	59.93950751307889	0.0	157488	102.535126622	0.3
10529.298966799935	300	59.838247871836536	0.0	143881	101.259641242	0.3
10529.680542089369	300	59.73503092049609	0.0	163444	103.21695134	0.3
10530.132444276362	300	59.608758996047136	0.0	179328	126.271924449	0.3
10531.112196303024	300	59.9916981139873	0.0	159914	117.06088206	0.3
10532.142395405466	750	59.867444135067494	0.0	321064	124.25397892	0.3
10532.333193050114	750	59.68551787450499	0.0	361565	181.92626056250995	0.75
10532.466607512455	300	59.58274633537711	0.0	144254	102.771539128	-0.15000000000000002
10533.16065939406	300	59.96154185618147	0.0	149991	121.204479196	0.3
10533.853417781145	300	59.861086363843135	0.0	147968	100.455492338	0.3
10534.642836106566	750	59.72302864850531	0.0	384505	138.057715338	0.3
10535.547980845591	750	59.556136584035606	0.0	372093	166.89206447	0.75
10536.143725897757	750	59.83739039522989	0.0	438281	218.746188806	0.75
10536.661934288784	300	59.72628563139634	0.0	167025	111.104763834	-0.15000000000000002
10537.195076148388	300	59.62326651519268	0.0	160064	103.019116204	0.3
10537.74440951015	300	59.52416120601071	0.0	137507	99.105309182	0.3
10538.820436656772	300	59.921261658989394	0.0	118421	102.899547021	0.3

