12424.049169473805	750	4.0	0.47232869551011514	450283	472.32869551	-1.281013390693495
12424.264725331894	300	7.784444141911945	0.0	155580	215.555858088	-0.15000000000000002
12424.46658184073	300	11.582587633076484	0.0	139857	201.856508835	0.3
12424.672165957625	300	15.377003516179236	0.0	155432	205.584116897	0.3
12424.867178382143	300	19.181991091660933	0.0	163442	195.012424518	0.3
12425.171348534273	750	22.87782093953205	0.0	318564	304.170152129	0.3
12425.359220621109	300	26.689948852696766	0.0	153295	187.872086835	-0.15000000000000002
12425.561556342589	300	30.487613131217085	0.0	173849	202.33572148	0.3
12425.747609391983	300	34.30156008182248	0.0	150710	186.053049395	0.3
12425.925496124357	300	38.1236733494488	0.0	139105	177.886732374	0.3
12426.1053074476	300	41.94386202620462	0.0	141840	179.811323244	0.3
12426.311715239279	300	45.73745423452601	0.0	156148	206.407791679	0.3
12426.581621317606	300	49.46754815619888	0.0	160746	269.906078327	0.3
12426.874039062304	300	53.17513041150043	0.0	179801	292.417744698	0.3
12427.119495970568	300	56.9296735032365	0.0	140051	245.456908264	0.3
12428.133958416667	300	59.686269876324104	0.0	138313	243.403626912	0.3
12429.10113958328	300	59.548708702611066	0.0	143509	137.561173713	0.3
12429.58912263343	300	59.92952717398489	0.0	150616	119.181528626	0.3
12430.698930123019	1200	59.518524189953666	0.0	639204	411.002984031	0.29999999999999993
12431.196476450323	300	59.82965327908008	0.0	140881	188.870910874	-0.6000000000000001
12431.705523181696	300	59.689467621608806	0.0	157671	140.185657471	0.3
12432.204054092901	300	59.58413270295672	0.0	157812	105.334918652	0.3
12433.245025004175	300	59.97074524359579	0.0	163927	113.387459361	0.3
12434.321610008454	300	59.856244467413546	0.0	137654	114.500776182	0.3
12434.553534486768	300	59.68082434230561	0.0	146754	175.4201251079328	0.3
12435.444053380812	300	59.974317071885004	0.0	153938	206.507270421	0.3
12436.57719423091	300	59.959252458648926	0.0	181901	515.0646132360805	0.3
12437.351584633216	300	59.841595375925216	0.0	111155	117.657082724	0.3
12438.17869775922	300	59.71640547271554	0.0	153605	125.18990321	0.3
12439.089007141367	300	59.571712393039704	0.0	149029	144.693079676	0.3
12439.50761489199	300	59.95571666896249	0.0	157421	115.995724077	0.3
12440.09886606537	300	59.771397095546135	0.0	157488	184.319573416	0.3
12440.662274940705	300	59.65315845786122	0.0	143881	118.238637685	0.3
12441.252487970582	300	59.54063706174771	0.0	163444	112.521396114	0.3
12441.50874416389	750	59.8613547819742	0.0	401088	179.282279774	0.3
12441.72547199709	300	59.75147782214179	0.0	159914	109.876959832	-0.15000000000000002
12441.965633182723	300	59.64482266600907	0.0	131610	106.655156133	0.3
12443.04488772045	1200	59.88194841189615	0.0	575591	262.874254113	0.29999999999999993
12444.199435143075	750	59.67286484239137	0.0	378327	209.083569505	0.3
12444.365249184806	300	59.52268974808504	0.0	149991	150.1750943063251	-0.15000000000000002
12445.130439229382	300	59.85741419950925	0.0	147968	165.275548576	0.3
12445.942355341585	300	59.71191339140749	0.0	161857	145.500808102	0.3
12446.776115193074	300	59.58774111771492	0.0	145210	124.172273693	0.3
12447.128403361601	300	59.976390822348115	0.0	172312	111.350295367	0.3
12447.50717062033	300	59.86747612956402	0.0	167025	108.914692784	0.3
12448.008187568195	750	59.71189393860481	0.0	393804	155.582190959	0.3
12448.52525739744	300	59.586576402435014	0.0	137507	125.31753617	-0.15000000000000002
12449.54825484958	300	59.9804538229017	0.0	118421	106.122579533	0.3

