466.07924442865726	750	4.0	1.6086873335744107	450283	1608.68733357	-6.167355534369966
466.5684097529612	300	7.510834675696111	0.0	155580	489.165324304	-0.15000000000000002
472.75861591743376	4300	5.32062851122352	0.0	2177073	6190.20616447	0.2999999999999998
473.33686527130953	300	8.742379157347775	0.0	155432	578.249353876	-3.7
473.9044610390663	300	12.174783389590967	0.0	163442	567.595767757	0.3
474.1798830008064	300	15.899361427850895	0.0	126289	275.42196174	0.3
474.4970945522871	300	19.58214987637021	0.0	153295	317.211551481	0.3
474.8461117479775	300	23.233132680679773	0.0	173849	349.01719569	0.3
475.1593232220872	300	26.919921206570024	0.0	150710	313.21147411	0.3
475.42671424298146	300	30.65253018567582	0.0	139105	267.391020894	0.3
475.69296749501063	300	34.386276933646634	0.0	141840	266.253252029	0.3
475.9780088993948	300	38.101235529262446	0.0	156148	285.041404384	0.3
476.26908803962806	300	41.8101563890292	0.0	160746	291.079140233	0.3
476.58518872327227	300	45.494055705384966	0.0	179801	316.100683644	0.3
476.8682689710428	300	49.21097545761444	0.0	140051	283.080247771	0.3
477.14939849144196	300	52.92984593721527	0.0	138313	281.129520399	0.3
477.43808383803247	300	56.64116059062483	0.0	143509	288.68534659	0.3
478.06365073403254	300	59.84214051409955	0.0	150616	299.020076525	0.3
478.545221239891	300	59.974628670907755	0.0	165384	367.511843192	0.3
479.1954869072835	300	59.666525168544844	0.0	140881	308.103502363	0.3
479.59646471943665	300	59.847117344983054	0.0	157671	319.407823562	0.3
480.1617233951163	300	59.5652730014389	0.0	157812	281.844343544	0.3
481.32773261868914	300	59.83397555572026	0.0	163927	231.297445719	0.3
484.09043874536536	300	59.87997838130921	0.0	137654	1953.997174411051	0.3
488.3186939061415	300	59.651723220533064	0.0	146754	4228.255160776142	0.3
491.49593545194574	300	59.75158450415159	0.0	153938	2400.1387163814784	0.3
494.4890464107051	300	59.853580439483316	0.0	181901	2398.0040646682655	0.3
496.6940376203757	300	59.758638281693564	0.0	111155	1594.9421577897492	0.3
497.84362776276754	300	59.94886773643804	0.0	153605	809.7705452555225	0.3
501.6247389525436	1200	59.9382219401182	0.0	641447	3510.64579631985	0.29999999999999993
502.1364658904698	300	59.77759116788318	0.0	157421	160.630772235	-0.6000000000000001
502.7340046687165	300	59.61436986160544	0.0	157488	163.221306278	0.3
502.89821135620895	300	59.95942525384369	0.0	143881	154.944607762	0.3
503.24914083638	300	59.74859155362356	0.0	163444	210.83370022	0.3
503.6991240461246	300	59.55364783872664	0.0	179328	194.943714897	0.3
504.7329008801882	300	59.874279169118736	0.0	159914	179.368669608	0.3
505.83453571184003	300	59.710665835520686	0.0	131610	163.613333598	0.3
506.9616797969256	300	59.576104542004764	0.0	124011	134.561293516	0.3
512.2228586700376	300	58.31492566889282	0.0	144254	5261.178873111947	0.3
514.1628482038471	300	59.8918117343288	0.0	149991	1423.1139345640267	0.3
515.3232640649711	300	59.78004160338964	0.0	147968	611.7701309391529	0.3
516.0923462812502	300	59.62982336034242	0.0	161857	150.218243047	0.3
516.5354325537894	300	59.92771221068878	0.0	145210	202.111149654	0.3
519.769212848187	300	59.64130962493285	0.0	172312	2786.4025857559345	0.3
524.687128769422	750	58.7233937036978	0.0	398987	4917.915921235049	0.3
525.7925647368099	750	59.7733225349421	0.0	393804	950.0711687557006	0.75
526.4572663606514	300	59.72865412233756	0.0	137507	544.668412605	-0.15000000000000002
527.8281569372997	300	59.8132254396318	0.0	118421	415.428682706	0.3

