6779.8439394897005	750	4.0	2.70673238033355	450283	2706.73238033	-10.888949235434264
6781.204648163141	300	6.639291326559048	0.0	155580	1360.70867344	-0.15000000000000002
6782.352313015494	300	9.491626474206976	0.0	139857	1147.66485235	0.3
6783.6196266140105	300	12.224312875689586	0.0	155432	1267.31359852	0.3
6784.8992261328285	300	14.944713356871278	0.0	163442	1279.59951882	0.3
6787.108504350681	750	16.73543513901917	0.0	318564	2209.27821785	0.3
6793.189671328214	1850	14.654268161486032	0.0	905515	6081.16697753	0.75
6794.583609501326	300	17.2603299883746	0.0	173849	1393.93817311	-1.25
6795.634854067187	300	20.209085422513464	0.0	150710	1051.24456586	0.3
6796.6067862983855	300	23.237153191314167	0.0	139105	971.932231199	0.3
6797.811728345292	300	26.032211144407913	0.0	141840	1204.94204691	0.3
6799.038826733119	300	28.805112756581124	0.0	156148	1227.09838783	0.3
6800.08835901638	300	31.75558047331936	0.0	160746	1049.53228326	0.3
6801.494365044341	300	34.34957444535849	0.0	179801	1406.00602796	0.3
6802.514303334275	300	37.32963615542593	0.0	140051	1019.93828993	0.3
6805.35961107815	750	38.48432841155083	0.0	366214	2845.30774388	0.3
6806.519118130271	300	41.324821359430224	0.0	143509	1159.50705212	-0.15000000000000002
6807.55509631183	300	44.288843177870554	0.0	150616	1035.97818156	0.3
6808.729356469253	300	47.11458302044734	0.0	165384	1174.26015742	0.3
6809.790108051849	300	50.05383143785206	0.0	140881	1060.7515826	0.3
6811.050500642042	300	52.79343884765867	0.0	157671	1260.39259019	0.3
6812.818712531499	300	55.02522695820216	0.0	157812	1768.21188946	0.3
6814.378118384369	300	57.46582110533075	0.0	163927	1559.40585287	0.3
6815.81177477854	300	59.74944854574707	0.0	137654	1216.37255958	0.3
6816.827300557917	300	59.75532757335206	0.0	146754	994.120972395012	0.3
6818.961686941844	300	59.51883678487935	0.0	153938	1236.4907884727156	0.3
6820.972416259903	300	59.78291992357686	0.0	181901	1735.9168613024854	0.3
6822.3472714858035	300	59.657398539005136	0.0	111155	1125.5213845717253	0.3
6824.752189540179	300	59.71510643248218	0.0	153605	1942.2921065229602	0.3
6827.466148985884	300	59.92893968355541	0.0	149029	1786.1667489267625	0.3
6829.606511036749	300	59.72315500651175	0.0	157421	1205.7846770436586	0.3
6831.521996654918	300	59.638200884337955	0.0	157488	1084.9541221738043	0.3
6833.1066770115685	300	59.95112645401104	0.0	143881	1187.074430326906	0.3
6834.946401802216	300	59.50056702184794	0.0	163444	1450.559432163097	0.3
6837.082945689439	300	59.71687775747957	0.0	179328	1283.689264368367	0.3
6838.626357906456	300	59.974098960398365	0.0	159914	1242.7787970812117	0.3
6839.779875322095	300	59.64015696254659	0.0	131610	833.941997852	0.3
6841.560430978852	300	59.749666843061185	0.0	124011	890.4901194854084	0.3
6843.768057518684	300	59.54088634178161	0.0	144254	1208.7805012795698	0.3
6845.394594245014	300	59.83154099789299	0.0	149991	1209.3453438886152	0.3
6846.896259565504	300	59.63980402886811	0.0	147968	1191.7369690248781	0.3
6849.685219362311	300	59.51028830619762	0.0	161857	1629.515722670492	0.3
6852.268034429723	300	59.76860280955936	0.0	145210	2241.685496638257	0.3
6854.270549799333	300	59.88190991014116	0.0	172312	1886.6928994182042	0.3
6856.818615191189	300	59.836288449309656	0.0	167025	1545.6214608315054	0.3
6858.999015736082	300	59.83781014237507	0.0	160064	1498.4783069345838	0.3
6860.698047644216	300	59.67925530728735	0.0	137507	1158.5548350877243	0.3
6861.73636790763	300	59.70083371210367	0.0	118421	978.4215951836704	0.3

