6361.574022589208	750	4.0	0.22617798157691843	450283	226.177981577	-0.2225653207807492
6361.704529426849	300	7.869493162358479	0.0	155580	130.506837642	-0.15000000000000002
6361.82993201582	300	11.74409057338798	0.0	139857	125.40258897	0.3
6361.960390807363	300	15.613631781844743	0.0	155432	130.458791543	0.3
6362.093449931658	300	19.48057265754981	0.0	163442	133.059124295	0.3
6362.214447862105	300	23.35957472710303	0.0	126289	120.997930447	0.3
6362.408928079611	750	27.165094509597047	0.0	352642	194.480217506	0.3
6362.5453656886675	300	31.02865690053971	0.0	173849	136.437609057	-0.15000000000000002
6362.747025551509	750	34.826997037698334	0.0	374758	201.659862841	0.3
6362.872184014359	300	38.70183857484884	0.0	139105	125.158462849	-0.15000000000000002
6362.998230356118	300	42.57579223308851	0.0	141840	126.04634176	0.3
6363.130166816635	300	46.443855772572434	0.0	156148	131.936460516	0.3
6363.424262177211	1200	50.149760411996276	0.0	624282	294.095360576	0.29999999999999993
6363.565924310553	300	54.008098278654366	0.0	179801	141.662133342	-0.6000000000000001
6363.693954318376	300	57.880068270830904	0.0	140051	128.030007823	0.3
6364.214931962548	300	59.75263430411815	0.0	138313	127.433966713	0.3
6364.981379846943	750	59.526682200649915	0.0	360831	225.952103468	0.3
6365.239926812976	300	59.877656608097105	0.0	150616	149.025592553	-0.15000000000000002
6365.611608590409	300	59.70657640612071	0.0	165384	171.080201976	0.3
6366.023809313485	300	59.56077683231098	0.0	140881	145.79957381	0.3
6366.922833405875	300	59.95446536074817	0.0	157671	106.311471563	0.3
6367.9160086044685	300	59.81423407186607	0.0	157812	140.231288882	0.3
6368.958991405749	300	59.67921462608142	0.0	163927	135.019445785	0.3
6370.005771595552	300	59.56980620892772	0.0	137654	109.408417154	0.3
6370.860218418702	750	59.821268683676735	0.0	359903	248.53752525099097	0.3
6371.605321762128	300	59.71167166091366	0.0	153938	109.597022763	-0.15000000000000002
6372.40401130409	300	59.58958005026469	0.0	181901	122.091610649	0.3
6372.768299749649	750	59.95573479314151	0.0	277716	133.845257123	0.3
6373.122744028122	300	59.85423424812183	0.0	153605	101.50054502	-0.15000000000000002
6373.515747633446	300	59.7442043121875	0.0	149029	110.029935934	0.3
6373.924247361057	300	59.641441283076865	0.0	157421	102.763029111	0.3
6375.03027633111	750	59.95129514730026	0.0	400322	190.146135777	0.3
6376.082723179938	300	59.84301314002488	0.0	143881	108.282007275	-0.15000000000000002
6377.217318658697	750	59.70779782142088	0.0	412837	135.215318604	0.3
6377.406766456609	750	59.572264002542695	0.0	401088	135.53381887819342	0.75
6378.096067122486	300	59.96457065912183	0.0	159914	107.693343421	-0.15000000000000002
6378.7906280477555	300	59.86859385771426	0.0	131610	95.9768014076	0.3
6379.503042329962	300	59.771678778542686	0.0	124011	96.9150791716	0.3
6380.23824380859	300	59.67182764074624	0.0	144254	99.8511377964	0.3
6381.025850784257	300	59.555699323327886	0.0	149991	116.128317418	0.3
6381.5319551903885	750	59.848386449386666	0.0	345516	207.312873941	0.3
6382.162245252594	1200	59.64213718437868	0.0	641452	206.249265008	0.75
6382.444370962631	750	59.923594727959085	0.0	372093	218.54245642	0.3
6382.728665083094	300	59.77273929453691	0.0	172312	150.855433422	-0.15000000000000002
6383.098150401941	300	59.614715978633576	0.0	167025	158.023315903	0.3
6383.995074212913	300	59.98198507461898	0.0	160064	132.730904015	0.3
6384.915590978859	300	59.864323145125375	0.0	137507	117.661929494	0.3
6385.970771401091	750	59.69816035223481	0.0	314107	166.162792891	0.3

