15112.82940241076	750	4.0	2.3763684210526317	450283	2376.36842105	-9.468384210526315
15113.331758106577	300	7.497644304184058	0.0	155580	502.355695816	-0.15000000000000002
15113.791430304478	300	11.037972106281178	0.0	139857	459.672197903	0.3
15114.293384222156	300	14.536018188604974	0.0	155432	501.953917676	0.3
15114.817083024285	300	18.012319386473923	0.0	163442	523.698802131	0.3
15115.239921939758	300	21.58948047100343	0.0	126289	422.83891547	0.3
15115.73607450686	300	25.093327903899016	0.0	153295	496.152567104	0.3
15116.28802537048	300	28.541377040279617	0.0	173849	551.950863619	0.3
15116.777160393725	300	32.05224201703485	0.0	150710	489.135023245	0.3
15117.234791124325	300	35.5946112864366	0.0	139105	457.630730598	0.3
15117.699846606358	300	39.12955580440463	0.0	141840	465.055482032	0.3
15120.089825052271	300	40.73957735849057	0.0	156148	2389.97844591	0.3
15121.504131151461	300	43.32527125930009	0.0	160746	1414.30609919	0.3
15123.064326067559	300	45.76507634320176	0.0	179801	1560.1949161	0.3
15124.294766145831	300	48.53463626492943	0.0	140051	1230.44007827	0.3
15125.689222485604	300	51.140179925156936	0.0	138313	1394.45633977	0.3
15127.094384924047	300	53.73501748671354	0.0	143509	1405.16243844	0.3
15128.51570317028	300	56.31369924047925	0.0	150616	1421.31824623	0.3
15129.800116759368	300	59.02928565139084	0.0	165384	1284.41358909	0.3
15131.543437276407	300	59.87666677770376	0.0	140881	1152.61887369	0.3
15133.290996130081	300	59.55323817254059	0.0	157671	1323.4286051631736	0.3
15135.615295031997	300	59.697653845837785	0.0	157812	1355.5843267028022	0.3
15137.563256926072	300	59.688530186408045	0.0	163927	1509.123659429734	0.3
15139.528133022295	300	59.94101125561936	0.0	137654	1247.5189307886922	0.3
15141.821760875175	300	59.5133759118961	0.0	146754	1427.6353437232608	0.3
15152.294187189678	2850	53.04094959739376	0.0	1480464	10472.42631450234	0.30000000000000027
15153.3517225405	300	55.98341424657254	0.0	181901	1057.53535082	-2.25
15154.329497953297	300	59.00563883377721	0.0	111155	977.7754127953295	0.3
15156.464423110574	300	59.67004104877481	0.0	153605	1335.5977850024024	0.3
15157.879511290846	300	59.58766064477744	0.0	149029	1082.3804039973675	0.3
15160.573542526408	300	59.692498915133754	0.0	157421	1895.1617296436912	0.3
15162.285889076771	300	59.57076039291233	0.0	157488	1121.738522221427	0.3
15163.442787871325	300	59.986615009704806	0.0	143881	1084.1453832075208	0.3
15167.493417719139	750	59.90867679147185	0.0	412837	3077.938218232956	0.3
15169.578668454958	300	59.56239723835209	0.0	179328	1346.2795531197635	-0.15000000000000002
15174.548614450408	1200	58.59245124290123	0.0	598727	4969.945995450862	0.29999999999999993
15175.74688006222	300	59.98277702607203	0.0	131610	1109.6742168292003	-0.6000000000000001
15177.760652356885	300	59.905186576228864	0.0	124011	1077.5904498431605	0.3
15179.257842662715	300	59.55518234572579	0.0	144254	1350.0042305030734	0.3
15181.83061139746	300	59.59189101601664	0.0	149991	1963.2913297091495	0.3
15184.837364365065	300	59.81875323473266	0.0	147968	2773.13778128398	0.3
15187.799520655119	300	59.63448268286595	0.0	161857	2684.2705518667144	0.3
15189.968030242208	300	59.794170758414396	0.0	145210	1340.311924451556	0.3
15193.044864043908	300	59.92985268888347	0.0	172312	2864.3180695309165	0.3
15195.265679400569	300	59.565702876638554	0.0	167025	1864.1498122449173	0.3
15199.870244436413	750	58.96113784079446	0.0	393804	4604.565035844097	0.3
15202.088838041544	300	59.586956328358404	0.0	137507	1374.1815124360542	-0.15000000000000002
15203.869871010673	300	59.50914589014113	0.0	118421	1577.8104382172803	0.3

