552.4225862628234	750	4.0	0.3458154112937444	450283	345.815411294	-0.7370062685631007
552.5944297516718	300	7.828156511151696	0.0	155580	171.843488848	-0.15000000000000002
552.7569914872408	300	11.66559477558249	0.0	139857	162.561735569	0.3
552.9287476072991	300	15.493838655524193	0.0	155432	171.756120058	0.3
553.2517042734123	750	19.17088198941096	0.0	411561	322.956666113	0.3
553.4062564161245	300	23.016329846698767	0.0	126289	154.552142712	-0.15000000000000002
553.5767510016947	300	26.845835261128634	0.0	153295	170.49458557	0.3
553.7671779191239	300	30.655408343699396	0.0	173849	190.426917429	0.3
554.1089009944353	750	34.313685268387964	0.0	374758	341.723075311	0.3
554.2860489896514	300	38.13653727317186	0.0	139105	177.147995216	-0.15000000000000002
554.4651070511262	300	41.957479211697056	0.0	141840	179.058061475	0.3
554.6541575177306	300	45.76842874509266	0.0	156148	189.050466604	0.3
554.8464191304621	300	49.57616713236122	0.0	160746	192.261612731	0.3
555.0519883529046	300	53.370597909918814	0.0	179801	205.569222442	0.3
555.2297970145487	300	57.19278924827466	0.0	140051	177.808661644	0.3
555.9340046873779	300	59.52719849336966	0.0	138313	165.590754905	0.3
556.2884488747145	300	59.82928485866332	0.0	143509	197.913634706	0.3
556.7323270263573	300	59.6456110591572	0.0	150616	183.673799506	0.3
564.929759599843	300	55.44817848567146	0.0	165384	8197.432573485738	0.3
565.3503758260243	300	59.02756225949017	0.0	140881	420.616226181	0.3
566.0005752280972	300	59.521589134355544	0.0	157671	505.97312513462043	0.3
566.9559943080343	750	59.57599273285607	0.0	399894	945.5964014994704	0.3
568.362400577065	300	59.83770093755954	0.0	163927	738.291795297	-0.15000000000000002
571.4581018802227	300	59.583907522847866	0.0	137654	2253.793414711666	0.3
574.2747363657844	300	59.806544224289944	0.0	146754	2277.363298557923	0.3
577.0646959774521	300	59.89120001195799	0.0	153938	2415.344212331957	0.3
582.9336609513267	300	58.0222350380834	0.0	181901	5868.964973874587	0.3
584.2343803478085	300	59.91366552644766	0.0	111155	1108.5695116357444	0.3
585.2923312162268	300	59.69076503466153	0.0	153605	722.900491786	0.3
586.823344068605	750	59.5527837967885	0.0	400508	1137.9812378730267	0.3
588.3680414279087	300	59.93695092438924	0.0	157421	615.832872399	-0.15000000000000002
593.3188076359493	1850	58.986184716348696	0.0	954453	4950.7662080405435	0.30000000000000004
594.3641062423171	300	59.57335076063728	0.0	143881	912.8339557114165	-1.25
595.3696651277086	300	59.84680364326976	0.0	163444	226.547117368	0.3
596.3160708338671	300	59.9731066742025	0.0	179328	373.69696906725596	0.3
597.4515342619518	300	59.65172932870576	0.0	159914	321.377345497	0.3
599.3420382333843	300	59.57352038428354	0.0	131610	1078.2089444222204	0.3
601.207884031026	300	59.50674499896779	0.0	124011	1066.7753853157456	0.3
602.1156880362978	750	59.66237820249485	0.0	378327	344.36679647294136	0.3
602.4346874252709	300	59.99459711240776	0.0	149991	167.781090087	-0.15000000000000002
603.1324508089083	750	59.68132457003202	0.0	345516	313.272542376	0.3
604.2866086807292	300	59.75649105475246	0.0	161857	924.8335152795606	-0.15000000000000002
605.4360109031682	300	59.50645212180365	0.0	145210	750.038932949	0.3
615.2178759159301	300	53.724587109041586	0.0	172312	9781.865012762059	0.3
615.4029503456171	300	57.539512679354644	0.0	167025	185.074429687	0.3
616.3906436899008	300	59.85881737318244	0.0	160064	180.695306172	0.3
617.4378012970592	300	59.698737588658894	0.0	137507	160.079784524	0.3
618.5795864556583	300	59.531383920676745	0.0	118421	167.353667982	0.3

