15291.240821043879	750	4.0	9.16110730922746	450283	9161.10730923	-38.64276142967808
15291.407293710265	300	7.833527333613553	0.0	155580	166.472666386	-0.15000000000000002
15291.565027401632	300	11.675793642246994	0.0	139857	157.733691367	0.3
15291.73141780838	300	15.50940323549948	0.0	155432	166.390406748	0.3
15292.040166857427	750	19.200654186452862	0.0	411561	308.749049047	0.3
15292.190359340813	300	23.050461703066322	0.0	126289	150.192483387	-0.15000000000000002
15292.355561985072	300	26.885259058807996	0.0	153295	165.202644258	0.3
15292.532188714591	300	30.708632329288665	0.0	173849	176.626729519	0.3
15292.69595459421	300	34.54486644966981	0.0	150710	163.765879619	0.3
15292.85327031768	300	38.38755072619837	0.0	139105	157.315723471	0.3
15293.005120318265	300	42.23570072561363	0.0	141840	151.850000585	0.3
15293.280272745726	750	45.960548298154414	0.0	405134	275.152427459	0.3
15293.43770384779	300	49.80311719608853	0.0	160746	157.431102066	-0.15000000000000002
15293.604313714179	300	53.63650732969964	0.0	179801	166.609866389	0.3
15293.751776066432	300	57.489044977445594	0.0	140051	147.462352254	0.3
15293.937088718845	300	59.84241981713032	0.0	138313	146.625160315	0.3
15294.199893656783	300	59.690361094209486	0.0	143509	152.058722921	0.3
15294.530726602876	300	59.54031772867172	0.0	150616	150.043365538	0.3
15304.087123553418	300	53.98392077813092	0.0	165384	9556.396950540797	0.3
15314.207182986403	4300	47.86386134514556	0.0	2156729	10120.059432985365	0.2999999999999998
15314.67290024103	300	51.39814409051846	0.0	157671	465.7172546271004	-3.7
15315.108327670261	300	54.96271666128745	0.0	157812	435.427429231	0.3
15315.55752742815	300	58.513516903401154	0.0	163927	449.199757886	0.3
15316.69459051016	300	59.55878056530876	0.0	137654	454.73633809239794	0.3
15317.659602669439	300	59.62743785762904	0.0	146754	431.3427076797196	0.3
15318.573963906088	300	59.64709196510279	0.0	153938	480.345892526	0.3
15326.619328169254	300	55.6017277019378	0.0	181901	8045.364263164989	0.3
15326.956059410413	300	59.2649964607795	0.0	111155	336.731241158	0.3
15327.406742988502	300	59.82771009595883	0.0	153605	437.2863648206683	0.3
15328.734476686635	300	59.88054185352711	0.0	149029	447.168242432	0.3
15329.931822726025	300	59.93215156168353	0.0	157421	448.3902918435842	0.3
15331.416821908448	750	59.77412984424371	0.0	400322	658.0217174398176	0.3
15331.685602243148	300	59.513228409385434	0.0	143881	260.90143485827764	-0.15000000000000002
15332.532440790463	300	59.80374858564924	0.0	163444	209.479823736	0.3
15333.40122140578	300	59.6480376397796	0.0	179328	155.71094587	0.3
15333.907098314567	300	59.96163402011096	0.0	159914	186.403619669	0.3
15335.445497235936	300	59.5621712039844	0.0	131610	899.4628161265603	0.3
15336.530980879772	300	59.79889743468855	0.0	124011	763.2737692958448	0.3
15347.310812460913	300	53.01906585354625	0.0	144254	10779.831581142302	0.3
15347.85381909774	300	56.47605921671958	0.0	149991	543.006636827	0.3
15348.390580943704	300	59.939297370755696	0.0	147968	536.761845964	0.3
15349.783558738194	300	59.923713442746596	0.0	161857	515.5839280091029	0.3
15351.044308309136	300	59.942035590516866	0.0	145210	481.67785222972327	0.3
15362.481451435096	750	52.504892464556924	0.0	438281	11437.143125959941	0.3
15362.865960271594	300	56.120383628057795	0.0	167025	384.508836499	-0.15000000000000002
15363.237778277315	300	59.748565622337715	0.0	160064	371.81800572	0.3
15364.49147099801	750	59.697990105435	0.0	331053	550.5755169027175	0.3
15365.252417369835	300	59.879075521418656	0.0	118421	318.914584016	-0.15000000000000002

