15572.102041851991	750	4.0	7.941297778973574	450283	7941.29777897	-33.397580449586364
15574.363036094082	300	5.739005757908654	0.0	155580	2260.99424209	-0.15000000000000002
15576.441460011669	300	7.660581840322188	0.0	139857	2078.42391759	0.3
15578.74243591104	300	9.359605940951406	0.0	155432	2300.97589937	0.3
15581.092813389481	300	11.009228462509027	0.0	163442	2350.37747844	0.3
15582.903860846656	300	13.198181005334936	0.0	126289	1811.04745717	0.3
15585.090942283185	300	15.011099568805193	0.0	153295	2187.08143653	0.3
15587.592235861672	300	16.509805990318824	0.0	173849	2501.29357849	0.3
15589.771259469595	300	18.33078238239655	0.0	150710	2179.02360792	0.3
15591.76770998692	300	20.334331865071686	0.0	139105	1996.45051732	0.3
15593.800561509486	300	22.301480342504234	0.0	141840	2032.85152257	0.3
15596.022164062839	300	24.079877789151436	0.0	156148	2221.60255335	0.3
15598.295262486634	300	25.80677936535651	0.0	160746	2273.09842379	0.3
15600.829050877563	300	27.2729909744296	0.0	179801	2533.78839093	0.3
15602.822306756801	300	29.279735095188585	0.0	140051	1993.25587924	0.3
15604.791819580169	300	31.310222271820937	0.0	138313	1969.51282337	0.3
15606.847485215638	300	33.254556636351744	0.0	143509	2055.66563547	0.3
15609.00886889855	300	35.09317295344021	0.0	150616	2161.38368291	0.3
15611.364132879793	300	36.73790897219611	0.0	165384	2355.26398124	0.3
15613.362354425457	300	38.73968742653281	0.0	140881	1998.22154566	0.3
15615.5891869247	300	40.51285492728679	0.0	157671	2226.83249925	0.3
15618.546749178522	300	41.55529267346634	0.0	157812	2957.56225382	0.3
15621.600015229715	300	42.50202662227225	0.0	163927	3053.26605119	0.3
15623.853032241583	300	44.24900961040349	0.0	137654	2253.01701187	0.3
15626.23750782415	300	45.86453402783782	0.0	146754	2384.47558257	0.3
15628.41446152138	300	47.6875803306046	0.0	153938	2176.95369723	0.3
15630.972329068578	300	49.12971278340754	0.0	181901	2557.8675472	0.3
15632.575842132017	300	51.52619971996858	0.0	111155	1603.51306344	0.3
15634.765046187435	300	53.336995664551594	0.0	153605	2189.20405542	0.3
15636.972019279769	300	55.13002257221732	0.0	149029	2206.97309233	0.3
15642.863124440273	750	53.238917411713	0.0	358218	5891.1051605	0.3
15645.093278034376	300	55.008763817611005	0.0	157488	2230.1535941	-0.15000000000000002
15647.137055896617	300	56.96498595536887	0.0	143881	2043.77786224	0.3
15649.444538687336	300	58.65750316465091	0.0	163444	2307.48279072	0.3
15652.468560610125	300	59.63348124186098	0.0	179328	2524.02192279	0.3
15656.246316593984	300	59.855725258001186	0.0	159914	2277.75598386	0.3
15660.136167581462	300	59.96587427052265	0.0	131610	1889.8509874785373	0.3
15664.143900454359	300	59.67971958830016	0.0	124011	1786.15468222	0.3
15667.610615610716	300	59.51715110545796	0.0	144254	2162.56848284	0.3
15671.24024839697	300	59.88751831920444	0.0	149991	2129.63278625	0.3
15675.397615859752	300	59.73015085642192	0.0	147968	2157.367462782526	0.3
15679.23849499916	300	59.88927171701542	0.0	161857	2340.879139406495	0.3
15683.041498040746	300	59.79378322720217	0.0	145210	2095.48848981	0.3
15688.954014194229	300	57.881267073718206	0.0	172312	5912.5161534839635	0.3
15691.501373837717	300	59.33390743023106	0.0	167025	2547.359643487148	0.3
15697.498559683201	300	57.33672158474606	0.0	160064	5997.185845484995	0.3
15699.609002969162	300	59.22627829878486	0.0	137507	2110.44328596	0.3
15702.641257126375	300	59.89766096027257	0.0	118421	1828.61733851	0.3

