17002.028621227397	750	4.0	3.388775603931294	450283	3388.77560393	-13.821735096904565
17003.251856278377	300	6.776764949021769	0.0	155580	1223.23505098	-0.15000000000000002
17004.354994602225	300	9.673626625174983	0.0	139857	1103.13832385	0.3
17005.56628332533	300	12.462337902070765	0.0	155432	1211.2887231	0.3
17006.835871643576	300	15.192749583824847	0.0	163442	1269.58831825	0.3
17007.835047370274	300	18.193573857126943	0.0	126289	999.175726698	0.3
17009.03078225632	300	20.997838971078632	0.0	153295	1195.73488605	0.3
17010.29944792504	300	23.72917330235742	0.0	173849	1268.66566872	0.3
17011.39965438976	300	26.628966837642576	0.0	150710	1100.20646471	0.3
17012.421302722807	300	29.607318504591298	0.0	139105	1021.64833305	0.3
17013.461465186847	300	32.56715604055339	0.0	141840	1040.16246404	0.3
17014.598483294816	300	35.4301379325825	0.0	156148	1137.01810797	0.3
17015.829467893425	300	38.19915333397067	0.0	160746	1230.98459861	0.3
17017.19697952966	300	40.83164169773723	0.0	179801	1367.51163623	0.3
17018.279850994037	300	43.74877023336201	0.0	140051	1082.87146438	0.3
17019.3502770592	300	46.678344168199104	0.0	138313	1070.42606516	0.3
17020.46908274065	300	49.55953848674809	0.0	143509	1118.80568145	0.3
17021.653913109254	300	52.37470811814365	0.0	150616	1184.8303686	0.3
17022.947072837844	300	55.08154838955389	0.0	165384	1293.15972859	0.3
17024.060492973553	300	57.968128253848775	0.0	140881	1113.42013571	0.3
17026.27430371993	300	59.731546555700966	0.0	157671	1236.58169815	0.3
17027.56505068059	300	59.534787599486904	0.0	157812	1196.75895621	0.3
17031.379789405757	300	59.72004887431978	0.0	163927	1314.73872517	0.3
17035.362204112018	300	59.603204885994764	0.0	137654	1116.84398833	0.3
17038.342796692305	300	59.75569395482067	0.0	146754	1347.51093117	0.3
17039.999459868275	300	59.95390319138995	0.0	153938	1301.79076343	0.3
17044.413778591912	300	59.53958446775158	0.0	181901	1414.31872364	0.3
17048.27781746357	300	59.67554559609022	0.0	111155	864.0388716613562	0.3
17051.94463536271	300	59.53875165044178	0.0	153605	1136.79394565	0.3
17053.163897341412	300	59.9041326378365	0.0	149029	134.619012605	0.3
17053.4553543436	300	59.760725619789156	0.0	157421	143.407018047	0.3
17057.24462448027	750	59.971455483121524	0.0	400322	289.270136668	0.3
17060.332373488494	300	59.81624103941402	0.0	143881	155.214443708	-0.15000000000000002
17062.50205488481	300	59.65766762351427	0.0	163444	158.5734159	0.3
17063.732505935706	300	59.507996088274794	0.0	179328	149.671535239	0.3
17067.39668698281	300	59.843815041170565	0.0	159914	164.181047104	0.3
17071.280210368204	300	59.69453362985331	0.0	131610	149.281411317	0.3
17074.195590607535	300	59.5639644972256	0.0	124011	130.569132628	0.3
17075.67346672972	300	59.92743198948566	0.0	144254	136.53250774	0.3
17076.259477850228	300	59.76509823645371	0.0	149991	162.333753032	0.3
17080.42943210346	300	59.59514398322028	0.0	147968	169.954253233	0.3
17083.719859322755	300	59.91674618392852	0.0	161857	178.397799292	0.3
17086.070470126837	300	59.757455491889125	0.0	145210	159.290692039	0.3
17087.476103046865	300	59.61029908789724	0.0	172312	147.156403992	0.3
17091.121310571936	300	59.965091562825876	0.0	167025	145.207525071	0.3
17095.14997443394	300	59.8226016523752	0.0	160064	142.489910451	0.3
17098.262290075934	300	59.669530807154615	0.0	137507	153.070845221	0.3
17100.41479205314	300	59.53290221693973	0.0	118421	136.628590215	0.3

