16643.80118649794	750	4.0	5.995876960305273	450283	5995.87696031	-25.03227092931267
16645.641865803187	300	6.159320694757251	0.0	155580	1840.67930524	-0.15000000000000002
16647.113380920913	300	8.687805577027802	0.0	139857	1471.51511773	0.3
16647.6439492695	300	12.157237228445503	0.0	155432	530.568348582	0.3
16648.1977371126	300	15.603449385343772	0.0	163442	553.787843102	0.3
16648.609659715483	300	19.191526782462656	0.0	126289	411.922602881	0.3
16649.091685646083	300	22.709500851862252	0.0	153295	482.0259306	0.3
16649.592984931976	300	26.20820156596675	0.0	173849	501.299285896	0.3
16649.99315063382	300	29.808035864123845	0.0	150710	400.165701843	0.3
16650.368662875575	300	33.432523622369104	0.0	139105	375.512241755	0.3
16650.786723594934	300	37.01446290301013	0.0	141840	418.060719359	0.3
16651.38687016389	300	40.4143163340561	0.0	156148	600.146568954	0.3
16652.005114605865	300	43.79607189207915	0.0	160746	618.244441977	0.3
16652.694661177607	300	47.10652532033578	0.0	179801	689.546571743	0.3
16653.301137008755	300	50.50004948918845	0.0	140051	606.475831147	0.3
16653.949303375895	300	53.8518831220511	0.0	138313	648.166367137	0.3
16654.454750450008	300	57.346436047937175	0.0	143509	505.447074114	0.3
16655.613945573557	300	59.871558942346304	0.0	150616	474.877105591	0.3
16657.30955255737	750	59.82591445941973	0.0	405596	1045.644482926577	0.3
16665.832197827145	300	55.30326918964457	0.0	140881	8522.645269775157	-0.15000000000000002
16666.023689622383	300	59.11177739440788	0.0	157671	191.491795237	0.3
16666.530972185657	300	59.920185895718255	0.0	157812	191.59149869	0.3
16667.066816343777	300	59.77010934895259	0.0	163927	150.076546766	0.3
16667.716597222683	300	59.5981027151763	0.0	137654	172.006633776	0.3
16670.248849742944	300	59.78086357760933	0.0	146754	2317.239137566975	0.3
16672.667347426122	300	59.88912142736792	0.0	153938	2391.74215024141	0.3
16673.82233801961	300	59.78500389709256	0.0	181901	1104.1175302753622	0.3
16674.060672434673	300	59.65127322116907	0.0	111155	133.730675923	0.3
16674.38496470399	300	59.50142895607869	0.0	153605	149.84426509	0.3
16677.232543931765	300	59.87486334430473	0.0	149029	2126.565611773964	0.3
16680.686035250354	300	59.96862449301072	0.0	157421	2906.2388512940124	0.3
16698.605720961245	300	46.04893878211993	0.0	157488	17919.685710890783	0.3
16702.458519004755	300	46.19614073860855	0.0	143881	3852.7980435113886	0.3
16702.725551281736	300	49.92910846162584	0.0	163444	267.032276983	0.3
16703.010759941382	300	53.643899801982435	0.0	179328	285.208659643	0.3
16703.273752767924	300	57.38090697543993	0.0	159914	262.992826543	0.3
16703.88993072584	300	59.65030298891429	0.0	131610	230.603986526	0.3
16705.08252712286	300	59.95679177609965	0.0	124011	193.511212815	0.3
16705.446773941672	300	59.73421095879591	0.0	144254	222.58081730373993	0.3
16715.795721044986	300	53.38526385548217	0.0	149991	10348.947103313742	0.3
16716.315088575237	300	56.86589632523201	0.0	147968	519.36753025	0.3
16717.41774363049	300	59.763241269980455	0.0	161857	602.6550552515556	0.3
16718.88660367813	300	59.675129091322646	0.0	145210	588.1121786578067	0.3
16720.313301729573	300	59.612154000092715	0.0	172312	562.9750912299377	0.3
16721.735539362613	300	59.79289666367921	0.0	167025	819.2573364135019	0.3
16722.90988320268	300	59.96721489195921	0.0	160064	825.6817717200037	0.3
16724.38697974435	300	59.61299765529595	0.0	137507	854.2172366632607	0.3
16725.486714303992	300	59.83457002798134	0.0	118421	778.4276273146039	0.3

