1799.0677722366804	750	4.0	9.193022248441956	450283	9193.02224844	-38.77999566830041
1801.9907436629942	300	5.077028573686151	0.0	155580	2922.97142631	-0.15000000000000002
1804.5104283776561	300	6.557343859024268	0.0	139857	2519.68471466	0.3
1807.3025041223427	300	7.765268114337569	0.0	155432	2792.07574469	0.3
1810.2345540954261	300	8.833218141254072	0.0	163442	2932.04997308	0.3
1812.5137774763948	300	10.553994760285347	0.0	126289	2279.22338097	0.3
1815.2631873573644	300	11.804584879315655	0.0	153295	2749.40988097	0.3
1818.3872898893087	300	12.680482347371388	0.0	173849	3124.10253194	0.3
1821.1041430423847	300	13.963629194295297	0.0	150710	2716.85315308	0.3
1823.606614972064	300	15.461157264615858	0.0	139105	2502.47192968	0.3
1826.3242294703725	300	16.743542766307577	0.0	141840	2717.61449831	0.3
1830.256715484423	300	16.811056752256867	0.0	156148	3932.48601405	0.3
1833.3384068853056	300	17.729365351374426	0.0	160746	3081.69140088	0.3
1836.603416464807	300	18.464355771873	0.0	179801	3265.0095795	0.3
1839.2029786883743	300	19.864793548305496	0.0	140051	2599.56222357	0.3
1841.8292464740207	300	21.238525762659233	0.0	138313	2626.26778565	0.3
1844.7337875394849	300	22.333984697195003	0.0	143509	2904.54106546	0.3
1847.9550527003373	300	23.112719536342734	0.0	150616	3221.26516085	0.3
1851.644856283294	300	23.422915953385985	0.0	165384	3689.80358296	0.3
1854.416982805463	300	24.650789431216896	0.0	140881	2772.12652217	0.3
1857.5051910644659	300	25.562581172214053	0.0	157671	3088.208259	0.3
1860.5858213770837	300	26.481950859596108	0.0	157812	3080.63031262	0.3
1863.7885657657941	300	27.279206470885573	0.0	163927	3202.74438871	0.3
1870.5009049427717	750	24.566867293908004	0.0	343800	6712.33917698	0.3
1873.4041710513438	300	25.66360118533567	0.0	146754	2903.26610857	-0.15000000000000002
1876.4159074049471	300	26.651864831732514	0.0	153938	3011.7363536	0.3
1879.9549134026793	300	27.112858834000228	0.0	181901	3539.00599773	0.3
1882.1457071398613	300	28.922065096818226	0.0	111155	2190.79373718	0.3
1884.9421728783145	300	30.12559935836504	0.0	153605	2796.46573845	0.3
1887.690060574582	300	31.37771166209743	0.0	149029	2747.88769627	0.3
1890.789160450497	300	32.278611786182374	0.0	157421	3099.09987592	0.3
1912.1236145917605	1850	14.944157644919088	0.0	954453	21334.4541413	0.30000000000000004
1914.9058976936078	300	16.161874543071928	0.0	143881	2782.28310185	-1.25
1918.0635923925063	300	17.004179844173358	0.0	163444	3157.6946989	0.3
1921.537266156767	300	17.530506079912644	0.0	179328	3473.67376426	0.3
1924.6070766421728	300	18.460695594506777	0.0	159914	3069.81048541	0.3
1927.1296317764384	300	19.93814046024141	0.0	131610	2522.55513427	0.3
1929.5058827334667	300	21.561889503212974	0.0	124011	2376.25095703	0.3
1932.2542536572616	300	22.813518579418055	0.0	144254	2748.37092379	0.3
1935.115128266114	300	23.95264397056562	0.0	149991	2860.87460885	0.3
1937.940788072095	300	25.126984164584723	0.0	147968	2825.65980598	0.3
1941.0890765854228	300	25.97869565125704	0.0	161857	3148.28851333	0.3
1943.9196783348714	300	27.14809390180851	0.0	145210	2830.60174945	0.3
1947.236256066025	300	27.83151617065491	0.0	172312	3316.57773115	0.3
1950.4236196316353	300	28.644152605044688	0.0	167025	3187.36356561	0.3
1953.4646997717493	300	29.6030724649306	0.0	160064	3041.08014011	0.3
1956.1302862568784	300	30.937485979801515	0.0	137507	2665.58648513	0.3
1958.4383137862008	300	32.62945845047918	0.0	118421	2308.02752932	0.3

