17633.69323651582	750	4.0	0.570357742452895	450283	570.357742453	-1.7025382925474482
17633.92859609941	300	7.76464041640922	0.0	155580	235.359583591	-0.15000000000000002
17634.358911090018	750	11.334325425802144	0.0	350812	430.314990607	0.3
17634.605861279644	300	15.087375236172905	0.0	155432	246.950189629	-0.15000000000000002
17634.882539428287	300	18.810697087528933	0.0	163442	276.678148644	0.3
17635.11450946484	300	22.578727050977136	0.0	126289	231.970036552	0.3
17635.3789772075	300	26.31425930831382	0.0	153295	264.467742663	0.3
17635.66817863347	300	30.02505788234249	0.0	173849	289.201425971	0.3
17635.929535712934	300	33.76370080287618	0.0	150710	261.357079466	0.3
17636.15606403364	300	37.537172482172835	0.0	139105	226.528320703	0.3
17636.38449725164	300	41.308739264170704	0.0	141840	228.433218002	0.3
17636.627903555396	300	45.065332960415795	0.0	156148	243.406303755	0.3
17637.112213497643	750	48.5810230181686	0.0	386351	484.309942247	0.3
17637.413179669486	300	52.280056846327696	0.0	179801	300.966171841	-0.15000000000000002
17637.7502925629	300	55.94294395291037	0.0	140051	337.112893417	0.3
17638.08421474573	300	59.60902177008247	0.0	138313	333.922182828	0.3
17638.778473256625	300	59.76556050082037	0.0	143509	343.461269262	0.3
17639.216656588604	1200	59.93186745564916	0.0	581493	333.693045171	0.29999999999999993
17639.552552796853	300	59.776164494926164	0.0	165384	155.702960723	-0.6000000000000001
17639.876548045817	300	59.6642634942058	0.0	140881	111.90100072	0.3
17640.966045315563	300	59.93556198345726	0.0	157671	228.701510749	0.3
17641.98769670597	300	59.81513416775105	0.0	157812	120.427815706	0.3
17643.05022294247	300	59.69448283685003	0.0	163927	120.651330901	0.3
17644.157094478436	300	59.57148452166967	0.0	137654	122.99831518	0.3
17644.82664505397	300	59.93914584429312	0.0	146754	132.33867737654475	0.3
17645.72879868757	750	59.71667497657444	0.0	379700	222.470867719	0.3
17646.622338917925	300	59.56974624433619	0.0	181901	146.928732238	-0.15000000000000002
17647.050021416017	300	59.9387107443491	0.0	111155	131.035499987	0.3
17647.822089522306	750	59.66100019025777	0.0	400396	277.710554091	0.3
17648.50564908792	300	59.526899183548636	0.0	149029	134.101006709	-0.15000000000000002
17648.735929073322	300	59.89648847029938	0.0	157421	130.410713249	0.3
17649.0192997102	300	59.76473778793929	0.0	157488	131.75068236	0.3
17649.353197086202	300	59.63359907719416	0.0	143881	131.138710745	0.3
17650.291986045395	300	59.97508393022807	0.0	163444	158.515146966	0.3
17651.23585964027	300	59.853784038902596	0.0	179328	121.299891325	0.3
17652.232080814338	300	59.72646030364373	0.0	159914	127.323735259	0.3
17653.331647319115	750	59.57162577066176	0.0	321064	154.834532982	0.3
17654.115587851782	750	59.86152149022455	0.0	361565	210.10428043720916	0.75
17654.815111071577	300	59.75917800644152	0.0	144254	102.343483783	-0.15000000000000002
17655.555284834452	300	59.64718099300864	0.0	149991	111.997013433	0.3
17656.32135379207	300	59.78873488892161	0.0	147968	358.446104087	0.3
17656.911120404282	300	59.657663009582976	0.0	161857	131.071879339	0.3
17657.56956454249	300	59.51778830691286	0.0	145210	139.87470267	0.3
17657.870935993553	300	59.83638729915238	0.0	172312	181.40100776	0.3
17658.25165903157	300	59.66601100179393	0.0	167025	170.376297358	0.3
17659.328271403934	750	59.94287818593971	0.0	393804	223.132815854	0.3
17660.373269589447	300	59.807118871440245	0.0	137507	135.759314499	-0.15000000000000002
17660.664399105506	750	59.575673548916484	0.0	314107	231.44532252375717	0.3

