8713.639084977234	750	4.0	1.7941535591172395	450283	1794.15355912	-6.964860304204129
8714.177971707679	300	7.46111326955455	0.0	155580	538.886730445	-0.15000000000000002
8714.700565904557	300	10.938519072675655	0.0	139857	522.594196879	0.3
8715.276178655062	300	14.362906322172417	0.0	155432	575.612750503	0.3
8715.893397111038	300	17.745687866196413	0.0	163442	617.218455976	0.3
8716.385666973247	300	21.25341800398854	0.0	126289	492.269862208	0.3
8716.936800280968	300	24.70228469626668	0.0	153295	551.133307722	0.3
8717.553646245859	300	28.085438731377106	0.0	173849	616.84596489	0.3
8718.122904858852	300	31.51618011838356	0.0	150710	569.258612994	0.3
8718.654489487346	300	34.984595489888655	0.0	139105	531.584628495	0.3
8719.837169654735	750	37.80191532250006	0.0	353220	1182.68016739	0.3
8721.65838520183	1200	39.980699775404226	0.0	594078	1821.2155471	0.75
8722.253883399666	300	43.385201577569745	0.0	160746	595.498197834	-0.6000000000000001
8722.937115943174	300	46.70196903405958	0.0	179801	683.23254351	0.3
8723.614173234379	300	50.02491174285536	0.0	140051	677.057291204	0.3
8726.275215794227	1200	51.363869183008426	0.0	587876	2661.04255985	0.29999999999999993
8726.898360442363	300	54.740724534871234	0.0	143509	623.144648137	-0.6000000000000001
8727.547157585946	300	58.09192739128803	0.0	150616	648.797143583	0.3
8728.5123175944	300	59.8904604709752	0.0	165384	701.466920313	0.3
8729.328856258022	300	59.809037683236625	0.0	140881	581.422787739	0.3
8730.123788240435	300	59.72912962997093	0.0	157671	579.908053266	0.3
8732.552193099435	750	59.56743916504317	0.0	399894	2161.690464927757	0.3
8733.337656629257	300	59.502564597169325	0.0	163927	564.874567874	-0.15000000000000002
8735.29084431315	1200	59.5717652361969	0.0	536667	1930.7993609724201	0.29999999999999993
8736.830122421507	300	59.5133203434773	0.0	146754	558.44489272	-0.6000000000000001
8739.282408731196	1200	59.95709379645249	0.0	590335	2056.2265470248035	0.29999999999999993
8740.443293695853	300	59.775681195456485	0.0	181901	681.412600996	-0.6000000000000001
8741.289200516785	300	59.78746396682013	0.0	111155	488.217228636	0.3
8742.368615212865	300	59.621101414928155	0.0	153605	666.362551892	0.3
8743.941119044259	300	59.991875571325714	0.0	149029	629.225843602	0.3
8744.625224659161	300	59.82146175777094	0.0	157421	670.4138135547719	0.3
8745.56585327004	300	59.55749335300452	0.0	157488	763.968404766	0.3
8746.81573525868	300	59.97138246174127	0.0	143881	586.110891263	0.3
8748.135542616626	300	59.843364331456286	0.0	163444	628.0181302849826	0.3
8750.169333805761	750	59.59736335071931	0.0	401088	1246.000980736971	0.3
8751.27245844502	300	59.58419613528846	0.0	159914	513.1672154308569	-0.15000000000000002
8752.26985350643	300	59.54597731649736	0.0	131610	538.218818791099	0.3
8753.074083542653	300	59.56845041969693	0.0	124011	477.5268968	0.3
8753.788670240354	300	59.53500864055703	0.0	144254	533.44177914	0.3
8754.961659228198	300	59.95358660591505	0.0	149991	581.422034642	0.3
8756.213388228849	300	59.82400558219079	0.0	147968	629.5810237242555	0.3
8757.382886985175	300	59.75433019249048	0.0	161857	569.6753897003164	0.3
8758.432785764457	300	59.72979248616375	0.0	145210	524.5377063267299	0.3
8759.735782552172	300	59.5364746287819	0.0	172312	693.3178573818533	0.3
8760.583286982708	300	59.857561878681636	0.0	167025	678.9127501002638	0.3
8761.557786497022	300	59.65410796174312	0.0	160064	703.453916939	0.3
8762.045417317662	300	59.6958153501095	0.0	137507	458.292611634	0.3
8763.455182901153	300	59.70560166286795	0.0	118421	490.213687242	0.3

