10391.976195705432	750	4.0	0.36112285332027105	450283	361.12285332	-0.8028282692771656
10392.14719079978	300	7.8290049056521	0.0	155580	170.995094348	-0.15000000000000002
10392.308989880063	300	11.667205825370482	0.0	139857	161.799080282	0.3
10392.479898412681	300	15.496297292752647	0.0	155432	170.908532618	0.3
10392.6554918065	300	19.32070389893333	0.0	163442	175.593393819	0.3
10392.80935528169	300	23.16684042374306	0.0	126289	153.86347519	0.3
10392.97901393311	300	26.99718177232218	0.0	153295	169.658651421	0.3
10393.160694137232	300	30.815501568200265	0.0	173849	181.680204122	0.3
10393.32884088276	300	34.647354822672746	0.0	150710	168.146745528	0.3
10393.490200135871	300	38.4859955695601	0.0	139105	161.359253113	0.3
10393.65429129604	300	42.32190440939247	0.0	141840	164.091160168	0.3
10393.850925190514	300	46.125270514917055	0.0	156148	196.633894475	0.3
10394.050993535937	300	49.92520216949256	0.0	160746	200.068345424	0.3
10394.265294909383	300	53.7109007960483	0.0	179801	214.301373444	0.3
10394.449905237758	300	57.526290467672816	0.0	140051	184.610328375	0.3
10394.71736190097	300	59.842978328890524	0.0	138313	183.312138782	0.3
10394.936610927798	300	59.73542607769119	0.0	143509	107.552251199	0.3
10395.391641091397	300	59.52375938370615	0.0	150616	211.666693985	0.3
10396.293808802984	300	59.90435726271874	0.0	165384	119.402120987	0.3
10397.219373341039	300	59.79295778899274	0.0	140881	111.399473726	0.3
10398.171924394965	300	59.68376479419318	0.0	157671	109.1929948	0.3
10399.215282739242	300	59.54376465161813	0.0	157812	140.000142575	0.3
10399.82420949461	300	59.900980374784695	0.0	163927	142.784276833	0.3
10400.519338745069	300	59.74648698882317	0.0	137654	154.493385962	0.3
10401.347798229828	300	59.5625751786916	0.0	146754	183.911810132	0.3
10402.083311611987	300	59.72709232492731	0.0	153938	335.482853764	0.3
10402.723329387205	300	59.56709870151425	0.0	181901	159.993623413	0.3
10402.859643697964	300	59.948953622038175	0.0	111155	118.145079476	0.3
10403.061360578426	300	59.816679797448415	0.0	153605	132.27382459	0.3
10403.373174478147	300	59.655994375522766	0.0	149029	160.685421926	0.3
10404.488677654159	750	59.88380702641606	0.0	358218	272.187349107	0.3
10405.567033782307	300	59.726286875794	0.0	157488	157.520150622	-0.15000000000000002
10406.725173164401	300	59.567635173510055	0.0	143881	158.651702284	0.3
10407.79235611891	300	59.99328753616033	0.0	163444	574.3476373497235	0.3
10408.459729825387	300	59.86651834150222	0.0	179328	126.769194658	0.3
10409.280396191527	750	59.68598741434124	0.0	365161	180.530927161	0.3
10410.068091881352	300	59.572707288918075	0.0	131610	113.280125423	-0.15000000000000002
10410.447543743394	300	59.93018914009775	0.0	124011	142.51814882	0.3
10410.911731293372	300	59.77656222171993	0.0	144254	153.626918378	0.3
10411.387759979416	300	59.65332819449887	0.0	149991	123.234027221	0.3
10412.538314891484	300	59.96494806787545	0.0	147968	188.380126623	0.3
10412.670601028489	300	59.83989239209456	0.0	161857	125.05567578089139	0.3
10412.833324737096	300	59.721645768404095	0.0	145210	118.24662369	0.3
10413.049527051053	300	59.59428315388398	0.0	172312	127.36261452	0.3
10413.797339760227	300	59.97629664901485	0.0	167025	117.986504869	0.3
10414.559553969428	300	59.870602646566866	0.0	160064	105.694002448	0.3
10415.333213669237	300	59.77203290003945	0.0	137507	98.5697465274	0.3
10416.1234259933	300	59.674471714647204	0.0	118421	97.5611853922	0.3

