3290.7387599241424	750	4.0	6.913982008880042	450283	6913.98200888	-28.98012263818418
3293.122891009919	300	5.615868914223766	0.0	155580	2384.13108578	-0.15000000000000002
3295.2886815083402	300	7.450078415802264	0.0	139857	2165.79049842	0.3
3297.698250679228	300	9.040509244914684	0.0	155432	2409.56917089	0.3
3300.2246539163116	300	10.51410600783128	0.0	163442	2526.40323708	0.3
3302.191365187741	300	12.54739473640131	0.0	126289	1966.71127143	0.3
3304.567866143161	300	14.170893780981892	0.0	153295	2376.50095542	0.3
3307.338117196017	300	15.40064272812593	0.0	173849	2770.25105286	0.3
3309.7478082553525	300	16.990951668790366	0.0	150710	2409.69105934	0.3
3311.9543050427915	300	18.784454881351383	0.0	139105	2206.49678744	0.3
3314.2026117487358	300	20.536148175407344	0.0	141840	2248.30670594	0.3
3316.6647848376624	300	22.07397508648105	0.0	156148	2462.17308893	0.3
3319.195771508232	300	23.542988415911	0.0	160746	2530.98667057	0.3
3321.952787068581	300	24.785972855561962	0.0	179801	2757.01556035	0.3
3324.101753095235	300	26.63700682890861	0.0	140051	2148.96602665	0.3
3326.2713435635933	300	28.467416360549997	0.0	138313	2169.59046836	0.3
3328.559014701219	300	30.17974522292456	0.0	143509	2287.67113763	0.3
3330.9643901478803	300	31.774369776263203	0.0	150616	2405.37544666	0.3
3333.6193960060405	300	33.119363918103076	0.0	165384	2655.00585816	0.3
3335.881523401435	300	34.85723652270826	0.0	140881	2262.12739539	0.3
3338.356810941978	300	36.38194898216546	0.0	157671	2475.28754054	0.3
3344.4437602455096	750	34.2949996786341	0.0	399894	6086.94930353	0.3
3350.600536462653	750	32.13822346149068	0.0	401853	6156.77621714	0.75
3352.7115667889684	300	34.02719313517489	0.0	137654	2111.03032632	-0.15000000000000002
3354.9549409415167	300	35.78381898262689	0.0	146754	2243.37415255	0.3
3357.3272262939718	300	37.4115336301718	0.0	153938	2372.28535246	0.3
3360.1328065254575	300	38.605953398686054	0.0	181901	2805.58023149	0.3
3361.877366541874	300	40.86139338226979	0.0	111155	1744.56001642	0.3
3364.2562145362467	300	42.48254538789699	0.0	153605	2378.84799437	0.3
3366.584563699484	300	44.15419622466013	0.0	149029	2328.34916324	0.3
3369.144491800615	300	45.59426812352911	0.0	157421	2559.92810113	0.3
3371.696631165119	300	47.042128759025175	0.0	157488	2552.1393645	0.3
3373.980748000269	300	48.75801192387475	0.0	143881	2284.11683515	0.3
3376.56409963785	300	50.17466028629401	0.0	163444	2583.35163758	0.3
3379.3285279685924	300	51.41023195555162	0.0	179328	2764.42833074	0.3
3381.8036042810922	300	52.935155643051885	0.0	159914	2475.0763125	0.3
3383.87923727022	300	54.859522653923925	0.0	131610	2075.63298913	0.3
3385.8396448579015	300	56.89911506624254	0.0	124011	1960.40758768	0.3
3388.128469160219	300	58.610290763925164	0.0	144254	2288.82430232	0.3
3391.0248269477793	300	59.71393297636491	0.0	149991	2396.35778756	0.3
3394.83488143123	300	59.90387849291436	0.0	147968	2310.05448345055	0.3
3398.8059048701757	300	59.9328550539683	0.0	161857	2471.0234389460575	0.3
3401.747696325329	300	59.73252280384765	0.0	145210	2200.33225012	0.3
3405.8967238826785	300	59.5834952464977	0.0	172312	2649.02755735	0.3
3409.9107216010707	300	59.56949752810508	0.0	167025	2513.997718392619	0.3
3413.8083780459538	300	59.67184108322194	0.0	160064	2397.6564448831346	0.3
3417.411555875074	300	59.61132263149084	0.0	137507	2060.51845173	0.3
3419.5287537910667	300	59.784053362189084	0.0	118421	1827.2692693	0.3

