1664.3299548046716	750	4.0	7.63823446021022	450283	7638.23446021	-32.09440817890395
1665.999553650123	300	6.33040115454859	0.0	155580	1669.59884545	-0.15000000000000002
1667.5437461450097	300	8.786208659661966	0.0	139857	1544.19249489	0.3
1669.308858682257	300	11.021096122414715	0.0	155432	1765.11253725	0.3
1671.1608114546127	300	13.169143350059182	0.0	163442	1851.95277236	0.3
1672.777843426875	300	15.552111377796914	0.0	126289	1617.03197226	0.3
1675.1563984238087	300	17.17355638086325	0.0	153295	2378.55499693	0.3
1677.6833466729315	300	18.646608131740425	0.0	173849	2526.94824912	0.3
1679.3170468008686	300	21.012908003803204	0.0	150710	1633.70012794	0.3
1680.8311086169174	300	23.498846187754456	0.0	139105	1514.06181605	0.3
1682.3733661057809	300	25.95658869889097	0.0	141840	1542.25748886	0.3
1684.0758900620724	300	28.254064742599596	0.0	156148	1702.52395629	0.3
1685.8280379387556	300	30.501916865916158	0.0	160746	1752.14787668	0.3
1687.778403984415	300	32.55155082025681	0.0	179801	1950.36604566	0.3
1689.3356214066948	300	34.99433339797714	0.0	140051	1557.21742228	0.3
1693.825723139577	750	34.5042316650951	0.0	366214	4490.10173288	0.3
1698.0819026431031	300	34.248052161568694	0.0	143509	4256.17950353	-0.15000000000000002
1700.6141950731467	300	35.71575973152528	0.0	150616	2532.29243004	0.3
1703.3342105557165	300	36.99574424895545	0.0	165384	2720.01548257	0.3
1705.0177549920668	300	39.31219981260505	0.0	140881	1683.54443635	0.3
1706.8924076054343	300	41.43754719923773	0.0	157671	1874.65261337	0.3
1708.7890128109648	300	43.54094199370721	0.0	157812	1896.60520553	0.3
1710.8546601204562	300	45.47529468421588	0.0	163927	2065.64730949	0.3
1714.9711743386752	750	45.3587804659971	0.0	343800	4116.51421822	0.3
1716.6759063482339	300	47.6540484564383	0.0	146754	1704.73200956	-0.15000000000000002
1718.4601733262207	300	49.869781478451564	0.0	153938	1784.26697799	0.3
1720.5308691969853	300	51.799085607686756	0.0	181901	2070.69587076	0.3
1721.824742660601	300	54.505212144071294	0.0	111155	1293.87346362	0.3
1723.5821933679795	300	56.74776143669283	0.0	153605	1757.45070738	0.3
1725.2970620110325	300	59.032892793639704	0.0	149029	1714.86864305	0.3
1728.6067910874267	300	59.723163717245654	0.0	157421	1809.72907639	0.3
1732.379046881733	300	59.9509079229394	0.0	157488	1772.2557943062538	0.3
1736.1446228023312	300	59.84178323127566	0.0	143881	1609.12469166	0.3
1738.9294450206128	300	59.98759773660222	0.0	163444	1854.18549467	0.3
1742.9503072111502	300	59.966735546064854	0.0	179328	2020.86219054	0.3
1747.361357644279	300	59.5556851129361	0.0	159914	1911.0504331287616	0.3
1751.017636748567	300	59.899406008648135	0.0	131610	1656.2791042879592	0.3
1754.4785646223518	300	59.76835629753678	0.0	124011	1631.04971111	0.3
1758.7307961893473	300	59.516124730541094	0.0	144254	3752.2315669956915	0.3
1762.3641123040013	300	59.88280861588706	0.0	149991	1633.31611465	0.3
1766.3292841498296	300	59.917636770058785	0.0	147968	2465.1718458282694	0.3
1770.3130475333433	300	59.93387338654493	0.0	161857	2483.763383513858	0.3
1773.4035342675948	300	59.77081055625186	0.0	145210	1663.06283029	0.3
1775.6831288027731	300	59.8047252406419	0.0	172312	1966.08531561	0.3
1780.8890678982007	300	58.59878614521428	0.0	167025	5205.939095427621	0.3
1783.7425555519062	300	59.74529849150884	0.0	160064	1853.48765371	0.3
1787.5826097582883	300	59.64173937266841	0.0	137507	1603.55911884	0.3
1789.8747499882384	300	59.82391680146442	0.0	118421	1317.8225712	0.3

