9783.675514142526	750	4.0	3.665937941738852	450283	3665.93794174	-15.013533149477063
9786.806070120574	750	4.86944402195129	0.0	398865	3130.55597805	0.75
9787.920288577843	300	7.755225564682489	0.0	139857	1114.21845727	-0.15000000000000002
9789.149681480954	300	10.525832661572853	0.0	155432	1229.39290311	0.3
9790.438411482512	300	13.237102660015497	0.0	163442	1288.73000156	0.3
9791.455694512833	300	16.2198196296929	0.0	126289	1017.28303032	0.3
9792.673408819965	300	19.00210532256162	0.0	153295	1217.71430713	0.3
9794.04366939324	300	21.631844749284824	0.0	173849	1370.26057328	0.3
9800.24727119352	1850	19.428242949005664	0.0	852833	6203.60180028	0.30000000000000004
9801.303864029747	300	22.37165011278063	0.0	139105	1056.59283623	-1.25
9802.36913669027	300	25.306377452256175	0.0	141840	1065.27266052	0.3
9803.533797966324	300	28.14171617620166	0.0	156148	1164.66127605	0.3
9804.730398636717	300	30.945115505807802	0.0	160746	1196.60067039	0.3
9806.059362325628	300	33.61615181689806	0.0	179801	1328.96368891	0.3
9807.148800863213	300	36.52671327931236	0.0	140051	1089.43853759	0.3
9808.2285236704	300	39.44699047212616	0.0	138313	1079.72280719	0.3
9810.916600859384	750	40.75891328314319	0.0	360831	2688.07718898	0.3
9812.23550879269	300	43.44000534983802	0.0	150616	1318.90793331	-0.15000000000000002
9813.793464655264	300	45.88204948726368	0.0	165384	1557.95586257	0.3
9820.975858945289	1850	42.69965519723858	0.0	923755	7182.39429003	0.30000000000000004
9825.361041341233	1200	42.31447280129227	0.0	601738	4385.18239595	0.5499999999999999
9826.57245736418	300	45.10305677834735	0.0	157812	1211.41602294	-0.6000000000000001
9827.923994212058	300	47.751519930466465	0.0	163927	1351.53684788	0.3
9829.08803164393	300	50.587482498595826	0.0	137654	1164.03743187	0.3
9830.323732381119	300	53.35178176140879	0.0	146754	1235.70073719	0.3
9831.616007754063	300	56.059506388464285	0.0	153938	1292.27537294	0.3
9835.519508976939	750	56.15600516558856	0.0	425781	3903.50122288	0.3
9836.617875861117	300	59.057638281408266	0.0	111155	1098.36688418	-0.15000000000000002
9839.908300706122	300	59.76721343640434	0.0	153605	1290.424845	0.3
9842.604636433638	300	59.668407825313416	0.0	149029	1098.80561109	0.3
9844.36808388177	300	59.545449159459885	0.0	157421	1122.95866585	0.3
9848.204892613227	300	59.70864042800372	0.0	157488	1336.80873146	0.3
9852.35626538865	300	59.557267652580755	0.0	143881	1151.3727754229596	0.3
9855.646128867318	300	59.85667105782482	0.0	163444	1200.59659476	0.3
9858.17334798084	300	59.84769494302096	0.0	179328	1508.9761148	0.3
9859.650703338888	300	59.57813876335643	0.0	159914	1269.55617966	0.3
9863.665594468928	300	59.563247633314504	0.0	131610	1014.89113004	0.3
9867.629329986652	300	59.59951211559073	0.0	124011	963.7355177237772	0.3
9870.530373354008	300	59.87220334498647	0.0	144254	1227.3087706	0.3
9872.816339473506	300	59.77608758361315	0.0	149991	1596.11576137	0.3
9876.869855749053	300	59.72257130806556	0.0	147968	1053.51627555	0.3
9881.017703429394	300	59.5747236277262	0.0	161857	1147.8476803393676	0.3
9884.747405466162	300	59.53547976634853	0.0	145210	1039.24386138	0.3
9887.826337208819	300	59.5512429827151	0.0	172312	1484.23678363	0.3
9889.383198545103	300	59.78015979408503	0.0	167025	1271.08318863	0.3
9893.592258051318	300	59.57110028787222	0.0	160064	1209.05950621	0.3
9897.614451895346	300	59.54890644384246	0.0	137507	1022.193844029763	0.3
9900.601622786146	300	59.69383674739141	0.0	118421	855.069696451	0.3

