4355.390320507195	750	4.0	7.763244651952461	450283	7763.24465195	-32.63195200339558
4360.275508630362	300	4.0	0.8851881231671559	155580	4885.18812317	-3.9563089296187703
4366.2544349806685	300	4.0	1.9789263503058865	139857	5978.92635031	-8.209383306315312
4369.590407748408	300	4.664027232259754	0.0	155432	3335.97276774	0.3
4371.547903753937	300	6.706531226731398	0.0	163442	1957.49600553	0.3
4372.382914566074	300	9.871520414595475	0.0	126289	835.010812136	0.3
4373.343177496132	300	12.911257484537321	0.0	153295	960.262930058	0.3
4374.398068135945	300	15.856366844723746	0.0	173849	1054.89063981	0.3
4375.247241979646	300	19.007193001023587	0.0	150710	849.1738437	0.3
4375.752858564955	300	22.501576415714233	0.0	139105	505.616585309	0.3
4376.258078253551	300	25.996356727119302	0.0	141840	505.219688595	0.3
4376.819627046656	300	29.434807934014135	0.0	156148	561.548793105	0.3
4377.417671641495	300	32.83676333917456	0.0	160746	598.04459484	0.3
4378.79971397182	750	35.454721008850036	0.0	434409	1382.04233032	0.3
4379.284138290394	300	38.97029669027575	0.0	140051	484.424318574	-0.15000000000000002
4379.760039395979	300	42.49439558469058	0.0	138313	475.901105585	0.3
4380.25122110976	300	46.003213870910486	0.0	143509	491.18171378	0.3
4380.765140118709	300	49.4892948619615	0.0	150616	513.919008949	0.3
4381.321605178038	300	52.93282980263169	0.0	165384	556.46505933	0.3
4383.464798303244	1200	54.78963667742646	0.0	586839	2143.19312521	0.29999999999999993
4384.052430388806	300	58.20200459186406	0.0	157671	587.632085562	-0.6000000000000001
4385.52518504313	300	59.613804531483666	0.0	157812	588.20006038	0.3
4387.731680226219	750	59.61833423690928	0.0	401853	1495.4702945743861	0.3
4388.488414419052	300	59.69547958475093	0.0	137654	422.854652158	-0.15000000000000002
4390.160147300945	300	59.681552914141825	0.0	146754	513.926670609	0.3
4391.475061441498	300	59.61849894950712	0.0	153938	563.053964634703	0.3
4392.726974871086	300	59.5279723226721	0.0	181901	590.5266268350224	0.3
4393.513500748569	300	59.6109027853069	0.0	111155	417.069537365	0.3
4394.223588492138	300	59.59958708358176	0.0	153605	511.315701725	0.3
4395.729900175164	300	59.57581726299068	0.0	149029	523.769820591	0.3
4397.0454406577055	300	59.60531795293787	0.0	157421	470.4993100528179	0.3
4398.069947247548	300	59.535085244259825	0.0	157488	570.2327086780416	0.3
4398.83060991597	300	59.58239085063196	0.0	143881	452.694393628	0.3
4400.208181355358	300	59.98708926833477	0.0	163444	595.301582297	0.3
4401.728811090975	300	59.9944093290717	0.0	179328	992.6799392630726	0.3
4403.539113974693	300	59.55223278539003	0.0	159914	942.1765436816632	0.3
4405.176048936667	300	59.59382847442057	0.0	131610	958.4043109694708	0.3
4406.128650318798	300	59.54129310885734	0.0	124011	552.535365563	0.3
4407.413706398325	300	59.78829807737739	0.0	144254	1252.9950314799487	0.3
4408.951200203759	300	59.730581698684816	0.0	149991	557.716378693	0.3
4411.00249483889	300	59.83532309448965	0.0	147968	1395.2586041951658	0.3
4411.8918633859785	300	59.924656836413604	0.0	161857	410.666258076	0.3
4413.184622711463	300	59.71262831817698	0.0	145210	712.0285182366199	0.3
4414.318199059577	300	59.577205547744285	0.0	172312	635.4227704326953	0.3
4415.45178026499	300	59.69449173387861	0.0	167025	882.7138138656786	0.3
4420.108274807365	1850	59.03799719150329	0.0	982064	4656.494542375316	0.30000000000000004
4420.7217408985025	300	59.524445112895364	0.0	137507	513.5520786079218	-1.25
4422.54299646311	300	59.69577433685617	0.0	118421	828.670776039	0.3

