4640.902214187052	750	4.0	4.547632419707416	450283	4547.63241971	-18.804819404741885
4642.447240199139	300	6.454973987913645	0.0	155580	1545.02601209	-0.15000000000000002
4644.013621026946	300	8.888593160106598	0.0	139857	1566.38082781	0.3
4647.845936352261	750	9.056277834791517	0.0	382355	3832.31532532	0.3
4649.4250097435715	300	11.477204443480469	0.0	163442	1579.07339131	-0.15000000000000002
4650.6792073847855	300	14.223006802265752	0.0	126289	1254.19764121	0.3
4652.0302028496835	300	16.872011337368455	0.0	153295	1350.9954649	0.3
4653.579690675763	300	19.32252351128836	0.0	173849	1549.48782608	0.3
4654.820053983388	300	22.082160203664348	0.0	150710	1240.36330762	0.3
4655.8758086905855	300	25.026405496467113	0.0	139105	1055.7547072	0.3
4656.921540484316	300	27.98067370273598	0.0	141840	1045.73179373	0.3
4659.964097465932	750	28.938116721120288	0.0	405134	3042.55698162	0.3
4662.552588719657	750	30.34962546739513	0.0	386351	2588.49125373	0.75
4663.929568064697	300	32.972646122355755	0.0	179801	1376.97934504	-0.15000000000000002
4664.936455114911	300	35.965759072141935	0.0	140051	1006.88705021	0.3
4666.030372188	300	38.87184199905351	0.0	138313	1093.91707309	0.3
4667.1749653338575	300	41.7272488531962	0.0	143509	1144.59314586	0.3
4670.269784034182	750	42.63243015287195	0.0	372963	3094.81870032	0.3
4672.554956205412	300	44.34725798164116	0.0	165384	2285.17217123	-0.15000000000000002
4674.018711120011	300	46.88350306704159	0.0	140881	1463.7549146	0.3
4675.571972973208	300	49.33024121384466	0.0	157671	1553.2618532	0.3
4677.046274057868	300	51.855940129184674	0.0	157812	1474.30108466	0.3
4678.437609717305	300	54.46460446974687	0.0	163927	1391.33565944	0.3
4679.886935300184	300	57.01527888686871	0.0	137654	1449.32558288	0.3
4681.135898896531	300	59.76631529052082	0.0	146754	1248.96359635	0.3
4682.464445537679	300	59.54420053453996	0.0	153938	1222.11475598	0.3
4688.9628345528745	1200	57.045811519344014	0.0	696376	6498.389015195945	0.29999999999999993
4690.151151208756	300	59.779563641585106	0.0	111155	766.247877759	-0.6000000000000001
4691.923605367466	300	59.75437095129139	0.0	153605	1525.1926902937096	0.3
4694.123864694192	300	59.88287202213607	0.0	149029	1371.4989291553236	0.3
4696.0745637658	300	59.75140268511744	0.0	157421	1131.4693370186278	0.3
4697.546652095197	300	59.69597338771447	0.0	157488	1055.4292974029713	0.3
4700.251428446513	750	59.60591472805261	0.0	369834	2590.0586596618623	0.3
4702.257213584562	300	59.506381004855726	0.0	163444	1099.5337232	-0.15000000000000002
4705.921274021142	750	59.842320568275056	0.0	401088	3664.0604365806757	0.3
4707.444434344905	300	59.55089633210999	0.0	159914	1291.4242361650636	-0.15000000000000002
4712.050003977577	750	58.945326699437054	0.0	321064	4605.569632672937	0.3
4714.320420090776	300	59.82377150297281	0.0	124011	1621.5551964642445	-0.15000000000000002
4717.139178527572	300	59.60882274294224	0.0	144254	2214.948760030573	0.3
4719.623155698063	300	59.60373899607952	0.0	149991	2005.0837468627208	0.3
4722.639821270497	300	59.74985292167587	0.0	147968	1853.8860744036504	0.3
4724.83543670786	300	59.8184349520104	0.0	161857	1431.417969665472	0.3
4726.712315420094	300	59.73209432974202	0.0	145210	1586.3406222683823	0.3
4728.624696334906	300	59.61667291731881	0.0	172312	1615.4214124232092	0.3
4730.262122627533	300	59.6414395221994	0.0	167025	1475.2333951194094	0.3
4732.7314312393755	300	59.53838166503203	0.0	160064	1603.0578571673718	0.3
4734.264050267059	300	59.560697528528095	0.0	137507	977.6841365039375	0.3
4735.378901900953	300	59.590239157171446	0.0	118421	970.4583713566473	0.3

