10247.327139766676	750	4.0	7.1846448288553555	450283	7184.64482886	-30.14397276407803
10249.477672220366	300	5.8494675463096515	0.0	155580	2150.53245369	-0.15000000000000002
10250.147133260352	300	9.180006506322297	0.0	139857	669.461039987	0.3
10250.9735543047	300	12.353585461973802	0.0	155432	826.421044348	0.3
10251.882946957547	300	15.444192809126317	0.0	163442	909.392652847	0.3
10252.593721759322	300	18.733418007353205	0.0	126289	710.774801773	0.3
10254.721755162684	750	20.60538460398979	0.0	352642	2128.03340336	0.3
10255.708251496397	300	23.618888270276248	0.0	173849	986.496333714	-0.15000000000000002
10256.55107114166	300	26.77606862501442	0.0	150710	842.819645262	0.3
10257.405639366054	300	29.921500400620594	0.0	139105	854.568224394	0.3
10272.047898803943	1850	19.279240962729194	0.0	939819	14642.2594379	0.30000000000000004
10274.348476519814	750	20.978663246858655	0.0	405134	2300.57771587	-0.3500000000000001
10275.2190342918	300	24.108105474872083	0.0	160746	870.557771987	-0.15000000000000002
10276.346952761343	300	26.980187005329757	0.0	179801	1127.91846954	0.3
10277.152276772476	300	30.174862994194907	0.0	140051	805.324011135	0.3
10278.070069741594	300	33.25707002507831	0.0	138313	917.792969117	0.3
10279.02754310594	300	36.29959666073187	0.0	143509	957.473364346	0.3
10279.928771605093	300	39.39836816157741	0.0	150616	901.228499154	0.3
10281.830894027938	300	41.49624573873064	0.0	165384	1902.12242285	0.3
10283.953104824015	300	43.374034942653374	0.0	140881	2122.21079608	0.3
10285.176974554348	300	46.150165212320786	0.0	157671	1223.86973033	0.3
10287.523843818999	300	47.803295947670364	0.0	157812	2346.86926465	0.3
10291.020952981278	750	48.3061867853925	0.0	401853	3497.10916228	0.3
10291.160946334914	300	52.16619343175688	0.0	137654	139.993353636	-0.15000000000000002
10291.30490571582	300	56.02223405084938	0.0	146754	143.959380908	0.3
10291.451996079137	300	59.875143687532955	0.0	153938	147.090363316	0.3
10291.920052017555	300	59.715866288985346	0.0	181901	159.277398548	0.3
10292.5762130593	750	59.50217503804888	0.0	277716	213.691250936	0.3
10292.792598716902	300	59.82521710465006	0.0	153605	176.957933399	-0.15000000000000002
10293.832491695925	300	59.53498447724113	0.0	149029	790.232627409	0.3
10294.922839868503	300	59.57464056675851	0.0	157421	960.3439104826205	0.3
10295.895382928351	300	59.863371167882725	0.0	157488	211.269398876	0.3
10296.894884401756	300	59.70425726166763	0.0	143881	159.113906215	0.3
10297.997935608799	300	59.53292544173957	0.0	163444	171.331819928	0.3
10301.631847712844	300	59.641829083274644	0.0	179328	2891.0963584649307	0.3
10303.589070231104	300	59.99462569693521	0.0	159914	1647.2033863394329	0.3
10305.569116011538	300	59.6196123726783	0.0	131610	1375.0133242569157	0.3
10306.623659294122	300	59.85485695947372	0.0	124011	764.7554132045773	0.3
10307.699260422592	300	59.92195032992948	0.0	144254	932.9066295442409	0.3
10326.82259588389	300	44.79861486863162	0.0	149991	19123.335461297866	0.3
10327.11832412416	300	48.502886628363356	0.0	147968	295.728240268	0.3
10328.117254079652	1200	51.503956672870295	0.0	641452	998.9299554930657	0.29999999999999993
10328.398740494651	300	55.22247025787085	0.0	145210	281.486414999	-0.6000000000000001
10328.717832341918	300	58.90337841060563	0.0	172312	319.091847265	0.3
10330.022610480644	300	59.5916225503668	0.0	167025	311.755860239	0.3
10331.335474329426	750	59.6417017652201	0.0	393804	449.92078514670663	0.3
10332.24191109254	300	59.82995491548	0.0	137507	311.7468497400882	-0.15000000000000002
10333.249843937807	300	59.583333449534436	0.0	118421	246.621465946	0.3

