4846.536127345641	750	4.0	2.3888501576206145	450283	2388.85015762	-9.522055677768641
4849.243513076815	750	5.292614268825331	0.0	398865	2707.38573117	0.75
4850.174892955224	300	8.36123439041699	0.0	139857	931.379878408	-0.15000000000000002
4851.242365702897	300	11.29376164274468	0.0	155432	1067.47274767	0.3
4852.281585769107	300	14.25454157653487	0.0	163442	1039.22006621	0.3
4853.026001270062	300	17.510126075579	0.0	126289	744.415500956	0.3
4853.828792570823	300	20.7073347748187	0.0	153295	802.79130076	0.3
4854.71791602949	300	23.818211316151903	0.0	173849	889.123458667	0.3
4855.460477902522	300	27.07564944311925	0.0	150710	742.561873033	0.3
4856.100425572845	300	30.435701772796214	0.0	139105	639.947670323	0.3
4857.541440281681	750	32.99468706395968	0.0	353220	1441.01470884	0.3
4858.122939338247	300	36.41318800739378	0.0	156148	581.499056566	-0.15000000000000002
4858.715748227921	300	39.82037911772089	0.0	160746	592.808889673	0.3
4859.359244202692	300	43.17688314294958	0.0	179801	643.495974771	0.3
4859.832512964254	300	46.70361438138757	0.0	140051	473.268761562	0.3
4860.205529581268	300	50.33059776437334	0.0	138313	373.016617014	0.3
4861.184865044247	750	53.35126230139467	0.0	360831	979.335462979	0.3
4863.035267580923	750	55.500859764719	0.0	372963	1850.40253668	0.75
4863.959844517503	300	58.576282828138616	0.0	165384	924.57693658	-0.15000000000000002
4865.386872437206	300	59.751552533028146	0.0	140881	824.73029511	0.3
4868.2824416962085	750	59.501416715822884	0.0	386472	2250.1358172052646	0.3
4869.4019933878235	300	59.6433575909142	0.0	157812	858.059124908678	-0.15000000000000002
4870.31530042909	300	59.769950353634286	0.0	163927	873.4072372799118	0.3
4871.666102488715	300	59.71949922581474	0.0	137654	550.45112782	0.3
4873.0541514085	300	59.623650231825074	0.0	146754	595.8489939896717	0.3
4874.297790463396	300	59.60293066727467	0.0	153938	520.7195645504041	0.3
4876.406626173298	750	59.612972557496875	0.0	425781	1489.9581097777884	0.3
4877.443093295882	750	59.85417779626653	0.0	277716	758.7947612303446	0.75
4878.914893642623	300	59.85461380357315	0.0	153605	499.563992693	-0.15000000000000002
4880.63678433503	300	59.63928663439353	0.0	149029	715.3271691796191	0.3
4881.26254070611	300	59.51619021046768	0.0	157421	623.0964239258515	0.3
4881.978496726856	300	59.832542173671094	0.0	157488	683.648036797	0.3
4882.761094738914	300	59.6588971596171	0.0	143881	673.645014054	0.3
4884.691503474732	300	59.701669290709646	0.0	163444	957.227868907	0.3
4885.396054218249	300	59.53548435240613	0.0	179328	666.1849383035119	0.3
4886.456674412591	300	59.969857157842	0.0	159914	565.627194564	0.3
4888.714448149846	750	59.523466789104184	0.0	321064	1446.3903687378154	0.3
4889.872983555683	300	59.549390770443914	0.0	124011	474.0760186602696	-0.15000000000000002
4890.705320139803	300	59.876952171972064	0.0	144254	672.438598471845	0.3
4891.890062096944	300	59.801530186225456	0.0	149991	1075.4219857466092	0.3
4895.030036782308	750	59.726202829240776	0.0	345516	3075.3273569846824	0.3
4897.291799205192	300	59.823645281988995	0.0	161857	1402.557547251781	-0.15000000000000002
4899.073725920232	300	59.72128436228466	0.0	145210	1102.3609197043338	0.3
4901.0353122509	300	59.774274094618825	0.0	172312	1447.0102676658348	0.3
4902.939671436696	300	59.62438253322171	0.0	167025	1649.8915613971212	0.3
4904.696132890786	300	59.518885618375435	0.0	160064	1605.4969148462742	0.3
4906.4576819100985	300	59.658593378341386	0.0	137507	860.292240034	0.3
4907.547269194241	300	59.96592812590945	0.0	118421	692.6652524319359	0.3

