17281.497573617537	750	4.0	1.3593178187470316	450283	1359.31781875	-5.0950666206122355
17282.11495974076	300	7.382613876775615	0.0	155580	617.386123224	-0.15000000000000002
17282.57750157845	300	10.920072039086648	0.0	139857	462.541837689	0.3
17282.96642323354	300	14.53115038399305	0.0	155432	388.921655094	0.3
17283.37126479224	300	18.126308825293375	0.0	163442	404.8415587	0.3
17283.704872657985	300	21.79270095954977	0.0	126289	333.607865744	0.3
17284.146268308363	300	25.35130530916962	0.0	153295	441.39565038	0.3
17284.63612037414	300	28.86145324339488	0.0	173849	489.852065775	0.3
17285.06484694145	300	32.43272667608591	0.0	150710	428.726567309	0.3
17285.45647517404	300	36.04109844349326	0.0	139105	391.628232593	0.3
17285.854230456098	300	39.64334316143336	0.0	141840	397.75528206	0.3
17286.281460371178	300	43.21611324635307	0.0	156148	427.22991508	0.3
17286.71187469329	300	46.78569892424181	0.0	160746	430.414322111	0.3
17287.183827497898	300	50.31374611963127	0.0	179801	471.952804611	0.3
17288.00170297542	750	53.49587064211206	0.0	337059	817.875477519	0.3
17288.384863061994	300	57.11271055553434	0.0	138313	383.160086578	-0.15000000000000002
17288.930447323368	300	59.736722056453985	0.0	143509	375.98849908	0.3
17290.24645988209	300	59.84401365823951	0.0	150616	392.708398214	0.3
17291.422911230067	300	59.92194006450396	0.0	165384	422.07359373555306	0.3
17292.794130900165	300	59.53951910657595	0.0	140881	382.42095792800967	0.3
17293.920711783947	300	59.63862802077293	0.0	157671	400.8910858030179	0.3
17294.896208995506	300	59.71672431397953	0.0	157812	421.90370679339867	0.3
17295.72325192975	300	59.74499959924149	0.0	163927	471.724714738	0.3
17296.378031074804	300	59.79476913646686	0.0	137654	450.230462775	0.3
17296.946576963834	300	59.81727053309127	0.0	146754	477.498603376	0.3
17298.37015226357	300	59.85700652605107	0.0	153938	460.26400704	0.3
17300.02330082781	300	59.71158789028139	0.0	181901	645.4186357696851	0.3
17301.184060319458	300	59.82607310868958	0.0	111155	385.5147815918151	0.3
17302.508129884733	300	59.74166068108155	0.0	153605	584.4124276080262	0.3
17304.049967530515	300	59.51907042702247	0.0	149029	722.5902540590828	0.3
17304.97333980092	300	59.91650798768122	0.0	157421	602.5624393412405	0.3
17305.797160188464	300	59.86150270944265	0.0	157488	555.005278239	0.3
17306.562701999646	300	59.79313935850182	0.0	143881	568.363350941	0.3
17308.519267218493	300	59.79844597920073	0.0	163444	994.6933793010936	0.3
17309.923579262406	300	59.97822587701803	0.0	179328	820.2201021826884	0.3
17311.809905184993	300	59.522108886588775	0.0	159914	956.1169904292632	0.3
17313.831223255384	300	59.65205431747283	0.0	131610	1370.0545691159396	0.3
17315.382375657737	300	59.64710986693268	0.0	124011	1004.9444505401472	0.3
17320.04339664211	1200	58.98608888255784	0.0	605884	4661.020984374846	0.29999999999999993
17321.63227940504	300	59.64976196918888	0.0	149991	1336.3269133689562	-0.6000000000000001
17322.841306415292	300	59.61702638884108	0.0	147968	1032.7355803477972	0.3
17324.984706608306	300	59.83297200728819	0.0	161857	1284.054381552892	0.3
17327.214256085303	300	59.843370174519166	0.0	145210	1489.601832769022	0.3
17329.174618781995	300	59.9231626482873	0.0	172312	1420.2075262318642	0.3
17330.99411490015	300	59.717992174439985	0.0	167025	1205.1704738473184	0.3
17332.472780457334	300	59.97132221800075	0.0	160064	1246.6699564392354	0.3
17333.991239903928	300	59.743090295075824	0.0	137507	1228.2319229249258	0.3
17335.018342929347	300	59.55465254420077	0.0	118421	688.437750875	0.3

