6497.891229780016	750	4.0	5.954660988755074	450283	5954.66098876	-24.855042251646818
6499.609642925528	300	6.28158685448829	0.0	155580	1718.41314551	-0.15000000000000002
6501.216590394072	300	8.674639385943516	0.0	139857	1606.94746854	0.3
6501.362753314389	300	12.528476465626499	0.0	155432	146.162920317	0.3
6501.512325860727	300	16.378903919288202	0.0	163442	149.572546338	0.3
6501.646083446321	300	20.24514633369504	0.0	126289	133.757585593	0.3
6501.791336707361	300	24.09989307265486	0.0	153295	145.25326104	0.3
6502.17336487083	1200	27.717864909186492	0.0	709534	382.028163468	0.29999999999999993
6502.317517771912	300	31.573712008104494	0.0	150710	144.152901082	-0.6000000000000001
6502.456730759139	300	35.43449902087729	0.0	139105	139.212987227	0.3
6502.597107956999	300	39.29412182301735	0.0	141840	140.37719786	0.3
6502.743575657869	300	43.14765412214711	0.0	156148	146.46770087	0.3
6502.89200059475	300	46.99922918526617	0.0	160746	148.424936881	0.3
6503.753774152723	1850	50.137455627293306	0.0	1036454	861.773557973	0.30000000000000004
6503.950324883241	300	53.94090489677594	0.0	140051	196.550730517	-1.25
6504.14542924658	300	57.745800533436515	0.0	138313	195.104363339	0.3
6504.353913679123	300	59.56598854482398	0.0	143509	179.811988613	0.3
6505.097258586758	300	59.91865231297232	0.0	150616	147.336231852	0.3
6506.497670419175	1850	59.726450734655124	0.0	987708	692.2015783171954	0.30000000000000004
6507.481637200198	300	59.79857247119345	0.0	140881	427.8782634616693	-1.25
6508.442674950114	300	59.80609785501648	0.0	157671	492.474616177	0.3
6509.324170179055	300	59.8096318074155	0.0	157812	496.466047601	0.3
6510.0377477750035	300	59.605357600111134	0.0	163927	204.274207304	0.3
6510.453818420389	750	59.86197397173998	0.0	343800	243.383628371	0.3
6511.389816943217	300	59.94031821883382	0.0	146754	921.6557529061533	-0.15000000000000002
6512.421321575666	300	59.64173728756997	0.0	153938	798.580931264	0.3
6513.299691838798	300	59.77901400659624	0.0	181901	862.7232809737252	0.3
6513.517841386755	300	59.63776272369719	0.0	111155	141.251282899	0.3
6514.323155209094	300	59.98355494505721	0.0	153605	154.20777864	0.3
6515.429891618739	300	59.71573976208331	0.0	149029	267.815182974	0.3
6516.149039439525	300	59.985626465025696	0.0	157421	230.113297058	0.3
6517.0378364073395	300	59.74574524298325	0.0	157488	239.881222042	0.3
6520.03288665949	300	59.53267798979392	0.0	143881	2213.0672531893265	0.3
6522.276563835328	300	59.76183090135575	0.0	163444	1770.8470884381686	0.3
6522.696420420799	300	59.998317652319926	0.0	179328	263.513249036	0.3
6523.269130488975	300	59.750134286449274	0.0	159914	248.183365871	0.3
6523.901326611339	300	59.5562995764203	0.0	131610	193.834710029	0.3
6524.288699740244	300	59.79179371813501	0.0	124011	264.505858285	0.3
6524.7395046629335	300	59.58782489210014	0.0	144254	203.968826035	0.3
6534.899519510258	300	53.427810044775896	0.0	149991	10160.014847324235	0.3
6535.3289436033	300	56.99838595173342	0.0	147968	429.424093042	0.3
6535.839425525239	300	59.54128250927485	0.0	161857	457.10344245856527	0.3
6537.005592055928	300	59.9448884836703	0.0	145210	596.394025605	0.3
6538.140450714774	300	59.87234540678999	0.0	172312	572.5430768803157	0.3
6539.08079541208	300	59.89333084911922	0.0	167025	479.014557671	0.3
6540.609487175866	300	59.56965003704427	0.0	160064	823.6808120749479	0.3
6541.950980237609	300	59.711408982028296	0.0	137507	858.2410550159658	0.3
6544.056432329814	300	59.61030893928908	0.0	118421	1601.1000427392175	0.3

