16848.132365016223	750	4.0	7.871888630800044	450283	7871.8886308	-33.09912111244019
16850.89568967972	300	5.236675336501723	0.0	155580	2763.3246635	-0.15000000000000002
16853.301443557928	300	6.830921458291291	0.0	139857	2405.75387821	0.3
16855.97859232782	300	8.153772688397934	0.0	155432	2677.14876989	0.3
16858.863859175908	300	9.268505840311127	0.0	163442	2885.26684809	0.3
16861.105316306384	300	11.027048709833078	0.0	126289	2241.45713048	0.3
16863.772964567175	300	12.35940044904094	0.0	153295	2667.64826079	0.3
16866.796679834504	300	13.335685181715606	0.0	173849	3023.71526733	0.3
16869.446823297658	300	14.685541718561973	0.0	150710	2650.14346315	0.3
16871.88104675554	300	16.25131826067689	0.0	139105	2434.22345789	0.3
16874.327965955887	300	17.804399060329793	0.0	141840	2446.91920035	0.3
16877.004744331603	300	19.127620684616318	0.0	156148	2676.77837571	0.3
16879.737047231305	300	20.39531778491299	0.0	160746	2732.3028997	0.3
16882.767343888798	300	21.365021127422462	0.0	179801	3030.29665749	0.3
16885.131152122023	300	23.00121289419358	0.0	140051	2363.80823323	0.3
16887.46585904056	300	24.666505975660556	0.0	138313	2334.70691853	0.3
16889.884136937642	300	26.248228078577434	0.0	143509	2418.27789708	0.3
16892.445809829296	300	27.686555186922234	0.0	150616	2561.67289166	0.3
16895.324119175606	300	28.80824584061233	0.0	165384	2878.30934631	0.3
16905.116544357596	1200	23.015820658621845	0.0	586839	9792.42518199	0.29999999999999993
16920.409771235838	1850	11.722593780378363	0.0	891604	15293.2268782	1.2000000000000002
16923.14923748496	300	12.983127531260118	0.0	157812	2739.46624912	-1.25
16926.04282871981	300	14.089536296410285	0.0	163927	2893.59123485	0.3
16928.46392342088	300	15.66844159534068	0.0	137654	2421.09470107	0.3
16931.021158378735	300	17.111206637486283	0.0	146754	2557.23495785	0.3
16933.71362127681	300	18.418743739409962	0.0	153938	2692.46289808	0.3
16936.895682627026	300	19.236682389193593	0.0	181901	3182.06135022	0.3
16938.841826550622	300	21.29053846559629	0.0	111155	1946.1439236	0.3
16941.485071219045	300	22.647293797171898	0.0	153605	2643.24466842	0.3
16944.036338095935	300	24.09602692028197	0.0	149029	2551.26687689	0.3
16946.713778621823	300	25.41858639439518	0.0	157421	2677.44052589	0.3
16949.373940027792	300	26.758424988425055	0.0	157488	2660.16140597	0.3
16951.800203977393	300	28.332161038826655	0.0	143881	2426.2639496	0.3
16954.544197386887	300	29.588167629330353	0.0	163444	2743.9934095	0.3
16957.546095656184	300	30.58626936003629	0.0	179328	3001.89826929	0.3
16960.31207468935	300	31.82029032686815	0.0	159914	2765.97903317	0.3
16962.61892549153	300	33.51343952468749	0.0	131610	2306.85080218	0.3
16972.204524835146	1200	27.927840181070923	0.0	575591	9585.59934362	0.29999999999999993
16974.723776840194	300	29.408588176023155	0.0	144254	2519.25200505	-0.6000000000000001
16977.39248422104	300	30.739880795175562	0.0	149991	2668.70738085	0.3
16980.03722168418	300	32.09514333203516	0.0	147968	2644.73746314	0.3
16982.931303830614	300	33.20106118560142	0.0	161857	2894.08214643	0.3
16985.456070761644	300	34.67629425456893	0.0	145210	2524.76693103	0.3
16988.4015355025	300	35.730829513710795	0.0	172312	2945.46474086	0.3
16991.33612755413	300	36.796237462081876	0.0	167025	2934.59205163	0.3
16994.1597331339	300	37.972631882312285	0.0	160064	2823.60557977	0.3
16996.560877002892	300	39.57148801332279	0.0	137507	2401.14386899	0.3
16998.639845623467	300	41.492519392746345	0.0	118421	2078.96862058	0.3

