12080.103780936803	750	4.0	2.0445119472890374	450283	2044.51194729	-8.041401373342861
12081.032583300193	300	7.07119763660812	0.0	155580	928.802363392	-0.15000000000000002
12081.95202729304	300	10.151753643763232	0.0	139857	919.443992845	0.3
12082.95591609442	300	13.147864842381978	0.0	155432	1003.88880138	0.3
12083.848376344338	300	16.255404592463822	0.0	163442	892.460249918	0.3
12084.456685492769	300	19.64709544403388	0.0	126289	608.30914843	0.3
12085.146417299431	300	22.95736363737178	0.0	153295	689.731806662	0.3
12085.915519267346	300	26.188261669455848	0.0	173849	769.101967916	0.3
12087.68094149491	750	28.422839441893053	0.0	374758	1765.42222756	0.3
12088.373329766782	300	31.730451170020174	0.0	139105	692.388271873	-0.15000000000000002
12089.075191036323	300	35.02858990047879	0.0	141840	701.861269541	0.3
12089.753702882621	300	38.35007805418121	0.0	156148	678.511846298	0.3
12090.457400505715	300	41.64638043108795	0.0	160746	703.697623093	0.3
12091.259438504861	300	44.8443424319413	0.0	179801	802.037999147	0.3
12091.94473937394	300	48.15904156286403	0.0	140051	685.300869077	0.3
12092.605610739029	300	51.49817019777459	0.0	138313	660.871365089	0.3
12093.127151419374	300	54.976629517429224	0.0	143509	521.540680345	0.3
12093.670558530503	300	58.43322240630102	0.0	150616	543.407111128	0.3
12094.746154494334	300	59.760069194879215	0.0	165384	673.153211422	0.3
12095.652008982219	300	59.71336332714142	0.0	140881	546.705867738	0.3
12096.367783406395	300	59.738550425127244	0.0	157671	474.812902014	0.3
12097.807306458522	750	59.59326966014454	0.0	399894	1145.2807649827037	0.3
12098.647849910081	300	59.52461907793681	0.0	163927	568.650582208	-0.15000000000000002
12100.712227609627	750	59.83187666283963	0.0	343800	1192.7424150971774	0.3
12101.988678538237	300	59.767468840759435	0.0	146754	564.4078220801978	-0.15000000000000002
12103.269114732579	300	59.67377229685315	0.0	153938	593.6965439062857	0.3
12104.577962702231	300	59.56271813724454	0.0	181901	611.0541596086146	0.3
12105.57734302906	300	59.6144248788524	0.0	111155	448.2932583921463	0.3
12107.932768743294	750	59.9147555559539	0.0	400396	1199.669322898492	0.3
12110.23858592477	750	59.95772516088359	0.0	400508	1457.0303950703071	0.75
12111.64109973745	300	59.80086164774626	0.0	157421	656.8635131373362	-0.15000000000000002
12112.96466089823	300	59.61140621712876	0.0	157488	689.455430617495	0.3
12114.60479130907	750	59.55839387678855	0.0	369834	1053.0123403402076	0.3
12116.62955059238	750	59.79057327038299	0.0	412837	1767.8206064055578	0.75
12117.667085364788	300	59.57977522263204	0.0	179328	710.798047751	-0.15000000000000002
12119.759834143455	750	59.897269195628205	0.0	365161	1182.5060270038318	0.3
12121.038485885347	300	59.873064700512785	0.0	131610	524.2044951154273	-0.15000000000000002
12122.16728901959	300	59.885386756779056	0.0	124011	487.67794373372686	0.3
12123.47719881022	300	59.74999445671891	0.0	144254	635.3923000601502	0.3
12124.71036746848	300	59.670668872873335	0.0	149991	579.3255838455709	0.3
12125.990092873813	300	59.548227707414625	0.0	147968	622.4411654587059	0.3
12126.934217765038	300	59.847807381740395	0.0	161857	700.4203256742306	0.3
12127.52764588628	300	59.80844560389232	0.0	145210	539.361777848	0.3
12129.015380762714	300	59.95661133737496	0.0	172312	851.834266517	0.3
12130.079191694227	300	59.52365617657459	0.0	167025	432.9551608	0.3
12130.848841624062	300	59.8987590970146	0.0	160064	624.897079559998	0.3
12132.387857612817	300	59.89162752777427	0.0	137507	507.13156924	0.3
12133.79618855531	300	59.7639042662849	0.0	118421	627.7232614893759	0.3

