3679.001210197179	750	4.0	13.9675286502936	450283	13967.5286503	-59.310373196262475
3681.1588985377075	300	5.842311659471188	0.0	155580	2157.68834053	-0.15000000000000002
3683.1907692252453	300	7.810440971933506	0.0	139857	2031.87068754	0.3
3685.4690868648026	300	9.532123332376248	0.0	155432	2278.31763956	0.3
3688.5984888486432	300	10.402721348535419	0.0	163442	3129.40198384	0.3
3691.0758013027234	300	11.925408894455009	0.0	126289	2477.31245408	0.3
3694.2414339233324	300	12.759776273846215	0.0	153295	3165.63262061	0.3
3697.9668593488364	300	13.03435084834243	0.0	173849	3725.4254255	0.3
3701.400539914898	300	13.600670282280738	0.0	150710	3433.68056606	0.3
3705.1088154504796	300	13.892394746698963	0.0	139105	3708.27553558	0.3
3708.4899013345516	300	14.511308862627002	0.0	141840	3381.08588407	0.3
3713.4401847535623	300	13.561025443616279	0.0	156148	4950.28341901	0.3
3722.2953046594375	300	8.705905537741327	0.0	160746	8855.11990587	0.3
3728.411842688006	300	6.589367509172952	0.0	179801	6116.53802857	0.3
3733.230671966732	300	5.770538230446851	0.0	140051	4818.82927873	0.3
3737.9954687178038	300	5.005741479375176	0.0	138313	4764.79675107	0.3
3743.0412896109788	300	4.0	0.040079413799927355	143509	5045.82089318	0.12765852066031236
3748.7450087427233	300	4.0	1.7037191317442875	150616	5703.71913174	-7.025992266500436
3754.9672017949215	300	4.0	2.2221930521982602	165384	6222.1930522	-9.255430124452518
3760.492409868336	300	4.0	1.525208073414392	140881	5525.20807341	-6.258394715681885
3768.984244545152	300	4.0	4.491834676816064	157671	8491.83467682	-19.014889110309074
3777.4000582857057	300	4.0	4.415813740553838	157812	8415.81374055	-18.687999084381502
3784.769763693992	300	4.0	3.3697054082864235	163927	7369.70540829	-14.18973325563162
3791.0758261106707	300	4.0	2.306062416678582	137654	6306.06241668	-9.616068391717903
3797.853109466652	300	4.0	2.777283355981225	146754	6777.28335598	-11.642318430719266
3805.8212461151234	300	4.0	3.9681366484713836	153938	7968.13664847	-16.76298758842695
3814.952380839887	300	4.0	5.13113472476362	181901	9131.13472476	-21.763879316483564
3820.3583491076097	300	4.0	1.405968267722501	111155	5405.96826772	-5.7456635512067535
3827.6723403737365	300	4.0	3.3139912661266306	153605	7313.99126613	-13.95016244434451
3834.9669881981504	300	4.0	3.2946478244138433	149029	7294.64782441	-13.866985644979525
3842.527060139575	300	4.0	3.560071941424667	157421	7560.07194142	-15.008309348126065
3853.872769931237	300	4.0	7.345709791662321	157488	11345.7097917	-31.286552104147976
3863.3297322503868	300	4.0	5.456962319149651	143881	9456.96231915	-23.164937972343495
3869.745215470628	300	4.0	2.4154832202409726	163444	6415.48322024	-10.086577847036182
3876.3178598327945	300	4.0	2.5726443621664785	179328	6572.64436217	-10.762370757315857
3879.2710062570054	300	5.046853575789062	0.0	159914	2953.14642421	0.3
3885.1146714548668	1200	4.0	0.7968116220723068	487812	5843.66519786	-3.1262899749109194
3886.710931905743	300	6.403739549123704	0.0	124011	1596.26045088	-0.6000000000000001
3888.583234676472	300	8.531436778394998	0.0	144254	1872.30277073	0.3
3890.6276414195063	300	10.48703003536071	0.0	149991	2044.40674303	0.3
3892.645553273906	300	12.469118180960798	0.0	147968	2017.9118544	0.3
3894.741839335198	300	14.372832119668802	0.0	161857	2096.28606129	0.3
3899.3918444224187	750	13.722827032448428	0.0	372093	4650.00508722	0.3
3901.673899232257	300	15.440772222610033	0.0	172312	2282.05480984	-0.15000000000000002
3903.856813692592	300	17.257857762275005	0.0	167025	2182.91446034	0.3
3905.7287671204317	300	19.385904334435264	0.0	160064	1871.95342784	0.3
3907.3481897264014	300	21.766481728465408	0.0	137507	1619.42260597	0.3
3908.7539401567183	300	24.360731298148725	0.0	118421	1405.75043032	0.3

