11023.939621303103	750	4.0	3.582057242804898	450283	3582.0572428	-14.65284614406106
11025.432644162127	300	6.50697714097552	0.0	155580	1493.02285902	-0.15000000000000002
11026.810945440579	300	9.128675862524927	0.0	139857	1378.30127845	0.3
11028.23962952579	300	11.699991777314322	0.0	155432	1428.68408521	0.3
11031.880421036241	750	12.05920026686353	0.0	411561	3640.79151045	0.3
11032.98945604025	300	14.950165262855021	0.0	126289	1109.03500401	-0.15000000000000002
11034.14904219404	300	17.790579109064748	0.0	153295	1159.58615379	0.3
11035.65724097577	300	20.2823803273369	0.0	173849	1508.19878173	0.3
11036.726849208657	300	23.212772094450134	0.0	150710	1069.60823289	0.3
11037.740981105453	300	26.19864019765394	0.0	139105	1014.1318968	0.3
11038.944107590178	300	28.99551371292757	0.0	141840	1203.12648473	0.3
11040.014756849816	300	31.924864453289864	0.0	156148	1070.64925964	0.3
11042.96016641833	750	32.97945488477445	0.0	386351	2945.40956852	0.3
11046.043523547836	750	33.89609775527027	0.0	434409	3083.3571295	0.75
11047.089354572456	300	36.85026673065006	0.0	140051	1045.83102462	-0.15000000000000002
11048.295294410642	300	39.644326892464214	0.0	138313	1205.93983819	0.3
11049.463240002691	300	42.476381300415134	0.0	143509	1167.94559205	0.3
11050.690976765854	300	45.24864453725184	0.0	150616	1227.73676316	0.3
11052.006710377873	300	47.93291092523432	0.0	165384	1315.73361202	0.3
11054.569923148429	750	49.3696981546776	0.0	350713	2563.21277056	0.3
11055.879815708877	300	52.0598055942282	0.0	157671	1309.89256045	-0.15000000000000002
11056.99216158586	300	54.94745971724497	0.0	157812	1112.34587698	0.3
11058.15088098922	300	57.78874031388467	0.0	163927	1158.71940336	0.3
11060.347384075814	300	59.59223722728899	0.0	137654	1196.5030866	0.3
11062.169867400093	300	59.63690557290777	0.0	146754	955.3316543812199	0.3
11063.791993308316	300	59.608418453746125	0.0	153938	1028.4871191616471	0.3
11065.773208949448	300	59.7791300277093	0.0	181901	1829.2884260368219	0.3
11067.599320274241	300	59.80253797285954	0.0	111155	976.59205485	0.3
11069.663807298472	300	59.78505409571613	0.0	153605	1517.4838771434054	0.3
11072.395252157812	300	59.622333239589985	0.0	149029	2162.720856126141	0.3
11074.53704112296	300	59.75130075862345	0.0	157421	1871.0324809665353	0.3
11077.280833295343	300	59.844782914521936	0.0	157488	1906.517844101519	0.3
11079.518223397159	300	59.755225027755365	0.0	143881	1589.5578867665654	0.3
11081.809661216459	300	59.7279222256312	0.0	163444	2027.3028021241716	0.3
11084.331350602974	300	59.664645040960366	0.0	179328	1563.2771846708345	0.3
11086.731884668166	300	59.52858410928647	0.0	159914	1636.0609316738953	0.3
11088.569822061376	300	59.55735197944037	0.0	131610	1471.2321298461009	0.3
11090.649654362707	300	59.88478846045795	0.0	124011	1172.5635189824238	0.3
11092.900510935528	300	59.52849456521998	0.0	144254	1356.2938952379602	0.3
11095.032540380982	300	59.604761181285404	0.0	149991	1423.7333839345793	0.3
11097.68995527307	300	59.59520176600177	0.0	147968	1509.5594152836259	0.3
11099.558134637515	300	59.80503982218083	0.0	161857	1290.1619438209425	0.3
11101.24150158149	300	59.89336506050469	0.0	145210	1411.674761676137	0.3
11104.128623970115	300	59.9501499573425	0.0	172312	1943.2151031621943	0.3
11106.258087299873	300	59.732871935194154	0.0	167025	1717.2780221483415	0.3
11108.906920862428	300	59.66954780772285	0.0	160064	1563.3241274713068	0.3
11111.2922693365	300	59.83962828822841	0.0	137507	1829.919519494432	0.3
11113.061211651951	300	59.8028716077908	0.0	118421	1536.756680437615	0.3

