7075.268637214035	750	4.0	1.7970500906082574	450283	1797.05009061	-6.977315389615506
7075.798380832016	300	7.4702563820196834	0.0	155580	529.74361798	-0.15000000000000002
7076.228067042793	300	11.040570171243337	0.0	139857	429.686210776	0.3
7076.696695621365	300	14.571941592671015	0.0	155432	468.628578572	0.3
7077.136723637815	300	18.13191357622142	0.0	163442	440.02801645	0.3
7077.481601923192	300	21.78703529084422	0.0	126289	344.878285377	0.3
7077.88312253668	300	25.385514677355328	0.0	153295	401.520613489	0.3
7078.339939526173	300	28.928697687862265	0.0	173849	456.816989493	0.3
7078.756402103614	300	32.51223511042185	0.0	150710	416.46257744	0.3
7079.146956325861	300	36.121680888174815	0.0	139105	390.554222247	0.3
7079.556279641826	300	39.71235757220903	0.0	141840	409.323315966	0.3
7080.012296377977	300	43.25634083605925	0.0	156148	456.01673615	0.3
7080.479385461853	300	46.78925175218285	0.0	160746	467.089083876	0.3
7081.072862994352	300	50.19577421968313	0.0	179801	593.4775325	0.3
7081.563938923981	300	53.70469829005425	0.0	140051	491.075929629	0.3
7082.040723290179	300	57.22791392385615	0.0	138313	476.784366198	0.3
7083.175748501006	300	59.74196940181877	0.0	143509	485.944522037	0.3
7085.199708267159	1200	59.75202986313727	0.0	581493	1489.9395386815104	0.29999999999999993
7086.155270663898	300	59.73775877850333	0.0	165384	514.271084634	-0.6000000000000001
7086.82390226466	300	59.782088634174805	0.0	140881	455.670144329	0.3
7088.483692078266	300	59.764174455588496	0.0	157671	517.914178586	0.3
7089.898039350507	300	59.75243863697782	0.0	157812	511.7358186106733	0.3
7091.198847850734	300	59.75784011367988	0.0	163927	494.5985232979366	0.3
7092.242019127105	300	59.83535946395854	0.0	137654	422.48064972134273	0.3
7093.390252389588	300	59.76158814604188	0.0	146754	573.7713179166617	0.3
7094.180779430741	300	59.83855559774868	0.0	153938	423.032548293	0.3
7095.001154554572	300	59.817115282262556	0.0	181901	521.440315486	0.3
7095.41445246938	300	59.95993372903095	0.0	111155	357.181553232	0.3
7099.525455418393	1200	59.848930780018726	0.0	622896	3611.002949012225	0.29999999999999993
7100.360151349716	300	59.58014246965171	0.0	149029	768.7883103670069	-0.6000000000000001
7101.450917634713	300	59.518213137631584	0.0	157421	1061.9293320201286	0.3
7103.523476716613	300	59.64085207316922	0.0	157488	1377.3610644623652	0.3
7104.838323931487	300	59.776527474452074	0.0	143881	864.3245987171463	0.3
7106.670771739287	300	59.78006487863022	0.0	163444	1496.4625958218537	0.3
7108.936356173204	300	59.99626526766095	0.0	179328	1283.7996109692663	0.3
7110.935731574638	300	59.93196997841729	0.0	159914	1064.295289243662	0.3
7112.401883231751	300	59.57593420595676	0.0	131610	1356.0357724605303	0.3
7114.408009740809	300	59.82842889375365	0.0	124011	1247.505312203112	0.3
7116.080445910783	300	59.571521407194034	0.0	144254	756.907486559622	0.3
7117.288648178935	300	59.875184614825564	0.0	149991	696.3367923684688	0.3
7118.495323788759	300	59.70777954780461	0.0	147968	667.4050670209573	0.3
7119.689963271657	300	59.52559507775749	0.0	161857	682.1844700471281	0.3
7120.433873697327	300	59.85986737134806	0.0	145210	665.7277064094266	0.3
7121.284613347513	300	59.62858890588458	0.0	172312	731.278465463	0.3
7122.903712521786	300	59.82876991111003	0.0	167025	799.818994775	0.3
7124.3891390479075	300	59.9401967377984	0.0	160064	888.5731733116285	0.3
7127.792888221523	1200	59.6972488273958	0.0	538612	2742.947910402604	0.29999999999999993
7129.024067626949	300	59.6020597562895	0.0	118421	595.1890711062994	-0.6000000000000001

