4161.926869637216	750	4.0	0.1916960304614488	450283	191.696030461	-0.07429293098422984
4162.045462407584	300	7.881407229632937	0.0	155580	118.592770367	-0.15000000000000002
4162.160154971442	300	11.766714665773659	0.0	139857	114.692563859	0.3
4162.278711029315	300	15.648158607901866	0.0	155432	118.556057872	0.3
4162.399254026965	300	19.527615610252212	0.0	163442	120.54299765	0.3
4162.510580948014	300	23.41628868920268	0.0	126289	111.32692105	0.3
4162.62860690722	300	27.29826272999572	0.0	153295	118.025959207	0.3
4162.751731438238	300	31.175138198979244	0.0	173849	123.124531016	0.3
4162.858365160667	300	35.06850447654983	0.0	150710	106.633722429	0.3
4162.962549868866	300	38.96431976835106	0.0	139105	104.184708199	0.3
4163.067210082452	300	42.85965955476482	0.0	141840	104.660213586	0.3
4163.17435787596	300	46.752511761257594	0.0	156148	107.147793507	0.3
4163.321528618904	750	50.60534101831303	0.0	386351	147.170742945	0.3
4163.432788708181	300	54.49408092903624	0.0	179801	111.260089277	-0.15000000000000002
4163.537137887347	300	58.3897317498698	0.0	140051	104.349179166	0.3
4164.4674416414055	750	59.74606201313636	0.0	366214	143.669736733	0.3
4165.384140713931	300	59.641529485536324	0.0	143509	104.5325276	-0.15000000000000002
4166.32922774382	300	59.53506924305379	0.0	150616	106.460242483	0.3
4166.827460554002	300	59.915266231667076	0.0	165384	119.803011387	0.3
4167.390726145275	300	59.78234833542775	0.0	140881	132.917896239	0.3
4168.035543461285	300	59.63561352493952	0.0	157671	146.734810488	0.3
4168.702777890994	300	59.51103756284598	0.0	157812	124.575962094	0.3
4168.968109904652	300	59.85970078982459	0.0	163927	151.336773021	0.3
4169.249485785946	300	59.736010469496414	0.0	137654	123.690320328	0.3
4169.711647301824	750	59.543772492039714	0.0	359903	192.237977457	0.3
4170.66733676037	300	59.91088953197771	0.0	153938	132.882960062	-0.15000000000000002
4171.660294576601	300	59.78531387310425	0.0	181901	125.575658873	0.3
4172.657319986323	300	59.68099224692166	0.0	111155	104.321626183	0.3
4173.808937103702	750	59.51103558000224	0.0	400396	169.956666919	0.3
4174.43799000885	300	59.89783935265756	0.0	149029	113.19622734468615	-0.15000000000000002
4175.102937765318	300	59.78329381332583	0.0	157421	114.545539332	0.3
4175.808600856887	300	59.66516337610889	0.0	157488	118.130437217	0.3
4176.528509662942	300	59.559475300257475	0.0	143881	105.688075851	0.3
4176.774123938059	300	59.953778527800964	0.0	163444	105.696772457	0.3
4177.0514333101155	300	59.84458259310303	0.0	179328	109.195934698	0.3
4177.400032874138	300	59.714839529770934	0.0	159914	129.743063332	0.3
4177.770392261076	300	59.599088086646994	0.0	131610	115.751443124	0.3
4178.646837597539	300	59.998169390322836	0.0	124011	100.918696324	0.3
4179.550888095806	300	59.89390746125863	0.0	144254	104.261929064	0.3
4180.587250853192	750	59.73562036716703	0.0	390680	158.287094092	0.3
4181.6086515312645	300	59.62395785977796	0.0	147968	111.662507389	-0.15000000000000002
4182.647571736545	300	59.51936684247972	0.0	161857	104.591017298	0.3
4183.280987336086	750	59.87932363669958	0.0	372093	140.04320578	0.3
4183.913037145424	300	59.77048492891175	0.0	172312	108.838707788	-0.15000000000000002
4184.592286971979	300	59.65246556640899	0.0	167025	118.019362503	0.3
4185.311422150424	300	59.533513209212686	0.0	160064	118.952357196	0.3
4185.5994758406105	750	59.89957777474353	0.0	331053	133.935434469	0.3
4185.870731254241	300	59.80050919578711	0.0	118421	99.0685789564	-0.15000000000000002

