8042.259967123564	750	4.0	0.3383360704527363	450283	338.336070453	-0.704845102946766
8043.492991151204	4300	6.7669759723607	0.0	2123065	1233.02402764	0.75
8043.642278311922	300	10.617688811642102	0.0	139857	149.287160719	-3.7
8043.799281550693	300	14.460685572870975	0.0	155432	157.003238771	0.3
8044.083174764137	750	18.17679235942791	0.0	411561	283.893213443	0.3
8044.225740143345	300	22.03422698021921	0.0	126289	142.565379209	-0.15000000000000002
8044.381684681713	300	25.878282441852466	0.0	153295	155.944538367	0.3
8044.547811966037	300	29.71215515752799	0.0	173849	166.127284324	0.3
8044.729434771594	300	33.530532351970685	0.0	150710	181.622805557	0.3
8045.068804479505	750	37.19116264406053	0.0	362795	339.36970791	0.3
8045.401328820325	750	40.85863830323989	0.0	353220	332.524340821	0.75
8045.592962280409	300	44.66700484315705	0.0	156148	191.633460083	-0.15000000000000002
8045.787882946536	300	48.47208417702956	0.0	160746	194.920666127	0.3
8045.996426429362	300	52.2635406942033	0.0	179801	208.543482826	0.3
8046.179618824621	300	56.080348298944365	0.0	140051	183.192395259	0.3
8046.536053690918	750	59.72391343264632	0.0	366214	356.434866298	0.3
8047.167130477543	300	59.53558635823746	0.0	143509	188.327074409	-0.15000000000000002
8047.387057844349	300	59.85699753094186	0.0	150616	178.588827296	0.3
8055.5379710362295	300	55.706084339061384	0.0	165384	8150.913191880481	0.3
8055.719387202735	300	59.52466817255518	0.0	140881	181.416166506	0.3
8056.740060706628	300	59.83116536955692	0.0	157671	193.502802998	0.3
8057.781855644762	300	59.68385325093793	0.0	157812	147.312118619	0.3
8058.895995290089	300	59.534024838032025	0.0	163927	149.828412906	0.3
8072.102955600614	300	50.327064527505904	0.0	137654	13206.960310526121	0.3
8075.106496709763	300	51.323523418357176	0.0	146754	3003.541109148734	0.3
8076.987117784807	300	53.44290234331271	0.0	153938	1880.6210750444693	0.3
8080.392100450008	300	54.037919678111784	0.0	181901	3404.9826652009233	0.3
8082.869606688337	300	55.56041343978319	0.0	111155	2477.5062383285986	0.3
8085.590608258851	300	56.83941186926841	0.0	153605	2721.0015705147753	0.3
8087.027340820908	300	59.40267930721213	0.0	149029	1436.7325620562833	0.3
8089.571613289788	300	59.858371454392355	0.0	157421	1544.3078528197764	0.3
8092.269312491165	300	59.969504161734356	0.0	157488	1888.8672926579984	0.3
8095.331977941486	300	59.80258739093295	0.0	143881	2166.916770801415	0.3
8096.445556635657	300	59.6536723836069	0.0	163444	148.915007326	0.3
8097.231607431091	300	59.952978829312826	0.0	179328	200.6935542940668	0.3
8098.147433231801	300	59.747744549527994	0.0	159914	205.234279785	0.3
8099.456999884855	300	59.908256983463325	0.0	131610	839.4875660646687	0.3
8100.564065973763	300	59.79976348250445	0.0	124011	608.493500959	0.3
8101.280602278499	300	59.6507816241106	0.0	144254	148.981858394	0.3
8101.621185242494	300	59.974267365284035	0.0	149991	176.514258827	0.3
8102.00514126911	300	59.82432370456052	0.0	147968	149.943660724	0.3
8105.072213046438	300	59.617793998842714	0.0	161857	2706.5297057178063	0.3
8108.861696571617	750	59.82831047366315	0.0	372093	3789.483525179565	0.3
8109.2250802659	300	59.64163142491645	0.0	172312	186.679048747	-0.15000000000000002
8110.225825219546	300	59.93961127086167	0.0	167025	202.020154055	0.3
8111.266179297681	300	59.778796631589465	0.0	160064	160.814639272	0.3
8112.345416243699	300	59.638947878012324	0.0	137507	139.848753577	0.3
8113.028697987428	300	59.97700110236809	0.0	118421	161.9467756442345	0.3

