6544.463613404566	750	4.0	0.4071810747516726	450283	407.181074752	-1.000878621432192
6544.647899591657	300	7.8157138129092525	0.0	155580	184.286187091	-0.15000000000000002
6544.82164655957	300	11.641966844995958	0.0	139857	173.746967913	0.3
6545.005833541392	300	15.457779863173815	0.0	155432	184.186981822	0.3
6545.195389673225	300	19.268223731341408	0.0	163442	189.556131832	0.3
6545.360041931108	300	23.103571473457983	0.0	126289	164.652257883	0.3
6545.542796469288	300	26.920816935277777	0.0	153295	182.75453818	0.3
6545.739328474298	300	30.724284930267242	0.0	173849	196.532005011	0.3
6545.861731515338	300	34.60188188922796	0.0	150710	122.403041039	0.3
6545.979154380532	300	38.48445902403354	0.0	139105	117.422865194	0.3
6546.097313031904	300	42.366300372661	0.0	141840	118.158651373	0.3
6546.219320907641	300	46.24429249692413	0.0	156148	122.007875737	0.3
6546.3425657650405	300	50.12104763952474	0.0	160746	123.244857399	0.3
6546.470936913345	300	53.99267649122078	0.0	179801	128.371148304	0.3
6546.641614556273	750	57.8219988482923	0.0	337059	170.677642928	0.3
6547.256838976102	750	59.643477751607705	0.0	366214	178.521096685	0.75
6547.832163852771	300	59.5346669748446	0.0	143509	108.810776763	-0.15000000000000002
6548.929650795785	300	59.92868055329162	0.0	150616	105.986421553	0.3
6549.086776466706	300	59.80636797856051	0.0	165384	122.31257473111242	0.3
6549.551377947223	300	59.55097378639766	0.0	140881	255.394192163	0.3
6550.4210114146	300	59.93076069688667	0.0	157671	120.213089511	0.3
6551.294415414828	300	59.828768885705045	0.0	157812	101.991811182	0.3
6552.314876528914	300	59.6647444231853	0.0	163927	164.02446252	0.3
6553.039766480833	750	59.940517773009	0.0	343800	224.2266501763003	0.3
6553.7625891405705	300	59.788938094011336	0.0	146754	151.579678998	-0.15000000000000002
6554.489567355233	300	59.67157047705016	0.0	153938	117.367616961	0.3
6554.981600710233	750	59.94035909840111	0.0	425781	231.211378649	0.3
6555.451389634126	300	59.79587562462988	0.0	111155	144.483473771	-0.15000000000000002
6556.052334980355	750	59.618055676575864	0.0	400396	177.819948054	0.3
6556.267419839779	750	59.93207594595217	0.0	400508	185.979730624	0.75
6556.6556950793165	750	59.7124908905832	0.0	358218	219.585055369	0.75
6557.047075688305	750	59.56114567817332	0.0	400322	151.34521241	0.75
6557.927089772756	300	59.95115633423777	0.0	143881	109.989343936	-0.15000000000000002
6558.819553011204	300	59.84943708527033	0.0	163444	101.719248967	0.3
6559.739151817484	300	59.74550967687086	0.0	179328	103.927408399	0.3
6560.699698282715	300	59.63307214319565	0.0	159914	112.437533675	0.3
6561.28891392903	750	59.97201878581623	0.0	321064	161.053357379	0.3
6561.898186763707	300	59.84196351294585	0.0	124011	130.05527287	-0.15000000000000002
6562.494049450132	300	59.74314095063658	0.0	144254	98.8225623093	0.3
6563.195005310454	300	59.601683082533086	0.0	149991	141.457868104	0.3
6563.424503036568	300	59.976683215585105	0.0	147968	124.999866948	0.3
6563.992347470304	750	59.70500992830013	0.0	384505	271.673287285	0.3
6564.537685754611	300	59.539926359372245	0.0	145210	165.083568928	-0.15000000000000002
6564.835259492137	300	59.79176684829881	0.0	172312	248.159511073	0.3
6565.933906851465	300	59.977150281861874	0.0	167025	314.616566437	0.3
6567.195667822855	300	59.697785192611605	0.0	160064	279.36508925	0.3
6568.221100356172	300	59.88626686702278	0.0	137507	311.5183255888172	0.3
6569.228866308648	300	59.94984099464945	0.0	118421	436.425872373338	0.3

