16522.824489145292	750	4.0	4.033555926965406	450283	4033.55592697	-16.594290485951248
16524.282048149995	300	6.542440995299224	0.0	155580	1457.5590047	-0.15000000000000002
16525.62971466867	300	9.194774476621824	0.0	139857	1347.66651868	0.3
16526.81817077007	300	12.006318375220877	0.0	155432	1188.4561014	0.3
16528.371958301846	300	14.45253084344495	0.0	163442	1553.78753178	0.3
16529.699145998387	300	17.125343146904424	0.0	126289	1327.18769654	0.3
16530.99899765645	300	19.82549148884307	0.0	153295	1299.85165806	0.3
16532.478026558245	300	22.346462587047245	0.0	173849	1479.0289018	0.3
16533.411039425548	300	25.413449719743312	0.0	150710	933.012867304	0.3
16534.36653309245	300	28.45795605284063	0.0	139105	955.493666903	0.3
16535.88904558551	300	30.935443559779834	0.0	141840	1522.51249306	0.3
16537.81209835235	300	33.01239079294075	0.0	156148	1923.05276684	0.3
16539.565044890496	300	35.25944425479605	0.0	160746	1752.94653814	0.3
16542.3691515709	300	36.45533757439252	0.0	179801	2804.1066804	0.3
16544.691135155463	300	38.1333539898309	0.0	140051	2321.98358456	0.3
16546.96632046529	300	39.858168680001846	0.0	138313	2275.18530983	0.3
16549.92173849683	300	40.90275064846303	0.0	143509	2955.41803154	0.3
16555.366174014616	300	39.458315130674166	0.0	150616	5444.43551779	0.3
16558.156915927808	300	40.66757321748411	0.0	165384	2790.74191319	0.3
16559.309909312586	300	43.51457983270569	0.0	140881	1152.99338478	0.3
16560.61351149462	300	46.21097765067357	0.0	157671	1303.60218203	0.3
16561.860839972713	300	48.96364917257943	0.0	157812	1247.32847809	0.3
16563.24051565944	300	51.58397348585191	0.0	163927	1379.67568673	0.3
16564.61932226041	300	54.205166884884115	0.0	137654	1378.80660097	0.3
16565.862675832926	300	56.96181331236438	0.0	146754	1243.35357252	0.3
16567.61590729221	300	59.20858185308376	0.0	153938	1753.23145928	0.3
16570.69884543832	300	59.651099816967225	0.0	181901	2557.48203612	0.3
16573.278501675464	300	59.54949975339518	0.0	111155	2101.60006357204	0.3
16576.4873734492	300	59.82459195331284	0.0	153605	2224.9078000823397	0.3
16580.684047631225	300	59.62791777128738	0.0	149029	3696.674182025461	0.3
16583.336908470366	300	59.60680642955535	0.0	157421	2021.1113417320303	0.3
16586.363820240633	300	59.824225293127846	0.0	157488	2782.5811364274964	0.3
16591.72893969949	300	58.4591058342724	0.0	143881	5365.119458855448	0.3
16593.716196650945	300	59.93520240489039	0.0	163444	1523.9034293820107	0.3
16595.91884721923	300	59.74555388178464	0.0	179328	1689.6485231057488	0.3
16597.89209316644	300	59.70543193077131	0.0	159914	1540.121951013333	0.3
16599.269657840632	300	59.9282115917714	0.0	131610	1277.220338999906	0.3
16601.60939497334	300	59.989015193015874	0.0	124011	1439.1963987555291	0.3
16604.50860773366	300	59.65917917983	0.0	144254	1829.8360131858792	0.3
16607.673563743603	300	59.901889548427	0.0	149991	2757.289631402995	0.3
16609.107260775356	300	59.968874221819874	0.0	147968	1433.0153266071259	0.3
16611.115829712424	300	59.524930605858046	0.0	161857	1943.9436159618297	0.3
16614.286329979186	300	59.66199313303038	0.0	145210	2362.937472827665	0.3
16620.496130898544	300	57.45219221367462	0.0	172312	6209.800919355757	0.3
16625.824577753177	300	56.123745359039745	0.0	167025	5328.446854634877	0.3
16629.673483070124	300	56.27484004209325	0.0	160064	3848.9053169464883	0.3
16632.059188818515	300	57.88913429370196	0.0	137507	2385.7057483912936	0.3
16637.805309537638	750	56.14301357457768	0.0	314107	5746.120719124282	0.3

