5199.076887286615	750	4.0	3.3113803782572924	450283	3311.38037826	-13.488935626506356
5200.273381045538	300	6.803506241076679	0.0	155580	1196.49375892	-0.15000000000000002
5204.292699242748	1200	6.784188043866517	0.0	571051	4019.31819721	0.29999999999999993
5205.436749550876	300	9.640137735738818	0.0	155432	1144.05030813	-0.6000000000000001
5206.632587643983	300	12.444299642631957	0.0	163442	1195.83809311	0.3
5207.571529081587	300	15.50535820502779	0.0	126289	938.941437604	0.3
5210.049986797141	750	17.02690048947371	0.0	352642	2478.45771555	0.3
5211.312402605216	300	19.764484681398212	0.0	173849	1262.41580808	-0.15000000000000002
5212.423556516046	300	22.653330770568928	0.0	150710	1111.15391083	0.3
5213.455873246164	300	25.621014040450994	0.0	139105	1032.31673012	0.3
5214.506913862964	300	28.569973423651252	0.0	141840	1051.0406168	0.3
5218.667540989533	1200	28.40934629708226	0.0	594078	4160.62712657	0.29999999999999993
5219.85574622115	300	31.22114106546505	0.0	160746	1188.20523162	-0.6000000000000001
5221.175319267136	300	33.90156801947943	0.0	179801	1319.57304599	0.3
5222.237016200273	300	36.839871086342896	0.0	140051	1061.69693314	0.3
5223.330934829038	300	39.74595245757743	0.0	138313	1093.91862877	0.3
5224.462943306155	300	42.6139439804603	0.0	143509	1132.00847712	0.3
5225.647050426889	300	45.42983685972589	0.0	150616	1184.10712073	0.3
5228.650596933452	750	46.426290353162315	0.0	405596	3003.54650656	0.3
5229.727047703984	300	49.34983958263011	0.0	140881	1076.45077053	-0.15000000000000002
5232.538654947149	750	50.53823233946564	0.0	386472	2811.60724316	0.3
5233.712456929981	300	53.36443035663245	0.0	157812	1173.80198283	-0.15000000000000002
5236.57771792539	750	54.499169361223565	0.0	401853	2865.26099541	0.3
5237.6118039146995	300	57.46508337191401	0.0	137654	1034.08598931	-0.15000000000000002
5239.221603593913	300	59.855283692701	0.0	146754	1109.79967921	0.3
5240.920194274024	300	59.69403669542347	0.0	153938	1161.24699728	0.3
5245.055104352162	300	59.55912661728518	0.0	181901	1634.91007814	0.3
5248.978451291543	300	59.635779677903685	0.0	111155	923.3469393814986	0.3
5252.602967188738	300	59.50132207948313	0.0	153605	1134.45759842	0.3
5254.80720182353	300	59.8542339114745	0.0	149029	1147.08816801	0.3
5256.104753442617	300	59.694031335322315	0.0	157421	1160.20257615	0.3
5260.260653561419	300	59.538131216520235	0.0	157488	1155.9001188	0.3
5263.813107795281	300	59.98567698265763	0.0	143881	1052.4542338626054	0.3
5266.692610038304	300	59.848777558946	0.0	163444	1136.89942371	0.3
5269.013658539013	300	59.5195547182472	0.0	179328	1329.2228407	0.3
5272.842902171579	750	59.69031108568084	0.0	365161	2829.24363257	0.3
5276.875991613449	300	59.65722164381114	0.0	131610	1033.0894418696962	-0.15000000000000002
5280.421080185666	300	59.69175672492574	0.0	124011	965.464918885	0.3
5283.093819780444	300	59.605198754201986	0.0	144254	1086.55797072	0.3
5284.451513024592	300	59.92944294415608	0.0	149991	1175.75581005	0.3
5288.585626380532	300	59.79532958821615	0.0	147968	1134.11335594	0.3
5292.879518886183	300	59.50143708256491	0.0	161857	1293.8925056512385	0.3
5296.301859101301	300	59.725238622852686	0.0	145210	1276.19845971	0.3
5298.374396197466	300	59.97204095247172	0.0	172312	1253.19767038	0.3
5302.622599661056	300	59.723837488882225	0.0	167025	1248.20346359	0.3
5306.787299245015	300	59.559137904923	0.0	160064	1164.699583959221	0.3
5310.798829508798	300	59.547607641139805	0.0	137507	1011.5302637831962	0.3
5313.499192841184	300	59.65931234350576	0.0	118421	888.295297634	0.3

