1166.303584792325	750	4.0	2.814007118515714	450283	2814.00711852	-11.350230609617569
1167.0843668722557	300	7.219217920069278	0.0	155580	780.782079931	-0.15000000000000002
1167.8282790782512	300	10.475305714073759	0.0	139857	743.912205996	0.3
1168.488465715056	300	13.81511907726898	0.0	155432	660.186636805	0.3
1169.1665756085197	300	17.137009183805525	0.0	163442	678.109893463	0.3
1169.6953040118065	300	20.608280780518825	0.0	126289	528.728403287	0.3
1170.3790162330724	300	23.924568559252837	0.0	153295	683.712221266	0.3
1171.2374785856287	300	27.06610620669669	0.0	173849	858.462352556	0.3
1172.013277292923	300	30.29030749940214	0.0	150710	775.798707295	0.3
1172.7777243839362	300	33.52586040838885	0.0	139105	764.447091013	0.3
1174.5449240120386	750	35.75866078028642	0.0	353220	1767.1996281	0.3
1176.3764267906993	750	37.92715800162568	0.0	405134	1831.50277866	0.75
1177.179844015724	300	41.12374077660094	0.0	160746	803.417225025	-0.15000000000000002
1178.1045835688285	300	44.19900122349647	0.0	179801	924.739553104	0.3
1179.001062996197	300	47.302521796127806	0.0	140051	896.479427369	0.3
1180.7075980524999	300	49.595986739825086	0.0	138313	1706.5350563	0.3
1181.8418664887752	300	52.461718303549624	0.0	143509	1134.26843628	0.3
1182.7444973926267	300	55.55908739969811	0.0	150616	902.630903852	0.3
1183.839889418082	300	58.46369537424275	0.0	165384	1095.39202546	0.3
1185.5503901013537	300	59.97360090474339	0.0	140881	990.094469499	0.3
1187.2671873019303	300	59.61890541134124	0.0	157671	854.695493402153	0.3
1189.336788113918	300	59.891655858934556	0.0	157812	1727.2495524066742	0.3
1190.9866820197917	300	59.677884535788195	0.0	163927	1213.7713231463633	0.3
1192.0398654285377	300	59.809354122778984	0.0	137654	868.5304130092097	0.3
1193.1705599135398	300	59.52033337814632	0.0	146754	789.020744633	0.3
1194.9507356008187	300	59.99108240469161	0.0	153938	1029.2509734547039	0.3
1197.0401090708394	300	59.761858026593224	0.0	181901	1229.224378098382	0.3
1198.711608184607	300	59.796183015670515	0.0	111155	965.6750109227041	0.3
1200.763666687283	300	59.55906581575517	0.0	153605	1237.1171999153498	0.3
1202.2635650940736	300	59.59658726374015	0.0	149029	962.4785520150157	0.3
1203.610169333168	300	59.782995071580736	0.0	157421	1313.5921921594113	0.3
1206.656987295586	300	59.709592113839136	0.0	157488	2073.4029577415995	0.3
1208.690397355343	300	59.61609458629897	0.0	143881	1093.4975275401698	0.3
1210.973327426901	300	59.62408581662828	0.0	163444	1492.0087696706885	0.3
1213.6922530133338	300	59.596583674355614	0.0	179328	2027.5021422726659	0.3
1217.3038801185428	300	59.984956569146526	0.0	159914	3611.6271052090883	0.3
1218.6656274724826	300	59.633608166861166	0.0	131610	1351.3484022853609	0.3
1220.426430395434	300	59.9224061812128	0.0	124011	1211.2019856483705	0.3
1221.9183367245992	300	59.887753485281586	0.0	144254	1034.6526959312105	0.3
1226.246368818956	750	59.55972139092481	0.0	390680	3828.032094356778	0.3
1249.9952189895525	4300	39.81087122032837	0.0	2108491	23748.850170596437	0.75
1250.9787204694612	300	42.82736974041963	0.0	161857	983.5014799087468	-3.7
1251.8723023195614	300	45.93378789031958	0.0	145210	893.5818501000457	0.3
1252.818059325631	300	48.98803088424983	0.0	172312	945.7570060697454	0.3
1253.6567860597484	300	52.14930415013251	0.0	167025	838.7267341173299	0.3
1254.4974561322208	300	55.30863407766013	0.0	160064	840.670072472	0.3
1255.2058444041588	300	58.60024580572207	0.0	137507	708.3882719380653	0.3
1255.939644922384	300	59.95722620300626	0.0	118421	643.0196027158094	0.3

