8813.172883175734	750	4.0	2.1284674589700057	450283	2128.46745897	-8.402410073571025
8813.985473647483	300	7.187409528251351	0.0	155580	812.590471749	-0.15000000000000002
8814.756121854809	300	10.416761320926316	0.0	139857	770.648207325	0.3
8815.524654759927	300	13.648228415807127	0.0	155432	768.532905119	0.3
8816.569519717683	300	16.603363458052012	0.0	163442	1044.86495776	0.3
8817.361581674064	300	19.811301501670446	0.0	126289	792.061956382	0.3
8818.551172568958	300	22.621710606775622	0.0	153295	1189.59089489	0.3
8820.508959518986	300	24.66392365674759	0.0	173849	1957.78695003	0.3
8823.22608598217	300	25.946797193562897	0.0	150710	2717.12646318	0.3
8825.09962832821	300	28.073254847523355	0.0	139105	1873.54234604	0.3
8827.194929653157	300	29.97795352257713	0.0	141840	2095.30132495	0.3
8827.912626319652	300	33.26025685608062	0.0	156148	717.696666497	0.3
8828.611753319234	300	36.56112985649881	0.0	160746	699.126999582	0.3
8829.420940631033	300	39.75194254470133	0.0	179801	809.187311797	0.3
8830.169142807861	300	43.003740367871146	0.0	140051	748.20217683	0.3
8830.795833410435	300	46.37704976529762	0.0	138313	626.690602574	0.3
8832.421709269176	750	48.75117390655615	0.0	360831	1625.87585874	0.3
8834.809961019326	1200	50.36292215640559	0.0	581493	2388.25175015	0.75
8835.689390673144	300	53.48349250258733	0.0	165384	879.429653818	-0.6000000000000001
8836.588704427142	300	56.584178748589075	0.0	140881	899.313753998	0.3
8841.66446834834	300	55.50841482739101	0.0	157671	5075.7639212	0.3
8843.805422090698	300	57.367461085032325	0.0	157812	2140.95374236	0.3
8845.581052826485	300	59.591830349246536	0.0	163927	1775.63073579	0.3
8848.230248979919	300	59.78355082739105	0.0	137654	1808.27952186	0.3
8850.072145729293	300	59.96506076849381	0.0	146754	1318.490058897244	0.3
8852.379237269191	300	59.75121834378268	0.0	153938	1713.8424247111232	0.3
8854.238457550926	300	59.56773276050892	0.0	181901	1183.485583273764	0.3
8855.858057274829	300	59.64780024778844	0.0	111155	1419.9325127204804	0.3
8856.86142943543	300	59.650447773078895	0.0	153605	997.352474709546	0.3
8860.53183193905	1200	59.51175636421496	0.0	641447	3638.69140886393	0.29999999999999993
8862.07260678796	300	59.70972448713664	0.0	157421	802.031877078	-0.6000000000000001
8863.249714106318	300	59.92854231387508	0.0	157488	781.1821732615624	0.3
8864.356925959622	300	59.77239895976942	0.0	143881	656.143354106	0.3
8865.604673095571	300	59.81055964139576	0.0	163444	961.8393183736534	0.3
8866.637366629458	300	59.815166783238936	0.0	179328	995.3928581568281	0.3
8868.69590039519	300	59.75605023823875	0.0	159914	1059.116545000186	0.3
8870.19028281118	300	59.9530676406097	0.0	131610	802.9825976290465	0.3
8872.083612898323	300	59.542102506218534	0.0	124011	910.9651343911694	0.3
8873.569246675726	300	59.706968093893046	0.0	144254	835.1344123254892	0.3
8874.812729193762	300	59.85597651741389	0.0	149991	850.9915764791526	0.3
8876.495756465943	300	59.638708352101354	0.0	147968	1217.2681653125417	0.3
8880.649319328524	300	59.48514548951982	0.0	161857	4153.562862581531	0.3
8885.095266739569	750	59.03919807847656	0.0	372093	4445.9474110432675	0.3
8887.891308152628	300	59.87031206219337	0.0	172312	2668.886016283191	-0.15000000000000002
8888.990262526615	300	59.82441257358732	0.0	167025	1045.8994886060525	0.3
8891.989220138963	750	59.80146121010416	0.0	393804	2022.9513634831626	0.3
8893.787396853786	300	59.83037597712574	0.0	137507	971.0852329784188	-0.15000000000000002
8895.146557363083	300	59.70784146339982	0.0	118421	622.5345137259245	0.3

