13257.996805487244	750	4.0	2.3893370210228126	450283	2389.33702102	-9.524149190398093
13258.819098613829	300	7.1777068734158345	0.0	155580	822.293126584	-0.15000000000000002
13259.476231818868	300	10.520573668376626	0.0	139857	657.133205039	0.3
13260.161643961621	300	13.835161525623814	0.0	155432	685.412142753	0.3
13262.594216164058	750	15.40258932318647	0.0	411561	2432.57220244	0.3
13263.404258687779	300	18.592546799465367	0.0	126289	810.042523721	-0.15000000000000002
13264.057484825948	300	21.93932066129579	0.0	153295	653.22613817	0.3
13264.863526080135	300	25.133279407108507	0.0	173849	806.041254187	0.3
13268.259643151401	1200	25.7371623358436	0.0	584846	3396.11707126	0.29999999999999993
13269.522078648219	300	28.47472683902576	0.0	139105	1262.43549682	-0.6000000000000001
13270.5372353056	300	31.459570181644573	0.0	141840	1015.15665738	0.3
13271.625938959385	300	34.37086652786077	0.0	156148	1088.70365378	0.3
13272.965898848017	300	37.030906639228164	0.0	160746	1339.95988863	0.3
13274.266949003082	300	39.729856484164486	0.0	179801	1301.05015506	0.3
13275.255559821346	300	42.741245665901566	0.0	140051	988.610818263	0.3
13276.398217203843	300	45.59858828340385	0.0	138313	1142.6573825	0.3
13277.357639823966	300	48.63916566328063	0.0	143509	959.422620123	0.3
13281.343775116322	1200	48.6530303709246	0.0	581493	3986.13529236	0.29999999999999993
13282.199592067196	300	51.79721342004957	0.0	165384	855.816950875	-0.6000000000000001
13282.885936593064	300	55.11086889418397	0.0	140881	686.344525866	0.3
13283.88280641835	300	58.11399906889716	0.0	157671	996.869825287	0.3
13285.356806003036	300	59.58066825261686	0.0	157812	1033.33081628	0.3
13289.052445354102	750	59.84318296128684	0.0	401853	2737.4852913300156	0.3
13290.656504855648	300	59.960230240381556	0.0	137654	882.9527209052884	-0.15000000000000002
13292.29348046845	300	59.94179582430097	0.0	146754	1018.4344160805824	0.3
13293.801045155342	300	59.93778407921594	0.0	153938	1004.0117450850314	0.3
13295.161381703518	300	59.90339227603192	0.0	181901	1034.3918031840117	0.3
13296.11890505552	300	59.773102972526246	0.0	111155	630.289303506	0.3
13297.092948274863	300	59.89969838710282	0.0	153605	873.4045854234251	0.3
13299.11724301245	300	59.881870335268694	0.0	149029	1017.8280518341268	0.3
13301.186129757149	300	59.794660305796775	0.0	157421	1087.2100294719169	0.3
13303.039219883096	300	59.795453600436616	0.0	157488	999.2067053601583	0.3
13304.662649734082	300	59.60668038523645	0.0	143881	688.7732152001633	0.3
13306.16604362784	300	59.765811756250564	0.0	163444	840.8686289858872	0.3
13307.974201955563	300	59.629495224775	0.0	179328	1136.316531475566	0.3
13309.569735491685	300	59.847649354836776	0.0	159914	1281.8458699382263	0.3
13311.155048817649	300	59.88183652494802	0.0	131610	1465.8128298887555	0.3
13314.15856192091	300	59.6643302213551	0.0	124011	2217.506303592923	0.3
13315.483519684874	300	59.834854739207	0.0	144254	829.4754821480991	0.3
13316.607785124585	300	59.66046316025963	0.0	149991	674.391578947	0.3
13317.719722518344	300	59.52543139376098	0.0	147968	635.031766499	0.3
13318.578222494298	300	59.78113421941527	0.0	161857	744.2971743457064	0.3
13319.229326266961	300	59.66268373388838	0.0	145210	618.450485527	0.3
13321.647055293177	300	59.66614586434822	0.0	172312	1496.5378695401512	0.3
13323.467334274026	300	59.55810195226072	0.0	167025	1108.0439120875005	0.3
13324.736800674811	300	59.97148628624846	0.0	160064	1086.615666012264	0.3
13326.606073931069	300	59.5147750255075	0.0	137507	1456.711260740966	0.3
13327.59468751987	300	59.66074922886448	0.0	118421	854.0257966430131	0.3

