1958.5994716313724	750	4.0	0.16115784517155224	450283	161.157845172	0.05702126576232536
1958.7513620289985	750	7.848109602373726	0.0	398865	151.890397626	0.75
1958.8565694935312	300	11.742902137841071	0.0	139857	105.207464533	-0.15000000000000002
1958.9645841558452	300	15.634887475527137	0.0	155432	108.014662314	0.3
1959.0740425198753	300	19.52542911149712	0.0	163442	109.45836403	0.3
1959.176804523124	300	23.42266710824834	0.0	126289	102.762003249	0.3
1959.2844340180764	300	27.315037613296113	0.0	153295	107.629494952	0.3
1959.3957681129127	300	31.20370351845969	0.0	173849	111.334094836	0.3
1959.5029316941402	300	35.096539937232315	0.0	150710	107.163581227	0.3
1959.6080036201347	300	38.9914680112378	0.0	139105	105.071925995	0.3
1959.7135684954667	300	42.885903135905764	0.0	141840	105.564875332	0.3
1959.8217122077715	300	46.77775942360073	0.0	156148	108.143712305	0.3
1959.9448662013317	300	50.65460543004078	0.0	160746	123.15399356	0.3
1960.0787780291475	300	54.520693602224846	0.0	179801	133.911827816	0.3
1960.2007711515298	300	58.3987004798426	0.0	140051	121.993122382	0.3
1961.131840934051	750	59.70889427124652	0.0	366214	189.806208596	0.3
1961.9983035194675	300	59.605794765500676	0.0	143509	103.099505746	-0.15000000000000002
1962.4095853879194	300	59.99233537111025	0.0	150616	113.45939439	0.3
1963.0650606086506	750	59.77350899777538	0.0	405596	218.826373335	0.3
1963.7379850690072	300	59.61537119129514	0.0	140881	158.13780648	-0.15000000000000002
1963.9197094075766	300	59.99190234894864	0.0	157671	123.468842346	0.3
1964.168453423757	300	59.856158088969835	0.0	157812	135.744259979	0.3
1965.5278171857487	1200	59.943476086074895	0.0	656471	412.682002895	0.29999999999999993
1965.8980703165303	300	59.69119040023244	0.0	137654	252.2856858424492	-0.6000000000000001
1966.3126778101841	300	59.50287037587494	0.0	146754	188.320024358	0.3
1967.3974607306207	300	59.784122650304994	0.0	153938	218.74772557	0.3
1967.6592548472559	300	59.54624318942072	0.0	181901	237.8794608842738	0.3
1968.302879417535	300	59.94638823215652	0.0	111155	99.8549572642	0.3
1969.0378522449132	300	59.81078662497488	0.0	153605	135.601607182	0.3
1969.8679653250497	300	59.654915695005016	0.0	149029	155.87092997	0.3
1970.4422695759702	750	59.915384644628	0.0	358218	239.531050377	0.3
1971.0126378650152	300	59.75758710037728	0.0	157488	157.797544251	-0.15000000000000002
1971.6897425618322	300	59.584820124365926	0.0	143881	172.766976011	0.3
1971.876231934458	300	59.95424429845589	0.0	163444	130.57582591	0.3
1972.3555703065824	750	59.70253188575153	0.0	401088	251.712412704	0.3
1972.7837822709744	300	59.562238883265465	0.0	159914	140.293002486	-0.15000000000000002
1973.7206036100545	300	59.94778769467851	0.0	131610	114.451188587	0.3
1974.6682836858292	300	59.84513273203761	0.0	124011	102.654962641	0.3
1975.6311857466055	300	59.74619425821638	0.0	144254	98.9384738212	0.3
1976.628427077113	300	59.63955538644029	0.0	149991	106.638871776	0.3
1977.6635178585325	300	59.52681122509616	0.0	147968	112.744161344	0.3
1978.27824850376	300	59.89111921251998	0.0	161857	135.692012576	0.3
1979.0079472827767	300	59.72528913933745	0.0	145210	165.830073183	0.3
1981.092452346891	300	59.67547096019732	0.0	172312	1549.8181791401234	0.3
1981.7020935040052	300	59.84749382412725	0.0	167025	327.97713607	0.3
1982.3169332140842	300	59.64090597960987	0.0	160064	206.587844517	0.3
1983.1523877619472	750	59.637804638459144	0.0	331053	503.101341151	0.3
1983.4466748919397	300	59.86683767681912	0.0	118421	270.96696164	-0.15000000000000002

