15704.30718556799	750	4.0	1.6659284416132762	450283	1665.92844161	-6.413492298937087
15704.862605859807	300	7.444579708183693	0.0	155580	555.420291816	-0.15000000000000002
15705.530008931077	300	10.777176636914497	0.0	139857	667.403071269	0.3
15706.198933392514	300	14.108252175476236	0.0	155432	668.924461438	0.3
15706.819952922471	300	17.487232645519267	0.0	163442	621.019529957	0.3
15707.29401805874	300	21.013167509251303	0.0	126289	474.065136268	0.3
15707.81961877091	300	24.487566797080817	0.0	153295	525.60071217	0.3
15708.39746505866	300	27.90972050933121	0.0	173849	577.84628775	0.3
15708.888988029512	300	31.418197538479955	0.0	150710	491.522970851	0.3
15709.348822830523	300	34.95836273746965	0.0	139105	459.83480101	0.3
15709.909712802091	300	38.39747276590115	0.0	141840	560.889971569	0.3
15710.55140888339	300	41.755776684604356	0.0	156148	641.696081297	0.3
15711.047328682898	300	45.25985688509547	0.0	160746	495.919799509	0.3
15711.575423883907	300	48.731761684086145	0.0	179801	528.095201009	0.3
15712.541878696153	750	51.76530687184099	0.0	337059	966.454812245	0.3
15713.137991481954	300	55.169194086039305	0.0	138313	596.112785802	-0.15000000000000002
15715.352501328842	300	56.95468423915311	0.0	143509	2214.50984689	0.3
15718.92202086538	300	57.385164702612784	0.0	150616	3569.51953654	0.3
15723.58512315509	300	56.72206241290515	0.0	165384	4663.10228971	0.3
15727.55775110643	300	56.74943446156512	0.0	140881	3972.62795134	0.3
15729.437327152193	300	58.86985841580248	0.0	157671	1879.57604576	0.3
15732.969548624356	300	59.33763694363757	0.0	157812	3532.22147216	0.3
15733.759095458145	300	59.68700927573158	0.0	163927	650.627667906	0.3
15734.956623863889	300	59.867704655800246	0.0	137654	319.304619931	0.3
15735.361620930038	300	59.56431801563176	0.0	146754	303.3866401684835	0.3
15736.311343041645	300	59.850262172818944	0.0	153938	214.055842813	0.3
15737.609693379996	300	59.5289201380408	0.0	181901	321.342034778	0.3
15739.1107596308	1850	59.726891164425474	0.0	758197	802.0289736153269	0.30000000000000004
15740.106775149952	300	59.538402043443035	0.0	153605	188.489120982	-1.25
15740.683675480917	300	59.8637150770456	0.0	149029	174.686966397	0.3
15741.355010826554	300	59.6891540865102	0.0	157421	174.560990535	0.3
15741.650506173963	300	59.99979359035763	0.0	157488	189.360496153	0.3
15741.963879615261	300	59.856174295336146	0.0	143881	143.619295021	0.3
15742.71946636952	300	59.52325799134574	0.0	163444	332.91630399	0.3
15743.582996551633	750	59.51282812542313	0.0	401088	510.429865923	0.3
15744.767829592476	300	59.806961763097085	0.0	159914	205.866362326	-0.15000000000000002
15744.966640044115	300	59.657039876535165	0.0	131610	149.9218865619158	0.3
15745.21640402535	300	59.516602168456295	0.0	124011	140.437708079	0.3
15748.649575220594	300	59.814679707412104	0.0	144254	2701.9224610441875	0.3
15751.42250859576	300	59.75383738692932	0.0	149991	2060.842320482787	0.3
15752.86966424532	300	59.59630508949123	0.0	147968	657.5322974380925	0.3
15754.097305747291	300	59.587296014567194	0.0	161857	509.0090749240302	0.3
15755.30688824071	300	59.55182098138006	0.0	145210	535.4750331871355	0.3
15756.513667410942	300	59.99548512638092	0.0	172312	1056.3358549991476	0.3
15758.026330368355	300	59.52437530529089	0.0	167025	971.1098210900333	0.3
15758.762938705539	300	59.88684770485986	0.0	160064	637.5276004310299	0.3
15759.26443450124	300	59.64564017538603	0.0	137507	241.207529474	0.3
15760.43184413	300	59.90207949411914	0.0	118421	243.560681267	0.3

