972.2285183591325	750	4.0	1.4460686439762682	450283	1446.06864398	-5.468095169097953
972.780516990282	300	7.448001368850639	0.0	155580	551.998631149	-0.15000000000000002
973.2848151812876	300	10.943703177845007	0.0	139857	504.298191006	0.3
973.8363648100111	300	14.392153549121472	0.0	155432	551.549628724	0.3
974.4122151781324	300	17.81630318100016	0.0	163442	575.850368121	0.3
975.4586746969231	750	20.769843662209407	0.0	318564	1046.45951879	0.3
976.0037410946737	300	24.22477726445879	0.0	153295	545.066397751	-0.15000000000000002
976.6308579089581	300	27.597660450174473	0.0	173849	627.116814284	0.3
983.8310795244868	4300	24.397438834645786	0.0	2055469	7200.22161553	0.2999999999999998
984.4290983728431	300	27.799419986289514	0.0	139105	598.018848356	-3.7
985.0373022005333	300	31.191216158599254	0.0	141840	608.20382769	0.3
985.6987881797083	300	34.529730179424284	0.0	156148	661.485979175	0.3
986.3773968407764	300	37.85112151835619	0.0	160746	678.608661068	0.3
987.0983095479357	300	41.13020881119689	0.0	179801	720.912707159	0.3
987.6332851522562	300	44.59523320687632	0.0	140051	534.975604321	0.3
988.9029834475962	750	47.3255349115364	0.0	366214	1269.69829534	0.3
989.4491928570288	300	50.77932550210384	0.0	143509	546.209409433	-0.15000000000000002
990.0184903673668	300	54.21002799176584	0.0	150616	569.297510338	0.3
990.6357638273561	300	57.592754531776606	0.0	165384	617.273459989	0.3
991.4644218944334	300	59.55508255433778	0.0	140881	537.671977439	0.3
996.7458678143284	2850	58.27363663444267	0.0	1415116	5281.4459198951145	0.30000000000000027
999.5085253911216	300	59.51097905764953	0.0	157812	762.657576793	-2.25
1002.1818342331571	300	59.72186942979506	0.0	163927	789.109627854	0.3
1003.422773673653	300	59.753499316637765	0.0	137654	468.370113157	0.3
1007.1893794818075	750	59.98689350848319	0.0	359903	1266.60580815	0.3
1011.2436265944483	300	59.89935751990932	0.0	153938	587.535988574	-0.15000000000000002
1014.4802537101885	300	59.7243995240727	0.0	181901	674.957995837	0.3
1016.274466174354	300	59.81812785194175	0.0	111155	406.271672131	0.3
1017.0958567414484	300	59.81140296441177	0.0	153605	506.72488753	0.3
1021.172559477048	300	59.73470022881218	0.0	149029	576.7027356	0.3
1024.9876838182495	750	59.91957588761073	0.0	358218	1315.124341201444	0.3
1027.749587736521	300	59.77187030665768	0.0	157488	647.705580953	-0.15000000000000002
1029.4283127988192	300	59.69960694416784	0.0	143881	572.26336249	0.3
1033.1523507484799	750	59.975568994507206	0.0	412837	1724.03794966	0.3
1037.3867367279317	300	59.741183015055434	0.0	179328	734.3859794517797	-0.15000000000000002
1040.9814842019075	300	59.60625209252797	0.0	159914	634.930922527	0.3
1043.270973463209	300	59.90141573760136	0.0	131610	704.836354927	0.3
1044.1272160328529	300	59.9756209059669	0.0	124011	425.794831634	0.3
1048.557850158658	300	59.54498678016165	0.0	144254	430.634125805	0.3
1052.501204021921	300	59.601632916898794	0.0	149991	443.3538632628565	0.3
1055.4389134251344	300	59.66499607883066	0.0	147968	436.636838068	0.3
1057.2940097570663	300	59.69798419543755	0.0	161857	467.011883393	0.3
1057.9589615777695	300	59.769550509355405	0.0	145210	428.433686082	0.3
1061.9877646099353	300	59.740747477189686	0.0	172312	528.803032166	0.3
1065.6231508499316	300	59.72571494058471	0.0	167025	515.032536605	0.3
1068.2422082526691	300	59.686363090911776	0.0	160064	539.351849673	0.3
1069.710929369224	300	59.701855309166596	0.0	137507	484.507781745	0.3
1073.6999062001673	300	59.71287847822331	0.0	118421	488.976830943	0.3

