620.659747256357	750	4.0	2.0801608006986387	450283	2080.1608007	-8.194691443004146
622.5115088768728	750	6.148238379484318	0.0	398865	1851.76162052	0.75
623.2127548246507	300	9.446992431706345	0.0	139857	701.245947778	-0.15000000000000002
623.9812258191923	300	12.67852143716467	0.0	155432	768.470994542	0.3
624.7702216138107	300	15.889525642546232	0.0	163442	788.995794618	0.3
625.3980512408746	300	19.26169601548239	0.0	126289	627.829627064	0.3
626.1430303180765	300	22.516716938280485	0.0	153295	744.979077202	0.3
626.9771706852931	300	25.68257657106385	0.0	173849	834.140367217	0.3
627.7109362792465	300	28.94881097711037	0.0	150710	733.765593953	0.3
628.3943604909572	300	32.2653867653998	0.0	139105	683.424211711	0.3
629.0896488715979	300	35.5700983847591	0.0	141840	695.288380641	0.3
629.8455301191381	300	38.81421713721886	0.0	156148	755.88124754	0.3
630.6194878097622	300	42.040259446594845	0.0	160746	773.957690624	0.3
631.4757079753145	300	45.18403928104242	0.0	179801	856.220165552	0.3
632.1603231354403	300	48.49942412091661	0.0	140051	684.615160126	0.3
632.837435163505	300	51.82231209285196	0.0	138313	677.112028065	0.3
633.5369788798262	300	55.122768376530786	0.0	143509	699.543716321	0.3
634.2672042759855	300	58.39254298037146	0.0	150616	730.225396159	0.3
637.0227829626007	300	59.598562547227466	0.0	165384	793.980433144	0.3
638.2130927672149	300	59.94420677165597	0.0	140881	654.355775572	0.3
642.5622818820408	300	59.59501765683009	0.0	157671	849.189114826	0.3
646.3917080661344	300	59.765591472736475	0.0	157812	829.4261840936131	0.3
650.3565069722046	750	59.80079256666631	0.0	401853	1964.798906070164	0.3
652.6540325589449	300	59.5817138903123	0.0	137654	719.078676354	-0.15000000000000002
653.6198580729598	300	59.848024588498035	0.0	146754	733.689301814	0.3
657.8202327326994	300	59.647649928758455	0.0	153938	700.37465974	0.3
661.6431993398409	300	59.82468332161688	0.0	181901	822.9666071415674	0.3
664.3182391085683	300	59.7449021767941	0.0	111155	579.781144823	0.3
665.861556297011	300	59.980872894524985	0.0	153605	764.029282269	0.3
670.1566354370293	300	59.685793754506626	0.0	149029	795.079140018	0.3
673.9780031821061	300	59.86442600942979	0.0	157421	821.3677450768312	0.3
677.7768943895512	300	59.542847801341686	0.0	157488	821.578208088	0.3
680.1300123530639	300	59.814945319263806	0.0	143881	727.902482078	0.3
681.7615007993073	300	59.52180883685955	0.0	163444	793.136482404	0.3
685.6255931617218	300	59.657716474445074	0.0	179328	864.092362414	0.3
689.380081514522	300	59.90322812164492	0.0	159914	754.4883528001556	0.3
692.3194703231629	300	59.79200005685132	0.0	131610	611.228064794	0.3
694.3177178706583	300	59.66695665502734	0.0	124011	625.043401824	0.3
697.9946285452976	300	59.990045980388025	0.0	144254	676.910674639	0.3
702.2580822855468	300	59.72659224013879	0.0	149991	763.4537402492282	0.3
705.8463906454795	300	59.96922234045242	0.0	147968	757.369899686	0.3
708.0950670368172	300	59.97035337490662	0.0	161857	498.868965546	0.3
710.0973628332868	750	59.80410918956786	0.0	372093	1166.24418534	0.3
714.133816648702	300	59.767655374152554	0.0	172312	536.453815415	-0.15000000000000002
718.0895158681767	300	59.81195615467785	0.0	167025	455.69921947470897	0.3
720.944820363052	300	59.92840623025052	0.0	160064	383.549924427	0.3
723.0828699094958	300	59.555258742252704	0.0	137507	373.147487998	0.3
723.8538743122405	300	59.76220757010335	0.0	118421	293.051172149	0.3

