7810.805381201445	750	4.0	1.761690095375136	450283	1761.69009538	-6.825267410113084
7811.377354213225	300	7.428026988220747	0.0	155580	571.973011779	-0.15000000000000002
7811.97345550941	300	10.8319256920355	0.0	139857	596.101296185	0.3
7812.668337929656	300	14.137043271788887	0.0	155432	694.882420247	0.3
7813.450201103655	300	17.35518009779066	0.0	163442	781.863173998	0.3
7813.978323302656	300	20.827057898789793	0.0	126289	528.122199001	0.3
7814.5993565227545	300	24.20602467869009	0.0	153295	621.0332201	0.3
7815.271779293204	300	27.533601908240634	0.0	173849	672.422770449	0.3
7815.881790104194	300	30.923591097252004	0.0	150710	610.010810989	0.3
7816.550142955181	300	34.25523824626466	0.0	139105	668.352850987	0.3
7817.184379726449	300	37.62100147499721	0.0	141840	634.236771267	0.3
7817.815251333619	300	40.990129867826795	0.0	156148	630.87160717	0.3
7818.461383165166	300	44.34399803628003	0.0	160746	646.131831547	0.3
7819.173845021561	300	47.63153617988465	0.0	179801	712.461856395	0.3
7819.772848186437	300	51.03253301500843	0.0	140051	599.003164876	0.3
7820.367764655329	300	54.437616546117376	0.0	138313	594.916468891	0.3
7820.961884647961	300	57.84349655348469	0.0	143509	594.119992633	0.3
7822.112995415001	300	59.72603794090965	0.0	150616	617.458612575	0.3
7823.304822104182	300	59.84745067355196	0.0	165384	878.5872673576878	0.3
7824.672210793465	300	59.51537603982238	0.0	140881	832.0746337295832	0.3
7825.456713408304	300	59.84078176017929	0.0	157671	674.5942796430818	0.3
7826.120535735796	300	59.75432476403038	0.0	157812	586.456996149	0.3
7827.630788083289	300	59.98788125595637	0.0	163927	766.443508074	0.3
7828.944118819039	300	59.89812030779055	0.0	137654	589.7609481658174	0.3
7830.245995194301	300	59.79846701395218	0.0	146754	599.6532938383759	0.3
7832.243184998486	750	59.84648365257143	0.0	379700	1451.9833613807518	0.3
7833.586617733831	300	59.64237050630054	0.0	181901	704.113146270889	-0.15000000000000002
7834.507890058677	300	59.69689413841504	0.0	111155	445.4763678854995	0.3
7836.45845152457	750	59.65901138394855	0.0	400396	1537.882754466489	0.3
7837.274818278238	300	59.9021673628274	0.0	149029	756.8440211211464	-0.15000000000000002
7838.185511839317	300	59.67708194856181	0.0	157421	725.085414266	0.3
7838.897648934488	300	59.59831747438275	0.0	157488	578.764474179	0.3
7839.624513650653	300	59.50207142679682	0.0	143881	596.246047586	0.3
7840.918357518847	300	59.87545882698912	0.0	163444	626.612599808	0.3
7843.838565646829	1200	59.944470397191076	0.0	690253	2430.9884297980407	0.29999999999999993
7844.944445151701	300	59.83614049384721	0.0	159914	608.3299033438698	-0.6000000000000001
7845.939638354618	300	59.78731869315258	0.0	131610	548.821800695	0.3
7846.95285801185	300	59.69889456564784	0.0	124011	588.424127505	0.3
7848.101221498289	300	59.53711058729166	0.0	144254	661.783978356181	0.3
7849.6738628303065	300	59.944079675324495	0.0	149991	593.030911967	0.3
7850.848180526011	300	59.53672603749764	0.0	147968	907.353637826853	0.3
7852.415933219108	300	59.836331719887504	0.0	161857	700.39431761	0.3
7853.902242933099	300	59.70135605063593	0.0	145210	634.975669251575	0.3
7855.225131856972	300	59.9110786110689	0.0	172312	790.2774395670302	0.3
7856.800451309698	300	59.57972462685907	0.0	167025	831.3539842098304	0.3
7858.396190169635	300	59.59383793114833	0.0	160064	985.8866957107364	0.3
7860.261887046372	750	59.6609155748928	0.0	331053	1432.9223562555321	0.3
7861.207153659155	300	59.58966952874294	0.0	118421	571.24604615	-0.15000000000000002

