2345.259942620986	750	4.0	1.7082233800268312	450283	1708.22338003	-6.595360534115374
2346.279528622152	300	6.980413998833261	0.0	155580	1019.58600117	-0.15000000000000002
2347.1995901774912	300	10.060352443494322	0.0	139857	920.061555339	0.3
2348.08161288131	300	13.178329739675954	0.0	155432	882.022703818	0.3
2349.1894863098637	300	16.070456311122307	0.0	163442	1107.87342855	0.3
2349.7963030611495	300	19.463639559836512	0.0	126289	606.816751286	0.3
2350.4913071034252	300	22.768635517560785	0.0	153295	695.004042276	0.3
2351.217090773009	300	26.042851847976593	0.0	173849	725.783669584	0.3
2351.8429663391335	300	29.4169762818521	0.0	150710	625.875566124	0.3
2352.4159842374147	300	32.84395838357104	0.0	139105	573.017898281	0.3
2352.9525490329065	300	36.3073935880794	0.0	141840	536.564795492	0.3
2353.4937663343153	300	39.76617628667084	0.0	156148	541.217301409	0.3
2354.102433827146	300	43.15750879384017	0.0	160746	608.667492831	0.3
2354.8860182528942	300	46.373924368091785	0.0	179801	783.584425748	0.3
2355.4629656524426	300	49.796976968543575	0.0	140051	576.947399548	0.3
2356.024263608075	300	53.23567901291069	0.0	138313	561.297955633	0.3
2356.6593884531335	300	56.60055416785234	0.0	143509	635.124845058	0.3
2357.4013640602097	300	59.858578560776195	0.0	150616	741.975607076	0.3
2358.969334830566	300	59.63941558522336	0.0	165384	719.162975553	0.3
2365.115666688275	300	57.49308372751446	0.0	140881	6146.331857708899	0.3
2366.7521562473726	300	59.67690877422157	0.0	157671	1316.174953292891	0.3
2367.899645616774	300	59.707821392423554	0.0	157812	969.0873817980149	0.3
2369.2533874371825	300	59.55565147602088	0.0	163927	1152.1699164026816	0.3
2371.40347689958	300	59.97089269682529	0.0	137654	1584.7587791955903	0.3
2377.096414454396	750	58.27795514200927	0.0	359903	5692.937554816019	0.3
2378.093262898676	300	59.50866503887794	0.0	153938	769.2901031313202	-0.15000000000000002
2379.583998042678	300	59.732076637451456	0.0	181901	776.588401426	0.3
2380.4498052856475	300	59.86024638725431	0.0	111155	371.83025019714484	0.3
2381.605468391627	300	59.97940333065102	0.0	153605	880.8430566032878	0.3
2382.473631507972	300	59.87823179716614	0.0	149029	601.171533485	0.3
2383.5219235264217	300	59.692081579371994	0.0	157421	686.150217794	0.3
2385.420477142239	300	59.557875671790676	0.0	157488	634.205907581	0.3
2387.7727095423916	300	59.6349333258326	0.0	143881	922.9423459580696	0.3
2388.8849472093807	300	59.74745951943525	0.0	163444	887.4738063973484	0.3
2390.368562189207	300	59.94903395981785	0.0	179328	798.425559617	0.3
2391.4023703345215	300	59.554224597265076	0.0	159914	894.8093625527686	0.3
2392.9407587310848	300	59.8595297903643	0.0	131610	694.694806901	0.3
2394.343540080819	300	59.77498591032876	0.0	124011	584.5438800355406	0.3
2405.9074613593657	4300	52.21106463178157	0.0	2133870	11563.921278547194	0.2999999999999998
2407.447708515205	750	54.67081747594258	0.0	390680	1540.24715584	-2.8
2409.112173809953	300	57.00635218119445	0.0	147968	1664.4652947481218	-0.15000000000000002
2411.194789437395	300	58.923736553752946	0.0	161857	2082.6156274415043	0.3
2413.701213553642	300	59.59426790876627	0.0	145210	1829.4686449866795	0.3
2416.403586567887	300	59.7715591372739	0.0	172312	2322.7087714923687	0.3
2419.1767710127997	300	59.794299036194005	0.0	167025	2477.260101079901	0.3
2421.149402088147	300	59.92094567043706	0.0	160064	873.353365757	0.3
2422.8288329174225	300	59.59136911059409	0.0	137507	1329.5765598429668	0.3
2426.3935214886983	300	59.938451959672626	0.0	118421	1652.91715092	0.3

