12136.257527949012	750	4.0	2.4613393937029384	450283	2461.3393937	-9.833759392922635
12139.247773021329	750	5.009754927683519	0.0	398865	2990.24507232	0.75
12140.09006632741	300	8.167461621602785	0.0	139857	842.293306081	-0.15000000000000002
12141.035583362327	300	11.221944586685392	0.0	155432	945.517034917	0.3
12142.033152485134	300	14.224375463878376	0.0	163442	997.569122807	0.3
12142.821364338775	300	17.43616361023666	0.0	126289	788.211853642	0.3
12143.719947257709	300	20.537580691303308	0.0	153295	898.582918933	0.3
12144.681915646268	300	23.575612302743508	0.0	173849	961.96838856	0.3
12145.480404700726	300	26.777123248286202	0.0	150710	798.489054457	0.3
12146.005469490361	300	30.252058458652545	0.0	139105	525.064789634	0.3
12146.539284879898	300	33.71824306911487	0.0	141840	533.815389538	0.3
12147.206264531327	300	37.05126341768695	0.0	156148	666.979651428	0.3
12147.986087525564	300	40.27144042345122	0.0	160746	779.822994236	0.3
12149.127622476575	300	43.129905472438644	0.0	179801	1141.53495101	0.3
12149.839996118457	300	46.41753183055915	0.0	140051	712.373641879	0.3
12150.531992134476	300	49.72553581453898	0.0	138313	691.99601602	0.3
12151.233646888646	300	53.023881060369604	0.0	143509	701.654754169	0.3
12152.080289397289	300	56.177238551727704	0.0	150616	846.642508642	0.3
12152.887493437825	300	59.370034511190674	0.0	165384	807.204040537	0.3
12154.07781344856	300	59.740026947078725	0.0	140881	630.007564112	0.3
12155.054991120844	300	59.98109433425069	0.0	157671	758.9326128280264	0.3
12156.120133945185	300	59.75314545180567	0.0	157812	727.948882445	0.3
12157.712432395374	300	59.97609319766018	0.0	163927	777.0522541454912	0.3
12158.963345423093	300	59.82725978182212	0.0	137654	648.833415838061	0.3
12160.37775704901	300	59.62159377480394	0.0	146754	705.6660070181744	0.3
12164.379829656156	1200	59.61952116765769	0.0	590335	3502.0726071462523	0.29999999999999993
12165.41521468858	300	59.84723776446822	0.0	181901	772.2834031894669	-0.6000000000000001
12166.233878088351	300	59.52245687920066	0.0	111155	324.780885268	0.3
12166.946760489576	300	59.59445693583944	0.0	153605	427.999943361	0.3
12168.490381476924	300	59.664587671096875	0.0	149029	429.869264743	0.3
12169.644070837876	300	59.71061885192338	0.0	157421	453.96881917349526	0.3
12170.963582611928	750	59.82022323578734	0.0	400322	890.3956161360416	0.3
12171.75590027709	300	59.83862248216313	0.0	143881	481.600753624	-0.15000000000000002
12172.801293760296	300	59.87228419633066	0.0	163444	966.3382858324667	0.3
12174.028144480868	300	59.73788643473119	0.0	179328	1134.397761599472	0.3
12175.674955426739	300	59.81570744128134	0.0	159914	922.17899345	0.3
12176.724555645402	300	59.852723308160705	0.0	131610	462.9841331206345	0.3
12177.590262618956	300	59.81267786415421	0.0	124011	540.045444006	0.3
12178.26648833611	300	59.83189577035158	0.0	144254	480.782093803	0.3
12178.848873207931	300	59.81992514611657	0.0	149991	511.970624235	0.3
12180.306365120114	300	59.5513863138186	0.0	147968	1268.5388322979725	0.3
12182.70244541024	300	59.56282270869763	0.0	161857	1488.5636051209676	0.3
12184.575986581312	300	59.513810465664086	0.0	145210	1049.0122430335455	0.3
12186.316844324512	300	59.501646058083914	0.0	172312	1012.1644075801753	0.3
12189.146293175467	750	59.64026830041646	0.0	398987	2361.3777576674534	0.3
12190.482291318896	300	59.63180477534467	0.0	160064	1008.4635250717945	-0.15000000000000002
12191.627336501502	300	59.619049493221596	0.0	137507	1012.7552821230743	0.3
12192.124173831478	300	59.625775778474726	0.0	118421	493.273714747	0.3

