7297.319773643503	750	4.0	6.63156161217316	450283	6631.56161217	-27.765714932344586
7298.630658797099	300	6.689114846403775	0.0	155580	1310.8851536	-0.15000000000000002
7309.932349901257	300	4.0	4.612576257754185	139857	11301.6911042	-19.534077908342994
7310.915781881882	750	7.016568019375037	0.0	382355	983.431980625	0.3
7311.524797782614	300	10.40755211864338	0.0	163442	609.015900732	-0.15000000000000002
7312.566053932169	750	13.366295969089203	0.0	318564	1041.25614955	0.3
7313.031744181096	300	16.900605720162435	0.0	153295	465.690248927	-0.15000000000000002
7313.564013588795	300	20.368336312462255	0.0	173849	532.2694077	0.3
7314.048712836916	300	23.883637064341954	0.0	150710	484.69924812	0.3
7314.507519510554	300	27.42483039070297	0.0	139105	458.806673639	0.3
7315.111397626897	300	30.820952274359477	0.0	141840	603.878116343	0.3
7315.717530916779	300	34.21481898447843	0.0	156148	606.133289881	0.3
7316.140748595864	300	37.79160130539227	0.0	160746	423.217679086	0.3
7316.604651659813	300	41.32769824144437	0.0	179801	463.903063948	0.3
7316.987561566117	300	44.94478833514051	0.0	140051	382.909906304	0.3
7317.374881105069	300	48.55746879618759	0.0	138313	387.319538953	0.3
7317.773745707207	300	52.158604194049	0.0	143509	398.864602139	0.3
7318.205566353044	300	55.72678354821258	0.0	150616	431.820645836	0.3
7318.757830635316	300	59.17451926594027	0.0	165384	552.264282272	0.3
7320.192038127597	300	59.69222482179328	0.0	140881	482.294444147	0.3
7321.230656086613	300	59.85887236635234	0.0	157671	333.3524554409422	0.3
7322.227115559409	750	59.92327538174129	0.0	399894	435.59698461104915	0.3
7323.991397596522	1200	59.53156560727784	0.0	656471	891.7097744634453	0.75
7331.253533032836	300	56.26943017096456	0.0	137654	7262.135436313282	-0.6000000000000001
7331.985939856997	750	59.53702334680368	0.0	359903	232.406824161	0.3
7332.403429518409	300	59.89183577765956	0.0	153938	145.187569144	-0.15000000000000002
7332.943913170227	300	59.717744997884566	0.0	181901	174.090779775	0.3
7333.635281798058	750	59.515257119990494	0.0	277716	202.487877894	0.3
7333.908396508597	300	59.83314013968942	0.0	153605	182.116980301	-0.15000000000000002
7334.514132437775	750	59.53577104021994	0.0	400508	297.369099469	0.3
7334.910606023449	300	59.70171766223685	0.0	157421	334.053377983	-0.15000000000000002
7336.07598156901	300	59.86023999330111	0.0	157488	341.477668936	0.3
7337.247998382057	300	59.646180525090855	0.0	143881	214.05946821	0.3
7338.31973200948	300	59.79929238379775	0.0	163444	346.88814129310634	0.3
7339.197613066074	300	59.93277459856505	0.0	179328	366.51778523270656	0.3
7340.408692955259	300	59.54291628965426	0.0	159914	389.858308911	0.3
7342.8921805604205	750	59.671783277209805	0.0	321064	1871.133012444452	0.3
7344.232661937736	300	59.51771988491069	0.0	124011	654.0633922991104	-0.15000000000000002
7345.1725535992455	300	59.60098304666401	0.0	144254	416.7368382466814	0.3
7346.133780504889	300	59.59194700547408	0.0	149991	509.03604119	0.3
7347.073176550113	300	59.55834441508839	0.0	147968	533.602590386	0.3
7347.815877041723	300	59.84989089670365	0.0	161857	708.4535183847479	0.3
7349.138800371152	300	59.91555271860119	0.0	145210	434.338178102	0.3
7350.3803419029055	300	59.69907452838735	0.0	172312	1216.4781902138438	0.3
7352.1256691695635	300	59.798942565827886	0.0	167025	900.131962559	0.3
7353.505466083724	300	59.99164176079757	0.0	160064	807.3008050303147	0.3
7354.420715468146	300	59.780265123151715	0.0	137507	211.376637646	0.3
7355.447177325706	750	59.82897056775917	0.0	314107	451.29455539254565	0.3

