13450.813451169337	750	4.0	19.234644921198402	450283	19234.6449212	-81.95897316115312
13453.534727822464	300	5.278723346872359	0.0	155580	2721.27665313	-0.15000000000000002
13455.977889687993	300	6.835561481343648	0.0	139857	2443.16186553	0.3
13458.736342224209	300	8.07710894512738	0.0	155432	2758.45253622	0.3
13461.65863878007	300	9.154812389265562	0.0	163442	2922.29655586	0.3
13463.866073967833	300	10.947377201503672	0.0	126289	2207.43518776	0.3
13466.514201510601	300	12.29924965873575	0.0	153295	2648.12754277	0.3
13469.703091358217	300	13.110359811119135	0.0	173849	3188.88984762	0.3
13472.50801414182	300	14.305437027514614	0.0	150710	2804.9227836	0.3
13478.72534774986	750	12.088103419476512	0.0	362795	6217.33360804	0.3
13481.239765306364	300	13.573685862973361	0.0	141840	2514.4175565	-0.15000000000000002
13483.95888542573	300	14.85456574360436	0.0	156148	2719.12011937	0.3
13486.720613519263	300	16.0928376500727	0.0	160746	2761.72809353	0.3
13489.854280483356	300	16.959170685979377	0.0	179801	3133.66696409	0.3
13492.330842327216	300	18.48260884212013	0.0	140051	2476.56184386	0.3
13494.761333229011	300	20.052117940324663	0.0	138313	2430.4909018	0.3
13497.276169392628	300	21.537281776707147	0.0	143509	2514.83616362	0.3
13499.92334317065	300	22.890107998684844	0.0	150616	2647.17377802	0.3
13502.826749665284	300	23.98670150405095	0.0	165384	2903.40649463	0.3
13505.299668851649	300	25.513782317686573	0.0	140881	2472.91918636	0.3
13512.023317754487	750	22.790133414848707	0.0	386472	6723.64890284	0.3
13514.79085259416	300	24.022598575175245	0.0	157812	2767.53483967	-0.15000000000000002
13517.618145766191	300	25.195305403144083	0.0	163927	2827.29317203	0.3
13520.066577026435	300	26.74687414290131	0.0	137654	2448.43126024	0.3
13522.70640427115	300	28.107046898185878	0.0	146754	2639.82724472	0.3
13525.728490438749	300	29.084960730587547	0.0	153938	3022.0861676	0.3
13529.312992576975	300	29.50045859236046	0.0	181901	3584.50213823	0.3
13531.228945239112	300	31.58450593022497	0.0	111155	1915.95266214	0.3
13533.846046662055	300	32.967404507281145	0.0	153605	2617.10142294	0.3
13536.70366314783	300	34.10978802150736	0.0	149029	2857.61648577	0.3
13539.648415531736	300	35.165035637601385	0.0	157421	2944.75238391	0.3
13542.332717504956	300	36.480733664382264	0.0	157488	2684.30197322	0.3
13544.794103936094	300	38.0193472332436	0.0	143881	2461.38643114	0.3
13547.586784127658	300	39.22666704168102	0.0	163444	2792.68019156	0.3
13550.640465233935	300	40.17298593540492	0.0	179328	3053.68110628	0.3
13553.369045618103	300	41.44440555123704	0.0	159914	2728.58038417	0.3
13555.65986756705	300	43.15358360229171	0.0	131610	2290.82194895	0.3
13557.852267960874	300	44.96118320846619	0.0	124011	2192.40039383	0.3
13560.393387377037	300	46.420063792303324	0.0	144254	2541.11941616	0.3
13563.042758126077	300	47.77069304326111	0.0	149991	2649.37074904	0.3
13565.677717785285	300	49.13573338405419	0.0	147968	2634.95965921	0.3
13572.376846474033	750	46.436604695307516	0.0	384505	6699.12868875	0.3
13578.76860323731	750	44.044847932031665	0.0	372093	6391.75676328	0.75
13581.76143880396	300	45.05201236538114	0.0	172312	2992.83556665	-0.15000000000000002
13584.630527584733	300	46.182923584606606	0.0	167025	2869.08878077	0.3
13587.388647996004	300	47.424803173335484	0.0	160064	2758.12041127	0.3
13589.770523133588	300	49.04292803575313	0.0	137507	2381.87513758	0.3
13591.815549575154	300	50.997901594186835	0.0	118421	2045.02644157	0.3

