12328.926820768076	750	4.0	1.3064924616647091	450283	1306.49246166	-4.867917585158249
12329.407354968143	300	7.519465799932421	0.0	155580	480.534200068	-0.15000000000000002
12329.847410962608	300	11.079409805467504	0.0	139857	440.055994465	0.3
12330.53360625538	300	14.393214512693921	0.0	155432	686.195292774	0.3
12331.170181434807	300	17.756639333268495	0.0	163442	636.575179425	0.3
12332.041521909889	750	20.885298858186985	0.0	318564	871.340475082	0.3
12332.520269626544	300	24.406551141531615	0.0	153295	478.747716655	-0.15000000000000002
12333.056199735216	300	27.870621032859123	0.0	173849	535.930108672	0.3
12334.310603820575	750	30.616216947500952	0.0	374758	1254.40408536	0.3
12335.38800725036	750	33.53881351771614	0.0	362795	1077.40342978	0.75
12336.02074555676	300	36.9060752113145	0.0	141840	632.738306402	-0.15000000000000002
12336.670507675824	300	40.25631309225061	0.0	156148	649.762119064	0.3
12337.14957917533	300	43.77724159274714	0.0	160746	479.071499503	0.3
12337.675957030342	300	47.250863737732246	0.0	179801	526.377855015	0.3
12338.638225730823	300	50.28859503725262	0.0	140051	962.26870048	0.3
12339.750749170737	300	53.17607159733932	0.0	138313	1112.52343991	0.3
12343.946568795862	750	52.98025197221457	0.0	360831	4195.81962512	0.3
12347.585079459219	300	53.34174130885823	0.0	150616	3638.51066336	-0.15000000000000002
12349.636153356114	300	55.29066741196293	0.0	165384	2051.0738969	0.3
12352.094997959268	300	56.83182280880918	0.0	140881	2458.84460315	0.3
12355.422321152606	300	57.50449961547157	0.0	157671	3327.32319334	0.3
12358.541154822497	750	58.38566594558084	0.0	399894	3118.83366989	0.3
12359.598450365344	300	59.647431432199724	0.0	163927	238.234513381	-0.15000000000000002
12360.90117495797	750	59.61559965061946	0.0	343800	531.8317815802643	0.3
12361.727196464693	300	59.798035302780484	0.0	146754	317.5643478389769	-0.15000000000000002
12373.679872595898	300	51.84535917157516	0.0	153938	11952.67613120532	0.3
12376.994673069346	300	52.530558698127926	0.0	181901	3314.8004734472343	0.3
12380.83067643489	300	52.694555332583015	0.0	111155	3836.003365544918	0.3
12383.12854354918	300	54.39668821829349	0.0	153605	2297.867114289519	0.3
12384.332151705892	300	57.193080061580254	0.0	149029	1203.6081567132396	0.3
12386.164770129144	300	59.36046163832863	0.0	157421	1832.6184232516266	0.3
12389.712223953824	300	59.8130078136477	0.0	157488	3047.4538246809216	0.3
12392.765693573041	300	59.713015328047646	0.0	143881	2099.992485600056	0.3
12395.020396146929	300	59.77240260791241	0.0	163444	1440.6127201352363	0.3
12398.135279792861	300	59.83200571182192	0.0	179328	2440.3968960904926	0.3
12402.231643678537	300	59.735641826147415	0.0	159914	4096.363885674501	0.3
12406.626608666476	300	59.3406768382087	0.0	131610	4394.964987938717	0.3
12408.083935325585	300	59.82492132038188	0.0	124011	1015.75551783	0.3
12408.787072945654	300	59.65413808098903	0.0	144254	170.783239393	0.3
12409.288884188372	750	59.879409649967705	0.0	390680	274.728431021	0.3
12409.76208435986	300	59.71635097007239	0.0	147968	163.058679895	-0.15000000000000002
12410.610241689732	300	59.90734305093235	0.0	161857	809.0079191400465	0.3
12411.7206362866	300	59.58172045786431	0.0	145210	825.622593068	0.3
12415.317592108551	300	59.98476463591231	0.0	172312	3096.9558219519968	0.3
12420.62143156996	750	58.68092517450433	0.0	398987	5303.839461407977	0.3
12421.889254316038	750	59.76979744504589	0.0	393804	411.127729458	0.75
12422.965151554718	300	59.620196334015624	0.0	137507	149.60111103	-0.15000000000000002
12423.576840778294	300	59.98749978605091	0.0	118421	132.696547965	0.3

