6576.630879250442	750	4.0	7.402012941794677	450283	7402.01294179	-31.07865564971711
6577.818650165867	300	6.812229084575938	0.0	155580	1187.77091542	-0.15000000000000002
6578.894469145931	300	9.736410104511258	0.0	139857	1075.81898006	0.3
6580.092358595308	300	12.538520655134187	0.0	155432	1197.88944938	0.3
6581.36053383738	300	15.270345413062074	0.0	163442	1268.17524207	0.3
6582.358617702886	300	18.272261547555992	0.0	126289	998.083865506	0.3
6583.55302724103	300	21.077852009411302	0.0	153295	1194.40953814	0.3
6584.897352701317	300	23.733526549124125	0.0	173849	1344.32546029	0.3
6586.092320689729	300	26.538558560712513	0.0	150710	1194.96798841	0.3
6587.201433701659	300	29.429445548782336	0.0	139105	1109.11301193	0.3
6589.894591374452	750	30.73628787598856	0.0	353220	2693.15767279	0.3
6591.111179842817	300	33.519699407623406	0.0	156148	1216.58846837	-0.15000000000000002
6592.356873864997	300	36.27400538544384	0.0	160746	1245.69402218	0.3
6593.740750483276	300	38.890128767164654	0.0	179801	1383.87661828	0.3
6594.836368996336	300	41.79451025410512	0.0	140051	1095.61851306	0.3
6598.189660091736	300	42.44121915870459	0.0	138313	3353.2910954	0.3
6601.260098134899	300	43.37078111554269	0.0	143509	3070.43804316	0.3
6602.409522003168	300	46.221357247273765	0.0	150616	1149.42386827	0.3
6603.663803600274	300	48.967075650167295	0.0	165384	1254.28159711	0.3
6604.744105719475	300	51.88677353096618	0.0	140881	1080.3021192	0.3
6605.944357885108	300	54.686521365334265	0.0	157671	1200.25216563	0.3
6607.1685860085745	300	57.46229324186708	0.0	157812	1224.22812347	0.3
6608.937151412952	300	59.69372783748969	0.0	163927	1268.56540438	0.3
6611.881578485013	300	59.61565685361171	0.0	137654	1078.07098388	0.3
6616.125324683993	300	59.37191065463122	0.0	146754	4243.746198980485	0.3
6619.696019341816	300	59.80121599680839	0.0	153938	1570.69465782	0.3
6623.697738155989	300	59.79949718263519	0.0	181901	1501.7188141731945	0.3
6626.802624973367	300	59.92831165352564	0.0	111155	871.18552911	0.3
6629.311449345656	300	59.75075011151616	0.0	153605	1177.56154201	0.3
6631.322566035815	300	59.87082318157586	0.0	149029	1879.92692994	0.3
6635.570046331651	300	59.623342885739916	0.0	157421	1247.48029584	0.3
6639.40094585808	300	59.792443359310624	0.0	157488	1330.8995264292953	0.3
6644.130775275771	1200	59.06261394161915	0.0	584349	4729.829417691469	0.29999999999999993
6646.354239648311	300	59.76058125543738	0.0	163444	1302.03268618	-0.6000000000000001
6650.240969788003	300	59.873851115745474	0.0	179328	1386.73013969	0.3
6654.477985902197	300	59.63683500155079	0.0	159914	1237.0161141946821	0.3
6658.343492945481	300	59.60667045003084	0.0	131610	1030.16455152	0.3
6661.111865904863	300	59.85015521622155	0.0	124011	1256.51523381	0.3
6663.5789112493985	300	59.58256140674064	0.0	144254	1767.59380948	0.3
6667.641582966677	300	59.519889689461586	0.0	149991	1562.67171728	0.3
6671.651176471443	750	59.510296184695605	0.0	345516	3509.59350476598	0.3
6675.275916170635	300	59.88555648550297	0.0	161857	1624.7396991926364	-0.15000000000000002
6679.292068013563	750	59.665708792185114	0.0	372093	2719.84769332	0.3
6681.076861440184	300	59.88146415367889	0.0	172312	1784.24463851	-0.15000000000000002
6685.449657890487	750	59.50866770337584	0.0	398987	2872.7964503	0.3
6689.324287685154	750	59.63403790870886	0.0	393804	2874.629794666982	0.75
6692.45307485241	300	59.57363184162327	0.0	137507	1060.40606709	-0.15000000000000002
6694.363930897765	300	59.61239436903148	0.0	118421	961.237472592	0.3

