789.121547008452	750	4.0	1.1861490182013807	450283	1186.1490182	-4.350440778265937
789.5735366076631	300	7.548010400789026	0.0	155580	451.989599211	-0.15000000000000002
790.5490874868411	750	10.572459521610893	0.0	350812	975.550879178	0.3
791.0672867009796	300	14.054260307472434	0.0	155432	518.199214138	-0.15000000000000002
791.681096319265	300	17.440450689186996	0.0	163442	613.809618285	0.3
792.2124911901434	300	20.909055818308612	0.0	126289	531.394870878	0.3
792.7732027893297	300	24.348344219122346	0.0	153295	560.711599186	0.3
793.3535416748209	300	27.768005333631105	0.0	173849	580.338885491	0.3
793.8495073400182	300	31.272039668433727	0.0	150710	495.965665197	0.3
794.2962607922149	300	34.825286216237174	0.0	139105	446.753452197	0.3
794.750225133249	300	38.371321875203	0.0	141840	453.964341034	0.3
795.2263694080295	300	41.895177600422485	0.0	156148	476.144274781	0.3
795.711169206569	300	45.41037780188308	0.0	160746	484.799798539	0.3
796.2512764095048	300	48.870270598947286	0.0	179801	540.107202936	0.3
796.6976562921097	300	52.423890716342356	0.0	140051	446.379882605	0.3
797.1394894864655	300	55.982057521986476	0.0	138313	441.833194356	0.3
797.5714207123867	300	59.550126296065386	0.0	143509	431.931225921	0.3
802.0203419886648	1200	59.101205019787265	0.0	581493	4448.92127628	0.29999999999999993
804.3167014826265	300	59.98549727201348	0.0	165384	1615.70774777	-0.6000000000000001
806.582218043756	300	59.903064864542664	0.0	140881	1582.4324074708222	0.3
807.6671823888023	300	59.662124768848884	0.0	157671	240.940095694	0.3
808.3574212130536	300	59.94901748139949	0.0	157812	213.107287449	0.3
809.4356693579101	300	59.60845917737215	0.0	163927	340.558304027	0.3
810.0656414128955	300	59.87231807029411	0.0	137654	236.141107078	0.3
810.8687179070648	300	59.627695297163065	0.0	146754	244.622773131	0.3
811.170384722217	300	59.966088750106096	0.0	153938	161.606547057	0.3
811.7700262109905	750	59.696298139766995	0.0	425781	269.790610339	0.3
812.9881229115721	750	59.96217522869334	0.0	277716	234.122911074	0.75
831.1588058328109	300	45.79149230745446	0.0	153605	18170.68292123888	-0.15000000000000002
831.3229593265835	300	49.62733881368181	0.0	149029	164.153493773	0.3
831.4918516035443	300	53.45844653672105	0.0	157421	168.892276961	0.3
831.6607817139743	300	57.28951642629109	0.0	157488	168.93011043	0.3
832.7399073621018	300	59.628269898182445	0.0	143881	161.246528109	0.3
833.3849918860049	300	59.974667196240425	0.0	163444	153.602701942	0.3
834.1983655109957	300	59.77372129472546	0.0	179328	200.945901515	0.3
835.0500086767188	300	59.61411357360189	0.0	159914	159.607721124	0.3
836.2584076961598	300	59.56593178618113	0.0	131610	548.1817874207625	0.3
837.2252808510458	300	59.622603824748275	0.0	124011	443.32796143285685	0.3
839.322017894313	300	59.79600789984119	0.0	144254	1826.5959249070786	0.3
841.7150787536964	300	59.6945480293296	0.0	149991	2101.459870511583	0.3
842.6874922903229	300	59.81414175545226	0.0	147968	880.4062738773407	0.3
843.0388424893601	300	59.64447028730822	0.0	161857	169.671468144	0.3
843.96782468894	300	59.98081855296484	0.0	145210	163.651734343	0.3
845.1061221337405	300	59.50433506318291	0.0	172312	976.4834897819342	0.3
846.9453538238976	300	59.62562619561364	0.0	167025	878.708867569	0.3
848.4953903124429	300	59.79086936263482	0.0	160064	834.7568329788179	0.3
849.7725566076573	1850	59.719926042810876	0.0	830730	570.9433198239504	0.30000000000000004
850.7359545805931	300	59.55133854403818	0.0	118421	168.587498773	-1.25

