4254.50792918789	750	4.0	1.3527939560497804	450283	1352.79395605	-5.067014011014055
4255.027699918036	300	7.480229269854237	0.0	155580	519.770730146	-0.15000000000000002
4256.721863147375	1200	9.786066040515836	0.0	571051	1694.16322934	0.29999999999999993
4257.241215532824	300	13.26671365506773	0.0	155432	519.352385448	-0.6000000000000001
4258.484555817368	750	16.02337337052267	0.0	411561	1243.34028455	0.3
4260.0475375910455	1200	18.460391596845703	0.0	520315	1562.98177368	0.75
4260.564634749251	300	21.943294438640173	0.0	153295	517.097158206	-0.6000000000000001
4261.140338482947	300	25.367590704944526	0.0	173849	575.703733696	0.3
4261.650064910509	300	28.857864277382273	0.0	150710	509.726427562	0.3
4262.126701462205	300	32.38122772568665	0.0	139105	476.636551696	0.3
4262.611136446516	300	35.89679274137618	0.0	141840	484.43498431	0.3
4263.136368496221	300	39.371560691671505	0.0	156148	525.232049705	0.3
4263.674711037027	300	42.83321815086517	0.0	160746	538.342540806	0.3
4264.267385984955	300	46.240543202937886	0.0	179801	592.674947927	0.3
4264.778496364708	300	49.72943282318402	0.0	140051	511.110379754	0.3
4265.2848778008865	300	53.22305138700551	0.0	138313	506.381436179	0.3
4265.807277094695	300	56.70065209319697	0.0	143509	522.399293809	0.3
4266.851585340423	300	59.656343847468364	0.0	150616	544.308245729	0.3
4268.707703411394	300	59.56650986627393	0.0	165384	589.833981194	0.3
4272.436964552575	300	59.83724872509313	0.0	140881	729.261141181	0.3
4276.533487629367	300	59.74072564830054	0.0	157671	596.5230767925862	0.3
4280.344295056217	750	59.929918221451395	0.0	399894	1310.8074268491494	0.3
4282.549711856482	300	59.86864768861795	0.0	163927	561.270532833	-0.15000000000000002
4283.601192605104	300	59.87498044802281	0.0	137654	493.667240595	0.3
4287.6081217157125	300	59.86805133741482	0.0	146754	506.929110608	0.3
4291.568521194518	300	59.840222907329284	0.0	153938	527.828430086	0.3
4294.616023690076	300	59.74275718391106	0.0	181901	597.465723418	0.3
4296.290155085686	300	59.840709872175324	0.0	111155	402.047311736	0.3
4297.043189344854	300	59.81023478452837	0.0	153605	530.475087647	0.3
4301.06890087906	300	59.78452325032292	0.0	149029	525.711534205	0.3
4304.758791744972	300	59.73371317023008	0.0	157421	550.810080093	0.3
4307.461845667215	300	59.66172660201821	0.0	157488	571.986568212	0.3
4309.0333011051225	300	59.65153256008057	0.0	143881	510.194041938	0.3
4309.632200198424	300	59.59271371141485	0.0	163444	558.818848666	0.3
4313.25117064909	300	59.97374326074751	0.0	179328	618.970450667	0.3
4316.371464659971	300	59.91312160295834	0.0	159914	560.621657789	0.3
4318.349514455544	300	59.91393288171805	0.0	131610	499.18872124	0.3
4319.11753347808	300	59.979353907615604	0.0	124011	434.578974102	0.3
4323.102974870658	300	59.99391251503822	0.0	144254	485.441392577	0.3
4326.764988008732	300	59.992346666506634	0.0	149991	501.565848532	0.3
4329.544850107625	300	59.89263926183167	0.0	147968	599.707404675	0.3
4331.222992643639	300	59.85364534093401	0.0	161857	538.993920898	0.3
4331.79134613433	300	59.849042903146994	0.0	145210	504.602437787	0.3
4335.942781622578	300	59.697607414897995	0.0	172312	651.435488249	0.3
4339.765772755689	300	59.563705118918676	0.0	167025	633.902295979	0.3
4342.1014937855025	300	59.95038902257766	0.0	160064	613.316096341	0.3
4343.198585281653	300	59.973045741238266	0.0	137507	477.343281339	0.3
4347.627075855242	300	59.544555167649165	0.0	118421	428.490573589	0.3

