1483.1060294248007	750	4.0	2.943965711545378	450283	2943.96571155	-11.909052559645126
1487.5218269591628	300	4.0	0.41579753436203465	155580	4415.79753436	-1.9379293977567489
1489.7020843617045	300	5.819742597458242	0.0	139857	2180.25740254	0.3
1491.2878893604352	300	8.233937598727573	0.0	155432	1585.80499873	0.3
1492.6296823728198	300	10.892144586343093	0.0	163442	1341.79301238	0.3
1493.6149862192244	300	13.906840739938346	0.0	126289	985.303846405	0.3
1494.8706143789689	300	16.651212580193892	0.0	153295	1255.62815974	0.3
1496.1001485768743	300	19.421678382288512	0.0	173849	1229.53419791	0.3
1497.1665826519957	300	22.35524430716712	0.0	150710	1066.43407512	0.3
1498.123008704069	300	25.398818255093623	0.0	139105	956.426052073	0.3
1499.0523124699896	300	28.469514489173058	0.0	141840	929.303765921	0.3
1500.5560260008638	300	30.965800958298622	0.0	156148	1503.71353087	0.3
1502.3320936027937	300	33.18973335636874	0.0	160746	1776.06760193	0.3
1505.853475617734	300	33.66835134142838	0.0	179801	3521.38201494	0.3
1510.0448314402647	300	33.476995518897574	0.0	140051	4191.35582253	0.3
1512.676893371861	300	34.84493358730143	0.0	138313	2632.0619316	0.3
1515.8260805823506	300	35.69574637681159	0.0	143509	3149.18721049	0.3
1517.7231638538738	300	37.79866310528869	0.0	150616	1897.08327152	0.3
1524.4052568371937	300	35.11657012196853	0.0	165384	6682.09298332	0.3
1526.3049101268555	300	37.21691683230704	0.0	140881	1899.65328966	0.3
1528.3791714780966	300	39.142655481065695	0.0	157671	2074.26135124	0.3
1531.566122859155	300	39.9557041000073	0.0	157812	3186.95138106	0.3
1534.176244041124	300	41.34558291803856	0.0	163927	2610.12118197	0.3
1536.7927185364329	300	42.729108422729595	0.0	137654	2616.47449531	0.3
1539.4816652170146	300	44.040161742148015	0.0	146754	2688.94668058	0.3
1542.9431804664057	300	44.57864649275693	0.0	153938	3461.51524939	0.3
1547.5122240893816	300	44.009602869781	0.0	181901	4569.04362298	0.3
1549.3219362045907	300	46.19989075457188	0.0	111155	1809.71211521	0.3
1552.4672674819362	300	47.054559477226455	0.0	153605	3145.33127735	0.3
1554.1584937576145	300	49.36333320154822	0.0	149029	1691.22627568	0.3
1555.827294041551	300	51.694532917611426	0.0	157421	1668.80028394	0.3
1557.7379116305947	300	53.78391532856805	0.0	157488	1910.61758904	0.3
1559.387672758805	300	56.13415420035776	0.0	143881	1649.76112821	0.3
1561.4890928499735	300	58.032734109188965	0.0	163444	2101.42009117	0.3
1563.6679047125394	300	59.85392224662304	0.0	179328	2178.81186257	0.3
1565.9420927859364	300	59.75274870956661	0.0	159914	2101.17353706	0.3
1570.9336728828887	1200	58.76116861261439	0.0	487812	4991.580096952219	0.29999999999999993
1573.515242004096	300	59.662681368657225	0.0	124011	1598.4872439571607	-0.6000000000000001
1575.208365076355	300	59.94766077115287	0.0	144254	1215.0205975043584	0.3
1577.6339719210177	300	59.63390858619866	0.0	149991	1813.752184954212	0.3
1579.0239459663826	300	59.76984889337059	0.0	147968	1364.0596928280615	0.3
1580.8458096620413	300	59.78137422180955	0.0	161857	1488.4746715610465	0.3
1582.9891461359791	300	59.99240049688945	0.0	145210	1288.9737249200957	0.3
1585.2684774263523	300	59.78091622621188	0.0	172312	1711.484270677572	0.3
1588.217117872788	300	59.765519512841685	0.0	167025	2515.3967133701944	0.3
1592.4730456906295	750	59.50959169500026	0.0	393804	4255.927817841424	0.3
1596.0464308407784	750	59.69248489537938	0.0	331053	2817.106799620882	0.75
1597.8456558859737	300	59.85601154804569	0.0	118421	1336.4733473336794	-0.15000000000000002

