15760.725469867584	750	4.0	0.2936257375833951	450283	293.625737583	-0.5125906716085988
15760.879280986932	300	7.846188880652335	0.0	155580	153.811119348	-0.15000000000000002
15761.025632714138	300	11.699837153446998	0.0	139857	146.351727205	0.3
15761.179373618512	300	15.546096249073388	0.0	155432	153.740904374	0.3
15761.336914671143	300	19.388555196441807	0.0	163442	157.541052632	0.3
15761.47682939316	300	23.2486404744255	0.0	126289	139.914722016	0.3
15761.724131750461	750	27.001338117123797	0.0	352642	247.302357302	0.3
15761.886610149275	300	30.838859718309863	0.0	173849	162.478398814	-0.15000000000000002
15762.038110816437	300	34.687359051149	0.0	150710	151.500667161	0.3
15762.184105775665	300	38.541364091919945	0.0	139105	145.994959229	0.3
15762.607778932683	1200	42.117690934901646	0.0	607410	423.673157018	0.29999999999999993
15762.778960579331	300	45.946509288253296	0.0	156148	171.181646648	-0.6000000000000001
15762.952827199284	300	49.77264266830213	0.0	160746	173.866619951	0.3
15763.137820867143	300	53.587649000442035	0.0	179801	184.99366786	0.3
15763.299602771458	300	57.42586709612852	0.0	140051	161.781904314	0.3
15763.708895433108	300	59.76510008602994	0.0	138313	160.767010099	0.3
15764.171319133757	300	59.61815106148253	0.0	143509	146.949024547	0.3
15765.283401317869	300	59.929847307477075	0.0	150616	188.303754005	0.3
15765.533751876368	300	59.726561243281	0.0	165384	203.28606419607726	0.3
15765.88124861069	300	59.53634512327083	0.0	140881	190.21612001	0.3
15775.875925886545	300	53.541667847416186	0.0	157671	9994.677275854634	0.3
15776.033714645495	300	57.3838790884666	0.0	157812	157.78875895	0.3
15776.925067229373	300	59.72307612108561	0.0	163927	160.802967381	0.3
15777.890423413573	300	59.56567283723496	0.0	137654	157.403283851	0.3
15778.520932380241	300	59.864394804075516	0.0	146754	201.278033159	0.3
15779.204587425696	300	59.69718274810135	0.0	153938	167.212055974	0.3
15780.276006543781	300	59.87969468379873	0.0	181901	817.4880643026096	0.3
15780.906230328543	300	59.90154831831036	0.0	111155	478.146365488	0.3
15781.404655073973	300	59.688374655232664	0.0	153605	213.173663078	0.3
15782.668376088895	300	59.90913968894729	0.0	149029	279.234966285	0.3
15783.073785825469	300	59.65867784497862	0.0	157421	250.46184396866965	0.3
15784.764512792544	300	59.850788307743656	0.0	157488	807.889537235	0.3
15786.293623132611	300	59.987651852629696	0.0	143881	863.1364551139618	0.3
15787.217388211302	300	59.81875625576114	0.0	163444	168.895596869	0.3
15788.244508555801	300	59.6426308244234	0.0	179328	176.125431338	0.3
15788.881680336532	300	59.95954239063895	0.0	159914	183.088433784	0.3
15790.433897036239	750	59.6204757142579	0.0	321064	839.0666763810509	0.3
15791.450889987605	300	59.678554250237774	0.0	124011	441.9214640201213	-0.15000000000000002
15794.294814299914	300	59.504127837756144	0.0	144254	2174.4264124816227	0.3
15798.750340721868	300	59.04860141580217	0.0	149991	4455.526421953982	0.3
15810.210494310937	1200	51.58844782673166	0.0	566904	11460.153589070507	0.29999999999999993
15810.43401398197	300	55.36492815569981	0.0	161857	223.519671032	-0.6000000000000001
15810.642772648142	300	59.15616948952822	0.0	145210	208.758666172	0.3
15811.359889494499	750	59.6063391903763	0.0	438281	549.8302991519156	0.3
15812.601822187578	300	59.77901611743987	0.0	167025	327.323072936	-0.15000000000000002
15812.951864115661	300	59.521299963470526	0.0	160064	257.71615396935124	0.3
15814.312833175061	300	59.5969783208269	0.0	137507	424.321642644	0.3
15815.42671151064	300	59.718362861416075	0.0	118421	378.61545941082136	0.3

