13972.247852680228	750	4.0	1.902240655804171	450283	1902.2406558	-7.4296348199579345
13972.937376772834	300	7.310475907394686	0.0	155580	689.524092605	-0.15000000000000002
13973.556636460515	300	10.691216219713946	0.0	139857	619.259687681	0.3
13974.402759053692	300	13.84509362653649	0.0	155432	846.122593177	0.3
13975.209843145705	300	17.038009534522704	0.0	163442	807.084092014	0.3
13975.8093772521	300	20.43847542812824	0.0	126289	599.534106394	0.3
13976.625370131183	300	23.62248254904438	0.0	153295	815.992879084	0.3
13977.521983606697	300	26.7258690735292	0.0	173849	896.613475515	0.3
13978.309102148138	300	29.938750532088505	0.0	150710	787.118541441	0.3
13979.304989242612	300	32.94286343761502	0.0	139105	995.887094473	0.3
13979.957040059307	300	36.290812620918096	0.0	141840	652.050816697	0.3
13981.669323506576	750	38.5785291736505	0.0	405134	1712.28344727	0.3
13982.371691564651	300	41.87616111557428	0.0	160746	702.368058076	-0.15000000000000002
13983.086482575138	300	45.16137010508822	0.0	179801	714.791010486	0.3
13983.646099021704	300	48.601753658522426	0.0	140051	559.616446566	0.3
13984.287497531292	300	51.960355148933544	0.0	138313	641.398509589	0.3
13984.953467955433	300	55.29438472479231	0.0	143509	665.970424141	0.3
13985.598180895395	300	58.64967178482887	0.0	150616	644.712939963	0.3
13986.50971655873	300	59.96468838864866	0.0	165384	684.98339618	0.3
13987.39567774764	300	59.839983927771954	0.0	140881	624.704460877	0.3
13988.094105001986	300	59.81739866461405	0.0	157671	522.585263158	0.3
13988.87154657114	300	59.72009887563207	0.0	157812	597.299788982	0.3
13990.443619384034	300	59.97063335927084	0.0	163927	749.465516361	0.3
13991.754417568485	300	59.92653791531173	0.0	137654	544.0954439591126	0.3
13994.052078968216	750	59.591058585692366	0.0	359903	1335.479329619358	0.3
13995.289903689985	300	59.898737259862436	0.0	153938	692.3213258299298	-0.15000000000000002
13996.799366106266	300	59.866257749692984	0.0	181901	1032.479510169455	0.3
13998.609316069522	750	59.65027422112131	0.0	277716	1215.983528571673	0.3
13999.573238903426	300	59.90529602151092	0.0	153605	744.9781996103865	-0.15000000000000002
14000.748436914524	300	59.631169333108495	0.0	149029	774.126688402	0.3
14001.592789000679	300	59.86002895137837	0.0	157421	771.1403817301344	0.3
14002.597621625191	300	59.58421849133529	0.0	157488	775.810460043	0.3
14004.11834919716	300	59.888865787585054	0.0	143881	695.35270375	0.3
14004.950693363093	300	59.58488113872822	0.0	163444	803.9846488568348	0.3
14006.723024322228	300	59.65839541769919	0.0	179328	926.485721029	0.3
14008.72750803347	300	59.524076181129715	0.0	159914	1134.3192365694765	0.3
14010.287598811326	300	59.879113029538665	0.0	131610	1144.963151591046	0.3
14011.921189104818	300	59.95488169592596	0.0	124011	1424.2313336127072	0.3
14014.605213974202	300	59.87254874117277	0.0	144254	2582.332954753191	0.3
14021.069393864316	300	57.40836885105706	0.0	149991	6464.179890115712	0.3
14026.54353375951	300	55.93422895586453	0.0	147968	5474.13989519	0.3
14032.523994001023	300	53.95376871435166	0.0	161857	5980.46024151	0.3
14037.897591631463	300	52.58017108391193	0.0	145210	5373.59763044	0.3
14044.259186527794	300	50.21857618758018	0.0	172312	6361.59489633	0.3
14050.428045037705	300	48.04971767766904	0.0	167025	6168.85850991	0.3
14056.343141870697	300	46.13462084467747	0.0	160064	5915.09683299	0.3
14061.43592838243	300	45.04183433294359	0.0	137507	5092.78651173	0.3
14065.832939091018	300	44.644823624353926	0.0	118421	4397.01070859	0.3

