339.652416609441	750	4.0	0.19199247251522053	450283	191.992472515	-0.07556763181544823
339.76605757409425	300	7.886359035346745	0.0	155580	113.640964653	-0.15000000000000002
339.8762987644369	300	11.776117845004087	0.0	139857	110.241190343	0.3
339.9899077271441	300	15.662508882296896	0.0	155432	113.608962707	0.3
340.1052486870673	300	19.547167922373657	0.0	163442	115.340959923	0.3
340.2125560773816	300	23.43986053205938	0.0	126289	107.307390314	0.3
340.32570295793516	300	27.326713651505834	0.0	153295	113.146880554	0.3
340.4432942168631	300	31.209122392577928	0.0	173849	117.591258928	0.3
340.55588214450734	300	35.096534464933676	0.0	150710	112.587927644	0.3
340.71432907709107	750	38.93808753234993	0.0	362795	158.446932584	0.3
340.8249990502651	300	42.82741755917589	0.0	141840	110.669973174	-0.15000000000000002
340.93876283319787	300	46.71365377624315	0.0	156148	113.763782933	0.3
341.05352083875226	300	50.59889577068875	0.0	160746	114.758005554	0.3
341.17239909486244	300	54.480017514578584	0.0	179801	118.87825611	0.3
341.28268223370196	300	58.369734375739064	0.0	140051	110.28313884	0.3
341.43575499488344	300	59.75982704353643	0.0	138313	109.907332203	0.3
341.6046777538424	300	59.65694837854637	0.0	143509	102.87866499	0.3
341.7902372388279	300	59.55719068303802	0.0	150616	99.7576955083	0.3
342.56797803559715	300	59.92072117939204	0.0	165384	136.469503646	0.3
343.33536517583735	300	59.81816325583352	0.0	140881	102.557923559	0.3
344.21527993422967	300	59.67062048497821	0.0	157671	147.542770855	0.3
344.76871483891136	750	59.970089026405866	0.0	399894	200.531458572	0.3
345.32145316454995	300	59.83017158664126	0.0	163927	139.917439765	-0.15000000000000002
345.8700124539892	300	59.72230238485861	0.0	137654	107.869201783	0.3
346.5748445877723	300	59.54973136179533	0.0	146754	172.571023063	0.3
346.860317884489	300	59.88312526879694	0.0	153938	166.606092998	0.3
347.2414226582194	300	59.71200648379088	0.0	181901	171.118785006	0.3
347.71366199866367	300	59.79137980793093	0.0	111155	420.62667586	0.3
347.99478813368364	300	59.63662307271312	0.0	153605	154.756735218	0.3
348.72688785848084	300	59.54375791021553	0.0	149029	592.865162498	0.3
349.55986681042583	750	59.90638571539291	0.0	358218	137.372194823	0.3
350.3822256197385	300	59.80350968929773	0.0	157488	102.876026095	-0.15000000000000002
351.25779188638984	300	59.68546794758079	0.0	143881	118.041741717	0.3
352.171707989739	300	59.56677215837345	0.0	163444	118.695789207	0.3
352.61081372598096	300	59.955329447323315	0.0	179328	111.44271105	0.3
353.06506976091055	300	59.851532942454504	0.0	159914	103.796504869	0.3
353.55125854392014	300	59.74416831598005	0.0	131610	107.364626474	0.3
354.0760005264231	300	59.63120940299615	0.0	124011	112.958912984	0.3
355.2145795033719	750	59.97781144928129	0.0	378327	153.397953715	0.3
355.35249726444147	300	59.861443080363486	0.0	149991	116.36836891779953	-0.15000000000000002
355.54097001311845	300	59.737981402100864	0.0	147968	123.461678263	0.3
355.7767150947024	300	59.61261439651607	0.0	161857	125.367005585	0.3
356.5384050851283	300	59.99695843930273	0.0	145210	115.655957213	0.3
357.3735938496797	300	59.862381073633316	0.0	172312	134.577365669	0.3
358.24476107058206	300	59.736603162623084	0.0	167025	125.77791101	0.3
359.1449800002596	300	59.61968835273041	0.0	160064	116.914809893	0.3
360.0714206890001	300	59.507620068252564	0.0	137507	112.068284478	0.3
360.5279503037181	300	59.89704146302491	0.0	118421	110.578605228	0.3

