14264.354003873415	750	4.0	2.4693527412838145	450283	2469.35274128	-9.868216787520403
14269.672730718068	1850	4.0	1.3187268446542102	957685	5318.72684465	-4.920525432013104
14270.447140725562	300	7.225589992506993	0.0	139857	774.410007493	-1.25
14271.226007273768	300	10.446723444299998	0.0	155432	778.866548207	0.3
14271.810905910676	300	13.861824807392248	0.0	163442	584.898636908	0.3
14272.968215009285	750	16.7045157087831	0.0	318564	1157.30909861	0.3
14273.60330489738	300	20.06942582068771	0.0	153295	635.089888095	-0.15000000000000002
14274.299203752638	300	23.373526965430088	0.0	173849	695.898855258	0.3
14274.804228818863	300	26.868501899206226	0.0	150710	505.025066224	0.3
14275.203066741104	300	30.469663976964583	0.0	139105	398.837922242	0.3
14275.608173465453	300	34.06455725261424	0.0	141840	405.10672435	0.3
14276.10268166872	300	37.5700490493455	0.0	156148	494.508203269	0.3
14276.654665813183	300	41.01806490488393	0.0	160746	551.984144462	0.3
14277.308843479776	300	44.3638872382926	0.0	179801	654.177666591	0.3
14277.873784615509	300	47.798946102558524	0.0	140051	564.941135734	0.3
14278.33223819748	300	51.340492520588285	0.0	138313	458.45358197	0.3
14278.722905766144	300	54.949824951923695	0.0	143509	390.667568665	0.3
14279.128958533023	300	58.54377218504506	0.0	150616	406.052766879	0.3
14280.2741439103	300	59.58333319685239	0.0	165384	460.438988193	0.3
14281.414365645496	300	59.56559552379739	0.0	140881	517.7376730549943	0.3
14284.637697701552	300	59.72517152683989	0.0	157671	2840.423996957507	0.3
14286.769797241092	300	59.81057578661832	0.0	157812	1914.595740221566	0.3
14287.542186559293	300	59.74313302717735	0.0	163927	567.442759441	0.3
14287.995640372348	300	59.8288794000299	0.0	137654	414.253627147	0.3
14289.314825354573	300	59.898887001872225	0.0	146754	429.992398158	0.3
14290.161897739088	300	59.629947101646806	0.0	153938	768.939900225413	0.3
14291.329344308533	300	59.5452900590699	0.0	181901	1084.6570425769125	0.3
14294.4405807784	300	59.74106658756923	0.0	111155	2304.2234715006693	0.3
14298.913647011943	300	59.268000354026654	0.0	153605	4473.066233542572	0.3
14300.600890894388	300	59.98441802876074	0.0	149029	1283.5823252659113	0.3
14303.792741818945	300	59.80032334507116	0.0	157421	2684.0946836895832	0.3
14306.81325203468	300	59.503946357636096	0.0	157488	2296.37698743507	0.3
14309.422676872393	300	59.5213005529312	0.0	143881	1982.6458047048923	0.3
14311.325250020385	300	59.84340349543943	0.0	163444	1677.8970574917685	0.3
14313.368475192174	300	59.894128954793594	0.0	179328	1949.2745406458378	0.3
14314.212911882012	300	59.72888592544709	0.0	159914	665.243029347	0.3
14314.99973163137	300	59.635072881014025	0.0	131610	593.813044433	0.3
14315.913707985035	300	59.98458805664208	0.0	124011	150.484824372	0.3
14316.891073277427	300	59.83765117509504	0.0	144254	146.936881547	0.3
14317.946942658418	300	59.6849306900203	0.0	149991	152.720485075	0.3
14320.586263252566	750	59.776844840905746	0.0	345516	1908.0858491145543	0.3
14321.986581114084	300	59.90230328266284	0.0	161857	874.5415582429016	-0.15000000000000002
14324.169545450462	1200	59.53370926611147	0.0	599477	1368.5940165513643	0.29999999999999993
14324.880980868302	300	59.79517671710539	0.0	172312	238.532549006	-0.6000000000000001
14326.205564752623	750	59.579336209361074	0.0	398987	715.8405077443255	0.3
14328.945257274228	750	59.723861636846586	0.0	393804	2355.4745725144808	0.75
14329.80244634393	300	59.94737607654157	0.0	137507	776.4855603050163	-0.15000000000000002
14330.850117132444	300	59.67389243698371	0.0	118421	773.483639558	0.3

