14773.93359380926	750	4.0	0.36700097200312315	450283	367.000972003	-0.8281041796134294
14774.112757249195	300	7.820836560065012	0.0	155580	179.163439935	-0.15000000000000002
14774.281899177584	300	11.651694631674552	0.0	139857	169.14192839	0.3
14774.460968285413	300	15.472625523845943	0.0	155432	179.069107829	0.3
14774.645142799809	300	19.28845100944914	0.0	163442	184.174514397	0.3
14774.80563676861	300	23.127957040648848	0.0	126289	160.4939688	0.3
14774.983343797307	300	26.950250011950853	0.0	153295	177.707028698	0.3
14775.174151515968	300	30.759442293289986	0.0	173849	190.807718661	0.3
14775.362431699048	300	34.571162110209094	0.0	150710	188.280183081	0.3
14775.548126053132	300	38.38546775612484	0.0	139105	185.694354084	0.3
14775.735898506913	300	42.19769530234309	0.0	141840	187.772453782	0.3
14775.93454242339	300	45.99905138586598	0.0	156148	198.643916477	0.3
14776.136679978774	300	49.796913830482445	0.0	160746	202.137555384	0.3
14776.54675135409	750	53.38684245516605	0.0	434409	410.071375316	0.3
14777.019670008707	1200	56.913923800546875	0.0	526950	472.918654619	0.75
14777.556908626724	300	59.73184307726628	0.0	138313	182.080723281	-0.6000000000000001
14777.888980745496	750	59.95338596524843	0.0	360831	278.457112018	0.3
14778.250674382562	300	59.75934665009307	0.0	150616	194.039315155	-0.15000000000000002
14778.789781538713	300	59.533620232972524	0.0	165384	225.726417121	0.3
14779.12247585515	300	59.73396344426868	0.0	140881	299.656788704	0.3
14780.567962153715	300	59.737739058853734	0.0	157671	496.224385415	0.3
14781.869884292015	300	59.77140894627882	0.0	157812	466.3301125749125	0.3
14783.238342465293	300	59.714975872501924	0.0	163927	556.4330737768871	0.3
14784.436287908691	300	59.982015700553646	0.0	137654	732.9601719482805	0.3
14786.11372700355	300	59.585788788848944	0.0	146754	896.2269117047036	0.3
14796.823044252911	300	52.876471539486914	0.0	153938	10709.317249362026	0.3
14797.849487865264	300	55.85002792713489	0.0	181901	1026.4436123520184	0.3
14798.651581180413	300	59.04793461198622	0.0	111155	802.0933151486711	0.3
14799.648998072735	300	59.798759345833254	0.0	153605	749.175266153	0.3
14800.907969299333	300	59.753394545618356	0.0	149029	1045.3648002148993	0.3
14801.998231729309	300	59.77506654382326	0.0	157421	978.3280017950947	0.3
14803.816425798006	300	59.88193672356446	0.0	157488	893.129820259	0.3
14804.679016830954	300	59.623173331309765	0.0	143881	758.7633922546925	0.3
14824.249487890324	300	44.05270227194168	0.0	163444	19570.471059368083	0.3
14825.295268717115	300	47.006921445150816	0.0	179328	1045.7808267908729	0.3
14826.242404377595	300	50.05978578466934	0.0	159914	947.1356604814808	0.3
14826.921631438356	300	53.38055872390738	0.0	131610	679.2270607619607	0.3
14827.701097719599	300	56.60109244266509	0.0	124011	779.466281242	0.3
14828.497557098342	300	59.804633063921045	0.0	144254	796.4593787440482	0.3
14829.503692264489	300	59.982749434889556	0.0	149991	821.8836290314844	0.3
14831.742134144108	1200	59.91565426363698	0.0	566904	2067.0951712525766	0.29999999999999993
14832.187062206798	300	59.73886358647539	0.0	161857	176.790677162	-0.6000000000000001
14832.7287451847	300	59.562090790287385	0.0	145210	176.772796188	0.3
14842.595587834045	300	53.69524814094346	0.0	172312	9866.842649343926	0.3
14842.83314651174	300	57.45768946324776	0.0	167025	237.558677696	0.3
14844.024442420277	300	59.72669726335742	0.0	160064	230.99219989	0.3
14844.989913236288	300	59.93411370967471	0.0	137507	292.58355368271106	0.3
14846.142491670433	300	59.65426812376605	0.0	118421	279.845585909	0.3

