4741.647310652381	750	4.0	6.268408751427819	450283	6268.40875143	-26.20415763113962
4743.914534973617	300	5.73277567876285	0.0	155580	2267.22432124	-0.15000000000000002
4745.950745285752	300	7.696565366628705	0.0	139857	2036.21031213	0.3
4748.152140832967	300	9.495169819413828	0.0	155432	2201.39554721	0.3
4750.462859932174	300	11.18445072020714	0.0	163442	2310.71909921	0.3
4752.268785701363	300	13.378524951017702	0.0	126289	1805.92576919	0.3
4754.4444111285675	300	15.202899523813327	0.0	153295	2175.6254272	0.3
4756.909697414327	300	16.73761323805422	0.0	173849	2465.28628576	0.3
4759.0702496144995	300	18.577061037881656	0.0	150710	2160.55220017	0.3
4761.070594739607	300	20.576715912773803	0.0	139105	2000.34512511	0.3
4765.045394306464	300	20.601916345917402	0.0	141840	3974.79956686	0.3
4767.886475380106	300	21.76083527227539	0.0	156148	2841.08107364	0.3
4770.163960000748	300	23.48335065163288	0.0	160746	2277.48462064	0.3
4772.707824370259	300	24.93948628212242	0.0	179801	2543.86436951	0.3
4774.711767016434	300	26.93554363594744	0.0	140051	2003.94264617	0.3
4776.691673602936	300	28.955637049445595	0.0	138313	1979.9065865	0.3
4778.733519125834	300	30.913791526547442	0.0	143509	2041.8455229	0.3
4780.872521176416	300	32.77478947596644	0.0	150616	2139.00205058	0.3
4783.21554717267	300	34.43176347971195	0.0	165384	2343.02599625	0.3
4785.224598092653	300	36.42271255972906	0.0	140881	2009.05091998	0.3
4787.464209632824	300	38.18310101955743	0.0	157671	2239.61154017	0.3
4789.708612170112	300	39.93869848226958	0.0	157812	2244.40253729	0.3
4792.03688235698	300	41.61042829540176	0.0	163927	2328.27018687	0.3
4792.40573906731	300	45.24157158507252	0.0	137654	368.856710329	0.3
4792.794874328964	750	48.85243632341776	0.0	359903	389.135261655	0.3
4793.3819369672	1200	52.26537368518203	0.0	590335	587.062638236	0.75
4793.6181791025265	300	56.029131549855954	0.0	181901	236.242135326	-0.6000000000000001
4793.793654633459	300	59.85365601892337	0.0	111155	175.475530933	0.3
4794.312282476016	300	59.64171846389749	0.0	153605	211.937555026	0.3
4798.265492495642	750	59.68850844427057	0.0	400508	453.210019627	0.3
4801.318775679045	300	59.96181700614777	0.0	157421	226.691438123	-0.15000000000000002
4803.498279192375	300	59.74536112212244	0.0	157488	216.455884025	0.3
4804.808765178083	300	59.531641943920896	0.0	143881	213.719178202	0.3
4808.5421041404625	300	59.79830298154169	0.0	163444	233.338962379	0.3
4812.708691756676	300	59.55006205837817	0.0	179328	248.240923164	0.3
4815.5265648966415	300	59.8102988349203	0.0	159914	239.763223458	0.3
4817.612092760252	300	59.516589861368026	0.0	131610	293.708973552	0.3
4818.204135850628	300	59.82647776121042	0.0	124011	190.112100158	0.3
4822.413078693884	300	59.61753491795431	0.0	144254	208.942843256	0.3
4826.222378775549	750	59.68832179385865	0.0	390680	429.213124096	0.3
4828.456502750006	300	59.97130328541467	0.0	147968	217.018508444	-0.15000000000000002
4829.841041011419	300	59.7475868877144	0.0	161857	223.7163977	0.3
4830.342397881553	300	59.537319384504464	0.0	145210	210.26750321	0.3
4834.080619277371	300	59.79909798868584	0.0	172312	238.221395819	0.3
4837.416663507737	300	59.56573125487388	0.0	167025	233.366733812	0.3
4839.392332498351	300	59.839235507844094	0.0	160064	226.49574703	0.3
4840.462294613678	300	59.63884107197276	0.0	137507	200.394435871	0.3
4844.147277188021	300	59.95385849762976	0.0	118421	184.982574343	0.3

