6864.585925610464	750	4.0	2.84955770283486	450283	2849.55770283	-11.503098122189897
6865.622852226408	300	6.963073384056143	0.0	155580	1036.92661594	-0.15000000000000002
6866.563071314505	300	10.022854295959602	0.0	139857	940.219088097	0.3
6867.595941114194	300	12.98998449627048	0.0	155432	1032.86979969	0.3
6868.675396263704	300	15.910529346760693	0.0	163442	1079.45514951	0.3
6869.527659154372	300	19.058266456093413	0.0	126289	852.262890667	0.3
6870.545064944463	300	22.04086066600211	0.0	153295	1017.40579009	0.3
6871.688159365035	300	24.89776624543012	0.0	173849	1143.09442057	0.3
6872.687435517299	300	27.89849009316606	0.0	150710	999.276152264	0.3
6873.609604954973	300	30.97632065549223	0.0	139105	922.169437674	0.3
6874.5483326285985	300	34.037592981866865	0.0	141840	938.727673625	0.3
6875.57368379034	300	37.012241820126505	0.0	156148	1025.35116174	0.3
6876.626872161916	300	39.95905344854879	0.0	160746	1053.18837158	0.3
6877.79542330719	300	42.79050230327585	0.0	179801	1168.55114527	0.3
6878.760232534334	300	45.82569307613124	0.0	140051	964.809227145	0.3
6879.716884659112	300	48.86904095135284	0.0	138313	956.652124778	0.3
6880.706469945924	300	51.87945566454086	0.0	143509	989.585286812	0.3
6881.741100648936	300	54.84482496152941	0.0	150616	1034.63070301	0.3
6882.869333533801	300	57.716592076664284	0.0	165384	1128.23288487	0.3
6884.824234206948	300	59.761691403518064	0.0	140881	954.900673146	0.3
6886.319568771912	300	59.717957270694505	0.0	157671	1043.73413282	0.3
6890.369832570758	300	59.66769347184723	0.0	157812	1050.26379885	0.3
6894.457156313178	300	59.58036972942834	0.0	163927	1087.3237424188933	0.3
6897.656886948518	300	59.655098398460964	0.0	137654	925.271330967	0.3
6899.798178419743	300	59.68168231503552	0.0	146754	973.416083425	0.3
6900.9414912589245	300	59.653963589344066	0.0	153938	1027.71872569	0.3
6904.631110211527	300	59.964344636741735	0.0	181901	1189.6189526	0.3
6908.292442206889	300	59.70628517210706	0.0	111155	758.059464635	0.3
6911.234803510401	300	59.64674078571489	0.0	153605	1059.54438639	0.3
6913.014948079457	300	59.65807695974685	0.0	149029	988.663825968	0.3
6917.077167536912	300	59.59585750229144	0.0	157421	1062.21945746	0.3
6921.120989491957	300	59.552035547247655	0.0	157488	1043.8219550437793	0.3
6924.689320088795	300	59.59663132662153	0.0	143881	955.404220626	0.3
6927.397760760641	300	59.50887417880535	0.0	163444	1087.75714782	0.3
6928.831255381989	300	59.81246863014626	0.0	179328	1196.40554866	0.3
6932.891796803171	300	59.75192720896395	0.0	159914	1060.54142118	0.3
6936.778798785659	300	59.864925226475066	0.0	131610	887.0019824888786	0.3
6939.904940612644	300	59.52417055116275	0.0	124011	840.754675312	0.3
6942.057554004158	300	59.55055743124164	0.0	144254	973.613119921	0.3
6943.138447457818	300	59.55961084020833	0.0	149991	990.946591033	0.3
6947.1260147404255	300	59.572043557601596	0.0	147968	987.567282607	0.3
6950.689040856637	300	59.99928757211232	0.0	161857	1072.75598549	0.3
6953.544294861226	300	59.52679563517864	0.0	145210	972.491936934	0.3
6955.1447744075695	300	59.87793689583546	0.0	172312	1148.85873934	0.3
6959.253249671823	300	59.76946163158151	0.0	167025	1108.47526425	0.3
6963.489544652787	300	59.533166650618206	0.0	160064	1236.2949809633012	0.3
6967.470423359266	750	59.552287944139394	0.0	331053	2480.878706478809	0.3
6969.541388873745	300	59.74544006624783	0.0	118421	806.847877892	-0.15000000000000002

