3334.0025671024514	750	4.0	9.193022248441956	450283	9193.02224844	-38.77999566830041
3336.925538528765	300	5.077028573686151	0.0	155580	2922.97142631	-0.15000000000000002
3339.445223243427	300	6.557343859024268	0.0	139857	2519.68471466	0.3
3342.2372989881137	300	7.765268114337569	0.0	155432	2792.07574469	0.3
3345.169348961197	300	8.833218141254072	0.0	163442	2932.04997308	0.3
3347.4485723421662	300	10.553994760285347	0.0	126289	2279.22338097	0.3
3350.197982223136	300	11.804584879315655	0.0	153295	2749.40988097	0.3
3353.32208475508	300	12.680482347371388	0.0	173849	3124.10253194	0.3
3356.038937908156	300	13.963629194295297	0.0	150710	2716.85315308	0.3
3358.541409837836	300	15.461157264615858	0.0	139105	2502.47192968	0.3
3366.2508739383866	750	11.751693164064989	0.0	353220	7709.46410055	0.3
3369.0868945924803	300	12.915672509971632	0.0	156148	2836.02065409	-0.15000000000000002
3372.0263276272	300	13.976239475252207	0.0	160746	2939.43303472	0.3
3375.34100504728	300	14.66156205517195	0.0	179801	3314.67742008	0.3
3382.119296189764	750	11.883270912687866	0.0	337059	6778.29114248	0.3
3385.2505291426296	300	12.752037959822006	0.0	138313	3131.23295287	-0.15000000000000002
3388.185114093893	300	13.817453008559093	0.0	143509	2934.58495126	0.3
3391.143268907267	300	14.859298195184548	0.0	150616	2958.15481337	0.3
3394.368402723743	300	15.634164378708464	0.0	165384	3225.13381648	0.3
3401.130146058134	750	12.872421044317612	0.0	350713	6761.74333439	0.3
3408.680357776747	750	9.322209325704321	0.0	386472	7550.21171861	0.75
3411.7655195662137	300	10.237047536237482	0.0	157812	3085.16178947	-0.15000000000000002
3414.9618573033345	300	11.040709799116872	0.0	163927	3196.33773712	0.3
3417.5939311313523	300	12.40863597109912	0.0	137654	2632.07382802	0.3
3420.2692386602803	300	13.733328442171292	0.0	146754	2675.30752893	0.3
3423.1714363151627	300	14.831130787288977	0.0	153938	2902.19765488	0.3
3426.740026061949	300	15.262541040502816	0.0	181901	3568.58974679	0.3
3432.2310489485703	750	13.771518153881614	0.0	277716	5491.02288662	0.3
3442.986957313144	750	7.015609789307637	0.0	400396	10755.9083646	0.75
3445.829723583181	300	8.172843519271051	0.0	149029	2842.76627004	-0.15000000000000002
3448.8508875326133	300	9.15167956983877	0.0	157421	3021.16394943	0.3
3451.893780816116	300	10.108786286336006	0.0	157488	3042.8932835	0.3
3454.6938360739423	300	11.30873102850926	0.0	143881	2800.05525783	0.3
3457.860401483577	300	12.142165618874799	0.0	163444	3166.56540963	0.3
3461.2685568450047	300	12.73401025744679	0.0	179328	3408.15536143	0.3
3464.3110323671194	300	13.691534735331683	0.0	159914	3042.47552212	0.3
3466.825518047105	300	15.177049055346037	0.0	131610	2514.48567999	0.3
3469.203675182298	300	16.798891920153306	0.0	124011	2378.15713519	0.3
3471.96041886777	300	18.042148234680987	0.0	144254	2756.74368547	0.3
3479.4205747484757	750	14.581992353975581	0.0	390680	7460.15588071	0.3
3485.946640141392	750	12.055926961059146	0.0	345516	6526.06539292	0.75
3493.2199147341944	750	8.782652368256688	0.0	384505	7273.2745928	0.75
3495.8088626123185	300	10.193704490132706	0.0	145210	2588.94787812	-0.15000000000000002
3498.905635238589	300	11.096931863862233	0.0	172312	3096.77262627	0.3
3502.0842568366447	300	11.918310265806467	0.0	167025	3178.62159806	0.3
3505.1441789384226	300	12.858388164029037	0.0	160064	3059.92210178	0.3
3507.791384970956	300	14.211182131495324	0.0	137507	2647.20603253	0.3
3510.0031563573393	300	15.999410745112174	0.0	118421	2211.77138638	0.3

