1141.1607030216678	750	4.0	0.3458154112937444	450283	345.815411294	-0.7370062685631007
1141.8060528842318	1850	7.354650137436125	0.0	957685	645.349862564	0.75
1142.4681674595242	1850	10.692535562143584	0.0	877771	662.114575293	1.85
1143.1855197735883	1850	13.975183248079462	0.0	933276	717.352314064	1.85
1144.6144560406701	4300	16.546246980997594	0.0	2233056	1428.93626708	1.8499999999999996
1146.0142317484972	4300	19.14647127317066	0.0	1941625	1399.77570783	4.3
1147.6281209610438	4300	21.53258206062402	0.0	2157535	1613.88921255	4.3
1149.2776829262752	4300	23.883020095392418	0.0	2290172	1649.56196523	4.3
1160.6213907761264	4300	16.53931224554129	0.0	2055469	11343.7078499	4.3
1163.5758473345252	1850	17.584855687142596	0.0	913888	2954.4565584	-0.6000000000000001
1166.0175412539854	1850	19.143161767682198	0.0	939819	2441.69391946	1.85
1168.7002923279704	1850	20.460410693697394	0.0	917428	2682.75107398	1.85
1176.2778161091253	1850	16.882886912542457	0.0	946851	7577.52378115	1.85
1191.625699731586	1850	5.535003290081622	0.0	1036454	15347.8836225	1.85
1192.0939417068475	300	9.066761314819953	0.0	140051	468.241975262	-1.25
1193.6898437295263	750	11.470859292141341	0.0	366214	1595.90202268	0.3
1195.0456992655506	750	14.115003756117021	0.0	360831	1355.85553602	0.75
1197.5742821830222	1850	15.586420838645449	0.0	885714	2528.58291747	0.75
1200.1340316693518	1850	17.02667135231589	0.0	987708	2559.74948633	1.85
1204.0445911433515	1850	17.116111878316122	0.0	923755	3910.559474	1.85
1208.7394664440671	1850	16.421236577600432	0.0	891604	4694.87530072	1.85
1212.0076712226148	1850	17.153031799052833	0.0	955231	3268.20477855	1.85
1213.0515878255626	1850	20.109115196105005	0.0	968026	1043.91660295	1.85
1213.9462167184845	1850	23.21448630318315	0.0	874175	894.628892922	1.85
1216.486276072954	4300	24.674426948713613	0.0	2186790	2540.05935447	1.8499999999999996
1219.1739052047103	4300	25.98679781695724	0.0	2105231	2687.62913176	4.3
1226.759172826726	4300	22.401530194941547	0.0	2395588	7585.26762202	4.3
1233.1786719499087	4300	19.982031071758833	0.0	1972048	6419.49912318	4.3
1234.4544840554945	4300	22.706218966173058	0.0	2134614	1275.81210559	4.3
1235.7546510183506	4300	25.406052003316844	0.0	2164140	1300.16696286	4.3
1236.942608274185	4300	28.218094747482578	0.0	2113193	1187.95725583	4.3
1238.195864300064	4300	30.964838721603325	0.0	2147852	1253.25602588	4.3
1239.2853331870813	4300	33.875369834586024	0.0	2191074	1089.46888702	4.3
1240.9697718867264	4300	36.19093113494104	0.0	2286761	1684.43869964	4.3
1242.2416109869762	4300	38.91909203469113	0.0	2307787	1271.83910025	4.3
1249.583986961491	4300	35.57671606017621	0.0	2143948	7342.37597451	4.3
1263.5768585619571	4300	25.583844459710402	0.0	1919781	13992.8716005	4.3
1264.9453847543778	4300	28.215318267289877	0.0	2147467	1368.52619242	4.3
1266.4088746093562	4300	30.751828412311177	0.0	2133870	1463.48985498	4.3
1267.6348252892383	4300	33.52587773242919	0.0	2146120	1225.95067988	4.3
1269.1501747648545	4300	36.01052825681311	0.0	2108491	1515.34947562	4.3
1270.4902663823168	4300	38.67043663935069	0.0	2184571	1340.09161746	4.3
1271.7938933292332	4300	41.36680969243443	0.0	2121928	1303.62694692	4.3
1272.9637531021817	4300	44.19694991948587	0.0	2219102	1169.85977295	4.3
1285.3610503348323	4300	35.7996526868354	0.0	2124950	12397.2972327	4.3
1292.251095060384	4300	32.90960796128363	0.0	2246506	6890.04472555	4.3
1295.0475275778365	4300	34.11317544383101	0.0	1961140	2796.43251745	4.3
1297.9625349896917	4300	35.19816803197589	0.0	2155012	2915.00741186	4.3

