32042.089859853077	750	4.0	2.2005287117642363	450283	2200.52871176	-8.712273460586216
32044.412733787816	750	5.6771260652614	0.0	398865	2322.87393474	0.75
32046.356147539635	750	7.733712313441952	0.0	350812	1943.41375182	0.75
32048.42927536328	750	9.660584489796273	0.0	382355	2073.12782365	0.75
32069.566749553058	750	4.0	11.476889699979782	411561	21137.4741898	-48.60062570991306
32069.78607698864	300	7.7806725644190395	0.0	126289	219.327435581	-0.15000000000000002
32071.210523399965	1850	10.356226153093077	0.0	905515	1424.44641133	0.30000000000000004
32072.791344885027	1850	12.775404668030056	0.0	1060487	1580.82148506	1.85
32073.58987931013	1850	15.976870242922764	0.0	852833	798.534425107	1.85
32074.4754023867	1850	19.09134716635611	0.0	913888	885.523076567	1.85
32077.518872923396	4300	20.04787662965722	0.0	2173522	3043.4705367	1.8499999999999996
32079.447956088097	4300	22.118793464958152	0.0	2102452	1929.0831647	4.3
32081.62350323324	4300	23.94324631981524	0.0	2209463	2175.54714514	4.3
32084.76073215536	4300	24.806017397692774	0.0	2275376	3137.22892212	4.3
32086.84248575852	4300	26.724263794531556	0.0	2005399	2081.75360316	4.3
32089.888032266317	4300	27.678717286734187	0.0	2152483	3045.5465078	4.3
32095.874710354794	4300	25.692039198260886	0.0	2289689	5986.67808847	4.3
32110.490084118646	4300	15.076665434410167	0.0	2059512	14615.3737639	4.3
32111.171192816528	1850	18.395556736525396	0.0	987708	681.108697885	-0.6000000000000001
32112.556965891516	4300	21.009783661540347	0.0	2156729	1385.77307499	1.8499999999999996
32113.55695066948	4300	24.009798883570568	0.0	2039773	999.98477797	4.3
32114.957023846895	4300	26.609725706156567	0.0	2176469	1400.07317741	4.3
32116.72134919743	4300	28.845400355621397	0.0	2221506	1764.32535054	4.3
32118.12583845369	4300	31.440911099363547	0.0	2044075	1404.48925626	4.3
32119.42484183156	4300	34.14190772149328	0.0	2186790	1299.00337787	4.3
32120.753985879146	4300	36.81276367390368	0.0	2105231	1329.14404759	4.3
32134.388333177398	4300	27.178416375652176	0.0	2395588	13634.3472983	4.3
32139.747801551945	4300	25.81894800110573	0.0	1972048	5359.46837455	4.3
32145.710799555934	4300	23.855949997117683	0.0	2134614	5962.99800399	4.3
32151.83139131745	4300	21.735358235604014	0.0	2164140	6120.59176151	4.3
32162.107993072615	4300	15.45875648043963	0.0	2113193	10276.6017552	4.3
32168.337161155745	4300	13.2295883973095	0.0	2147852	6229.16808313	4.3
32185.56992500962	4300	4.0	4.003175456565834	2191074	17232.7638539	-12.913654463233083
32193.667126001037	1850	4.0	4.097200991417759	1035329	8097.20099142	-18.217964263096366
32196.459520591958	1850	5.207605409076884	0.0	1026056	2792.39459092	1.85
32199.115738324315	1850	6.5513876767215224	0.0	943942	2656.21773236	1.85
32201.31707909628	1850	8.350046904754107	0.0	728962	2201.34077197	1.85
32202.496612127157	1850	11.170513873875658	0.0	938587	1179.53303088	1.85
32203.280240924258	1850	14.386885076774968	0.0	908665	783.628797101	1.85
32204.959172590854	4300	16.7079534101774	0.0	2146120	1678.9316666	1.8499999999999996
32206.089395178373	4300	19.57773082265977	0.0	2108491	1130.22258752	4.3
32207.208215380368	4300	22.45891062066825	0.0	2184571	1118.82020199	4.3
32208.521986286632	4300	25.14513971440161	0.0	2121928	1313.77090627	4.3
32210.072594596233	4300	27.594531404802037	0.0	2219102	1550.6083096	4.3
32211.68683833445	4300	29.98028766658405	0.0	2124950	1614.24373822	4.3
32222.98177338051	4300	22.685352620526334	0.0	2246506	11294.9350461	4.3
32225.609128768836	1850	24.057997232200965	0.0	830730	2627.35538833	-0.6000000000000001
32227.68887921743	1850	25.978246783608217	0.0	846370	2079.75044859	1.85

