31165.77460599272	750	4.0	4.321690655209452	450283	4321.69065521	-17.833269817400645
31167.64358221241	300	6.131023780307063	0.0	155580	1868.97621969	-0.15000000000000002
31168.975008587753	300	8.79959740496544	0.0	139857	1331.42637534	0.3
31170.467439838412	300	11.307166154302012	0.0	155432	1492.43125066	0.3
31171.645433234386	750	14.129172758327666	0.0	411561	1177.99339597	0.3
31172.84018560156	750	16.9344203911569	0.0	318564	1194.75236717	0.75
31175.15799919652	1850	18.61660679619614	0.0	905515	2317.81359496	0.75
31177.55661295364	1850	20.217993039076095	0.0	1060487	2398.61375712	1.85
31180.088767017256	1850	21.685838975458275	0.0	852833	2532.15406362	1.85
31183.047407269893	1850	22.72719872282374	0.0	913888	2958.64025263	1.85
31186.142713336023	1850	23.63189265669203	0.0	939819	3095.30606613	1.85
31188.77333363215	1850	25.001272360564542	0.0	917428	2630.62029613	1.85
31191.21754153593	1850	26.55706445678932	0.0	946851	2444.20790378	1.85
31214.36057852334	1850	7.414027469374924	0.0	1036454	23143.0369874	1.85
31214.795649839813	300	10.97895615290447	0.0	140051	435.07131647	-1.25
31217.06022361778	1850	12.714382374933273	0.0	923170	2264.57377797	0.30000000000000004
31220.35096860627	1850	13.423637386444314	0.0	966699	3290.74498849	1.85
31226.90956904564	1850	10.86503694707545	0.0	885714	6558.60043937	1.85
31232.7682293714	1850	9.006376621316013	0.0	987708	5858.66032576	1.85
31233.050129697436	300	12.724476295279683	0.0	140881	281.900326036	-1.25
31234.599919308082	1850	15.174686684633842	0.0	891604	1549.78961065	0.30000000000000004
31235.831198117015	1850	17.943407875700217	0.0	955231	1231.27880893	1.85
31236.945071714694	1850	20.82953427801965	0.0	968026	1113.87359768	1.85
31237.837651524176	1850	23.936954468541042	0.0	874175	892.579809479	1.85
31239.994066867377	4300	25.780539125337565	0.0	2186790	2156.4153432	1.8499999999999996
31242.270889469917	4300	27.503716522798136	0.0	2105231	2276.82260254	4.3
31252.90702714215	4300	20.86757885056363	0.0	2395588	10636.1376722	4.3
31255.14223186827	4300	22.632374124445928	0.0	1972048	2235.20472612	4.3
31258.39652208547	4300	23.378083907247106	0.0	2134614	3254.2902172	4.3
31261.44407976543	4300	24.33052622728571	0.0	2164140	3047.55767996	4.3
31273.609017075105	4300	16.165588917611853	0.0	2113193	12164.9373097	4.3
31276.408506338703	1850	17.366099654014434	0.0	954453	2799.4892636	-0.6000000000000001
31279.173462793406	1850	18.60114319931208	0.0	885062	2764.9564547	1.85
31281.800640886857	1850	19.9739651058597	0.0	1035329	2627.17809345	1.85
31290.267835480376	1850	15.506770512342575	0.0	1026056	8467.19459352	1.85
31295.197493847496	1200	14.57711214522254	0.0	598727	4929.65836712	0.5499999999999999
31296.776144567608	750	16.998461425109372	0.0	321064	1578.65072011	0.3
31301.847648944728	1850	15.926957047989148	0.0	938587	5071.50437712	0.75
31307.09889522485	1850	14.67571076786794	0.0	908665	5251.24628012	1.85
31311.623506264954	1850	14.151099727762933	0.0	930577	4524.61104011	1.85
31320.12131204101	1850	9.653293951706855	0.0	858450	8497.80577606	1.85
31325.290099548034	750	8.484506444683095	0.0	384505	5168.78750702	-0.3500000000000001
31326.098184088558	300	11.676421904160705	0.0	145210	808.084540522	-0.15000000000000002
31328.730014902783	750	13.044591089936947	0.0	438281	2631.83081422	0.3
31331.042148519802	750	14.732457472915906	0.0	398987	2312.13361702	0.75
31333.26649946966	750	16.508106523057737	0.0	393804	2224.35094986	0.75
31334.37831326611	750	19.396292726609275	0.0	331053	1111.81379645	0.75
31335.393755789424	1850	22.380850203294344	0.0	846370	1015.44252331	0.75

