17305.710905158267	750	4.0	0.17258139767470937	450283	172.581397675	0.007899989998749746
17305.982466103385	1850	7.72843905488186	0.0	957685	271.560945118	0.75
17306.497935137017	4300	11.212970021252657	0.0	2177073	515.469033629	1.8499999999999996
17306.99329869688	4300	14.717606461385223	0.0	2160877	495.363559867	4.3
17307.46866236413	4300	18.242242794138345	0.0	2233056	475.363667247	4.3
17307.89242802895	4300	21.818477129319277	0.0	1941625	423.765664819	4.3
17308.348966865247	4300	25.361938293018852	0.0	2157535	456.5388363	4.3
17308.825636046993	4300	28.885269111271622	0.0	2290172	476.669181747	4.3
17309.261653501726	4300	32.44925165654037	0.0	2055469	436.017454731	4.3
17309.673008098925	4300	36.03789705933933	0.0	2169201	411.354597201	4.3
17310.0847045734	4300	39.62620058486633	0.0	2173522	411.696474473	4.3
17310.48555520944	4300	43.22534994882551	0.0	2102452	400.850636041	4.3
17310.950652143343	4300	46.76025301492511	0.0	2209463	465.0969339	4.3
17311.42998234472	4300	50.28092281354897	0.0	2275376	479.330201376	4.3
17311.884873513576	4300	53.82603164469204	0.0	2005399	454.891168857	4.3
17312.415706041844	4300	57.29519911642315	0.0	2152483	530.832528269	4.3
17313.046149632075	4300	59.735668461934736	0.0	2289689	559.530654488	4.3
17314.554097066695	4300	59.727651212493264	0.0	2059512	508.017249441	4.3
17316.05738557509	4300	59.68597205088465	0.0	2220726	541.6791616086136	4.3
17317.42261443649	4300	59.69416229358002	0.0	2156729	491.809757304631	4.3
17318.72672637499	4300	59.68831587638108	0.0	2039773	505.84641719893176	4.3
17320.014869031616	4300	59.65387730871439	0.0	2176469	534.4385676666943	4.3
17321.114025780942	4300	59.69115097853131	0.0	2221506	462.7263301830802	4.3
17322.182521860912	4300	59.68511814811879	0.0	2044075	506.0328304125204	4.3
17323.438190097182	4300	59.54801565476058	0.0	2186790	637.102493358208	4.3
17324.549550576703	4300	59.7616182864584	0.0	2105231	786.3973683021811	4.3
17325.213028337446	4300	59.80286096169442	0.0	2395588	458.757324764	4.3
17325.817660181492	4300	59.81190525766076	0.0	1972048	490.955704034	4.3
17326.83871129602	4300	59.56871777040361	0.0	2134614	743.187487257	4.3
17327.79314106869	4300	59.69043469770308	0.0	2164140	878.2830727005269	4.3
17330.21823183572	4300	59.72646266417411	0.0	2113193	1463.9720335289712	4.3
17336.486759259034	4300	57.457935240859605	0.0	2147852	6268.527423314506	4.3
17337.69786858103	4300	59.886703658269035	0.0	2191074	571.231582591	4.3
17338.870505263636	4300	59.83082418666837	0.0	2286761	555.8794716006618	4.3
17340.021104968007	4300	59.77390293998608	0.0	2307787	556.9212466822905	4.3
17341.110681567	4300	59.73545386933521	0.0	2143948	538.4490706508733	4.3
17342.3224630806	4300	59.61562687670567	0.0	1919781	619.8269926295428	4.3
17343.111969596244	4300	59.976850879367284	0.0	2147467	638.7759973383844	4.3
17343.745097120474	4300	59.94565237640571	0.0	2133870	531.198502962	4.3
17344.30627834801	4300	59.92602627327296	0.0	2146120	519.626103133	4.3
17344.87518380904	4300	59.87235110496002	0.0	2108491	553.675168313	4.3
17346.114663654316	4300	59.969726328677226	0.0	2184571	402.624776283	4.3
17347.841387727916	4300	59.73529182637587	0.0	2121928	734.4345023013602	4.3
17349.814522892677	4300	59.70486902964513	0.0	2219102	1030.422796730741	4.3
17351.283029610197	4300	59.90147185489818	0.0	2124950	803.3971747469488	4.3
17353.13839591542	4300	59.51684347367492	0.0	2246506	884.6283812232685	4.3
17354.486706932752	4300	59.788056927007375	0.0	1961140	728.7865466675433	4.3
17355.679911097493	4300	59.96121707997085	0.0	2155012	826.8398470365314	4.3

