15608.810431674267	750	4.0	0.3110558065995529	450283	311.0558066	-0.5875399683780773
15609.381853025157	1850	7.42857864910891	0.0	957685	571.421350891	0.75
15609.975780501982	1850	10.834651172284218	0.0	877771	593.927476825	1.85
15610.7106018914	1850	14.099829782866665	0.0	933276	734.821389418	1.85
15611.775517500979	4300	17.03491417328932	0.0	2233056	1064.91560958	1.8499999999999996
15613.108056433348	4300	19.70237524091942	0.0	1941625	1332.53893237	4.3
15614.545380381602	4300	22.265051292667017	0.0	2157535	1437.32394825	4.3
15615.726089914602	4300	25.08434175966676	0.0	2290172	1180.709533	4.3
15616.774295237257	4300	28.036136437010057	0.0	2055469	1048.20532266	4.3
15617.787347974258	4300	31.023083700010655	0.0	2169201	1013.052737	4.3
15619.659193538735	4300	33.15123813553366	0.0	2173522	1871.84556448	4.3
15622.009307679355	4300	34.80112399491362	0.0	2102452	2350.11414062	4.3
15625.18353948976	4300	35.62689218450803	0.0	2209463	3174.23181041	4.3
15628.398166157596	4300	36.41226551667274	0.0	2275376	3214.62666784	4.3
15629.749874141542	4300	39.06055753272621	0.0	2005399	1351.70798395	4.3
15631.179652728524	4300	41.630778945744744	0.0	2152483	1429.77858698	4.3
15632.39474898236	4300	44.41568269190883	0.0	2289689	1215.09625384	4.3
15633.359285491837	4300	47.45114618243205	0.0	2059512	964.536509477	4.3
15634.409288965733	4300	50.4011427085357	0.0	2220726	1050.0034739	4.3
15635.488435487878	4300	53.321996186392376	0.0	2156729	1079.14652214	4.3
15636.53618877239	4300	56.27424290187971	0.0	2039773	1047.75328451	4.3
15637.586320033965	4300	59.224111640305985	0.0	2176469	1050.13126157	4.3
15639.527694008855	4300	59.6268967360065	0.0	2221506	1097.2149043	4.3
15650.306507582764	4300	52.848083162098916	0.0	2044075	10778.813573907584	4.3
15678.102993791561	4300	29.051596953300546	0.0	2186790	27796.486208798375	4.3
15680.673878443178	1850	30.480712301683784	0.0	905935	2570.884651616762	-0.6000000000000001
15683.736824697706	1850	31.417766047157464	0.0	1076599	3062.946254526318	1.85
15690.607675439447	4300	28.546915305414476	0.0	1972048	6870.850741742987	1.8499999999999996
15717.567681118566	4300	5.586909626295975	0.0	2134614	26960.0056791185	4.3
15718.83637787482	300	8.318212870041338	0.0	149029	1268.6967562546379	-3.7
15720.265339157058	300	10.889251587805164	0.0	157421	1428.9612822361735	0.3
15722.098801529604	300	13.055789215257223	0.0	157488	1833.4623725479407	0.3
15728.495945097498	750	10.658645647362915	0.0	369834	6397.143567894306	0.3
15729.365148380937	300	13.789442363924962	0.0	163444	869.203283438	-0.15000000000000002
15731.54302620695	750	15.611564537912665	0.0	401088	2177.877826012296	0.3
15733.74360803692	750	17.41098270794151	0.0	365161	2200.5818299711523	0.75
15737.85863761161	1850	17.295953133250798	0.0	728962	4115.029574690716	0.75
15752.598128551273	1850	6.556462193588437	0.0	938587	14739.49093966236	1.85
15753.38552956755	300	9.76906117731223	0.0	144254	787.4010162762071	-1.25
15755.517772592355	750	11.63681815250641	0.0	390680	2132.243024805821	0.3
15757.537160967351	750	13.617429777509408	0.0	345516	2019.388374997001	0.75
15760.693351847216	750	14.461238897645181	0.0	384505	3156.190879864226	0.75
15765.110833615508	750	14.043757129353489	0.0	372093	4417.481768291692	0.75
15769.428828081942	750	13.725762662920541	0.0	438281	4317.99446643295	0.75
15770.238604477752	750	16.91598626710912	0.0	398987	809.776395811	0.75
15771.90015183325	1850	19.25443891161263	0.0	982064	1661.5473554964874	0.75
15772.874818270973	1850	22.279772473888478	0.0	830730	974.6664377241505	1.85
15775.491210322369	4300	23.663380422492708	0.0	2155012	2616.392051395773	1.8499999999999996

