5797.476462368762	750	4.0	6.913982008880042	450283	6913.98200888	-28.98012263818418
5799.860593454538	300	5.615868914223766	0.0	155580	2384.13108578	-0.15000000000000002
5802.02638395296	300	7.450078415802264	0.0	139857	2165.79049842	0.3
5804.435953123847	300	9.040509244914684	0.0	155432	2409.56917089	0.3
5806.96235636093	300	10.51410600783128	0.0	163442	2526.40323708	0.3
5808.929067632361	300	12.54739473640131	0.0	126289	1966.71127143	0.3
5811.30556858778	300	14.170893780981892	0.0	153295	2376.50095542	0.3
5814.075819640636	300	15.40064272812593	0.0	173849	2770.25105286	0.3
5819.910530305537	750	13.565932063225294	0.0	374758	5834.7106649	0.3
5825.525811619545	750	11.95065074921689	0.0	362795	5615.28131401	0.75
5830.8499559143465	750	10.6265064544144	0.0	353220	5324.1442948	0.75
5837.145302039044	750	8.331160329717262	0.0	405134	6295.3461247	0.75
5839.728094882825	300	9.748367485936681	0.0	160746	2582.79284378	-0.15000000000000002
5842.5851016844435	300	10.89136068431737	0.0	179801	2857.00680162	0.3
5844.792711805141	300	12.683750563619464	0.0	140051	2207.6101207	0.3
5846.971639074176	300	14.504823294585474	0.0	138313	2178.92726903	0.3
5849.193968931977	300	16.282493436783962	0.0	143509	2222.3298578	0.3
5854.887123308298	750	14.589339060462033	0.0	372963	5693.15437632	0.3
5861.005613754243	750	12.470848614516893	0.0	405596	6118.49044595	0.75
5866.322945578956	750	11.153516789804677	0.0	350713	5317.33182471	0.75
5872.1878770142375	750	9.288585354522882	0.0	386472	5864.93143528	0.75
5878.530466015144	750	6.945996353616343	0.0	399894	6342.58900091	0.75
5881.121668053187	300	8.354794315573074	0.0	163927	2591.20203804	-0.15000000000000002
5883.291496564979	300	10.184965803781619	0.0	137654	2169.82851179	0.3
5885.568312428925	300	11.908149939835287	0.0	146754	2276.81586395	0.3
5887.956685275801	300	13.519777092960162	0.0	153938	2388.37284688	0.3
5890.7948923752265	300	14.681569993534847	0.0	181901	2838.20709943	0.3
5892.560361449814	300	16.916100918946906	0.0	111155	1765.46907459	0.3
5898.779191292693	750	14.697271076068596	0.0	400396	6218.82984288	0.3
5904.757261080497	750	12.719201288264951	0.0	400508	5978.0697878	0.75
5910.11053024892	750	11.365932119841476	0.0	358218	5353.26916842	0.75
5916.084814793055	750	9.39164757570711	0.0	400322	5974.28454413	0.75
5918.257017460665	300	11.219444908096222	0.0	143881	2172.20266761	-0.15000000000000002
5920.691107491171	300	12.785354877590589	0.0	163444	2434.09003051	0.3
5923.353975366348	300	14.122487002413072	0.0	179328	2662.86787518	0.3
5925.793254761614	300	15.68320760714724	0.0	159914	2439.27939527	0.3
5927.815124096722	300	17.66133827203941	0.0	131610	2021.86933511	0.3
5933.306869762315	750	16.169592606446272	0.0	361565	5491.74566559	0.3
5938.960604772516	750	14.51585759624492	0.0	378327	5653.7350102	0.75
5944.898815921822	750	12.577646446939086	0.0	390680	5938.21114931	0.75
5950.446091469734	750	11.030370899026765	0.0	345516	5547.27554791	0.75
5956.327843659241	750	9.1486187095204	0.0	384505	5881.75218951	0.75
5958.5978349421075	300	10.87862742665394	0.0	145210	2269.99128287	-0.15000000000000002
5961.2337843193745	300	12.242678049385887	0.0	172312	2635.94937727	0.3
5963.7836622339855	300	13.692800134774679	0.0	167025	2549.87791461	0.3
5966.199239870132	300	15.277222498628433	0.0	160064	2415.57763615	0.3
5971.083688669446	750	14.392773699314796	0.0	331053	4884.44879931	0.3
5975.7141487518775	750	13.76231361688304	0.0	314107	4630.46008243	0.75

