31006.548036330336	750	4.0	5.995876960305273	450283	5995.87696031	-25.03227092931267
31008.388715635578	300	6.159320694757251	0.0	155580	1840.67930524	-0.15000000000000002
31009.86023075331	300	8.687805577027802	0.0	139857	1471.51511773	0.3
31010.390799101893	300	12.157237228445503	0.0	155432	530.568348582	0.3
31011.596016505868	750	14.952019824472854	0.0	411561	1205.21740397	0.3
31013.680172361375	1850	16.867863968966166	0.0	801058	2084.15585551	0.75
31016.7975785219	1850	17.750457808440554	0.0	905515	3117.40616053	1.85
31019.49831324028	1850	19.04972309005989	0.0	1060487	2700.73471838	1.85
31030.67099510241	1850	11.87704122793126	0.0	852833	11172.6818621	1.85
31031.007533501055	750	15.540502829285389	0.0	362795	336.538398646	-0.3500000000000001
31031.725425671568	1850	18.822610658775584	0.0	939819	717.89217051	0.75
31033.135593993462	4300	21.41244233688035	0.0	2102452	1410.1683219	1.8499999999999996
31034.275340188728	4300	24.272696141615572	0.0	2209463	1139.74619526	4.3
31035.332389325577	4300	27.215647004763344	0.0	2275376	1057.04913685	4.3
31036.689331958256	4300	29.858704372084148	0.0	2005399	1356.94263268	4.3
31037.82356310819	4300	32.7244732221497	0.0	2152483	1134.23114993	4.3
31039.24744554749	4300	35.300590782849305	0.0	2289689	1423.8824393	4.3
31040.253449202024	4300	38.294587128317005	0.0	2059512	1006.00365453	4.3
31051.119689620202	4300	31.428346710138236	0.0	2220726	10866.2404182	4.3
31052.610918444312	4300	33.93711788602467	0.0	2156729	1491.22882411	4.3
31053.991422673233	4300	36.55661365710544	0.0	2039773	1380.50422892	4.3
31055.224082245935	4300	39.323954084405344	0.0	2176469	1232.6595727	4.3
31056.462243061975	4300	42.085793268364654	0.0	2221506	1238.16081604	4.3
31057.556710231493	4300	44.991326098846685	0.0	2044075	1094.46716952	4.3
31058.88511640084	4300	47.66291992949931	0.0	2186790	1328.40616935	4.3
31060.05719893217	4300	50.49083739817336	0.0	2105231	1172.08253133	4.3
31063.906259977823	4300	50.64177635252026	0.0	2395588	3849.06104565	4.3
31093.41354443008	4300	25.134491900259043	0.0	1972048	29507.2844523	4.3
31094.516039919235	1850	28.031996411106178	0.0	972798	1102.49548915	-0.6000000000000001
31096.95081693366	4300	29.5972193966838	0.0	2164140	2434.77701442	1.8499999999999996
31098.95947077509	4300	31.588565555250504	0.0	2113193	2008.65384143	4.3
31101.945131570414	4300	32.60290475992756	0.0	2147852	2985.66079532	4.3
31118.33935820795	4300	20.208678122388864	0.0	2191074	16394.2266375	4.3
31121.420170828907	1850	21.127865501432222	0.0	1035329	3080.81262096	-0.6000000000000001
31125.945051368817	1850	20.602984961522083	0.0	1026056	4524.88053991	1.85
31131.00318414966	1850	19.54485218068017	0.0	943942	5058.13278084	1.85
31135.074290839788	1850	19.47374549055194	0.0	728962	4071.10669013	1.85
31139.801834782447	1850	18.746201547893534	0.0	938587	4727.54394266	1.85
31147.964972630947	1850	14.58306369939481	0.0	908665	8163.1378485	1.85
31152.830655343896	750	13.717380986446027	0.0	390680	4865.68271295	-0.3500000000000001
31153.094982770002	750	17.453053560341964	0.0	345516	264.327426104	0.75
31153.72180703688	1850	20.826229293466348	0.0	1025005	626.824266876	0.75
31155.022414551342	4300	23.525621779003256	0.0	2121928	1300.60751446	1.8499999999999996
31156.456930998684	4300	26.091105331662863	0.0	2219102	1434.51644734	4.3
31157.86774505762	4300	28.680291272724656	0.0	2124950	1410.81405894	4.3
31159.437109443992	4300	31.110926886350523	0.0	2246506	1569.36438637	4.3
31160.346059383082	4300	34.20197694725972	0.0	1961140	908.949939091	4.3
31161.45291533751	4300	37.09512099283314	0.0	2155012	1106.85595443	4.3

