26234.95532804183	750	4.0	2.5022832189168573	450283	2502.28321892	-10.009817841342485
26236.038812557465	300	6.916515484363082	0.0	155580	1083.48451564	-0.15000000000000002
26237.089588682564	300	9.865739359267735	0.0	139857	1050.7761251	0.3
26239.566035895037	750	11.389292146792101	0.0	382355	2476.44721248	0.3
26242.06938728555	750	12.88594075627878	0.0	411561	2503.35139051	0.75
26244.035520142843	750	14.919807898989982	0.0	318564	1966.13285729	0.75
26246.354210204037	750	16.60111783779163	0.0	352642	2318.6900612	0.75
26249.05486383545	750	17.900464206378782	0.0	437162	2700.65363141	0.75
26252.040260828227	750	18.91506721360389	0.0	374758	2985.39699277	0.75
26254.29220799865	750	20.663120043180907	0.0	362795	2251.94717042	0.75
26259.842374743777	1850	19.112953298052645	0.0	939819	5550.16674513	0.75
26264.711323797554	1850	18.244004244278187	0.0	917428	4868.94905377	1.85
26270.000334051423	1850	16.954993990410806	0.0	946851	5289.01025387	1.85
26276.12545867514	1850	14.829869366696725	0.0	1036454	6125.12462371	1.85
26280.829296328066	1850	14.12603171377023	0.0	821631	4703.83765293	1.85
26286.79282948207	1850	12.162498559763774	0.0	923170	5963.53315401	1.85
26292.42260721899	1850	10.532720822845853	0.0	966699	5629.77773692	1.85
26294.73286851893	750	12.222459522905538	0.0	372963	2310.26129994	-0.3500000000000001
26296.828311129408	750	14.12701691243004	0.0	405596	2095.44261048	0.75
26298.69324783044	750	16.262080211398057	0.0	350713	1864.93670103	0.75
26301.09575992017	750	17.85956812166694	0.0	386472	2402.51208973	0.75
26303.59915071699	750	19.35617732484414	0.0	399894	2503.39079682	0.75
26306.352905907323	750	20.60242213451403	0.0	401853	2753.75519033	0.75
26315.047783961236	1850	15.907544080600328	0.0	874175	8694.87805391	0.75
26323.158475885783	1850	11.796852156052585	0.0	897976	8110.69192455	1.85
26326.0479484721	750	12.90737956973492	0.0	379700	2889.47258632	-0.3500000000000001
26328.771615563328	750	14.1837124785065	0.0	425781	2723.66709123	0.75
26330.70296705036	750	16.252360991473235	0.0	277716	1931.35148703	0.75
26333.427814339837	750	17.527513702001343	0.0	400396	2724.84728947	0.75
26336.291603424957	750	18.66372461687815	0.0	400508	2863.78908512	0.75
26338.936402510444	750	20.01892553139094	0.0	358218	2644.79908549	0.75
26341.92315321418	750	21.03217482765567	0.0	400322	2986.75070374	0.75
26351.021900277563	750	15.933427764271913	0.0	369834	9098.74706338	0.75
26355.00649598357	750	15.948832058264122	0.0	412837	3984.59570601	0.75
26357.698647635185	750	17.25668040665165	0.0	401088	2692.15165161	0.75
26360.06019309339	750	18.89513494844309	0.0	365161	2361.54545821	0.75
26362.218797908292	750	20.736530133544267	0.0	321064	2158.6048149	0.75
26364.750841367713	750	22.204486674119735	0.0	361565	2532.04345942	0.75
26370.56206772633	1850	20.39326031550447	0.0	908665	5811.22635862	0.75
26376.642873718847	1850	18.312454322986635	0.0	930577	6080.80599252	1.85
26381.88188290218	1850	17.073445139654943	0.0	858450	5239.00918333	1.85
26390.204263129555	1850	12.75106491228066	0.0	1025005	8322.38022737	1.85
26397.157114937494	1850	9.798213104341587	0.0	886255	6952.85180794	1.85
26400.517244832656	750	10.438083209179254	0.0	438281	3360.12989516	-0.3500000000000001
26403.01821070686	750	11.937117334976197	0.0	398987	2500.9658742	0.75
26405.999312198677	750	12.95601584316037	0.0	393804	2981.10149182	0.75
26408.221511392367	750	14.733816649470555	0.0	331053	2222.19919369	0.75
26410.339721501285	750	16.615606540554257	0.0	314107	2118.21010892	0.75

