25652.971252926563	750	4.0	13.626378890004302	450283	13626.37889	-57.8434292270185
25657.618381052373	300	4.0	0.6471281258081745	155580	4647.12812581	-2.9326509409751504
25661.884207571806	300	4.0	0.265826519434213	139857	4265.82651943	-0.8430540335671157
25666.720813636286	300	4.0	0.8366060644796743	155432	4836.60606448	-3.2974060772625995
25671.914979901885	300	4.0	1.1941662655983918	163442	5194.1662656	-4.834914942073085
25675.914938730173	300	4.000041171712493	0.0	126289	3999.95882829	0.3
25680.64900110647	300	4.0	0.7340212045851277	153295	4734.0623763	-2.856291179716049
25686.16584950787	300	4.0	1.5168484013979469	173849	5516.8484014	-6.222448126011171
25691.0438554557	300	4.0	0.8780059478333205	150710	4878.00594783	-3.4754255756832784
25695.445761305957	300	4.0	0.4019058502586786	139105	4401.90585026	-1.4281951561123178
25700.161131164943	300	4.0	0.7153698589846236	141840	4715.36985898	-2.7760903936338814
25705.44889735623	300	4.0	1.287766191287128	156148	5287.76619129	-5.237394622534651
25710.95705579862	300	4.0	1.5081584423893064	160746	5508.15844239	-6.185081302274018
25716.875366519154	300	4.0	1.9183107205322394	179801	5918.31072053	-7.94873609828863
25721.143070059265	300	4.0	0.26770354011308334	140051	4267.70354011	-0.8511252224862582
25725.326235845103	300	4.0	0.18316578583962292	138313	4183.16578584	-0.4876128791103786
25730.280000292692	300	4.0	0.9537644475869793	143509	4953.76444759	-3.801187124624011
25734.945545589617	300	4.0	0.6655452969277112	150616	4665.54529693	-2.5618447767891586
25740.152237562226	300	4.0	1.2066919726113883	165384	5206.69197261	-4.8887754822289695
25744.47536266221	300	4.0	0.3231250999843069	140881	4323.12509998	-1.0894379299325194
25749.372780987476	300	4.0	0.8974183252653948	157671	4897.41832527	-3.5588987986411977
25754.361693148498	300	4.0	0.9889121610239827	157812	4988.91216102	-3.9523222924031254
25759.636161219307	300	4.0	1.274468070807069	163927	5274.46807081	-5.180212704470397
25763.981102030546	300	4.0	0.3449408112378751	137654	4344.94081124	-1.183245488322863
25768.566138239934	300	4.0	0.5850362093905924	146754	4585.03620939	-2.2156557003795476
25773.35438254661	300	4.0	0.7882443066775832	153938	4788.24430668	-3.0894505187136074
25778.982237465156	300	4.0	1.6278549185446127	181901	5627.85491854	-6.699776149741835
25782.530891831175	300	4.451345633981071	0.0	111155	3548.65436602	0.3
25787.44428473869	300	4.0	0.4620472735324083	153605	4913.39290751	-1.6868032761893557
25792.0273253835	300	4.0	0.5830406448108706	149029	4583.04064481	-2.2070747726867435
25797.130780254152	300	4.0	1.1034548706505602	157421	5103.45487065	-4.444855943797409
25802.128099065707	300	4.0	0.9973188115528983	157488	4997.31881155	-3.9884708896774628
25806.67589116018	300	4.0	0.5477920944725901	143881	4547.79209447	-2.0555060062321378
25811.811968444337	300	4.0	1.1360772841561102	163444	5136.07728416	-4.585132321871273
25817.342468860697	300	4.0	1.530500416361113	179328	5530.50041636	-6.281151790352785
25822.621253722158	300	4.0	1.2787848614594968	159914	5278.78486146	-5.198774904275836
25826.79041934408	300	4.0	0.16916562192694984	131610	4169.16562193	-0.42741217428588424
25830.55123326086	300	4.239186083224034	0.0	124011	3760.81391678	0.3
25834.96929727524	300	4.0	0.1788779311545386	144254	4418.06401438	-0.46917510396451595
25839.729284591678	300	4.0	0.7599873164390784	149991	4759.98731644	-2.967945460688037
25844.42123451534	300	4.0	0.6919499236619968	147968	4691.94992366	-2.6753846717465866
25849.359038448245	300	4.0	0.9378039329060648	161857	4937.80393291	-3.7325569114960784
25853.792604755014	300	4.0	0.4335663067699179	145210	4433.56630677	-1.564335119110647
25859.04248213575	300	4.0	1.2498773807334165	172312	5249.87738073	-5.074472737153691
25864.462400500994	300	4.0	1.4199183652481142	167025	5419.91836525	-5.805648970566891
25869.551414427362	300	4.0	1.0890139263668708	160064	5089.01392637	-4.3827598833775445
25873.828647431277	300	4.0	0.27723300391610156	137507	4277.23300392	-0.8921019168392366
25877.50397736726	300	4.324670064015278	0.0	118421	3675.32993598	0.3

