28136.246568954477	750	4.0	2.4973175315755975	450283	2497.31753158	-9.988465385775068
28137.168156269327	300	7.078412685148679	0.0	155580	921.587314851	-0.15000000000000002
28138.111604332298	300	10.134964622175998	0.0	139857	943.448062973	0.3
28140.321394411803	750	11.925174542673155	0.0	382355	2209.7900795	0.3
28142.371217184857	750	13.8753517696198	0.0	411561	2049.82277305	0.75
28143.957540284588	750	16.28902866988649	0.0	318564	1586.32309973	0.75
28145.270818329554	750	18.97575062492217	0.0	352642	1313.27804496	0.75
28147.512072732796	750	20.734496221681717	0.0	437162	2241.25440324	0.75
28149.247922368555	750	22.99864658591877	0.0	374758	1735.84963576	0.75
28153.437684759898	1850	22.808884194579658	0.0	913888	4189.76239134	0.75
28157.334749148395	1850	22.911819806081564	0.0	939819	3897.0643885	1.85
28161.11890136108	1850	23.127667593400226	0.0	917428	3784.15221268	1.85
28165.918514416237	1850	22.32805453824025	0.0	946851	4799.61305516	1.85
28170.22671454961	1850	22.01985440486334	0.0	1036454	4308.20013338	1.85
28173.012387800314	1850	23.234181154163732	0.0	821631	2785.6732507	1.85
28176.109305841896	1850	24.13726311258237	0.0	923170	3096.91804158	1.85
28179.36086537255	1850	24.885703581928745	0.0	966699	3251.55953065	1.85
28183.238092197123	1850	25.008476757353414	0.0	885714	3877.22682458	1.85
28187.22790656935	1850	25.018662385125772	0.0	987708	3989.81437223	1.85
28191.065195331415	1850	25.181373623057773	0.0	923755	3837.28876207	1.85
28195.03038072513	1850	25.216188229344663	0.0	891604	3965.18539371	1.85
28198.644289968695	1850	25.6022789857787	0.0	955231	3613.90924357	1.85
28202.66025267073	1850	25.586316283748147	0.0	968026	4015.96270203	1.85
28206.96861636034	1850	25.277952594135456	0.0	874175	4308.36368961	1.85
28211.261285470064	1850	24.985283484410967	0.0	897976	4292.66910972	1.85
28214.14812773461	1850	26.098441219866082	0.0	905935	2886.84226454	1.85
28217.93605026763	1850	26.310518686842464	0.0	1076599	3787.92253302	1.85
28221.196335520963	1850	27.050233433509913	0.0	758197	3260.28525333	1.85
28225.220561906695	1850	27.02600704777916	0.0	972798	4024.22638573	1.85
28229.629052222932	1850	26.617516731539624	0.0	975811	4408.49031624	1.85
28237.904965206373	1850	22.341603748099224	0.0	873429	8275.91298344	1.85
28255.34210143811	1850	8.904467516364141	0.0	954453	17437.1362317	1.85
28259.022554130534	750	9.224014823939436	0.0	369834	3680.45269242	-0.3500000000000001
28263.12165483026	750	9.124914124213243	0.0	412837	4099.10069973	0.75
28267.10637524401	750	9.140193710462102	0.0	401088	3984.72041375	0.75
28270.741334781582	750	9.505234172889846	0.0	365161	3634.95953757	0.75
28272.10260037331	300	12.143968581164868	0.0	131610	1361.26559172	-0.15000000000000002
28275.702551696704	750	12.544017257769676	0.0	361565	3599.9513234	0.3
28279.465686470056	750	12.780882484420117	0.0	378327	3763.13477335	0.75
28283.34908166324	750	12.897487291234842	0.0	390680	3883.39519319	0.75
28286.792790820527	750	13.453778133948562	0.0	345516	3443.70915729	0.75
28290.616070406777	750	13.630498547699702	0.0	384505	3823.27958625	0.75
28294.318515189254	750	13.92805376522328	0.0	372093	3702.44478248	0.75
28298.66532139552	750	13.581247558956166	0.0	438281	4346.80620627	0.75
28302.62958789993	750	13.61698105454485	0.0	398987	3964.26650441	0.75
28306.543396235797	750	13.703172718676276	0.0	393804	3913.80833587	0.75
28309.476585062603	750	14.769983891869696	0.0	331053	2933.18882681	0.75
28311.627014310692	750	16.619554643784262	0.0	314107	2150.42924809	0.75

