28470.720554055486	750	4.0	2.4105911300486103	450283	2410.59113005	-9.615541859209024
28471.582829490188	300	7.137724565296481	0.0	155580	862.275434704	-0.15000000000000002
28472.636752525133	300	10.083801530351042	0.0	139857	1053.92303495	0.3
28473.717216990644	300	13.003337064837888	0.0	155432	1080.46446551	0.3
28475.864926101294	750	14.855627954190878	0.0	411561	2147.70911065	0.3
28477.411171785676	750	17.309382269807713	0.0	318564	1546.24568438	0.75
28481.092754256704	750	17.62779979877926	0.0	352642	3681.58247103	0.75
28487.1039710226	750	15.616583032882621	0.0	437162	6011.2167659	0.75
28489.850713521922	750	16.869840533557383	0.0	374758	2746.74249933	0.75
28491.941814007358	750	18.77874004812477	0.0	362795	2091.10048543	0.75
28493.69627340395	750	21.02428065153143	0.0	353220	1754.45939659	0.75
28495.961019546576	750	22.75953450890391	0.0	405134	2264.74614263	0.75
28500.887362723526	1850	21.833191331953056	0.0	946851	4926.34317695	0.75
28506.777824904028	1850	19.94272915145066	0.0	1036454	5890.4621805	1.85
28521.591501623312	1850	9.129052432165548	0.0	821631	14813.6767193	1.85
28522.351443860694	300	12.369110194785756	0.0	138313	759.94223738	-1.25
28524.288468331157	750	14.432085724322102	0.0	360831	1937.02447046	0.3
28526.158271540306	750	16.5622825151747	0.0	372963	1869.80320915	0.75
28528.104445684054	750	18.616108371427924	0.0	405596	1946.17414375	0.75
28539.083372558733	750	11.637181496750353	0.0	350713	10978.9268747	0.75
28539.325215048917	300	15.395339006565846	0.0	157671	241.842490185	-0.15000000000000002
28540.688358472667	1850	18.03219558281337	0.0	955231	1363.14342375	0.30000000000000004
28541.88520996258	1850	20.83534409290004	0.0	968026	1196.85148991	1.85
28544.10067901217	4300	22.61987504331135	0.0	2044075	2215.46904959	1.8499999999999996
28546.723678902614	4300	23.996875152862845	0.0	2186790	2622.99989045	4.3
28549.342281093926	4300	25.378272961551705	0.0	2105231	2618.60219131	4.3
28566.426165664772	4300	12.294388390703546	0.0	2395588	17083.8845708	4.3
28568.351341272693	1850	14.369212782782084	0.0	758197	1925.17560792	-0.6000000000000001
28573.087193527706	1850	13.6333605277697	0.0	972798	4735.85225501	1.85
28578.487777285114	1850	12.232776770360811	0.0	975811	5400.58375741	1.85
28596.52864239185	1850	4.0	5.808088336379977	873429	18040.8651067	-23.1247798464339
28598.83064048138	300	5.698001910469664	0.0	157488	2301.99808953	-1.25
28600.04379798145	300	8.484844410404447	0.0	143881	1213.15750007	0.3
28600.2772908471	300	12.25135154475085	0.0	163444	233.492865654	0.3
28601.468495826397	1850	15.060146565455765	0.0	1026056	1191.2049793	0.30000000000000004
28602.844760159474	1850	17.6838822323796	0.0	943942	1376.26433308	1.85
28603.76994600209	1850	20.758696389765856	0.0	728962	925.185842614	1.85
28607.08193718947	4300	21.4467052023859	0.0	2147467	3311.99118738	1.8499999999999996
28609.26978563777	4300	23.25885675408278	0.0	2133870	2187.8484483	4.3
28622.47679773109	4300	14.051844660761716	0.0	2146120	13207.0120933	4.3
28625.32141967128	1850	15.207222720574721	0.0	858450	2844.62194019	-0.6000000000000001
28628.433666738718	1850	16.0949756531357	0.0	1025005	3112.24706744	1.85
28630.803281263772	1850	17.725361128080944	0.0	886255	2369.61452505	1.85
28631.522902996105	1850	21.00573939574965	0.0	973972	719.621732331	1.85
28632.879460446668	4300	23.64918194518729	0.0	2124950	1356.55745056	1.8499999999999996
28634.128356319045	4300	26.40028607281149	0.0	2246506	1248.89587238	4.3
28635.76506646905	4300	28.763575922803472	0.0	1961140	1636.71015001	4.3
28637.271043652392	4300	31.25759873946038	0.0	2155012	1505.97718334	4.3

