705.892704338	750	4.0	0.19199247251522053	450283	191.992472515	-0.07556763181544823
706.179783958	1850	7.712920380293396	0.0	957685	287.079619707	0.75
706.730531071	4300	11.162173267293282	0.0	2177073	550.747113	1.8499999999999996
707.251293271	4300	14.641411067127331	0.0	2160877	520.762200166	4.3
707.727782309	4300	18.16492202889542	0.0	2233056	476.489038232	4.3
708.152526476	4300	21.740177862668936	0.0	1941625	424.744166226	4.3
708.64933608	4300	25.243368258228333	0.0	2157535	496.809604441	4.3
709.191744284	4300	28.70096005463257	0.0	2290172	542.408203596	4.3
709.653716233	4300	32.23898810531575	0.0	2055469	461.971949317	4.3
710.079537213	4300	35.81316712562028	0.0	2169201	425.820979695	4.3
710.50604706	4300	39.38665727824807	0.0	2173522	426.509847372	4.3
710.924544843	4300	42.96815949555744	0.0	2102452	418.497782691	4.3
711.364498494	4300	46.52820584474439	0.0	2209463	439.953650813	4.3
711.815190331	4300	50.077514007781126	0.0	2275376	450.691836963	4.3
712.249663568	4300	53.6430407700404	0.0	2005399	434.473237741	4.3
712.726219446	4300	57.16648489195121	0.0	2152483	476.555878089	4.3
713.3253098807484	4300	59.64519346504818	0.0	2289689	521.291426903	4.3
714.5234394107598	4300	59.795028203775985	0.0	2059512	350.165261272	4.3
716.1866748837124	4300	59.596892601669246	0.0	2220726	698.135602106731	4.3
717.5984051026682	4300	59.58407742761438	0.0	2156729	512.8151740548725	4.3
718.8619152227934	4300	59.861779890002055	0.0	2039773	722.2975376123193	4.3
720.1531179907471	4300	59.946784797281836	0.0	2176469	914.9950927202217	4.3
721.6308414994401	4300	59.60602688055209	0.0	2221506	840.757916729748	4.3
722.702852073366	4300	59.5985043895707	0.0	2044075	507.52249098139083	4.3
724.345924842314	4300	59.76871204656886	0.0	2186790	1329.7923430018384	4.3
725.6315109236778	4300	59.992559218860244	0.0	2105231	1276.1528277086145	4.3
727.3798290503229	4300	59.583116782365096	0.0	2395588	1409.4424364951483	4.3
728.9617555640398	4300	59.67209137058167	0.0	1972048	1411.0254117834254	4.3
730.3628304188508	4300	59.51700449414294	0.0	2134614	1155.0868764387355	4.3
732.8266420214533	4300	59.61809268202781	0.0	2164140	2398.9118121151255	4.3
734.1474397930238	4300	59.69964369148626	0.0	2113193	418.448990542	4.3
735.2450627526191	4300	59.812506602203044	0.0	2147852	387.13708928321404	4.3
736.4629820703084	4300	59.768789878514525	0.0	2191074	543.7167236885196	4.3
737.8405690449177	4300	59.62659768821026	0.0	2286761	642.1921903042636	4.3
739.0335611946444	4300	59.608299005499376	0.0	2307787	518.2986827108839	4.3
739.9253284890985	4300	59.7092620917802	0.0	2143948	399.036913719	4.3
740.7973886316719	4300	59.73009721086108	0.0	1919781	479.164880919	4.3
741.9117661487516	4300	59.57935608314832	0.0	2147467	650.741127713	4.3
742.7833724767881	4300	59.585371113813494	0.0	2133870	493.984969335	4.3
743.6551359434152	4300	59.548300059850824	0.0	2146120	537.071053963	4.3
745.3084550518739	4300	59.8489867119537	0.0	2108491	699.313347897	4.3
746.0650299274188	4300	59.65770215446206	0.0	2184571	691.284557491644	4.3
746.7513886151131	4300	59.5566679696415	0.0	2121928	601.034184821	4.3
748.194072296789	4300	59.83848838024043	0.0	2219102	718.179589401	4.3
749.5833441374024	4300	59.715604506071145	0.0	2124950	622.8838741692817	4.3
751.0595596019433	4300	59.571190757022684	0.0	2246506	644.4137490484655	4.3
752.0034544436413	4300	59.97464419391994	0.0	1961140	596.5465631027364	4.3
753.0447347395115	4300	59.8381781852825	0.0	2155012	636.466008637	4.3

