4799.211808219984	750	4.0	2.407720590610966	450283	2407.72059061	-9.603198539627154
4800.096073025645	300	7.11573519433944	0.0	155580	884.264805661	-0.15000000000000002
4800.899058389607	300	10.312749830377047	0.0	139857	802.985363962	0.3
4802.93813747755	750	12.273670742432829	0.0	382355	2039.07908794	0.3
4805.100936060547	750	14.110872159436877	0.0	411561	2162.798583	0.75
4806.79310205245	750	16.418706167534044	0.0	318564	1692.1659919	0.75
4808.698629998937	750	18.513178221047877	0.0	352642	1905.52794649	0.75
4811.06093887093	750	20.150869349053877	0.0	437162	2362.30887199	0.75
4813.001054052652	750	22.21075416733255	0.0	374758	1940.11518172	0.75
4817.050058151347	1850	22.16175006863816	0.0	913888	4049.00409869	0.75
4821.284088737407	1850	21.92771948257772	0.0	939819	4234.03058606	1.85
4825.365891213835	1850	21.845917006149037	0.0	917428	4081.80247643	1.85
4829.5997697145	1850	21.612038505483156	0.0	946851	4233.87850067	1.85
4834.294112377765	1850	20.917695842219604	0.0	1036454	4694.34266326	1.85
4837.989053806572	1850	21.222754413412478	0.0	821631	3694.94142881	1.85
4842.372730165948	1850	20.839078054036964	0.0	923170	4383.67635938	1.85
4846.59375825416	1850	20.61804996582488	0.0	966699	4221.02808821	1.85
4850.601923759	1850	20.609884460985583	0.0	885714	4008.16550484	1.85
4853.472408955233	1850	21.739399264752276	0.0	987708	2870.48519623	1.85
4853.884234637683	1850	25.3275735823019	0.0	923755	411.82568245	1.85
4854.696949554267	4300	28.514858665718112	0.0	2039773	812.714916584	1.8499999999999996
4855.55876758097	4300	31.653040639015046	0.0	2176469	861.818026703	4.3
4856.4367635263425	4300	34.775044693642506	0.0	2221506	877.995945373	4.3
4857.251023781339	4300	37.960784438645504	0.0	2044075	814.260254997	4.3
4858.116549255221	4300	41.09525896476373	0.0	2186790	865.525473882	4.3
4858.936983170134	4300	44.27482504985058	0.0	2105231	820.433914913	4.3
4859.679643638274	4300	47.532164581710816	0.0	2395588	742.66046814	4.3
4860.305145724139	4300	50.906662495845424	0.0	1972048	625.502085865	4.3
4860.975616336172	4300	54.23619188381293	0.0	2134614	670.470612032	4.3
4861.654254343008	4300	57.557553876977025	0.0	2164140	678.638006836	4.3
4863.318799541368	4300	59.89300867861668	0.0	2113193	664.54519836	4.3
4867.1217763902505	4300	59.71887621017263	0.0	2147852	674.132468444	4.3
4869.654755075736	4300	59.97680905764889	0.0	2191074	742.067152524	4.3
4871.287010339413	4300	59.766137192290856	0.0	2286761	710.671865358	4.3
4872.138364246796	4300	59.511251937759894	0.0	2307787	754.885254531	4.3
4875.8020601812095	4300	59.84755600334561	0.0	2143948	663.695934414	4.3
4879.107556431991	4300	59.74489017158765	0.0	1919781	602.665831758	4.3
4881.330878537456	4300	59.944644328367204	0.0	2147467	800.24584322	4.3
4882.551437206213	4300	59.755903125110066	0.0	2133870	688.741203257	4.3
4886.768401555197	4300	59.53893877612743	0.0	2146120	716.964348983	4.3
4890.603391991717	4300	59.703948339606974	0.0	2108491	834.9904365204585	4.3
4893.972639816257	4300	59.691210552839195	0.0	2184571	1012.73778677	4.3
4895.651898914669	4300	59.98983602251889	0.0	2121928	701.37453032	4.3
4896.696313968549	4300	59.66657077962484	0.0	2219102	823.265242894	4.3
4900.664413417131	4300	59.69847133104309	0.0	2124950	968.099448582	4.3
4904.668382515976	4300	59.694502232197195	0.0	2246506	1003.969098845896	4.3
4907.412484782898	4300	59.549060277943255	0.0	1961140	645.441954254	4.3
4908.72525561481	4300	59.902005018321205	0.0	2155012	647.055259622	4.3

