2781.9068675869407	750	4.0	2.943965711545378	450283	2943.96571155	-11.909052559645126
2786.3226651213026	300	4.0	0.41579753436203465	155580	4415.79753436	-1.9379293977567489
2788.502922523844	300	5.819742597458242	0.0	139857	2180.25740254	0.3
2790.088727522575	300	8.233937598727573	0.0	155432	1585.80499873	0.3
2791.430520534959	300	10.892144586343093	0.0	163442	1341.79301238	0.3
2792.415824381364	300	13.906840739938346	0.0	126289	985.303846405	0.3
2794.9777166660215	750	15.344948455281212	0.0	352642	2561.89228466	0.3
2797.870133640832	750	16.452531480470196	0.0	437162	2892.41697481	0.75
2802.0081905516313	750	16.314474569671365	0.0	374758	4138.0569108	0.75
2810.8744313917537	750	11.448233729548948	0.0	362795	8866.24084012	0.75
2814.0209114184836	300	12.30175370281892	0.0	141840	3146.48002673	-0.15000000000000002
2816.0016074800556	300	14.321057641246904	0.0	156148	1980.69606157	0.3
2822.561386453777	300	11.76127866752597	0.0	160746	6559.77897372	0.3
2824.920522392396	300	13.40214272890694	0.0	179801	2359.13593862	0.3
2826.915908803135	300	15.406756318167584	0.0	140051	1995.38641074	0.3
2833.4278693454053	750	12.894795775897684	0.0	366214	6511.96054227	0.3
2840.648115490419	750	9.674549630883941	0.0	360831	7220.24614501	0.75
2843.9529744096726	300	10.369690711630557	0.0	150616	3304.85891925	-0.15000000000000002
2847.453429641979	300	10.869235479324031	0.0	165384	3500.45523231	0.3
2850.3652128565523	300	11.957452264750819	0.0	140881	2911.78321457	0.3
2852.2378548786323	300	14.084810242670384	0.0	157671	1872.64202208	0.3
2853.9106022401684	300	16.412062881134087	0.0	157812	1672.74736154	0.3
2858.6549830655867	750	15.667682055716021	0.0	401853	4744.38082542	0.3
2862.723195521599	750	15.599469599703992	0.0	343800	4068.21245601	0.75
2868.0725852415644	750	14.250079879737969	0.0	359903	5349.38971997	0.75
2872.3316104868404	750	13.99105463446199	0.0	379700	4259.02524528	0.75
2876.3905575481035	750	13.932107573199112	0.0	425781	4058.94706126	0.75
2879.1090881102127	750	15.213577011089578	0.0	277716	2718.53056211	0.75
2882.628183872095	750	15.69448124920683	0.0	400396	3519.09576188	0.75
2886.5272430466944	750	15.795422074607522	0.0	400508	3899.0591746	0.75
2889.027723631133	750	17.294941490169254	0.0	358218	2500.48058444	0.75
2892.662862195826	750	17.659802925476168	0.0	400322	3635.13856469	0.75
2896.3906225955507	750	17.932042525751807	0.0	369834	3727.76039972	0.75
2901.996001535836	750	16.326663585465987	0.0	412837	5605.37894029	0.75
2906.1865270685144	750	16.136138052787565	0.0	401088	4190.52553268	0.75
2909.3379831222005	750	16.98468199910104	0.0	365161	3151.45605369	0.75
2912.2171712909712	750	18.1054938303302	0.0	321064	2879.18816877	0.75
2915.433476346619	750	18.88918877468256	0.0	361565	3216.30505565	0.75
2919.4998076040893	750	18.822857517212164	0.0	378327	4066.33125747	0.75
2925.7089478056705	750	16.61371731563104	0.0	390680	6209.14020158	0.75
2929.5334189598225	750	16.789246161478875	0.0	345516	3824.47115415	0.75
2933.869270350262	750	16.4533947710392	0.0	384505	4335.85139044	0.75
2937.3664515643122	750	16.956213556988587	0.0	372093	3497.18121405	0.75
2943.045027253987	750	15.277637867314272	0.0	438281	5678.57568967	0.75
2946.471590580628	750	15.851074540673164	0.0	398987	3426.56332664	0.75
2950.669174413174	750	15.653490708127247	0.0	393804	4197.58383255	0.75
2954.9146435907933	750	15.408021530507707	0.0	331053	4245.46917762	0.75
2958.37269843563	750	15.94996668567168	0.0	314107	3458.05484484	0.75

