7672.821373830592	750	4.0	7.763244651952461	450283	7763.24465195	-32.63195200339558
7677.70656195376	300	4.0	0.8851881231671559	155580	4885.18812317	-3.9563089296187703
7683.685488304066	300	4.0	1.9789263503058865	139857	5978.92635031	-8.209383306315312
7687.021461071806	300	4.664027232259754	0.0	155432	3335.97276774	0.3
7688.978957077335	300	6.706531226731398	0.0	163442	1957.49600553	0.3
7689.813967889471	300	9.871520414595475	0.0	126289	835.010812136	0.3
7690.774230819529	300	12.911257484537321	0.0	153295	960.262930058	0.3
7692.944461999836	750	14.74102630423047	0.0	437162	2170.23118031	0.3
7694.172681699437	750	17.512806604628675	0.0	374758	1228.2196996	0.75
7696.970528119568	1850	18.714960184497382	0.0	913888	2797.84642013	0.75
7700.124947340439	1850	19.56054096362694	0.0	939819	3154.41922087	1.85
7703.997562984012	1850	19.6879253200543	0.0	917428	3872.61564357	1.85
7707.4344671042	1850	20.251021199866262	0.0	946851	3436.90412019	1.85
7710.819388811159	1850	20.866099492907733	0.0	1036454	3384.92170696	1.85
7713.51549682112	1850	22.169991482946525	0.0	821631	2696.10800996	1.85
7716.351165627974	1850	23.334322676093212	0.0	923170	2835.66880685	1.85
7719.533544424315	1850	24.151943879752654	0.0	966699	3182.37879634	1.85
7722.117563883498	1850	25.567924420569444	0.0	885714	2584.01945918	1.85
7724.958116305818	1850	26.727371998249698	0.0	987708	2840.55242232	1.85
7728.814714770336	2850	26.870773533731874	0.0	1336050	3856.59846452	1.85
7734.77426145011	4300	24.911226853957356	0.0	2039773	5959.54667977	2.8499999999999996
7742.006618267681	4300	21.678870036385973	0.0	2176469	7232.35681757	4.3
7749.108612698781	4300	18.576875605285757	0.0	2221506	7101.9944311	4.3
7758.570028438879	4300	13.115459865188962	0.0	2044075	9461.4157401	4.3
7763.140484429892	1850	12.545003874175194	0.0	897976	4570.45599101	-0.6000000000000001
7768.295298271587	1850	11.390190032480369	0.0	905935	5154.81384169	1.85
7771.992891161238	1850	11.692597142829237	0.0	1076599	3697.59288965	1.85
7774.090992497069	1850	13.594495806998692	0.0	758197	2098.10133583	1.85
7777.367044673722	1850	14.318443630345556	0.0	972798	3276.05217665	1.85
7779.362365988419	1850	16.323122315649194	0.0	975811	1995.3213147	1.85
7781.8264604646665	1850	17.859027839400724	0.0	873429	2464.09447625	1.85
7785.56367141659	1850	18.12181688747767	0.0	954453	3737.21095192	1.85
7788.7761257273905	1850	18.90936257667658	0.0	885062	3212.4543108	1.85
7793.525036243357	1850	18.160452060710973	0.0	1035329	4748.91051597	1.85
7798.70224144581	1850	16.983246858258063	0.0	1026056	5177.20520245	1.85
7801.7410455506	1850	17.944442753467904	0.0	943942	3038.80410479	1.85
7804.59376897325	1850	19.091719330817313	0.0	728962	2852.72342265	1.85
7809.152536728037	1850	18.532951576029973	0.0	938587	4558.76775479	1.85
7811.427913450368	1850	20.257574853699595	0.0	908665	2275.37672233	1.85
7813.8087623221645	1850	21.876725981902975	0.0	930577	2380.8488718	1.85
7816.377929215411	1850	23.307559088655204	0.0	858450	2569.16689325	1.85
7820.271329829209	1850	23.414158474857018	0.0	1025005	3893.4006138	1.85
7824.497258372986	1850	23.188229931080397	0.0	886255	4225.92854378	1.85
7827.7741588008885	1850	23.911329503177097	0.0	973972	3276.9004279	1.85
7830.844034199392	1850	24.841454104674003	0.0	958994	3069.8753985	1.85
7834.590986031928	1850	25.094502272136953	0.0	982064	3746.95183254	1.85
7838.910595123644	1850	24.774893180421145	0.0	830730	4319.60909172	1.85
7842.093876027186	1850	25.591612276879303	0.0	846370	3183.28090354	1.85

