28637.57130835423	750	4.0	0.30026470183591425	450283	300.264701836	-0.5411382178944313
28638.119778629538	1850	7.4515297246893	0.0	957685	548.470275311	0.75
28638.692380352742	1850	10.878928001483409	0.0	877771	572.601723206	1.85
28639.473278088924	1850	14.09803026530313	0.0	933276	780.89773618	1.85
28640.61807955544	4300	16.95322879878612	0.0	2233056	1144.80146652	1.8499999999999996
28642.02706863062	4300	19.54423972360557	0.0	1941625	1408.98907518	4.3
28643.30539807911	4300	22.265910275119396	0.0	2157535	1278.32944849	4.3
28644.565075037655	4300	25.006233316573308	0.0	2290172	1259.67695855	4.3
28646.079979054095	4300	27.491329300134183	0.0	2055469	1514.90401644	4.3
28649.003056536796	4300	28.568251817430905	0.0	2169201	2923.0774827	4.3
28657.736190154068	4300	23.83511820015966	0.0	2173522	8733.13361727	4.3
28659.800887740457	4300	25.77042061377309	0.0	2102452	2064.69758639	4.3
28662.769416389623	4300	26.801891964607286	0.0	2209463	2968.52864917	4.3
28665.309241116858	4300	28.262067237371834	0.0	2275376	2539.82472724	4.3
28667.619807657768	4300	29.951500696464898	0.0	2005399	2310.56654091	4.3
28670.043588312292	4300	31.527720041940565	0.0	2152483	2423.78065452	4.3
28672.706347273233	4300	32.864961080997496	0.0	2289689	2662.75896094	4.3
28675.447512782666	4300	34.12379557156342	0.0	2059512	2741.16550943	4.3
28679.420962943062	4300	34.15034541116867	0.0	2220726	3973.45016039	4.3
28688.252530975922	4300	29.31877737830686	0.0	2156729	8831.56803286	4.3
28689.640886600835	4300	31.930421753395784	0.0	2039773	1388.35562491	4.3
28690.79984112165	4300	34.771467232578786	0.0	2176469	1158.95452082	4.3
28692.008756156443	4300	37.5625521977872	0.0	2221506	1208.91503479	4.3
28693.038914912704	4300	40.532393441527304	0.0	2044075	1030.15875626	4.3
28694.413399963003	4300	43.157908391230556	0.0	2186790	1374.4850503	4.3
28695.459069841425	4300	46.112238512808425	0.0	2105231	1045.66987842	4.3
28696.810206834496	4300	48.76110151973847	0.0	2395588	1351.13699307	4.3
28698.255029171964	4300	51.31627918227033	0.0	1972048	1444.82233747	4.3
28703.749687608175	4300	49.82162074605608	0.0	2134614	5494.65843621	4.3
28708.951232106647	4300	48.62007624758166	0.0	2164140	5201.54449847	4.3
28710.330123751148	4300	51.24118460308092	0.0	2113193	1378.8916445	4.3
28711.58144035286	4300	53.98986800137014	0.0	2147852	1251.31660171	4.3
28712.680312123543	4300	56.89099623069013	0.0	2191074	1098.87177068	4.3
28714.24878676791	4300	59.32252158632272	0.0	2286761	1568.47464437	4.3
28716.563572077685	4300	59.754000489190005	0.0	2307787	1568.52109713	4.3
28718.46411008843	4300	59.636863590141516	0.0	2143948	1117.1368990484823	4.3
28720.258466262258	4300	59.84138605907473	0.0	1919781	1295.477531066791	4.3
28721.868890192243	4300	59.99561341546296	0.0	2147467	1345.7726436117644	4.3
28728.05691372397	4300	57.807589883740896	0.0	2133870	6188.023531722065	4.3
28736.260023861338	4300	53.60447974637208	0.0	2146120	8203.110137368825	4.3
28743.042218288963	4300	50.82228531874943	0.0	2108491	6782.19442762264	4.3
28746.148047096194	4300	51.71645651151725	0.0	2184571	3105.828807232179	4.3
28748.38067907084	4300	53.48382453687004	0.0	2121928	2232.631974647214	4.3
28751.132903276197	4300	54.731600331515466	0.0	2219102	2752.2242053545697	4.3
28766.021117679004	4300	43.8433859287106	0.0	2124950	14888.21440280486	4.3
28772.26338224545	4300	41.601121362263335	0.0	2246506	6242.264566447262	4.3
28774.435838940175	4300	43.42866466754003	0.0	1961140	2172.456694723306	4.3
28776.63179158841	4300	45.23271201930381	0.0	2155012	2195.952648236219	4.3

