16319.228188889714	750	4.0	2.1284674589700057	450283	2128.46745897	-8.402410073571025
16321.189593077246	750	6.038595812468165	0.0	398865	1961.40418753	0.75
16323.227142414169	750	8.001046475544975	0.0	350812	2037.54933692	0.75
16327.197337365265	750	8.03085152444866	0.0	382355	3970.1949511	0.75
16332.95072033319	750	6.277468556524757	0.0	411561	5753.38296792	0.75
16333.546475093515	300	9.681713796200086	0.0	126289	595.754760325	-0.15000000000000002
16334.213230828393	300	13.014958061322389	0.0	153295	666.755734878	0.3
16336.157702341448	750	15.070486548266283	0.0	437162	1944.47151306	0.3
16337.836123178357	750	17.392065711357734	0.0	374758	1678.42083691	0.75
16339.3432832439	750	19.884905645815657	0.0	362795	1507.16006554	0.75
16340.946900312436	750	22.28128857727911	0.0	353220	1603.61706854	0.75
16354.05607873063	1850	13.17211015908639	0.0	917428	13109.1784182	0.75
16358.609423333808	750	12.618765555907267	0.0	386351	4553.34460318	-0.3500000000000001
16362.379448131718	750	12.848740757998023	0.0	434409	3770.02479791	0.75
16363.193663176135	300	16.03452571358089	0.0	140051	814.215044417	-0.15000000000000002
16365.390682291129	750	17.837506598588092	0.0	366214	2197.01911499	0.3
16370.472445208276	750	16.755743681440958	0.0	360831	5081.76291715	0.75
16373.035229488501	750	18.192959401215003	0.0	372963	2562.78428023	0.75
16375.808650676387	750	19.419538213330807	0.0	405596	2773.42118788	0.75
16377.820168341364	750	21.408020548352134	0.0	350713	2011.51766498	0.75
16382.055602999628	1850	21.172585890089884	0.0	891604	4235.43465826	0.75
16386.529105518643	1850	20.699083371075524	0.0	955231	4473.50251901	1.85
16391.11722380932	1850	20.110965080398366	0.0	968026	4588.11829068	1.85
16395.85822263087	1850	19.36996625884478	0.0	874175	4740.99882155	1.85
16401.1224136018	1850	18.10577528791738	0.0	897976	5264.19097093	1.85
16406.47827647997	1850	16.749912409747477	0.0	905935	5355.86287817	1.85
16412.73569023831	1850	14.492498651408932	0.0	1076599	6257.41375834	1.85
16416.84775121905	1850	14.380437670667769	0.0	758197	4112.06098074	1.85
16429.275140252717	1850	5.953048637000993	0.0	972798	12427.3890337	1.85
16434.528380171956	750	4.6998087177638865	0.0	400508	5253.23991924	-0.3500000000000001
16435.446626936133	300	7.781561953585738	0.0	157421	918.246764178	-0.15000000000000002
16436.190066024097	300	11.038122865620702	0.0	157488	743.439087965	0.3
16438.203936091737	750	13.024252797982038	0.0	369834	2013.87006764	0.3
16440.339600257026	750	14.888588632690828	0.0	412837	2135.66416529	0.75
16442.317217772856	750	16.910971116864744	0.0	401088	1977.61751583	0.75
16444.382390365932	750	18.845798523786197	0.0	365161	2065.17259308	0.75
16446.13023253832	750	21.097956351397745	0.0	321064	1747.84217239	0.75
16447.85508767497	750	23.373101214747553	0.0	361565	1724.85513665	0.75
16451.620212207614	1850	23.60797668210348	0.0	908665	3765.12453264	0.75
16455.455905495735	1850	23.77228339398098	0.0	930577	3835.69328812	1.85
16460.38660353601	1850	22.841585353706858	0.0	858450	4930.69804027	1.85
16466.811035223705	1850	20.41715366601305	0.0	1025005	6424.43168769	1.85
16471.6738609968	1850	19.55432789291792	0.0	886255	4862.8257731	1.85
16477.31654207317	1850	17.911646816549766	0.0	973972	5642.68107637	1.85
16484.695376222142	1850	14.532812667575856	0.0	958994	7378.83414897	1.85
16489.175549684165	1850	14.052639205554653	0.0	982064	4480.17346202	1.85
16495.82264397213	1850	11.405544917591664	0.0	830730	6647.09428796	1.85
16503.394302730856	1850	7.833886158865494	0.0	846370	7571.65875873	1.85

