3510.164314202511	750	4.0	0.16115784517155224	450283	161.157845172	0.05702126576232536
3510.4169248739177	1850	7.74738932859309	0.0	957685	252.610671407	0.75
3511.032092513557	4300	11.132221688954054	0.0	2177073	615.167639639	1.8499999999999996
3511.757049762932	4300	14.407264439579192	0.0	2160877	724.957249375	4.3
3512.1678152963395	4300	17.996498906172043	0.0	2233056	410.765533407	4.3
3512.5354133811175	4300	21.62890082139421	0.0	1941625	367.598084778	4.3
3512.9349925654815	4300	25.229321637030008	0.0	2157535	399.579184364	4.3
3513.378494890754	4300	28.785819311757336	0.0	2290172	443.502325273	4.3
3513.7893474364196	4300	32.374966766091894	0.0	2055469	410.852545665	4.3
3514.218506520264	4300	35.94580768224776	0.0	2169201	429.159083844	4.3
3514.692406019462	4300	39.471908183049784	0.0	2173522	473.899499198	4.3
3515.1554208155108	4300	43.00889338700071	0.0	2102452	463.014796049	4.3
3515.6519931523167	4300	46.512321050194615	0.0	2209463	496.572336806	4.3
3516.182322444489	4300	49.981991758022495	0.0	2275376	530.329292172	4.3
3516.6718413304266	4300	53.49247287208437	0.0	2005399	489.518885938	4.3
3517.3923873984027	4300	56.77192680410858	0.0	2152483	720.546067976	4.3
3518.5628608862908	4300	59.60145331622051	0.0	2289689	670.473487888	4.3
3519.6848925300483	4300	59.63478975881743	0.0	2059512	466.66355740307466	4.3
3520.992089765304	4300	59.768875184366586	0.0	2220726	865.9145744508448	4.3
3522.998523037601	4300	59.94629987862077	0.0	2156729	1822.5753057458217	4.3
3523.8870846079803	4300	59.803948076706426	0.0	2039773	642.351801914	4.3
3524.751762979991	4300	59.954213774933656	0.0	2176469	849.7343017727694	4.3
3526.2053613674734	4300	59.694886616311365	0.0	2221506	1259.3271586222895	4.3
3530.632568370594	4300	59.26767961319072	0.0	2044075	4427.207003120639	4.3
3533.3530093722825	4300	59.888198228337075	0.0	2186790	1879.4813848536508	4.3
3536.9797534990807	4300	59.955805973355005	0.0	2105231	2932.392254982073	4.3
3539.7750760689996	4300	59.61532062430392	0.0	2395588	1840.4853490510836	4.3
3541.03224781109	4300	59.67415336369242	0.0	1972048	441.16726061149865	4.3
3542.619645281511	4300	59.74845686922162	0.0	2134614	925.6964944708017	4.3
3544.5430578041055	4300	59.57710109589945	0.0	2164140	1171.3557733221664	4.3
3546.1684353323476	4300	59.60094070641436	0.0	2113193	976.1603894850889	4.3
3547.6692529904562	4300	59.885140446738504	0.0	2147852	1215.8002596758502	4.3
3549.2736978415905	4300	59.93492672038772	0.0	2191074	1450.2137263507807	4.3
3550.424151626538	4300	59.647315390306076	0.0	2286761	787.611330082	4.3
3551.8267032703548	4300	59.58746079583059	0.0	2307787	1059.8545944754849	4.3
3552.858411033546	4300	59.70295543890551	0.0	2143948	884.5053569250772	4.3
3553.590685049517	4300	59.620419634053	0.0	1919781	582.535804853	4.3
3554.9231020796346	4300	59.989080224553646	0.0	2147467	631.339409499	4.3
3556.264472532797	4300	59.62893380828145	0.0	2133870	360.146416272	4.3
3557.533595218083	4300	59.69498448408329	0.0	2146120	433.94932419815626	4.3
3558.7294708577842	4300	59.724133344776654	0.0	2108491	470.8511393066433	4.3
3560.3279977251555	4300	59.997882161288416	0.0	2184571	1226.2511834882362	4.3
3562.3753166697957	4300	59.61986053091021	0.0	2121928	1378.0216303782095	4.3
3565.798415896544	4300	59.703459574666645	0.0	2219102	2916.40095624356	4.3
3568.4106824515784	4300	59.6101754324019	0.0	2124950	2093.284142264738	4.3
3570.8443205084254	4300	59.61284761036308	0.0	2246506	1997.3278220388231	4.3
3575.1263439187815	4300	59.33082420000729	0.0	1961140	4282.0234103557905	4.3
3577.2516619509893	4300	59.79783200648554	0.0	2155012	2032.992193521752	4.3

