14996.61883901637	750	4.0	9.344171539961012	450283	9344.17153996	-39.42993762183235
14998.660325683684	300	5.958513332685104	0.0	155580	2041.48666731	-0.15000000000000002
15000.13907052679	300	8.479768489579717	0.0	139857	1478.74484311	0.3
15001.77358484108	300	10.845254175290432	0.0	155432	1634.51431429	0.3
15003.51207836304	300	13.106760653331238	0.0	163442	1738.49352196	0.3
15006.871594512826	750	13.747244503543564	0.0	318564	3359.51614979	0.3
15010.960207334398	750	13.658631681971118	0.0	352642	4088.61282157	0.75
15015.689491933508	750	12.92934708286107	0.0	437162	4729.28459911	0.75
15019.637230405471	750	12.98160861089923	0.0	374758	3947.73847196	0.75
15023.670506588753	750	12.948332427617048	0.0	362795	4033.27618328	0.75
15027.8760048003	750	12.74283421606876	0.0	353220	4205.49821155	0.75
15032.645023173343	750	11.973815843026369	0.0	405134	4769.01837304	0.75
15043.401098688899	750	5.217740327470757	0.0	386351	10756.0755156	0.75
15043.638917501095	300	8.979921515274539	0.0	179801	237.818812196	-0.15000000000000002
15044.440097185767	1850	12.178741830603197	0.0	821631	801.179684671	0.30000000000000004
15045.33040187181	1850	15.288437144560387	0.0	923170	890.304686043	1.85
15046.258913770695	1850	18.359925245676216	0.0	966699	928.511898884	1.85
15047.116341768457	1850	21.502497247914455	0.0	885714	857.427997762	1.85
15049.15782968614	4300	23.461009330229572	0.0	2220726	2041.48791768	1.8499999999999996
15051.197045265542	4300	25.421793750827995	0.0	2156729	2039.2155794	4.3
15053.13001568512	4300	27.488823331251545	0.0	2039773	1932.97041958	4.3
15055.114695569286	4300	29.504143447084264	0.0	2176469	1984.67988417	4.3
15057.085862062146	4300	31.532976954224537	0.0	2221506	1971.16649286	4.3
15058.905981669695	4300	33.71285734667351	0.0	2044075	1820.11960755	4.3
15060.807310668311	4300	35.8115283480569	0.0	2186790	1901.32899862	4.3
15062.63359327791	4300	37.985245738459625	0.0	2105231	1826.2826096	4.3
15064.716435405515	4300	39.90240361085388	0.0	2395588	2082.84212761	4.3
15066.528828478746	4300	42.090010537622085	0.0	1972048	1812.39307323	4.3
15068.484031570975	4300	44.134807445393285	0.0	2134614	1955.20309223	4.3
15070.376313870169	4300	46.24252514619884	0.0	2164140	1892.28229919	4.3
15072.104027710326	4300	48.514811306042894	0.0	2113193	1727.71384016	4.3
15073.858766111885	4300	50.760072904483444	0.0	2147852	1754.73840156	4.3
15075.647613069965	4300	52.971225946405156	0.0	2191074	1788.84695808	4.3
15077.511653716329	4300	55.10718530004216	0.0	2286761	1864.04064636	4.3
15079.392098017743	4300	57.22674099862714	0.0	2307787	1880.44430142	4.3
15081.262321312492	4300	59.35651770387828	0.0	2143948	1870.22329475	4.3
15085.017961532443	4300	59.60087748392541	0.0	1919781	1755.64021995	4.3
15088.61956011654	4300	59.99927889982892	0.0	2147467	2101.5985840964877	4.3
15092.66305892737	4300	59.955780089000164	0.0	2133870	2043.4988108287562	4.3
15095.800964297821	4300	59.73102312925461	0.0	2146120	1724.75695975	4.3
15097.908330665947	4300	59.593914150546325	0.0	2108491	1637.10897871	4.3
15101.79579651075	4300	59.706448305741745	0.0	2184571	1887.4658448	4.3
15105.66530153085	4300	59.836943285642924	0.0	2121928	1869.5050200988214	4.3
15109.604954896651	4300	59.86073072990045	0.0	2219102	1976.21255574	4.3
15112.557161453826	4300	59.576347856343574	0.0	2124950	1784.38287356	4.3
15116.410663400311	4300	59.72284590985835	0.0	2246506	1853.50194649	4.3
15120.375480465247	4300	59.75802884492226	0.0	1961140	3464.81706493609	4.3
15124.455755490524	4300	59.67775381964325	0.0	2155012	2580.2750252790033	4.3

