22856.317719487477	750	4.0	2.0445119472890374	450283	2044.51194729	-8.041401373342861
22857.24652185087	300	7.07119763660812	0.0	155580	928.802363392	-0.15000000000000002
22858.165965843717	300	10.151753643763232	0.0	139857	919.443992845	0.3
22860.247877161335	750	12.069842326142279	0.0	382355	2081.91131762	0.3
22861.98798003043	750	14.329739457048818	0.0	411561	1740.10286909	0.75
22863.501755910325	750	16.81596357715234	0.0	318564	1513.7758799	0.75
22865.111379065955	750	19.206340421524242	0.0	352642	1609.62315563	0.75
22866.90333965875	750	21.41437982872367	0.0	437162	1791.9605928	0.75
22870.09267857698	1850	22.225040910496716	0.0	852833	3189.33891823	0.75
22873.681370638536	1850	22.636348848938145	0.0	913888	3588.69206156	1.85
22876.479196788507	1850	23.838522698967516	0.0	939819	2797.82614997	1.85
22878.97053388587	1850	25.34718560160587	0.0	917428	2491.33709736	1.85
22881.667983142386	1850	26.64973634508909	0.0	946851	2697.44925652	1.85
22884.96293002409	1850	27.35478946338797	0.0	1036454	3294.9468817	1.85
22888.155276518028	1850	28.162442969447714	0.0	821631	3192.34649394	1.85
22891.48813363242	1850	28.829585855053683	0.0	923170	3332.85711439	1.85
22894.651374200526	1850	29.666345286946754	0.0	966699	3163.24056811	1.85
22897.742388002094	1850	30.575331485378996	0.0	885714	3091.01380157	1.85
22900.88463747418	1850	31.43308201329449	0.0	987708	3142.24947208	1.85
22904.107758437898	1850	32.20996104957691	0.0	923755	3223.12096372	1.85
22907.16753304999	1850	33.15018643748474	0.0	891604	3059.77461209	1.85
22910.01949584716	1850	34.298223640314696	0.0	955231	2851.96279717	1.85
22913.31757477789	1850	35.00014470958218	0.0	968026	3298.07893073	1.85
22920.880133072835	4300	31.43758641463903	0.0	2044075	7562.55829494	1.8499999999999996
22926.84998414051	4300	29.467735346962975	0.0	2186790	5969.85106768	4.3
22934.307112100494	4300	26.01060738698159	0.0	2105231	7457.12795998	4.3
22942.324792542044	4300	21.9929269454302	0.0	2395588	8017.68044155	4.3
22949.187873143856	4300	19.129846343620397	0.0	1972048	6863.08060181	4.3
22957.595862428112	4300	14.721857059361012	0.0	2134614	8407.98928426	4.3
22965.373897224577	4300	10.943822262895287	0.0	2164140	7778.03479647	4.3
22968.861078245372	1850	11.456641242103121	0.0	873429	3487.18102079	-0.6000000000000001
22972.74832481253	1850	11.569394674941504	0.0	954453	3887.24656716	1.85
22975.952829308553	1850	12.36489017891733	0.0	885062	3204.50449602	1.85
22979.30643649548	1850	13.011282991994154	0.0	1035329	3353.60718692	1.85
22983.167143451392	1850	13.150576036082443	0.0	1026056	3860.70695591	1.85
22987.48991683903	1850	12.82780264844467	0.0	943942	4322.77338764	1.85
22990.255257093642	1850	14.062462393833725	0.0	728962	2765.34025461	1.85
22993.281399245145	1850	15.036320242330858	0.0	938587	3026.1421515	1.85
22996.030628849367	1850	16.287090638110563	0.0	908665	2749.22960422	1.85
22998.764211801787	1850	17.55350768568983	0.0	930577	2733.58295242	1.85
23001.81673094301	1850	18.500988544467212	0.0	858450	3052.51914122	1.85
23007.113234577857	1850	17.20448490962007	0.0	1025005	5296.50363485	1.85
23010.34216260507	1850	17.975556882408828	0.0	886255	3228.92802721	1.85
23013.866992522067	1850	18.45072696541117	0.0	973972	3524.829917	1.85
23018.75980790632	1850	17.557911581156333	0.0	958994	4892.81538425	1.85
23023.610572160942	1850	16.70714732653836	0.0	982064	4850.76425462	1.85
23027.683837502813	1850	16.63388198466656	0.0	830730	4073.26534187	1.85
23029.00748194807	1850	19.31023753940579	0.0	846370	1323.64444526	1.85

