9719.69679702888	750	4.0	7.46283667502089	450283	7462.83667502	-31.340197702589826
9722.311881308664	300	5.384915720217523	0.0	155580	2615.08427978	-0.15000000000000002
9723.874074446658	300	7.822722582223103	0.0	139857	1562.19313799	0.3
9726.061296780032	300	9.635500248849077	0.0	155432	2187.22233337	0.3
9726.977985949765	300	12.718811079116234	0.0	163442	916.689169733	0.3
9728.63335859246	750	15.063438436420391	0.0	318564	1655.3726427	0.3
9730.1402767783	750	17.556520250581777	0.0	352642	1506.91818584	0.75
9732.340768767752	750	19.356028261129016	0.0	437162	2200.49198945	0.75
9738.512193825638	1850	17.184603203243125	0.0	852833	6171.42505789	0.75
9743.338204992679	1850	16.358592036203213	0.0	913888	4826.01116704	1.85
9748.589045022052	1850	15.107752006828669	0.0	939819	5250.84002937	1.85
9754.666361855594	1850	13.03043517328539	0.0	917428	6077.31683354	1.85
9756.67688031147	750	15.019916717408734	0.0	386351	2010.51845588	-0.3500000000000001
9758.697049752993	750	16.999747275885653	0.0	434409	2020.16944152	0.75
9760.3946130286	750	19.302184000279187	0.0	337059	1697.56327561	0.75
9764.347137698765	1850	19.349659330114218	0.0	923170	3952.52467016	0.75
9770.06418897228	1850	17.632608056599835	0.0	966699	5717.05127351	1.85
9775.343818094005	1850	16.352978934876134	0.0	885714	5279.62912172	1.85
9782.016319012973	1850	13.680478015905909	0.0	987708	6672.50091897	1.85
9792.290023953638	1850	7.4067730752418335	0.0	923755	10273.7049407	1.85
9798.455529703397	750	5.24126732548252	0.0	386472	6165.50574976	-0.3500000000000001
9799.881033056803	300	7.815763972077084	0.0	157812	1425.50335341	-0.15000000000000002
9801.349518146399	300	10.347278882481282	0.0	163927	1468.4850896	0.3
9803.070512271934	300	12.626284756948191	0.0	137654	1720.99412553	0.3
9804.294545596871	300	15.40225143200905	0.0	146754	1224.03332494	0.3
9809.260734724965	750	14.436062303915943	0.0	379700	4966.18912809	0.3
9812.960478412399	750	14.73631861648168	0.0	425781	3699.74368743	0.75
9815.879977371404	750	15.816819657477021	0.0	277716	2919.498959	0.75
9820.908861657397	750	14.787935371482707	0.0	400396	5028.88428599	0.75
9824.29850213981	750	15.39829488907065	0.0	400508	3389.64048241	0.75
9826.755525227154	750	16.94127180172653	0.0	358218	2457.02308734	0.75
9829.494613006671	750	18.202184022208808	0.0	400322	2739.08777952	0.75
9832.876423987818	750	18.82037304106162	0.0	369834	3381.81098115	0.75
9836.111288604177	750	19.58550842470246	0.0	412837	3234.86461636	0.75
9838.461874689638	750	21.234922339243074	0.0	401088	2350.58608546	0.75
9844.207439362192	1850	19.489357666689223	0.0	943942	5745.56467255	0.75
9847.889747602778	1850	19.807049426101464	0.0	728962	3682.30824059	1.85
9850.923487812468	1200	20.773309216409547	0.0	575591	3033.74020969	0.5499999999999999
9856.057296858662	1850	19.63950017021593	0.0	908665	5133.80904619	1.2000000000000002
9861.100885489424	1850	18.595911539454676	0.0	930577	5043.58863076	1.85
9865.584016067054	1850	18.112780961824825	0.0	858450	4483.13057763	1.85
9871.513128644534	1850	16.183668384346333	0.0	1025005	5929.11257748	1.85
9876.997120057908	1850	14.69967697097252	0.0	886255	5483.99141337	1.85
9881.731787959505	1850	13.965009069374293	0.0	973972	4734.6679016	1.85
9885.8621050907	1850	13.834691938178725	0.0	958994	4130.3171312	1.85
9890.258082982493	1850	13.438714046385176	0.0	982064	4395.97789179	1.85
9895.27205260035	1850	12.424744428527996	0.0	830730	5013.96961786	1.85
9898.946967897145	1850	12.749829131732685	0.0	846370	3674.9152968	1.85

