12485.985651404786	750	4.0	1.7970500906082574	450283	1797.05009061	-6.977315389615506
12487.123683558835	750	6.861967845952675	0.0	398865	1138.03215405	0.75
12487.977654194825	750	10.007997209963307	0.0	350812	853.970635989	0.75
12490.15530638469	1850	11.83034502009669	0.0	933276	2177.65218987	0.75
12493.013365581102	1850	12.972285823684823	0.0	996749	2858.05919641	1.85
12495.01918160264	1850	14.966469802146719	0.0	801058	2005.81602154	1.85
12497.273399092066	1850	16.71225231272107	0.0	905515	2254.21748943	1.85
12499.861080243789	1850	18.1245711609977	0.0	1060487	2587.68115172	1.85
12502.148438752016	1850	19.837212652769868	0.0	852833	2287.35850823	1.85
12504.660100968538	1850	21.325550436248474	0.0	913888	2511.66221652	1.85
12507.480233822733	1850	22.50541758205389	0.0	939819	2820.13285419	1.85
12509.92394137266	1850	24.061710032128723	0.0	917428	2443.70754993	1.85
12512.474043125996	1850	25.511608278791932	0.0	946851	2550.10175334	1.85
12515.208794520498	1850	26.776856884288218	0.0	1036454	2734.7513945	1.85
12517.436054586924	1850	28.54959681786226	0.0	821631	2227.26006643	1.85
12520.00168347079	1850	29.983967933997207	0.0	923170	2565.62888387	1.85
12523.274107545096	1850	30.711543859689833	0.0	966699	3272.42407431	1.85
12528.206645496963	4300	29.779005907824242	0.0	2059512	4932.53795187	1.8499999999999996
12534.024528187922	4300	27.961123216864813	0.0	2220726	5817.88269096	4.3
12542.80743851423	4300	23.17821289055519	0.0	2156729	8782.91032631	4.3
12554.669082383452	4300	15.31656902133424	0.0	2039773	11861.6438692	4.3
12561.40780912572	1850	12.577842279066035	0.0	955231	6738.72674227	-0.6000000000000001
12567.493503050146	1850	10.492148354640987	0.0	968026	6085.69392443	1.85
12573.505788805634	1850	8.479862599152272	0.0	874175	6012.28575549	1.85
12575.925855611176	750	10.059795793608112	0.0	359903	2420.06680554	-0.3500000000000001
12577.58633075801	750	12.39932064677669	0.0	379700	1660.47514683	0.75
12579.71801571799	750	14.267635686795444	0.0	425781	2131.68495998	0.75
12581.127743665671	750	16.85790773911545	0.0	277716	1409.72794768	0.75
12585.241663965071	1850	16.743987439714928	0.0	972798	4113.9202994	0.75
12589.397901574206	1850	16.587749830580286	0.0	975811	4156.23760913	1.85
12592.733241747035	1850	17.252409657750373	0.0	873429	3335.34017283	1.85
12596.884442843602	1850	17.1012085611829	0.0	954453	4151.20109657	1.85
12600.738202992608	1850	17.24744841217772	0.0	885062	3853.76014901	1.85
12605.647425050736	1850	16.338226354051645	0.0	1035329	4909.22205813	1.85
12610.835003360962	1850	15.150648043824596	0.0	1026056	5187.57831023	1.85
12615.277403679254	1850	14.708247725533967	0.0	943942	4442.40031829	1.85
12618.58495509111	1850	15.400696313678848	0.0	728962	3307.55141186	1.85
12622.842825152284	1850	15.14282625250419	0.0	938587	4257.87006117	1.85
12626.980007515633	1850	15.005643889154168	0.0	908665	4137.18236335	1.85
12631.1235099657	1850	14.86214143908575	0.0	930577	4143.50245007	1.85
12635.08786905344	1850	14.897782351349145	0.0	858450	3964.35908774	1.85
12640.096558020461	1850	13.889093384326305	0.0	1025005	5008.68896702	1.85
12644.390777673334	1850	13.594873731453648	0.0	886255	4294.21965287	1.85
12648.63151012266	1850	13.354141282128708	0.0	973972	4240.73244932	1.85
12652.829214991585	1850	13.156436413202394	0.0	958994	4197.70486893	1.85
12657.394858766611	1850	12.590792638175566	0.0	982064	4565.64377503	1.85
12662.412652992287	1850	11.572998412499777	0.0	830730	5017.79422568	1.85
12669.945530257623	1850	8.040121147165634	0.0	846370	7532.87726533	1.85

