32969.381902784546	750	4.0	2.311965106135504	450283	2311.96510614	-9.191449956382668
32970.18574110964	300	7.196161674905496	0.0	155580	803.838325095	-0.15000000000000002
32970.89602810469	300	10.485874679856247	0.0	139857	710.286995049	0.3
32972.73139725195	750	12.65050553260563	0.0	382355	1835.36914725	0.3
32975.108536984706	750	14.27336579984686	0.0	411561	2377.13973276	0.75
32977.06107484137	750	16.320827943181225	0.0	318564	1952.53785667	0.75
32983.71607536102	750	13.665827423525938	0.0	352642	6655.00051966	0.75
32986.12741037424	300	15.254492410311435	0.0	173849	2411.33501321	-0.15000000000000002
32991.20933361678	750	14.172569167766753	0.0	374758	5081.92324254	0.3
32995.427377603395	750	13.954525181156015	0.0	362795	4218.04398661	0.75
33009.55981236513	750	4.0	0.17790958058129036	353220	14132.4347617	-0.015011196499548518
33011.835379688106	300	5.724432677023298	0.0	156148	2275.56732298	-0.15000000000000002
33014.06925181742	300	7.490560547710738	0.0	160746	2233.87212931	0.3
33017.197686538086	300	8.362125827044139	0.0	179801	3128.43472067	0.3
33017.435907203784	300	12.123905161347164	0.0	140051	238.220665697	0.3
33017.92963236724	750	15.630179997888478	0.0	366214	493.725163459	0.3
33019.17746228931	1850	18.38235007581651	0.0	966699	1247.82992207	0.75
33020.15124887367	1850	21.40856349145967	0.0	885714	973.786584357	1.85
33022.9555859785	4300	22.604226386631368	0.0	2220726	2804.33710483	1.8499999999999996
33025.38201096957	4300	24.17780139555652	0.0	2156729	2426.42499107	4.3
33037.989607700234	4300	15.570204664894892	0.0	2039773	12607.5967307	4.3
33038.52461366926	1850	19.035198695874257	0.0	955231	535.005969021	-0.6000000000000001
33039.59056134446	4300	21.969251020673653	0.0	2221506	1065.9476752	1.8499999999999996
33040.57231217783	4300	24.987500187307862	0.0	2044075	981.750833366	4.3
33041.743968641335	4300	27.815843723799663	0.0	2186790	1171.65646351	4.3
33043.00352026929	4300	30.556292095842636	0.0	2105231	1259.55162796	4.3
33044.1500054444	4300	33.40980692073531	0.0	2395588	1146.48517511	4.3
33045.17837981893	4300	36.38143254620588	0.0	1972048	1028.37437453	4.3
33046.6458969041	4300	38.913915461034044	0.0	2134614	1467.51708517	4.3
33048.09013818404	4300	41.469674181093914	0.0	2164140	1444.24127994	4.3
33059.40339148056	4300	34.15642088457435	0.0	2113193	11313.2532965	4.3
33060.91741653636	4300	36.642395828778234	0.0	2147852	1514.0250558	4.3
33062.071962949514	4300	39.48784941562368	0.0	2191074	1154.54641315	4.3
33063.30488675411	4300	42.25492561102468	0.0	2286761	1232.9238046	4.3
33064.666793288576	4300	44.893019076558105	0.0	2307787	1361.90653447	4.3
33066.46828581126	4300	47.09152655387344	0.0	2143948	1801.49252268	4.3
33067.59740266441	4300	49.96240970072238	0.0	1919781	1129.11685315	4.3
33068.71875655787	4300	52.84105580726008	0.0	2147467	1121.35389346	4.3
33069.81368685122	4300	55.7461255139105	0.0	2133870	1094.93029335	4.3
33070.82513311501	4300	58.73467925012366	0.0	2146120	1011.44626379	4.3
33072.4812157703	4300	59.644235640777474	0.0	2108491	1090.44360935	4.3
33073.88344908949	4300	59.93593850415171	0.0	2184571	1208.297136625761	4.3
33075.39779436485	4300	59.985733957755784	0.0	2121928	1450.2045463959237	4.3
33084.23982861925	4300	55.14369970335438	0.0	2219102	8842.034254401404	4.3
33086.34916166351	4300	57.034366659094175	0.0	2124950	2109.333044260211	4.3
33089.06082947219	4300	58.32269885041202	0.0	2246506	2711.6678086821526	4.3
33091.701004761504	4300	59.682523561099764	0.0	1961140	2640.1752893122534	4.3
33094.558686903234	4300	59.987358053044	0.0	2155012	2195.1655080557616	4.3

