14950.590775317922	750	4.0	2.0259229921417634	450283	2025.92299214	-7.961468866209582
14951.02708409367	300	7.563691224253182	0.0	155580	436.308775747	-0.15000000000000002
14951.387525626968	750	11.203249690955074	0.0	350812	360.441533298	0.3
14951.632256942145	1850	14.958518375777865	0.0	933276	244.731315177	0.75
14952.106410709888	4300	18.484364608034607	0.0	2233056	474.153767743	1.8499999999999996
14952.529124376404	4300	22.061650941519076	0.0	1941625	422.713666516	4.3
14952.913294366068	4300	25.67748095185587	0.0	2157535	384.169989663	4.3
14953.302508073737	4300	29.28826724418602	0.0	2290172	389.21370767	4.3
14953.660032727123	4300	32.93074259080172	0.0	2055469	357.524653384	4.3
14954.049513137928	4300	36.54126217999512	0.0	2169201	389.480410807	4.3
14954.461017369864	4300	40.129757948058895	0.0	2173522	411.504231936	4.3
14954.86168204933	4300	43.72909326859268	0.0	2102452	400.664679466	4.3
14955.272848179395	4300	47.3179271385295	0.0	2209463	411.166130063	4.3
14955.6849059406	4300	50.90586937732349	0.0	2275376	412.057761206	4.3
14956.057564517583	4300	54.53321080033895	0.0	2005399	372.658576985	4.3
14956.446279051072	4300	58.14449626685119	0.0	2152483	388.714533488	4.3
14957.201915908685	4300	59.75739120068973	0.0	2289689	387.105066161	4.3
14957.744785330904	4300	59.8807223853054	0.0	2059512	376.668815384	4.3
14958.538723344054	4300	59.52685368214922	0.0	2220726	353.868703156	4.3
14959.248337755269	4300	59.60208113153887	0.0	2156729	424.77255061	4.3
14959.851627480944	4300	59.652857199002135	0.0	2039773	449.223932537	4.3
14961.20460559448	4300	59.76340103880493	0.0	2176469	389.456160197	4.3
14962.420788576781	4300	59.84707052432089	0.0	2221506	416.3305144840332	4.3
14963.394972560678	4300	59.96990476628379	0.0	2044075	377.16575803710157	4.3
14964.68854971126	4300	59.58162530392151	0.0	2186790	388.279462362	4.3
14965.841967589158	4300	59.66706520908204	0.0	2105231	414.560094839481	4.3
14966.873994945172	4300	59.730980422605214	0.0	2395588	436.0847864768196	4.3
14967.638379659882	4300	59.85675935001871	0.0	1972048	374.221072587	4.3
14968.193662733423	4300	59.98369963431058	0.0	2134614	373.059715708	4.3
14969.106371942165	4300	59.57845670885406	0.0	2164140	405.242925457	4.3
14970.263145825167	4300	59.71380290899849	0.0	2113193	864.6537998555785	4.3
14970.955320146268	4300	59.72427579001913	0.0	2147852	489.527118979	4.3
14972.290430054949	4300	59.868044436739225	0.0	2191074	356.23135328	4.3
14973.457799489011	4300	59.98379899740986	0.0	2286761	384.2454393293674	4.3
14974.332397968537	4300	59.648061755012186	0.0	2307787	835.7372423976692	4.3
14975.659968003107	4300	59.963207356293026	0.0	2143948	684.854398719	4.3
14976.831758227914	4300	59.909170061813015	0.0	1919781	554.0372944800106	4.3
14978.089090717967	4300	59.54938028195134	0.0	2147467	359.789779862	4.3
14979.204238648279	4300	59.650577671890595	0.0	2133870	398.80261006074653	4.3
14980.448378786014	4300	59.59668026314852	0.0	2146120	553.897408742077	4.3
14981.552920289205	4300	59.59953087605027	0.0	2108491	497.149387098249	4.3
14982.289646874397	4300	59.74486364150078	0.0	2184571	354.667234549	4.3
14982.86287930601	4300	59.85927710101405	0.0	2121928	385.586540487	4.3
14983.653395823489	4300	59.76734178783864	0.0	2219102	591.935313175	4.3
14984.492815679147	4300	59.65742246216126	0.0	2124950	609.919325677	4.3
14985.036865702126	4300	59.70814771566198	0.0	2246506	449.274746499	4.3
14986.402215484215	4300	59.784860462857985	0.0	1961140	423.287252804	4.3
14987.27466747641	4300	59.52966573140266	0.0	2155012	755.1947314553228	4.3

