13170.430109607636	750	4.0	0.45956524945998634	450283	459.56524946	-1.2261305726779412
13171.402006346481	1850	7.028103261155893	0.0	957685	971.896738844	0.75
13172.4865963189	1850	9.943513288735463	0.0	877771	1084.58997242	1.85
13173.506881415075	1850	12.923228192560792	0.0	933276	1020.28509617	1.85
13174.930494090118	1850	15.499615517517865	0.0	996749	1423.61267504	1.85
13176.185748782398	1850	18.244360825237862	0.0	801058	1255.25469228	1.85
13177.13314148522	1850	21.296968122416583	0.0	905515	947.392702821	1.85
13179.931817526873	4300	22.498292080762997	0.0	2290172	2798.67604165	1.8499999999999996
13182.78976558715	4300	23.64034402048686	0.0	2055469	2857.94806028	4.3
13185.481133719632	4300	24.94897588800367	0.0	2169201	2691.36813248	4.3
13187.856651182072	4300	26.573458425563345	0.0	2173522	2375.51746244	4.3
13190.68144928354	4300	27.748660324095024	0.0	2102452	2824.79810147	4.3
13193.359105180294	4300	29.071004427342	0.0	2209463	2677.65589675	4.3
13196.104980266751	4300	30.325129340884445	0.0	2275376	2745.87508646	4.3
13198.357953119994	4300	32.07215648764269	0.0	2005399	2252.97285324	4.3
13202.639073635331	4300	31.791035972302907	0.0	2152483	4281.12051534	4.3
13209.415357624217	4300	29.014751983418183	0.0	2289689	6776.28398888	4.3
13212.746629985086	4300	29.683479622548678	0.0	2059512	3331.27236087	4.3
13215.977390057153	4300	30.45271955048257	0.0	2220726	3230.76007207	4.3
13218.954803097831	4300	31.475306509804128	0.0	2156729	2977.41304068	4.3
13221.222707331399	4300	33.20740227623747	0.0	2039773	2267.90423357	4.3
13222.484669631378	4300	35.94543997625635	0.0	2176469	1261.96229998	4.3
13223.772341703145	4300	38.657767904489674	0.0	2221506	1287.67207177	4.3
13224.902895070443	4300	41.52721453719167	0.0	2044075	1130.5533673	4.3
13226.337936218391	4300	44.09217338924265	0.0	2186790	1435.04114795	4.3
13227.5288504533	4300	46.90125915433421	0.0	2105231	1190.91423491	4.3
13229.211802403064	4300	49.2183072045705	0.0	2395588	1682.95194976	4.3
13230.172421768852	4300	52.25768783878409	0.0	1972048	960.619365786	4.3
13231.244379260488	4300	55.185730347147846	0.0	2134614	1071.95749164	4.3
13251.47512355082	4300	38.954986056817155	0.0	2164140	20230.7442903	4.3
13252.473832232778	4300	41.95627737485977	0.0	2113193	998.708681957	4.3
13253.963969102042	4300	44.466140505595554	0.0	2147852	1490.13686926	4.3
13255.680652356283	4300	46.74945725135509	0.0	2191074	1716.68325424	4.3
13256.772407852528	4300	49.65770175510769	0.0	2286761	1091.75549625	4.3
13258.143749508592	4300	52.28636009904408	0.0	2307787	1371.34165606	4.3
13259.264348648037	4300	55.16576095959692	0.0	2143948	1120.59913945	4.3
13260.662354653143	4300	57.767754954491814	0.0	1919781	1398.00600511	4.3
13262.653447079905	4300	59.59811388859454	0.0	2147467	1169.6410659	4.3
13265.790619109226	4300	59.65025355436588	0.0	2133870	2447.8603342286583	4.3
13269.019183070171	4300	59.59062742143984	0.0	2146120	2559.626132926034	4.3
13273.58695775507	4300	59.02285273654093	0.0	2108491	4567.774684898913	4.3
13280.548032229175	4300	56.061778262435084	0.0	2184571	6961.074474105849	4.3
13286.247740844869	4300	54.36206964674244	0.0	2121928	5699.708615692638	4.3
13300.12272979444	4300	44.48708069716938	0.0	2219102	13874.988949573059	4.3
13313.170764660974	4300	35.43904583063753	0.0	2124950	13048.034866531852	4.3
13315.900445110263	4300	36.70936538134683	0.0	2246506	2729.680449290699	4.3
13318.73669978307	4300	37.87311070854061	0.0	1961140	2836.2546728062184	4.3
13321.53191019676	4300	39.0779002948502	0.0	2155012	2795.2104136904054	4.3

