19050.834849919618	750	4.0	1.1396480754124116	450283	1139.64807541	-4.15048672427337
19052.251947350353	750	6.582902569262932	0.0	398865	1417.09743074	0.75
19053.61300818889	750	9.221841730725503	0.0	350812	1361.06083854	0.75
19055.00731896618	750	11.827530953439105	0.0	382355	1394.31077729	0.75
19056.00314039448	750	14.831709525137885	0.0	411561	995.821428301	0.75
19058.830700778897	1850	16.004149140722056	0.0	801058	2827.56038442	0.75
19059.9884620765	1850	18.84638784311962	0.0	905515	1157.7612976	1.85
19061.396792357562	1850	21.438057562060692	0.0	1060487	1408.33028106	1.85
19062.343944202396	1850	24.490905717222805	0.0	852833	947.151844838	1.85
19064.90966972646	4300	25.925180193157615	0.0	2169201	2565.72552407	1.8499999999999996
19067.337452263564	4300	27.497397656053824	0.0	2173522	2427.7825371	4.3
19069.78248652615	4300	29.052363393465942	0.0	2102452	2445.03426259	4.3
19080.29626041675	4300	22.538589502865086	0.0	2209463	10513.7738906	4.3
19086.830794297774	4300	20.00405562183999	0.0	2275376	6534.53388103	4.3
19091.987851177557	4300	18.846998742056314	0.0	2005399	5157.05687978	4.3
19098.067044366515	4300	16.767805553100295	0.0	2152483	6079.19318896	4.3
19101.32881702349	4300	17.50603289612557	0.0	2289689	3261.77265697	4.3
19102.928470869047	4300	19.906379050567857	0.0	2059512	1599.65384556	4.3
19104.627343310964	4300	22.207506608649197	0.0	2220726	1698.87244192	4.3
19105.89630424727	4300	24.938545672339796	0.0	2156729	1268.96093631	4.3
19107.098692643	4300	27.73615727661115	0.0	2039773	1202.38839573	4.3
19108.738787246722	4300	30.09606267289074	0.0	2176469	1640.09460372	4.3
19110.159052608014	4300	32.67579731159968	0.0	2221506	1420.26536129	4.3
19119.488980001563	4300	27.345869918051537	0.0	2044075	9329.92739355	4.3
19141.232279638287	4300	9.602570281325596	0.0	2186790	21743.2996367	4.3
19141.398356663518	300	13.436493256093192	0.0	153938	166.077025232	-3.7
19142.165601736277	1850	16.669248183335093	0.0	1076599	767.245072758	0.30000000000000004
19143.435561854185	4300	19.39928806542825	0.0	1972048	1269.96011791	1.8499999999999996
19144.60007524597	4300	22.234774673643866	0.0	2134614	1164.51339178	4.3
19145.923595556702	4300	24.911254362908885	0.0	2164140	1323.52031073	4.3
19147.345292174523	4300	27.48955774509008	0.0	2113193	1421.69661782	4.3
19148.436049123567	4300	30.39880079604717	0.0	2147852	1090.75694904	4.3
19149.912904787005	4300	32.9219451326094	0.0	2191074	1476.85566344	4.3
19151.1232055184	4300	35.711644401209966	0.0	2286761	1210.3007314	4.3
19160.21225504057	4300	30.622594879041447	0.0	2307787	9089.04952217	4.3
19166.67101193462	4300	28.163837984993393	0.0	2143948	6458.75689405	4.3
19173.19600702402	4300	25.638842895593417	0.0	1919781	6524.9950894	4.3
19182.85969748674	4300	19.975152432874907	0.0	2147467	9663.69046272	4.3
19188.838088255943	4300	17.996761663672697	0.0	2133870	5978.3907692	4.3
19194.718617033086	4300	16.11623288652877	0.0	2146120	5880.52877714	4.3
19201.612446765717	4300	13.222403153898194	0.0	2108491	6893.82973263	4.3
19215.770421541576	4300	4.0	0.9355716219603292	2184571	14157.9747759	0.27704202557058455
19218.175222857917	1850	5.595198683655577	0.0	886255	2404.80131634	-0.6000000000000001
19221.359643767973	1850	6.410777773597907	0.0	973972	3184.42091006	1.85
19230.505599225213	1850	4.0	2.7351776836393493	958994	9145.95545724	-9.911264039649202
19234.06477256999	750	4.440826655222127	0.0	393804	3559.17334478	-0.3500000000000001
19234.792407835124	300	7.713191390083019	0.0	137507	727.635265139	-0.15000000000000002
19235.372021799896	300	11.13357742531137	0.0	118421	579.613964772	0.3

