21695.275525117533	750	4.0	1.1867425917735515	450283	1186.74259177	-4.352993144626271
21696.556251121114	750	6.719273996417632	0.0	398865	1280.72600358	0.75
21697.80285366853	750	9.472671449004348	0.0	350812	1246.60254741	0.75
21699.35646638015	750	11.919058737381652	0.0	382355	1553.61271162	0.75
21700.926347091987	750	14.349178025547964	0.0	411561	1569.88071183	0.75
21701.909373121216	750	17.36615199631894	0.0	318564	983.026029229	0.75
21704.792669803013	1850	18.48285531452531	0.0	905515	2883.29668179	0.75
21708.197734951173	1850	19.077790166364128	0.0	1060487	3405.06514816	1.85
21710.29101491569	1850	20.984510201845058	0.0	852833	2093.27996452	1.85
21712.642019152165	1850	22.63350596537148	0.0	913888	2351.00423647	1.85
21715.52861474548	1850	23.74691037205726	0.0	939819	2886.59559331	1.85
21718.251598290004	1850	25.02392682753073	0.0	917428	2722.98354453	1.85
21721.18506431026	1850	26.09046080727373	0.0	946851	2933.46602026	1.85
21724.30073250226	1850	26.974792615273905	0.0	1036454	3115.668192	1.85
21725.518548429318	1850	29.756976688217097	0.0	821631	1217.81592706	1.85
21727.863364218956	4300	31.412160898576676	0.0	2152483	2344.81578964	1.8499999999999996
21731.047556383484	4300	32.227968734052325	0.0	2289689	3184.19216452	4.3
21733.601266955622	4300	33.674258161914885	0.0	2059512	2553.71057214	4.3
21735.308024751233	4300	35.967500366302104	0.0	2220726	1706.75779561	4.3
21736.41703229988	4300	38.85849281765691	0.0	2156729	1109.00754865	4.3
21737.475785656567	4300	41.79973946097057	0.0	2039773	1058.75335669	4.3
21738.877541606566	4300	44.397983510972956	0.0	2176469	1401.75595	4.3
21740.33188410438	4300	46.94364101316031	0.0	2221506	1454.34249781	4.3
21741.440392816017	4300	49.835132301521256	0.0	2044075	1108.50871164	4.3
21742.66492214286	4300	52.610602974678166	0.0	2186790	1224.52932684	4.3
21743.728118729498	4300	55.54740638803841	0.0	2105231	1063.19658664	4.3
21744.84055912931	4300	58.43496598822624	0.0	2395588	1112.44039981	4.3
21747.79519432641	4300	59.4803307911276	0.0	1972048	2954.6351971	4.3
21753.46863052706	4300	57.8068945904753	0.0	2134614	5673.43620065	4.3
21762.863434794883	4300	52.41209032265008	0.0	2164140	9394.80426783	4.3
21767.779112051303	4300	51.49641306622866	0.0	2113193	4915.67725642	4.3
21770.35125410104	4300	52.92427101649387	0.0	2147852	2572.14204973	4.3
21773.552460041352	4300	53.723065076181385	0.0	2191074	3201.20594031	4.3
21788.137119744646	4300	43.13840537288733	0.0	2286761	14584.6597033	4.3
21795.01477187725	4300	40.26075324028534	0.0	2307787	6877.6521326	4.3
21805.46372500879	4300	33.8118001087445	0.0	2143948	10448.9531315	4.3
21808.604909732276	4300	34.670615385260106	0.0	1919781	3141.18472348	4.3
21811.523728147076	4300	35.751796970458834	0.0	2147467	2918.8184148	4.3
21815.116678124003	4300	36.15884699353078	0.0	2133870	3592.94997693	4.3
21820.423226494764	4300	34.85229862277236	0.0	2146120	5306.54837076	4.3
21826.419990029906	4300	32.85553508763146	0.0	2108491	5996.76353514	4.3
21827.701721316134	4300	35.573803801404864	0.0	2184571	1281.73128623	4.3
21828.821678978566	4300	38.45384613897129	0.0	2121928	1119.95766243	4.3
21830.217024311172	4300	41.058500806362204	0.0	2219102	1395.34533261	4.3
21831.300883543292	4300	43.97464157424682	0.0	2124950	1083.85923212	4.3
21832.50625276219	4300	46.76927235534924	0.0	2246506	1205.3692189	4.3
21833.96993726446	4300	49.30558785307498	0.0	1961140	1463.68450227	4.3
21835.014686796756	4300	52.26083832078292	0.0	2155012	1044.74953229	4.3

