21837.62460179728	750	4.0	2.6099150005239253	450283	2609.91500052	-10.472634502252879
21838.578728015196	300	7.0458737820847945	0.0	155580	954.126217915	-0.15000000000000002
21840.629407192373	750	8.99519460491003	0.0	350812	2050.67917717	0.3
21842.855618184578	750	10.76898361270387	0.0	382355	2226.21099221	0.75
21845.24576645559	750	12.37883534169039	0.0	411561	2390.14827101	0.75
21847.132335889288	750	14.492265907994303	0.0	318564	1886.5694337	0.75
21849.21428878144	750	16.410313015840504	0.0	352642	2081.95289215	0.75
21851.74827191823	750	17.87632987905153	0.0	437162	2533.98313679	0.75
21853.903052098645	750	19.721549698633936	0.0	374758	2154.78018042	0.75
21855.984250024296	750	21.640351772984374	0.0	362795	2081.19792565	0.75
21857.93853119035	750	23.686070606931242	0.0	353220	1954.28116605	0.75
21860.168282127237	750	25.456319670042706	0.0	405134	2229.75093689	0.75
21865.21161457392	1850	24.41298722336498	0.0	946851	5043.33244668	0.75
21870.791831409824	1850	22.832770387460886	0.0	1036454	5580.2168359	1.85
21875.381564413106	1850	22.243037384174624	0.0	821631	4589.73300329	1.85
21880.24334325125	1850	21.38125854603102	0.0	923170	4861.77883814	1.85
21885.472019961435	1850	20.152581835847037	0.0	966699	5228.67671018	1.85
21890.61070412896	1850	19.01389766831967	0.0	885714	5138.68416753	1.85
21896.060518499668	1850	17.564083297611685	0.0	987708	5449.81437071	1.85
21901.151976141744	1850	16.47262565553788	0.0	923755	5091.45764207	1.85
21905.923541409313	1850	15.701060387968115	0.0	891604	4771.56526757	1.85
21911.10490072163	1850	14.51970107564958	0.0	955231	5181.35931232	1.85
21916.15350523405	1850	13.47109656322996	0.0	968026	5048.60451242	1.85
21921.00445857475	1850	12.62014322253246	0.0	874175	4850.9533407	1.85
21925.73044403237	1850	11.894157764910473	0.0	897976	4725.98545762	1.85
21930.582660955395	1850	11.041940841884658	0.0	905935	4852.21692303	1.85
21936.48740481047	1850	9.137196986810817	0.0	1076599	5904.74385507	1.85
21940.883003208186	1850	8.741598589095219	0.0	758197	4395.59839772	1.85
21942.819593404354	750	10.805008392929613	0.0	400396	1936.59019617	-0.3500000000000001
21944.101775899817	750	13.522825897467722	0.0	400508	1282.18249546	0.75
21946.803498948615	1850	14.821102848667742	0.0	873429	2701.7230488	0.75
21949.78542573548	1850	15.839176061800844	0.0	954453	2981.92678687	1.85
21952.56728472847	1850	17.057317068812363	0.0	885062	2781.85899299	1.85
21955.746020673116	1850	17.8785811241704	0.0	1035329	3178.73594464	1.85
21958.91116284822	1850	18.713438949065498	0.0	1026056	3165.1421751	1.85
21961.856331097653	1850	19.76827069962999	0.0	943942	2945.16824944	1.85
21964.13773416523	1850	21.486867632057777	0.0	728962	2281.40306757	1.85
21967.039399358564	1850	22.585202438723982	0.0	938587	2901.66519333	1.85
21969.841521831866	1850	23.783079965419763	0.0	908665	2802.1224733	1.85
21972.703478427367	1850	24.921123369918057	0.0	930577	2861.9565955	1.85
21975.321587777962	1850	26.303014019327158	0.0	858450	2618.10935059	1.85
21978.418742566988	1850	27.20585923030143	0.0	1025005	3097.15478903	1.85
21980.844928913888	1850	28.77967288340084	0.0	886255	2426.1863469	1.85
21983.503328819857	1850	30.121272977433073	0.0	973972	2658.39990597	1.85
21986.449880452434	1850	31.174721344852454	0.0	958994	2946.55163258	1.85
21989.462980290424	1850	32.161621506862396	0.0	982064	3013.09983799	1.85
21995.38220800905	4300	30.242393788236175	0.0	1961140	5919.22771863	1.8499999999999996
22001.939594109088	4300	27.685007688197164	0.0	2155012	6557.38610004	4.3

