2604.3760305893747	750	4.0	3.9421098754676374	450283	3942.10987547	-16.20107246451084
2605.7380140153427	300	6.63801657403223	0.0	155580	1361.98342597	-0.15000000000000002
2607.028717485837	300	9.347313103537813	0.0	139857	1290.70347049	0.3
2608.2542888206076	300	12.12174176876744	0.0	155432	1225.57133477	0.3
2609.8089247310654	300	14.567105858309606	0.0	163442	1554.63591046	0.3
2614.4585256940995	750	13.917504895275219	0.0	318564	4649.60096303	0.3
2617.9371413699996	750	14.438889219375355	0.0	352642	3478.6156759	0.75
2620.9948670535637	750	15.381163535810835	0.0	437162	3057.72568356	0.75
2623.05452519874	750	17.321505390634453	0.0	374758	2059.65814518	0.75
2625.046366678339	750	19.329663911035357	0.0	362795	1991.8414796	0.75
2627.444394568888	750	20.93163602048626	0.0	353220	2398.02789055	0.75
2630.856130930625	750	21.51989965874938	0.0	405134	3411.73636174	0.75
2634.3416036439667	750	22.034426945407596	0.0	386351	3485.47271334	0.75
2638.6651764643943	750	21.710854124980315	0.0	434409	4323.57282043	0.75
2643.425287091015	750	20.950743498359827	0.0	337059	4760.11062662	0.75
2648.916739547624	750	19.459291041750962	0.0	366214	5491.45245661	0.75
2653.1200499844517	750	19.25598060492286	0.0	360831	4203.31043683	0.75
2656.58867817232	750	19.787352417054773	0.0	372963	3468.62818787	0.75
2660.348040873726	750	20.027989715649163	0.0	405596	3759.36270141	0.75
2663.5046517491182	750	20.871378840256746	0.0	350713	3156.61087539	0.75
2667.21723667371	750	21.15879391566522	0.0	386472	3712.58492459	0.75
2671.0480684191707	750	21.327962170204476	0.0	399894	3830.83174546	0.75
2678.9588864765283	750	17.417144112846792	0.0	401853	7910.81805736	0.75
2682.534854527126	750	17.84117606224896	0.0	343800	3575.9680506	0.75
2686.8497514050932	750	17.526279184281826	0.0	359903	4314.89687797	0.75
2692.885911860756	750	15.490118728619017	0.0	379700	6036.16045566	0.75
2702.2813897609744	750	10.094640828400616	0.0	425781	9395.47790022	0.75
2705.626364033745	300	10.749666555629593	0.0	111155	3344.97427277	-0.15000000000000002
2707.0580172122263	300	13.318013377148247	0.0	153605	1431.65317848	0.3
2709.440931681372	300	14.935098908002384	0.0	149029	2382.91446915	0.3
2711.0126281047246	300	17.36340248465014	0.0	157421	1571.69642335	0.3
2715.231403931682	750	17.144626657692626	0.0	400322	4218.77582696	0.3
2720.715960709927	750	15.660069879447345	0.0	369834	5484.55677825	0.75
2724.0800620763493	750	16.29596851302536	0.0	412837	3364.10136642	0.75
2727.3804542198027	750	16.99557636957172	0.0	401088	3300.39214345	0.75
2729.884444485352	750	18.49158610402241	0.0	365161	2503.99026555	0.75
2733.667169724657	750	18.70886086471718	0.0	321064	3782.72523931	0.75
2736.0037376265104	750	20.372292962864368	0.0	361565	2336.56790185	0.75
2738.470402763718	750	21.90562782565645	0.0	378327	2466.66513721	0.75
2741.9617407278597	750	22.414289861515215	0.0	390680	3491.33796414	0.75
2743.8844022928547	750	24.49162829652025	0.0	345516	1922.66156499	0.75
2750.0864574189322	1850	22.289573170442548	0.0	1025005	6202.05512608	0.75
2755.273322088263	1850	21.10270850111186	0.0	886255	5186.86466933	1.85
2761.1808676995533	1850	19.19516288982168	0.0	973972	5907.54561129	1.85
2766.240717312684	1850	18.135313276690976	0.0	958994	5059.84961313	1.85
2771.0932725544203	1850	17.28275803495427	0.0	982064	4852.55524174	1.85
2775.227447872965	1850	17.148582716409734	0.0	830730	4134.17531854	1.85
2778.9629018753953	1850	17.41312871397954	0.0	846370	3735.45400243	1.85

