20127.798642506074	750	4.0	3.39456017666544	450283	3394.56017667	-13.846608759661391
20129.023876219726	300	6.774766286345233	0.0	155580	1225.23371365	-0.15000000000000002
20130.195557569234	300	9.603084936841743	0.0	139857	1171.6813495	0.3
20131.565115256555	300	12.23352724951999	0.0	155432	1369.55768732	0.3
20135.063767277516	750	12.734875228559439	0.0	411561	3498.65202096	0.3
20137.829096817582	750	13.969545688493056	0.0	318564	2765.32954007	0.75
20140.81523025493	750	14.983412251141322	0.0	352642	2986.13343735	0.75
20144.313395724315	750	15.485246781757557	0.0	437162	3498.16546938	0.75
20147.408467448426	750	16.39017505764803	0.0	374758	3095.07172411	0.75
20150.443824714457	750	17.354817791615552	0.0	362795	3035.35726603	0.75
20153.507259228525	750	18.29138327754703	0.0	353220	3063.43451407	0.75
20157.10523106111	750	18.69341144496357	0.0	405134	3597.97183258	0.75
20160.627543079183	750	19.171099426888897	0.0	386351	3522.31201807	0.75
20164.362069605286	750	19.436572900783425	0.0	434409	3734.52652611	0.75
20167.411220238904	750	20.38742226716677	0.0	337059	3049.15063362	0.75
20170.806011809298	750	20.99263069677711	0.0	366214	3394.79157039	0.75
20173.8708613595	750	21.927781146575477	0.0	360831	3064.8495502	0.75
20177.129508288377	750	22.669134217700226	0.0	372963	3258.64692888	0.75
20180.827670643415	750	22.970971862660086	0.0	405596	3698.16235504	0.75
20181.114979233833	750	26.683663272244836	0.0	350713	287.308590415	0.75
20181.485872427063	1850	30.312770079012246	0.0	891604	370.893193233	0.75
20182.275963473516	4300	33.52267903255919	0.0	2176469	790.091046453	1.8499999999999996
20183.080748214416	4300	36.71789429165924	0.0	2221506	804.7847409	4.3
20183.827644621295	4300	39.970997884782534	0.0	2044075	746.896406877	4.3
20184.621102979523	4300	43.17753952655501	0.0	2186790	793.458358228	4.3
20185.387952038167	4300	46.41069046791212	0.0	2105231	766.849058643	4.3
20186.249532474085	4300	49.54911003199027	0.0	2395588	861.580435922	4.3
20186.95578126387	4300	52.84286124220799	0.0	1972048	706.248789782	4.3
20187.695900129944	4300	56.10274237613237	0.0	2134614	740.118866076	4.3
20188.4451497661	4300	59.35349273997852	0.0	2164140	749.249636154	4.3
20189.473206257444	4300	59.61999821264995	0.0	2113193	733.494527329	4.3
20193.53468351712	4300	59.55852095297785	0.0	2147852	561.477259672	4.3
20196.873055141044	4300	59.98735475285848	0.0	2191074	571.166200119	4.3
20199.21127694222	4300	59.91184656417408	0.0	2286761	575.508188684	4.3
20200.56641512242	4300	59.82563428031917	0.0	2307787	586.212283855	4.3
20204.6238399941	4300	59.768209408641354	0.0	2143948	557.424871678	4.3
20208.630618323787	4300	59.76143107895105	0.0	1919781	506.7783296903077	4.3
20211.836159936658	4300	59.705224821371615	0.0	2147467	556.206257579	4.3
20213.99228014826	4300	59.66183239321783	0.0	2133870	543.392428154	4.3
20214.894524025516	4300	59.977074346313664	0.0	2146120	684.758046904	4.3
20218.976296299414	4300	59.89530207241408	0.0	2108491	581.7722739	4.3
20222.815309525373	4300	59.795424511558906	0.0	2184571	599.877560855	4.3
20225.55952633401	4300	59.752883939794025	0.0	2121928	542.540571765	4.3
20227.308022279438	4300	59.68947408551558	0.0	2219102	563.409854278	4.3
20228.081664988287	4300	59.605195776667514	0.0	2124950	584.278308848	4.3
20231.884192783542	4300	59.802667981412654	0.0	2246506	802.527795255	4.3
20235.63758008309	4300	59.59192042926451	0.0	1961140	710.747552148	4.3
20238.183383338604	4300	59.80033867520875	0.0	2155012	791.581754056	4.3

