22182.7167473201	750	4.0	1.2362977020014825	450283	1236.297702	-4.566080118606375
22183.749839091786	750	6.966908228317272	0.0	398865	1033.09177168	0.75
22184.71832219428	750	9.998425125824197	0.0	350812	968.483102493	0.75
22187.26921083611	1850	11.447536483989959	0.0	933276	2550.88864183	0.75
22190.18306767094	1850	12.533679649159495	0.0	996749	2913.85683483	1.85
22208.233134181857	1850	4.0	5.516386861756912	801058	18050.0665109	-21.870463505554717
22219.08297593389	300	4.0	6.849841752031302	153295	10849.841752	-30.704319533734598
22223.15105918243	300	4.0	0.06808324854293414	173849	4068.08324854	0.0072420312653831975
22225.770017596547	300	5.381041585885592	0.0	150710	2618.95841411	0.3
22228.44571061453	300	6.705348567899034	0.0	139105	2675.69301799	0.3
22230.625075633267	300	8.525983549166831	0.0	141840	2179.36501873	0.3
22231.49326802563	300	11.657791156800478	0.0	156148	868.192392366	0.3
22231.953170186454	750	15.1978889959804	0.0	386351	459.90216082	0.3
22233.468713614417	1850	17.682345568016945	0.0	1036454	1515.54342796	0.75
22234.87489585236	1850	20.27616333007114	0.0	821631	1406.18223795	1.85
22235.76651304613	1850	23.384546136304504	0.0	923170	891.617193767	1.85
22238.513026951	4300	24.63803223142981	0.0	2289689	2746.51390487	1.8499999999999996
22240.934972512412	4300	26.216086670018182	0.0	2059512	2421.94556141	4.3
22242.909854938407	4300	28.24120424402509	0.0	2220726	1974.88242599	4.3
22245.692957115753	4300	29.458102066681672	0.0	2156729	2783.10217734	4.3
22248.359287047806	4300	30.791772134623894	0.0	2039773	2666.32993206	4.3
22250.32238429767	4300	32.82867488476315	0.0	2176469	1963.09724986	4.3
22252.8712917081	4300	34.27976747433163	0.0	2221506	2548.90741043	4.3
22255.7942989125	4300	35.356760269933055	0.0	2044075	2923.0072044	4.3
22258.06787237427	4300	37.083186808161464	0.0	2186790	2273.57346177	4.3
22260.16352443122	4300	38.98753475120958	0.0	2105231	2095.65205695	4.3
22262.96336118977	4300	40.187697992659224	0.0	2395588	2799.83675855	4.3
22264.764228845634	4300	42.3868303367961	0.0	1972048	1800.86765586	4.3
22267.244696266393	4300	43.9063629160357	0.0	2134614	2480.46742076	4.3
22269.639438530932	4300	45.51162065149799	0.0	2164140	2394.74226454	4.3
22272.29027822501	4300	46.86078095742186	0.0	2113193	2650.83969408	4.3
22309.246483362745	4300	13.904575819684032	0.0	2147852	36956.2051377	4.3
22310.233892784836	300	16.917166397592307	0.0	143881	987.409422092	-3.7
22315.87558311991	1850	15.275476062519699	0.0	1035329	5641.69033507	0.30000000000000004
22321.214366125783	1850	13.936693056645561	0.0	1026056	5338.78300587	1.85
22323.573508846854	1850	15.577550335576545	0.0	943942	2359.14272107	1.85
22323.96277517606	1850	19.188284006369983	0.0	728962	389.266329207	1.85
22325.022291447032	4300	22.12876773539905	0.0	2147467	1059.51627097	1.8499999999999996
22326.12349605498	4300	25.02756312745167	0.0	2133870	1101.20460795	4.3
22327.221890647088	4300	27.929168535344175	0.0	2146120	1098.39459211	4.3
22328.31373599493	4300	30.83732318750366	0.0	2108491	1091.84534784	4.3
22329.46245839676	4300	33.688600785672264	0.0	2184571	1148.72240183	4.3
22330.767918727004	4300	36.38314045542789	0.0	2121928	1305.46033024	4.3
22332.48998939978	4300	38.66106978264984	0.0	2219102	1722.07067278	4.3
22354.08758157036	4300	21.063477612072127	0.0	2124950	21597.5921706	4.3
22354.751251034086	1850	24.39980814834293	0.0	982064	663.669463729	-0.6000000000000001
22355.88206659834	4300	27.268992584086384	0.0	1961140	1130.81556426	1.8499999999999996
22356.953657880866	4300	30.197401301563833	0.0	2155012	1071.59128252	4.3

