20780.811047682346	750	4.0	0.3511762026822044	450283	351.176202682	-0.7600576715334788
20781.467799151233	1850	7.343248531111086	0.0	957685	656.751468889	0.75
20782.01257657653	1850	10.798471105814842	0.0	877771	544.777425296	1.85
20782.559328347277	1850	14.251719335070725	0.0	933276	546.751770744	1.85
20783.915828064026	4300	16.895219618323914	0.0	2233056	1356.49971675	1.8499999999999996
20784.82593043067	4300	19.98511725167978	0.0	1941625	910.102366644	4.3
20785.85417854455	4300	22.956869137802002	0.0	2157535	1028.24811388	4.3
20787.068282669214	4300	25.742765013137074	0.0	2290172	1214.10412466	4.3
20788.403281103463	4300	28.40776657888665	0.0	2055469	1334.99843425	4.3
20790.007490413424	4300	30.803557268924603	0.0	2169201	1604.20930996	4.3
20800.012725405923	4300	24.798322276422702	0.0	2173522	10005.2349925	4.3
20801.575215841258	4300	27.235831841090466	0.0	2102452	1562.49043533	4.3
20802.70604600568	4300	30.10500167666936	0.0	2209463	1130.83016442	4.3
20803.878458762487	4300	32.93258891986251	0.0	2275376	1172.41275681	4.3
20805.31940498053	4300	35.491642701815024	0.0	2005399	1440.94621805	4.3
20806.715142804045	4300	38.095904878303834	0.0	2152483	1395.73782351	4.3
20807.99496591119	4300	40.81608177115729	0.0	2289689	1279.82310715	4.3
20809.044916581242	4300	43.76613110110559	0.0	2059512	1049.95067005	4.3
20810.226940684006	4300	46.584106998342314	0.0	2220726	1182.02410276	4.3
20827.034278105926	4300	33.77676957642399	0.0	2156729	16807.3374219	4.3
20832.589316098765	4300	32.22173158358345	0.0	2039773	5555.03799284	4.3
20835.39571057659	4300	33.41533710575642	0.0	2176469	2806.39447783	4.3
20837.61486505743	4300	35.19618262491928	0.0	2221506	2219.15448084	4.3
20840.53271632248	4300	36.27833135987046	0.0	2044075	2917.85126505	4.3
20842.584493733826	4300	38.226553948520426	0.0	2186790	2051.77741135	4.3
20844.00905065158	4300	40.80199703076696	0.0	2105231	1424.55691775	4.3
20845.272207958184	4300	43.53883972416443	0.0	2395588	1263.1573066	4.3
20846.57300559833	4300	46.23804208401796	0.0	1972048	1300.79764015	4.3
20847.881067661565	4300	48.92998002078099	0.0	2134614	1308.06206324	4.3
20849.1833865135	4300	51.62766116884334	0.0	2164140	1302.31885194	4.3
20850.36098842776	4300	54.450059254582364	0.0	2113193	1177.60191426	4.3
20851.510511435295	4300	57.30053624704935	0.0	2147852	1149.52300753	4.3
20865.562602654394	4300	47.248445027952066	0.0	2191074	14052.0912191	4.3
20872.712837641822	4300	44.0982100405217	0.0	2286761	7150.23498743	4.3
20879.33209937951	4300	41.47894830283556	0.0	2307787	6619.26173769	4.3
20889.103184897263	4300	35.70786278508238	0.0	2143948	9771.08551775	4.3
20899.0298042113	4300	29.781243471045887	0.0	1919781	9926.61931404	4.3
20906.861316122093	4300	25.9497315602525	0.0	2147467	7831.51191079	4.3
20912.61679752338	4300	24.19425015896393	0.0	2133870	5755.48140129	4.3
20913.8901302975	4300	26.92091738484361	0.0	2146120	1273.33277412	4.3
20914.939108276776	4300	29.871939405567872	0.0	2108491	1048.97797928	4.3
20916.337154693123	4300	32.47389298922039	0.0	2184571	1398.04641635	4.3
20917.62379362347	4300	35.187254058873556	0.0	2121928	1286.63893035	4.3
20919.05886392216	4300	37.75218376018449	0.0	2219102	1435.07029869	4.3
20920.667143271192	4300	40.143904411149904	0.0	2124950	1608.27934903	4.3
20921.951773238612	4300	42.85927444373271	0.0	2246506	1284.62996742	4.3
20922.919050634668	4300	45.89199704767632	0.0	1961140	967.277396056	4.3
20935.269923189288	4300	37.54112449305806	0.0	2155012	12350.8725546	4.3

