2960.3759923225207	750	4.0	2.003293886891141	450283	2003.29388689	-7.864163713631907
2961.209461637952	300	7.166530684569072	0.0	155580	833.469315431	-0.15000000000000002
2963.932830283267	750	8.44316203925403	0.0	350812	2723.36864532	0.3
2965.869646416385	750	10.506345906135929	0.0	382355	1936.81613312	0.75
2968.337170698376	750	12.038821624144722	0.0	411561	2467.52428199	0.75
2969.3993333634053	750	14.976658959115861	0.0	318564	1062.16266503	0.75
2972.968617290813	1850	15.407375031708376	0.0	905515	3569.28392741	0.75
2978.3062408680125	1850	14.06975145450902	0.0	1060487	5337.6235772	1.85
2981.9429545488338	1850	14.433037773687433	0.0	852833	3636.71368082	1.85
2985.894831099478	1850	14.481161223043358	0.0	913888	3951.87655064	1.85
2989.443264009816	1850	14.932728312705432	0.0	939819	3548.43291034	1.85
2993.7607564646314	1850	14.615235857890063	0.0	917428	4317.49245482	1.85
2997.344661862899	1850	15.031330459622188	0.0	946851	3583.90539827	1.85
3003.4845290401017	1850	12.891463282419434	0.0	1036454	6139.8671772	1.85
3006.573060411073	1850	13.802931911448002	0.0	821631	3088.53137097	1.85
3010.471956550478	1850	13.904035772043404	0.0	923170	3898.8961394	1.85
3015.009324727982	1850	13.366667594539775	0.0	966699	4537.3681775	1.85
3018.1684299767135	1850	14.207562345808215	0.0	885714	3159.10524873	1.85
3022.9362474378477	1850	13.439744884673841	0.0	987708	4767.81746113	1.85
3026.56910087853	1850	13.806891443991432	0.0	923755	3632.85344068	1.85
3029.225091609226	1850	15.150900713295664	0.0	891604	2655.9907307	1.85
3032.2370111065306	1850	16.138981215991045	0.0	955231	3011.9194973	1.85
3036.8935094298968	1850	15.482482892624816	0.0	968026	4656.49832337	1.85
3040.331888246971	1850	16.04410407555016	0.0	874175	3438.37881707	1.85
3044.597126429528	1850	15.778865892993348	0.0	897976	4265.23818256	1.85
3048.6749361484785	1850	15.701056174042835	0.0	905935	4077.80971895	1.85
3052.959721402869	1850	15.416270919652622	0.0	1076599	4284.78525439	1.85
3057.281530957509	1850	15.094461365012682	0.0	758197	4321.80955464	1.85
3062.0975281090396	1850	14.278464213482057	0.0	972798	4815.99715153	1.85
3067.3070464114307	1850	13.068945911090653	0.0	975811	5209.51830239	1.85
3071.073878509731	1850	13.30211381279074	0.0	873429	3766.8320983	1.85
3074.9245469189573	1850	13.451445403564492	0.0	954453	3850.66840923	1.85
3078.0095536800186	1850	14.36643864250339	0.0	885062	3085.00676106	1.85
3081.55121835052	1850	14.824773972001974	0.0	1035329	3541.6646705	1.85
3085.229711427518	1850	15.14628089500386	0.0	1026056	3678.493077	1.85
3089.747880950129	1850	14.62811137239281	0.0	943942	4518.16952261	1.85
3093.9174195332466	1850	14.458572789275424	0.0	728962	4169.53858312	1.85
3100.1893545421754	1850	12.186637780346894	0.0	938587	6271.93500893	1.85
3105.1186723473556	1850	11.257319975166569	0.0	908665	4929.31780518	1.85
3108.583906587406	1850	11.792085735116348	0.0	930577	3465.23424005	1.85
3111.1869032292243	1850	13.18908909329796	0.0	858450	2602.99664182	1.85
3115.2452423863383	1850	13.130749936183932	0.0	1025005	4058.33915711	1.85
3119.1850730028054	1850	13.190919319716627	0.0	886255	3939.83061647	1.85
3123.055878450628	1850	13.320113871894323	0.0	973972	3870.80544782	1.85
3126.707195084493	1850	13.668797238029132	0.0	958994	3651.31663387	1.85
3130.551054670617	1850	13.824937651905364	0.0	982064	3843.85958612	1.85
3136.5312405755776	1850	11.844751746944894	0.0	830730	5980.18590496	1.85
3137.7568761821562	750	14.619116140366563	0.0	314107	1225.63560658	-0.3500000000000001

