30483.747237625168	750	4.0	1.73967202873653	450283	1739.67202874	-6.730589723567078
30485.27665388472	750	6.470583740448242	0.0	398865	1529.41625955	0.75
30486.416603237885	750	9.330634387281085	0.0	350812	1139.94935317	0.75
30487.635476524672	750	12.11176110049301	0.0	382355	1218.87328679	0.75
30488.891231454723	750	14.856006170441976	0.0	411561	1255.75493005	0.75
30491.473889518424	1850	16.27334810673805	0.0	801058	2582.6580637	0.75
30494.413416750627	1850	17.33382087453524	0.0	905515	2939.5272322	1.85
30497.56301646557	1850	18.18422115959119	0.0	1060487	3149.59971494	1.85
30500.26096643693	1850	19.48627118823223	0.0	852833	2697.94997136	1.85
30502.58562644165	1850	21.161611183511003	0.0	913888	2324.66000472	1.85
30503.94284705206	1850	23.804390573100033	0.0	939819	1357.22061041	1.85
30506.5638681789	4300	25.183369446260528	0.0	2102452	2621.02112684	1.8499999999999996
30509.54850883535	4300	26.198728789810204	0.0	2209463	2984.64065645	4.3
30512.295609419998	4300	27.451628205163047	0.0	2275376	2747.10058465	4.3
30513.40931967942	4300	30.337917945741676	0.0	2005399	1113.71025942	4.3
30514.486354019045	4300	33.26088360611515	0.0	2152483	1077.03433963	4.3
30515.92139771631	4300	35.82583990885211	0.0	2289689	1435.04369726	4.3
30517.11674888029	4300	38.6304887448716	0.0	2059512	1195.35116398	4.3
30518.444873849377	4300	41.30236377578241	0.0	2220726	1328.12496909	4.3
30519.83755732261	4300	43.909680302549084	0.0	2156729	1392.68347323	4.3
30520.83201622351	4300	46.91522140164853	0.0	2039773	994.458900901	4.3
30521.888856775713	4300	49.85838084944636	0.0	2176469	1056.8405522	4.3
30524.166027134885	4300	51.581210490275005	0.0	2221506	2277.17035917	4.3
30530.005847941797	4300	49.74138968336191	0.0	2044075	5839.82080691	4.3
30538.243919805387	4300	45.503317819772	0.0	2186790	8238.07186359	4.3
30544.454522458807	4300	43.292715166352906	0.0	2105231	6210.60265342	4.3
30547.14521650965	4300	44.602021115512336	0.0	2395588	2690.69405084	4.3
30549.426331452	4300	46.320906173160736	0.0	1972048	2281.11494235	4.3
30551.879666992296	4300	47.867570632865046	0.0	2134614	2453.3355403	4.3
30559.891534962564	4300	43.855702662596734	0.0	2164140	8011.86797027	4.3
30569.786876814334	4300	37.96036081082539	0.0	2113193	9895.34185177	4.3
30583.677628443635	4300	28.06960918152582	0.0	2147852	13890.7516293	4.3
30585.13846455828	4300	30.608773066882353	0.0	2191074	1460.83611464	4.3
30586.278689415212	4300	33.46854820994948	0.0	2286761	1140.22485693	4.3
30587.785585584053	4300	35.961652041111606	0.0	2307787	1506.89616884	4.3
30589.012378744945	4300	38.73485888022039	0.0	2143948	1226.79316089	4.3
30589.927386071122	4300	41.81985155404379	0.0	1919781	915.007326177	4.3
30590.985052965993	4300	44.762184659175034	0.0	2147467	1057.66689487	4.3
30592.520057778085	4300	47.22717984707794	0.0	2133870	1535.0048121	4.3
30593.63462065111	4300	50.11261697405296	0.0	2146120	1114.56287302	4.3
30608.07554293889	4300	39.67169468627711	0.0	2108491	14440.9222878	4.3
30619.595656641886	4300	32.15158098327887	0.0	2184571	11520.113703	4.3
30631.447569014064	4300	24.299668611101403	0.0	2121928	11851.9123722	4.3
30634.860107101515	1850	24.887130523649727	0.0	973972	3412.53808745	-0.6000000000000001
30635.640941454465	1850	28.10629617069903	0.0	958994	780.834352951	1.85
30636.669542229836	4300	31.077695395331336	0.0	2246506	1028.60077537	1.8499999999999996
30637.824993741062	4300	33.92224388410589	0.0	1961140	1155.45151123	4.3
30638.878268537563	4300	36.868969087606395	0.0	2155012	1053.2747965	4.3

