17883.688925204748	750	4.0	2.9233632698768197	450283	2923.36326988	-11.820462060470325
17884.72723011767	300	6.961695087074134	0.0	155580	1038.30491293	-0.15000000000000002
17885.891437066155	300	9.797488138589623	0.0	139857	1164.20694848	0.3
17887.019437421844	300	12.669487782901037	0.0	155432	1128.00035569	0.3
17889.386090174638	750	14.302835030105989	0.0	411561	2366.6527528	0.3
17891.669287053202	750	16.019638151541972	0.0	318564	2283.19687856	0.75
17893.70353970256	750	17.98538550218172	0.0	352642	2034.25264936	0.75
17896.609376552144	750	19.07954865259866	0.0	437162	2905.83684958	0.75
17898.668462967617	750	21.020462237127056	0.0	374758	2059.08641547	0.75
17903.88857240413	1850	19.800352800614238	0.0	913888	5220.10943651	0.75
17907.994329123594	1850	19.694596081146877	0.0	939819	4105.75671947	1.85
17912.319613292686	1850	19.36931191205342	0.0	917428	4325.28416909	1.85
17918.655991905624	1850	17.03293329911659	0.0	946851	6336.37861294	1.85
17925.250575092756	1850	14.438350111982095	0.0	1036454	6594.58318713	1.85
17935.307770078904	1850	8.381155125832514	0.0	821631	10057.1949861	1.85
17938.014443383014	750	9.674481821723642	0.0	366214	2706.67330411	-0.3500000000000001
17940.27444833219	750	11.414476872545475	0.0	360831	2260.00494918	0.75
17943.185192547106	750	12.503732657631934	0.0	372963	2910.74421491	0.75
17946.307258135796	750	13.381667068942836	0.0	405596	3122.06558869	0.75
17948.3415603339	750	15.347364870837408	0.0	350713	2034.30219811	0.75
17950.906155569144	750	16.782769635593496	0.0	386472	2564.59523524	0.75
17953.424444559412	750	18.264480645324344	0.0	399894	2518.28899027	0.75
17955.58312701633	750	20.10579818841006	0.0	401853	2158.68245691	0.75
17957.761027416174	750	21.92789778856615	0.0	343800	2177.90039984	0.75
17962.70033691543	1850	20.988588289309625	0.0	897976	4939.30949926	0.75
17967.681619127237	1850	20.007306077502466	0.0	905935	4981.28221181	1.85
17973.612980487283	1850	18.075944717457148	0.0	1076599	5931.36136005	1.85
17978.40673877013	1850	17.282186434612406	0.0	758197	4793.75828284	1.85
17985.832630536795	1850	13.856294667944526	0.0	972798	7425.89176667	1.85
17989.05672269123	750	14.632202513508359	0.0	400508	3224.09215444	-0.3500000000000001
17991.844516489924	750	15.844408714814488	0.0	358218	2787.79379869	0.75
17995.470098393682	750	16.218826811056623	0.0	400322	3625.58190376	0.75
17998.83592784367	750	16.852997361071488	0.0	369834	3365.82944999	0.75
18002.55595566141	750	17.132969543330137	0.0	412837	3720.02781774	0.75
18005.416530049974	750	18.272395154766187	0.0	401088	2860.57438856	0.75
18008.563789004093	750	19.12513620064779	0.0	365161	3147.25895412	0.75
18011.45578054213	750	20.23314466261112	0.0	321064	2891.99153804	0.75
18014.54874676233	750	21.140178442407993	0.0	361565	3092.9662202	0.75
18017.955053032496	750	21.73387217224451	0.0	378327	3406.30627016	0.75
18021.750395036208	750	21.938530168528427	0.0	390680	3795.34200372	0.75
18024.44424021816	750	23.244684986577397	0.0	345516	2693.84518195	0.75
18027.24098559448	750	24.44793961026053	0.0	384505	2796.74537632	0.75
18030.41503406061	750	25.273891144131003	0.0	372093	3174.04846613	0.75
18034.802930180475	750	24.885995024262854	0.0	438281	4387.89611987	0.75
18044.759248860824	1850	18.92967634391247	0.0	958994	9956.31868035	0.75
18050.711836105133	1850	16.977089099602672	0.0	982064	5952.58724431	1.85
18055.072546150586	1850	16.61637905414974	0.0	830730	4360.71004545	1.85
18059.467377372643	1850	16.221547832095844	0.0	846370	4394.83122205	1.85

