23031.468821341772	750	4.0	2.4613393937029384	450283	2461.3393937	-9.833759392922635
23032.65045537843	300	6.818365963342471	0.0	155580	1181.63403666	-0.15000000000000002
23033.833335450436	300	9.635485891333875	0.0	139857	1182.88007201	0.3
23034.9025152303	300	12.566306111468224	0.0	155432	1069.17977987	0.3
23037.271584123508	750	14.197237218264341	0.0	411561	2369.0688932	0.3
23039.085203871775	750	16.383617469997034	0.0	318564	1813.61974827	0.75
23040.76173168811	750	18.707089653661345	0.0	352642	1676.52781634	0.75
23042.40440829051	750	21.064413051264566	0.0	437162	1642.6766024	0.75
23046.632766756757	1850	20.836054585016615	0.0	852833	4228.35846625	0.75
23049.014046016255	1200	22.454775325521705	0.0	560821	2381.27925949	0.5499999999999999
23053.265316699093	1850	22.203504642683978	0.0	939819	4251.27068284	1.2000000000000002
23057.09166368153	1850	22.37715766024534	0.0	917428	3826.34698244	1.85
23061.170835267298	1850	22.297986074475222	0.0	946851	4079.17158577	1.85
23065.548296048008	1850	21.920525293764378	0.0	1036454	4377.46078071	1.85
23069.032870845458	1850	22.43595049631412	0.0	821631	3484.57479745	1.85
23073.035133389298	1850	22.4336879524766	0.0	923170	4002.26254384	1.85
23077.2235835343	1850	22.24523780747277	0.0	966699	4188.450145	1.85
23079.63009131275	1850	23.838730029025555	0.0	885714	2406.50777845	1.85
23082.123631903873	1850	25.345189437902583	0.0	987708	2493.54059112	1.85
23084.50083067864	1850	26.967990663132113	0.0	923755	2377.19877477	1.85
23087.185854110707	1850	28.282967231068863	0.0	891604	2685.02343206	1.85
23089.29109703851	1850	30.1777243032669	0.0	955231	2105.2429278	1.85
23091.62505771574	1850	31.8437636260329	0.0	968026	2333.96067723	1.85
23096.59665985161	4300	30.872161490162725	0.0	2044075	4971.60213587	1.8499999999999996
23103.228566464342	4300	28.240254877433006	0.0	2186790	6631.90661273	4.3
23113.34001939712	4300	22.128801944655535	0.0	2105231	10111.4529328	4.3
23120.721128096884	4300	18.747693244893885	0.0	2395588	7381.10869976	4.3
23126.839330407285	4300	16.62949093449059	0.0	1972048	6118.2023104	4.3
23137.29905154139	4300	10.169769800383277	0.0	2134614	10459.7211341	4.3
23143.534848157717	1850	7.9339731840611885	0.0	975811	6235.79661632	-0.6000000000000001
23149.03780951524	1850	6.431011826533259	0.0	873429	5502.96135753	1.85
23155.484667708337	1850	4.0	0.015846366564105666	954453	6446.8581931	1.7818606237743457
23157.17939120651	750	6.305276501826799	0.0	369834	1694.72349817	-0.3500000000000001
23158.659868491875	750	8.824799216461841	0.0	412837	1480.47728536	0.75
23160.0917439011	750	11.392923807237626	0.0	401088	1431.87540922	0.75
23161.259476838037	750	14.225190870301896	0.0	365161	1167.73293694	0.75
23164.56941262364	1850	14.915255084697561	0.0	728962	3309.9357856	0.75
23170.037004277383	1850	13.447663430953845	0.0	938587	5467.59165374	1.85
23177.138500230303	1850	10.346167478029441	0.0	908665	7101.49595292	1.85
23178.795808986517	750	12.68885872181596	0.0	390680	1657.30875621	-0.3500000000000001
23180.094269278667	750	15.390398429665074	0.0	345516	1298.46029215	0.75
23182.155753403058	750	17.32891430527626	0.0	384505	2061.48412439	0.75
23183.838751485546	750	19.645916222786955	0.0	372093	1682.99808249	0.75
23190.376079123776	1850	17.108588584554628	0.0	973972	6537.32763823	0.75
23196.95087892195	1850	14.53378878637952	0.0	958994	6574.79979818	1.85
23202.1836085928	1850	13.301059115530188	0.0	982064	5232.72967085	1.85
23205.071645620403	1850	14.41302208792829	0.0	830730	2888.0370276	1.85
23209.77308275191	1850	13.711584956417951	0.0	846370	4701.43713151	1.85

