6136.342316233736	750	4.0	2.7875332000888298	450283	2787.53320009	-11.236392760381968
6137.5454645963355	300	6.7968516374001124	0.0	155580	1203.1483626	-0.15000000000000002
6138.625720778973	300	9.716595454763207	0.0	139857	1080.25618264	0.3
6139.869890060097	300	12.472426173639459	0.0	155432	1244.16928112	0.3
6142.978533404158	750	13.363782829577715	0.0	411561	3108.64334406	0.3
6145.0429318103925	750	15.299384423344225	0.0	318564	2064.39840623	0.75
6147.41803039734	750	16.924285836396578	0.0	352642	2375.09858695	0.75
6150.479997581351	750	17.862318652384555	0.0	437162	3061.96718401	0.75
6153.011566390688	750	19.330749843047574	0.0	374758	2531.56880934	0.75
6155.477523697712	750	20.864792536023216	0.0	362795	2465.95730702	0.75
6158.2879609481915	750	22.054355285544396	0.0	353220	2810.43725048	0.75
6162.044995906254	750	22.297320327481774	0.0	405134	3757.03495806	0.75
6165.372943658552	750	22.96937257518362	0.0	386351	3327.9477523	0.75
6168.941340883781	750	23.400975349955015	0.0	434409	3568.39722523	0.75
6176.500495528795	1850	19.841820704941576	0.0	821631	7559.15464501	0.75
6186.183168676654	1850	14.159147557082226	0.0	923170	9682.67314786	1.85
6188.897964233561	750	15.44435200017546	0.0	360831	2714.79555691	-0.3500000000000001
6192.619113607858	750	15.723202625878818	0.0	372963	3721.1493743	0.75
6196.0834554836765	750	16.258860750059757	0.0	405596	3464.34187582	0.75
6198.660985167849	750	17.681331065887342	0.0	350713	2577.52968417	0.75
6201.454306114076	750	18.888010119660482	0.0	386472	2793.32094623	0.75
6208.829761117401	1850	15.512555116334545	0.0	955231	7375.45500333	0.75
6211.619875931319	750	16.722440302417134	0.0	401853	2790.11481392	-0.3500000000000001
6213.980159346598	750	18.362156887138166	0.0	343800	2360.28341528	0.75
6216.616787587528	750	19.72552864620795	0.0	359903	2636.62824093	0.75
6219.109924216589	750	21.23239201714755	0.0	379700	2493.13662906	0.75
6222.529680761905	750	21.812635471830784	0.0	425781	3419.75654532	0.75
6224.787123540988	750	23.555192692748367	0.0	277716	2257.44277908	0.75
6228.316514742341	750	24.025801491395868	0.0	400396	3529.39120135	0.75
6231.712628782636	750	24.629687451100967	0.0	400508	3396.11404029	0.75
6241.276319553519	1850	19.06599668021771	0.0	873429	9563.69077088	0.75
6251.170463364081	1850	13.17185286965512	0.0	954453	9894.14381056	1.85
6254.606542326245	750	13.73577390749112	0.0	369834	3436.07896216	-0.3500000000000001
6258.245421808499	750	14.096894425237577	0.0	412837	3638.87948225	0.75
6262.20044403138	750	14.141872202356385	0.0	401088	3955.02222288	0.75
6265.165254080419	750	15.177062153318216	0.0	365161	2964.81004904	0.75
6268.1124534017645	750	16.229862831971992	0.0	321064	2947.19932135	0.75
6271.718465866764	750	16.62385036697296	0.0	361565	3606.012465	0.75
6276.279873755736	750	16.06244247800057	0.0	378327	4561.40788897	0.75
6283.400937655408	750	12.941378578328814	0.0	390680	7121.06389967	0.75
6286.8110256361215	750	13.531290597614898	0.0	345516	3410.08798071	0.75
6290.221129864906	750	14.121186368830118	0.0	384505	3410.10422878	0.75
6293.131215591552	750	15.211100642184007	0.0	372093	2910.08572665	0.75
6297.147672449379	750	15.194643784357307	0.0	438281	4016.45685783	0.75
6300.586582443174	750	15.755733790561768	0.0	398987	3438.9099938	0.75
6303.614723577637	750	16.727592656098263	0.0	393804	3028.14113446	0.75
6306.287823794516	750	18.054492439219274	0.0	331053	2673.10021688	0.75
6308.708518531149	750	19.63379770258591	0.0	314107	2420.69473663	0.75

