19295.602323013427	750	4.0	1.7883402471696486	450283	1788.34024717	-6.939863062829488
19296.972024934934	750	6.63029807849495	0.0	398865	1369.70192151	0.75
19298.1820469913	750	9.420276022126982	0.0	350812	1210.02205637	0.75
19299.460312479016	750	12.142010534410536	0.0	382355	1278.26548772	0.75
19300.77574472717	750	14.826578286259224	0.0	411561	1315.43224815	0.75
19303.283927766555	1850	16.31839524687363	0.0	801058	2508.18303939	0.75
19306.538217351645	1850	17.06410566178261	0.0	905515	3254.28958509	1.85
19309.9175760966	1850	17.684746916828875	0.0	1060487	3379.35874495	1.85
19312.727407072343	1850	18.874915941084765	0.0	852833	2809.83097574	1.85
19315.687027685097	1850	19.915295328330497	0.0	913888	2959.62061275	1.85
19318.60704542575	1850	20.995277587680015	0.0	939819	2920.01774065	1.85
19321.494984675286	1850	22.107338338145922	0.0	917428	2887.93924953	1.85
19326.43714042392	1850	21.165182589511996	0.0	946851	4942.15574863	1.85
19330.28782891612	1850	21.314494097312245	0.0	1036454	3850.6884922	1.85
19334.231241718182	1850	21.371081295254225	0.0	821631	3943.41280206	1.85
19337.776330792833	1850	21.825992220599947	0.0	923170	3545.08907465	1.85
19340.97987281839	1850	22.622450195043932	0.0	966699	3203.54202556	1.85
19344.185062745226	1850	23.4172602682061	0.0	885714	3205.18992684	1.85
19347.73863023531	1850	23.86369277811908	0.0	987708	3553.56749009	1.85
19352.398487832666	1850	23.20383518076532	0.0	923755	4659.85759735	1.85
19356.763695843467	1850	22.83862716996626	0.0	891604	4365.2080108	1.85
19360.978301704636	1850	22.62402130879808	0.0	955231	4214.60586117	1.85
19365.065012636805	1850	22.537310376626355	0.0	968026	4086.71093217	1.85
19368.740252346375	1850	22.862070667060166	0.0	874175	3675.23970957	1.85
19372.891987492767	1850	22.710335520666767	0.0	897976	4151.73514639	1.85
19376.42956616788	1850	23.172756845551827	0.0	905935	3537.57867511	1.85
19380.201392913077	1850	23.40093010035322	0.0	1076599	3771.8267452	1.85
19382.770326420752	1850	24.83199659267899	0.0	758197	2568.93350767	1.85
19386.47425173245	1850	25.128071280981057	0.0	972798	3703.9253117	1.85
19390.89596888889	1850	24.70635412454148	0.0	975811	4421.71715644	1.85
19394.282140225787	1850	25.32018278764432	0.0	873429	3386.1713369	1.85
19397.724718543723	1850	25.87760446970732	0.0	954453	3442.57831794	1.85
19401.249077028908	1850	26.35324598452439	0.0	885062	3524.35848518	1.85
19404.69372298099	1850	26.90860003244628	0.0	1035329	3444.64595208	1.85
19408.594466830593	1850	27.00785618284215	0.0	1026056	3900.7438496	1.85
19411.907373974966	1850	27.694949038469655	0.0	943942	3312.90714437	1.85
19414.47187266001	1850	29.1304503534212	0.0	728962	2564.49868505	1.85
19417.763409455594	1850	29.838913557836875	0.0	938587	3291.53679558	1.85
19420.988681669132	1850	30.61364134430021	0.0	908665	3225.27221354	1.85
19424.37462298075	1850	31.22770003268088	0.0	930577	3385.94131162	1.85
19427.151444038405	1850	32.45087897502495	0.0	858450	2776.82105766	1.85
19430.233530498426	1850	33.36879251500423	0.0	1025005	3082.08646002	1.85
19432.919472842266	1850	34.68285017116673	0.0	886255	2685.94234384	1.85
19436.401074286347	1850	35.20124872708805	0.0	973972	3481.60144408	1.85
19441.534229944195	1850	34.068093069238245	0.0	958994	5133.15565785	1.85
19447.15713385276	1850	32.445189160673266	0.0	982064	5622.90390856	1.85
19451.04402437892	1850	32.55829863451731	0.0	830730	3886.89052616	1.85
19456.47039294777	1850	31.131930065664974	0.0	846370	5426.36856885	1.85

