30821.761621559588	750	4.0	4.033555926965406	450283	4033.55592697	-16.594290485951248
30823.219180564287	300	6.542440995299224	0.0	155580	1457.5590047	-0.15000000000000002
30824.566847082966	300	9.194774476621824	0.0	139857	1347.66651868	0.3
30825.755303184367	300	12.006318375220877	0.0	155432	1188.4561014	0.3
30829.41806463689	750	12.343556922697982	0.0	411561	3662.76145252	0.3
30831.894357505065	750	13.867264054522908	0.0	318564	2476.29286818	0.75
30834.84457187181	750	14.917049687775885	0.0	352642	2950.21436675	0.75
30840.356619486694	750	13.405002072892572	0.0	437162	5512.04761488	0.75
30846.642190933184	750	11.119430626404359	0.0	374758	6285.57144649	0.75
30856.15176548288	750	5.60985607670751	0.0	362795	9509.5745497	0.75
30857.33737724197	300	8.424244317617118	0.0	141840	1185.61175909	-0.15000000000000002
30858.629857790613	300	11.131763768974794	0.0	156148	1292.48054864	0.3
30859.914842562444	300	13.846778997140838	0.0	160746	1284.98477183	0.3
30863.631303760198	750	14.130317799388392	0.0	434409	3716.46119775	0.3
30865.248587064532	300	16.51303449505393	0.0	140051	1617.28330433	-0.15000000000000002
30866.67585967759	300	19.0857618819938	0.0	138313	1427.27261306	0.3
30872.688939301166	750	17.07268225841902	0.0	360831	6013.07962357	0.3
30880.123343181178	750	13.63827837840948	0.0	372963	7434.40388001	0.75
30882.60675671644	300	15.154864843149436	0.0	165384	2483.41353526	-0.15000000000000002
30887.67133423516	750	14.090287324424546	0.0	350713	5064.57751872	0.3
30895.92775949774	750	9.833862061848434	0.0	386472	8256.42526258	0.75
30897.571188995553	300	12.190432564038014	0.0	157812	1643.42949781	-0.15000000000000002
30899.225931767156	300	14.53568979243473	0.0	163927	1654.7427716	0.3
30902.911356130837	750	14.850265428750982	0.0	343800	3685.42436368	0.3
30906.461175396085	750	15.300446163505628	0.0	359903	3549.81926525	0.75
30911.026768750846	750	14.734852808745796	0.0	379700	4565.59335476	0.75
30915.560161404843	750	14.201460154747936	0.0	425781	4533.392654	0.75
30918.468484860696	750	15.293136698895246	0.0	277716	2908.32345585	0.75
30923.54677853585	750	14.214843023739562	0.0	400396	5078.29367516	0.75
30928.267873427976	750	13.49374813161495	0.0	400508	4721.09489212	0.75
30936.30798785857	750	9.453633701018434	0.0	358218	8040.1144306	0.75
30941.363143241902	300	8.398478317688085	0.0	157488	5055.15538333	-0.15000000000000002
30945.827396710964	300	7.93422484862692	0.0	143881	4464.25346906	0.3
30949.57083263224	300	8.190788927349574	0.0	163444	3743.43592128	0.3
30952.219966623674	300	9.541654935913735	0.0	179328	2649.13399144	0.3
30954.920758893553	300	10.840862666035338	0.0	159914	2700.79226988	0.3
30958.7751096232	300	10.986511936392047	0.0	131610	3854.35072964	0.3
30961.885287994748	300	11.876333564840015	0.0	124011	3110.17837155	0.3
30964.210087430343	300	13.55153412924819	0.0	144254	2324.79943559	0.3
30966.817590396626	300	14.944031162966978	0.0	149991	2607.50296628	0.3
30970.705264506196	300	15.056357053397795	0.0	147968	3887.67410957	0.3
30973.674252259243	300	16.08736930034925	0.0	161857	2968.98775305	0.3
30981.654884240652	750	12.106737318939475	0.0	372093	7980.63198141	0.3
30984.135600956513	300	13.626020603078759	0.0	172312	2480.71671586	-0.15000000000000002
30986.633303608334	300	15.128317951256886	0.0	167025	2497.70265182	0.3
30991.503122175116	750	14.258499384475657	0.0	393804	4869.81856678	0.3
30996.83773900724	750	12.923882552352389	0.0	331053	5334.61683212	0.75
31000.552159370032	750	13.209462189559089	0.0	314107	3714.42036279	0.75

