12843.007094126824	750	4.0	2.1413027841682712	450283	2141.30278417	-8.457601971923566
12843.816992810895	300	7.190101315930748	0.0	155580	809.898684069	-0.15000000000000002
12845.546739736366	750	9.46035439045672	0.0	350812	1729.74692547	0.3
12847.751628880715	750	11.255465246108244	0.0	382355	2204.88914435	0.75
12850.438553243357	750	12.568540883465095	0.0	411561	2686.92436264	0.75
12852.122455940831	750	14.884638185991607	0.0	318564	1683.90269747	0.75
12854.088012151902	750	16.919081974919717	0.0	352642	1965.55621107	0.75
12856.119493510134	750	18.88760061668806	0.0	437162	2031.48135823	0.75
12857.66360377057	750	21.343490356251873	0.0	374758	1544.11026044	0.75
12861.891428510797	1850	21.11566561602668	0.0	913888	4227.82474023	0.75
12866.035287028773	1850	20.97180709805032	0.0	939819	4143.85851798	1.85
12868.968817341598	1850	22.038276785224422	0.0	917428	2933.53031283	1.85
12872.026726003967	1850	22.98036812285435	0.0	946851	3057.90866237	1.85
12876.673352222466	1850	22.3337419043568	0.0	1036454	4646.6262185	1.85
12880.061428209416	1850	22.945665917404796	0.0	821631	3388.07598695	1.85
12884.436250108913	1850	22.57084401790901	0.0	923170	4374.8218995	1.85
12889.948704264412	1850	21.058389862409665	0.0	966699	5512.4541555	1.85
12894.871098992344	1850	20.135995134477234	0.0	885714	4922.39472793	1.85
12900.00394411266	1850	19.00315001416267	0.0	987708	5132.84512031	1.85
12903.493101923636	1850	19.513992203186106	0.0	923755	3489.15781098	1.85
12906.877908119744	1850	20.129186007077035	0.0	891604	3384.80619611	1.85
12911.05365400588	1850	19.95344012094123	0.0	955231	4175.74588614	1.85
12915.224615049965	1850	19.7824790768553	0.0	968026	4170.96104409	1.85
12920.238665399907	1850	18.76842872691421	0.0	874175	5014.05034994	1.85
12924.017382172433	1850	18.989711954387154	0.0	897976	3778.71677253	1.85
12927.510884316325	1850	19.496209810496048	0.0	905935	3493.50214389	1.85
12931.862949948078	1850	19.14414417874267	0.0	1076599	4352.06563175	1.85
12934.741168574277	1850	20.265925552542953	0.0	758197	2878.2186262	1.85
12938.329447503897	1850	20.677646622924073	0.0	972798	3588.27892962	1.85
12941.542195741116	1850	21.46489838570355	0.0	975811	3212.74823722	1.85
12944.758535661485	1850	22.24855846533574	0.0	873429	3216.33992037	1.85
12948.72247222175	1850	22.28462190506926	0.0	954453	3963.93656027	1.85
12952.110233346884	1850	22.896860779934663	0.0	885062	3387.76112513	1.85
12956.150268395282	1850	22.856825731536716	0.0	1035329	4040.0350484	1.85
12959.654575929897	1850	23.352518196922176	0.0	1026056	3504.30753461	1.85
12963.420617142136	1850	23.5864769846846	0.0	943942	3766.04121224	1.85
12966.740026774367	1850	24.267067352451733	0.0	728962	3319.40963223	1.85
12971.111426743899	1850	23.895667382920387	0.0	938587	4371.39996953	1.85
12974.039955551458	1850	24.967138575360025	0.0	908665	2928.52880756	1.85
12976.980294565185	1850	26.026799561634952	0.0	930577	2940.33901373	1.85
12981.10833039543	1850	25.89876373139036	0.0	858450	4128.03583024	1.85
12985.655948013395	1850	25.351146113423535	0.0	1025005	4547.61761797	1.85
12989.12077442879	1850	25.886319698029347	0.0	886255	3464.82641539	1.85
12992.812711008948	1850	26.19438311786966	0.0	973972	3691.93658016	1.85
12996.62461042889	1850	26.382483697927192	0.0	958994	3811.89941994	1.85
13001.872500711148	1850	25.13459341566879	0.0	982064	5247.89028226	1.85
13006.130601587323	1850	24.876492539493082	0.0	830730	4258.10087618	1.85
13010.505960729724	1850	24.501133397093028	0.0	846370	4375.3591424	1.85

