1750.5117086172463	750	4.0	3.5201122452526685	450283	3520.11224525	-14.386482654586475
1751.780322584721	300	6.731386032525301	0.0	155580	1268.61396747	-0.15000000000000002
1752.9035800105696	300	9.608128606676674	0.0	139857	1123.25742585	0.3
1754.128084446084	300	12.383624171162369	0.0	155432	1224.50443551	0.3
1757.238563304908	750	13.273145312338558	0.0	411561	3110.47885882	0.3
1759.4778797139286	750	15.033828903317865	0.0	318564	2239.31640902	0.75
1761.9337860688222	750	16.577922548424255	0.0	352642	2455.90635489	0.75
1765.6742798492937	750	16.83742876795297	0.0	437162	3740.49378047	0.75
1770.4224475140816	1200	16.0892611031649	0.0	584846	4748.16766479	0.75
1773.1885189633297	750	17.323189653916756	0.0	362795	2766.07144925	0.3
1775.7460170563886	750	18.765691560858023	0.0	353220	2557.49809306	0.75
1778.7131390540042	750	19.79856956324238	0.0	405134	2967.12199762	0.75
1781.6752037214449	750	20.836504895801646	0.0	386351	2962.06466744	0.75
1785.6946722889136	750	20.81703632833293	0.0	434409	4019.46856747	0.75
1788.9579669424386	750	21.55374167480776	0.0	337059	3263.29465353	0.75
1791.8242945250379	750	22.687414092208325	0.0	366214	2866.3275826	0.75
1796.0558260774121	750	22.455882539834167	0.0	360831	4231.53155237	0.75
1800.8455022236974	750	21.666206393548876	0.0	372963	4789.67614629	0.75
1804.6356718135885	750	21.8760368036577	0.0	405596	3790.16958989	0.75
1807.161261721424	750	23.350446895822408	0.0	350713	2525.58990784	0.75
1809.9379594005306	750	24.573749216715452	0.0	386472	2776.69767911	0.75
1817.4515972957945	1850	21.060111321451725	0.0	955231	7513.63789526	0.75
1824.3238827210928	1850	18.187825896153427	0.0	968026	6872.2854253	1.85
1830.6375082574118	1850	15.87420035983442	0.0	874175	6313.62553632	1.85
1837.2411829337907	1850	13.270525683455672	0.0	897976	6603.67467638	1.85
1843.738869531831	1850	10.772839085415162	0.0	905935	6497.68659804	1.85
1851.5123544942483	1850	6.999354122997887	0.0	1076599	7773.48496242	1.85
1853.681817795696	750	8.829890821550169	0.0	277716	2169.46330145	-0.3500000000000001
1854.8700796027601	300	11.641629014486206	0.0	153605	1188.26180706	-0.15000000000000002
1857.7275545574405	750	12.78415405980565	0.0	400508	2857.47495468	0.3
1860.2543554263193	750	14.25735319092671	0.0	358218	2526.80086888	0.75
1862.9839503643686	750	15.52775825287736	0.0	400322	2729.59493805	0.75
1865.659617716067	750	16.852090901179007	0.0	369834	2675.6673517	0.75
1868.9310785404925	750	17.580630076753533	0.0	412837	3271.46082443	0.75
1871.7606977333326	750	18.751010883913544	0.0	401088	2829.61919284	0.75
1874.236514185794	750	20.275194431452153	0.0	365161	2475.81645246	0.75
1876.6362639959234	750	21.875444621322682	0.0	321064	2399.74981013	0.75
1879.4322952017558	750	23.079413415490162	0.0	361565	2796.03120583	0.75
1885.7292834378395	1850	20.78242517940654	0.0	908665	6296.98823608	0.75
1892.529835487581	1850	17.981873129664848	0.0	930577	6800.55204974	1.85
1899.3693489444659	1850	15.142359672780035	0.0	858450	6839.51345688	1.85
1911.966655589934	1850	6.545053027311826	0.0	1025005	12597.3066455	1.85
1915.236801091853	300	7.274907525392817	0.0	145210	3270.14550192	-1.25
1918.8825676400472	300	7.629140977198591	0.0	172312	3645.76654819	0.3
1921.2293774756822	300	9.282331141563677	0.0	167025	2346.80983563	0.3
1922.4689195527653	300	12.042789064480614	0.0	160064	1239.54207708	0.3
1923.545053301725	300	14.966655315521068	0.0	137507	1076.13374896	0.3
1925.9111847218164	750	16.600523895429482	0.0	314107	2366.13142009	0.3

