27246.522111661347	750	4.0	0.36700097200312315	450283	367.000972003	-0.8281041796134294
27247.212520062	1850	7.3095915993434994	0.0	957685	690.408400657	0.75
27247.93975820545	1850	10.582353455892626	0.0	877771	727.238143451	1.85
27248.721604531307	1850	13.800507130036241	0.0	933276	781.846325856	1.85
27249.537246581214	1850	16.98486508012619	0.0	996749	815.64204991	1.85
27250.678979289976	4300	19.843132371367677	0.0	1941625	1141.73270876	1.8499999999999996
27251.71271765163	4300	22.809394009715515	0.0	2157535	1033.73836165	4.3
27253.407707063685	4300	25.114404597656197	0.0	2290172	1694.98941206	4.3
27254.896586559575	4300	27.625525101767973	0.0	2055469	1488.87949589	4.3
27256.138548101437	4300	30.383563559907483	0.0	2169201	1241.96154186	4.3
27258.822448050218	4300	31.699663611126827	0.0	2173522	2683.89994878	4.3
27261.77868129185	4300	32.74343036949513	0.0	2102452	2956.23324163	4.3
27264.769883008164	4300	33.75222865317945	0.0	2209463	2991.20171632	4.3
27268.517206732366	4300	34.00490492897583	0.0	2275376	3747.3237242	4.3
27273.925674950948	4300	32.596436710395885	0.0	2005399	5408.46821858	4.3
27283.167825751014	4300	27.354285910327565	0.0	2152483	9242.15080007	4.3
27305.022047756775	4300	9.500063904563863	0.0	2289689	21854.2220058	4.3
27309.74807593507	1850	8.774035726270748	0.0	885714	4726.02817829	-0.6000000000000001
27314.69179364673	1850	7.830318014609622	0.0	987708	4943.71771166	1.85
27339.299599886606	1850	4.0	16.77748822526659	923755	24607.8062399	-70.29319936864634
27340.155119149873	300	7.14448073673457	0.0	157671	855.519263265	-1.25
27341.08738734473	300	10.212212541875038	0.0	157812	932.26819486	0.3
27341.925453184784	300	13.374146701821857	0.0	163927	838.065840053	0.3
27343.865516670994	750	15.434083215611896	0.0	343800	1940.06348621	0.3
27346.030924086466	750	17.26867580014051	0.0	359903	2165.40741547	0.75
27347.359024010882	750	19.94057587572425	0.0	379700	1328.09992442	0.75
27348.08706524334	1850	23.212534643264974	0.0	1076599	728.041232459	0.75
27349.442572996577	4300	25.85702689003166	0.0	1972048	1355.50775323	1.8499999999999996
27350.746033015643	4300	28.553566870965806	0.0	2134614	1303.46001907	4.3
27351.90240399706	4300	31.39719588954786	0.0	2164140	1156.37098142	4.3
27353.013741388982	4300	34.285858497623245	0.0	2113193	1111.33739192	4.3
27354.287038681206	4300	37.0125612054002	0.0	2147852	1273.29729222	4.3
27355.456069111136	4300	39.843530775470235	0.0	2191074	1169.03042993	4.3
27356.91607331796	4300	42.38352656864609	0.0	2286761	1460.00420682	4.3
27368.437239299765	4300	34.86236058684482	0.0	2307787	11521.1659818	4.3
27371.494866220197	4300	35.80473366640804	0.0	2143948	3057.62692044	4.3
27374.603460895352	4300	36.696138991255225	0.0	1919781	3108.59467515	4.3
27376.900505280464	4300	38.39909460614074	0.0	2147467	2297.04438511	4.3
27380.627336291705	4300	38.67226359490065	0.0	2133870	3726.83101124	4.3
27386.288361388928	4300	37.01123849767607	0.0	2146120	5661.02509722	4.3
27409.78036084031	4300	17.51923904629655	0.0	2108491	23491.9994514	4.3
27412.59766569675	1850	18.70193418985472	0.0	1025005	2817.30485644	-0.6000000000000001
27414.866868351743	1850	20.432731534862466	0.0	886255	2269.20265499	1.85
27418.39683148498	1850	20.902768401624364	0.0	973972	3529.96313324	1.85
27420.27681833683	1850	23.0227815497726	0.0	958994	1879.98685185	1.85
27421.441793471196	1850	25.857806415409556	0.0	982064	1164.97513436	1.85
27424.41358348503	4300	26.88601640157642	0.0	1961140	2971.79001383	1.8499999999999996
27427.18891274328	4300	28.110687143325467	0.0	2155012	2775.32925825	4.3

