26571.589238489156	750	4.0	0.6806426171559105	450283	680.642617156	-2.1767632537704147
26572.223413835407	750	7.365824653748037	0.0	398865	634.175346252	0.75
26573.62646562267	1850	9.962772866482178	0.0	877771	1403.05178727	0.75
26574.71172961356	1850	12.877508875594893	0.0	933276	1085.26399089	1.85
26576.098462930688	1850	15.490775558466568	0.0	996749	1386.73331713	1.85
26577.49292097833	1850	18.096317510822185	0.0	801058	1394.45804764	1.85
26578.605764408978	1850	20.983474080171824	0.0	905515	1112.84343065	1.85
26579.935833963267	1850	23.653404525883428	0.0	1060487	1330.06955429	1.85
26609.576369014798	4300	4.0	5.987130525650518	2055469	29640.5350515	-23.894661260297227
26610.460163082706	300	7.116205932096722	0.0	139105	883.794067903	-3.7
26611.115476026556	750	10.46089298824347	0.0	353220	655.312943853	0.3
26612.225800986987	1850	13.35056802781577	0.0	917428	1110.32496043	0.75
26613.596513209137	1850	15.979855805664192	0.0	946851	1370.71222215	1.85
26614.796382538017	1850	18.7799864767852	0.0	1036454	1199.86932888	1.85
26617.283659057506	4300	20.29270995729617	0.0	2005399	2487.27651949	1.8499999999999996
26619.77849835567	4300	21.7978706591285	0.0	2152483	2494.83929817	4.3
26625.507337062318	4300	20.06903195248123	0.0	2289689	5728.83870665	4.3
26630.955782744648	4300	18.620586270152163	0.0	2059512	5448.44568233	4.3
26632.8195887458	4300	20.75678026900078	0.0	2220726	1863.80600115	4.3
26634.249244478662	4300	23.327124536136274	0.0	2156729	1429.65573286	4.3
26635.418336279756	4300	26.158032735041207	0.0	2039773	1169.0918011	4.3
26636.490812107208	4300	29.0855569075884	0.0	2176469	1072.47582745	4.3
26638.183329080974	4300	31.3930399338264	0.0	2221506	1692.51697376	4.3
26639.826168938067	4300	33.75020007673188	0.0	2044075	1642.83985709	4.3
26640.94653958501	4300	36.629829429789	0.0	2186790	1120.37064694	4.3
26643.050096214625	4300	38.5262728001704	0.0	2105231	2103.55662962	4.3
26645.922525951235	4300	39.65384306356028	0.0	2395588	2872.42973661	4.3
26648.27950956812	4300	41.2968594466765	0.0	1972048	2356.98361688	4.3
26650.47752443276	4300	43.098844582039774	0.0	2134614	2198.01486464	4.3
26666.265716633447	4300	31.31065238135485	0.0	2164140	15788.1922007	4.3
26702.63349989021	4300	4.0	5.057130875408184	2113193	36367.7832568	-17.44566276425519
26702.888948327414	300	7.744551562793742	0.0	157488	255.448437206	-3.7
26703.9510061818	1850	10.682493708410226	0.0	885062	1062.05785438	0.30000000000000004
26705.51820809	1850	13.115291800209711	0.0	1035329	1567.2019082	1.85
26708.81829275156	4300	13.81520713865307	0.0	2307787	3300.08466156	1.8499999999999996
26711.876372513245	4300	14.757127376964846	0.0	2143948	3058.07976169	4.3
26723.25750210726	4300	7.375997782950373	0.0	1919781	11381.129594	4.3
26723.882222336502	1850	10.751277553707384	0.0	938587	624.720229243	-0.6000000000000001
26725.088268225558	4300	13.545231664651006	0.0	2133870	1206.04588906	1.8499999999999996
26726.19836636999	4300	16.435133520220763	0.0	2146120	1110.09814443	4.3
26727.862049146614	4300	18.77145074359381	0.0	2108491	1663.68277663	4.3
26729.286089664012	4300	21.34741022619717	0.0	2184571	1424.0405174	4.3
26730.40174706342	4300	24.231752826789208	0.0	2121928	1115.65739941	4.3
26731.810968197075	4300	26.822531693134884	0.0	2219102	1409.22113365	4.3
26733.319552031946	4300	29.313947858263926	0.0	2124950	1508.58383487	4.3
26754.5229524678	4300	12.110547422410749	0.0	2246506	21203.4004359	4.3
26754.841242555103	1200	15.792257335104763	0.0	538612	318.290087306	-1.9000000000000001
26755.876535595227	4300	18.756964294982595	0.0	2155012	1035.29304012	1.1999999999999997

