1462.5777694340934	750	4.0	1.585742166154038	450283	1585.74216615	-6.068691314462363
1463.5842846734554	750	6.993484760638206	0.0	398865	1006.51523936	0.75
1464.4782962422623	750	10.09947319183144	0.0	350812	894.011568807	0.75
1465.7879390813716	750	12.789830352722154	0.0	382355	1309.64283911	0.75
1469.0646835496245	1850	13.51308588446909	0.0	996749	3276.74446825	0.75
1470.8429236828902	1850	15.734845751203618	0.0	801058	1778.24013327	1.85
1472.2063250242827	1850	18.371444409810987	0.0	905515	1363.40134139	1.85
1473.7032046943957	1850	20.874564739698165	0.0	1060487	1496.87967011	1.85
1474.852847912318	1850	23.724921521775798	0.0	852833	1149.64321792	1.85
1477.8195820227975	4300	24.758187411296237	0.0	2169201	2966.73411048	1.8499999999999996
1480.511996857047	4300	26.06577257704667	0.0	2173522	2692.41483425	4.3
1496.4532912657	4300	14.124478168393686	0.0	2102452	15941.2944087	4.3
1503.0777249604469	1850	11.500044473646922	0.0	946851	6624.43369475	-0.6000000000000001
1511.23907069155	1850	7.3386987425436345	0.0	1036454	8161.3457311	1.85
1511.4767153224275	750	11.101054111666246	0.0	337059	237.644630877	-0.3500000000000001
1511.9884877832935	1850	14.589281650800112	0.0	923170	511.772460866	0.75
1512.5187302574964	1850	18.059039176597107	0.0	966699	530.242474203	1.85
1513.6398580806035	4300	20.93791135349019	0.0	2059512	1121.12782311	1.8499999999999996
1515.3767764148909	4300	23.200993019202752	0.0	2220726	1736.91833429	4.3
1516.5185227634881	4300	26.059246670605386	0.0	2156729	1141.7463486	4.3
1517.8443948271042	4300	28.733374606989344	0.0	2039773	1325.87206362	4.3
1519.027490760325	4300	31.550278673768442	0.0	2176469	1183.09593322	4.3
1520.1974603493222	4300	34.3803090847712	0.0	2221506	1169.969589	4.3
1521.164787039981	4300	37.41298239411246	0.0	2044075	967.326690659	4.3
1523.1181619365948	4300	39.459607497498574	0.0	2186790	1953.37489661	4.3
1528.359839621207	4300	38.21792981288642	0.0	2105231	5241.67768461	4.3
1543.5954052281827	4300	26.982364205910716	0.0	2395588	15235.565607	4.3
1546.4180330249308	4300	28.15973640916245	0.0	1972048	2822.62779675	4.3
1549.1046245811187	4300	29.47314485297451	0.0	2134614	2686.59155619	4.3
1551.7081302037002	4300	30.869639230393123	0.0	2164140	2603.50562258	4.3
1561.0977236433118	4300	25.48004579078163	0.0	2113193	9389.59343961	4.3
1564.5400544965657	4300	26.037714937527447	0.0	2147852	3442.33085325	4.3
1567.2756030011653	4300	27.30216643292782	0.0	2191074	2735.5485046	4.3
1570.5869792654617	4300	27.990790168631566	0.0	2286761	3311.3762643	4.3
1573.374665239386	4300	29.203104194707183	0.0	2307787	2787.68597392	4.3
1576.2389100252985	4300	30.338859408794658	0.0	2143948	2864.24478591	4.3
1579.0032764090688	4300	31.574493025024427	0.0	1919781	2764.36638377	4.3
1581.3615298717943	4300	33.21623956229878	0.0	2147467	2358.25346273	4.3
1589.3077631675374	4300	29.270006266555896	0.0	2133870	7946.23329574	4.3
1597.8936377191083	4300	24.684131714984918	0.0	2146120	8585.87455157	4.3
1604.886237154746	4300	21.691532279347093	0.0	2108491	6992.59943564	4.3
1610.8625370026416	4300	19.715232431451412	0.0	2184571	5976.2998479	4.3
1614.2314117637059	4300	20.34635767038739	0.0	2121928	3368.87476106	4.3
1615.4318859774944	4300	23.14588345659882	0.0	2219102	1200.47421379	4.3
1616.5609485651817	4300	26.01682086891159	0.0	2124950	1129.06258769	4.3
1618.0995306309458	4300	28.478238803147477	0.0	2246506	1538.58206576	4.3
1619.4144191118119	4300	31.163350322281318	0.0	1961140	1314.88848087	4.3
1620.6453104515701	4300	33.93245898252286	0.0	2155012	1230.89133976	4.3

