3933.632771350772	750	4.0	2.675975543253739	450283	2675.97554325	-10.756694835991077
3934.780102003611	300	6.852669347161502	0.0	155580	1147.33065284	-0.15000000000000002
3936.1233084211694	300	9.509462929602824	0.0	139857	1343.20641756	0.3
3937.357567107563	300	12.275204243208755	0.0	155432	1234.25868639	0.3
3938.7749586441873	300	14.857812706584602	0.0	163442	1417.39153662	0.3
3941.1817086779297	750	16.45106267284242	0.0	318564	2406.75003374	0.3
3943.495947305258	750	18.136824045513755	0.0	352642	2314.23862733	0.75
3946.62384092592	750	19.008930424852355	0.0	437162	3127.89362066	0.75
3949.4002024491224	750	20.232568901649728	0.0	374758	2776.3615232	0.75
3951.91902245587	750	21.71374889490209	0.0	362795	2518.82000675	0.75
3954.475329986902	750	23.157441363870365	0.0	353220	2556.30753103	0.75
3957.356925180584	750	24.27584617018872	0.0	405134	2881.59519368	0.75
3964.4657880068485	1850	21.166983343923675	0.0	946851	7108.86282627	0.75
3973.084940417231	1850	16.54783093354105	0.0	1036454	8619.15241038	1.85
3981.365238803724	1850	12.267532547048491	0.0	821631	8280.29838649	1.85
3985.780959023109	750	11.851812327662993	0.0	366214	4415.72021939	-0.3500000000000001
3991.4847483171916	750	10.148023033580762	0.0	360831	5703.78929408	0.75
3992.917919898738	300	12.714851452033951	0.0	150616	1433.17158155	-0.15000000000000002
3994.4470845072087	300	15.185686843563333	0.0	165384	1529.16460847	0.3
3995.764948466653	300	17.86782288411899	0.0	140881	1317.86395944	0.3
3998.6990518659522	750	18.93371948481971	0.0	386472	2934.1033993	0.3
4002.5226964580206	750	19.110074892751083	0.0	399894	3823.64459207	0.75
4007.0040962903763	750	18.62867506039521	0.0	401853	4481.39983236	0.75
4009.6839086969867	750	19.948862653785064	0.0	343800	2679.81240661	0.75
4012.6944734657322	750	20.93829788503937	0.0	359903	3010.56476875	0.75
4015.5939749269787	750	22.038796423792952	0.0	379700	2899.50146125	0.75
4019.5890715916753	750	22.043699759096377	0.0	425781	3995.0966647	0.75
4022.4478887494106	750	23.184882601361423	0.0	277716	2858.81715773	0.75
4025.560734720038	750	24.072036630733866	0.0	400396	3112.84597063	0.75
4033.7584786471753	1850	19.87429270359644	0.0	975811	8197.74392714	0.75
4036.7197693688727	750	20.913001981899352	0.0	358218	2961.2907217	-0.3500000000000001
4039.9529785620925	750	21.679792788679414	0.0	400322	3233.20919322	0.75
4043.1455863086157	750	22.48718504215625	0.0	369834	3192.60774652	0.75
4052.789051492047	1850	16.843719858725176	0.0	1035329	9643.46518343	0.75
4064.7329855301355	1850	8.899785820636374	0.0	1026056	11943.9340381	1.85
4067.699365680476	300	9.933405670295668	0.0	159914	2966.38015034	-1.25
4070.907313146426	300	10.725458204345783	0.0	131610	3207.94746595	0.3
4073.354154757284	300	12.27861659348758	0.0	124011	2446.84161086	0.3
4075.0251273101876	300	14.60764404058402	0.0	144254	1670.9725529	0.3
4076.3484346298214	300	17.284336720950456	0.0	149991	1323.30731963	0.3
4080.120631343727	750	17.512140007044813	0.0	345516	3772.19671391	0.3
4084.2396349779347	750	17.393136372837017	0.0	384505	4119.00363421	0.75
4088.996377076868	750	16.63639427390392	0.0	372093	4756.74209893	0.75
4095.042338913216	750	14.59043243755563	0.0	438281	6045.96183635	0.75
4101.292661514386	750	12.34010983638571	0.0	398987	6250.32260117	0.75
4108.386522061388	750	9.246249289383814	0.0	393804	7093.860547	0.75
4110.027394871481	300	11.605376479291222	0.0	137507	1640.87281009	-0.15000000000000002
4111.464180641313	300	14.16859070945877	0.0	118421	1436.78576983	0.3

