13017.137522341898	750	4.0	6.63156161217316	450283	6631.56161217	-27.765714932344586
13018.448407495493	300	6.689114846403775	0.0	155580	1310.8851536	-0.15000000000000002
13029.750098599652	300	4.0	4.612576257754185	139857	11301.6911042	-19.534077908342994
13030.197354787259	300	7.552743812392935	0.0	155432	447.256187607	0.3
13031.41698043913	750	10.333118160520382	0.0	411561	1219.62565187	0.3
13033.69583854927	1850	12.05426005037847	0.0	801058	2278.85811014	0.75
13036.1956616046	1850	13.554436995048855	0.0	905515	2499.82305533	1.85
13038.987285018808	1850	14.762813580841506	0.0	1060487	2791.62341421	1.85
13040.822177897018	1850	16.927920702630566	0.0	852833	1834.89287821	1.85
13042.346956037092	1850	19.40314256255567	0.0	913888	1524.77814007	1.85
13043.694944292378	1850	22.055154307270872	0.0	939819	1347.98825528	1.85
13044.728851663864	1850	25.021246935785708	0.0	917428	1033.90737149	1.85
13046.803276584631	4300	26.94682201501863	0.0	2209463	2074.42492077	1.8499999999999996
13049.807851475543	4300	27.942247124105446	0.0	2275376	3004.57489091	4.3
13061.168207748255	4300	20.5818908513954	0.0	2005399	11360.3562727	4.3
13061.639139215513	1850	24.110959384137292	0.0	923170	470.931467258	-0.6000000000000001
13062.97414732431	4300	26.77595127533932	0.0	2289689	1335.0081088	1.8499999999999996
13064.303633159487	4300	29.44646544016391	0.0	2059512	1329.48583518	4.3
13065.625408421434	4300	32.124690178216504	0.0	2220726	1321.77526195	4.3
13066.703514081302	4300	35.046584518348624	0.0	2156729	1078.10565987	4.3
13067.679719197813	4300	38.07037940183751	0.0	2039773	976.205116511	4.3
13069.046902004504	4300	40.70319659514554	0.0	2176469	1367.18280669	4.3
13070.197139254782	4300	43.552959344868576	0.0	2221506	1150.23725028	4.3
13071.358650374532	4300	46.391448225119646	0.0	2044075	1161.51111975	4.3
13072.634579719932	4300	49.11551887971829	0.0	2186790	1275.9293454	4.3
13073.721205813301	4300	52.028892786349225	0.0	2105231	1086.62609337	4.3
13075.234400344081	4300	54.51569825556993	0.0	2395588	1513.19453078	4.3
13076.488807873098	4300	57.2612907265528	0.0	1972048	1254.40752902	4.3
13077.932401756903	4300	59.62091735633733	0.0	2134614	1140.37337022	4.3
13079.242366794666	4300	59.82754509425014	0.0	2164140	1293.3722620871933	4.3
13082.678037756741	4300	59.57800600105099	0.0	2113193	3249.539093199154	4.3
13085.834184174164	4300	59.55299872677808	0.0	2147852	3025.0072742728994	4.3
13088.417579879955	4300	59.536870445457254	0.0	2191074	2516.1282813208304	4.3
13092.081147028674	4300	59.87330329673757	0.0	2286761	3163.5671487196823	4.3
13096.163276630854	4300	59.79117369455709	0.0	2307787	3582.129602180482	4.3
13107.0847375712	4300	52.869712754211704	0.0	2143948	10921.460940345389	4.3
13111.911025123838	4300	52.04342520157381	0.0	1919781	4826.287552637895	4.3
13117.860187706512	4300	50.09426261890118	0.0	2147467	5949.162582672624	4.3
13124.115743433798	4300	47.83870689161407	0.0	2133870	6255.5557272871165	4.3
13132.748570053061	4300	43.20588027235105	0.0	2146120	8632.826619263018	4.3
13138.10282138494	4300	41.8516289404731	0.0	2108491	5354.251331877955	4.3
13140.170925064218	4300	43.783525261195635	0.0	2184571	2068.103679277465	4.3
13142.664436540887	4300	45.29001378452683	0.0	2121928	2493.5114766688116	4.3
13145.073921792009	4300	46.88052853340394	0.0	2219102	2409.4852511228855	4.3
13148.054536517042	4300	47.89991380837026	0.0	2124950	2980.61472503368	4.3
13161.75330563291	4300	38.201144692503384	0.0	2246506	13698.769115866879	4.3
13167.211718537708	4300	36.742731787704436	0.0	1961140	5458.41290479895	4.3
13169.970544358177	4300	37.9839059672358	0.0	2155012	2758.8258204686317	4.3

