15125.318065546664	750	4.0	0.8623100561389032	450283	862.310056139	-2.9579332413972836
15126.14052086638	750	7.177544680284689	0.0	398865	822.455319715	0.75
15126.849425164	750	10.46864038266343	0.0	350812	708.904297621	0.75
15128.112968570318	1850	13.205096976347102	0.0	933276	1263.54340632	0.75
15129.094735837609	1850	16.223329709057303	0.0	996749	981.76726729	1.85
15129.863148081608	1850	19.454917465058184	0.0	801058	768.412243999	1.85
15132.80426283114	4300	20.513802715526303	0.0	2157535	2941.11474953	1.8499999999999996
15144.372679645505	4300	12.945385901161778	0.0	2290172	11568.4168144	4.3
15144.887305134427	1850	16.430760412239763	0.0	852833	514.625488922	-0.6000000000000001
15146.206703022066	4300	19.11136252459963	0.0	2169201	1319.39788764	1.8499999999999996
15147.459634006882	4300	21.858431539783417	0.0	2173522	1252.93098482	4.3
15149.050886084307	4300	24.26717946235886	0.0	2102452	1591.25207742	4.3
15150.23020882356	4300	27.087856723105826	0.0	2209463	1179.32273925	4.3
15151.534417664601	4300	29.783647882065154	0.0	2275376	1304.20884104	4.3
15152.620683456378	4300	32.697382090288436	0.0	2005399	1086.26579178	4.3
15153.70537574222	4300	35.612689804447974	0.0	2152483	1084.69228584	4.3
15154.979481252301	4300	38.33858429436598	0.0	2289689	1274.10551008	4.3
15167.913044166764	4300	29.405021379902852	0.0	2059512	12933.5629145	4.3
15173.949004004375	4300	27.36906154229229	0.0	2220726	6035.95983761	4.3
15179.827774432777	4300	25.490291113890002	0.0	2156729	5878.7704284	4.3
15185.495553857209	4300	23.822511689456807	0.0	2039773	5667.77942443	4.3
15192.115457110507	4300	21.20260843615833	0.0	2176469	6619.9032533	4.3
15208.568728494569	4300	8.749337052096198	0.0	2221506	16453.2713841	4.3
15211.312508426587	1850	10.00555712007973	0.0	874175	2743.77993202	-0.6000000000000001
15214.07067952813	1850	11.247386018535108	0.0	897976	2758.17110154	1.85
15216.292972599353	1850	13.025092947313773	0.0	905935	2222.29307122	1.85
15219.208876341434	1850	14.10918920523113	0.0	1076599	2915.90374208	1.85
15221.299222982787	1850	16.018842563878817	0.0	758197	2090.34664135	1.85
15224.153614165722	1850	17.16445138094378	0.0	972798	2854.39118294	1.85
15226.374840797216	1850	18.943224749449158	0.0	975811	2221.22663149	1.85
15227.516055322734	1850	21.80201022392988	0.0	873429	1141.21452552	1.85
15228.518062709512	1850	24.800002837151975	0.0	954453	1002.00738678	1.85
15229.388713906641	1850	27.929351640024425	0.0	885062	870.651197128	1.85
15231.708463032577	4300	29.609602514087896	0.0	2286761	2319.74912594	1.8499999999999996
15234.497406264903	4300	30.820659281762442	0.0	2307787	2788.94323233	4.3
15236.80513068382	4300	32.51293486284453	0.0	2143948	2307.72441892	4.3
15238.12401285858	4300	35.19405268808559	0.0	1919781	1318.88217476	4.3
15239.299142423539	4300	38.0189231231267	0.0	2147467	1175.12956496	4.3
15240.529367105772	4300	40.788698440893896	0.0	2133870	1230.22468223	4.3
15242.10612637687	4300	43.211939169794974	0.0	2146120	1576.7592711	4.3
15243.616063714147	4300	45.70200183251708	0.0	2108491	1509.93733728	4.3
15244.994813234967	4300	48.32325231169516	0.0	2184571	1378.74952082	4.3
15246.571708342066	4300	50.746357204597565	0.0	2121928	1576.8951071	4.3
15251.2966048449	4300	50.02146070176302	0.0	2219102	4724.89650283	4.3
15257.07582429074	4300	48.24224125592324	0.0	2124950	5779.21944584	4.3
15258.203399550574	4300	51.11466599608897	0.0	2246506	1127.57525983	4.3
15259.132012836526	4300	54.18605271013785	0.0	1961140	928.613285951	4.3
15260.49753800395	4300	56.82052754271247	0.0	2155012	1365.52516743	4.3

