7328.613647528071	750	4.0	0.2974603912430615	450283	297.460391243	-0.5290796823451644
7329.156153451651	1850	7.45749407641947	0.0	957685	542.505923581	0.75
7329.72948683268	1850	10.88416069539034	0.0	877771	573.333381029	1.85
7330.561416254397	1850	14.052231273673016	0.0	933276	831.929421717	1.85
7331.694325465391	4300	16.919322062679875	0.0	2233056	1132.90921099	1.8499999999999996
7332.762187691549	4300	19.851459836521713	0.0	1941625	1067.86222616	4.3
7333.929610446064	4300	22.684037082007197	0.0	2157535	1167.42275451	4.3
7335.0042679172775	4300	25.60937961079355	0.0	2290172	1074.65747121	4.3
7336.066212012706	4300	28.547435515364405	0.0	2055469	1061.94409543	4.3
7337.331646191602	4300	31.282001336468653	0.0	2169201	1265.4341789	4.3
7351.992427738332	4300	20.6212197897393	0.0	2173522	14660.7815467	4.3
7356.802300900524	1850	19.81134662754698	0.0	917428	4809.87316219	-0.6000000000000001
7358.741655047142	1850	21.871992480928885	0.0	946851	1939.35414662	1.85
7359.456130873029	1850	25.157516655041935	0.0	1036454	714.475825887	1.85
7361.035429275095	4300	27.57821825297558	0.0	2005399	1579.29840207	1.8499999999999996
7362.331669383113	4300	30.281978144957492	0.0	2152483	1296.24010802	4.3
7363.438207146987	4300	33.17544038108338	0.0	2289689	1106.53776387	4.3
7364.6058128530785	4300	36.007834674991976	0.0	2059512	1167.60570609	4.3
7365.995127594366	4300	38.618519933704754	0.0	2220726	1389.31474129	4.3
7367.4346469360635	4300	41.17900059200684	0.0	2156729	1439.5193417	4.3
7368.49097331561	4300	44.1226742124613	0.0	2039773	1056.32637955	4.3
7375.148574551646	4300	41.46507297642504	0.0	2176469	6657.60123604	4.3
7380.430298105951	4300	40.18334942212065	0.0	2221506	5281.7235543	4.3
7382.708525546856	4300	41.90512198121488	0.0	2044075	2278.22744091	4.3
7385.04429106949	4300	43.56935645858157	0.0	2186790	2335.76552263	4.3
7387.62045776057	4300	44.9931897675006	0.0	2105231	2576.16669108	4.3
7389.774286278899	4300	46.83936124917198	0.0	2395588	2153.82851833	4.3
7390.95634632073	4300	49.6573012073408	0.0	1972048	1182.06004183	4.3
7392.232322636868	4300	52.381324891202624	0.0	2134614	1275.97631614	4.3
7393.775585386469	4300	54.83806214160123	0.0	2164140	1543.2627496	4.3
7394.99093696999	4300	57.62271055808025	0.0	2113193	1215.35158352	4.3
7396.319724509981	4300	59.51569170466615	0.0	2147852	1107.01885341	4.3
7398.568827946092	4300	59.71202432989916	0.0	2191074	1303.6673747670022	4.3
7404.890158680284	4300	57.39069359570668	0.0	2286761	6321.330734192471	4.3
7423.671685241421	4300	42.60916703457064	0.0	2307787	18781.52656113604	4.3
7434.871293144307	4300	35.409559131684404	0.0	2143948	11199.607902886235	4.3
7454.425977790893	4300	19.854874485098048	0.0	1919781	19554.684646586353	4.3
7458.333474827567	1850	19.9473774484244	0.0	938587	3907.4970366736457	-0.6000000000000001
7459.531603153191	1850	22.74924912279997	0.0	908665	1198.1283256244308	1.85
7460.84735441911	1850	25.433497856880937	0.0	930577	1315.7512659190324	1.85
7463.560732858911	4300	26.720119417079797	0.0	2108491	2713.37843980114	1.8499999999999996
7466.410648736701	4300	27.87020353929062	0.0	2184571	2849.915877789175	4.3
7477.361017785382	4300	20.91983449060959	0.0	2121928	10950.369048681036	4.3
7494.819129597689	4300	7.461722678302216	0.0	2219102	17458.111812307372	4.3
7497.907164895572	1850	8.373687380418943	0.0	958994	3088.035297883273	-0.6000000000000001
7502.204371042278	1850	8.076481233713627	0.0	982064	4297.206146705315	1.85
7506.581966690032	1850	7.698885585959569	0.0	830730	4377.595647754059	1.85
7508.313572055556	750	9.96728022043514	0.0	314107	1731.6053655244302	-0.3500000000000001

