934.435021084036	750	4.0	1.6086873335744107	450283	1608.68733357	-6.167355534369966
935.8259706092904	750	6.6090504747455405	0.0	398865	1390.94952525	0.75
936.8337950416358	750	9.601226042400178	0.0	350812	1007.82443235	0.75
938.2450722309039	750	12.18994885313206	0.0	382355	1411.27718927	0.75
939.529002190915	750	14.906018893120986	0.0	411561	1283.92996001	0.75
941.3928530941195	1850	17.042167989916443	0.0	801058	1863.8509032	0.75
943.3465828848742	1850	19.08843819916175	0.0	905515	1953.72979075	1.85
944.8636904473324	1850	21.571330636703586	0.0	1060487	1517.10756246	1.85
946.3084816056487	1850	24.126539478387308	0.0	852833	1444.79115832	1.85
947.7596226710348	1850	26.67539841300114	0.0	913888	1451.14106539	1.85
950.6054082199461	4300	27.829612864089796	0.0	2173522	2845.78554891	1.8499999999999996
952.9390614839318	4300	29.495959600104047	0.0	2102452	2333.65326399	4.3
955.7904713722402	4300	30.644549711795626	0.0	2209463	2851.40988831	4.3
959.286129521752	4300	31.148891562283957	0.0	2275376	3495.65814951	4.3
961.7637029618571	4300	32.67131812217872	0.0	2005399	2477.57344011	4.3
972.572092264393	4300	25.862928819642825	0.0	2152483	10808.3893025	4.3
991.6502252286168	4300	10.784795855418986	0.0	2289689	19078.1329642	4.3
993.5561573301516	1850	12.878863753884348	0.0	885714	1905.93210153	-0.6000000000000001
994.1420597115537	1850	16.29296137248227	0.0	987708	585.902381402	1.85
995.6688335451664	4300	18.7661875388695	0.0	2156729	1526.77383361	1.8499999999999996
996.7514237948495	4300	21.683597289186324	0.0	2039773	1082.59024968	4.3
997.9500796551329	4300	24.484941428903088	0.0	2176469	1198.65586028	4.3
999.2537111196402	4300	27.181309964395645	0.0	2221506	1303.63146451	4.3
1000.3625583922156	4300	30.072462691820288	0.0	2044075	1108.84727258	4.3
1001.6350553424273	4300	32.79996574160862	0.0	2186790	1272.49695021	4.3
1002.8354901541819	4300	35.599530929854026	0.0	2105231	1200.43481175	4.3
1004.1260146296065	4300	38.309006454429515	0.0	2395588	1290.52447542	4.3
1005.1586614257894	4300	41.276359658246506	0.0	1972048	1032.64679618	4.3
1006.2824992497611	4300	44.15252183427482	0.0	2134614	1123.83782397	4.3
1007.7617452883893	4300	46.67327579564667	0.0	2164140	1479.24603863	4.3
1009.0876392670044	4300	49.34738181703144	0.0	2113193	1325.89397862	4.3
1010.5821993392317	4300	51.85282174480418	0.0	2147852	1494.56007223	4.3
1012.0288467018843	4300	54.406174382151626	0.0	2191074	1446.64736265	4.3
1013.6839912861135	4300	56.75102979792241	0.0	2286761	1655.14458423	4.3
1015.4074997853836	4300	59.027521298652395	0.0	2307787	1723.50849927	4.3
1017.66628192902	4300	59.74871324429524	0.0	2143948	1278.80805436	4.3
1019.7352251342563	4300	59.91422868631666	0.0	1919781	1334.4845579785786	4.3
1021.7192792338122	4300	59.99943096016759	0.0	2147467	1414.7977261490748	4.3
1030.9987043617507	4300	54.720005832229184	0.0	2133870	9279.425127938403	4.3
1032.4595903487789	4300	57.2591198452009	0.0	2146120	1460.8859870282868	4.3
1034.1390255738177	4300	59.579684620162126	0.0	2108491	1179.4352250387772	4.3
1035.5723306666334	4300	59.94753343046043	0.0	2184571	1132.151189701688	4.3
1037.5713480672941	4300	59.808601681687044	0.0	2121928	1638.9317487733845	4.3
1050.4855341560913	4300	50.894415592889985	0.0	2219102	12914.186088797058	4.3
1056.833619230265	4300	48.54633051871616	0.0	2124950	6348.085074173824	4.3
1071.7687620437819	4300	37.61118770519942	0.0	2246506	14935.14281351674	4.3
1086.9073942898722	4300	26.472555459109117	0.0	1961140	15138.632246090307	4.3
1088.2260412425378	4300	29.153908506443443	0.0	2155012	1318.6469526656724	4.3

