11477.09003131025	750	4.0	0.4071810747516726	450283	407.181074752	-1.000878621432192
11477.811973186353	1850	7.278058123897661	0.0	957685	721.941876102	0.75
11478.174139016442	1850	10.915892293809476	0.0	877771	362.165830088	1.85
11478.50521454886	1850	14.584816761390158	0.0	933276	331.075532419	1.85
11479.168135588452	4300	17.92189572180043	0.0	2233056	662.92103959	1.8499999999999996
11479.60742464347	4300	21.482606666781763	0.0	1941625	439.289055019	4.3
11480.086666881965	4300	25.00336442828581	0.0	2157535	479.242238496	4.3
11480.609186307944	4300	28.480845002307653	0.0	2290172	522.519425978	4.3
11481.10184097422	4300	31.988190336032467	0.0	2055469	492.654666275	4.3
11481.678868640278	4300	35.41116266997422	0.0	2169201	577.027666058	4.3
11482.498726482467	4300	38.59130482778598	0.0	2173522	819.857842188	4.3
11483.02405962062	4300	42.065971689630786	0.0	2102452	525.333138155	4.3
11483.52039446534	4300	45.569636844911024	0.0	2209463	496.33484472	4.3
11484.000819694473	4300	49.08921161577862	0.0	2275376	480.425229132	4.3
11484.39932689966	4300	52.69070441058982	0.0	2005399	398.507205189	4.3
11484.821194699807	4300	56.2688366104431	0.0	2152483	421.867800147	4.3
11485.280046502934	4300	59.80998480731494	0.0	2289689	458.851803128	4.3
11485.761915567755	4300	59.87464840862275	0.0	2059512	435.336398692	4.3
11486.371591021063	4300	59.8030770150335	0.0	2220726	571.571393589	4.3
11488.953509988496	4300	59.99116956117658	0.0	2156729	1811.9074538569248	4.3
11490.401807430135	4300	59.86152659714472	0.0	2039773	629.6429640318592	4.3
11491.481821925026	4300	59.94084658850168	0.0	2176469	420.6800086430376	4.3
11494.033339901573	4300	59.705254843354034	0.0	2221506	1735.591745147643	4.3
11495.657066212782	4300	59.51135480344907	0.0	2044075	693.9000399049612	4.3
11497.219550621969	4300	59.65452573450728	0.0	2186790	856.8290689417953	4.3
11498.638450019746	4300	59.50840370574138	0.0	2105231	646.1220287658992	4.3
11500.051169649169	4300	59.64843257553485	0.0	2395588	859.9711302065366	4.3
11501.99857629274	4300	59.66110350335808	0.0	1972048	1487.3290721767669	4.3
11503.0816604406	4300	59.55960021512502	0.0	2134614	601.503288233	4.3
11504.152484101736	4300	59.724978814370715	0.0	2164140	834.6214007543069	4.3
11505.11283259623	4300	59.82290569731453	0.0	2113193	902.0731170561758	4.3
11506.516686468805	4300	59.8601164497464	0.0	2147852	462.789247568	4.3
11507.97758454038	4300	59.810199726462	0.0	2191074	549.9167232843963	4.3
11509.409271418883	4300	59.759346961355746	0.0	2286761	550.8527651062541	4.3
11510.530931079713	4300	59.84943418763855	0.0	2307787	409.9127737171937	4.3
11511.622192983525	4300	59.86967667928936	0.0	2143948	479.75750834918716	4.3
11512.689625618534	4300	59.851212559515254	0.0	1919781	518.4641197741067	4.3
11514.32531907748	4300	59.768350087661354	0.0	2147467	1082.8624718538965	4.3
11515.014013666756	4300	59.909918286568235	0.0	2133870	358.431801093	4.3
11516.529503565922	4300	59.777804731077026	0.0	2146120	1132.1135554912132	4.3
11517.802396097566	4300	59.54304663709195	0.0	2108491	734.7580939850793	4.3
11519.08864909443	4300	59.87898735749045	0.0	2184571	1164.0592796014946	4.3
11521.050191977829	4300	59.668812774422314	0.0	2121928	1710.1745830681355	4.3
11523.57855085371	4300	59.740817486646385	0.0	2219102	2427.9952877759256	4.3
11526.949352248332	4300	59.81559858338839	0.0	2124950	2425.218903257999	4.3
11529.341512601084	4300	59.55230965269324	0.0	2246506	2263.288930695146	4.3
11533.736839884714	4300	59.15698236906464	0.0	1961140	4395.327283628601	4.3
11537.147856150827	4300	59.74596610295187	0.0	2155012	2911.016266112779	4.3

