26412.809074242567	750	4.0	2.4693527412838145	450283	2469.35274128	-9.868216787520403
26415.113594180326	750	5.695480062238721	0.0	398865	2304.51993776	0.75
26416.985237225577	750	7.823837016988556	0.0	350812	1871.64304525	0.75
26419.139547013056	750	9.66952722950871	0.0	382355	2154.30978748	0.75
26420.658846496455	750	12.150227746110629	0.0	411561	1519.2994834	0.75
26421.885846426554	750	14.923227816013128	0.0	318564	1226.9999301	0.75
26423.103803098853	750	17.705271143713407	0.0	352642	1217.9566723	0.75
26426.161267164927	1850	18.64780707763884	0.0	1060487	3057.46406607	0.75
26428.330986333145	1850	20.47808790941931	0.0	852833	2169.71916822	1.85
26436.275523052824	1850	16.53355118974389	0.0	913888	7944.53671968	1.85
26442.315592877694	1850	14.49348136487422	0.0	939819	6040.06982487	1.85
26444.95355106988	1850	15.855523172687137	0.0	917428	2637.95819219	1.85
26447.321642525832	1850	17.487431716737387	0.0	946851	2368.09145595	1.85
26450.07919294966	1850	18.72988129290927	0.0	1036454	2757.55042383	1.85
26454.01192402449	1850	18.797150218080347	0.0	821631	3932.73107483	1.85
26458.56470783766	1850	18.244366404910174	0.0	923170	4552.78381317	1.85
26470.296456510212	1850	10.512617732359116	0.0	966699	11731.7486726	1.85
26474.07108653845	750	10.737987704121442	0.0	372963	3774.63002824	-0.3500000000000001
26479.299726164107	750	9.509348078463969	0.0	405596	5228.63962566	0.75
26484.45556404883	750	8.353510193738476	0.0	350713	5155.83788473	0.75
26488.99681725271	750	7.812256989857054	0.0	386472	4541.25320388	0.75
26490.915842397586	300	9.893231844983656	0.0	157812	1919.02514487	-0.15000000000000002
26491.58666807125	300	13.222406171319085	0.0	163927	670.825673665	0.3
26492.516848417516	750	16.29222582505331	0.0	343800	930.180346266	0.3
26495.01958069753	1850	17.789493545038585	0.0	897976	2502.73228001	0.75
26497.878491235082	1850	18.930583007491762	0.0	905935	2858.91053755	1.85
26501.019934004376	1850	19.789140238195113	0.0	1076599	3141.4427693	1.85
26501.927891047722	1850	22.88118319484753	0.0	758197	907.957043348	1.85
26503.19630883467	4300	25.612765407900685	0.0	2134614	1268.41778695	1.8499999999999996
26504.57096029697	4300	28.238113945604663	0.0	2164140	1374.6514623	4.3
26505.67677589615	4300	31.13229834642517	0.0	2113193	1105.81559918	4.3
26507.267732876993	4300	33.54134136558232	0.0	2147852	1590.95698084	4.3
26508.920449207428	4300	35.88862503514901	0.0	2191074	1652.71633043	4.3
26510.169409289247	4300	38.63966495332783	0.0	2286761	1248.96008182	4.3
26511.94227955734	4300	40.866794685234844	0.0	2307787	1772.87026809	4.3
26522.168714558095	4300	34.64035968447907	0.0	2143948	10226.4350008	4.3
26524.950165968574	4300	35.85890827399986	0.0	1919781	2781.45141048	4.3
26527.715196136116	4300	37.09387810645574	0.0	2147467	2765.03016754	4.3
26530.658951805166	4300	38.150122437407404	0.0	2133870	2943.75566905	4.3
26537.575701902744	4300	35.233372339829664	0.0	2146120	6916.75009758	4.3
26543.916080776653	4300	32.89299346591867	0.0	2108491	6340.37887391	4.3
26546.19359082157	4300	34.61548342100132	0.0	2184571	2277.51004492	4.3
26548.745841065604	4300	36.06323317697017	0.0	2121928	2552.25024403	4.3
26551.462465464283	4300	37.34660877829304	0.0	2219102	2716.62439868	4.3
26563.60760991434	4300	29.20146432823598	0.0	2124950	12145.1444501	4.3
26566.140994214704	4300	30.66808002787304	0.0	2246506	2533.38430036	4.3
26568.764154599237	4300	32.04491964333786	0.0	1961140	2623.16038454	4.3
26570.908595872	4300	33.90047837057444	0.0	2155012	2144.44127276	4.3

