2109.1812067185765	750	4.0	2.544323985853963	450283	2544.32398585	-10.190593139172039
2110.4662668372043	300	6.714939881372185	0.0	155580	1285.06011863	-0.15000000000000002
2111.9246790266357	300	9.256527691940695	0.0	139857	1458.41218943	0.3
2113.2603226556007	300	11.92088406297584	0.0	155432	1335.64362896	0.3
2114.4238836553127	300	14.75732306326368	0.0	163442	1163.56099971	0.3
2116.5995837002147	750	16.5816230183617	0.0	318564	2175.7000449	0.3
2118.8472947700975	750	18.33391194847897	0.0	352642	2247.71106988	0.75
2121.9661582121184	750	19.215048506457794	0.0	437162	3118.86344202	0.75
2124.9201784377383	750	20.261028280837994	0.0	374758	2954.02022562	0.75
2127.416532531919	750	21.76467418665717	0.0	362795	2496.35409418	0.75
2130.1270424458244	750	23.054164272751624	0.0	353220	2710.50991391	0.75
2135.3923883933267	750	21.78881832524936	0.0	405134	5265.3459475	0.75
2138.840115945063	750	22.34109077351276	0.0	386351	3447.72755174	0.75
2142.0073828148306	750	23.17382390374541	0.0	434409	3167.26686977	0.75
2148.0611540424934	1850	21.120052676082647	0.0	821631	6053.77122766	0.75
2156.187690999681	1850	16.99351571889576	0.0	923170	8126.53695719	1.85
2166.8641273967287	1850	10.317079321847368	0.0	966699	10676.436397	1.85
2170.778110423571	750	10.403096295005199	0.0	372963	3913.98302684	-0.3500000000000001
2174.735460234168	750	10.445746484408035	0.0	405596	3957.3498106	0.75
2177.29294028314	750	11.888266435435852	0.0	350713	2557.48004897	0.75
2180.458639861701	750	12.722566856875158	0.0	386472	3165.69957856	0.75
2184.2600366997294	750	12.921170018846885	0.0	399894	3801.39683803	0.75
2187.6969967223595	750	13.484209996216649	0.0	401853	3436.96002263	0.75
2190.115253568991	750	15.065953149585466	0.0	343800	2418.25684663	0.75
2193.166648423099	750	16.01455829547739	0.0	359903	3051.39485411	0.75
2196.095453671868	750	17.085753046707875	0.0	379700	2928.80524877	0.75
2199.2410373885928	750	17.940169329983508	0.0	425781	3145.58371672	0.75
2201.5509027759813	750	19.63030394259512	0.0	277716	2309.86538739	0.75
2204.593375957389	750	20.58783076118781	0.0	400396	3042.47318141	0.75
2207.6480599117313	750	21.53314680684559	0.0	400508	3054.68395434	0.75
2211.835095983039	1200	21.34611073553777	0.0	570392	4187.03607131	0.75
2220.4110872256624	1850	16.770119492914308	0.0	954453	8575.99124262	1.2000000000000002
2229.4042118480643	1850	11.77699487051242	0.0	885062	8993.1246224	1.85
2233.059098709558	750	12.122108009018701	0.0	412837	3654.88686149	-0.3500000000000001
2237.4194637930377	750	11.76174292553895	0.0	401088	4360.36508348	0.75
2240.782566943249	750	12.398639775327661	0.0	365161	3363.10315021	0.75
2243.9099029909153	750	13.271303727661305	0.0	321064	3127.33604767	0.75
2247.055252810014	750	14.125953908562826	0.0	361565	3145.3498191	0.75
2250.8635855885173	750	14.317621130059768	0.0	378327	3808.3327785	0.75
2254.5540170925383	750	14.627189626038962	0.0	390680	3690.43150402	0.75
2257.9936901730102	750	15.187516545566497	0.0	345516	3439.67308047	0.75
2262.9189220987323	750	14.262284619844829	0.0	384505	4925.23192572	0.75
2269.7099439205285	750	11.471262798048386	0.0	372093	6791.0218218	0.75
2274.932987159629	750	10.248219558947573	0.0	438281	5223.0432391	0.75
2278.2676282520656	750	10.913578466510959	0.0	398987	3334.64109244	0.75
2279.5728936189876	300	13.608313099589102	0.0	160064	1305.26536692	-0.15000000000000002
2282.3234389599243	750	14.8577677586523	0.0	331053	2750.54534094	0.3
2284.670063560818	750	16.511143157758205	0.0	314107	2346.62460089	0.75

