32444.98165968861	750	4.0	2.508981529066779	450283	2508.98152907	-10.03862057498715
32445.795231765776	300	7.186427922828964	0.0	155580	813.572077171	-0.15000000000000002
32447.5772221793	750	9.404437509304206	0.0	350812	1781.99041352	0.3
32449.443240231212	750	11.538419457392484	0.0	382355	1866.01805191	0.75
32451.416840375034	750	13.564819313573295	0.0	411561	1973.60014382	0.75
32453.519760701056	750	15.461898987548148	0.0	318564	2102.92032603	0.75
32455.84289690954	750	17.13876277906678	0.0	352642	2323.13620848	0.75
32458.34690298085	750	18.634756707754242	0.0	437162	2504.00607131	0.75
32460.460792335656	750	20.520867352951253	0.0	374758	2113.8893548	0.75
32462.28446895401	750	22.697190734596706	0.0	362795	1823.67661835	0.75
32463.558404250773	1850	25.423255437838716	0.0	939819	1273.93529676	0.75
32464.461567786155	1850	28.52009190245657	0.0	917428	903.163535382	1.85
32466.943775123418	4300	30.037884565192396	0.0	2209463	2482.20733726	1.8499999999999996
32470.093901394797	4300	30.88775829381329	0.0	2275376	3150.12627138	4.3
32474.51361075852	4300	30.468048930089267	0.0	2005399	4419.70936372	4.3
32481.10203663035	4300	27.8796230582629	0.0	2152483	6588.42587183	4.3
32483.707689157032	4300	29.273970531579007	0.0	2289689	2605.65252668	4.3
32485.283589686733	4300	31.698070001876445	0.0	2059512	1575.9005297	4.3
32486.68960594412	4300	34.29205374448906	0.0	2220726	1406.01625739	4.3
32487.789345540765	4300	37.192314147842424	0.0	2156729	1099.73959665	4.3
32489.103996390644	4300	39.877663297964574	0.0	2039773	1314.65084988	4.3
32490.151434334024	4300	42.83022535458388	0.0	2176469	1047.43794338	4.3
32491.68659019922	4300	45.29506948938696	0.0	2221506	1535.1558652	4.3
32493.015756458026	4300	47.965903230580835	0.0	2044075	1329.16625881	4.3
32498.61189293743	4300	46.369766751174964	0.0	2186790	5596.13647941	4.3
32503.832647368094	4300	45.14901232051602	0.0	2105231	5220.75443066	4.3
32506.624046262095	4300	46.35761342651084	0.0	2395588	2791.39889401	4.3
32509.053702898313	4300	47.927956790293635	0.0	1972048	2429.65663622	4.3
32511.204061575965	4300	49.77759811264187	0.0	2134614	2150.35867765	4.3
32514.207744140498	4300	50.77391554810607	0.0	2164140	3003.68256454	4.3
32515.473068892625	4300	53.508590795981085	0.0	2113193	1265.32475212	4.3
32516.657895822584	4300	56.32376386601936	0.0	2147852	1184.82692996	4.3
32518.103005315832	4300	58.87865437277301	0.0	2191074	1445.10949325	4.3
32519.71772758513	4300	59.52645681626957	0.0	2286761	1352.1975565	4.3
32521.589031624393	4300	59.93206715303771	0.0	2307787	1094.389663231866	4.3
32543.300318989983	4300	42.220779787447796	0.0	2143948	21711.287365589913	4.3
32545.177826919044	4300	44.34327185838466	0.0	1919781	1877.5079290631422	4.3
32547.526415625314	4300	45.994683152114874	0.0	2147467	2348.5887062697852	4.3
32550.416855293854	4300	47.104243483575914	0.0	2133870	2890.4396685389565	4.3
32571.685976658577	4300	29.8351221188567	0.0	2146120	21269.121364719213	4.3
32572.861421233258	4300	32.659677544174606	0.0	2108491	1175.4445746820952	4.3
32574.111756811788	4300	35.40934196564867	0.0	2184571	1250.3355785259316	4.3
32575.320591065483	4300	38.20050771195119	0.0	2121928	1208.8342536974808	4.3
32576.8865119799	4300	40.634586797536244	0.0	2219102	1565.9209144149488	4.3
32578.18644376301	4300	43.3346550144246	0.0	2124950	1299.9317831116448	4.3
32579.462109517302	4300	46.05898926013234	0.0	2246506	1275.6657542922567	4.3
32580.75691437504	4300	48.764184402395195	0.0	1961140	1294.8048577371508	4.3
32583.0454387977	4300	50.47565997973583	0.0	2155012	2288.524422659361	4.3

