22682.104937034437	750	4.0	3.894465334337143	450283	3894.46533434	-15.996200937649714
22683.67150823036	300	6.433428804075576	0.0	155580	1566.57119592	-0.15000000000000002
22685.226282886026	300	8.878654148408875	0.0	139857	1554.77465567	0.3
22687.039616937844	300	11.065320096590968	0.0	155432	1813.33405182	0.3
22688.514718745082	300	13.590218289350375	0.0	163442	1475.10180724	0.3
22691.474377666935	750	14.630559367496966	0.0	318564	2959.65892185	0.3
22694.035737965212	750	16.069199069219305	0.0	352642	2561.36029828	0.75
22697.235890003314	750	16.869047031116402	0.0	437162	3200.1520381	0.75
22699.88004571082	750	18.224891323608695	0.0	374758	2644.15570751	0.75
22702.55159543381	750	19.553341600617895	0.0	362795	2671.54972299	0.75
22705.12458887877	750	20.980348155660838	0.0	353220	2572.99344496	0.75
22708.143862666075	750	21.961074368355114	0.0	405134	3019.27378731	0.75
22710.945534318176	750	23.15940271625347	0.0	386351	2801.6716521	0.75
22714.097892215665	750	24.00704481876249	0.0	434409	3152.35789749	0.75
22716.604056486987	750	25.500880547441945	0.0	337059	2506.16427132	0.75
22722.419421176684	1850	23.68551585774511	0.0	923170	5815.3646897	0.75
22729.398175578994	1850	20.706761455434584	0.0	966699	6978.75440231	1.85
22737.484038148104	1850	16.62089888632309	0.0	885714	8085.86256911	1.85
22746.919167223197	1850	11.185769811230587	0.0	987708	9435.12907509	1.85
22751.633183203478	750	10.471753830949947	0.0	350713	4714.01598028	-0.3500000000000001
22753.34951676669	300	12.75542026773943	0.0	157671	1716.33356321	-0.15000000000000002
22754.669993899446	300	15.434943134983993	0.0	157812	1320.47713276	0.3
22758.008294867457	750	16.096642166973435	0.0	401853	3338.30096801	0.3
22760.827231285584	750	17.277705748844895	0.0	343800	2818.93641813	0.75
22763.96527713826	750	18.139659896167487	0.0	359903	3138.04585268	0.75
22766.952600133292	750	19.1523369011354	0.0	379700	2987.32299503	0.75
22770.434235173143	750	19.670701861283227	0.0	425781	3481.63503985	0.75
22772.788970335936	750	21.315966698492087	0.0	277716	2354.73516279	0.75
22776.08982809569	750	22.015108938737466	0.0	400396	3300.85775975	0.75
22779.10852383089	750	22.99641320353438	0.0	400508	3018.6957352	0.75
22781.717970140486	750	24.386966893937547	0.0	358218	2609.4463096	0.75
22784.840697228865	750	25.26423980556192	0.0	400322	3122.72708838	0.75
22792.215890138195	1850	21.88904689623326	0.0	885062	7375.19290933	0.75
22800.092145547318	1850	18.012791487108426	0.0	1035329	7876.25540912	1.85
22808.62671206351	1850	13.478224970915804	0.0	1026056	8534.56651619	1.85
22817.835811035267	1850	8.269125999157076	0.0	943942	9209.09897176	1.85
22820.96787802873	750	9.137059005697624	0.0	321064	3132.06699346	-0.3500000000000001
22822.16151683796	300	11.943420196464643	0.0	124011	1193.63880923	-0.15000000000000002
22823.646164682545	300	14.458772351880999	0.0	144254	1484.64784458	0.3
22827.183605518676	750	14.921331515748097	0.0	390680	3537.44083613	0.3
22830.62672847368	750	15.478208560746353	0.0	345516	3443.122955	0.75
22834.58801298393	750	15.516924050491689	0.0	384505	3961.28451025	0.75
22837.784147813447	750	16.320789220976813	0.0	372093	3196.13482951	0.75
22841.698079207228	750	16.406857827197186	0.0	438281	3913.93139378	0.75
22845.029782787602	750	17.075154246820063	0.0	398987	3331.70358038	0.75
22848.02711252512	750	18.07782450930157	0.0	393804	2997.32973752	0.75
22851.12384417529	750	18.981092859132616	0.0	331053	3096.73165017	0.75
22854.273207540187	750	19.83172949423588	0.0	314107	3149.3633649	0.75

