20240.92065076434	750	4.0	2.737267425734745	450283	2737.26742573	-11.020249930659404
20241.918779288168	300	7.00187147616985	0.0	155580	998.12852383	-0.15000000000000002
20242.824121240585	300	10.096529523751073	0.0	139857	905.341952419	0.3
20243.85470823149	300	13.065942532848577	0.0	155432	1030.5869909	0.3
20246.618045417	750	14.302605347340103	0.0	411561	2763.33718551	0.3
20248.76972780782	750	16.150922956519523	0.0	318564	2151.68239082	0.75
20251.039310275115	750	17.881340489223522	0.0	352642	2269.5824673	0.75
20253.833585747885	750	19.087065016453323	0.0	437162	2794.27547277	0.75
20256.21824789224	750	20.702402872096304	0.0	374758	2384.66214436	0.75
20258.52934076461	750	22.391309999730655	0.0	362795	2311.09287237	0.75
20260.78545350562	750	24.135197258719884	0.0	353220	2256.11274101	0.75
20266.84456589599	1850	22.07608486835108	0.0	917428	6059.11239037	0.75
20272.940321882626	1850	19.98032888171248	0.0	946851	6095.75598664	1.85
20279.1997502373	1850	17.72090052704013	0.0	1036454	6259.42835467	1.85
20284.610011804234	1850	16.3106389601052	0.0	821631	5410.26156693	1.85
20290.4820507312	1850	14.438600033138712	0.0	923170	5872.03892697	1.85
20296.809794797773	1850	12.110855966564909	0.0	966699	6327.74406657	1.85
20299.359940653496	750	13.560710110844347	0.0	372963	2550.14585572	-0.3500000000000001
20302.000227980436	750	14.920422783904046	0.0	405596	2640.28732694	0.75
20304.282226029663	750	16.638424734675173	0.0	350713	2281.99804923	0.75
20306.791905039565	750	18.128745724775495	0.0	386472	2509.6790099	0.75
20309.386817708084	750	19.533833056255265	0.0	399894	2594.91266852	0.75
20312.009105459558	750	20.911545304781196	0.0	401853	2622.28775147	0.75
20314.267763670985	750	22.65288709335313	0.0	343800	2258.65821143	0.75
20316.61391222012	750	24.306738544218927	0.0	359903	2346.14854913	0.75
20319.075834701936	750	25.844816062402494	0.0	379700	2461.92248182	0.75
20321.83830591208	750	27.082344852261652	0.0	425781	2762.47121014	0.75
20326.819678589156	1850	26.100972175179812	0.0	758197	4981.37267708	0.75
20333.441324693133	1850	23.479326071205662	0.0	972798	6621.64610397	1.85
20339.61146918979	1850	21.309181574547694	0.0	975811	6170.14449666	1.85
20345.440466054166	1850	19.480184710170448	0.0	873429	5828.99686438	1.85
20351.09446405664	1850	17.82618670769837	0.0	954453	5653.99800247	1.85
20352.966825163952	1850	19.953825600384366	0.0	885062	1872.36110731	1.85
20355.14349571683	1850	21.777155047502987	0.0	1035329	2176.67055288	1.85
20357.280608169698	1850	23.640042594638324	0.0	1026056	2137.11245286	1.85
20359.242071112963	1850	25.678579651371102	0.0	943942	1961.46294327	1.85
20363.229821172255	4300	25.690829592080146	0.0	1919781	3987.75005929	1.8499999999999996
20367.741233829758	4300	25.179416934577606	0.0	2147467	4511.4126575	4.3
20372.137387334467	4300	24.78326342987215	0.0	2133870	4396.15350471	4.3
20376.37828042236	4300	24.542370341977712	0.0	2146120	4240.89308789	4.3
20380.47332126228	4300	24.44732950205435	0.0	2108491	4095.04083992	4.3
20384.558335755155	4300	24.362315009179657	0.0	2184571	4085.01449287	4.3
20390.905372554887	4300	22.015278209445526	0.0	2121928	6347.03679973	4.3
20396.075866899107	4300	20.844783865226773	0.0	2219102	5170.49434422	4.3
20400.357207093315	4300	20.563443671020245	0.0	2124950	4281.34019421	4.3
20404.923991840595	4300	19.99665892374074	0.0	2246506	4566.78474728	4.3
20410.99991796722	4300	17.920732797114315	0.0	1961140	6075.92612663	4.3
20416.08817973021	4300	16.832471034124133	0.0	2155012	5088.26176299	4.3

