12246.392303534365	750	4.0	1.6732514478457328	450283	1673.25144785	-6.444981225736651
12247.829970742934	750	6.562332791431325	0.0	398865	1437.66720857	0.75
12249.163087174238	750	9.229216360126435	0.0	350812	1333.1164313	0.75
12250.371093637767	750	12.021209896599196	0.0	382355	1208.00646353	0.75
12253.309407981364	1850	13.08289555300137	0.0	996749	2938.3143436	0.75
12260.979117063778	1850	9.413186470587796	0.0	801058	7669.70908241	1.85
12264.433931335598	750	9.958372198767623	0.0	352642	3454.81427182	-0.3500000000000001
12264.982894929295	750	13.409408605070004	0.0	437162	548.963593698	0.75
12266.071839441709	1850	16.320464092655424	0.0	852833	1088.94451241	0.75
12267.16166785728	1850	19.230635677083782	0.0	913888	1089.82841557	1.85
12268.654280156694	1850	21.738023377670295	0.0	939819	1492.61229941	1.85
12269.601363150374	1850	24.79094038399081	0.0	917428	947.082993679	1.85
12272.18730459089	4300	26.20499894347302	0.0	2209463	2585.94144052	1.8499999999999996
12274.798143514274	4300	27.59416002008935	0.0	2275376	2610.83892338	4.3
12275.882402759358	4300	30.509900775004017	0.0	2005399	1084.25924509	4.3
12277.017502403387	4300	33.3748011309738	0.0	2152483	1135.09964403	4.3
12278.257562001067	4300	36.1347415332962	0.0	2289689	1240.05959768	4.3
12279.425261508768	4300	38.96704202559479	0.0	2059512	1167.6995077	4.3
12280.658074642908	4300	41.73422889145476	0.0	2220726	1232.81313414	4.3
12281.747042280696	4300	44.64526125366615	0.0	2156729	1088.96763779	4.3
12282.872740415072	4300	47.519563119290375	0.0	2039773	1125.69813438	4.3
12284.542787440245	4300	49.84951609411846	0.0	2176469	1670.04702517	4.3
12293.657913525829	4300	44.73439000853429	0.0	2221506	9115.12608558	4.3
12312.096394566486	4300	30.295908967878052	0.0	2044075	18438.4810407	4.3
12330.674555112597	4300	15.717748421767617	0.0	2186790	18578.1605461	4.3
12333.431222333566	1850	16.961081200799565	0.0	905935	2756.66722097	-0.6000000000000001
12338.142636665249	1850	16.249666869115007	0.0	1076599	4711.41433168	1.85
12356.985685635855	1850	4.0	2.593382101490286	758197	18843.0489706	-9.30154303640823
12357.406712735637	300	7.5789729002178525	0.0	153605	421.027099782	-1.25
12358.365133367013	750	10.620552268842555	0.0	400508	958.420631375	0.3
12360.75729294005	1850	12.22839269580556	0.0	873429	2392.15957304	0.75
12363.135930127997	1850	13.849755507859657	0.0	954453	2378.63718795	1.85
12365.728757648134	1850	15.256927987722076	0.0	885062	2592.82752014	1.85
12369.76991133797	1850	15.215774297886394	0.0	1035329	4041.15368984	1.85
12374.866898658023	1850	14.118786977832436	0.0	1026056	5096.98732005	1.85
12383.311090861143	1850	9.674594774713583	0.0	943942	8444.19220312	1.85
12386.421440641167	750	10.564244994691137	0.0	321064	3110.34978002	-0.3500000000000001
12407.426210255739	750	4.0	10.440524619881005	361565	21004.7696146	-44.14425586548832
12407.8229691935	300	7.603241062238386	0.0	144254	396.758937762	-0.15000000000000002
12408.843789682443	750	10.582420573293694	0.0	390680	1020.82048894	0.3
12411.4156218406	1850	12.010588415137523	0.0	858450	2571.83215816	0.75
12414.259980764566	1850	13.166229491171746	0.0	1025005	2844.35892397	1.85
12416.713828229706	1850	14.712382026033657	0.0	886255	2453.84746514	1.85
12427.276254081768	1850	8.149956173972075	0.0	973972	10562.4258521	1.85
12428.849178430544	750	10.577031825194277	0.0	398987	1572.92434878	-0.3500000000000001
12430.31983942071	750	13.106370835027915	0.0	393804	1470.66099017	0.75
12432.676809336788	1850	14.749400918948508	0.0	830730	2356.96991608	0.75
12435.215446856548	1850	16.21076339918983	0.0	846370	2538.63751976	1.85

