761.2052805518684	750	4.0	8.16054581235698	450283	8160.54581236	-34.340346993135014
763.686807013498	300	5.518473538370578	0.0	155580	2481.52646163	-0.15000000000000002
767.3680116919733	300	5.83726885989518	0.0	139857	3681.20467848	0.3
768.8501795466198	300	8.355101005248773	0.0	155432	1482.16785465	0.3
770.4691330678386	300	10.736147484029962	0.0	163442	1618.95352122	0.3
771.2499864158227	300	13.955294136045785	0.0	126289	780.853347984	0.3
773.4729275637112	750	15.732352988157306	0.0	352642	2222.94114789	0.3
776.106831127843	750	17.09844942402545	0.0	437162	2633.90356413	0.75
778.6834988681429	750	18.521781683725546	0.0	374758	2576.6677403	0.75
781.0360856000278	750	20.169194951840673	0.0	362795	2352.58673188	0.75
783.5412700685173	750	21.664010483351237	0.0	353220	2505.18446849	0.75
785.8730286321378	750	23.33225191973068	0.0	405134	2331.75856362	0.75
792.0392565799851	1850	21.16602397188334	0.0	946851	6166.22794785	0.75
798.8776780991391	1850	18.327602452729412	0.0	1036454	6838.42151915	1.85
804.1501335071624	1850	17.05514704470614	0.0	821631	5272.45540802	1.85
811.6527459359152	1850	13.552534615953398	0.0	923170	7502.61242875	1.85
817.3196916928706	1850	11.88558885899797	0.0	966699	5666.94575696	1.85
823.0804800658076	1850	10.124800486060911	0.0	885714	5760.78837294	1.85
826.3356128537769	750	10.869667698091563	0.0	405596	3255.13278797	-0.3500000000000001
829.1514647364692	750	12.053815815399256	0.0	350713	2815.85188269	0.75
833.0298596517922	750	12.175420900076277	0.0	386472	3878.39491532	0.75
837.6021708297371	750	11.603109722131398	0.0	399894	4572.31117794	0.75
842.7049011763137	750	10.500379375554894	0.0	401853	5102.73034658	0.75
845.6820550618485	750	11.523225490020016	0.0	343800	2977.15388553	0.75
850.6837568753881	750	10.521523676480365	0.0	359903	5001.70181354	0.75
858.1576935210207	750	7.047587030847808	0.0	379700	7473.93664563	0.75
863.0839550744397	300	6.121325477428725	0.0	181901	4926.26155342	-0.15000000000000002
865.6996948059685	300	7.505585745899945	0.0	111155	2615.73973153	0.3
866.9389884783144	300	10.266292073554142	0.0	153605	1239.29367235	0.3
868.1922317989919	300	13.013048752876575	0.0	149029	1253.24332068	0.3
874.557184367369	750	10.64809618449944	0.0	358218	6364.95256838	0.3
877.5366452081714	300	11.668635343697046	0.0	157488	2979.4608408	-0.15000000000000002
879.599986971357	300	13.605293580511521	0.0	143881	2063.34176319	0.3
881.5660480005403	300	15.639232551328279	0.0	163444	1966.06102918	0.3
885.0746947285371	750	16.130585823331398	0.0	401088	3508.646728	0.3
887.8837724457173	750	17.321508106151146	0.0	365161	2809.07771718	0.75
890.3262739216916	750	18.879006630176914	0.0	321064	2442.50147597	0.75
893.036950218799	750	20.168330333069388	0.0	361565	2710.67629711	0.75
895.4322808522065	750	21.772999699661963	0.0	378327	2395.33063341	0.75
898.0090391317872	750	23.196241420081314	0.0	390680	2576.75827958	0.75
900.5249205469229	750	24.680360004945662	0.0	345516	2515.88141514	0.75
907.5198903656459	1850	21.68539018622266	0.0	1025005	6994.96981872	0.75
912.731779381536	1850	20.473501170332533	0.0	886255	5211.88901589	1.85
918.184947718561	1850	19.0203328333074	0.0	973972	5453.16833703	1.85
925.7652755715607	1850	15.440004980307684	0.0	958994	7580.327853	1.85
928.6917324032688	750	16.513548148599575	0.0	393804	2926.45683171	-0.3500000000000001
930.8235134447996	750	18.381767107068757	0.0	331053	2131.78104153	0.75
932.8263337504616	750	20.378946801406766	0.0	314107	2002.82030566	0.75

