6487.5366326298445	750	4.0	13.9675286502936	450283	13967.5286503	-59.310373196262475
6489.694320970373	300	5.842311659471188	0.0	155580	2157.68834053	-0.15000000000000002
6491.726191657911	300	7.810440971933506	0.0	139857	2031.87068754	0.3
6494.004509297469	300	9.532123332376248	0.0	155432	2278.31763956	0.3
6497.133911281309	300	10.402721348535419	0.0	163442	3129.40198384	0.3
6499.611223735389	300	11.925408894455009	0.0	126289	2477.31245408	0.3
6502.776856355998	300	12.759776273846215	0.0	153295	3165.63262061	0.3
6506.502281781502	300	13.03435084834243	0.0	173849	3725.4254255	0.3
6509.935962347562	300	13.600670282280738	0.0	150710	3433.68056606	0.3
6513.644237883144	300	13.892394746698963	0.0	139105	3708.27553558	0.3
6517.025323767216	300	14.511308862627002	0.0	141840	3381.08588407	0.3
6521.9756071862275	300	13.561025443616279	0.0	156148	4950.28341901	0.3
6530.830727092102	300	8.705905537741327	0.0	160746	8855.11990587	0.3
6536.947265120671	300	6.589367509172952	0.0	179801	6116.53802857	0.3
6541.766094399396	300	5.770538230446851	0.0	140051	4818.82927873	0.3
6546.530891150468	300	5.005741479375176	0.0	138313	4764.79675107	0.3
6551.576712043643	300	4.0	0.040079413799927355	143509	5045.82089318	0.12765852066031236
6557.280431175387	300	4.0	1.7037191317442875	150616	5703.71913174	-7.025992266500436
6563.502624227585	300	4.0	2.2221930521982602	165384	6222.1930522	-9.255430124452518
6569.027832300999	300	4.0	1.525208073414392	140881	5525.20807341	-6.258394715681885
6577.519666977815	300	4.0	4.491834676816064	157671	8491.83467682	-19.014889110309074
6585.93548071837	300	4.0	4.415813740553838	157812	8415.81374055	-18.687999084381502
6593.305186126656	300	4.0	3.3697054082864235	163927	7369.70540829	-14.18973325563162
6599.611248543334	300	4.0	2.306062416678582	137654	6306.06241668	-9.616068391717903
6606.388531899315	300	4.0	2.777283355981225	146754	6777.28335598	-11.642318430719266
6614.356668547787	300	4.0	3.9681366484713836	153938	7968.13664847	-16.76298758842695
6623.48780327255	300	4.0	5.13113472476362	181901	9131.13472476	-21.763879316483564
6628.893771540272	300	4.0	1.405968267722501	111155	5405.96826772	-5.7456635512067535
6636.207762806399	300	4.0	3.3139912661266306	153605	7313.99126613	-13.95016244434451
6643.502410630813	300	4.0	3.2946478244138433	149029	7294.64782441	-13.866985644979525
6651.062482572238	300	4.0	3.560071941424667	157421	7560.07194142	-15.008309348126065
6662.4081923639005	300	4.0	7.345709791662321	157488	11345.7097917	-31.286552104147976
6671.86515468305	300	4.0	5.456962319149651	143881	9456.96231915	-23.164937972343495
6678.280637903291	300	4.0	2.4154832202409726	163444	6415.48322024	-10.086577847036182
6684.853282265457	300	4.0	2.5726443621664785	179328	6572.64436217	-10.762370757315857
6687.806428689668	300	5.046853575789062	0.0	159914	2953.14642421	0.3
6689.411560158526	300	7.441722106930205	0.0	131610	1605.13146886	0.3
6690.928632406719	300	9.924649858737393	0.0	124011	1517.07224819	0.3
6692.734903821577	300	12.118378443879172	0.0	144254	1806.27141486	0.3
6694.648817113844	300	14.20446515161166	0.0	149991	1913.91329227	0.3
6696.537995544752	300	16.315286720704208	0.0	147968	1889.17843091	0.3
6701.631655307665	750	15.221626957791765	0.0	384505	5093.65976291	0.3
6706.258569575481	750	14.594712689975879	0.0	372093	4626.91426782	0.75
6711.9015142437565	750	12.951768021699625	0.0	438281	5642.94466828	0.75
6716.471520750003	750	12.381761515452842	0.0	398987	4570.00650625	0.75
6721.706239979418	750	11.147042286037708	0.0	393804	5234.71922942	0.75
6725.870751608586	750	10.982530656870061	0.0	331053	4164.51162917	0.75
6727.393602781242	300	13.45967948421309	0.0	118421	1522.85117266	-0.15000000000000002

