17530.87762652711	750	4.0	3.367578657227413	450283	3367.57865723	-13.730588226077876
17532.403439262733	300	6.474187264380655	0.0	155580	1525.81273562	-0.15000000000000002
17533.72644247094	300	9.151184056173694	0.0	139857	1323.00320821	0.3
17535.168188649823	300	11.709437877288433	0.0	155432	1441.74617889	0.3
17536.61603277066	300	14.26159375645088	0.0	163442	1447.84412084	0.3
17539.085710960255	750	15.791915566857153	0.0	318564	2469.67818959	0.3
17543.00045947749	750	15.877167049619283	0.0	352642	3914.74851724	0.75
17546.669217815775	750	16.208408711334634	0.0	437162	3668.75833828	0.75
17557.65599196799	750	9.221634559118057	0.0	374758	10986.7741522	0.75
17560.533240063232	300	10.344386463877926	0.0	139105	2877.24809524	-0.15000000000000002
17561.632734920502	300	13.24489160660906	0.0	141840	1099.49485727	0.3
17564.167675758086	750	14.709950769026264	0.0	405134	2534.94083758	0.3
17566.837195805383	750	16.040430721732104	0.0	386351	2669.52004729	0.75
17569.46143668809	750	17.41618983902806	0.0	434409	2624.2408827	0.75
17571.5944805801	750	19.2831459470115	0.0	337059	2133.04389202	0.75
17574.08859565936	750	20.78903086775372	0.0	366214	2494.11507926	0.75
17576.18100022118	750	22.696626305934974	0.0	360831	2092.40456182	0.75
17578.6260493754	750	24.251577151712308	0.0	372963	2445.04915422	0.75
17581.140102811456	750	25.73752371565661	0.0	405596	2514.05343606	0.75
17586.804208278252	1850	24.073418248858946	0.0	923755	5664.1054668	0.75
17592.296483949936	1850	22.58114257717613	0.0	891604	5492.27567168	1.85
17598.602428601935	1850	20.275197925177505	0.0	955231	6305.944652	1.85
17605.267370291953	1850	17.610256235160378	0.0	968026	6664.94169002	1.85
17612.284742079184	1850	14.592884447927938	0.0	874175	7017.37178723	1.85
17625.752449549615	1850	5.125176977496174	0.0	897976	13467.7074704	1.85
17628.9023382401	300	5.975288287013297	0.0	153938	3149.88869048	-1.25
17630.419425919805	300	8.45820060730687	0.0	181901	1517.08767971	0.3
17631.770544257914	300	11.107082269198516	0.0	111155	1351.11833811	0.3
17633.935983216605	300	12.941643310504055	0.0	153605	2165.43895869	0.3
17636.208717354475	300	14.668909172635106	0.0	149029	2272.73413787	0.3
17648.24907304151	750	6.6285534856027155	0.0	358218	12040.355687	0.3
17652.4141131852	300	6.463513341912112	0.0	157488	4165.04014369	-0.15000000000000002
17655.627228903693	300	7.250397623420848	0.0	143881	3213.11571849	0.3
17657.915391392446	300	8.962235134665557	0.0	163444	2288.16248876	0.3
17661.34806451865	300	9.529562008462664	0.0	179328	3432.6731262	0.3
17663.270665669752	300	11.60696085736293	0.0	159914	1922.6011511	0.3
17666.803512700186	300	12.074113826927473	0.0	131610	3532.84703044	0.3
17669.37297257295	300	13.504653954165441	0.0	124011	2569.45987276	0.3
17671.561366085934	300	15.316260441178562	0.0	144254	2188.39351299	0.3
17673.805870459077	300	17.071756068036333	0.0	149991	2244.50437314	0.3
17677.788012939207	750	17.089613587904495	0.0	345516	3982.14248013	0.3
17681.81103906148	750	17.06658746563096	0.0	384505	4023.02612227	0.75
17685.749219083158	750	17.128407443955613	0.0	372093	3938.18002168	0.75
17690.49287459362	750	16.384751933493046	0.0	438281	4743.65551046	0.75
17694.729793734547	750	16.147832792565758	0.0	398987	4236.91914093	0.75
17698.547269466544	750	16.33035706056749	0.0	393804	3817.475732	0.75
17701.98402989676	750	16.893596630351713	0.0	331053	3436.76043022	0.75
17705.2828078365	750	17.59481869061312	0.0	314107	3298.77793974	0.75

