4469.964359742983	750	4.0	0.5182129714671516	450283	518.212971467	-1.4783157773087519
4471.087814585616	1850	6.8765451573671745	0.0	957685	1123.45484263	0.75
4472.115251255965	1850	9.849108487018432	0.0	877771	1027.43667035	1.85
4473.382210639608	1850	12.582149103375123	0.0	933276	1266.95938364	1.85
4474.92675685953	1850	15.037602883453296	0.0	996749	1544.54621992	1.85
4475.761821956793	1850	18.202537786190327	0.0	801058	835.065097263	1.85
4478.020349793019	4300	19.94400994996423	0.0	2157535	2258.52783623	1.8499999999999996
4480.820648462597	4300	21.143711280385606	0.0	2290172	2800.29866958	4.3
4483.244594062764	4300	22.7197656802185	0.0	2055469	2423.94560017	4.3
4485.69940731011	4300	24.26495243287339	0.0	2169201	2454.81324735	4.3
4488.566129757342	4300	25.398229985640278	0.0	2173522	2866.72244723	4.3
4507.452229030143	4300	10.512130712840447	0.0	2102452	18886.0992728	4.3
4510.040274111315	1850	11.92408563166819	0.0	946851	2588.04508117	-0.6000000000000001
4511.072035019612	1850	14.892324723370766	0.0	1036454	1031.7609083	1.85
4512.021602611739	1850	17.942757131244512	0.0	821631	949.567592126	1.85
4514.3905466845	4300	19.57381305848265	0.0	2152483	2368.94407276	1.8499999999999996
4517.094703984005	4300	20.86965575897811	0.0	2289689	2704.1572995	4.3
4519.882041970395	4300	22.08231777258692	0.0	2059512	2787.33798639	4.3
4526.1576632172555	4300	19.80669652572637	0.0	2220726	6275.62124686	4.3
4533.946137765041	4300	16.018221977940545	0.0	2156729	7788.47454779	4.3
4542.778123106513	4300	11.186236636469072	0.0	2039773	8831.98534147	4.3
4545.382621699667	1850	12.581738043315475	0.0	955231	2604.49859315	-0.6000000000000001
4548.151791796486	1850	13.812567946495966	0.0	968026	2769.17009682	1.85
4550.850365412832	1850	15.113994330150202	0.0	874175	2698.57361635	1.85
4555.147799010361	1850	14.816560732619902	0.0	897976	4297.43359753	1.85
4560.382705646179	1850	13.581654096803016	0.0	905935	5234.90663582	1.85
4573.342001588526	1850	4.62235815445592	0.0	1076599	12959.2959423	1.85
4574.109766075365	750	7.854593667616467	0.0	277716	767.764486839	-0.3500000000000001
4575.167911048943	750	10.79644869403857	0.0	400396	1058.14497358	0.75
4576.181867158807	750	13.78249258417496	0.0	400508	1013.95610986	0.75
4578.650933754746	1850	15.313425988236201	0.0	873429	2469.06659594	0.75
4595.166476511527	1850	4.0	1.2021167685455567	954453	16515.5427568	-3.3191021047458933
4596.699618950174	300	6.466857561353878	0.0	143881	1533.14243865	-1.25
4599.319353558976	300	7.847122952552183	0.0	163444	2619.7346088	0.3
4601.333927130923	300	9.832549380604917	0.0	179328	2014.57357195	0.3
4601.557523229296	300	13.608953282233587	0.0	159914	223.596098371	0.3
4602.292100683809	1850	16.874375827720787	0.0	728962	734.577454513	0.30000000000000004
4603.773819460626	1850	19.39265705090219	0.0	938587	1481.71877682	1.85
4605.231397416703	1850	21.93507909482621	0.0	908665	1457.57795608	1.85
4606.537639760243	1850	24.628836751285743	0.0	930577	1306.24234354	1.85
4607.457606634257	1850	27.708869877270896	0.0	858450	919.966874015	1.85
4609.919632257888	4300	29.246844253640038	0.0	2184571	2462.02562363	1.8499999999999996
4612.602697414239	4300	30.563779097289103	0.0	2121928	2683.06515635	4.3
4615.573852403079	4300	31.592624108448625	0.0	2219102	2971.15498884	4.3
4618.806576389573	4300	32.35990012195529	0.0	2124950	3232.72398649	4.3
4621.240527988952	4300	33.92594852257592	0.0	2246506	2433.95159938	4.3
4624.294338520183	4300	34.87213799134434	0.0	1961140	3053.81053123	4.3
4626.814034915565	4300	36.35244159596282	0.0	2155012	2519.69639538	4.3

