25021.9982173729	750	4.0	2.710453720508167	450283	2710.45372051	-10.904950998185118
25022.880957191457	300	7.117260181443911	0.0	155580	882.739818556	-0.15000000000000002
25023.66511725174	300	10.333100121159159	0.0	139857	784.160060285	0.3
25025.584533804056	750	12.413683568847341	0.0	382355	1919.41655231	0.3
25027.883276487937	750	14.1149408849672	0.0	411561	2298.74268388	0.75
25028.99127497473	750	17.006942398171013	0.0	318564	1107.9984868	0.75
25029.48637377849	750	20.511843594410145	0.0	352642	495.098803761	0.75
25030.577004794748	1850	23.421212578155714	0.0	1060487	1090.63101625	0.75
25032.870912741848	4300	25.127304631054496	0.0	2055469	2293.9079471	1.8499999999999996
25035.638072044323	4300	26.360145328576458	0.0	2169201	2767.15930248	4.3
25037.81216434165	4300	28.1860530312517	0.0	2173522	2174.09229732	4.3
25041.913897853476	4300	28.084319519424447	0.0	2102452	4101.73351183	4.3
25047.87080048313	4300	26.127416889770416	0.0	2209463	5956.90262965	4.3
25054.256974527078	4300	23.741242845823443	0.0	2275376	6386.17404395	4.3
25058.865533687233	4300	23.13268368566496	0.0	2005399	4608.55916016	4.3
25070.735960339916	4300	15.262257032985167	0.0	2152483	11870.4266527	4.3
25071.38523468662	1850	18.61298268627924	0.0	966699	649.274346706	-0.6000000000000001
25072.46278608515	4300	21.53543128774951	0.0	2059512	1077.55139853	1.8499999999999996
25074.064486680894	4300	23.933730692006684	0.0	2220726	1601.70059574	4.3
25075.633202092737	4300	26.365015280164247	0.0	2156729	1568.71541184	4.3
25077.15427342683	4300	28.843943946072077	0.0	2039773	1521.07133409	4.3
25078.509240119307	4300	31.488977253593628	0.0	2176469	1354.96669248	4.3
25079.613885094044	4300	34.384332278859176	0.0	2221506	1104.64497473	4.3
25090.290500743693	4300	27.70771662920572	0.0	2044075	10676.6156497	4.3
25091.356872018412	4300	30.641345354487445	0.0	2186790	1066.37127472	4.3
25092.333234696773	4300	33.66498267612606	0.0	2105231	976.362678361	4.3
25093.438887931432	4300	36.559329441465785	0.0	2395588	1105.65323466	4.3
25094.965786490033	4300	39.032430882865434	0.0	1972048	1526.8985586	4.3
25096.396180401433	4300	41.602036971468074	0.0	2134614	1430.3939114	4.3
25097.81079851652	4300	44.18741885638174	0.0	2164140	1414.61811509	4.3
25099.365552845786	4300	46.63266452711334	0.0	2113193	1554.75432927	4.3
25100.829759414115	4300	49.168457958786924	0.0	2147852	1464.20656833	4.3
25121.15841968101	4300	32.839797691889665	0.0	2191074	20328.6602669	4.3
25122.531799664597	4300	35.46641770830499	0.0	2286761	1373.37998358	4.3
25123.9615048783	4300	38.0367124946033	0.0	2307787	1429.7052137	4.3
25125.460509403656	4300	40.53770796924675	0.0	2143948	1499.00452536	4.3
25126.66975415883	4300	43.32846321407389	0.0	1919781	1209.24475517	4.3
25127.830402723263	4300	46.16781464963856	0.0	2147467	1160.64856444	4.3
25129.12175588812	4300	48.87646148477981	0.0	2133870	1291.35316486	4.3
25130.678793916344	4300	51.319423456558646	0.0	2146120	1557.03802822	4.3
25132.44404024814	4300	53.554177124763505	0.0	2108491	1765.2463318	4.3
25138.61920793404	4300	51.37900943886257	0.0	2184571	6175.1676859	4.3
25152.32659672159	4300	41.67162065131172	0.0	2121928	13707.3887876	4.3
25153.968234310436	4300	44.029983062465114	0.0	2219102	1641.63758885	4.3
25155.04534124563	4300	46.952876127273335	0.0	2124950	1077.10693519	4.3
25156.170073276942	4300	49.828144095961115	0.0	2246506	1124.73203131	4.3
25157.349707939265	4300	52.64850943363312	0.0	1961140	1179.63466233	4.3
25158.70950956274	4300	55.28870781015768	0.0	2155012	1359.80162348	4.3

