11154.55568715154	750	4.0	1.1067687352116597	450283	1106.76873521	-4.009105561410137
11155.898814712626	750	6.6568724389153635	0.0	398865	1343.12756108	0.75
11157.073820538002	750	9.481866613537765	0.0	350812	1175.00582538	0.75
11158.229773000445	750	12.32591415109581	0.0	382355	1155.95246244	0.75
11159.26243728927	750	15.293249862271734	0.0	411561	1032.66428882	0.75
11161.207667630339	1850	17.348019521201493	0.0	801058	1945.23034107	0.75
11163.818402185632	1850	18.73728496590816	0.0	905515	2610.73455529	1.85
11166.926040091485	1850	19.629647060056023	0.0	1060487	3107.63790585	1.85
11169.192343330096	1850	21.3633438214437	0.0	852833	2266.30323861	1.85
11171.542839141259	1850	23.01284801028076	0.0	913888	2350.49581116	1.85
11178.505051900724	1850	20.050635250815734	0.0	939819	6962.21275947	1.85
11193.887081826158	1850	8.668605325382346	0.0	917428	15382.0299254	1.85
11194.077466766737	300	12.478220384803713	0.0	160746	190.384940579	-1.25
11194.801363947528	1850	15.754323204012117	0.0	1036454	723.897180792	0.30000000000000004
11195.890424910254	4300	18.66526224128619	0.0	2005399	1089.06096273	1.8499999999999996
11196.894414086622	4300	21.661273064917857	0.0	2152483	1003.98917637	4.3
11198.01648839164	4300	24.539198759900668	0.0	2289689	1122.07430502	4.3
11199.329877792265	4300	27.2258093592757	0.0	2059512	1313.38940062	4.3
11200.794724962752	4300	29.760962188788938	0.0	2220726	1464.84717049	4.3
11201.933536225675	4300	32.62215092586725	0.0	2156729	1138.81126292	4.3
11203.29889399948	4300	35.2567931520617	0.0	2039773	1365.35777381	4.3
11204.649615750457	4300	37.90607140108572	0.0	2176469	1350.72175098	4.3
11207.463851399469	4300	39.0918357520728	0.0	2221506	2814.23564901	4.3
11209.670250941645	4300	40.88543620989649	0.0	2044075	2206.39954218	4.3
11212.392875622103	4300	42.16281152943947	0.0	2186790	2722.62468046	4.3
11234.540555432979	4300	24.01513171856289	0.0	2105231	22147.6798109	4.3
11235.896489550785	1850	26.659197600755654	0.0	1076599	1355.93411781	-0.6000000000000001
11237.785094787208	4300	28.770592364332767	0.0	1972048	1888.60523642	1.8499999999999996
11240.866694714668	4300	29.688992436871192	0.0	2134614	3081.59992746	4.3
11243.660312214068	4300	30.895374937473854	0.0	2164140	2793.6174994	4.3
11261.157524462607	4300	17.398162688933716	0.0	2113193	17497.2122485	4.3
11265.085311661744	1850	17.470375489795384	0.0	954453	3927.78719914	-0.6000000000000001
11265.74473743211	1850	20.810949719429956	0.0	885062	659.425770365	1.85
11267.111805925028	4300	23.443881226511113	0.0	2286761	1367.06849292	1.8499999999999996
11268.727185891777	4300	25.82850125976137	0.0	2307787	1615.37996675	4.3
11270.073196749996	4300	28.482490401542695	0.0	2143948	1346.01085822	4.3
11271.419530348096	4300	31.136156803443598	0.0	1919781	1346.3335981	4.3
11272.900506781069	4300	33.655180370471065	0.0	2147467	1480.97643297	4.3
11274.197201620247	4300	36.35848553129083	0.0	2133870	1296.69483918	4.3
11275.266350937722	4300	39.289336213816	0.0	2146120	1069.14931747	4.3
11289.05053515915	4300	29.50515199238997	0.0	2108491	13784.1842214	4.3
11295.363130831542	4300	27.192556319997433	0.0	2184571	6312.59567239	4.3
11298.158113104158	4300	28.3975740473792	0.0	2121928	2794.98227262	4.3
11300.378045314555	4300	30.177641836982414	0.0	2219102	2219.9322104	4.3
11302.541608466167	4300	32.01407868537145	0.0	2124950	2163.56315161	4.3
11304.900803723434	4300	33.654883428105215	0.0	2246506	2359.19525727	4.3
11318.217255137959	4300	24.338432013579702	0.0	1961140	13316.4514145	4.3
11328.24041135179	4300	18.315275799751035	0.0	2155012	10023.1562138	4.3

