27602.372503973882	750	4.0	2.9234578721481816	450283	2923.45787215	-11.820868850237181
27603.01479898179	300	7.357704992093969	0.0	155580	642.295007906	-0.15000000000000002
27605.79060399647	750	8.581899977411338	0.0	350812	2775.80501468	0.3
27610.17560407691	750	8.196899896970061	0.0	382355	4385.00008044	0.75
27611.663176503076	300	10.709327470802352	0.0	163442	1487.57242617	-0.15000000000000002
27612.821410369223	300	13.551093604658712	0.0	126289	1158.23386614	0.3
27616.128188281386	750	14.244315692494098	0.0	352642	3306.77791216	0.3
27619.774340826072	750	14.598163147807636	0.0	437162	3646.15254469	0.75
27624.340562722227	750	14.031941251649563	0.0	374758	4566.22189616	0.75
27627.96499768068	750	14.407506293200807	0.0	362795	3624.43495845	0.75
27631.267685551276	750	15.10481842260689	0.0	353220	3302.68787059	0.75
27634.365629030686	750	16.006874943194582	0.0	405134	3097.94347941	0.75
27637.439366580737	750	16.933137393146374	0.0	386351	3073.73755005	0.75
27641.470179686083	750	16.902324287798503	0.0	434409	4030.81310535	0.75
27645.590467673755	750	16.782036300126016	0.0	337059	4120.28798767	0.75
27649.748797554497	750	16.623706419383772	0.0	366214	4158.32988074	0.75
27651.897641479063	750	18.474862494815955	0.0	360831	2148.84392457	0.75
27654.264681877445	750	20.10782209643438	0.0	372963	2367.04039838	0.75
27656.858355915196	750	21.514148058685073	0.0	405596	2593.67403775	0.75
27658.96065993489	750	23.41184403898707	0.0	350713	2102.3040197	0.75
27664.365860935606	1850	22.006643038275783	0.0	891604	5405.20100071	0.75
27670.140277934668	1850	20.232226039214627	0.0	955231	5774.41699906	1.85
27675.43210024108	1850	18.940403732802473	0.0	968026	5291.82230641	1.85
27679.828249238588	1850	18.544254735296274	0.0	874175	4396.14899751	1.85
27684.596325091894	1850	17.776178881989846	0.0	897976	4768.07585331	1.85
27689.61164520246	1850	16.760858771421525	0.0	905935	5015.32011057	1.85
27696.76849977171	1850	13.604004202173714	0.0	1076599	7156.85456925	1.85
27701.447373493364	1850	12.925130480522817	0.0	758197	4678.87372165	1.85
27708.06266446448	1850	10.30983950940231	0.0	972798	6615.29097112	1.85
27711.4009798468	750	10.971524127086642	0.0	400508	3338.31538232	-0.3500000000000001
27714.450285295192	750	11.922218678693287	0.0	358218	3049.30544839	0.75
27716.729877062786	750	13.642626911097734	0.0	400322	2279.5917676	0.75
27719.019601614607	750	15.352902359278405	0.0	369834	2289.72455182	0.75
27721.96748595477	750	16.40501801911578	0.0	412837	2947.88434016	0.75
27725.14645311572	750	17.226050858162914	0.0	401088	3178.96716095	0.75
27727.951033695223	750	18.421470278662458	0.0	365161	2804.5805795	0.75
27730.7356102075	750	19.636893766386134	0.0	321064	2784.57651228	0.75
27733.760223960177	750	20.61228001370898	0.0	361565	3024.61375268	0.75
27736.93529919559	750	21.437204778297353	0.0	378327	3175.07523541	0.75
27740.33414108999	750	22.038362883898735	0.0	390680	3398.8418944	0.75
27744.5150418188	750	21.857462155087074	0.0	345516	4180.90072881	0.75
27746.90698854957	750	23.465515424312624	0.0	384505	2391.94673077	0.75
27750.07450178254	750	24.29800219134371	0.0	372093	3167.51323297	0.75
27752.231673155577	750	26.140830818306714	0.0	438281	2157.17137304	0.75
27757.320710385175	1850	25.05179358870926	0.0	958994	5089.0372296	0.75
27762.105561875705	1850	24.26694209817716	0.0	982064	4784.85149053	1.85
27767.07640522046	1850	23.296098753421134	0.0	830730	4970.84334476	1.85
27772.166428959452	1850	22.20607501442844	0.0	846370	5090.02373899	1.85

