29109.359130379456	750	4.0	1.6659284416132762	450283	1665.92844161	-6.413492298937087
29110.918736529038	750	6.440393850418308	0.0	398865	1559.60614958	0.75
29112.132348059964	750	9.226782319490573	0.0	350812	1213.61153093	0.75
29113.30495222796	750	12.054178151491083	0.0	382355	1172.604168	0.75
29114.640632410647	750	14.718497968805885	0.0	411561	1335.68018269	0.75
29116.904512972953	1850	16.454617406497754	0.0	801058	2263.88056231	0.75
29133.55456205455	1850	4.0	0.19543167509640624	905515	16650.0490816	1.0096437970854533
29137.35727946098	300	4.1972825935695	0.0	173849	3802.71740643	-1.25
29137.573292411584	300	7.981269642963427	0.0	150710	216.012950606	0.3
29138.478059204786	1850	11.076502849761367	0.0	913888	904.766793202	0.30000000000000004
29139.939711307798	1850	13.614850746750843	0.0	939819	1461.65210301	1.85
29141.335009926017	1850	16.219552128531145	0.0	917428	1395.29861822	1.85
29142.787148176107	1850	18.767413878440237	0.0	946851	1452.13825009	1.85
29144.499161396066	1850	21.055400658478614	0.0	1036454	1712.01321996	1.85
29147.315921467158	4300	22.238640587385852	0.0	2005399	2816.76007109	1.8499999999999996
29149.30608061851	4300	24.248481436036954	0.0	2152483	1990.15915135	4.3
29152.227540746888	4300	25.327021307657745	0.0	2289689	2921.46012838	4.3
29154.85760540219	4300	26.696956652352583	0.0	2059512	2630.06465531	4.3
29157.45856589231	4300	28.095996162235338	0.0	2220726	2600.96049012	4.3
29159.282252145415	4300	30.27230990913196	0.0	2156729	1823.6862531	4.3
29160.44412386229	4300	33.11043819225584	0.0	2039773	1161.87171688	4.3
29162.0211319218	4300	35.53343013274608	0.0	2176469	1577.00805951	4.3
29163.28470772332	4300	38.26985433122391	0.0	2221506	1263.57580152	4.3
29164.458914244395	4300	41.09564781014701	0.0	2044075	1174.20652108	4.3
29165.963916845052	4300	43.59064520948776	0.0	2186790	1505.00260066	4.3
29167.67149044411	4300	45.883071610432026	0.0	2105231	1707.57359906	4.3
29169.34261998327	4300	48.2119420712751	0.0	2395588	1671.12953916	4.3
29170.559411201466	4300	50.9951508530774	0.0	1972048	1216.7912182	4.3
29171.695064102503	4300	53.85949795203925	0.0	2134614	1135.65290104	4.3
29173.191074887713	4300	56.36348716683272	0.0	2164140	1496.01078521	4.3
29174.518309405456	4300	59.03625264908774	0.0	2113193	1327.23451774	4.3
29176.324160336135	4300	59.51588091755941	0.0	2147852	1020.37173153	4.3
29177.59034028993	4300	59.98553054023572	0.0	2191074	1030.350377323689	4.3
29181.241924499056	4300	59.73765322390825	0.0	2286761	3247.8773163274714	4.3
29184.823588761443	4300	59.608674539116656	0.0	2307787	3128.9786847915893	4.3
29186.208229708485	4300	59.85269685439077	0.0	2143948	1255.9776847258863	4.3
29187.35037094635	4300	59.80595786661562	0.0	1919781	1046.7389877751484	4.3
29188.795180309644	4300	59.5912543100173	0.0	2147467	1214.7035565983213	4.3
29200.848851608374	4300	51.537583011287566	0.0	2133870	12053.671298729734	4.3
29206.7946886574	4300	49.591745962260106	0.0	2146120	5945.837049027452	4.3
29217.187420330174	4300	43.19901428948491	0.0	2108491	10392.731672775206	4.3
29219.74854881154	4300	44.637885808117986	0.0	2184571	2561.128481366917	4.3
29222.211980984677	4300	46.17445363497987	0.0	2121928	2463.432173138116	4.3
29225.224608578596	4300	47.161826041060856	0.0	2219102	3012.627593919015	4.3
29229.12189628974	4300	47.26453832991613	0.0	2124950	3897.2877111447333	4.3
29234.740158559038	4300	45.64627606061761	0.0	2246506	5618.26226929852	4.3
29237.738835773915	4300	46.64759884574068	0.0	1961140	2998.6772148769332	4.3
29238.90500955029	4300	49.4814250693661	0.0	2155012	1166.1737763745834	4.3

