8896.185459643406	750	4.0	1.7334856052395988	450283	1733.48560524	-6.703988102530275
8897.813434944985	750	6.3720246984206055	0.0	398865	1627.97530158	0.75
8898.955327377316	750	9.23013226609062	0.0	350812	1141.89243233	0.75
8900.165237849349	750	12.020221794056644	0.0	382355	1209.91047203	0.75
8903.587022723239	1850	12.598436920167389	0.0	996749	3421.78487389	0.75
8906.370007717502	1850	13.815451925904247	0.0	801058	2782.98499426	1.85
8909.266406217952	1850	14.919053425455143	0.0	905515	2896.39850045	1.85
8912.440771604683	1850	15.74468803872252	0.0	1060487	3174.36538673	1.85
8915.30855469535	1850	16.876904948057284	0.0	852833	2867.78309067	1.85
8918.443914177527	1850	17.74154546587937	0.0	913888	3135.35948218	1.85
8920.802748083133	1850	19.38271156027406	0.0	939819	2358.83390561	1.85
8922.456733159832	1850	21.72872648357457	0.0	917428	1653.9850767	1.85
8924.162014953994	1850	24.023444689414394	0.0	946851	1705.28179416	1.85
8926.041416856518	1850	26.144042786890058	0.0	1036454	1879.40190252	1.85
8930.227194241495	4300	25.95826540191184	0.0	2005399	4185.77738498	1.8499999999999996
8935.500541073794	4300	24.68491856961432	0.0	2152483	5273.3468323	4.3
8941.189257951692	4300	22.99620169171563	0.0	2289689	5688.7168779	4.3
8946.931435940241	4300	21.254023703165373	0.0	2059512	5742.17798855	4.3
8953.019306032482	4300	19.16615361092359	0.0	2220726	6087.87009224	4.3
8958.152642895022	4300	18.032816748384086	0.0	2156729	5133.33686254	4.3
8963.026172715572	4300	17.159286927834184	0.0	2039773	4873.52982055	4.3
8968.084093982967	4300	16.101365660439505	0.0	2176469	5057.92126739	4.3
8973.05709598048	4300	15.128363662924887	0.0	2221506	4973.00199751	4.3
8979.703905111483	4300	12.481554531923127	0.0	2044075	6646.809131	4.3
8983.112300699655	1850	13.073158943750094	0.0	897976	3408.39558817	-0.6000000000000001
8986.568303040494	1850	13.617156602909217	0.0	905935	3456.00234084	1.85
8990.54584176878	1850	13.639617874622742	0.0	1076599	3977.53872829	1.85
8993.308599765041	1850	14.876859878360818	0.0	758197	2762.75799626	1.85
8996.651537852278	1850	15.533921791124163	0.0	972798	3342.93808724	1.85
8999.784226273678	1850	16.40123336972451	0.0	975811	3132.6884214	1.85
9002.288051644704	1850	17.897407998700203	0.0	873429	2503.82537102	1.85
9004.861573341881	1850	19.323886301521	0.0	954453	2573.52169718	1.85
9007.428127472596	1850	20.75733217080605	0.0	885062	2566.55413071	1.85
9011.43785971844	1850	20.74759992496224	0.0	1035329	4009.73224584	1.85
9015.320615840325	1850	20.86484380307683	0.0	1026056	3882.75612189	1.85
9019.418886585812	1850	20.766573057589355	0.0	943942	4098.27074549	1.85
9022.746183234258	1850	21.439276409144956	0.0	728962	3327.29664844	1.85
9027.282858369914	1850	20.902601273489005	0.0	938587	4536.67513566	1.85
9031.992362038161	1850	20.193097605239632	0.0	908665	4709.50366825	1.85
9035.798678029854	1850	20.386781613547203	0.0	930577	3806.31599169	1.85
9039.07165055672	1850	21.113809086681904	0.0	858450	3272.97252687	1.85
9042.147685043958	1850	22.037774599444127	0.0	1025005	3076.03448724	1.85
9043.914102280914	1850	24.27135736248646	0.0	886255	1766.41723696	1.85
9045.920544744517	1850	26.264914898885355	0.0	973972	2006.4424636	1.85
9048.024383060718	1850	28.1610765826832	0.0	958994	2103.8383162	1.85
9050.398483535462	1850	29.786976107938653	0.0	982064	2374.10047474	1.85
9055.201387905301	4300	28.98407173809961	0.0	1961140	4802.90436984	1.8499999999999996
9060.314945804997	4300	27.870513838402058	0.0	2155012	5113.5578997	4.3

