8038.818547071573	750	4.0	1.5985580257698189	450283	1598.55802577	-6.123799510810221
8040.245749769928	750	6.572797301645458	0.0	398865	1427.20269835	0.75
8041.480881356659	750	9.337665714914555	0.0	350812	1235.13158673	0.75
8042.70716089702	750	12.111386174553184	0.0	382355	1226.27954036	0.75
8044.178923759638	750	14.639623311936054	0.0	411561	1471.76286262	0.75
8046.932707419674	1850	15.885839651898808	0.0	801058	2753.78366004	0.75
8050.123446539152	1850	16.695100532422053	0.0	905515	3190.73911948	1.85
8053.717183656522	1850	17.101363415051313	0.0	1060487	3593.73711737	1.85
8056.599414200369	1850	18.219132871204188	0.0	852833	2882.23054385	1.85
8059.381068827896	1850	19.437478243676857	0.0	913888	2781.65462753	1.85
8062.395135212258	1850	20.423411859315625	0.0	939819	3014.06638436	1.85
8065.034467300315	1850	21.784079771258934	0.0	917428	2639.33208806	1.85
8067.870906058251	1850	22.94764101332169	0.0	946851	2836.43875794	1.85
8071.046617885026	1850	23.77192918654848	0.0	1036454	3175.71182677	1.85
8073.545690843859	1850	25.272856227715256	0.0	821631	2499.07295883	1.85
8076.304793907451	1850	26.51375316412303	0.0	923170	2759.10306359	1.85
8079.476542467805	1850	27.342004603768686	0.0	966699	3171.74856035	1.85
8082.537524996719	1850	28.281022074855304	0.0	885714	3060.98252891	1.85
8085.688277349458	1850	29.130269722116942	0.0	987708	3150.75235274	1.85
8088.795535486081	1850	30.023011585494455	0.0	923755	3107.25813662	1.85
8091.956099993986	1850	30.862447077589255	0.0	891604	3160.56450791	1.85
8096.01905098803	1850	30.799496083544618	0.0	955231	4062.95099404	1.85
8099.5536109893055	1850	31.264936082269642	0.0	968026	3534.56000127	1.85
8102.927759828972	1850	31.89078724260275	0.0	874175	3374.14883967	1.85
8107.806334775114	1850	31.012212296460035	0.0	897976	4878.57494614	1.85
8112.924391632642	1850	29.894155438931776	0.0	905935	5118.05685753	1.85
8118.004449690928	1850	28.814097380646846	0.0	1076599	5080.05805828	1.85
8122.275636920594	1850	28.542910150980795	0.0	758197	4271.18722967	1.85
8126.9599571017825	1850	27.858589969791712	0.0	972798	4684.32018119	1.85
8131.306441362283	1850	27.51210570929105	0.0	975811	4346.4842605	1.85
8136.770262642463	1850	26.04828442911021	0.0	873429	5463.82128018	1.85
8142.02061885196	1850	24.797928219614434	0.0	954453	5250.3562095	1.85
8146.696767605362	1850	24.12177946621301	0.0	885062	4676.1487534	1.85
8151.417804548016	1850	23.400742523559117	0.0	1035329	4721.03694265	1.85
8156.253357583557	1850	22.565189488017438	0.0	1026056	4835.55303554	1.85
8168.787514165419	1850	14.031032906155968	0.0	943942	12534.1565819	1.85
8190.871558640524	1850	4.0	8.053011568948266	728962	22084.0444751	-32.77794974647754
8194.590245601828	300	4.281313038694296	0.0	124011	3718.68696131	-1.25
8198.902895519306	300	4.0	0.03133687878232286	144254	4312.64991748	0.16525142123601172
8203.42174959221	300	4.0	0.5188540729033002	149991	4518.8540729	-1.9310725134841908
8209.747301697627	300	4.0	2.325552105417996	147968	6325.55210542	-9.699874053297382
8212.448467689532	300	5.298834008097167	0.0	161857	2701.1659919	0.3
8214.8800466369	300	6.867255060728746	0.0	145210	2431.57894737	0.3
8217.750524369692	300	7.996777327935223	0.0	172312	2870.47773279	0.3
8219.914283729553	300	9.833017968075826	0.0	167025	2163.75935986	0.3
8222.160036242602	300	11.58726545502551	0.0	160064	2245.75251305	0.3
8223.804902183256	300	13.942399514372116	0.0	137507	1644.86594065	0.3
8227.260616967402	750	14.486684730226207	0.0	314107	3455.71478415	0.3

