27083.652630300585	750	4.0	2.9294947382343164	450283	2929.49473823	-11.84682737440756
27084.71717644462	300	6.935453855965037	0.0	155580	1064.54614403	-0.15000000000000002
27085.682223816177	300	9.970406484411509	0.0	139857	965.047371554	0.3
27087.54415715745	300	12.108473143140133	0.0	155432	1861.93334127	0.3
27089.833506087427	300	13.819124213162146	0.0	163442	2289.34892998	0.3
27095.917657889528	750	11.73497241106207	0.0	318564	6084.1518021	0.3
27097.606898943744	300	14.045731356842877	0.0	153295	1689.24105422	-0.15000000000000002
27101.667307113814	750	13.985323186771204	0.0	437162	4060.40817007	0.3
27104.074978482826	750	15.577651817760094	0.0	374758	2407.67136901	0.75
27106.408346080905	750	17.244284219682438	0.0	362795	2333.36759808	0.75
27108.72801844389	750	18.92461185670107	0.0	353220	2319.67236298	0.75
27111.37976223312	750	20.272868067471144	0.0	405134	2651.74378923	0.75
27113.750525057174	750	21.902105243417633	0.0	386351	2370.76282405	0.75
27116.380562038987	750	23.272068261603295	0.0	434409	2630.03698181	0.75
27118.604253770223	750	25.048376530366454	0.0	337059	2223.69173124	0.75
27127.86831676785	1850	19.7843135327415	0.0	923170	9264.06299762	0.75
27133.89675972988	1850	17.755870570708215	0.0	966699	6028.44296203	1.85
27139.391103433158	1850	16.261526867430216	0.0	885714	5494.34370328	1.85
27145.878731246885	1850	13.773899053704726	0.0	987708	6487.62781373	1.85
27152.18567889624	1850	11.466951404350166	0.0	923755	6306.94764935	1.85
27154.598681804873	750	13.05394849571901	0.0	386472	2413.00290863	-0.3500000000000001
27157.078313843773	750	14.574316456820267	0.0	399894	2479.6320389	0.75
27159.681896393286	750	15.97073390730608	0.0	401853	2603.58254951	0.75
27161.940279207	750	17.712351093593295	0.0	343800	2258.38281371	0.75
27164.233942830717	750	19.41868746987605	0.0	359903	2293.66362372	0.75
27166.617996618268	750	21.034633682325953	0.0	379700	2384.05378755	0.75
27173.188628075084	1850	18.464002225506214	0.0	1076599	6570.63145682	0.75
27177.93572809066	1850	17.716902209932737	0.0	758197	4747.10001557	1.85
27183.99981207276	1850	15.652818227831391	0.0	972798	6064.0839821	1.85
27190.684078214916	1850	12.96855208567523	0.0	975811	6684.26614216	1.85
27196.48507065464	1850	11.167559645955466	0.0	873429	5800.99243972	1.85
27198.77791263383	750	12.87471766676657	0.0	400322	2292.84197919	-0.3500000000000001
27200.21665108511	750	15.435979215486809	0.0	369834	1438.73845128	0.75
27201.813378876526	750	17.839251424069626	0.0	412837	1596.72779142	0.75
27205.479482059676	1850	18.173148240918415	0.0	1026056	3666.10318315	0.75
27208.733155506245	1850	18.91947479434983	0.0	943942	3253.67344657	1.85
27211.3225770854	1850	20.33005321519419	0.0	728962	2589.42157916	1.85
27214.633789214753	1850	21.018841085841576	0.0	938587	3311.21212935	1.85
27217.842424387618	1850	21.810205912974126	0.0	908665	3208.63517287	1.85
27221.05063163274	1850	22.601998667849646	0.0	930577	3208.20724512	1.85
27223.98458957322	1850	23.66804072736703	0.0	858450	2933.95794048	1.85
27227.463449080442	1850	24.189181220150235	0.0	1025005	3478.85950722	1.85
27230.482778198537	1850	25.169852102054126	0.0	886255	3019.3291181	1.85
27233.793834920474	1850	25.858795380118433	0.0	973972	3311.05672194	1.85
27237.05837582685	1850	26.594254473742932	0.0	958994	3264.54090638	1.85
27240.40448931564	1850	27.24814098495501	0.0	982064	3346.11348879	1.85
27243.255813765398	1850	28.39681653519667	0.0	830730	2851.32444976	1.85
27246.155110689342	1850	29.497519611254837	0.0	846370	2899.29692394	1.85

