13773.764759096879	750	4.0	2.771149001814882	450283	2771.14900181	-11.165940707803992
13774.949839263538	300	6.814919833341804	0.0	155580	1185.08016666	-0.15000000000000002
13775.919254743121	300	9.845504353757491	0.0	139857	969.415479584	0.3
13776.89827709042	300	12.866482006457636	0.0	155432	979.0223473	0.3
13779.754603782316	750	14.010155314562068	0.0	411561	2856.3266919	0.3
13781.506013353326	750	16.258745743554076	0.0	318564	1751.40957101	0.75
13783.579347507186	750	18.185411589692517	0.0	352642	2073.33415386	0.75
13793.703728984927	1850	12.061030111953647	0.0	1060487	10124.3814777	0.75
13796.559330861193	750	13.205428235685845	0.0	374758	2855.60187627	-0.3500000000000001
13799.288805679364	750	14.475953417515147	0.0	362795	2729.47481817	0.75
13801.342823931544	750	16.421935165336894	0.0	353220	2054.01825218	0.75
13803.689343302764	750	18.075415794115326	0.0	405134	2346.51937122	0.75
13809.628764936091	1850	16.135994160787394	0.0	946851	5939.42163333	0.75
13816.014211888676	1850	13.750547208202088	0.0	1036454	6385.44695259	1.85
13821.477310992625	1850	12.287448104254727	0.0	821631	5463.09910395	1.85
13827.40066620163	1850	10.3640928952486	0.0	923170	5923.35520901	1.85
13829.88687608613	750	11.87788301075026	0.0	360831	2486.2098845	-0.3500000000000001
13832.26881145973	750	13.495947637150486	0.0	372963	2381.9353736	0.75
13834.751026517895	750	15.013732578984401	0.0	405596	2482.21505817	0.75
13836.923130669877	750	16.841628427003865	0.0	350713	2172.10415198	0.75
13839.436451984271	750	18.32830711260911	0.0	386472	2513.32131439	0.75
13841.834310848031	750	19.930448248848645	0.0	399894	2397.85886376	0.75
13844.313580263011	750	21.45117883386908	0.0	401853	2479.26941498	0.75
13846.39442400235	750	23.370335094530105	0.0	343800	2080.84373934	0.75
13848.720745972876	750	25.04401312400375	0.0	359903	2326.32197053	0.75
13854.152133610925	1850	23.612625485954513	0.0	905935	5431.38763805	0.75
13861.402151834609	1850	20.362607262269638	0.0	1076599	7250.01822368	1.85
13869.346880421417	1850	16.41787867546136	0.0	758197	7944.72858681	1.85
13871.974011927174	750	17.79074716970295	0.0	400396	2627.13150576	-0.3500000000000001
13881.900145969885	1850	11.864613126992698	0.0	975811	9926.13404271	0.75
13887.500760960827	750	10.263998136051208	0.0	358218	5600.61499094	-0.3500000000000001
13890.513540007518	300	11.251219089358399	0.0	157488	3012.77904669	-0.15000000000000002
13891.48559920697	300	14.279159889907552	0.0	143881	972.059199451	0.3
13894.955309252495	750	14.809449844381838	0.0	412837	3469.71004553	0.3
13898.764336410852	750	15.000422686025413	0.0	401088	3809.02715836	0.75
13901.610488653065	750	16.154270443812745	0.0	365161	2846.15224221	0.75
13906.23192666902	750	15.532832427859672	0.0	321064	4621.43801595	0.75
13911.558198528886	750	14.206560567992028	0.0	361565	5326.27185987	0.75
13916.702410564203	750	13.062348532675431	0.0	378327	5144.21203532	0.75
13919.554335438213	750	14.210423658664228	0.0	390680	2851.92487401	0.75
13921.712653487242	750	16.052105609635337	0.0	345516	2158.31804903	0.75
13924.762926928413	750	17.001832168464674	0.0	384505	3050.27344117	0.75
13926.78597703042	750	18.978782066458432	0.0	372093	2023.05010201	0.75
13929.040891698485	750	20.723867398393654	0.0	438281	2254.91466806	0.75
13933.703921203864	1850	20.060837893015176	0.0	958994	4663.02950538	0.75
13939.256149730143	1850	18.508609366736184	0.0	982064	5552.22852628	1.85
13945.18628660977	1850	16.578472487107963	0.0	830730	5930.13687963	1.85
13952.597649949237	1850	13.167109147640067	0.0	846370	7411.36333947	1.85

