16138.991958880044	750	4.0	1.1231134628686412	450283	1123.11346287	-4.079387890335157
16139.874554616697	750	7.117404263346538	0.0	398865	882.595736653	0.75
16140.59406586167	750	10.397893018375052	0.0	350812	719.511244971	0.75
16142.433511739775	1850	12.55844714026877	0.0	933276	1839.44587811	0.75
16144.254016201961	1850	14.737942678082245	0.0	996749	1820.50446219	1.85
16145.82755563493	1850	17.164403245113192	0.0	801058	1573.53943297	1.85
16147.590451525064	1850	19.401507354979817	0.0	905515	1762.89589013	1.85
16149.631049347032	1850	21.360909533012943	0.0	1060487	2040.59782197	1.85
16153.94590873743	4300	21.046050142614273	0.0	2055469	4314.8593904	1.8499999999999996
16158.616817278325	4300	20.3751416017195	0.0	2169201	4670.90854089	4.3
16163.559353993582	4300	19.432604886463082	0.0	2173522	4942.53671526	4.3
16168.782957109397	4300	18.209001770647294	0.0	2102452	5223.60311582	4.3
16173.57119303118	4300	17.42076584886359	0.0	2209463	4788.23592178	4.3
16178.56415406495	4300	16.427804815095353	0.0	2275376	4992.96103377	4.3
16184.299615297665	4300	14.692343582381389	0.0	2005399	5735.46123271	4.3
16191.230585265592	4300	11.761373614454355	0.0	2152483	6930.96996793	4.3
16194.764913012383	1850	12.2270458676632	0.0	966699	3534.32774679	-0.6000000000000001
16198.766089141454	1850	12.225869738591594	0.0	885714	4001.17612907	1.85
16203.162343505845	1850	11.829615374201436	0.0	987708	4396.25436439	1.85
16208.012011985504	1850	10.979946894541976	0.0	923755	4849.66847966	1.85
16211.449598439815	1850	11.542360440230244	0.0	891604	3437.58645431	1.85
16214.843073915741	1850	12.14888496430441	0.0	955231	3393.47547593	1.85
16218.61208723328	1850	12.379871646766263	0.0	968026	3769.01331754	1.85
16222.065457636569	1850	12.926501243476064	0.0	874175	3453.37040329	1.85
16225.755367315069	1850	13.236591564976148	0.0	897976	3689.9096785	1.85
16229.755573451674	1850	13.236385428372163	0.0	905935	4000.2061366	1.85
16234.633622665417	1850	12.358336214629919	0.0	1076599	4878.04921374	1.85
16237.650226091595	1850	13.341732788451143	0.0	758197	3016.60342618	1.85
16242.572347098054	1850	12.419611781992959	0.0	972798	4922.12100646	1.85
16247.019464782577	1850	11.972494097469488	0.0	975811	4447.11768452	1.85
16251.256246336832	1850	11.735712543214124	0.0	873429	4236.78155426	1.85
16254.121750663142	1200	12.87020821690356	0.0	620283	2865.50432631	0.5499999999999999
16255.515781426928	750	15.476177453119474	0.0	369834	1394.03076378	0.3
16256.9637531591	750	18.02820572094673	0.0	412837	1447.97173217	0.75
16258.449304419695	750	20.542654460353145	0.0	401088	1485.55126059	0.75
16261.803764155744	1850	21.188194724304427	0.0	943942	3354.45973605	0.75
16264.883268654727	1850	22.10869022532127	0.0	728962	3079.50449898	1.85
16268.825387320896	1850	22.166571559151503	0.0	938587	3942.11866617	1.85
16272.37313707809	1850	22.618821801957807	0.0	908665	3547.74975719	1.85
16275.71331350845	1850	23.27864537159895	0.0	930577	3340.17643036	1.85
16279.920411502639	1850	23.071547377409576	0.0	858450	4207.09799419	1.85
16283.678152273276	1850	23.313806606771323	0.0	1025005	3757.74077064	1.85
16286.949159906837	1850	24.042798973212076	0.0	886255	3271.00763356	1.85
16291.907435463538	1850	23.0845234165092	0.0	973972	4958.2755567	1.85
16296.2154381979	1850	22.776520682148856	0.0	958994	4308.00273436	1.85
16301.27174388015	1850	21.720214999897024	0.0	982064	5056.30568225	1.85
16306.938433986941	1850	20.05352489310624	0.0	830730	5666.69010679	1.85
16317.099721430743	1850	13.892237449305098	0.0	846370	10161.2874438	1.85

