29239.198635287874	750	4.0	0.2936257375833951	450283	293.625737583	-0.5125906716085988
29239.732985473198	1850	7.46564981467754	0.0	957685	534.350185322	0.75
29240.248908615617	1850	10.94972667225834	0.0	877771	515.923142419	1.85
29240.873889290728	1850	14.324745997146387	0.0	933276	624.980675112	1.85
29242.412548015865	4300	16.78608727200779	0.0	2233056	1538.65872514	1.8499999999999996
29243.40083279233	4300	19.797802495544563	0.0	1941625	988.284776463	4.3
29244.771716403757	4300	22.4269188841188	0.0	2157535	1370.88361143	4.3
29246.274167069478	4300	24.924468218399937	0.0	2290172	1502.45066572	4.3
29247.683406301287	4300	27.515228986588674	0.0	2055469	1409.23923181	4.3
29248.72325726696	4300	30.475378020913443	0.0	2169201	1039.85096568	4.3
29250.32985126778	4300	32.868784020094765	0.0	2173522	1606.59400082	4.3
29252.026645423975	4300	35.17198986389918	0.0	2102452	1696.7941562	4.3
29253.463113001457	4300	37.73552228641482	0.0	2209463	1436.46757748	4.3
29254.686536073135	4300	40.51209921473656	0.0	2275376	1223.42307168	4.3
29256.118698304992	4300	43.07993698288036	0.0	2005399	1432.16223186	4.3
29257.48505842611	4300	45.71357686176129	0.0	2152483	1366.36012112	4.3
29258.983244209674	4300	48.21539107819993	0.0	2289689	1498.18578356	4.3
29270.160457183654	4300	41.038178104217614	0.0	2059512	11177.212974	4.3
29271.467108615114	4300	43.73152667275661	0.0	2220726	1306.65143146	4.3
29272.930068283324	4300	46.26856700454819	0.0	2156729	1462.95966821	4.3
29274.149314638977	4300	49.049320648894835	0.0	2039773	1219.24635565	4.3
29275.688708159414	4300	51.50992712845836	0.0	2176469	1539.39352044	4.3
29277.21130835422	4300	53.987326933648426	0.0	2221506	1522.60019481	4.3
29278.381489044354	4300	56.81714624351708	0.0	2044075	1170.18069013	4.3
29279.731694015758	4300	59.46694127211403	0.0	2186790	1350.2049714	4.3
29285.422399950858	4300	57.77623533701089	0.0	2105231	5690.7059351	4.3
29290.914642047228	4300	56.283993240643376	0.0	2395588	5492.24209637	4.3
29292.783057201268	4300	58.41557808660362	0.0	1972048	1868.41515404	4.3
29295.301420877888	4300	59.68542007378173	0.0	2134614	2230.15801282	4.3
29299.030134738794	4300	59.95670621287346	0.0	2164140	3228.713860908267	4.3
29306.316929250486	4300	56.66991170118127	0.0	2113193	7286.794511692193	4.3
29310.986001400797	4300	56.00083955086776	0.0	2147852	4669.072150313515	4.3
29312.30933891857	4300	58.67750203309605	0.0	2191074	1323.3375177717076	4.3
29314.5945303437	4300	59.73296817277448	0.0	2286761	1444.5338603215685	4.3
29316.74759789844	4300	59.53676317781049	0.0	2307787	1196.204994963987	4.3
29318.61347019919	4300	59.7922583073209	0.0	2143948	1244.5048704895887	4.3
29324.221570432077	4300	58.184158074431316	0.0	1919781	5608.100232889587	4.3
29346.895131261685	4300	39.510597244824474	0.0	2147467	22673.560829606846	4.3
29348.26758197999	1850	42.13814652651667	0.0	908665	1372.4507183078001	-0.6000000000000001
29350.90345969857	4300	43.502268807938684	0.0	2146120	2635.877718577987	1.8499999999999996
29354.008809092076	4300	44.39691941443271	0.0	2108491	3105.349393505971	4.3
29356.436965409815	4300	45.96876309669123	0.0	2184571	2428.1563177414873	4.3
29362.51898056457	4300	43.88674794193567	0.0	2121928	6082.015154755559	4.3
29367.81172213585	4300	42.594006370653034	0.0	2219102	5292.741571282632	4.3
29370.33183862171	4300	44.073889884797424	0.0	2124950	2520.1164858556053	4.3
29372.87420471745	4300	45.531523789058035	0.0	2246506	2542.3660957393968	4.3
29375.34530410807	4300	47.06042439844045	0.0	1961140	2471.099390617582	4.3
29377.5782854069	4300	48.82744309961095	0.0	2155012	2232.9812988294993	4.3

