3145.3951106423665	750	4.0	7.63823446021022	450283	7638.23446021	-32.09440817890395
3147.064709487818	300	6.33040115454859	0.0	155580	1669.59884545	-0.15000000000000002
3148.6089019827045	300	8.786208659661966	0.0	139857	1544.19249489	0.3
3150.3740145199517	300	11.021096122414715	0.0	155432	1765.11253725	0.3
3152.2259672923074	300	13.169143350059182	0.0	163442	1851.95277236	0.3
3153.8429992645697	300	15.552111377796914	0.0	126289	1617.03197226	0.3
3156.221554261503	300	17.17355638086325	0.0	153295	2378.55499693	0.3
3161.4630499314176	750	15.932060710948614	0.0	437162	5241.49566991	0.3
3165.4239548957303	750	15.97115574663625	0.0	374758	3960.90496431	0.75
3169.2882079697515	750	16.10690267261463	0.0	362795	3864.25307402	0.75
3173.0950713618813	750	16.30003928048523	0.0	353220	3806.86339213	0.75
3181.695618726131	750	11.699491916235239	0.0	405134	8600.54736425	0.75
3184.2135068049934	300	13.181603837372844	0.0	160746	2517.88807886	-0.15000000000000002
3186.3400488738334	300	15.055061768532923	0.0	179801	2126.54206884	0.3
3190.339980610123	750	15.055130032243484	0.0	337059	3999.93173629	0.3
3194.785480805126	750	14.609629837240172	0.0	366214	4445.500195	0.75
3198.860286232856	750	14.53482440950999	0.0	360831	4074.80542773	0.75
3203.0167362899415	750	14.378374352424407	0.0	372963	4156.45005709	0.75
3207.5461114944683	750	13.848999147897864	0.0	405596	4529.37520453	0.75
3211.4101246993255	750	13.984985943040623	0.0	350713	3864.01320486	0.75
3215.622256335298	750	13.772854307067796	0.0	386472	4212.13163597	0.75
3220.0415549968884	750	13.353555645477329	0.0	399894	4419.29866159	0.75
3224.4707993639367	750	12.924311278429169	0.0	401853	4429.24436705	0.75
3228.496787156589	750	12.898323485776451	0.0	343800	4025.98779265	0.75
3232.9749094129493	750	12.420201229416348	0.0	359903	4478.12225636	0.75
3240.729325370137	750	8.665785272229037	0.0	379700	7754.41595719	0.75
3242.693103427298	300	10.702007215067717	0.0	181901	1963.77805716	-0.15000000000000002
3243.9242315131455	300	13.470879129220105	0.0	111155	1231.12808585	0.3
3246.0011527011698	300	15.39395794119574	0.0	153605	2076.92118802	0.3
3252.118130880187	750	13.276979762178811	0.0	400508	6116.97817902	0.3
3256.1068695928097	750	13.288241049556042	0.0	358218	3988.73871262	0.75
3261.1634209181693	750	12.231689724196054	0.0	400322	5056.55132536	0.75
3268.243925281473	750	9.151185360892505	0.0	369834	7080.5043633	0.75
3270.1348628818846	300	11.260247760481219	0.0	163444	1890.93760041	-0.15000000000000002
3272.108688267182	300	13.28642237518353	0.0	179328	1973.8253853	0.3
3273.8602259053673	300	15.534884736998459	0.0	159914	1751.53763819	0.3
3275.315909513816	300	18.079201128549307	0.0	131610	1455.68360845	0.3
3279.3954439031018	750	17.999666739264125	0.0	361565	4079.53438929	0.3
3283.7102475807133	750	17.684863061652717	0.0	378327	4314.80367761	0.75
3288.0670536138673	750	17.328057028498854	0.0	390680	4356.80603315	0.75
3294.0217975796577	750	15.37331306270841	0.0	345516	5954.74396579	0.75
3303.144871356138	750	10.250239286227998	0.0	384505	9123.07377648	0.75
3304.8568835661654	300	12.538227076200691	0.0	145210	1712.01221003	-0.15000000000000002
3310.349963448759	300	11.04514719360714	0.0	172312	5493.07988259	0.3
3315.4316125771943	300	9.963498065171585	0.0	167025	5081.64912844	0.3
3321.7159498682004	300	7.679160774165682	0.0	160064	6284.33729101	0.3
3323.3721347550186	300	10.02297588734719	0.0	137507	1656.18488682	0.3
3324.8095448540093	300	12.585565788356357	0.0	118421	1437.41009899	0.3

