33095.01947188436	750	4.0	0.4607849811312777	450283	460.784981131	-1.231375418864494
33096.11931417303	1850	6.900157711331963	0.0	957685	1099.84228867	0.75
33097.37604684501	1850	9.643425039351165	0.0	877771	1256.73267198	1.85
33098.36862248778	1850	12.650849396579595	0.0	933276	992.575642772	1.85
33099.410407846684	1850	15.609064037677763	0.0	996749	1041.7853589	1.85
33100.305165166246	1850	18.714306718121087	0.0	801058	894.757319557	1.85
33101.295413455635	1850	21.724058428733557	0.0	905515	990.248289388	1.85
33103.63136997981	4300	23.38810190455518	0.0	2290172	2335.95652418	1.8499999999999996
33122.11427423221	4300	8.905197652153092	0.0	2055469	18482.9042524	4.3
33126.742785689756	1850	8.276686194611223	0.0	913888	4628.51145754	-0.6000000000000001
33131.18288604291	1850	7.836585841455162	0.0	939819	4440.10035316	1.85
33134.783913188294	1850	8.235558696069168	0.0	917428	3601.02714539	1.85
33135.60094306793	1850	11.418528816429978	0.0	946851	817.029879639	1.85
33136.1230702998	1850	14.896401584566824	0.0	1036454	522.127231863	1.85
33137.17444465823	4300	17.84502722613411	0.0	2005399	1051.37435843	1.8499999999999996
33138.38091233247	4300	20.63855955189397	0.0	2152483	1206.46767424	4.3
33139.96385797338	4300	23.05561391098902	0.0	2289689	1582.9456409	4.3
33141.24842891641	4300	25.771042967955676	0.0	2059512	1284.57094303	4.3
33142.71033769297	4300	28.309134191393472	0.0	2220726	1461.90877656	4.3
33143.95087583991	4300	31.068596044460705	0.0	2156729	1240.53814693	4.3
33146.34567570947	4300	32.67379617490177	0.0	2039773	2394.79986956	4.3
33163.00583936822	4300	20.01363251614714	0.0	2176469	16660.1636588	4.3
33167.4687700661	1850	19.550701818265928	0.0	968026	4462.93069788	-0.6000000000000001
33170.00860519294	1850	21.01086669143116	0.0	874175	2539.83512683	1.85
33172.92324701977	1850	22.09622486460124	0.0	897976	2914.64182683	1.85
33175.1517878753	1850	23.8676840090672	0.0	905935	2228.54085553	1.85
33196.1066878473	1850	6.912784037067115	0.0	1076599	20954.899972	1.85
33196.486509149436	300	10.532962734932855	0.0	111155	379.821302134	-1.25
33197.61785953417	750	13.401612350201532	0.0	400396	1131.35038473	0.3
33200.703739035016	1850	14.315732849351049	0.0	975811	3085.87950085	0.75
33202.705812607936	1850	16.313659276436205	0.0	873429	2002.07357291	1.85
33205.28157574236	1850	17.737896142012232	0.0	954453	2575.76313442	1.85
33222.35491628266	1850	4.664555601712855	0.0	885062	17073.3405403	1.85
33224.69010164008	300	6.329370244289354	0.0	163444	2335.18535742	-1.25
33233.242476376916	300	4.0	2.2230044925436485	179328	8552.37473683	-9.258919317937687
33248.94441071373	300	4.0	11.70193433681082	159914	15701.9343368	-50.018317648286526
33250.2360366858	300	6.7083740279349975	0.0	131610	1291.62597207	0.3
33252.730338445894	300	8.214072267836087	0.0	124011	2494.3017601	0.3
33254.00549365396	300	10.938917059768748	0.0	144254	1275.15520807	0.3
33256.30622328727	300	12.638187426461386	0.0	149991	2300.72963331	0.3
33256.884317871314	300	16.06009284241194	0.0	147968	578.094584049	0.3
33257.16211486839	750	19.7822958453377	0.0	384505	277.796997074	0.3
33257.69802201561	1850	23.246388698117176	0.0	886255	535.907147221	0.75
33258.827248028174	4300	26.117162685556952	0.0	2219102	1129.22601256	1.8499999999999996
33260.03083505754	4300	28.91357565618834	0.0	2124950	1203.58702937	4.3
33261.408267574254	4300	31.536143139474706	0.0	2246506	1377.43251671	4.3
33262.42320521876	4300	34.521205494973806	0.0	1961140	1014.9376445	4.3
33263.431053290835	4300	37.51335742289406	0.0	2155012	1007.84807208	4.3

