14822.34204666839	750	4.0	0.3383360704527363	450283	338.336070453	-0.704845102946766
14822.971489084895	1850	7.370557583494094	0.0	957685	629.442416506	0.75
14823.512585078526	1850	10.829461589863687	0.0	877771	541.09599363	1.85
14824.054943374547	1850	14.287103293841245	0.0	933276	542.358296022	1.85
14825.623966679157	4300	16.718079989231395	0.0	2233056	1569.02330461	1.8499999999999996
14826.947506400937	4300	19.394540267452694	0.0	1941625	1323.53972178	4.3
14828.117364175998	4300	22.224682492393082	0.0	2157535	1169.85777506	4.3
14829.368290621007	4300	24.97375604738349	0.0	2290172	1250.92644501	4.3
14830.72140127235	4300	27.620645396040317	0.0	2055469	1353.11065134	4.3
14841.882975969438	4300	20.459070698954235	0.0	2169201	11161.5746971	4.3
14843.377521367158	4300	22.964525301232584	0.0	2173522	1494.54539772	4.3
14844.747710002765	4300	25.594336665626866	0.0	2102452	1370.18863561	4.3
14845.846802966453	4300	28.495243701938378	0.0	2209463	1099.09296369	4.3
14847.453201650427	4300	30.888845017963522	0.0	2275376	1606.39868397	4.3
14848.598751915322	4300	33.74329475306782	0.0	2005399	1145.5502649	4.3
14849.66052565394	4300	36.681521014450645	0.0	2152483	1061.77373862	4.3
14850.850587192177	4300	39.49145947621169	0.0	2289689	1190.06153824	4.3
14852.12630200038	4300	42.21574466800911	0.0	2059512	1275.7148082	4.3
14889.83557102896	4300	8.50647563943095	0.0	2220726	37709.2690286	4.3
14892.01039790444	300	10.331648763951229	0.0	140881	2174.82687548	-3.7
14893.043993414934	1850	13.298053253456313	0.0	891604	1033.59551049	0.30000000000000004
14893.52675981421	1850	16.81528685418154	0.0	955231	482.766399275	1.85
14894.633260761482	4300	19.70878590690829	0.0	2221506	1106.50094727	1.8499999999999996
14895.839351155444	4300	22.50269551294602	0.0	2044075	1206.09039396	4.3
14897.291625107673	4300	25.05042156071645	0.0	2186790	1452.27395223	4.3
14898.578079161181	4300	27.763967507207507	0.0	2105231	1286.45405351	4.3
14899.927078782224	4300	30.414967886164195	0.0	2395588	1348.99962104	4.3
14901.09458283073	4300	33.247463837657925	0.0	1972048	1167.50404851	4.3
14902.71600962268	4300	35.62603704570865	0.0	2134614	1621.42679195	4.3
14909.976970772665	4300	32.36507589572445	0.0	2164140	7260.96114998	4.3
14914.152028120876	4300	32.19001854751423	0.0	2113193	4175.05734821	4.3
14915.622569111389	4300	34.71947755700185	0.0	2147852	1470.54099051	4.3
14916.90717159386	4300	37.43487507452859	0.0	2191074	1284.60248247	4.3
14918.359404838506	4300	39.98264182988457	0.0	2286761	1452.23324464	4.3
14920.151112022153	4300	42.190934646239434	0.0	2307787	1791.70718365	4.3
14921.5200618796	4300	44.82198478879038	0.0	2143948	1368.94985745	4.3
14922.552439315608	4300	47.789607352784316	0.0	1919781	1032.37743601	4.3
14923.660731060072	4300	50.681315608318876	0.0	2147467	1108.29174447	4.3
14934.510533588367	4300	43.83151308002565	0.0	2133870	10849.8025283	4.3
14935.930424739925	4300	46.411621928466964	0.0	2146120	1419.89115156	4.3
14937.057443690139	4300	49.2846029782536	0.0	2108491	1127.01895021	4.3
14938.085507566087	4300	52.25653910230423	0.0	2184571	1028.06387595	4.3
14939.492806215665	4300	54.84924045272682	0.0	2121928	1407.29864958	4.3
14940.700850234709	4300	57.64119643368206	0.0	2219102	1208.04401904	4.3
14942.503891348393	4300	59.83815531999757	0.0	2124950	1303.04111368	4.3
14944.545685560164	4300	59.72734858933901	0.0	2246506	1110.8067306585594	4.3
14946.356486785875	4300	59.74744171704078	0.0	1961140	979.9068722982357	4.3
14948.56485232578	4300	59.76870612379459	0.0	2155012	1478.7355932461871	4.3

