6921.514690547659	750	4.0	3.3530243825977917	450283	3353.0243826	-13.668004845170504
6922.461763590954	300	7.052926956703472	0.0	155580	947.073043297	-0.15000000000000002
6923.383516655824	300	10.131173891833436	0.0	139857	921.75306487	0.3
6925.5260098893605	750	11.988680658296806	0.0	382355	2142.49323354	0.3
6927.228793537794	750	14.285897009862676	0.0	411561	1702.78364843	0.75
6928.41498339195	750	17.099707155707037	0.0	318564	1186.18985416	0.75
6931.713838754653	1850	17.80085179300415	0.0	905515	3298.8553627	0.75
6935.903767384533	1850	17.610923163124426	0.0	1060487	4189.92862988	1.85
6939.048662792142	1850	18.46602775551607	0.0	852833	3144.89540761	1.85
6942.010820764174	1850	19.503869783483182	0.0	913888	2962.15797203	1.85
6945.748070141341	1850	19.76662040631768	0.0	939819	3737.24937717	1.85
6948.543753744446	1850	20.970936803212435	0.0	917428	2795.68360311	1.85
6951.295368977675	1850	22.219321569983002	0.0	946851	2751.61523323	1.85
6953.839306019601	1850	23.67538452805669	0.0	1036454	2543.93704193	1.85
6955.794369220948	1850	25.720321326710053	0.0	821631	1955.06320135	1.85
6958.633713352735	1850	26.88097719492296	0.0	923170	2839.34413179	1.85
6961.493778036896	1850	28.02091251076197	0.0	966699	2860.06468416	1.85
6964.197728355377	1850	29.316962192281373	0.0	885714	2703.95031848	1.85
6967.282644084238	1850	30.232046463420343	0.0	987708	3084.91572886	1.85
6969.846819668042	1850	31.66787087961668	0.0	923755	2564.1755838	1.85
6971.89514042326	1850	33.61955012439852	0.0	891604	2048.32075522	1.85
6974.644684334472	1850	34.870006213187224	0.0	955231	2749.54391121	1.85
6977.264534096787	1850	36.25015645087121	0.0	968026	2619.84976232	1.85
6983.2378477060665	4300	34.27684284159286	0.0	2044075	5973.31360928	1.8499999999999996
6989.943318490049	4300	31.571372057610553	0.0	2186790	6705.47078398	4.3
6996.5280909216945	4300	28.986599625965354	0.0	2105231	6584.77243165	4.3
7003.069424951279	4300	26.445265596381432	0.0	2395588	6541.33402958	4.3
7009.402382821275	4300	24.112307726385282	0.0	1972048	6332.95787	4.3
7016.495713308322	4300	21.018977239338554	0.0	2134614	7093.33048705	4.3
7022.873527272491	4300	18.641163275169273	0.0	2164140	6377.81396417	4.3
7027.802173470679	4300	17.712517076981648	0.0	2113193	4928.64619819	4.3
7031.390023585837	4300	18.124666961823497	0.0	2147852	3587.85011516	4.3
7036.069475087955	4300	17.445215459705736	0.0	2191074	4679.45150212	4.3
7040.75094936678	4300	16.76374118088013	0.0	2286761	4681.47427883	4.3
7046.4568300757965	4300	15.057860471863075	0.0	2307787	5705.88070902	4.3
7052.781651834013	4300	12.733038713646678	0.0	2143948	6324.82175822	4.3
7057.33386185141	4300	12.180828696249266	0.0	1919781	4552.2100174	4.3
7062.303790419413	4300	11.210900128245536	0.0	2147467	4969.928568	4.3
7067.581329219576	4300	9.933361328083182	0.0	2133870	5277.53880016	4.3
7073.064674759253	4300	8.450015788406661	0.0	2146120	5483.34553968	4.3
7079.024811373101	4300	6.48987917455808	0.0	2108491	5960.13661385	4.3
7082.592832970758	1850	6.921857576901751	0.0	1025005	3568.02159766	-0.6000000000000001
7084.064442144728	1850	9.450248402931958	0.0	886255	1471.60917397	1.85
7088.270875371375	1850	9.243815176284311	0.0	973972	4206.43322665	1.85
7092.439469123641	1850	9.075221424017993	0.0	958994	4168.59375227	1.85
7097.897949630287	1850	7.616740917371498	0.0	982064	5458.48050665	1.85
7099.074789515863	750	10.439901031795383	0.0	331053	1176.83988558	-0.3500000000000001
7100.148372880256	750	13.366317667402859	0.0	314107	1073.58336439	0.75

