13565.223950467156	750	4.0	6.296921653871057	450283	6296.92165387	-26.326763111645544
13566.462817342905	300	6.761133124251043	0.0	155580	1238.86687575	-0.15000000000000002
13567.80679955488	300	9.417150912276034	0.0	139857	1343.98221198	0.3
13578.359429726861	300	4.0	1.13547925970514	155432	10552.630172	-4.5825608167321015
13578.604420578482	300	7.755009148380421	0.0	163442	244.99085162	0.3
13579.006003437571	750	11.353426289290717	0.0	318564	401.58285909	0.3
13580.103215941053	1850	14.256213785808606	0.0	905515	1097.21250348	0.75
13581.441097828434	1850	16.91833189842635	0.0	1060487	1337.88188738	1.85
13583.98422532918	4300	18.37520439768072	0.0	2055469	2543.12750075	1.8499999999999996
13586.814306475142	4300	19.545123251719858	0.0	2169201	2830.08114596	4.3
13590.275578293273	4300	20.083851433588805	0.0	2173522	3461.27181813	4.3
13595.988717028862	4300	18.370712698000037	0.0	2102452	5713.13873559	4.3
13605.486109102243	4300	12.873320624618536	0.0	2209463	9497.39207338	4.3
13609.511989117023	1850	12.847440609839076	0.0	1036454	4025.88001478	-0.6000000000000001
13610.527684372099	1850	15.831745354762088	0.0	821631	1015.69525508	1.85
13611.66299784098	1850	18.696431885880976	0.0	923170	1135.31346888	1.85
13612.82232558495	1850	21.537104141912014	0.0	966699	1159.32774397	1.85
13615.548452666233	4300	22.810977060628673	0.0	2059512	2726.12708128	1.8499999999999996
13618.061365380714	4300	24.298064346147513	0.0	2220726	2512.91271448	4.3
13630.114286908773	4300	16.245142818088723	0.0	2156729	12052.9215281	4.3
13636.005521515628	4300	14.3539082112321	0.0	2039773	5891.23460686	4.3
13640.264406601713	4300	14.095023125148167	0.0	2176469	4258.88508608	4.3
13643.01016200306	4300	15.349267723798702	0.0	2221506	2745.75540135	4.3
13645.928921400915	4300	16.43050832594377	0.0	2044075	2918.75939785	4.3
13648.774675770968	4300	17.584753955891596	0.0	2186790	2845.75437005	4.3
13653.439830871434	4300	16.919598855427278	0.0	2105231	4665.15510046	4.3
13660.27708971324	4300	14.082340013620705	0.0	2395588	6837.25884181	4.3
13662.830886020673	4300	15.5285437061875	0.0	1972048	2553.79630743	4.3
13665.691576531386	4300	16.66785319547477	0.0	2134614	2860.69051071	4.3
13668.115429131654	4300	18.244000595204973	0.0	2164140	2423.85260027	4.3
13670.336067676999	4300	20.02336204986062	0.0	2113193	2220.63854534	4.3
13682.98691432734	4300	11.37251539951889	0.0	2147852	12650.8466503	4.3
13683.988045335705	1850	14.371384391152903	0.0	885062	1001.13100837	-0.6000000000000001
13685.169001052769	1850	17.190428674089976	0.0	1035329	1180.95571706	1.85
13688.04611571603	4300	18.31331401082994	0.0	2307787	2877.11466326	1.8499999999999996
13690.249542843849	4300	20.10988688301115	0.0	2143948	2203.42712782	4.3
13724.591293681957	4300	4.0	14.231863955096527	1919781	34341.7508381	-56.89701500691507
13725.263703014125	300	7.327590667833136	0.0	124011	672.409332167	-3.7
13727.227447954523	750	9.363845727434331	0.0	378327	1963.7449404	0.3
13728.126567348338	300	12.464726333619053	0.0	149991	899.119393815	-0.15000000000000002
13729.731374353638	750	14.85991932831779	0.0	345516	1604.8070053	0.3
13741.508358325978	750	7.082935355976535	0.0	384505	11776.9839723	0.75
13741.989414755179	300	10.60187892677628	0.0	145210	481.0564292	-0.15000000000000002
13743.154591394854	750	13.43670228710033	0.0	438281	1165.17663968	0.3
13746.634342249228	1850	13.956951432728234	0.0	958994	3479.75085437	0.75
13749.648733769636	1850	14.94255991231926	0.0	982064	3014.39152041	1.85
13754.016305349103	1850	14.574988332851463	0.0	830730	4367.57157947	1.85
13770.993610095065	1850	4.0	2.4023164131100456	846370	16977.304746	-8.479960576373196

