22540.056458922616	750	4.0	0.8029469670362752	450283	802.946967036	-2.7026719582559835
22540.638322619732	750	7.4181363028862215	0.0	398865	581.863697114	0.75
22541.66415999832	1850	10.392298924300484	0.0	877771	1025.83737859	0.75
22543.13259384804	1850	12.923865074579501	0.0	933276	1468.43384972	1.85
22544.439199449294	1850	15.61725947332775	0.0	996749	1306.60560125	1.85
22545.285031191634	1850	18.771427730989956	0.0	801058	845.831742338	1.85
22546.22546473717	1850	21.830994185454067	0.0	905515	940.433545536	1.85
22549.568903102736	4300	22.487555819884783	0.0	2290172	3343.43836557	1.8499999999999996
22551.99715830668	4300	24.0593006159423	0.0	2055469	2428.25520394	4.3
22554.80179094009	4300	25.254667982531025	0.0	2169201	2804.63263341	4.3
22557.033033755273	4300	27.023425167348602	0.0	2173522	2231.24281518	4.3
22559.331099542316	4300	28.725359380306138	0.0	2102452	2298.06578704	4.3
22561.637770213965	4300	30.41868870865823	0.0	2209463	2306.67067165	4.3
22565.202079314353	4300	30.854379608272385	0.0	2275376	3564.30910039	4.3
22567.795933104822	4300	32.26052581780345	0.0	2005399	2593.85379047	4.3
22569.77462759937	4300	34.28183132325554	0.0	2152483	1978.69449455	4.3
22571.145042400232	4300	36.911416522392464	0.0	2289689	1370.41480086	4.3
22572.28350592277	4300	39.772952999859434	0.0	2059512	1138.46352253	4.3
22573.660450062736	4300	42.396008859889456	0.0	2220726	1376.94413997	4.3
22574.8759818192	4300	45.180477103424636	0.0	2156729	1215.53175646	4.3
22575.83532224049	4300	48.2211366821349	0.0	2039773	959.34042129	4.3
22576.907845276495	4300	51.148613646132496	0.0	2176469	1072.523036	4.3
22578.273350569234	4300	53.78310835339112	0.0	2221506	1365.50529274	4.3
22579.394976635653	4300	56.66148228697216	0.0	2044075	1121.62606642	4.3
22590.670092339773	4300	49.38636658285449	0.0	2186790	11275.1157041	4.3
22596.47652019504	4300	47.57993872758781	0.0	2105231	5806.42785527	4.3
22603.10991509109	4300	44.94654383153796	0.0	2395588	6633.39489605	4.3
22609.077405932716	4300	42.97905298991224	0.0	1972048	5967.49084163	4.3
22618.463523333634	4300	37.59293558899268	0.0	2134614	9386.11740092	4.3
22625.42533713692	4300	34.6311217857084	0.0	2164140	6961.81380328	4.3
22651.860773424774	4300	12.19568549785532	0.0	2113193	26435.4362879	4.3
22655.055781827803	1850	13.000677094824882	0.0	954453	3195.00840303	-0.6000000000000001
22657.886459324014	1850	14.169999598615233	0.0	885062	2830.67749621	1.85
22660.47425485762	1850	15.582204065005076	0.0	1035329	2587.79553361	1.85
22661.561678881128	1850	18.494780041499844	0.0	1026056	1087.42402351	1.85
22662.92594603017	4300	21.130512892457332	0.0	2143948	1364.26714904	1.8499999999999996
22664.206876107608	4300	23.849582815020394	0.0	1919781	1280.93007744	4.3
22665.215677846874	4300	26.84078107575155	0.0	2147467	1008.80173927	4.3
22666.654140264254	4300	29.402318658371858	0.0	2133870	1438.46241738	4.3
22667.881635640377	4300	32.17482328225078	0.0	2146120	1227.49537612	4.3
22669.216726706647	4300	34.83973221598007	0.0	2108491	1335.09106627	4.3
22670.444347841498	4300	37.61211108112764	0.0	2184571	1227.62113485	4.3
22671.94092465407	4300	40.115534268553134	0.0	2121928	1496.57681257	4.3
22673.31517991246	4300	42.74127901016513	0.0	2219102	1374.25525839	4.3
22674.38363338635	4300	45.67282553627265	0.0	2124950	1068.45347389	4.3
22675.54994946712	4300	48.506509455506595	0.0	2246506	1166.31608077	4.3
22676.92442988617	4300	51.13202903645543	0.0	1961140	1374.48041905	4.3
22678.2104717001	4300	53.845987222527675	0.0	2155012	1286.04181393	4.3

