4535.63507220556	750	4.0	0.5182129714671516	450283	518.212971467	-1.4783157773087519
4536.758527048193	1850	6.8765451573671745	0.0	957685	1123.45484263	0.75
4537.785963718542	1850	9.849108487018432	0.0	877771	1027.43667035	1.85
4539.985270536911	2850	11.64980166864841	0.0	1520281	2199.30681837	1.85
4541.596446602514	2850	14.038625603046098	0.0	1472558	1611.1760656	2.85
4543.670899760083	4300	15.964172445477656	0.0	1941625	2074.45315757	2.8499999999999996
4546.263201270006	4300	17.37187093555434	0.0	2157535	2592.30150992	4.3
4549.0382349608	4300	18.596837244760355	0.0	2290172	2775.03369079	4.3
4551.334883626333	4300	20.30018857922683	0.0	2055469	2296.64866553	4.3
4554.195183819574	4300	21.439888385986983	0.0	2169201	2860.30019324	4.3
4573.74652462273	4300	5.888547582829986	0.0	2173522	19551.3408032	4.3
4574.670368211695	300	8.964703993864875	0.0	156148	923.843588965	-3.7
4575.228376604053	300	12.406695601506668	0.0	160746	558.008392358	0.3
4575.4724014858875	300	16.162670719672573	0.0	179801	244.024881834	0.3
4575.680164116383	300	19.954908089176932	0.0	140051	207.762630496	0.3
4575.886341242656	300	23.748730962903338	0.0	138313	206.177126274	0.3
4576.852863575317	1850	26.782208630242263	0.0	966699	966.522332661	0.30000000000000004
4579.161172770971	4300	28.47389943458852	0.0	2059512	2308.30919565	1.8499999999999996
4581.523057858794	4300	30.112014346764695	0.0	2220726	2361.88508782	4.3
4584.507410809261	4300	31.127661396296897	0.0	2156729	2984.35295047	4.3
4588.803280790375	4300	30.831791415184124	0.0	2039773	4295.86998111	4.3
4595.037357668226	4300	28.59771453733262	0.0	2176469	6234.07687785	4.3
4605.511115244487	4300	22.123956961070835	0.0	2221506	10473.7575763	4.3
4609.577762038548	2850	22.057310167010783	0.0	1323990	4066.64679406	1.4000000000000001
4612.162343895465	1850	23.472728310093064	0.0	897976	2584.58185692	0.8500000000000001
4614.677429296114	1850	24.95764290944474	0.0	905935	2515.08540065	1.85
4618.619857383382	1850	25.015214822176638	0.0	1076599	3942.42808727	1.85
4622.448190119443	1850	25.186882086114295	0.0	758197	3828.33273606	1.85
4638.682428242684	2850	12.952643962873694	0.0	1498470	16234.2381232	1.85
4639.670281127483	750	15.964791078075542	0.0	400508	987.852884798	-1.35
4640.690857993162	750	18.94421421239624	0.0	358218	1020.57686568	0.75
4641.634807924371	750	22.000264281186876	0.0	400322	943.949931209	0.75
4642.710725179264	750	24.92434702629386	0.0	369834	1075.91725489	0.75
4644.624713791621	1200	27.0103584139377	0.0	670129	1913.98861236	0.75
4667.804201389865	4300	7.830870815693841	0.0	2307787	23179.4875982	1.1999999999999997
4668.822165988241	1200	10.812906217317346	0.0	598727	1017.96459838	-1.9000000000000001
4669.343693713778	750	14.291378491780632	0.0	321064	521.527725537	0.3
4669.860468623366	750	17.77460358219279	0.0	361565	516.774909588	0.75
4670.514167959098	750	21.120904246460007	0.0	378327	653.699335733	0.75
4671.367960344028	750	24.267111861529813	0.0	390680	853.79238493	0.75
4673.647798766097	4300	25.987273439460935	0.0	2108491	2279.83842207	0.75
4676.519811114885	4300	27.11526109067266	0.0	2184571	2872.01234879	4.3
4678.8960339228	4300	28.73903828275731	0.0	2121928	2376.22280792	4.3
4681.965536086148	4300	29.669536119409464	0.0	2219102	3069.50216335	4.3
4685.007411306015	4300	30.627660899542544	0.0	2124950	3041.87521987	4.3
4687.520608189524	4300	32.114464016032876	0.0	2246506	2513.19688351	4.3
4690.895518888907	4300	32.73955331665027	0.0	1961140	3374.91069938	4.3
4692.927041247898	4300	34.70803095765921	0.0	2155012	2031.52235899	4.3

