27752.838672053073	750	4.0	2.9234578721481816	450283	2923.45787215	-11.820868850237181
27753.48096706098	300	7.357704992093969	0.0	155580	642.295007906	-0.15000000000000002
27756.25677207566	750	8.581899977411338	0.0	350812	2775.80501468	0.3
27760.6417721561	750	8.196899896970061	0.0	382355	4385.00008044	0.75
27764.40127343047	750	8.437398622600824	0.0	411561	3759.50127437	0.75
27767.231235836905	750	9.60743621616585	0.0	318564	2829.96240643	0.75
27770.192832945766	750	10.645839107302574	0.0	352642	2961.59710886	0.75
27775.44351916914	750	9.395152883931368	0.0	437162	5250.68622337	0.75
27779.253626273385	750	9.585045779685263	0.0	374758	3810.10710425	0.75
27782.320944110368	750	10.517727942705003	0.0	362795	3067.31783698	0.75
27784.985781598283	750	11.852890454786806	0.0	353220	2664.83748792	0.75
27788.187586328477	750	12.651085724595525	0.0	405134	3201.80473019	0.75
27791.934730346922	750	12.903941706149988	0.0	386351	3747.14401845	0.75
27799.98910476701	1200	8.849567286061509	0.0	687371	8054.37442009	0.75
27801.98937505931	750	10.849296993761733	0.0	337059	2000.2702923	0.3
27804.34828098519	750	12.490391067882609	0.0	366214	2358.90592588	0.75
27806.625468269754	750	14.213203783317852	0.0	360831	2277.18728456	0.75
27808.934157583735	750	15.904514469337348	0.0	372963	2308.68931398	0.75
27812.67479900403	1200	16.16387304904529	0.0	639204	3740.64142029	0.75
27816.196352180246	1200	16.642319872828885	0.0	586839	3521.55317622	1.2
27820.156159009486	1200	16.68251304358883	0.0	601738	3959.80682924	1.2
27823.41839222954	1200	17.420279823533747	0.0	616206	3262.23322006	1.2
27828.70618477627	1850	16.132487276807357	0.0	968026	5287.79254673	1.2000000000000002
27833.006786877035	1850	15.83188517604008	0.0	874175	4300.60210077	1.85
27838.013202391747	1850	14.825469661329855	0.0	897976	5006.41551471	1.85
27843.429993018122	1850	13.408679034958569	0.0	905935	5416.79062637	1.85
27850.471697521065	1850	10.366974532014883	0.0	1076599	7041.70450294	1.85
27855.502067140435	1850	9.336604912646605	0.0	758197	5030.36961937	1.85
27863.29813174708	1850	5.540540306000484	0.0	972798	7796.06460665	1.85
27867.1093012382	1200	5.729370814882341	0.0	641447	3811.16949112	0.5499999999999999
27870.693118161176	1200	6.145553891909902	0.0	570392	3583.81692297	1.2
27875.57344536488	1200	5.26522668820454	0.0	620283	4880.32720371	1.2
27878.497263923247	750	6.341408129839902	0.0	369834	2923.81855836	0.3
27881.938445240376	750	6.900226812713457	0.0	412837	3441.18131713	0.75
27885.25530807421	750	7.583363978878396	0.0	401088	3316.86283384	0.75
27888.438745335057	750	8.399926718029684	0.0	365161	3183.43726085	0.75
27891.28399734913	750	9.55467470395874	0.0	321064	2845.25201407	0.75
27895.388334445164	750	9.450337607924851	0.0	361565	4104.33709603	0.75
27898.37667227656	750	10.461999776527438	0.0	378327	2988.3378314	0.75
27900.930836413052	750	11.90783564003512	0.0	390680	2554.16413649	0.75
27902.50582768366	750	14.332844369425857	0.0	345516	1574.99127061	0.75
27904.542488476913	750	16.29618357617451	0.0	384505	2036.66079325	0.75
27907.838577045062	1200	17.00009500802755	0.0	599477	3296.08856815	0.75
27911.112801783278	1200	17.72587026980899	0.0	634861	3274.22473822	1.2
27914.37364897568	1200	18.46502307740784	0.0	630203	3260.8471924	1.2
27923.433579781547	2850	13.405092271543744	0.0	1483527	9059.93080586	1.2000000000000002
27936.305311894102	2850	4.533360158985635	0.0	1231456	12871.7321126	2.85
27938.256956972236	750	6.5817150808521765	0.0	314107	1951.64507813	-1.35

