4888.268892246531	750	4.0	2.407720590610966	450283	2407.72059061	-9.603198539627154
4890.410809470531	750	5.858082776000775	0.0	398865	2141.917224	0.75
4893.393581827985	1200	6.875310418546187	0.0	571051	2982.77235745	0.75
4896.612724499591	1200	7.65616774693948	0.0	617681	3219.14267161	1.2
4900.101209506281	1200	8.167682740250408	0.0	652874	3488.48500669	1.2
4902.635953013646	1200	9.63293923288452	0.0	520315	2534.74350737	1.2
4905.155804266327	1200	11.11308798020408	0.0	561791	2519.85125268	1.2
4909.910050326281	1850	10.358841920250851	0.0	1060487	4754.24605995	1.2000000000000002
4913.717083855526	1850	10.551808391005633	0.0	852833	3807.03352925	1.85
4917.787377819576	1850	10.481514426955277	0.0	913888	4070.29396405	1.85
4922.067078271991	1850	10.201813974541006	0.0	939819	4279.70045241	1.85
4926.183499104637	1850	10.085393141895128	0.0	917428	4116.42083265	1.85
4930.640361490973	1850	9.628530755558213	0.0	946851	4456.86238634	1.85
4935.208290478489	1850	9.060601768041783	0.0	1036454	4567.92898752	1.85
4938.903425160862	1850	9.365467085669566	0.0	821631	3695.13468237	1.85
4942.226018799159	1850	10.04287344737217	0.0	923170	3322.5936383	1.85
4942.653270565481	1850	13.615621681049824	0.0	966699	427.251766322	1.85
4943.051431390057	1850	17.2174608564742	0.0	885714	398.160824576	1.85
4943.486229882256	1850	20.78266236427476	0.0	987708	434.798492199	1.85
4944.046157680253	2850	24.222734566278724	0.0	1336050	559.927797996	1.85
4944.858872596837	4300	27.410019649694934	0.0	2039773	812.714916584	2.8499999999999996
4945.72069062354	4300	30.54820162299187	0.0	2176469	861.818026703	4.3
4946.598686568912	4300	33.670205677619336	0.0	2221506	877.995945373	4.3
4947.412946823909	4300	36.855945422622334	0.0	2044075	814.260254997	4.3
4948.1825190575355	4300	40.08637318899588	0.0	2186790	769.572233626	4.3
4948.844861831002	4300	43.42403041552968	0.0	2105231	662.342773466	4.3
4949.587522299142	4300	46.68136994738991	0.0	2395588	742.66046814	4.3
4950.213024385007	4300	50.055867861524526	0.0	1972048	625.502085865	4.3
4950.88349499704	4300	53.38539724949202	0.0	2134614	670.470612032	4.3
4951.562133003876	4300	56.706759242656126	0.0	2164140	678.638006836	4.3
4952.726678202236	4300	59.542214044295775	0.0	2113193	664.54519836	4.3
4956.380449685439	4300	59.868081575851726	0.0	2147852	674.132468444	4.3
4959.264223005246	4300	59.62601442332799	0.0	2191074	742.067152524	4.3
4960.747272903246	4300	59.91534255796996	0.0	2286761	710.671865358	4.3
4965.002158157777	4300	59.66045730343899	0.0	2307787	754.885254531	4.3
4968.669494222865	4300	59.99312123835037	0.0	2143948	667.3360650886236	4.3
4971.829425238642	4300	59.89045540659241	0.0	1919781	602.665831758	4.3
4974.407182109102	4300	59.590209563371964	0.0	2147467	800.24584322	4.3
4975.482175542855	4300	59.901468360114826	0.0	2133870	688.741203257	4.3
4979.699139891838	4300	59.68450401113219	0.0	2146120	716.964348983	4.3
4983.470289164094	4300	59.91335473887636	0.0	2108491	771.1492722558379	4.3
4986.630130589364	4300	59.90061695210857	0.0	2184571	1012.73778677	4.3
4988.599983288507	4300	59.69924242178826	0.0	2121928	701.37453032	4.3
4989.434991943118	4300	59.87597717889422	0.0	2219102	823.265242894	4.3
4993.4030913917	4300	59.907877730312464	0.0	2124950	968.099448582	4.3
4997.260739131959	4300	59.888975290332425	0.0	2246506	1018.90243998	4.3
4999.810368340745	4300	59.743533336078485	0.0	1961140	645.441954254	4.3
5001.4286661145225	4300	59.59647807645644	0.0	2155012	647.055259622	4.3

