29094.360381844	750	4.0	7.941297778973574	450283	7941.29777897	-33.397580449586364
29096.62137608609	300	5.739005757908654	0.0	155580	2260.99424209	-0.15000000000000002
29098.699800003677	300	7.660581840322188	0.0	139857	2078.42391759	0.3
29101.00077590305	300	9.359605940951406	0.0	155432	2300.97589937	0.3
29103.351153381493	300	11.009228462509027	0.0	163442	2350.37747844	0.3
29105.162200838666	300	13.198181005334936	0.0	126289	1811.04745717	0.3
29107.349282275198	300	15.011099568805193	0.0	153295	2187.08143653	0.3
29113.5011707414	750	12.85921110260047	0.0	437162	6151.8884662	0.3
29118.72632312075	750	11.63405872325043	0.0	374758	5225.15237935	0.75
29123.75804187056	750	10.602339973443952	0.0	362795	5031.71874981	0.75
29128.679208547845	750	9.681173296154908	0.0	353220	4921.16667729	0.75
29134.32871068302	750	8.031671160979206	0.0	405134	5649.50213518	0.75
29140.51825630946	750	5.8421255345386935	0.0	386351	6189.54562644	0.75
29147.739236495952	750	4.0	1.3788546519523353	434409	7220.98018649	-5.179075003395042
29149.727020553502	300	6.012215942449493	0.0	140051	1987.78405755	-0.15000000000000002
29151.691129459203	300	8.048107036750974	0.0	138313	1964.1089057	0.3
29153.73361544494	300	10.00562105101446	0.0	143509	2042.48598574	0.3
29155.881776494454	300	11.857460001499899	0.0	150616	2148.16104951	0.3
29158.30429863467	300	13.434937861282032	0.0	165384	2422.52214022	0.3
29164.102178474204	750	11.637058021751217	0.0	350713	5797.87983953	0.3
29169.456177859873	750	10.283058636079899	0.0	386472	5353.99938567	0.75
29175.00134047768	750	8.737896018273215	0.0	399894	5545.16261781	0.75
29180.606665048592	750	7.132571447359943	0.0	401853	5605.32457091	0.75
29185.51919128726	750	6.220045208692051	0.0	343800	4912.52623867	0.75
29187.717851810583	300	8.0213846853719	0.0	146754	2198.66052332	-0.15000000000000002
29189.93890767671	300	9.800328819242567	0.0	153938	2221.05586613	0.3
29192.504591840778	300	11.234644655177382	0.0	181901	2565.68416407	0.3
29194.116650724987	300	13.622585770965209	0.0	111155	1612.05888421	0.3
29199.81498863017	750	11.924247865784094	0.0	400396	5698.33790518	0.3
29210.55539033926	750	5.18384615669097	0.0	400508	10740.4017091	0.75
29212.95591458396	300	6.783321911995292	0.0	157421	2400.5242447	-0.15000000000000002
29218.769605462458	300	4.969631033496762	0.0	157488	5813.6908785	0.3
29221.123271600514	300	6.615964895441089	0.0	143881	2353.66613806	0.3
29223.61670344348	300	8.122533052475701	0.0	163444	2493.43184297	0.3
29226.24098562249	300	9.498250873461519	0.0	179328	2624.28217901	0.3
29228.567099686723	300	11.172136809228842	0.0	159914	2326.11406423	0.3
29230.466992445927	300	13.272244050025385	0.0	131610	1899.8927592	0.3
29232.24409708641	300	15.495139409540167	0.0	124011	1777.10464049	0.3
29234.29822948441	300	17.441007011538744	0.0	144254	2054.132398	0.3
29236.419404581335	300	19.31983191461859	0.0	149991	2121.17509692	0.3
29238.511545309342	300	21.22769118661006	0.0	147968	2092.14072801	0.3
29243.886181882437	750	19.85305461351425	0.0	384505	5374.6365731	0.3
29249.076433894574	750	18.662802601376583	0.0	372093	5190.25201214	0.75
29255.249103050523	750	16.490133445428935	0.0	438281	6172.66915595	0.75
29261.41546618235	750	14.32377031360313	0.0	398987	6166.36313183	0.75
29268.007131797447	750	11.732104698501749	0.0	393804	6591.6656151	0.75
29273.816468725727	750	9.922767770223544	0.0	331053	5809.33692828	0.75
29281.67500759081	1200	6.064228905140582	0.0	550906	7858.53886508	0.75

