32832.34403986701	750	4.0	3.5287227257809612	450283	3528.72272578	-14.423507720858133
32833.61562889364	300	6.728410973372297	0.0	155580	1271.58902663	-0.15000000000000002
32834.73106502002	300	9.612974846989555	0.0	139857	1115.43612638	0.3
32835.94173612503	300	12.402303741982454	0.0	155432	1210.67110501	0.3
32837.210674996975	300	15.133364870034782	0.0	163442	1268.93887195	0.3
32838.20934890698	300	18.13469096002757	0.0	126289	998.673910007	0.3
32840.860645926536	750	19.483393940472443	0.0	352642	2651.29701956	0.3
32846.1368456817	1200	18.207194185312947	0.0	709534	5276.19975516	0.75
32850.53563874491	1200	17.808401122100296	0.0	584846	4398.79306321	1.2
32854.788311770106	1200	17.555728096905106	0.0	560821	4252.6730252	1.2
32859.21422160934	1200	17.129818257666777	0.0	607410	4425.90983924	1.2
32863.974535143985	1200	16.369504723026317	0.0	594078	4760.31353464	1.2
32868.756852422914	1200	15.58718744409541	0.0	624282	4782.31727893	1.2
32874.661724063466	1200	13.68231580354277	0.0	687371	5904.87164055	1.2
32878.66726812957	1200	13.676771737440069	0.0	526950	4005.5440661	1.2
32883.24807665307	1200	13.095963213934901	0.0	587876	4580.80852351	1.2
32888.10422913212	1200	12.239810734881999	0.0	617242	4856.15247905	1.2
32892.575628797975	1200	11.768411069030677	0.0	581493	4471.39966585	1.2
32897.31511753465	1200	11.028922332351039	0.0	639204	4739.48873668	1.2
32901.59202255329	1200	10.7520173137135	0.0	586839	4276.90501864	1.2
32906.02535380778	1200	10.318686059221037	0.0	601738	4433.33125449	1.2
32910.59049494476	1200	9.753544922249173	0.0	616206	4565.14113697	1.2
32915.5757443539	1200	8.76829551310939	0.0	656471	4985.24940914	1.2
32919.572349085625	1200	8.771690781379574	0.0	536667	3996.60473173	1.2
32924.00259589038	1200	8.341443976627966	0.0	587236	4430.24680475	1.2
32928.38989705975	1200	7.954142807254704	0.0	590335	4387.30116937	1.2
32933.4694160487	1200	6.8746238183076525	0.0	696376	5079.51898895	1.2
32937.07787316083	1200	7.26616670617549	0.0	487160	3608.45711213	1.2
32941.832518022005	1200	6.511521844997828	0.0	622896	4754.64486118	1.2
32946.413393888426	1200	5.930645978575639	0.0	641447	4580.87586642	1.2
32947.59973945306	1200	8.744300413945988	0.0	570392	1186.34556463	1.2
32948.88285475949	1200	11.461185107516071	0.0	620283	1283.11530643	1.2
32950.09627164532	1200	14.247768221680062	0.0	584349	1213.41688584	1.2
32951.476069410506	1200	16.867970456494536	0.0	670129	1379.79776519	1.2
32952.918500127445	1200	19.425539739556093	0.0	690253	1442.43071694	1.2
32955.842865836974	2850	20.50117403003165	0.0	1439896	2924.36570952	1.2000000000000002
32958.16521168797	2850	22.178828179034948	0.0	1139291	2322.345851	2.85
32962.43490917156	4300	21.909130695440886	0.0	2147467	4269.69748359	2.8499999999999996
32966.51556273895	4300	21.828477128056935	0.0	2133870	4080.65356738	4.3
32970.71658427799	4300	21.627455589021345	0.0	2146120	4201.02153904	4.3
32974.87075667964	4300	21.473283187370445	0.0	2108491	4154.17240165	4.3
32979.18077386189	4300	21.163266005119553	0.0	2184571	4310.01718225	4.3
32983.34979832203	4300	20.994241544971114	0.0	2121928	4169.02446015	4.3
32987.649967042846	4300	20.694072824158646	0.0	2219102	4300.16872081	4.3
32991.82974466567	4300	20.51429520132931	0.0	2124950	4179.77762283	4.3
32996.24795345201	4300	20.096086414993717	0.0	2246506	4418.20878634	4.3
33000.15883907209	4300	20.18520079490882	0.0	1961140	3910.88562008	4.3
33004.60237868948	4300	19.74166117752087	0.0	2155012	4443.53961739	4.3

