32322.383334423976	750	4.0	1.3593178187470316	450283	1359.31781875	-5.0950666206122355
32323.588825904262	750	6.7945085197146975	0.0	398865	1205.49148029	0.75
32324.37203265108	750	10.011301772893315	0.0	350812	783.206746821	0.75
32326.58696421889	1850	11.796370205084347	0.0	933276	2214.93156781	0.75
32328.814562948202	1850	13.56877147577693	0.0	996749	2227.59872931	1.85
32330.52238618117	1850	15.860948242810148	0.0	801058	1707.82323297	1.85
32333.31103014301	2850	17.072304280965568	0.0	1388403	2788.64396184	1.85
32338.11429938489	4300	16.269035039084226	0.0	2290172	4803.26924188	2.8499999999999996
32342.310678037957	4300	16.072656386019663	0.0	2055469	4196.37865306	4.3
32347.670374366724	4300	14.712960057254687	0.0	2169201	5359.69632876	4.3
32352.743145876455	4300	13.640188547521799	0.0	2173522	5072.77150973	4.3
32357.921449287936	4300	12.461885136043161	0.0	2102452	5178.30341148	4.3
32363.86151157165	4300	10.5218228523301	0.0	2209463	5940.06228371	4.3
32370.96097037209	4300	7.422364051890034	0.0	2275376	7099.45880044	4.3
32378.149038441738	4300	4.234295982240859	0.0	2005399	7188.06806965	4.3
32381.62075873067	1850	4.762575693304459	0.0	923170	3471.72028894	-0.6000000000000001
32384.923284709414	1850	5.460049714565872	0.0	966699	3302.52597874	1.85
32387.742995804612	1850	6.640338619367365	0.0	885714	2819.7110952	1.85
32391.56388682304	1850	6.8194476009358915	0.0	987708	3820.89101843	1.85
32396.78552708791	1850	5.597807336065779	0.0	923755	5221.64026487	1.85
32399.36130004717	1200	7.022034376808834	0.0	601738	2575.77295926	0.5499999999999999
32402.75275377498	1200	7.630580648997511	0.0	616206	3391.45372781	1.2
32407.837802310834	1200	6.545532113143506	0.0	656471	5085.04853585	1.2
32411.791276812568	1200	6.592057611410486	0.0	536667	3953.47450173	1.2
32415.517295973867	1200	6.866038450112657	0.0	587236	3726.0191613	1.2
32418.641539600572	750	7.741794823405548	0.0	379700	3124.24362671	0.3
32422.338821087615	750	8.044513336365037	0.0	425781	3697.28148704	0.75
32424.345620097374	750	10.037714326604329	0.0	277716	2006.79900976	0.75
32427.564413811382	750	10.818920612594898	0.0	400396	3218.79371401	0.75
32431.31410136725	750	11.069233056728066	0.0	400508	3749.68755587	0.75
32434.45642016017	750	11.926914263807026	0.0	358218	3142.31879292	0.75
32437.724312061902	750	12.659022362076914	0.0	400322	3267.89190173	0.75
32440.326486446247	750	14.05684797773402	0.0	369834	2602.17438434	0.75
32445.21744624536	1200	13.165888178624835	0.0	670129	4890.95979911	0.75
32450.037084136784	1200	12.34625028719695	0.0	690253	4819.63789143	1.2
32454.10821651562	1200	12.275117908361999	0.0	598727	4071.13237883	1.2
32457.315879520214	1200	13.067454903767246	0.0	487812	3207.66300459	1.2
32461.436403301668	1200	12.946931122315055	0.0	575591	4120.52378145	1.2
32464.909424700636	1200	13.473909723345098	0.0	605884	3473.02139897	1.2
32470.10872576568	1200	12.274608658302625	0.0	587506	5199.30106504	1.2
32474.857260522185	1200	11.526073901793826	0.0	566904	4748.53475651	1.2
32479.168020718967	1200	11.215313705014403	0.0	641452	4310.76019678	1.2
32483.86950218754	1200	10.513832236440185	0.0	599477	4701.48146857	1.2
32488.33599592961	1200	10.04733849437015	0.0	634861	4466.49374207	1.2
32493.33258138256	1200	9.05075304141905	0.0	630203	4996.58545295	1.2
32500.564370080636	1200	5.818964343346504	0.0	638661	7231.78869807	1.2
32504.551596877594	750	5.831737546387737	0.0	331053	3987.22679696	0.3
32513.405782978774	1200	4.0	3.02244855479305	550906	8854.18610118	-12.246528785610113

