10944.989660405534	750	4.0	4.50680189092432	450283	4506.80189092	-18.629248130974577
10946.515631961327	300	6.474028444206829	0.0	155580	1525.97155579	-0.15000000000000002
10947.850451131959	300	9.139209273575215	0.0	139857	1334.81917063	0.3
10949.32501167115	300	11.664648734384379	0.0	155432	1474.56053919	0.3
10950.871439199886	300	14.118221205648798	0.0	163442	1546.42752874	0.3
10952.001968869163	300	16.987691536371923	0.0	126289	1130.52966928	0.3
10956.771285343186	1200	16.218375062348947	0.0	561791	4769.31647402	0.29999999999999993
10963.189599758374	1200	13.800060647159757	0.0	709534	6418.31441519	1.2
10968.485683294868	1200	12.503977110664447	0.0	584846	5296.0835365	1.2
10973.422493176184	1200	11.567167229348422	0.0	560821	4936.80988132	1.2
10979.02455877124	1200	9.965101634293129	0.0	607410	5602.06559506	1.2
10984.245555987334	1200	8.744104418199043	0.0	594078	5220.99721609	1.2
10990.134199948461	1200	6.855460457070658	0.0	624282	5888.64396113	1.2
10997.08738041806	1200	4.0	0.09772001252549944	687371	6953.1804696	0.7798039461403523
11000.304972807238	750	4.782407610820472	0.0	337059	3217.59238918	0.3
11003.632249418737	750	5.455130999320323	0.0	366214	3327.2766115	0.75
11006.803702473897	750	6.2836779441595905	0.0	360831	3171.45305516	0.75
11010.319864682637	750	6.76751573542011	0.0	372963	3516.16220874	0.75
11013.949421877358	750	7.137958540699868	0.0	405596	3629.55719472	0.75
11016.97511214871	750	8.112268269348606	0.0	350713	3025.69027135	0.75
11020.28768341193	750	8.799697006127937	0.0	386472	3312.57126322	0.75
11023.666176067893	750	9.42120435016481	0.0	399894	3378.49265596	0.75
11027.0020000076	750	10.085380410456855	0.0	401853	3335.82393971	0.75
11029.866737354372	750	11.220643063684527	0.0	343800	2864.73734677	0.75
11034.952232205573	1200	10.13514821248299	0.0	587236	5085.4948512	0.75
11039.937347852037	1200	9.150032566019032	0.0	590335	4985.11564646	1.2
11045.577483140736	1200	7.509897277320129	0.0	696376	5640.1352887	1.2
11049.590637383524	1200	7.4967430345334325	0.0	487160	4013.15424279	1.2
11054.648353411418	1200	6.439027006640067	0.0	622896	5057.71602789	1.2
11059.975858797598	1200	5.111521620460396	0.0	641447	5327.50538618	1.2
11062.956342470647	750	6.131037947411556	0.0	358218	2980.48367305	0.3
11066.135529356006	750	6.951851062051308	0.0	400322	3179.18688536	0.75
11069.075975371152	750	8.011405046905903	0.0	369834	2940.44601515	0.75
11072.343573575201	750	8.743806842857676	0.0	412837	3267.59820405	0.75
11078.09977117248	1200	6.987609245580039	0.0	690253	5756.19759728	0.75
11083.419675524608	1200	5.6677048934488345	0.0	598727	5319.90435213	1.2
11087.523926028452	1200	5.563454389604936	0.0	487812	4104.25050384	1.2
11092.456264691973	1200	4.631115726083777	0.0	575591	4932.33866352	1.2
11095.556385748532	750	5.530994669525969	0.0	378327	3100.12105656	0.3
11098.659535657473	750	6.427844760584934	0.0	390680	3103.14990894	0.75
11101.491158104847	750	7.5962223132101405	0.0	345516	2831.62244737	0.75
11104.630468698992	750	8.45691171906642	0.0	384505	3139.31059414	0.75
11107.661086746552	750	9.426293671506734	0.0	372093	3030.61804756	0.75
11112.844979929852	1200	8.242400488203863	0.0	634861	5183.8931833	0.75
11117.98658345584	1200	7.100796962216462	0.0	630203	5141.60352599	1.2
11122.98366048337	1200	6.103719934684852	0.0	638661	4997.07702753	1.2
11127.196094558365	1200	5.891285859690672	0.0	538612	4212.43407499	1.2
11133.704661385585	1850	4.0	0.6172809675282896	846370	6508.56682722	-1.454308160371645

