3384.4918190711246	750	4.0	9.193022248441956	450283	9193.02224844	-38.77999566830041
3387.4147904974384	300	5.077028573686151	0.0	155580	2922.97142631	-0.15000000000000002
3389.9344752121006	300	6.557343859024268	0.0	139857	2519.68471466	0.3
3392.726550956787	300	7.765268114337569	0.0	155432	2792.07574469	0.3
3395.6586009298708	300	8.833218141254072	0.0	163442	2932.04997308	0.3
3397.9378243108395	300	10.553994760285347	0.0	126289	2279.22338097	0.3
3400.6872341918092	300	11.804584879315655	0.0	153295	2749.40988097	0.3
3403.811336723754	300	12.680482347371388	0.0	173849	3124.10253194	0.3
3406.52818987683	300	13.963629194295297	0.0	150710	2716.85315308	0.3
3409.030661806509	300	15.461157264615858	0.0	139105	2502.47192968	0.3
3411.748276304818	300	16.743542766307577	0.0	141840	2717.61449831	0.3
3415.680762318869	300	16.811056752256867	0.0	156148	3932.48601405	0.3
3418.762453719751	300	17.729365351374426	0.0	160746	3081.69140088	0.3
3422.0274632992528	300	18.464355771873	0.0	179801	3265.0095795	0.3
3424.62702552282	300	19.864793548305496	0.0	140051	2599.56222357	0.3
3427.2532933084667	300	21.238525762659233	0.0	138313	2626.26778565	0.3
3430.157834373931	300	22.333984697195003	0.0	143509	2904.54106546	0.3
3433.379099534783	300	23.112719536342734	0.0	150616	3221.26516085	0.3
3437.0689031177394	300	23.422915953385985	0.0	165384	3689.80358296	0.3
3439.8410296399084	300	24.650789431216896	0.0	140881	2772.12652217	0.3
3442.929237898911	300	25.562581172214053	0.0	157671	3088.208259	0.3
3446.009868211529	300	26.481950859596108	0.0	157812	3080.63031262	0.3
3453.78342170342	750	22.708397367705146	0.0	401853	7773.55349189	0.3
3460.4845810114034	750	20.007238059722066	0.0	343800	6701.15930798	0.75
3467.4019254314776	750	17.089893639648036	0.0	359903	6917.34442007	0.75
3474.350385781233	750	14.14143328989246	0.0	379700	6948.46034976	0.75
3482.7590599247173	750	9.732759146407492	0.0	425781	8408.67414348	0.75
3491.151946271655	750	5.339872799469773	0.0	277716	8392.88634694	0.75
3494.0889235051627	300	6.402895565961993	0.0	153605	2936.97723351	-0.15000000000000002
3496.9316897751996	300	7.560129295925408	0.0	149029	2842.76627004	0.3
3499.961942977824	300	8.529876093300569	0.0	157421	3030.25320262	0.3
3503.005697432711	300	9.48612163841411	0.0	157488	3043.75445489	0.3
3505.8085581955343	300	10.683260875590705	0.0	143881	2802.86076282	0.3
3508.9630482531206	300	11.52877081800402	0.0	163444	3154.49005759	0.3
3512.371203614549	300	12.120615456576012	0.0	179328	3408.15536143	0.3
3515.4116526680564	300	13.080166403068144	0.0	159914	3040.44905351	0.3
3517.926138348042	300	14.565680723082497	0.0	131610	2514.48567999	0.3
3520.3062138227347	300	16.185605248389997	0.0	124011	2380.07547469	0.3
3523.0629575082066	300	17.428861562917678	0.0	144254	2756.74368547	0.3
3525.982638420978	300	18.509180650146273	0.0	149991	2919.68091277	0.3
3528.8690307585507	300	19.62278831257357	0.0	147968	2886.39233757	0.3
3531.989229710634	300	20.502589360490553	0.0	161857	3120.19895208	0.3
3534.7807542760247	300	21.711064795099627	0.0	145210	2791.52456539	0.3
3543.0393559508952	750	17.452463120228913	0.0	438281	8258.60167487	0.3
3550.163568727771	750	14.328250343353181	0.0	398987	7124.21277688	0.75
3557.5720301987685	750	10.919788872355145	0.0	393804	7408.461471	0.75
3563.5690859846004	750	8.9227330865238	0.0	331053	5997.05578583	0.75
3574.0789754156526	1200	4.0	1.5871563445285302	550906	10509.8894311	-6.074772281472679

