31283.463754928005	750	4.0	4.321690655209452	450283	4321.69065521	-17.833269817400645
31285.332731147697	300	6.131023780307063	0.0	155580	1868.97621969	-0.15000000000000002
31286.664157523035	300	8.79959740496544	0.0	139857	1331.42637534	0.3
31288.156588773698	300	11.307166154302012	0.0	155432	1492.43125066	0.3
31288.802380652123	300	14.661374275875994	0.0	163442	645.791878426	0.3
31289.153263564956	300	18.310491363041184	0.0	126289	350.882912835	0.3
31290.250439825562	750	21.213315102437285	0.0	352642	1097.1762606	0.3
31291.511510050543	750	23.95224487745648	0.0	437162	1261.07022498	0.75
31293.653993098218	1850	25.80976182978062	0.0	852833	2142.48304768	0.75
31297.29783051288	2850	26.165924415116518	0.0	1429765	3643.83741466	1.85
31301.72151177213	2850	25.742243155864074	0.0	1354548	4423.68125925	2.85
31306.243254147037	2850	25.220500780960514	0.0	1519951	4521.7423749	2.85
31330.028954790225	2850	5.43480013777663	0.0	1422919	23785.7006432	2.85
31330.69083306628	300	8.772921861717343	0.0	179801	661.878276059	-2.25
31331.21007956241	300	12.253675365588753	0.0	140051	519.246496129	0.3
31331.690930266574	300	15.772824661426055	0.0	138313	480.850704163	0.3
31332.17189139534	300	19.29186353265855	0.0	143509	480.961128768	0.3
31332.654359644723	300	22.8093952832787	0.0	150616	482.46824938	0.3
31336.860659970178	2850	22.603094957821188	0.0	1537156	4206.30032546	0.30000000000000027
31345.54834716753	2850	17.91540776047262	0.0	1336050	8687.68719735	2.85
31350.57425409043	1850	16.889500837574822	0.0	891604	5025.9069229	0.8500000000000001
31352.235089008936	1850	19.228665919069403	0.0	955231	1660.83491851	1.85
31353.489670026127	1850	21.97408490187699	0.0	968026	1254.58101719	1.85
31354.522818220637	1850	24.940936707364802	0.0	874175	1033.14819451	1.85
31355.462953919076	1850	28.00080100892686	0.0	897976	940.135698438	1.85
31357.51792910349	4300	29.9458258245136	0.0	2105231	2054.97518441	1.8499999999999996
31360.090348446323	4300	31.373406481677478	0.0	2395588	2572.41934284	4.3
31369.443935934352	4300	26.01981899364688	0.0	1972048	9353.58748803	4.3
31371.99420544615	2850	27.469549481849086	0.0	1498470	2550.2695118	1.4000000000000001
31374.164500405535	2850	29.29925452246476	0.0	1561263	2170.29495938	2.85
31376.073671273483	2850	31.390083654514427	0.0	1341201	1909.17086795	2.85
31378.310026099836	2850	33.15372882816524	0.0	1497683	2236.35482635	2.85
31380.12867046573	2850	35.335084462268014	0.0	1358081	1818.6443659	2.85
31393.67843254885	4300	25.78532237914738	0.0	2286761	13549.7620831	2.8499999999999996
31396.92472051686	1850	26.539034411138548	0.0	1026056	3246.28796801	-0.6000000000000001
31399.37860279182	1850	28.08515213617754	0.0	943942	2453.88227496	1.85
31402.11946039467	1850	29.344294533325762	0.0	728962	2740.85760285	1.85
31412.66427567387	1850	22.799479254130553	0.0	938587	10544.8152792	1.85
31415.612904038873	1200	23.850850889127553	0.0	605884	2948.628365	0.5499999999999999
31418.873482973173	1200	24.59027195482718	0.0	587506	3260.5789343	1.2
31420.91930004515	750	26.544454882851696	0.0	345516	2045.81707198	0.3
31423.1314012196	750	28.33235370839535	0.0	384505	2212.10117446	0.75
31425.358132282603	750	30.105622645395	0.0	372093	2226.731063	0.75
31427.7079196368	750	31.755835291199	0.0	438281	2349.7873542	0.75
31434.070328016413	1850	29.39342691158959	0.0	958994	6362.40837961	0.75
31447.423748935576	2850	20.04000599242464	0.0	1483527	13353.4209192	1.85
31452.36963368926	2850	19.094121238737916	0.0	1231456	4945.88475369	2.85
31454.06078254	2850	21.40297238800046	0.0	1364537	1691.14885074	2.85

