26083.498307023663	750	4.0	1.902240655804171	450283	1902.2406558	-7.4296348199579345
26085.231919589816	750	6.266387433847131	0.0	398865	1733.61256615	0.75
26086.85717301944	750	8.641134004221625	0.0	350812	1625.25342963	0.75
26088.737671159608	750	10.760635864056624	0.0	382355	1880.49814016	0.75
26091.88470884398	1200	11.613598179681432	0.0	652874	3147.03768438	0.75
26093.902894838997	1200	13.595412184666994	0.0	520315	2018.18599501	1.2
26096.154014626754	1200	15.344292396911166	0.0	561791	2251.11978776	1.2
26100.288798152495	1850	15.209508871170172	0.0	1060487	4134.78352574	1.2000000000000002
26103.167303104703	1850	16.331003918962065	0.0	852833	2878.50495221	1.85
26106.73001621523	1850	16.768290808433704	0.0	913888	3562.71311053	1.85
26109.75991962271	1850	17.73838740095653	0.0	939819	3029.90340748	1.85
26115.325404390867	2850	16.172902632796944	0.0	1519951	5565.48476816	1.85
26120.425798561908	2850	15.072508461754799	0.0	1422919	5100.39417104	2.85
26127.335274607227	2850	12.163032416436897	0.0	1578343	6909.47604532	2.85
26132.95613618703	2850	10.542170836634957	0.0	1231445	5620.8615798	2.85
26139.511080503984	2850	7.987226519678522	0.0	1471065	6554.94431696	2.85
26143.724672930402	1850	7.773634093263161	0.0	966699	4213.59242642	0.8500000000000001
26147.26578901656	1850	8.232518007104778	0.0	885714	3541.11608616	1.85
26151.76573364526	1850	7.732573378402362	0.0	987708	4499.9446287	1.85
26155.678264184207	1850	7.8200428394547945	0.0	923755	3912.53053895	1.85
26160.541430922254	1850	6.956876101408212	0.0	891604	4863.16673805	1.85
26167.32445824318	1850	4.173848780484838	0.0	955231	6783.02732092	1.85
26171.100599633242	750	4.39770739042252	0.0	401853	3776.14139006	-0.3500000000000001
26176.96012697907	750	4.0	1.4618199554010025	343800	5859.52734582	-5.535825808224311
26183.151693845648	300	4.0	2.191566866579835	146754	6191.56686658	-9.573737526293288
26188.843468737425	300	4.0	1.6917748917748923	153938	5691.77489177	-6.9746320346320365
26195.5546284549	300	4.0	2.711159717475507	181901	6711.15971748	-11.357986785144679
26199.68675878071	300	4.0	0.13213032581453626	111155	4132.13032581	-0.2681604010025059
26205.366394232977	300	4.0	1.6796354522670318	153605	5679.63545227	-6.922432444748237
26210.879212642638	300	4.0	1.5128184096605155	149029	5512.81840966	-6.205119161540217
26216.697959509806	300	4.0	1.81874686716792	157421	5818.74686717	-7.520611528822055
26222.519148846783	300	4.0	1.8211893369788112	157488	5821.18933698	-7.531114149008888
26227.84429808351	300	4.0	1.3251492367281843	143881	5325.14923673	-5.398141717931193
26233.882612050245	300	4.0	2.0383139667350205	163444	6038.31396674	-8.464750056960588
26238.45611107116	300	4.0	0.5734990209118832	179328	4573.49902091	-2.166045789921098
26239.887147774385	300	6.568963296775549	0.0	159914	1431.03670322	0.3
26241.133930856668	300	9.322180214491139	0.0	131610	1246.78308228	0.3
26242.188424722528	300	12.267686348632807	0.0	124011	1054.49386586	0.3
26243.271264546336	300	15.184846524824886	0.0	144254	1082.83982381	0.3
26246.258159641944	750	16.19795142921706	0.0	390680	2986.89509561	0.3
26249.560528939248	750	16.895582131914907	0.0	345516	3302.3692973	0.75
26254.52104567629	750	15.935065394869998	0.0	384505	4960.51673704	0.75
26258.015647990356	750	16.44046308080342	0.0	372093	3494.60231407	0.75
26261.325341127755	750	17.13076994340693	0.0	438281	3309.6931374	0.75
26264.119482443002	750	18.33662862816086	0.0	398987	2794.14131525	0.75
26267.058909410694	750	19.39720166046962	0.0	393804	2939.42696769	0.75
26272.58607434042	1850	17.870036730742743	0.0	830730	5527.16492973	0.75
26283.07825766209	2850	11.377853409068965	0.0	1364537	10492.1833217	1.85

