26286.81770119925	750	4.0	3.7394435371567822	450283	3739.44353716	-15.329607209774164
26290.169918941785	750	4.647782257463056	0.0	398865	3352.21774254	0.75
26293.14692673569	750	5.670774463556473	0.0	350812	2977.00779391	0.75
26296.237941471332	750	6.579759727915678	0.0	382355	3091.01473564	0.75
26298.735317969433	750	8.082383229813512	0.0	411561	2497.3764981	0.75
26299.415401945476	750	11.402299253772116	0.0	318564	680.083976041	0.75
26300.159679181696	750	14.658022017552106	0.0	352642	744.27723622	0.75
26301.57623944543	1200	17.241461753816854	0.0	709534	1416.56026374	0.75
26302.757922978573	1200	20.059778220674666	0.0	584846	1181.68353314	1.2
26305.86477832544	2850	20.95292287380979	0.0	1429765	3106.85534686	1.2000000000000002
26309.008309155925	2850	21.809392043322962	0.0	1354548	3143.53083049	2.85
26312.334937973228	2850	22.482763226021458	0.0	1519951	3326.6288173	2.85
26317.57203297244	4300	21.24566822681018	0.0	2209463	5237.09499921	2.8499999999999996
26322.828504005025	4300	19.989197194224772	0.0	2275376	5256.47103259	4.3
26330.89825790803	4300	15.91944329122232	0.0	2005399	8069.753903	4.3
26334.124219477024	2850	16.693481722224604	0.0	1471065	3225.961569	1.4000000000000001
26336.764234177983	2850	18.053467021263046	0.0	1491626	2640.01470096	2.85
26339.130853292612	2850	19.68684790663566	0.0	1358801	2366.61911463	2.85
26342.26565978322	2850	20.55204141602324	0.0	1537156	3134.80649061	2.85
26346.98673741005	2850	19.830963789196492	0.0	1336050	4721.07762683	2.85
26364.13493101316	2850	6.682770186086364	0.0	1415116	17148.1936031	2.85
26366.156584265027	300	8.661116934220297	0.0	157812	2021.65325187	-2.25
26368.277830826675	300	10.539870372575217	0.0	163927	2121.24656165	0.3
26370.069649770496	300	12.748051428755895	0.0	137654	1791.81894382	0.3
26371.92069781618	300	14.897003383070738	0.0	146754	1851.04804569	0.3
26373.85844339079	300	16.959257808458247	0.0	153938	1937.74557461	0.3
26376.13891657348	300	18.6787846257687	0.0	181901	2280.47318269	0.3
26377.568240363846	300	21.24946083540157	0.0	111155	1429.32379037	0.3
26382.895112434435	750	19.92258876481236	0.0	400396	5326.87207059	0.3
26391.100340809106	1200	15.717360390140245	0.0	641447	8205.22837467	0.75
26398.183498219096	1200	12.634202980151095	0.0	570392	7083.15740999	1.2
26406.01446373289	1200	8.803237466360144	0.0	620283	7830.96551379	1.2
26410.584388735693	750	8.23331246355268	0.0	369834	4569.92500281	0.3
26415.717062121952	750	7.100639077293331	0.0	412837	5132.67338626	0.75
26420.72970594372	750	6.0879952555268355	0.0	401088	5012.64382177	0.75
26425.082335875064	750	5.73536532418111	0.0	365161	4352.62993135	0.75
26426.4258607948	750	8.391840404444164	0.0	321064	1343.52491974	0.75
26427.075384050917	750	11.742317148327082	0.0	361565	649.523256117	0.75
26427.751310163556	750	15.066391035686184	0.0	378327	675.926112641	0.75
26428.446694245813	750	18.37100695343314	0.0	390680	695.384082253	0.75
26429.07093773553	750	21.746763463713314	0.0	345516	624.24348972	0.75
26429.756595195722	750	25.06110600352414	0.0	384505	685.657460189	0.75
26433.210462589428	4300	25.607238609818793	0.0	2121928	3453.86739371	0.75
26436.876202121424	4300	25.941499077823007	0.0	2219102	3665.739532	4.3
26440.689429762402	4300	26.128271436847083	0.0	2124950	3813.22764098	4.3
26444.4715014664	4300	26.34619973284691	0.0	2246506	3782.071704	4.3
26447.849277286456	4300	26.968423912792655	0.0	1961140	3377.77582005	4.3
26451.947423559035	4300	26.870277640212592	0.0	2155012	4098.14627258	4.3

