30933.930577765474	750	4.0	4.033555926965406	450283	4033.55592697	-16.594290485951248
30935.388136770172	300	6.542440995299224	0.0	155580	1457.5590047	-0.15000000000000002
30936.73580328885	300	9.194774476621824	0.0	139857	1347.66651868	0.3
30937.924259390253	300	12.006318375220877	0.0	155432	1188.4561014	0.3
30941.587020842777	750	12.343556922697982	0.0	411561	3662.76145252	0.3
30944.06331371095	750	13.867264054522908	0.0	318564	2476.29286818	0.75
30947.013528077696	750	14.917049687775885	0.0	352642	2950.21436675	0.75
30956.921828785875	1200	9.008748979596989	0.0	709534	9908.30070818	0.75
30969.1777983918	1200	4.0	3.2472206263311962	584846	12255.9696059	-12.763048693224144
30970.33480994893	300	6.842988442872527	0.0	139105	1157.01155713	-0.6000000000000001
30971.505867970227	300	9.67193042157385	0.0	141840	1171.0580213	0.3
30972.69168648763	300	12.486111904173791	0.0	156148	1185.8185174	0.3
30974.211846559763	300	14.965951832040153	0.0	160746	1520.16007213	0.3
30975.8325626583	300	17.34523573350518	0.0	179801	1620.71609853	0.3
30979.85632005377	750	17.321478338035256	0.0	337059	4023.75739547	0.3
30985.771035654296	750	15.406762737507119	0.0	366214	5914.71560053	0.75
30993.109163354533	750	12.068635037267429	0.0	360831	7338.12770024	0.75
30998.486038542735	750	10.691759849067502	0.0	372963	5376.8751882	0.75
31007.427538218504	750	5.750260173299383	0.0	405596	8941.49967577	0.75
31008.650666888196	300	8.52713150360942	0.0	140881	1223.12866969	-0.15000000000000002
31010.23178791493	300	10.94601047687532	0.0	157671	1581.12102673	0.3
31012.164736990497	300	13.013061401310257	0.0	157812	1932.94907557	0.3
31014.030085006783	300	15.147713385020852	0.0	163927	1865.34801629	0.3
31015.309844565516	300	17.86795382628996	0.0	137654	1279.75955873	0.3
31018.845303107373	750	18.332495284430976	0.0	359903	3535.45854186	0.3
31023.438774984625	750	17.7390234071804	0.0	379700	4593.47187725	0.75
31027.91704973612	750	17.260748655683678	0.0	425781	4478.2747515	0.75
31031.187706329732	750	17.990092062068562	0.0	277716	3270.65659362	0.75
31035.93761589623	750	17.240182495571613	0.0	400396	4749.9095665	0.75
31040.775662923978	750	16.402135467824294	0.0	400508	4838.04702775	0.75
31055.968299752916	1200	5.2094986388845195	0.0	570392	15192.6368289	0.75
31059.936955207282	300	5.240843184521191	0.0	157488	3968.65545436	-0.6000000000000001
31062.719483719015	300	6.458314672788872	0.0	143881	2782.52851173	0.3
31065.23959729762	300	7.938201094180982	0.0	163444	2520.11357861	0.3
31069.122932203154	300	8.05486618864785	0.0	179328	3883.33490553	0.3
31073.512617406373	300	7.665180985429583	0.0	159914	4389.68520322	0.3
31075.818447567737	300	9.359350824063847	0.0	131610	2305.83016137	0.3
31077.583301910483	300	11.59449648132177	0.0	124011	1764.85434274	0.3
31081.070354354728	300	12.107444037074572	0.0	144254	3487.05244425	0.3
31084.397616740396	300	12.780181651407714	0.0	149991	3327.26238567	0.3
31087.223223086818	300	13.954575304983557	0.0	147968	2825.60634642	0.3
31091.404608461315	300	13.77318993048962	0.0	161857	4181.38537449	0.3
31093.91131044709	300	15.266487944712528	0.0	145210	2506.70198578	0.3
31096.463180644172	300	16.714617747628576	0.0	172312	2551.87019708	0.3
31098.92861117762	300	18.249187214181738	0.0	167025	2465.43053345	0.3
31103.775962777123	750	17.401835614677978	0.0	393804	4847.3515995	0.3
31111.65322172783	1200	13.52457666397046	0.0	538612	7877.25895071	0.75
31126.87478325917	1850	4.0	1.696984867370038	846370	15221.5615313	-6.097034929691164

