29283.340936032422	750	4.0	1.6659284416132762	450283	1665.92844161	-6.413492298937087
29285.603031423976	1200	5.737904608445451	0.0	611087	2262.09539155	0.75
29287.343575411138	1200	7.997360621284244	0.0	571051	1740.54398716	1.2
29289.32002308901	1200	10.020912943412313	0.0	617681	1976.44767787	1.2
29291.136143106767	1200	12.204792925658035	0.0	652874	1816.12001775	1.2
29307.488552647483	1850	4.0	4.147616615058251	801058	16352.4095407	-16.634751444750478
29311.243770909463	300	4.244781738022318	0.0	153295	3755.21826198	-1.25
29311.48066637393	300	8.007886273554698	0.0	173849	236.895464468	0.3
29311.696679324537	300	11.791873322948625	0.0	150710	216.012950606	0.3
29311.90221898013	300	15.586333667358033	0.0	139105	205.539655591	0.3
29312.110226921963	300	19.378325725522952	0.0	141840	208.007941835	0.3
29312.33114756566	300	23.157405081828195	0.0	156148	220.920643695	0.3
29315.45296925799	4300	24.035583389497813	0.0	2209463	3121.82169233	0.2999999999999998
29318.994699222356	4300	24.493853425128606	0.0	2275376	3541.72996437	4.3
29321.61058403048	4300	25.877968617004043	0.0	2005399	2615.88480812	4.3
29323.57036338464	4300	27.918189262843633	0.0	2152483	1959.77935416	4.3
29326.639715658443	4300	28.848836989039082	0.0	2289689	3069.3522738	4.3
29329.234477645256	4300	30.254075002225072	0.0	2059512	2594.76198681	4.3
29331.750282333145	4300	31.73827031433578	0.0	2220726	2515.80468789	4.3
29333.435716057855	4300	34.05283658962637	0.0	2156729	1685.43372471	4.3
29334.65502904426	4300	36.83352360322243	0.0	2039773	1219.3129864	4.3
29336.216891807107	4300	39.27166084037376	0.0	2176469	1561.86276285	4.3
29337.422130859588	4300	42.06642178789457	0.0	2221506	1205.23905248	4.3
29338.624206164426	4300	44.86434648305325	0.0	2044075	1202.07530484	4.3
29340.20827091058	4300	47.28028173689574	0.0	2186790	1584.06474616	4.3
29341.885173048846	4300	49.60337959863315	0.0	2105231	1676.90213826	4.3
29343.51927217909	4300	51.96928046838722	0.0	2395588	1634.09913025	4.3
29344.722246325196	4300	54.76630632228504	0.0	1972048	1202.9741461	4.3
29345.82785940139	4300	57.6606932460882	0.0	2134614	1105.6130762	4.3
29347.898126164848	4300	59.59042648263274	0.0	2164140	1570.26676346	4.3
29349.730749477745	4300	59.54567411320332	0.0	2113193	1044.7523694294205	4.3
29351.461917294222	4300	59.534025676699486	0.0	2147852	1011.6484365038312	4.3
29354.87713356871	4300	59.896177229443204	0.0	2191074	3137.848447256287	4.3
29358.32985096698	4300	59.7685024439227	0.0	2286761	3127.6747855205	4.3
29359.84358249392	4300	59.88415798682648	0.0	2307787	1384.3444570962165	4.3
29361.30913165326	4300	59.67607694207942	0.0	2143948	1208.0810447470628	4.3
29362.757506418828	4300	59.540623616590636	0.0	1919781	1135.4533254887808	4.3
29374.776962933276	4300	51.52116710214182	0.0	2147467	12019.456514448824	4.3
29378.827202152414	2850	51.470927883004805	0.0	1427478	4050.239219137007	1.4000000000000001
29384.800973763577	2850	49.4971562718387	0.0	1402287	5973.7716111661075	2.85
29389.44178098793	1850	48.85634904748722	0.0	858450	4640.80722435148	0.8500000000000001
29391.83421170468	1850	50.46391833073442	0.0	1025005	2392.4307167527986	1.85
29393.034141158216	1850	53.26398887719952	0.0	886255	1199.9294535348936	1.85
29395.467953508378	4300	54.830176527036556	0.0	2219102	2433.8123501629643	1.8499999999999996
29398.14143505162	4300	56.15669498379454	0.0	2124950	2673.481543242025	4.3
29401.6291626919	4300	56.66896734351166	0.0	2246506	3487.7276402828697	4.3
29406.6079314267	4300	55.69019860871435	0.0	1961140	4978.768734797322	4.3
29411.41848224543	4300	54.87964778998304	0.0	2155012	4810.550818731303	4.3

