7262.669284112639	750	4.0	4.06666104753186	450283	4066.66104753	-16.736642504386996
7264.122471831675	300	6.546812280962813	0.0	155580	1453.18771904	-0.15000000000000002
7265.426207885414	300	9.24307622722437	0.0	139857	1303.73605374	0.3
7266.86622377525	300	11.803060337389226	0.0	155432	1440.01588984	0.3
7268.376326437935	300	14.292957674704352	0.0	163442	1510.10266268	0.3
7269.542285070309	300	17.126999042331292	0.0	126289	1165.95863237	0.3
7272.5850283480095	750	18.084255764630296	0.0	352642	3042.7432777	0.3
7276.269849687272	750	18.399434425367694	0.0	437162	3684.82133926	0.75
7279.396408052742	750	19.27287605989662	0.0	374758	3126.55836547	0.75
7284.049055221158	1200	18.62022889148062	0.0	560821	4652.64716842	0.75
7290.402666155006	1200	16.266617957633077	0.0	607410	6353.61093385	1.2
7296.80788858532	1200	13.861395527318724	0.0	594078	6405.22243031	1.2
7302.227328637413	1200	12.44195547522603	0.0	624282	5419.44005209	1.2
7307.90437769077	1200	10.76490642186944	0.0	687371	5677.04905336	1.2
7312.17911505787	1200	10.490169054769703	0.0	526950	4274.7373671	1.2
7317.038421266678	1200	9.630862845962092	0.0	587876	4859.30620881	1.2
7322.312863776884	1200	8.356420335756276	0.0	617242	5274.44251021	1.2
7327.2172590763685	1200	7.452025036272438	0.0	581493	4904.39529948	1.2
7332.6383715705915	1200	6.030912542048353	0.0	639204	5421.11249422	1.2
7337.755173605641	1200	4.914110506999247	0.0	586839	5116.80203505	1.2
7340.93538294125	750	5.733901171389518	0.0	386472	3180.20933561	0.3
7343.657261339028	750	7.012022773611397	0.0	399894	2721.87839778	0.75
7345.874315645035	750	8.794968467605708	0.0	401853	2217.05430601	0.75
7346.987011213259	750	11.68227289938059	0.0	343800	1112.69556823	0.75
7348.14807646367	750	14.52120764897069	0.0	359903	1161.06525041	0.75
7349.368607316652	750	17.30067679598908	0.0	379700	1220.53085298	0.75
7352.669343149738	1850	17.999940962903196	0.0	1076599	3300.73583309	0.75
7355.011229586003	1850	19.658054526638406	0.0	758197	2341.88643626	1.85
7358.198044483914	1850	20.471239628727073	0.0	972798	3186.81489791	1.85
7363.052261056941	2850	19.617023055699935	0.0	1561263	4854.21657303	1.85
7366.919612350629	2850	19.74967176201225	0.0	1341201	3867.35129369	2.85
7371.331145118922	2850	19.338138993719085	0.0	1497683	4411.53276829	2.85
7375.626504220179	2850	19.042779892461986	0.0	1358081	4295.35910126	2.85
7380.33965341725	2850	18.329630695391142	0.0	1587293	4713.14919707	2.85
7387.18489025481	4300	15.484393857831867	0.0	2307787	6845.23683756	2.8499999999999996
7393.7777324210265	4300	12.891551691615058	0.0	2143948	6592.84216622	4.3
7400.938573512051	4300	9.730710600589976	0.0	1919781	7160.84109103	4.3
7405.585141233589	2850	9.084142879052886	0.0	1499009	4646.56772154	1.4000000000000001
7411.075176688122	2850	7.594107424519081	0.0	1427478	5490.03545453	2.85
7416.35926272544	2850	6.310021387202004	0.0	1402287	5284.08603732	2.85
7420.202212675549	1850	6.467071437093134	0.0	858450	3842.94995011	0.8500000000000001
7424.032610467988	1850	6.636673644654525	0.0	1025005	3830.39779244	1.85
7426.927603648517	1850	7.741680464125624	0.0	886255	2894.99318053	1.85
7429.817569580585	1850	8.851714532058383	0.0	973972	2889.96593207	1.85
7432.595204095545	1850	10.07408001709828	0.0	958994	2777.63451496	1.85
7436.387033280951	2850	10.282250831692972	0.0	1483527	3791.82918541	1.85
7441.942956366019	4300	8.726327746625508	0.0	1961140	5555.92308507	2.8499999999999996
7448.285073411642	4300	6.384210701002559	0.0	2155012	6342.11704562	4.3

