2107.0095803942413	750	4.0	2.544323985853963	450283	2544.32398585	-10.190593139172039
2110.545014552514	750	4.464565841727605	0.0	398865	3535.43415827	0.75
2111.5853251206986	300	7.424255273543178	0.0	139857	1040.31056818	-0.15000000000000002
2112.7334944806134	300	10.276085913628323	0.0	155432	1148.16935991	0.3
2115.457416203036	750	11.552164191206051	0.0	411561	2723.92172242	0.3
2117.757800014146	750	13.251780380095715	0.0	318564	2300.38381111	0.75
2120.1528236535687	750	14.85675674067334	0.0	352642	2395.02363942	0.75
2125.2591019954325	1200	13.750478398809427	0.0	709534	5106.27834186	0.75
2131.285830963588	1200	11.723749430654083	0.0	584846	6026.72896816	1.2
2136.6164422609504	1200	10.393138133291522	0.0	560821	5330.61129736	1.2
2140.969645299804	1200	10.039935094437869	0.0	607410	4353.20303885	1.2
2145.4099654028078	1200	9.599614991434445	0.0	594078	4440.320103	1.2
2148.712888806336	750	10.296691587905777	0.0	386351	3302.92340353	0.3
2152.6746806488404	750	10.334899745401165	0.0	434409	3961.7918425	0.75
2155.4979564822715	750	11.51162391196983	0.0	337059	2823.27583343	0.75
2159.5880732702917	750	11.421507123949988	0.0	366214	4090.11678802	0.75
2164.3644549643445	750	10.645125429897286	0.0	360831	4776.38169405	0.75
2168.1985988569004	750	10.810981537341378	0.0	372963	3834.14389256	0.75
2172.322149967587	750	10.68743042665476	0.0	405596	4123.55111069	0.75
2174.802848636622	750	12.20673175761983	0.0	350713	2480.69866903	0.75
2177.9910240522536	750	13.018556341988601	0.0	386472	3188.17541563	0.75
2181.8059161132055	750	13.203664281036366	0.0	399894	3814.89206095	0.75
2185.2521790766614	750	13.757401317580785	0.0	401853	3446.26296346	0.75
2187.6879028976796	750	15.32167749656229	0.0	343800	2435.72382102	0.75
2190.7138597124226	750	16.29572068181923	0.0	359903	3025.95681474	0.75
2195.1552358561585	1200	15.854344538083424	0.0	590335	4441.37614374	0.75
2200.6651572670303	1200	14.34442312721187	0.0	696376	5509.92141087	1.2
2204.346026361169	1200	14.663554033072673	0.0	487160	3680.86909414	1.2
2208.7892749597167	1200	14.220305434525141	0.0	622896	4443.24859855	1.2
2214.2412130683306	1200	12.768367325911433	0.0	641447	5451.93810861	1.2
2219.910328526069	1200	11.099251868173251	0.0	570392	5669.11545774	1.2
2226.279205904469	1200	8.730374489773343	0.0	620283	6368.8773784	1.2
2231.716757295437	1200	7.292823098804896	0.0	584349	5437.55139097	1.2
2236.0241362550637	750	6.985444139178443	0.0	412837	4307.37895963	0.3
2239.8385494130516	750	7.171030981190419	0.0	401088	3814.41315799	0.75
2243.1250174995976	750	7.884562894644278	0.0	365161	3286.46808655	0.75
2246.1158521761577	750	8.89372821808403	0.0	321064	2990.83467656	0.75
2249.64433181901	750	9.365248575231742	0.0	361565	3528.47964285	0.75
2253.0811788512874	750	9.928401542954267	0.0	378327	3436.84703228	0.75
2257.168871190023	750	9.84070920421903	0.0	390680	4087.69233874	0.75
2261.977046670982	750	9.032533723259581	0.0	345516	4808.17548096	0.75
2269.332732185179	750	5.676848209062601	0.0	384505	7355.6855142	0.75
2271.002078804183	300	8.007501590058661	0.0	145210	1669.346619	-0.15000000000000002
2272.7112359202256	300	10.298344474015796	0.0	172312	1709.15711604	0.3
2274.048028855409	300	12.961551538832635	0.0	167025	1336.79293518	0.3
2277.3716566542066	750	13.637923740035102	0.0	393804	3323.6277988	0.3
2280.116660994109	750	14.89291940013225	0.0	331053	2745.0043399	0.75
2292.005465262877	2850	7.0041151313648005	0.0	1364537	11888.8042688	0.75

