5393.963732910922	750	4.0	1.6348133264194968	450283	1634.81332642	-6.279697303603836
5397.487634465475	1200	4.4760984454467865	0.0	611087	3523.90155455	0.75
5399.653639927391	750	6.31009298353075	0.0	350812	2166.00546192	0.3
5401.598554043941	750	8.365178866981193	0.0	382355	1944.91411655	0.75
5403.720651937908	750	10.243080973013459	0.0	411561	2122.09789397	0.75
5405.450052655497	750	12.513680255424251	0.0	318564	1729.40071759	0.75
5409.453588527428	1200	12.510144383492559	0.0	561791	4003.53587193	0.75
5416.17795112475	1200	9.785781786171817	0.0	709534	6724.36259732	1.2
5421.793013168462	1200	8.170719742459594	0.0	584846	5615.06204371	1.2
5424.6976426047195	750	9.266090306201598	0.0	362795	2904.62943626	0.3
5427.4310403861555	750	10.532692524765991	0.0	353220	2733.39778144	0.75
5429.99319981326	750	11.970533097661324	0.0	405134	2562.1594271	0.75
5434.028237780907	750	11.935495130013846	0.0	386351	4035.03796765	0.75
5437.7813189935505	750	12.182413917370557	0.0	434409	3753.08121264	0.75
5439.876242439378	750	14.087490471543612	0.0	337059	2094.92344583	0.75
5442.546076522301	750	15.417656388620443	0.0	366214	2669.83408292	0.75
5448.205232304137	1200	13.758500606784644	0.0	617242	5659.15578184	0.75
5452.524724746446	1200	13.439008164476169	0.0	581493	4319.49244231	1.2
5457.8242249538525	1200	12.139507957069247	0.0	639204	5299.50020741	1.2
5464.24645641313	1200	9.717276497792218	0.0	586839	6422.23145928	1.2
5467.675646229239	750	10.288086681682644	0.0	386472	3429.18981611	0.3
5473.897046931171	750	8.066685979750927	0.0	399894	6221.40070193	0.75
5477.383320714446	750	8.580412196475981	0.0	401853	3486.27378327	0.75
5480.393020306334	750	9.570712604587655	0.0	343800	3009.69959189	0.75
5483.843228268939	750	10.120504641982677	0.0	359903	3450.2079626	0.75
5487.0763526701985	750	10.887380240723134	0.0	379700	3233.12440126	0.75
5490.583264701516	750	11.380468209405556	0.0	425781	3506.91203132	0.75
5492.982469403229	750	12.981263507692145	0.0	277716	2399.20470171	0.75
5496.319898601318	750	13.643834309603172	0.0	400396	3337.42919809	0.75
5501.699402813986	1200	12.264330096935195	0.0	641447	5379.50421267	0.75
5508.467707357166	1200	9.496025553755874	0.0	570392	6768.30454318	1.2
5512.0002237278395	750	9.963509183082403	0.0	400322	3532.51637067	0.3
5515.051587113981	750	10.912145796940033	0.0	369834	3051.36338614	0.75
5519.0916511269	750	10.87208178402182	0.0	412837	4040.06401292	0.75
5522.58791753643	750	11.375815374491179	0.0	401088	3496.26640953	0.75
5526.510013420519	750	11.453719490403158	0.0	365161	3922.09588409	0.75
5530.841361280224	750	11.122371630697522	0.0	321064	4331.34785971	0.75
5535.119162416646	750	10.844570494275215	0.0	361565	4277.80113642	0.75
5540.5201511495625	750	9.443581761359077	0.0	378327	5400.98873292	0.75
5547.03827538199	750	6.925457528930859	0.0	390680	6518.12423243	0.75
5548.220069966371	300	9.743662944550007	0.0	147968	1181.79458438	-0.15000000000000002
5549.38940064816	300	12.574332262761168	0.0	161857	1169.33068179	0.3
5550.52196318684	300	15.44176972408032	0.0	145210	1132.56253868	0.3
5554.0019834101095	750	15.961749500810704	0.0	438281	3480.02022327	0.3
5557.905916259194	750	16.05781665172623	0.0	398987	3903.93284908	0.75
5563.769193391417	1200	14.194539519504207	0.0	638661	5863.27713222	0.75
5571.949781453635	1850	10.013951457284865	0.0	830730	8180.58806222	1.2000000000000002
5578.454451735191	1850	7.509281175730275	0.0	846370	6504.67028155	1.85

