13468.586042782998	750	4.0	0.45956524945998634	450283	459.56524946	-1.2261305726779412
13470.138600248702	2850	6.447442534295111	0.0	1431809	1552.5574657	0.75
13471.54205461559	2850	9.04398816740729	0.0	1300868	1403.45436689	2.85
13473.771829077847	2850	10.81421370514833	0.0	1520281	2229.77446226	2.85
13476.118346018437	4300	12.467696764558548	0.0	2233056	2346.51694059	2.8499999999999996
13478.49709411767	4300	14.088948665325395	0.0	1941625	2378.74809923	4.3
13481.43793219198	4300	15.14811059101551	0.0	2157535	2940.83807431	4.3
13484.462946040445	4300	16.123096742552576	0.0	2290172	3025.01384846	4.3
13486.74324246894	4300	17.842800314057225	0.0	2055469	2280.2964285	4.3
13489.506714205128	4300	19.079328577867397	0.0	2169201	2763.47173619	4.3
13492.108931427902	4300	20.47711135509489	0.0	2173522	2602.21722277	4.3
13494.633507298406	4300	21.952535484590793	0.0	2102452	2524.5758705	4.3
13497.533034748323	4300	23.053008034673223	0.0	2209463	2899.52744992	4.3
13503.123068552368	4300	21.462974230628504	0.0	2275376	5590.03380404	4.3
13508.727603011992	4300	19.858439771004242	0.0	2005399	5604.53445962	4.3
13511.828987556826	4300	20.75705522616979	0.0	2152483	3101.38454483	4.3
13514.992164232432	4300	21.59387855056549	0.0	2289689	3163.1766756	4.3
13518.064540451172	4300	22.52150233182352	0.0	2059512	3072.37621874	4.3
13519.716486764764	4300	24.869556018231272	0.0	2220726	1651.94631359	4.3
13520.967962202201	4300	27.6180805807949	0.0	2156729	1251.47543744	4.3
13522.136328564173	4300	30.449714218822155	0.0	2039773	1168.36636197	4.3
13523.45794853772	4300	33.12809424527501	0.0	2176469	1321.61997355	4.3
13524.803853945212	4300	35.782188837783	0.0	2221506	1345.90540749	4.3
13525.952741658912	4300	38.63330112408495	0.0	2044075	1148.8877137	4.3
13527.481159003359	4300	41.10488377963843	0.0	2186790	1528.41734445	4.3
13528.513731801198	4300	44.07231098179878	0.0	2105231	1032.57279784	4.3
13534.11974693096	4300	42.46629585203673	0.0	2395588	5606.01512976	4.3
13549.822253476697	4300	30.763789306298946	0.0	1972048	15702.5065457	4.3
13550.170878457495	1200	34.41516432550312	0.0	622896	348.624980796	-1.9000000000000001
13550.527980593512	1200	38.05806218948445	0.0	641447	357.102136019	1.2
13550.968318256875	1200	41.61772452612124	0.0	570392	440.337663363	1.2
13551.440173904999	1200	45.14586887799869	0.0	620283	471.855648123	1.2
13551.906539654285	1200	48.679503128711644	0.0	584349	466.365749287	1.2
13553.726598139181	4300	50.859444643814264	0.0	2286761	1820.0584849	1.1999999999999997
13554.856333141255	4300	53.72970964174181	0.0	2307787	1129.73500207	4.3
13556.185888876498	4300	56.400153906497806	0.0	2143948	1329.55573524	4.3
13557.08457408651	4300	59.501468696485894	0.0	1919781	898.685210012	4.3
13559.446038921242	4300	59.529784555606795	0.0	2147467	1471.68414088	4.3
13562.620556705155	4300	59.597416010577966	0.0	2133870	2432.3685450288326	4.3
13565.895295790313	4300	59.54112108743975	0.0	2146120	2556.2949231382186	4.3
13570.508965758967	4300	58.92745111878548	0.0	2108491	4613.669968654274	4.3
13577.441019898135	4300	55.99539697961572	0.0	2184571	6932.054139169763	4.3
13583.129466436481	4300	54.30695044126927	0.0	2121928	5688.446538346449	4.3
13597.139870426567	4300	44.29654645118226	0.0	2219102	14010.403990087012	4.3
13610.029678367866	4300	35.406738509883674	0.0	2124950	12889.807941298584	4.3
13611.647485497968	2850	37.78893137978148	0.0	1483527	1617.8071301021912	1.4000000000000001
13613.744275686693	2850	39.69214119105813	0.0	1231456	2096.790188723354	2.85
13615.553029293902	2850	41.88338758384898	0.0	1364537	1808.7536072091568	2.85

