23844.103602850486	750	4.0	1.7355417496002872	450283	1735.5417496	-6.7128295232812345
23845.123156919482	300	6.980445931002409	0.0	155580	1019.554069	-0.15000000000000002
23846.03001410367	300	10.073588746816247	0.0	139857	906.857184186	0.3
23846.955164696654	300	13.14843815383401	0.0	155432	925.150592982	0.3
23848.053209975897	300	16.050392874587896	0.0	163442	1098.04527925	0.3
23849.04411936134	300	19.059483489145524	0.0	126289	990.909385442	0.3
23851.687495125392	1200	20.416107725095102	0.0	561791	2643.37576405	0.29999999999999993
23854.1626785038	1200	21.940924346684966	0.0	709534	2475.18337841	1.2
23856.29101937495	1200	23.81258347553675	0.0	584846	2128.34087115	1.2
23859.56987587056	1850	24.53372697992563	0.0	913888	3278.85649561	1.2000000000000002
23863.907125307043	1850	24.196477543441734	0.0	939819	4337.24943648	1.85
23869.526222459408	1850	22.577380391075767	0.0	917428	5619.09715237	1.85
23875.97848371169	1850	20.125119138796958	0.0	946851	6452.26125228	1.85
23880.89543299785	1850	19.20816985263263	0.0	1036454	4916.94928616	1.85
23884.56866063865	1850	19.53494221183371	0.0	821631	3673.2276408	1.85
23891.08464652101	1850	17.0189563294781	0.0	923170	6515.98588236	1.85
23896.395176911527	1850	15.708425938961078	0.0	966699	5310.53039052	1.85
23900.03510231564	1850	16.068500534849747	0.0	885714	3639.92540411	1.85
23902.990842897452	1850	17.112759953033834	0.0	987708	2955.74058182	1.85
23906.283929928883	1850	17.819672921602454	0.0	923755	3293.08703143	1.85
23910.73813523439	1850	17.36546761609579	0.0	891604	4454.20530551	1.85
23914.780454081087	1850	17.32314876939624	0.0	955231	4042.3188467	1.85
23918.735866054445	1850	17.367736796039914	0.0	968026	3955.41197336	1.85
23922.430781330397	1850	17.67282152008815	0.0	874175	3694.91527595	1.85
23926.325224884044	1850	17.77837796643996	0.0	897976	3894.44355365	1.85
23932.17518346815	2850	15.928419382336472	0.0	1480464	5849.9585841	1.85
23938.217016653536	2850	13.88658619694693	0.0	1547572	6041.83318539	2.85
23942.95005469874	2850	13.153548151744253	0.0	1141971	4733.0380452	2.85
23948.57784001982	2850	11.525762830662137	0.0	1498470	5627.78532108	2.85
23953.990385507568	2850	10.113217342916384	0.0	1561263	5412.54548775	2.85
23959.506586971514	2850	8.597015878970579	0.0	1341201	5516.20146395	2.85
23966.64784505603	2850	5.455757794453087	0.0	1497683	7141.25808452	2.85
23969.176052487917	1200	6.927550362565988	0.0	584349	2528.20743189	-0.44999999999999996
23974.099976116024	1850	6.003626734458688	0.0	1035329	4923.92362811	1.2000000000000002
23982.194174350185	1850	4.0	2.0905714997020395	1026056	8094.19823416	-7.139457448718769
23984.967587173756	750	5.226587176427891	0.0	365161	2773.41282357	-0.3500000000000001
23987.9637780613	750	6.230396288882867	0.0	321064	2996.19088755	0.75
23991.246713824898	750	6.947460525286032	0.0	361565	3282.9357636	0.75
23993.484647889592	750	8.709526460591446	0.0	378327	2237.93406469	0.75
23995.166593475995	750	11.027580874187839	0.0	390680	1681.9455864	0.75
23996.69190223638	750	13.502272113800274	0.0	345516	1525.30876039	0.75
23998.119984721252	750	16.074189628930657	0.0	384505	1428.08248487	0.75
24000.260379079227	1200	17.93379527095443	0.0	599477	2140.39435798	0.75
24002.265899939903	1200	19.928274410277417	0.0	634861	2005.52086068	1.2
24008.436949158302	2850	17.757225191875975	0.0	1464921	6171.0492184	1.2000000000000002
24014.4086778062	2850	15.785496543976999	0.0	1483527	5971.7286479	2.85
24047.302620526145	4300	4.0	17.108446175967487	1961140	32893.9427199	-70.7163185566602
24050.341758430255	300	4.96086209589255	0.0	118421	3039.13790411	-3.7

