32554.00361796954	750	4.0	2.508981529066779	450283	2508.98152907	-10.03862057498715
32554.817190046713	300	7.186427922828964	0.0	155580	813.572077171	-0.15000000000000002
32555.503025004477	300	10.50059296506418	0.0	139857	685.834957765	0.3
32556.374381173886	300	13.629236795655677	0.0	155432	871.356169409	0.3
32557.295667393144	300	16.707950576399067	0.0	163442	921.286219257	0.3
32557.983122503807	300	20.020495465735518	0.0	126289	687.455110664	0.3
32559.590937346984	750	22.41268062255886	0.0	352642	1607.81484318	0.3
32563.856670054563	1200	22.14694791498087	0.0	709534	4265.73270758	0.75
32567.339418766664	1200	22.66419920288094	0.0	584846	3482.7487121	1.2
32571.52231455106	1850	22.481303418485716	0.0	913888	4182.8957844	1.2000000000000002
32572.719843008897	1850	25.283774960645722	0.0	939819	1197.52845784	1.85
32573.6187374696	1850	28.384880499945528	0.0	917428	898.8944607	1.85
32574.523210854488	1850	31.48040711505636	0.0	946851	904.473384889	1.85
32575.98010123508	1850	34.02351673446536	0.0	1036454	1456.89038059	1.85
32578.725001822437	4300	35.27861614710794	0.0	2005399	2744.90058736	1.8499999999999996
32582.849849955262	4300	35.153768014284985	0.0	2152483	4124.84813282	4.3
32590.079268956568	4300	31.92434901297686	0.0	2289689	7229.41900131	4.3
32592.65023230278	4300	33.35338566676296	0.0	2059512	2570.96334621	4.3
32594.282830109958	4300	35.72078785958551	0.0	2220726	1632.59780718	4.3
32595.700593432823	4300	38.3030245367227	0.0	2156729	1417.76332286	4.3
32596.747305372195	4300	41.256312597350096	0.0	2039773	1046.71193937	4.3
32598.093534479725	4300	43.910083489818625	0.0	2176469	1346.22910753	4.3
32599.19889191184	4300	46.80472605770353	0.0	2221506	1105.35743212	4.3
32600.635218952437	4300	49.36839901711081	0.0	2044075	1436.32704059	4.3
32601.995080372224	4300	52.00853759731959	0.0	2186790	1359.86141979	4.3
32606.901570934653	4300	51.102047034890305	0.0	2105231	4906.49056243	4.3
32612.988378964015	4300	49.01523900553039	0.0	2395588	6086.80802936	4.3
32615.40818306043	4300	50.59543490911295	0.0	1972048	2419.80409642	4.3
32617.97402408611	4300	52.029593883434146	0.0	2134614	2565.84102568	4.3
32620.079393115673	4300	53.92422485387059	0.0	2164140	2105.36902956	4.3
32623.14649156686	4300	54.85712640268534	0.0	2113193	3067.09845119	4.3
32624.48630404345	4300	57.517313926094076	0.0	2147852	1339.81247659	4.3
32625.704628446176	4300	59.833985526217894	0.0	2191074	1183.32839988	4.3
32628.190617136595	4300	59.81848918243367	0.0	2286761	1515.4963437842252	4.3
32629.32049274683	4300	59.698797550633195	0.0	2307787	1119.6916318004774	4.3
32650.79877971902	4300	42.22051057844325	0.0	2143948	21478.28697218994	4.3
32651.352858256392	1200	45.66643204107271	0.0	487812	554.078537371	-1.9000000000000001
32651.93382137919	1200	49.085468918277414	0.0	575591	580.9631227952935	1.2
32652.524805961326	1200	52.494484336141056	0.0	605884	590.984582136	1.2
32653.470553481155	1200	55.54873681631165	0.0	587506	945.7475198293947	1.2
32654.163365248125	1200	58.85592504934196	0.0	566904	692.8117669696984	1.2
32656.84835394321	4300	59.65995894166193	0.0	2184571	2195.9661076800294	1.1999999999999997
32678.64120658751	4300	41.867106297364096	0.0	2121928	21792.852644297833	4.3
32679.02607644921	1200	45.48223643566605	0.0	634861	384.869861698	-1.9000000000000001
32679.4087094688	1200	49.09960341607327	0.0	630203	382.633019593	1.2
32680.00821049217	1850	52.50010239270094	0.0	982064	599.5010233723365	1.2000000000000002
32680.77886461135	2850	55.72944827352388	0.0	1231456	770.6541191770577	1.85
32681.57045972497	2850	58.93785315990381	0.0	1364537	791.59511362	2.85

