13856.66067045238	750	4.0	6.296921653871057	450283	6296.92165387	-26.326763111645544
13857.89953732813	300	6.761133124251043	0.0	155580	1238.86687575	-0.15000000000000002
13859.243519540105	300	9.417150912276034	0.0	139857	1343.98221198	0.3
13869.796149712085	300	4.0	1.13547925970514	155432	10552.630172	-4.5825608167321015
13870.041140563706	300	7.755009148380421	0.0	163442	244.99085162	0.3
13870.248626336397	300	11.547523375689282	0.0	126289	207.485772691	0.3
13870.483374030375	300	15.312775681712072	0.0	153295	234.747693977	0.3
13870.738870503515	300	19.057279208570456	0.0	173849	255.496473142	0.3
13870.971008700843	300	22.825141011243044	0.0	150710	232.138197327	0.3
13873.58518852241	4300	24.210961189676283	0.0	2169201	2614.17982157	0.2999999999999998
13876.42041775849	4300	25.375731953594542	0.0	2173522	2835.22923608	4.3
13879.041475441149	4300	26.754674270936885	0.0	2102452	2621.05768266	4.3
13883.478118473071	4300	26.31803123901295	0.0	2209463	4436.64303192	4.3
13889.565737775554	4300	24.230411936530604	0.0	2275376	6087.61930248	4.3
13900.133455720494	4300	17.66269399159119	0.0	2005399	10567.7179449	4.3
13902.216669827269	2850	19.579479884815363	0.0	1471065	2083.21410678	1.4000000000000001
13904.01185389456	2850	21.784295817523084	0.0	1491626	1795.18406729	2.85
13905.02597756278	1850	24.77017214930536	0.0	885714	1014.12366822	0.8500000000000001
13906.451068376726	1850	27.345081335359193	0.0	987708	1425.09081395	1.85
13907.621259868134	1850	30.174889843951252	0.0	923755	1170.19149141	1.85
13909.938372447277	4300	31.85777726480782	0.0	2039773	2317.11257914	1.8499999999999996
13922.637740097663	4300	23.158409614420705	0.0	2176469	12699.3676504	4.3
13927.114605502313	2850	22.68154420977291	0.0	1505760	4476.86540465	1.4000000000000001
13928.484103564366	1200	25.312046147718686	0.0	536667	1369.49806205	-0.44999999999999996
13929.945565256116	1200	27.85058445597028	0.0	587236	1461.46169175	1.2
13931.445863429042	1200	30.350286283042923	0.0	590335	1500.29817293	1.2
13932.13267416449	1200	33.66347554759503	0.0	696376	686.810735448	1.2
13934.550304504011	4300	35.245845208073135	0.0	1972048	2417.63033952	1.1999999999999997
13937.566452577823	4300	36.22969713426037	0.0	2134614	3016.14807381	4.3
13940.389231270568	4300	37.406918441515835	0.0	2164140	2822.77869274	4.3
13944.935832984236	4300	36.860316727846865	0.0	2113193	4546.60171367	4.3
13951.197135054845	4300	34.59901465723768	0.0	2147852	6261.30207061	4.3
13954.34312298205	4300	35.45302673003105	0.0	2191074	3145.98792721	4.3
13957.51085495928	4300	36.285294752801285	0.0	2286761	3167.73197723	4.3
13960.090927935827	4300	37.70522177625521	0.0	2307787	2580.07297655	4.3
13972.368340286042	4300	29.42780942604097	0.0	2143948	12277.4123502	4.3
13974.764013471495	4300	31.032136240588393	0.0	1919781	2395.67318545	4.3
13977.06479924937	4300	32.731350462713195	0.0	2147467	2300.78577788	4.3
13979.032252028996	2850	34.76389768308619	0.0	1427478	1967.45277963	1.4000000000000001
13980.537440454065	2850	37.25870925801705	0.0	1402287	1505.18842507	2.85
13981.964862116134	2850	39.831287595948886	0.0	1339500	1427.42166207	2.85
14017.096841038308	4300	8.699308673774256	0.0	2184571	35131.9789222	2.8499999999999996
14017.802005175647	300	11.994144536437048	0.0	145210	705.164137337	-3.7
14018.828682150162	300	14.967467561920312	0.0	172312	1026.67697452	0.3
14019.821183435684	300	17.974966276399616	0.0	167025	992.501285521	0.3
14020.612046823166	300	21.184102888917597	0.0	160064	790.863387482	0.3
14021.294591740141	300	24.50155797194291	0.0	137507	682.544916975	0.3
14035.866781080886	2850	13.929368631199642	0.0	1364537	14572.1893407	0.30000000000000027

