9915.740037111553	750	4.0	7.46283667502089	450283	7462.83667502	-31.340197702589826
9918.355121391336	300	5.384915720217523	0.0	155580	2615.08427978	-0.15000000000000002
9919.91731452933	300	7.822722582223103	0.0	139857	1562.19313799	0.3
9922.104536862704	300	9.635500248849077	0.0	155432	2187.22233337	0.3
9923.021226032435	300	12.718811079116234	0.0	163442	916.689169733	0.3
9923.735479590914	300	16.004557520639107	0.0	126289	714.253558477	0.3
9924.56913286612	300	19.17090424543178	0.0	153295	833.653275207	0.3
9926.47719490478	750	21.262842206772504	0.0	437162	1908.06203866	0.3
9929.557859177017	1200	22.18217793453556	0.0	584846	3080.66427224	0.75
9934.02081859107	1200	21.719218520482258	0.0	560821	4462.95941405	1.2
9937.38511530916	1200	22.354921802392795	0.0	607410	3364.29671809	1.2
9940.487219946515	1200	23.25281716503904	0.0	594078	3102.10463735	1.2
9943.927436339569	1200	23.8126007719853	0.0	624282	3440.21639305	1.2
9948.987163372607	1200	22.752873738945073	0.0	687371	5059.72703304	1.2
9951.79358464424	1200	23.94645246731362	0.0	526950	2806.42127163	1.2
9954.60106335587	1200	25.138973755682883	0.0	587876	2807.47871163	1.2
9957.53650049858	1200	26.203536612974432	0.0	617242	2935.43714271	1.2
9959.973445102252	1200	27.76659200930254	0.0	581493	2436.94460367	1.2
9965.578414498103	1850	26.161622613451875	0.0	987708	5604.96939585	1.2000000000000002
9971.180759251796	1850	24.559277859758435	0.0	923755	5602.34475369	1.85
9977.057687361132	1850	22.682349750420993	0.0	891604	5876.92810934	1.85
9987.45948347591	1850	16.280553635643635	0.0	955231	10401.7961148	1.85
9998.98253435746	1850	8.757502754094173	0.0	968026	11523.0508815	1.85
10003.392309228922	750	8.347727882631764	0.0	343800	4409.77487146	-0.3500000000000001
10006.533880853793	750	9.206156257761528	0.0	359903	3141.57162487	0.75
10010.119853187729	750	9.62018392382472	0.0	379700	3585.97233394	0.75
10015.700077755731	750	8.039959355823616	0.0	425781	5580.224568	0.75
10018.089092961965	750	9.650944149589664	0.0	277716	2389.01520623	0.75
10021.333177118253	750	10.406859993301794	0.0	400396	3244.08415629	0.75
10024.141911030732	750	11.598126080822578	0.0	400508	2808.73391248	0.75
10026.100686621474	750	13.639350490080176	0.0	358218	1958.77559074	0.75
10030.487686654404	750	13.252350457150623	0.0	400322	4387.00003293	0.75
10032.789278124697	750	14.950758986857403	0.0	369834	2301.59147029	0.75
10035.194711761085	750	16.54532535047029	0.0	412837	2405.43363639	0.75
10039.501555602705	1200	16.23848150884992	0.0	690253	4306.84384162	0.75
10042.76905391545	1200	16.970983196104783	0.0	598727	3267.49831275	1.2
10045.196985304578	1200	18.543051806978575	0.0	487812	2427.93138913	1.2
10050.129363286253	1850	17.61067382530188	0.0	938587	4932.37798168	1.2000000000000002
10055.376379118827	1850	16.36365799272866	0.0	908665	5247.01583257	1.85
10060.36194930613	1850	15.378087805424189	0.0	930577	4985.5701873	1.85
10064.853795870902	1850	14.886241240651817	0.0	858450	4491.84656477	1.85
10071.306149175203	1850	12.43388793635176	0.0	1025005	6452.3533043	1.85
10076.117041914891	1850	11.62299519666333	0.0	886255	4810.89273969	1.85
10080.395879550473	1850	11.344157561081037	0.0	973972	4278.83763558	1.85
10084.499173804828	1850	11.240863306726169	0.0	958994	4103.29425435	1.85
10090.101288020134	1850	9.63874909142109	0.0	982064	5602.11421531	1.85
10093.888552401857	1850	9.851484709698264	0.0	830730	3787.26438172	1.85
10101.866025405936	2850	5.874011705620649	0.0	1364537	7977.47300408	1.85

