20081.25408785323	750	4.0	7.01949226006192	450283	7019.49226006	-29.433816718266254
20083.43848161101	300	5.8156062422197285	0.0	155580	2184.39375778	-0.15000000000000002
20084.164528324065	300	9.089559529167213	0.0	139857	726.046713053	0.3
20085.011943945603	300	12.242143907631027	0.0	155432	847.415621536	0.3
20086.038522089704	300	15.215565763526222	0.0	163442	1026.5781441	0.3
20086.918303523165	300	18.335784330066407	0.0	126289	879.78143346	0.3
20088.8279574742	750	20.42613037902797	0.0	352642	1909.65395104	0.3
20091.347147455832	750	21.906940397399897	0.0	437162	2519.18998163	0.75
20094.04981314641	1200	23.204274706822005	0.0	584846	2702.66569058	0.75
20095.409718684794	1850	25.844369168439467	0.0	913888	1359.90553838	1.2000000000000002
20096.923771074245	1850	28.33031677898635	0.0	939819	1514.05238945	1.85
20098.165047249862	1850	31.089040603370368	0.0	917428	1241.27617562	1.85
20099.732630367373	1850	33.52145748585911	0.0	946851	1567.58311751	1.85
20102.73253485473	4300	34.5215529985002	0.0	2275376	2999.90448736	1.8499999999999996
20107.268892243887	4300	33.98519560934421	0.0	2005399	4536.35738916	4.3
20115.036991611873	4300	30.217096241361883	0.0	2152483	7768.09936798	4.3
20116.28063681795	4300	32.97345103528355	0.0	2289689	1243.64520608	4.3
20117.323347987192	4300	35.9307398660407	0.0	2059512	1042.71116924	4.3
20118.86048660869	4300	38.393601244544264	0.0	2220726	1537.1386215	4.3
20120.11615288439	4300	41.13793496884486	0.0	2156729	1255.6662757	4.3
20121.33846248767	4300	43.9156253655638	0.0	2039773	1222.30960328	4.3
20122.441802567664	4300	46.812285285570475	0.0	2176469	1103.34007999	4.3
20123.543192578596	4300	49.71089527464062	0.0	2221506	1101.39001093	4.3
20124.825496562706	4300	52.428591290532836	0.0	2044075	1282.30398411	4.3
20130.89729495177	4300	50.35679290146665	0.0	2186790	6071.79838907	4.3
20145.967793078038	4300	39.28629477519934	0.0	2105231	15070.4981263	4.3
20155.872950681678	1850	33.381137171558215	0.0	1076599	9905.15760364	-0.6000000000000001
20156.527045823226	1200	36.72704203000918	0.0	487160	654.095141549	0.5499999999999999
20157.35266629231	1200	39.90142156092602	0.0	622896	825.620469083	1.2
20158.250290971428	1200	43.00379688180806	0.0	641447	897.624679118	1.2
20158.780411258853	750	46.47367659438125	0.0	358218	530.120287427	0.3
20159.507036139945	1200	49.747051713287696	0.0	620283	726.624881094	0.75
20162.20290888862	4300	51.05117896461495	0.0	2191074	2695.87274867	1.1999999999999997
20164.635891938673	4300	52.61819591456302	0.0	2286761	2432.98305005	4.3
20186.74378699185	4300	34.510300861386	0.0	2307787	22107.8950532	4.3
20187.340336437384	1850	37.91375141585	0.0	943942	596.549445536	-0.6000000000000001
20187.628996493582	1200	41.62509135965475	0.0	487812	288.660056195	0.5499999999999999
20187.955203742287	1200	45.29888411094936	0.0	575591	326.207248705	1.2
20188.29436872693	1200	48.959719126308144	0.0	605884	339.164984641	1.2
20188.70567238438	1200	52.54841546885496	0.0	587506	411.303657453	1.2
20189.91719050917	4300	55.336897344065	0.0	2108491	1211.51812479	1.1999999999999997
20191.136332637245	4300	58.11775521599357	0.0	2184571	1219.14212807	4.3
20192.885989072038	4300	59.973795520631505	0.0	2121928	1143.95969536	4.3
20194.51502488356	4300	59.92212598458321	0.0	2219102	1051.6695360482943	4.3
20196.432663982352	4300	59.71198957292694	0.0	2124950	1210.136411656266	4.3
20198.60562614254	4300	59.68925983639969	0.0	2246506	1522.7297365272464	4.3
20200.542915075748	4300	59.505731581626904	0.0	1961140	1183.528254772792	4.3
20212.750769623748	4300	51.29787703362556	0.0	2155012	12207.854548001342	4.3

