32683.213034688277	750	4.0	1.6425749633046762	450283	1642.5749633	-6.313072342210107
32683.81578145537	300	7.3972532329055465	0.0	155580	602.746767094	-0.15000000000000002
32684.207849064776	300	11.005185623500477	0.0	139857	392.067609405	0.3
32684.634669693452	300	14.578364994822262	0.0	155432	426.820628678	0.3
32685.077827046094	300	18.13520764218055	0.0	163442	443.157352642	0.3
32685.43564478794	300	21.777389900333773	0.0	126289	357.817741847	0.3
32688.18877407291	1850	23.024260615362778	0.0	905515	2753.12928497	0.30000000000000004
32723.753611836015	4300	4.0	12.540577147742173	2290172	35564.8377631	-52.07448173529135
32724.61855094252	300	7.135060893497727	0.0	150710	864.939106502	-3.7
32725.536874855356	300	10.216736980661901	0.0	139105	918.323912836	0.3
32726.339465360656	300	13.414146475360534	0.0	141840	802.590505301	0.3
32727.10334926528	300	16.650262570740384	0.0	156148	763.88390462	0.3
32727.964209633723	300	19.789402202294383	0.0	160746	860.860368446	0.3
32733.710680013337	1850	18.042931822681027	0.0	1036454	5746.47037961	0.30000000000000004
32738.166763106998	1850	17.58684872901763	0.0	821631	4456.08309366	1.85
32743.166044649424	1850	16.587567186590597	0.0	923170	4999.28154243	1.85
32748.57954934999	1850	15.174062486025829	0.0	966699	5413.50470056	1.85
32752.371203925777	1850	15.382407910239582	0.0	885714	3791.65457579	1.85
32753.662138253854	1850	18.091473582165165	0.0	987708	1290.93432807	1.85
32754.75762227523	1850	20.995989560788384	0.0	923755	1095.48402138	1.85
32755.724448902518	1850	24.029162933499407	0.0	891604	966.826627289	1.85
32756.909067128647	1850	26.844544707370197	0.0	955231	1184.61822613	1.85
32759.87077711596	4300	27.882834720059012	0.0	2221506	2961.70998731	1.8499999999999996
32762.54754218735	4300	29.20606964866948	0.0	2044075	2676.76507139	4.3
32765.01107554697	4300	30.742536289047372	0.0	2186790	2463.53335962	4.3
32767.714923023406	4300	32.03868881260835	0.0	2105231	2703.84747644	4.3
32770.47101030788	4300	33.28260152813178	0.0	2395588	2756.08728448	4.3
32783.356372782175	4300	24.397239053835218	0.0	1972048	12885.3624743	4.3
32785.088074399864	1200	26.665537436149958	0.0	622896	1731.70161769	-1.9000000000000001
32786.93390235991	1200	28.819709476102553	0.0	641447	1845.82796005	1.2
32788.59737575924	1200	31.156236076775155	0.0	570392	1663.47339933	1.2
32790.23577211079	1200	33.51783972522299	0.0	620283	1638.39635155	1.2
32791.88570520003	1200	35.867906635982536	0.0	584349	1649.93308924	1.2
32803.462058967285	4300	28.291552868725173	0.0	2286761	11576.3537673	1.1999999999999997
32811.037585781865	2850	24.716026054146408	0.0	1492672	7575.52681458	1.4000000000000001
32814.091859150336	2850	25.661752685678437	0.0	1439896	3054.27336847	2.85
32814.90085629798	2850	28.852755538034778	0.0	1139291	808.997147644	2.85
32816.0320885382	2850	31.721523297812936	0.0	1499009	1131.23224022	2.85
32817.20547632924	2850	34.54813550677466	0.0	1427478	1173.38779104	2.85
32818.93972332425	4300	36.81388851176156	0.0	2146120	1734.24699501	2.8499999999999996
32820.43931669913	4300	39.314295136884475	0.0	2108491	1499.59337488	4.3
32821.741634720194	4300	42.01197711582036	0.0	2184571	1302.31802106	4.3
32823.133937211576	4300	44.61967462443784	0.0	2121928	1392.30249138	4.3
32824.22067473307	4300	47.53293710294181	0.0	2219102	1086.7375215	4.3
32825.36964988448	4300	50.383961951534836	0.0	2124950	1148.97515141	4.3
32826.60626392901	4300	53.14734790700189	0.0	2246506	1236.61404453	4.3
32827.60470268652	4300	56.14890914949341	0.0	1961140	998.438757508	4.3
32828.815317141234	4300	58.93829469477889	0.0	2155012	1210.61445471	4.3

