24059.804049051185	750	4.0	9.462290620930554	450283	9462.29062093	-39.937849670001384
24063.10483680143	300	4.6992122497526445	0.0	155580	3300.78775025	-0.15000000000000002
24066.06425737721	300	5.739791673973077	0.0	139857	2959.42057578	0.3
24069.33794528623	300	6.466103764955951	0.0	155432	3273.68790902	0.3
24072.770079207872	300	7.033969843312675	0.0	163442	3432.13392164	0.3
24075.437133590935	300	8.366915460249832	0.0	126289	2667.05438306	0.3
24078.650937371083	300	9.153111680101995	0.0	153295	3213.80378015	0.3
24082.294246843067	300	9.509802208117701	0.0	173849	3643.30947198	0.3
24085.478789020428	300	10.325260030756489	0.0	150710	3184.54217736	0.3
24088.412233580577	300	11.39181547060511	0.0	139105	2933.44456015	0.3
24091.40813607573	300	12.395912975452898	0.0	141840	2995.90249515	0.3
24094.859407038493	300	12.944642012690645	0.0	156148	3451.27096276	0.3
24098.3156642756	300	13.488384775584969	0.0	160746	3456.25723711	0.3
24102.095659238235	300	13.708389812951816	0.0	179801	3779.99496263	0.3
24105.05207587101	300	14.751973180173431	0.0	140051	2956.41663278	0.3
24107.968487484493	300	15.835561566693906	0.0	138313	2916.41161348	0.3
24110.98652438474	300	16.817524666445774	0.0	143509	3018.03690025	0.3
24114.15583349626	300	17.64821555492431	0.0	150616	3169.30911152	0.3
24117.629800714436	300	18.17424833674752	0.0	165384	3473.96721818	0.3
24120.60044414888	300	19.203604902306676	0.0	140881	2970.64343444	0.3
24123.92356061909	300	19.88048843209479	0.0	157671	3323.11647021	0.3
24127.25499931054	300	20.549049740648027	0.0	157812	3331.43869145	0.3
24130.707646278894	300	21.096402772289935	0.0	163927	3452.64696836	0.3
24133.63448035242	300	22.16956869876631	0.0	137654	2926.83407352	0.3
24136.766558724747	300	23.037490326441613	0.0	146754	3132.07837232	0.3
24140.010401898715	300	23.793647152473625	0.0	153938	3243.84317397	0.3
24151.662348782895	750	16.141700268296685	0.0	425781	11651.9468842	0.3
24159.066405572565	750	12.737643478626277	0.0	277716	7404.05678967	0.75
24169.765797405747	300	6.038251645442089	0.0	153605	10699.3918332	-0.15000000000000002
24172.92180020409	300	6.88224884709616	0.0	149029	3156.00279835	0.3
24176.19872717705	300	7.605321874135426	0.0	157421	3276.92697296	0.3
24179.47431463298	300	8.32973441820541	0.0	157488	3275.58745593	0.3
24182.471260902585	300	9.33278814859857	0.0	143881	2996.94626961	0.3
24189.507358837436	300	6.296690213745341	0.0	163444	7036.09793485	0.3
24193.51321542325	300	6.290833627932565	0.0	179328	4005.85658581	0.3
24225.810818054837	300	4.0	26.006769003655403	159914	32297.6026316	-111.52910671571823
24232.478967421033	300	4.0	2.6681493661945415	131610	6668.14936619	-11.173042274636527
24235.64559043508	300	4.833376985950547	0.0	124011	3166.62301405	0.3
24238.667279041794	300	5.811688379236552	0.0	144254	3021.68860671	0.3
24241.79749470498	300	6.681472716049373	0.0	149991	3130.21566319	0.3
24245.140201943712	300	7.338765477321074	0.0	147968	3342.70723873	0.3
24249.09237138322	300	7.386596037812091	0.0	161857	3952.16943951	0.3
24252.11864415845	300	8.360323262581803	0.0	145210	3026.27277523	0.3
24257.08894331591	300	7.390024105123969	0.0	172312	4970.29915746	0.3
24261.344902486962	300	7.134064934069139	0.0	167025	4255.95917105	0.3
24264.70456551634	300	7.77440190469253	0.0	160064	3359.66302938	0.3
24267.61215314139	300	8.866814279642407	0.0	137507	2907.58762505	0.3
24274.29174439365	750	6.187223027378616	0.0	314107	6679.59125226	0.3

