21413.87375222667	750	4.0	0.7092493929812916	450283	709.249392981	-2.299772389819554
21414.455101997642	750	7.418650229024022	0.0	398865	581.349770976	0.75
21416.052251366236	2850	9.821500860431907	0.0	1300868	1597.14936859	0.75
21419.450771094467	4300	10.42298113219983	0.0	2160877	3398.51972823	2.8499999999999996
21422.440423706485	4300	11.433328520184263	0.0	2233056	2989.65261202	4.3
21432.15883660626	4300	5.714915620405514	0.0	1941625	9718.41289978	4.3
21432.993860216557	1200	8.879892010109623	0.0	561791	835.023610296	-1.9000000000000001
21433.46916442813	1200	12.404587798538683	0.0	709534	475.304211571	1.2
21433.87500094466	1200	15.998751282007529	0.0	584846	405.836516531	1.2
21434.488566250155	1850	19.385185976512147	0.0	913888	613.565305495	1.2000000000000002
21435.100768460437	1850	22.772983766227842	0.0	939819	612.202210284	1.85
21436.12452392607	4300	25.749228300594428	0.0	2102452	1023.75546563	1.8499999999999996
21437.180499807866	4300	28.69325241880014	0.0	2209463	1055.97588179	4.3
21438.69025214582	4300	31.18350008084261	0.0	2275376	1509.75233796	4.3
21439.715599455933	4300	34.15815277073311	0.0	2005399	1025.34731011	4.3
21441.020323252826	4300	36.85342897384047	0.0	2152483	1304.72379689	4.3
21442.538932835818	4300	39.334819390850456	0.0	2289689	1518.60958299	4.3
21446.026048714095	4300	39.84770351257353	0.0	2059512	3487.11587828	4.3
21463.076602399837	4300	26.797149826830317	0.0	2220726	17050.5536857	4.3
21470.047865022054	750	23.825887204615725	0.0	350713	6971.26262221	-2.8
21471.73743576662	300	26.13631646004841	0.0	157671	1689.57074457	-0.15000000000000002
21484.139334166954	300	17.73441805971098	0.0	157812	12401.8984003	0.3
21485.043961341544	300	20.829790885119973	0.0	163927	904.627174591	0.3
21485.79246859584	300	24.081283630825066	0.0	137654	748.507254295	0.3
21486.68889951914	300	27.18485270752217	0.0	146754	896.430923303	0.3
21487.63154904678	300	30.242203179887614	0.0	153938	942.649527635	0.3
21488.719516850346	300	33.154235376319264	0.0	181901	1087.96780357	0.3
21492.589874014004	1850	33.283878212660184	0.0	758197	3870.35716366	0.30000000000000004
21503.646377593577	1850	26.227374633088992	0.0	972798	11056.5035796	1.85
21507.442830714754	1850	26.430921511909638	0.0	975811	3796.45312118	1.85
21509.452110348047	1200	28.42164187862019	0.0	570392	2009.27963329	0.5499999999999999
21511.376522271345	1200	30.497229955319643	0.0	620283	1924.4119233	1.2
21513.288684223557	1200	32.58506800311088	0.0	584349	1912.16195221	1.2
21517.573252833685	1850	32.30049939298132	0.0	1035329	4284.56861013	1.2000000000000002
21535.178021650332	2850	18.695730576331847	0.0	1492672	17604.7688166	1.85
21536.711045296037	1200	21.16270693063075	0.0	598727	1533.0236457	-0.44999999999999996
21538.118556091627	1200	23.755196135037483	0.0	487812	1407.51079559	1.2
21540.20477999718	1200	25.668972229484343	0.0	575591	2086.22390555	1.2
21542.621141152646	1200	27.25261107402007	0.0	605884	2416.36115546	1.2
21544.62838332904	1200	29.245368897625276	0.0	587506	2007.24217639	1.2
21546.800884820164	1850	31.072867406504216	0.0	858450	2172.50149112	1.2000000000000002
21551.114537814185	2850	30.759214412481942	0.0	1527299	4313.65299402	1.85
21555.864421862025	4300	30.009330364641215	0.0	2121928	4749.88404784	2.8499999999999996
21557.100532194974	4300	32.77322003169006	0.0	2219102	1236.11033295	4.3
21558.783454559903	4300	35.090297666762716	0.0	2124950	1682.92236493	4.3
21559.87060898327	4300	38.003143243396806	0.0	2246506	1087.15442337	4.3
21560.944140127976	4300	40.929612098690576	0.0	1961140	1073.53114471	4.3
21562.108178935163	4300	43.765573291502356	0.0	2155012	1164.03880719	4.3

