26454.449706777952	750	4.0	2.5022832189168573	450283	2502.28321892	-10.009817841342485
26455.53319129359	300	6.916515484363082	0.0	155580	1083.48451564	-0.15000000000000002
26456.583967418686	300	9.865739359267735	0.0	139857	1050.7761251	0.3
26457.68625151723	300	12.763455260723502	0.0	155432	1102.28409854	0.3
26458.744431785155	300	15.705274992796	0.0	163442	1058.18026793	0.3
26459.61219942648	300	18.837507351470464	0.0	126289	867.767641326	0.3
26460.63236637389	300	21.817340404057067	0.0	153295	1020.16694741	0.3
26467.16149967183	1850	19.288207106119227	0.0	1060487	6529.13329794	0.30000000000000004
26472.97539542452	1850	17.47431135342803	0.0	852833	5813.89575269	1.85
26478.483031585663	1850	15.966675192287035	0.0	913888	5507.63616114	1.85
26483.544183253278	1850	14.905523524673683	0.0	939819	5061.15166761	1.85
26488.37761950924	1850	14.072087268711998	0.0	917428	4833.43625596	1.85
26494.034832687827	1850	12.414874090126533	0.0	946851	5657.21317859	1.85
26500.084744897435	1850	10.364961880515505	0.0	1036454	6049.91220961	1.85
26505.405714254586	1850	9.043992523363002	0.0	821631	5320.96935715	1.85
26511.021075611774	1850	7.428631166178094	0.0	923170	5615.36135718	1.85
26516.204308528086	1850	6.245398249866084	0.0	966699	5183.23291631	1.85
26519.46371921702	1200	6.985987560929259	0.0	581493	3259.41068894	0.5499999999999999
26523.336414394165	1200	7.113292383784861	0.0	639204	3872.69517714	1.2
26527.664544915468	1200	6.785161862483644	0.0	586839	4328.1305213	1.2
26534.335392499757	1200	4.114314278195344	0.0	601738	6670.84758429	1.2
26535.811376532893	300	6.638330245059012	0.0	157812	1475.98403314	-0.6000000000000001
26537.13017224555	300	9.319534532401956	0.0	163927	1318.79571266	0.3
26538.319945099473	300	12.129761678480385	0.0	137654	1189.77285392	0.3
26539.771974070056	300	14.677732707896888	0.0	146754	1452.02897058	0.3
26541.559214277622	300	16.89049250033326	0.0	153938	1787.24020756	0.3
26544.995373809557	750	17.45433296839585	0.0	425781	3436.15953194	0.3
26546.97006819356	750	19.479638584391186	0.0	277716	1974.694384	0.75
26551.07086867053	1200	19.378838107424563	0.0	622896	4100.80047697	0.75
26555.448374505577	1200	19.00133227238054	0.0	641447	4377.50583504	1.2
26559.558732408597	1200	18.89097436935932	0.0	570392	4110.35790302	1.2
26570.639119587053	1200	11.810587190905045	0.0	620283	11080.3871785	1.2
26574.225309271358	750	12.2243975065994	0.0	369834	3586.18968431	0.3
26577.00043271858	750	13.44927405937625	0.0	412837	2775.12344722	0.75
26579.56695907293	750	14.882747705030914	0.0	401088	2566.52635435	0.75
26582.05150565894	750	16.398201119019692	0.0	365161	2484.54658601	0.75
26584.309533313426	750	18.14017346453088	0.0	321064	2258.02765449	0.75
26586.914614026336	750	19.53509275162014	0.0	361565	2605.08071291	0.75
26589.09058670001	750	21.35912007794544	0.0	378327	2175.97267367	0.75
26591.746667145024	750	22.703039632932384	0.0	390680	2656.08044501	0.75
26595.325918286297	1200	23.123788491661532	0.0	566904	3579.25114127	0.75
26601.755822971918	1850	20.693883806042024	0.0	1025005	6429.90468562	1.2000000000000002
26608.91725971465	1850	17.53244706331039	0.0	886255	7161.43674273	1.85
26616.684830963066	1850	13.764875814890715	0.0	973972	7767.57124842	1.85
26623.44804484911	1850	11.001661928849556	0.0	958994	6763.21388604	1.85
26630.1115233953	1850	8.33818338265951	0.0	982064	6663.47854619	1.85
26637.282884904314	1850	5.166821873644695	0.0	830730	7171.36150901	1.85
26643.408053426392	1200	4.0	0.9583466484345153	550906	6125.16852208	-3.570890588268415

