15850.723379646388	750	4.0	0.3110558065995529	450283	311.0558066	-0.5875399683780773
15852.010525718422	4300	6.71285392796529	0.0	2123065	1287.14607203	0.75
15853.232634522366	4300	9.490745124020178	0.0	2177073	1222.10880395	4.3
15854.512731299275	4300	12.210648347111139	0.0	2160877	1280.09677691	4.3
15856.120447934678	4300	14.602931711708605	0.0	2233056	1607.7166354	4.3
15857.081346885021	4300	17.642032761364565	0.0	1941625	960.898950344	4.3
15858.241856928695	4300	20.481522717691803	0.0	2157535	1160.51004367	4.3
15859.314439072452	4300	23.40894057393351	0.0	2290172	1072.58214376	4.3
15860.628910297537	4300	26.094469348849135	0.0	2055469	1314.47122508	4.3
15862.942844154566	4300	27.78053549181934	0.0	2169201	2313.93385703	4.3
15865.977512222682	4300	28.7458674237053	0.0	2173522	3034.66806811	4.3
15869.301946116118	4300	29.421433530268157	0.0	2102452	3324.43389344	4.3
15871.15395737454	4300	31.569422271847532	0.0	2209463	1852.01125842	4.3
15872.665021796376	4300	34.05835785001082	0.0	2275376	1511.06442184	4.3
15873.825526925559	4300	36.897852720827885	0.0	2005399	1160.50512918	4.3
15874.830193030966	4300	39.893186615420326	0.0	2152483	1004.66610541	4.3
15875.898608803034	4300	42.82477084335282	0.0	2289689	1068.41577207	4.3
15876.906529448404	4300	45.81685019798106	0.0	2059512	1007.92064537	4.3
15878.061307440603	4300	48.66207220578284	0.0	2220726	1154.7779922	4.3
15879.111771934115	4300	51.61160771227247	0.0	2156729	1050.46449351	4.3
15880.077414408435	4300	54.64596523795055	0.0	2039773	965.642474322	4.3
15882.187817689104	4300	56.53556195728319	0.0	2176469	2110.40328067	4.3
15893.917498802019	4300	48.805880844368595	0.0	2221506	11729.6811129	4.3
15898.279721359157	1850	48.44365828723104	0.0	874175	4362.22255714	-0.6000000000000001
15917.020649697912	1850	33.70272994847613	0.0	897976	18740.9283388	1.85
15919.522793318018	300	35.20058632836852	0.0	153938	2502.14362011	-1.25
15921.688747034574	300	37.03463261181214	0.0	181901	2165.95371656	0.3
15922.033315181907	300	40.69006446447942	0.0	111155	344.568147333	0.3
15922.47892167978	300	44.2444579666067	0.0	153605	445.606497873	0.3
15922.929424202586	300	47.79395544380103	0.0	149029	450.502522806	0.3
15924.701547747012	1200	50.02183189937388	0.0	570392	1772.12354443	0.29999999999999993
15929.241594994981	2850	49.481784651405235	0.0	1497683	4540.04724797	1.2000000000000002
15937.74952339128	4300	44.97385625510628	0.0	2191074	8507.9283963	2.8499999999999996
15971.86661343327	4300	14.856766213116767	0.0	2286761	34117.090042	4.3
15974.2255520088	750	16.497827637585512	0.0	401088	2358.93857553	-2.8
15976.28298252242	750	18.44039712396489	0.0	365161	2057.43051362	0.75
15978.244378732104	750	20.479000914282164	0.0	321064	1961.39620968	0.75
15980.177690651311	750	22.54568899507538	0.0	361565	1933.31191921	0.75
15982.287267351972	750	24.436112294413295	0.0	378327	2109.57670066	0.75
15995.386315067855	1200	15.337064578529427	0.0	587506	13099.0477159	0.75
15996.149501454005	300	18.573878192379343	0.0	147968	763.18638615	-0.6000000000000001
15996.981690085708	300	21.741689560677976	0.0	161857	832.188631701	0.3
15997.827388928934	300	24.89599071745219	0.0	145210	845.698843226	0.3
15998.799171117686	300	27.924208528699694	0.0	172312	971.782188752	0.3
15999.775965485622	300	30.94741416076487	0.0	167025	976.794367935	0.3
16013.15153596654	2850	21.571843679844772	0.0	1483527	13375.5704809	0.30000000000000027
16015.36610041526	2850	23.357279231127055	0.0	1231456	2214.56444872	2.85
16016.857614511013	2850	25.865765135372882	0.0	1364537	1491.51409575	2.85

