21026.59838158363	750	4.0	0.3511762026822044	450283	351.176202682	-0.7600576715334788
21027.86375003871	4300	6.734631544921876	0.0	2123065	1265.36845508	0.75
21029.143617223337	4300	9.454764360294764	0.0	2177073	1279.86718463	4.3
21030.24702485653	4300	12.35135672710083	0.0	2160877	1103.40763319	4.3
21031.302001122334	4300	15.296380461298568	0.0	2233056	1054.9762658	4.3
21032.313523636196	4300	18.284857947436908	0.0	1941625	1011.52251386	4.3
21033.613590543286	4300	20.984791040348206	0.0	2157535	1300.06690709	4.3
21035.24313648076	4300	23.35524510287257	0.0	2290172	1629.54593748	4.3
21042.403256013862	4300	20.195125569770813	0.0	2055469	7160.1195331	4.3
21046.465911090414	2850	20.132470493217227	0.0	1429765	4062.65507655	1.4000000000000001
21047.091534341926	1850	23.506847241706858	0.0	939819	625.62325151	0.8500000000000001
21047.62033588603	1850	26.978045697602447	0.0	917428	528.801544104	1.85
21048.15732133452	1850	30.441060249111896	0.0	946851	536.985448491	1.85
21048.71159683445	1850	33.886784749177686	0.0	1036454	554.275499934	1.85
21049.76817867288	4300	36.830202910749875	0.0	2005399	1056.58183843	1.8499999999999996
21051.336462754378	4300	39.26191882925536	0.0	2152483	1568.28408149	4.3
21052.755484941892	4300	41.84289664173924	0.0	2289689	1419.02218752	4.3
21053.906064955823	4300	44.69231662780969	0.0	2059512	1150.58001393	4.3
21055.02578857515	4300	47.572593008482094	0.0	2220726	1119.72361933	4.3
21056.243589147332	4300	50.35479243629799	0.0	2156729	1217.80057218	4.3
21073.238614643407	4300	37.35976694022648	0.0	2039773	16995.0254961	4.3
21077.334149406695	1850	37.26423217694045	0.0	955231	4095.53476329	-0.6000000000000001
21078.199056235408	1200	40.39932534822724	0.0	656471	864.906828713	0.5499999999999999
21078.78838803442	1200	43.80999354921545	0.0	536667	589.331799012	1.2
21079.56493836939	1200	47.033443214243206	0.0	587236	776.550334972	1.2
21080.556657529516	1200	50.04172405411702	0.0	590335	991.719160126	1.2
21083.043535116445	4300	51.55484646718782	0.0	2395588	2486.87758693	1.1999999999999997
21085.671605763255	4300	52.92677582037834	0.0	1972048	2628.07064681	4.3
21088.181222814474	4300	54.4171587691613	0.0	2134614	2509.61705122	4.3
21089.72799800377	4300	56.87038357986606	0.0	2164140	1546.7751893	4.3
21090.926063624698	4300	59.67231795893565	0.0	2113193	1198.06562093	4.3
21092.378004761333	4300	59.505776512491636	0.0	2147852	1166.54144644	4.3
21094.524043983824	4300	59.78545674634185	0.0	2191074	1220.319766149787	4.3
21110.623898459333	4300	47.685602270833115	0.0	2286761	16099.854475508737	4.3
21113.734063271073	1850	48.575437459094445	0.0	1026056	3110.1648117386712	-0.6000000000000001
21116.657814107555	1850	49.65168662261023	0.0	943942	2923.7508364842115	1.85
21118.15717188508	1200	52.15232884508705	0.0	487812	1499.3577775231818	0.5499999999999999
21119.21774570376	750	55.09175502640899	0.0	361565	1060.5738186780586	0.3
21120.170429245616	750	58.13907148455073	0.0	378327	952.6835418582539	0.75
21129.00043670982	4300	53.30906402035178	0.0	2146120	8830.007464198958	0.75
21139.884108413502	4300	46.425392316667306	0.0	2108491	10883.671703684471	4.3
21148.389547190407	4300	41.919953539764926	0.0	2184571	8505.438776902383	4.3
21154.199677474437	4300	40.10982325573379	0.0	2121928	5810.130284031138	4.3
21155.67617703732	4300	42.63332369284866	0.0	2219102	1476.4995628851195	4.3
21156.720686617322	4300	45.58881411284622	0.0	2124950	1044.5095800024421	4.3
21158.157336771867	4300	48.152163958298885	0.0	2246506	1436.6501545473388	4.3
21159.35282005896	4300	50.95668067120562	0.0	1961140	1195.4832870932626	4.3
21160.735297568765	4300	53.5742031614017	0.0	2155012	1382.4775098039236	4.3

