9581.43303530389	750	4.0	2.7204336365955277	450283	2720.4336366	-10.94786463736077
9582.418001547827	300	7.015033756061911	0.0	155580	984.966243938	-0.15000000000000002
9583.181892514895	300	10.251142788994597	0.0	139857	763.890967067	0.3
9584.97423327566	750	12.458802028228607	0.0	382355	1792.34076077	0.3
9588.245170414	1200	13.187864889887994	0.0	652874	3270.93713834	0.75
9589.122549849852	1200	16.31048545403722	0.0	520315	877.379435851	1.2
9590.003011220588	1200	19.430024083300527	0.0	561791	880.461370737	1.2
9591.202132474831	1850	22.230902829057204	0.0	1060487	1199.12125424	1.2000000000000002
9592.750051714058	2850	24.682983589830798	0.0	1348011	1547.91923923	1.85
9595.488835832472	4300	25.94419947141604	0.0	2169201	2738.78411841	2.8499999999999996
9597.812307387198	4300	27.620727916689113	0.0	2173522	2323.47155473	4.3
9615.608627493082	4300	13.824407810804317	0.0	2102452	17796.3201059	4.3
9617.802399280734	750	15.630636023151073	0.0	386351	2193.77178765	-2.8
9619.277009230475	750	18.156026073411105	0.0	434409	1474.60994974	0.75
9619.971267200952	750	21.461768102932915	0.0	337059	694.257970478	0.75
9620.397035489821	750	25.035999814064088	0.0	366214	425.768288869	0.75
9620.817721311338	750	28.615313992547634	0.0	360831	420.685821516	0.75
9622.449421317806	2850	30.98361398608018	0.0	1358801	1631.70000647	0.75
9624.625039952987	4300	32.80799535089961	0.0	2220726	2175.61863518	2.8499999999999996
9627.153583292953	4300	34.27945201093374	0.0	2156729	2528.54333997	4.3
9629.692715334759	4300	35.740319969129224	0.0	2039773	2539.1320418	4.3
9635.405418656303	4300	34.0276166475839	0.0	2176469	5712.70332155	4.3
9640.00022420695	4300	33.432811096937236	0.0	2221506	4594.80555065	4.3
9641.24794458916	4300	36.18509071472629	0.0	2044075	1247.72038221	4.3
9642.568670646071	4300	38.86436465781484	0.0	2186790	1320.72605691	4.3
9643.707684570749	4300	41.725350733137695	0.0	2105231	1139.01392468	4.3
9645.375633012158	4300	44.05740229172885	0.0	2395588	1667.94844141	4.3
9646.867841339406	4300	46.56519396447941	0.0	1972048	1492.20832725	4.3
9648.246043779476	4300	49.18699152440868	0.0	2134614	1378.20244007	4.3
9649.335075094612	4300	52.09796020927183	0.0	2164140	1089.03131514	4.3
9658.224556554507	4300	47.208478749377115	0.0	2113193	8889.48145989	4.3
9670.357227698136	4300	39.07580760574928	0.0	2147852	12132.6711436	4.3
9671.470524455606	1850	41.96251084827897	0.0	885062	1113.29675747	-0.6000000000000001
9672.584389366992	1850	44.848645936893575	0.0	1035329	1113.86491139	1.85
9674.118821857159	1850	47.314213446728196	0.0	1026056	1534.43249017	1.85
9675.390004002124	1850	50.04303130176215	0.0	943942	1271.18214497	1.85
9676.610469120304	2850	52.82256618358269	0.0	1139291	1220.46511818	1.85
9678.570655116271	4300	54.86238018761501	0.0	2147467	1960.18599597	2.8499999999999996
9680.781102407245	4300	56.65193289664182	0.0	2133870	2210.44729097	4.3
9686.752644701548	4300	54.680390602338825	0.0	2146120	5971.5422943	4.3
9701.167940372405	4300	44.26509493148113	0.0	2108491	14415.2956709	4.3
9702.809889788234	1850	46.62314551565265	0.0	1025005	1641.94941583	-0.6000000000000001
9703.885087284832	1850	49.547948019053855	0.0	886255	1075.1974966	1.85
9704.964270970939	1850	52.468764332948865	0.0	973972	1079.1836861	1.85
9707.224037507647	2850	54.20899779623931	0.0	1464921	2259.76653671	1.85
9708.951027537176	2850	56.48200776671072	0.0	1483527	1726.99002953	2.85
9711.818605935256	4300	57.61442936863117	0.0	1961140	2867.57839808	2.8499999999999996
9714.872638453195	4300	58.56039685069093	0.0	2155012	3054.03251794	4.3

