26783.744516211467	750	4.0	0.6806426171559105	450283	680.642617156	-2.1767632537704147
26784.708969257143	1200	7.035546954324835	0.0	611087	964.453045675	0.75
26786.084749894933	1850	9.65976631653661	0.0	877771	1375.78063779	1.2000000000000002
26788.942823021065	4300	10.801693190401696	0.0	2160877	2858.07312613	1.8499999999999996
26791.699662651605	4300	12.044853559860774	0.0	2233056	2756.83963054	4.3
26820.516979411488	4300	4.0	16.77246320001861	1941625	28817.3167599	-67.82159176008003
26821.32796637263	300	7.189013038854347	0.0	153295	810.986961146	-3.7
26822.357234313182	300	10.159745098304167	0.0	173849	1029.26794055	0.3
26822.880228878825	300	13.636750532659073	0.0	150710	522.994565645	0.3
26823.10649065012	300	17.410488761362306	0.0	139105	226.261771297	0.3
26823.33562813361	300	21.18135127787334	0.0	141840	229.137483489	0.3
26823.57980974509	300	24.937169666396773	0.0	156148	244.181611477	0.3
26824.06603800146	750	28.450941410027294	0.0	386351	486.228256369	0.3
26826.93117593847	4300	29.585803473017968	0.0	2275376	2865.13793701	0.75
26829.41861367824	4300	31.098365733247352	0.0	2005399	2487.43773977	4.3
26831.908165522924	4300	32.6088138885604	0.0	2152483	2489.55184469	4.3
26837.60128169287	4300	30.915697718614854	0.0	2289689	5693.11616995	4.3
26843.061814300137	4300	29.45516511134692	0.0	2059512	5460.53260727	4.3
26844.964048457696	4300	31.552930953786536	0.0	2220726	1902.23415756	4.3
26846.388293707347	4300	34.12868570413574	0.0	2156729	1424.24524965	4.3
26847.563297115474	4300	36.95368229600912	0.0	2039773	1175.00340813	4.3
26848.63656951793	4300	39.880409893555694	0.0	2176469	1073.27240245	4.3
26850.32360784449	4300	42.19337156699397	0.0	2221506	1687.03832656	4.3
26851.964516535758	4300	44.5524628757274	0.0	2044075	1640.90869127	4.3
26853.086744755805	4300	47.43023465568226	0.0	2186790	1122.22822005	4.3
26855.182630430238	4300	49.33434898125014	0.0	2105231	2095.88567443	4.3
26858.044642938108	4300	50.4723364733795	0.0	2395588	2862.01250787	4.3
26860.41377141033	4300	52.10320800115534	0.0	1972048	2369.12847222	4.3
26862.599114760185	4300	53.91786465129894	0.0	2134614	2185.34334986	4.3
26878.31500230842	4300	42.20197710306312	0.0	2164140	15715.8875482	4.3
26881.619740188813	1200	42.89723922266755	0.0	570392	3304.7378804	-1.9000000000000001
26894.76474195225	1200	33.75223745922902	0.0	620283	13145.0017634	1.2
26897.008200190267	300	35.508779221216656	0.0	143881	2243.45823801	-0.6000000000000001
26898.59752571872	300	37.91945369276297	0.0	163444	1589.32552845	0.3
26901.260927008512	300	39.25605240296943	0.0	179328	2663.40128979	0.3
26903.514339759724	300	41.00263965176068	0.0	159914	2253.41275121	0.3
26915.084404575155	300	33.432574836329074	0.0	131610	11570.0648154	0.3
26915.30255818779	300	37.21442122369583	0.0	124011	218.153612633	0.3
26915.543263377138	300	40.97371603434329	0.0	144254	240.705189353	0.3
26915.79035983239	300	44.72661957908954	0.0	149991	247.096455254	0.3
26916.035202578227	300	48.48177683325153	0.0	147968	244.842745838	0.3
26916.295518270224	300	52.22146114125663	0.0	161857	260.315691995	0.3
26919.63118249661	4300	52.88579691487024	0.0	2121928	3335.66422639	0.2999999999999998
26922.15004881257	4300	54.36693059890906	0.0	2219102	2518.86631596	4.3
26925.77278630487	4300	54.74419310660752	0.0	2124950	3622.7374923	4.3
26936.611969063855	4300	47.90501034762538	0.0	2246506	10839.182759	4.3
26937.740844543314	4300	50.77613486816662	0.0	1961140	1128.87547946	4.3
26938.830637455212	4300	53.686341956269146	0.0	2155012	1089.7929119	4.3

