6875.695929434817	750	4.0	1.6933262907118904	450283	1693.32629071	-6.531303050061129
6878.743538714916	1200	4.952390719900804	0.0	611087	3047.6092801	0.75
6881.301217123014	1200	6.394712311803045	0.0	571051	2557.6784081	1.2
6884.199593386069	1200	7.496336048747919	0.0	617681	2898.37626306	1.2
6893.288350862729	1200	4.0	1.5924214279128863	652874	9088.75747666	-5.647412140025411
6894.0680821763635	300	7.220268686366711	0.0	126289	779.731313633	-0.6000000000000001
6895.1679273011905	300	10.120423561538676	0.0	153295	1099.84512483	0.3
6896.232371250595	300	13.05597961213406	0.0	173849	1064.4439494	0.3
6898.51043276644	750	14.777918096288914	0.0	374758	2278.06151585	0.3
6900.311148949937	750	16.97720191279187	0.0	362795	1800.7161835	0.75
6903.1260104624	750	18.162340400329043	0.0	353220	2814.86151246	0.75
6906.514691504828	750	18.773659357900836	0.0	405134	3388.68104243	0.75
6908.811702092795	750	20.476648769933956	0.0	386351	2297.01058797	0.75
6912.804742227873	1200	20.483608634855873	0.0	687371	3993.04013508	0.75
6914.970593877144	1200	22.3177569855845	0.0	526950	2165.85164927	1.2
6917.831855421431	1200	23.45649544129684	0.0	587876	2861.26154429	1.2
6923.060462314333	1850	22.227888548395608	0.0	966699	5228.6068929	1.2000000000000002
6928.479943420081	1850	20.80840744264748	0.0	885714	5419.48110575	1.85
6940.17044532609	1850	13.117905536639178	0.0	987708	11690.501906	1.85
6943.5651474802535	750	13.72320338247575	0.0	350713	3394.70215416	-0.3500000000000001
6946.1361659859085	750	15.152184876820534	0.0	386472	2571.01850566	0.75
6948.742943219127	750	16.545407643602527	0.0	399894	2606.77723322	0.75
6951.170149820696	750	18.118201042033117	0.0	401853	2427.20660157	0.75
6953.017793153898	750	20.270557708830445	0.0	343800	1847.6433332	0.75
6954.808648673409	750	22.479702189318548	0.0	359903	1790.85551951	0.75
6960.152926676857	1850	21.135424185872008	0.0	905935	5344.27800345	0.75
6964.301588374303	1850	20.98676248842597	0.0	1076599	4148.66169745	1.85
6967.357071247217	1850	21.931279615511695	0.0	758197	3055.48287291	1.85
6973.095768596663	1850	20.192582266066072	0.0	972798	5738.69734945	1.85
6978.630063924678	1850	18.658286938050146	0.0	975811	5534.29532802	1.85
6983.670977192974	1850	17.61737366975463	0.0	873429	5040.9132683	1.85
6989.425103586048	1850	15.863247276680246	0.0	954453	5754.12639307	1.85
6993.967629960011	1850	15.32072090271619	0.0	885062	4542.52637396	1.85
6997.998944633211	1850	15.289406229516754	0.0	1035329	4031.3146732	1.85
7001.404629230661	1850	15.883721632066838	0.0	1026056	3405.68459745	1.85
7004.639382444623	1850	16.648968418105024	0.0	943942	3234.75321396	1.85
7009.307348034068	1850	15.9810028286599	0.0	728962	4667.96558945	1.85
7014.080809968906	1850	15.207540893822399	0.0	938587	4773.46193484	1.85
7017.619459895257	1850	15.668890967471114	0.0	908665	3538.64992635	1.85
7021.35879835336	1850	15.929552509367891	0.0	930577	3739.3384581	1.85
7024.503157250537	1850	16.78519361219145	0.0	858450	3144.35889718	1.85
7028.5793039582295	1850	16.70904690449791	0.0	1025005	4076.14670769	1.85
7032.201264612261	1850	17.087086250466715	0.0	886255	3621.96065403	1.85
7061.513340767458	2850	4.0	12.224989904730421	1587250	29312.0761552	-50.71745659034081
7062.692189451668	300	6.821151315789473	0.0	167025	1178.84868421	-2.25
7063.999316850069	300	9.514023917389236	0.0	160064	1307.1273984	0.3
7064.989438008849	300	12.52390275860959	0.0	137507	990.12115878	0.3
7066.931486114481	750	14.581854652976862	0.0	314107	1942.04810563	0.3

