19436.863606916046	750	4.0	0.36112285332027105	450283	361.12285332	-0.8028282692771656
19438.287546413918	4300	6.576060502125627	0.0	2123065	1423.93949787	0.75
19439.534499127058	4300	9.329107788985551	0.0	2177073	1246.95271314	4.3
19440.231237361946	4300	12.63236955409711	0.0	2160877	696.738234888	4.3
19440.739961134354	4300	16.12364578169131	0.0	2233056	508.723772406	4.3
19441.226311399485	4300	19.637295516555582	0.0	1941625	486.350265136	4.3
19441.96780982625	4300	22.89579708979254	0.0	2157535	741.498426763	4.3
19442.799954604016	4300	26.06365231202404	0.0	2290172	832.144777769	4.3
19443.759427931724	4300	29.104178984317986	0.0	2055469	959.473327706	4.3
19445.470567311062	4300	31.39303960497546	0.0	2169201	1711.13937934	4.3
19446.035090372214	4300	34.828516543828314	0.0	2173522	564.523061147	4.3
19446.583770458707	4300	38.27983645733508	0.0	2102452	548.680086493	4.3
19447.127817158627	4300	41.735789757413464	0.0	2209463	544.046699922	4.3
19447.683620119882	4300	45.179986796160165	0.0	2275376	555.802961253	4.3
19448.316987956954	4300	48.546618959088526	0.0	2005399	633.367837072	4.3
19449.013523029385	4300	51.850083886653906	0.0	2152483	696.535072435	4.3
19449.639032891293	4300	55.224574024747405	0.0	2289689	625.509861907	4.3
19450.23642426072	4300	58.6271826553238	0.0	2059512	597.391369424	4.3
19451.76425343492	4300	59.8932381672196	0.0	2220726	733.944488104	4.3
19453.07790402177	4300	59.84335521684585	0.0	2156729	549.8829503737493	4.3
19454.260965504345	4300	59.8437082937969	0.0	2039773	499.64692304894226	4.3
19456.550845247253	4300	59.750475702105206	0.0	2176469	1593.232591691698	4.3
19458.05841942325	4300	59.80501218971373	0.0	2221506	945.4635123914751	4.3
19459.905968290943	4300	59.62229308767163	0.0	2044075	1182.719102042105	4.3
19462.670834904606	4300	59.78227466366504	0.0	2186790	2340.018424006586	4.3
19465.08725912288	4300	59.99648664935799	0.0	2105231	2285.788014307052	4.3
19466.382437483575	4300	59.87421557099128	0.0	2395588	1122.2710783667037	4.3
19467.48884083339	4300	59.61746753724908	0.0	1972048	756.748033742	4.3
19468.387069763427	4300	59.80268073026638	0.0	2134614	814.7868069826916	4.3
19469.693604952845	4300	59.65163419708398	0.0	2164140	1151.046533182404	4.3
19471.02103259765	4300	59.525664702800235	0.0	2113193	1125.9694942837452	4.3
19474.815684464877	4300	59.68906784444647	0.0	2147852	2836.5968583537638	4.3
19476.450886882943	4300	59.81049413984989	0.0	2191074	878.5737045965851	4.3
19479.080938862844	4300	59.83328250663202	0.0	2286761	1977.211633217868	4.3
19480.540107795332	4300	59.64061821373307	0.0	2307787	692.6642928989488	4.3
19481.95273200484	4300	59.52705842877367	0.0	2143948	613.5597849593994	4.3
19482.8920062051	4300	59.91745354091627	0.0	1919781	609.6048878573998	4.3
19484.015682269797	4300	59.98045016477057	0.0	2147467	937.0033761456913	4.3
19485.10993660524	4300	59.98665934132394	0.0	2133870	993.7908234466329	4.3
19486.02661315668	4300	59.78805282160174	0.0	2146120	698.606519722	4.3
19487.72268697262	4300	59.50955092949162	0.0	2108491	1278.5018921101253	4.3
19489.113200716096	4300	59.98308001966682	0.0	2184571	526.470909825	4.3
19490.68972205293	4300	59.83684076807581	0.0	2121928	646.2392515910126	4.3
19491.428806949993	4300	59.64043936216941	0.0	2219102	696.4014059063966	4.3
19492.022045430174	4300	59.577161867652606	0.0	2124950	563.277494517	4.3
19493.50205701778	4300	59.56213656668547	0.0	2246506	515.025300967	4.3
19494.605825545146	4300	59.70274544631915	0.0	1961140	359.3911203663264	4.3
19495.565559510003	4300	59.80506716739081	0.0	2155012	397.67827892833947	4.3

