15260.090971347781	750	4.0	9.344171539961012	450283	9344.17153996	-39.42993762183235
15262.132458015096	300	5.958513332685104	0.0	155580	2041.48666731	-0.15000000000000002
15263.611202858201	300	8.479768489579717	0.0	139857	1478.74484311	0.3
15265.245717172491	300	10.845254175290432	0.0	155432	1634.51431429	0.3
15266.984210694449	300	13.106760653331238	0.0	163442	1738.49352196	0.3
15268.364316214975	300	15.726655132806208	0.0	126289	1380.10552053	0.3
15272.18038153683	750	15.910589810951425	0.0	352642	3816.06532185	0.3
15277.236347338956	750	14.854624008826402	0.0	437162	5055.96580213	0.75
15281.068852501983	750	15.02211884579993	0.0	374758	3832.50516303	0.75
15285.025626029385	750	15.065345318396876	0.0	362795	3956.7735274	0.75
15289.102425765921	750	14.988545581861883	0.0	353220	4076.79973653	0.75
15293.89303751748	750	14.197933830302253	0.0	405134	4790.61175156	0.75
15299.807008223599	750	12.283963124184726	0.0	386351	5913.97070612	0.75
15307.165762097851	750	8.925209249933262	0.0	434409	7358.75387425	0.75
15307.54161279401	750	12.54935855377448	0.0	337059	375.850696159	0.75
15307.94305404567	750	16.147917302115	0.0	366214	401.441251659	0.75
15308.339770414454	750	19.75120093333188	0.0	360831	396.716368783	0.75
15308.747135543974	750	23.343835803810137	0.0	372963	407.365129522	0.75
15309.694087915523	1850	26.39688343226213	0.0	987708	946.952371548	0.75
15311.66713861607	4300	28.42383273171464	0.0	2156729	1973.05070055	1.8499999999999996
15313.576353887196	4300	30.514617460587832	0.0	2039773	1909.21527113	4.3
15315.633501675762	4300	32.45746967202257	0.0	2176469	2057.14778857	4.3
15317.722459458366	4300	34.36851188941939	0.0	2221506	2088.9577826	4.3
15319.542579065917	4300	36.54839228186837	0.0	2044075	1820.11960755	4.3
15321.484191852433	4300	38.606779495352946	0.0	2186790	1941.61278652	4.3
15323.342810757182	4300	40.74816059060181	0.0	2105231	1858.61890475	4.3
15325.409943601113	4300	42.68102774667166	0.0	2395588	2067.13284393	4.3
15327.12575132373	4300	44.96522002405543	0.0	1972048	1715.80772262	4.3
15329.030114290566	4300	47.060857057217554	0.0	2134614	1904.36296684	4.3
15331.011255208792	4300	49.07971613899251	0.0	2164140	1981.14091823	4.3
15332.94764050753	4300	51.14333084025641	0.0	2113193	1936.38529874	4.3
15334.733758482289	4300	53.35721286549709	0.0	2147852	1786.11797476	4.3
15336.522198248369	4300	55.56877309941522	0.0	2191074	1788.43976608	4.3
15338.385247761042	4300	57.705723586744654	0.0	2286761	1863.04951267	4.3
15340.265646730579	4300	59.82532461720667	0.0	2307787	1880.39896954	4.3
15342.909740817939	4300	59.572701034904604	0.0	2143948	1752.6235823	4.3
15346.66538103789	4300	59.81706081495174	0.0	1919781	1755.64021995	4.3
15350.747779048517	4300	59.734662804325254	0.0	2147467	2082.39801062648	4.3
15354.740054849231	4300	59.74238700361083	0.0	2133870	1992.2758007144303	4.3
15358.091353305073	4300	59.51763004386527	0.0	2146120	1724.75695975	4.3
15359.912112758586	4300	59.880521065156984	0.0	2108491	1637.10897871	4.3
15363.79957860339	4300	59.9930552203524	0.0	2184571	1887.4658448	4.3
15368.159690012792	4300	59.632943810950614	0.0	2121928	1860.111409401789	4.3
15372.12563191958	4300	59.66700190416336	0.0	2219102	1965.941906787258	4.3
15374.771567302492	4300	59.88261903060648	0.0	2124950	1784.38287356	4.3
15376.760123704815	4300	59.52911708412125	0.0	2246506	1853.50194649	4.3
15380.297285764245	4300	59.99195502469175	0.0	1961140	3537.16205943	4.3
15384.493286698429	4300	59.79595409050833	0.0	2155012	2696.0009341834175	4.3

