1297.7433128162327	750	4.0	2.0801608006986387	450283	2080.1608007	-8.194691443004146
1298.5144004597207	300	7.228912356512028	0.0	155580	771.087643488	-0.15000000000000002
1299.2156464074988	300	10.527666408734055	0.0	139857	701.245947778	0.3
1299.9860766337658	300	13.757236182467038	0.0	155432	770.430226267	0.3
1300.7920873461128	300	16.95122547011994	0.0	163442	806.010712347	0.3
1301.426269693558	300	20.317043122674832	0.0	126289	634.182347445	0.3
1305.4343073274827	1850	20.309005488750163	0.0	905515	4008.03763392	0.30000000000000004
1310.0963252446354	1850	19.64698757159754	0.0	1060487	4662.01791715	1.85
1313.7203808134338	1850	20.02293200279905	0.0	852833	3624.0555688	1.85
1317.735203801191	1850	20.00810901504185	0.0	913888	4014.82298776	1.85
1324.3208569974308	2850	17.422455818802074	0.0	1354548	6585.65319624	1.85
1331.4868741309367	2850	14.256438685295947	0.0	1519951	7166.01713351	2.85
1337.7955307665595	2850	11.94778204967325	0.0	1422919	6308.65663562	2.85
1344.5200984338967	2850	9.223214382336119	0.0	1578343	6724.56766734	2.85
1348.2806463410814	1850	9.46266647515138	0.0	821631	3760.54790718	0.8500000000000001
1352.512636505415	1850	9.23067631081792	0.0	923170	4231.99016433	1.85
1357.227227521953	1850	8.516085294279852	0.0	966699	4714.59101654	1.85
1361.4778703709226	1850	8.26544244531011	0.0	885714	4250.64284897	1.85
1366.032884309565	1850	7.710428506667877	0.0	987708	4555.01393864	1.85
1370.1791244812161	1850	7.564188335016731	0.0	923755	4146.24017165	1.85
1374.1531693848626	1850	7.5901434313703176	0.0	891604	3974.04490365	1.85
1378.3339905857351	1850	7.409322230497707	0.0	955231	4180.82120087	1.85
1382.3213120556072	1850	7.422000760625455	0.0	968026	3987.32146987	1.85
1386.2272559601556	1850	7.51605685607717	0.0	874175	3905.94390455	1.85
1390.102352090513	1850	7.640960725719635	0.0	897976	3875.09613036	1.85
1394.0573163654458	1850	7.685996450787057	0.0	905935	3954.96427493	1.85
1398.5256284242807	1850	7.217684391951976	0.0	1076599	4468.31205884	1.85
1400.5677628581943	1850	9.175549958038541	0.0	758197	2042.13443391	1.85
1403.1885818498022	1850	10.554730966430633	0.0	972798	2620.81899161	1.85
1406.1172487818317	1850	11.626064034401283	0.0	975811	2928.66693203	1.85
1408.6911226858497	1850	13.05219013038343	0.0	873429	2573.87390402	1.85
1411.2994649573372	1850	14.443847858895767	0.0	954453	2608.34227149	1.85
1414.5014790811717	2850	15.241833735061363	0.0	1358081	3202.01412383	1.85
1417.591666694839	2850	16.15164612139418	0.0	1587293	3090.18761367	2.85
1420.755589909538	2850	16.98772290669517	0.0	1492672	3163.9232147	2.85
1425.1154013361945	4300	16.62791148003865	0.0	2143948	4359.81142666	2.8499999999999996
1428.6607241935978	4300	17.082588622635186	0.0	1919781	3545.3228574	4.3
1434.118816848828	4300	15.62449596740517	0.0	2147467	5458.09265523	4.3
1438.0646074094923	4300	15.67870540674081	0.0	2133870	3945.79056066	4.3
1442.1980376329143	4300	15.545275183318813	0.0	2146120	4133.43022342	4.3
1446.315939307348	4300	15.427373508885161	0.0	2108491	4117.90167443	4.3
1450.6463111020419	4300	15.097001714190984	0.0	2184571	4330.37179469	4.3
1454.8906897543352	4300	14.852623061897823	0.0	2121928	4244.37865229	4.3
1459.1134673151412	4300	14.62984550109196	0.0	2219102	4222.77756081	4.3
1464.216063574676	4300	13.527249241557021	0.0	2124950	5102.59625953	4.3
1468.9711529092683	4300	12.772159906964662	0.0	2246506	4755.08933459	4.3
1473.2112462098269	4300	12.532066606406318	0.0	1961140	4240.09330056	4.3
1477.6198247194664	4300	12.123488096766915	0.0	2155012	4408.57850964	4.3

