33193.68759856576	750	4.0	0.4607849811312777	450283	460.784981131	-1.231375418864494
33196.27141322276	4300	5.416185343002593	0.0	2123065	2583.814657	0.75
33198.4709699531	4300	7.21662861266099	0.0	2177073	2199.55673034	4.3
33200.7637320116	4300	8.92386655416878	0.0	2160877	2292.76205849	4.3
33214.588997183164	4300	4.0	4.901398617399939	2233056	13825.2651716	-16.776014054819736
33215.30847086591	300	7.280526317252702	0.0	126289	719.473682747	-3.7
33216.216008014	300	10.372989169158812	0.0	153295	907.537148094	0.3
33217.34239126758	300	13.246605915585109	0.0	173849	1126.38325357	0.3
33218.23779079819	300	16.351206384972073	0.0	150710	895.399530613	0.3
33218.91514445771	300	19.673852725453568	0.0	139105	677.353659519	0.3
33220.8085120932	750	21.780485089964717	0.0	353220	1893.36763549	0.3
33223.840679415676	1200	22.748317767489453	0.0	594078	3032.16732248	0.75
33227.03841420048	1200	23.55058298269042	0.0	624282	3197.7347848	1.2
33232.15611542251	1850	22.43288176064929	0.0	1036454	5117.70122204	1.2000000000000002
33233.9091049678	1850	24.67989221536103	0.0	821631	1752.98954529	1.85
33234.617622027654	1850	27.97137515550988	0.0	923170	708.517059851	1.85
33235.10999339475	1850	31.479003788411212	0.0	966699	492.371367099	1.85
33235.809373630174	2850	34.779623552986436	0.0	1358801	699.380235425	1.85
33237.10578743032	4300	37.48320975283843	0.0	2220726	1296.41380015	2.8499999999999996
33238.460881401916	4300	40.128115781247566	0.0	2156729	1355.09397159	4.3
33239.84450652469	4300	42.74449065846935	0.0	2039773	1383.62512278	4.3
33241.20248789922	4300	45.38650928393911	0.0	2176469	1357.98137453	4.3
33242.60404056987	4300	47.98495661329303	0.0	2221506	1401.55267065	4.3
33243.927375358246	4300	50.661621824924005	0.0	2044075	1323.33478837	4.3
33255.887575463756	4300	42.70142171940893	0.0	2186790	11960.2001055	4.3
33266.380705033196	2850	36.20829214996793	0.0	1480464	10493.1295694	1.4000000000000001
33268.404934791266	1200	38.184062391900184	0.0	696376	2024.22975807	-0.44999999999999996
33269.91630732978	1200	40.67268985338086	0.0	487160	1511.37253852	1.2
33272.01112905821	1200	42.57786812495231	0.0	622896	2094.82172843	1.2
33273.60671057731	1200	44.982286605855876	0.0	641447	1595.5815191	1.2
33286.35619645858	1200	36.23280072457842	0.0	570392	12749.4858813	1.2
33294.86492950223	1200	31.72406768093454	0.0	620283	8508.73304364	1.2
33295.333023504056	300	35.25597367911384	0.0	143881	468.094001821	-0.6000000000000001
33295.853885299795	300	38.73511188336887	0.0	163444	520.861795745	0.3
33296.403011062604	300	42.185986120562475	0.0	179328	549.125762806	0.3
33296.898257504334	300	45.69073967883374	0.0	159914	495.246441729	0.3
33297.391140627406	300	49.19785655575873	0.0	131610	492.883123075	0.3
33303.03220255632	4300	47.55679462684717	0.0	2147467	5641.06192891	0.2999999999999998
33351.37159723159	4300	4.0	0.7826000484264442	2133870	48339.3946753	0.9348197917662899
33352.66558884979	300	6.706008381798594	0.0	149991	1293.9916182	-3.7
33354.97593416487	300	8.39566306672197	0.0	147968	2310.34531508	0.3
33355.63430572366	300	11.737291507935721	0.0	161857	658.371558786	0.3
33355.789004627295	300	15.582592604292985	0.0	145210	154.698903643	0.3
33355.9576453372	300	19.41395189439362	0.0	172312	168.640709899	0.3
33356.24289216226	750	23.12870506932851	0.0	398987	285.246825065	0.3
33357.0663690397	2850	26.305228191894443	0.0	1483527	823.476877434	0.75
33358.056472392534	4300	29.315124839054644	0.0	1961140	990.10335284	2.8499999999999996
33359.351486424996	4300	32.02011080659417	0.0	2155012	1295.01403246	4.3

