16776.974050607267	750	4.0	10.49223776262438	450283	10492.2377626	-44.366622379284834
16780.494635935793	300	4.479414671471426	0.0	155580	3520.58532853	-0.15000000000000002
16783.734448037892	300	5.239602569373521	0.0	139857	3239.8121021	0.3
16787.134417508572	300	5.8396330986938505	0.0	155432	3399.96947068	0.3
16789.402996703666	300	7.57105390360015	0.0	163442	2268.57919509	0.3
16791.174076585026	300	9.799974022240473	0.0	126289	1771.07988136	0.3
16797.41446688159	300	7.55958372567856	0.0	153295	6240.39029656	0.3
16799.824001829504	300	9.150048777763429	0.0	173849	2409.53494792	0.3
16801.92347972124	300	11.050570886028131	0.0	150710	2099.47789174	0.3
16803.86779661	300	13.106253997267443	0.0	139105	1944.31688876	0.3
16805.848830022165	300	15.125220585104126	0.0	141840	1981.03341216	0.3
16808.019554282775	300	16.954496324495747	0.0	156148	2170.72426061	0.3
16810.2462704598	300	18.727780147468387	0.0	160746	2226.71617703	0.3
16816.12995941394	750	16.844091193332037	0.0	434409	5883.68895414	0.3
16820.71004698638	750	16.264003620891845	0.0	337059	4580.08757244	0.75
16825.679006690618	750	15.29504391665132	0.0	366214	4968.95970424	0.75
16830.59660133868	750	14.377449268592056	0.0	360831	4917.59464806	0.75
16835.673852473632	750	13.300198133638471	0.0	372963	5077.25113495	0.75
16841.159661010755	750	11.814389596513236	0.0	405596	5485.80853713	0.75
16845.93726265127	750	11.03678795599919	0.0	350713	4777.60164051	0.75
16853.39591097186	750	7.5781396354093955	0.0	386472	7458.64832059	0.75
16855.580054138718	300	9.39399646855473	0.0	157812	2184.14316685	-0.15000000000000002
16857.845729986642	300	11.12832062062818	0.0	163927	2265.67584793	0.3
16859.773788066395	300	13.200262540875716	0.0	137654	1928.05807975	0.3
16861.828754119437	300	15.14529648783368	0.0	146754	2054.96605304	0.3
16863.97859899251	300	16.995451614760704	0.0	153938	2149.84487307	0.3
16869.76872503205	750	15.20532557522194	0.0	425781	5790.12603954	0.3
16873.585847035258	750	15.388203572013877	0.0	277716	3817.12200321	0.75
16879.03794501443	750	13.936105592844745	0.0	400396	5452.09797917	0.75
16884.47607263737	750	12.49797796989963	0.0	400508	5438.12762295	0.75
16889.33701589394	750	11.637034713329717	0.0	358218	4860.94325657	0.75
16894.76100737768	750	10.213043229587479	0.0	400322	5423.99148374	0.75
16899.76952124368	750	9.204529363587968	0.0	369834	5008.513866	0.75
16905.39048649971	750	7.583564107560811	0.0	412837	5620.96525603	0.75
16910.930436781495	750	6.043613825773485	0.0	401088	5539.95028179	0.75
16915.876844471706	750	5.09720613555976	0.0	365161	4946.40769021	0.75
16920.250022039312	750	4.7240285679565925	0.0	321064	4373.1775676	0.75
16921.991380199706	300	6.982670407559992	0.0	124011	1741.3581604	-0.15000000000000002
16924.003931022376	300	8.970119584892235	0.0	144254	2012.55082267	0.3
16926.095841132592	300	10.878209474677282	0.0	149991	2091.91011021	0.3
16928.16166092342	300	12.812389683850801	0.0	147968	2065.81979083	0.3
16933.378323261244	750	11.595727346027141	0.0	384505	5216.66233782	0.3
16938.49658604548	750	10.477464561788722	0.0	372093	5118.26278424	0.75
16944.43329020075	750	8.540760406520429	0.0	438281	5936.70415527	0.75
16949.916339393898	750	7.057711213372231	0.0	398987	5483.04919315	0.75
16955.252911730582	750	5.721138876688454	0.0	393804	5336.57233668	0.75
16959.746413283392	750	5.227637323877897	0.0	331053	4493.50155281	0.75
16964.03350447728	750	4.940546129987993	0.0	314107	4287.09119389	0.75

