18346.83138322769	750	4.0	2.5248809092883517	450283	2524.88090929	-10.106987909939912
18348.876279646338	750	5.955103581353129	0.0	398865	2044.89641865	0.75
18350.46291765197	750	8.36846557572122	0.0	350812	1586.63800563	0.75
18353.65173418394	1200	9.179649043752548	0.0	617681	3188.81653197	0.75
18354.540841809514	1200	12.290541418176467	0.0	652874	889.107625576	1.2
18355.420816918464	1200	15.410566309228882	0.0	520315	879.975108948	1.2
18357.048650898287	1850	17.782732329407736	0.0	905515	1627.83397982	1.2000000000000002
18358.28601819293	1850	20.545365034762572	0.0	1060487	1237.36729465	1.85
18360.455980019018	2850	22.375403208677525	0.0	1348011	2169.96182609	1.85
18363.192861910167	4300	23.638521317525687	0.0	2169201	2736.88189115	2.8499999999999996
18390.82666859071	4300	4.0	3.995285363014529	2173522	27633.8066805	-12.879727060962473
18391.710932952188	300	7.11573563852285	0.0	156148	884.264361477	-3.7
18392.701904636357	300	10.124763954353297	0.0	160746	990.97168417	0.3
18393.80409215114	300	13.022576439572699	0.0	179801	1102.18751478	0.3
18394.60383977971	300	16.222828811002497	0.0	140051	799.74762857	0.3
18396.486731615056	300	18.339936975656993	0.0	138313	1882.89183535	0.3
18403.213095386447	750	15.613573204266883	0.0	360831	6726.36377139	0.3
18415.32482204091	750	7.501846549799949	0.0	372963	12111.7266545	0.75
18415.766188768575	300	11.060479822134912	0.0	165384	441.366727665	-0.15000000000000002
18416.234873366513	300	14.5917952242007	0.0	140881	468.684597934	0.3
18416.771932158066	300	18.05473643264349	0.0	157671	537.058791557	0.3
18417.246368961823	300	21.580299628890888	0.0	157812	474.436803753	0.3
18417.6782521876	300	25.1484164031104	0.0	163927	431.88322578	0.3
18421.812687910748	2850	25.013980679967318	0.0	1323990	4134.43572314	0.30000000000000027
18425.25857558086	2850	25.568093009852838	0.0	1383735	3445.88767011	2.85
18446.749490395465	2850	8.07717819525009	0.0	1480464	21490.9148146	2.85
18447.49361827453	750	11.333050316185673	0.0	425781	744.127879064	-1.35
18447.882148756406	750	14.944519834308158	0.0	277716	388.530481878	0.75
18448.406971419925	750	18.4196971707892	0.0	400396	524.822663519	0.75
18449.001810776215	750	21.824857814500927	0.0	400508	594.839356288	0.75
18449.60316795416	750	25.223500636557798	0.0	358218	601.357177943	0.75
18452.221997662386	4300	26.604670928331103	0.0	2147852	2618.82970823	0.75
18455.160130505305	4300	27.666538085411535	0.0	2191074	2938.13284292	4.3
18461.253847793818	4300	25.572820796897737	0.0	2286761	6093.71728851	4.3
18467.59515728917	4300	23.231511301542643	0.0	2307787	6341.30949536	4.3
18473.15394758157	4300	21.672721009144983	0.0	2143948	5558.7902924	4.3
18477.650361219396	4300	21.17630737131908	0.0	1919781	4496.41363783	4.3
18480.473395361918	4300	22.353273228794578	0.0	2147467	2823.03414252	4.3
18483.484508147234	4300	23.342160443481472	0.0	2133870	3011.11278531	4.3
18485.68535005149	4300	25.141318539222233	0.0	2146120	2200.84190426	4.3
18487.643755444322	4300	27.182913146394196	0.0	2108491	1958.40539283	4.3
18489.017312744345	4300	29.809355846371126	0.0	2184571	1373.55730002	4.3
18490.234148146155	4300	32.59252044455939	0.0	2121928	1216.83540181	4.3
18491.736534653057	4300	35.090133937657654	0.0	2219102	1502.3865069	4.3
18493.014967110452	4300	37.81170148026311	0.0	2124950	1278.43245739	4.3
18494.14556919802	4300	40.68109939269336	0.0	2246506	1130.60208757	4.3
18495.430870203014	4300	43.39579838769897	0.0	1961140	1285.30100499	4.3
18496.746140272713	4300	46.08052831800068	0.0	2155012	1315.2700697	4.3

