27452.868285621862	750	4.0	0.36700097200312315	450283	367.000972003	-0.8281041796134294
27454.424462394818	4300	6.443823227045222	0.0	2123065	1556.17677295	0.75
27456.022033475092	4300	8.846252146769116	0.0	2177073	1597.57108028	4.3
27457.198418729153	4300	11.669866892710402	0.0	2160877	1176.38525406	4.3
27458.5920846813	4300	14.276200940565644	0.0	2233056	1393.66595214	4.3
27459.86367056802	4300	17.0046150538433	0.0	1941625	1271.58588672	4.3
27461.365947379658	4300	19.502338242204875	0.0	2157535	1502.27681164	4.3
27463.165814585194	4300	21.702471036668108	0.0	2290172	1799.86720554	4.3
27465.642297565257	4300	23.22598805660623	0.0	2055469	2476.48298006	4.3
27468.885094275756	4300	23.98319134610539	0.0	2169201	3242.7967105	4.3
27471.524329849795	4300	25.343955772069677	0.0	2173522	2639.23557404	4.3
27476.044468458997	4300	24.823817162868302	0.0	2102452	4520.1386092	4.3
27481.944096836865	4300	22.92418878499786	0.0	2209463	5899.62837787	4.3
27502.717696878713	4300	6.150588743150504	0.0	2275376	20773.6000418	4.3
27503.43142973315	300	9.436855888714573	0.0	140051	713.732854436	-3.7
27504.325242821153	300	12.543042800712838	0.0	138313	893.813088002	0.3
27505.199121118945	300	15.669164502920438	0.0	143509	873.878297792	0.3
27505.935274902266	300	18.933010719600265	0.0	150616	736.15378332	0.3
27506.8136486925	300	22.054636929366417	0.0	165384	878.373790234	0.3
27509.00805517618	750	23.860230445687343	0.0	350713	2194.40648368	0.3
27512.607191356426	1200	24.261094265437386	0.0	601738	3599.13618025	0.75
27517.650208914823	1850	23.21807670704127	0.0	955231	5043.0175584	1.2000000000000002
27522.467834498042	1850	22.400451123824993	0.0	968026	4817.62558322	1.85
27546.819846358892	1850	4.0	1.9515607370249637	874175	24352.0118608	-6.541711169207344
27547.686828740734	300	7.133017618158416	0.0	146754	866.982381842	-1.25
27548.47870133821	300	10.3411450206845	0.0	153938	791.872597474	0.3
27549.661836083946	300	13.158010274949	0.0	181901	1183.13474574	0.3
27550.26128231328	300	16.558564045613174	0.0	111155	599.446229336	0.3
27551.107558249696	300	19.71228810919685	0.0	153605	846.275936416	0.3
27554.0237443015	1200	20.79610205739722	0.0	641447	2916.1860518	0.29999999999999993
27554.447082475384	1200	24.37276388351362	0.0	570392	423.338173884	1.2
27555.105527709668	1850	27.714318649229234	0.0	954453	658.445234284	1.2000000000000002
27555.77018049318	1850	31.04966586571727	0.0	885062	664.652783512	1.85
27556.834538598545	2850	33.98530776035154	0.0	1587293	1064.35810537	1.85
27558.131965681685	4300	36.687880677212846	0.0	2307787	1297.42708314	2.8499999999999996
27559.269059064005	4300	39.55078729489055	0.0	2143948	1137.09338232	4.3
27560.276292870727	4300	42.54355348816697	0.0	1919781	1007.23380672	4.3
27561.65352093183	4300	45.166325427060244	0.0	2147467	1377.22806111	4.3
27562.659194745862	4300	48.16065161303339	0.0	2133870	1005.67381403	4.3
27564.122396656527	4300	50.697449702365184	0.0	2146120	1463.20191067	4.3
27575.74279255315	4300	43.077053805742366	0.0	2108491	11620.3958966	4.3
27578.101890771693	2850	44.71795558719759	0.0	1527299	2359.09821854	1.4000000000000001
27579.838767697638	1850	46.98107866125412	0.0	886255	1736.87692594	0.8500000000000001
27581.342564114915	1850	49.47728224398218	0.0	973972	1503.79641727	1.85
27582.370222227783	1850	52.44962413111449	0.0	958994	1027.65811287	1.85
27583.450203167093	1850	55.36964319180479	0.0	982064	1079.98093931	1.85
27586.26698810518	4300	56.552858253713865	0.0	1961140	2816.78493809	1.8499999999999996
27591.965328941988	4300	54.854517416910994	0.0	2155012	5698.3408368	4.3

