31454.317370695677	750	4.0	0.2565881556740844	450283	256.588155674	-0.3533290693985629
31455.115784346133	4300	7.201586349543391	0.0	2123065	798.413650457	0.75
31455.965928809317	4300	10.351441886359305	0.0	2177073	850.144463184	4.3
31456.707985045272	4300	13.609385650405619	0.0	2160877	742.056235954	4.3
31457.31488919236	4300	17.002481503322116	0.0	2233056	606.904147084	4.3
31457.90904665429	4300	20.40832404138709	0.0	1941625	594.157461935	4.3
31458.636403448614	4300	23.680967247063933	0.0	2157535	727.356794323	4.3
31459.397745752496	4300	26.919624943183052	0.0	2290172	761.342303881	4.3
31460.07439879312	4300	30.242971902556068	0.0	2055469	676.653040627	4.3
31460.753944407847	4300	33.563426287830005	0.0	2169201	679.545614726	4.3
31461.550946401512	4300	36.76642429416785	0.0	2173522	797.001993662	4.3
31462.34783361994	4300	39.969537075735936	0.0	2102452	796.887218432	4.3
31463.103359314693	4300	43.21401138098495	0.0	2209463	755.525694751	4.3
31464.06803135025	4300	46.249339345430094	0.0	2275376	964.672035555	4.3
31464.888862618154	4300	49.428508077522956	0.0	2005399	820.831267907	4.3
31465.754983184277	4300	52.56238751139914	0.0	2152483	866.120566124	4.3
31466.737537039557	4300	55.57983365611993	0.0	2289689	982.553855279	4.3
31467.755062800068	4300	58.56230789560608	0.0	2059512	1017.52576051	4.3
31469.498233502276	4300	59.974862674535565	0.0	2220726	1087.44522107	4.3
31472.493748780453	4300	59.76496777601805	0.0	2156729	2209.894898517518	4.3
31475.471649437986	4300	59.6288276370784	0.0	2039773	2136.1401389396515	4.3
31479.710576947655	4300	59.38990012741064	0.0	2176469	4238.9275096677575	4.3
31486.5386472206	4300	56.56182985446498	0.0	2221506	6828.070272945658	4.3
31501.565507831834	4300	45.53496924323136	0.0	2044075	15026.860611233624	4.3
31502.052651017133	1850	49.047826057932724	0.0	897976	487.14318529863704	-0.6000000000000001
31502.389811615656	1850	52.71066545940952	0.0	905935	337.160598523	1.85
31502.77541725316	1850	56.325059821908496	0.0	1076599	385.605637501	1.85
31503.451392350365	1850	59.529836440188504	0.0	758197	295.22338172	1.85
31504.368071132078	1850	59.72187290707275	0.0	972798	807.963533115754	1.85
31505.462318236096	4300	59.68910697936547	0.0	2164140	1032.7659277072808	1.8499999999999996
31506.767336614772	4300	59.77683837818011	0.0	2113193	412.268601185	4.3
31508.299350511767	4300	59.66770631842942	0.0	2147852	609.1320597506926	4.3
31509.745071834455	4300	59.61578657570722	0.0	2191074	551.9197427221945	4.3
31511.044445022235	4300	59.87350077179882	0.0	2286761	742.2858039084018	4.3
31512.560980553397	4300	59.603776698156814	0.0	2307787	769.7240736420088	4.3
31514.11482736014	4300	59.66025902354396	0.0	2143948	943.5176746128581	4.3
31515.873927936405	4300	59.79587330147537	0.0	1919781	1364.385722068586	4.3
31517.594303424765	4300	59.59304298439564	0.0	2147467	1202.8303170797276	4.3
31518.954011122194	4300	59.63196172132023	0.0	2133870	961.0812630754091	4.3
31521.986055471596	4300	59.52525276379532	0.0	2146120	2606.7089575249015	4.3
31526.400839218644	4300	59.1104690167487	0.0	2108491	4414.783747046627	4.3
31531.782893781245	4300	57.728414454146936	0.0	2184571	5382.054562601765	4.3
31535.09506307361	4300	58.41624516177793	0.0	2121928	3312.169292369006	4.3
31537.424288396385	4300	59.85880399733953	0.0	2219102	1557.4411644384043	4.3
31540.418844707372	4300	59.707417921011846	0.0	2124950	2151.38607632768	4.3
31542.808135185085	4300	59.89435779948791	0.0	2246506	1813.060121523926	4.3
31544.5863728652	4300	59.7533541375229	0.0	1961140	1141.0036619650186	4.3
31546.235959575104	4300	59.95717779164438	0.0	2155012	1296.176345878517	4.3

