12681.826698713081	750	4.0	0.2139500085525386	450283	213.950008553	-0.16998503677591592
12682.538267248665	4300	7.288431464417721	0.0	2123065	711.568535582	0.75
12683.200764047871	4300	10.625934665209485	0.0	2177073	662.496799208	4.3
12683.851213838845	4300	13.975484874237047	0.0	2160877	650.449790972	4.3
12684.537562212277	4300	17.289136500804513	0.0	2233056	686.348373433	4.3
12685.166049062393	4300	20.660649650690846	0.0	1941625	628.486850114	4.3
12685.894191035475	4300	23.932507677607454	0.0	2157535	728.141973083	4.3
12686.71482331781	4300	27.111875395271472	0.0	2290172	820.632282336	4.3
12687.493986087866	4300	30.33271262521709	0.0	2055469	779.162770054	4.3
12688.336052969717	4300	33.49064574336604	0.0	2169201	842.066881851	4.3
12689.100315677028	4300	36.72638303605381	0.0	2173522	764.262707312	4.3
12689.88312561413	4300	39.94357309895372	0.0	2102452	782.8099371	4.3
12690.703700337917	4300	43.12299837516539	0.0	2209463	820.574723788	4.3
12691.488513883589	4300	46.338184829493656	0.0	2275376	784.813545672	4.3
12692.278447844043	4300	49.5482508690396	0.0	2005399	789.933960454	4.3
12693.215495902255	4300	52.6112028108285	0.0	2152483	937.048058211	4.3
12694.483898067438	4300	55.34280064564732	0.0	2289689	1268.40216518	4.3
12695.575817041503	4300	58.25088167158125	0.0	2059512	1091.91897407	4.3
12697.197861292032	4300	59.73589371480309	0.0	2220726	1514.98795678	4.3
12698.721041209783	4300	59.987831902802334	0.0	2156729	748.061812001	4.3
12700.355737131074	4300	59.76804299503236	0.0	2039773	719.7889077699757	4.3
12702.193388929942	4300	59.76667060235929	0.0	2176469	1001.3723926730656	4.3
12703.756848048803	4300	59.613080746025524	0.0	2221506	653.589856333771	4.3
12705.052607695516	4300	59.63013555393246	0.0	2044075	482.9451920930557	4.3
12706.450207394237	4300	59.54774293188221	0.0	2186790	582.3926220502517	4.3
12707.344731848802	4300	59.96808424293375	0.0	2105231	579.6586889484602	4.3
12708.367967670772	4300	59.82339921475799	0.0	2395588	644.685028176	4.3
12708.945894863195	4300	59.933711015444246	0.0	1972048	389.688199314	4.3
12709.590715777496	4300	59.91592005484743	0.0	2134614	517.790960597	4.3
12710.396888509891	4300	59.78634866550136	0.0	2164140	629.571389346	4.3
12711.171081734898	4300	59.69705272452416	0.0	2113193	589.295940977	4.3
12711.978047045477	4300	59.59601871124876	0.0	2147852	601.034013275	4.3
12713.455106344438	4300	59.920954710420425	0.0	2191074	675.064000828	4.3
12714.943306032026	4300	59.7878525156914	0.0	2286761	633.1021947290315	4.3
12716.216994076638	4300	59.788557239816306	0.0	2307787	499.29527587508846	4.3
12717.252222607593	4300	59.868139358706635	0.0	2143948	420.41788110966843	4.3
12718.201599271071	4300	59.910856351889706	0.0	1919781	457.283006817	4.3
12719.268983531856	4300	59.83321104982914	0.0	2147467	577.645302061	4.3
12720.10309567309	4300	59.870524458574614	0.0	2133870	462.686591255	4.3
12721.849917020189	4300	59.643326560014145	0.0	2146120	1227.1978985604653	4.3
12723.571407830612	4300	59.752392879071024	0.0	2108491	1390.9336809431206	4.3
12724.809409298834	4300	59.50867070970129	0.0	2184571	743.72216937	4.3
12725.74334738489	4300	59.748841316097895	0.0	2121928	759.829393603395	4.3
12726.823634115584	4300	59.50575229697782	0.0	2219102	743.08901912	4.3
12728.407763633833	4300	59.842286393639796	0.0	2124950	663.465903338	4.3
12729.148341809132	4300	59.64232911344813	0.0	2246506	699.9572801916754	4.3
12730.66093478946	4300	59.61634307083687	0.0	1961140	525.986042611	4.3
12731.952839179241	4300	59.923694344803884	0.0	2155012	692.6487260329822	4.3

