22698.042749319357	750	4.0	0.8029469670362752	450283	802.946967036	-2.7026719582559835
22699.179744859288	1850	6.863004460066953	0.0	957685	1136.99553993	0.75
22700.583532088214	1850	9.459217231144198	0.0	877771	1403.78722892	1.85
22701.802923543557	1850	12.239825775798653	0.0	933276	1219.39145535	1.85
22704.144161316646	4300	13.898588002710964	0.0	2233056	2341.23777309	1.8499999999999996
22706.965475199795	4300	15.077274119559387	0.0	1941625	2821.31388315	4.3
22709.67264162593	4300	16.370107693427656	0.0	2157535	2707.16642613	4.3
22712.581360360837	4300	17.46138895851851	0.0	2290172	2908.71873491	4.3
22714.72847622224	4300	19.314273097116892	0.0	2055469	2147.1158614	4.3
22717.070986532253	4300	20.971762787102602	0.0	2169201	2342.51031001	4.3
22719.33195209006	4300	22.710797229296702	0.0	2173522	2260.96555781	4.3
22722.454492357145	4300	23.58825696220769	0.0	2102452	3122.54026709	4.3
22725.54231409205	4300	24.500435227301498	0.0	2209463	3087.82173491	4.3
22727.622649556833	4300	26.420099762519794	0.0	2275376	2080.33546478	4.3
22728.862951621984	4300	29.179797697372305	0.0	2005399	1240.30206515	4.3
22730.0105124963	4300	32.032236823055456	0.0	2152483	1147.56087432	4.3
22731.43392750795	4300	34.608821811403345	0.0	2289689	1423.41501165	4.3
22732.607619690745	4300	37.435129628610795	0.0	2059512	1173.69218279	4.3
22733.657824155063	4300	40.38492516429557	0.0	2220726	1050.20446432	4.3
22734.721043091096	4300	43.32170622826089	0.0	2156729	1063.21893603	4.3
22735.998986145467	4300	46.04376317388846	0.0	2039773	1277.94305437	4.3
22737.16913871493	4300	48.87361060442691	0.0	2176469	1170.15256946	4.3
22748.343767515118	4300	41.69898180423425	0.0	2221506	11174.6288002	4.3
22750.795833399967	1850	43.246915919385586	0.0	874175	2452.06588485	-0.6000000000000001
22753.27212228418	1850	44.770627035172765	0.0	897976	2476.28888421	1.85
22755.664460751017	1850	46.37828856833343	0.0	905935	2392.33846684	1.85
22758.888880553637	1850	47.1538687657138	0.0	1076599	3224.41980262	1.85
22759.703016497402	750	50.339732821947855	0.0	277716	814.135943766	-0.3500000000000001
22766.012059074652	4300	48.03069024469847	0.0	2134614	6309.04257725	0.75
22774.993781560934	4300	43.04896775841492	0.0	2164140	8981.72248628	4.3
22782.288485591776	4300	39.75426372757229	0.0	2113193	7294.70403084	4.3
22808.85344345432	4300	17.18930586502584	0.0	2147852	26564.9578625	4.3
22810.134914464143	750	19.907834855205884	0.0	369834	1281.47100982	-2.8
22811.5683639451	750	22.47438537424782	0.0	412837	1433.44948096	0.75
22813.033782999	750	25.00896632035229	0.0	401088	1465.4190539	0.75
22813.959752103234	750	28.082997216115757	0.0	365161	925.969104237	0.75
22815.72976559375	1200	30.31298372559934	0.0	487812	1770.01349052	0.75
22818.25299229084	1850	31.789757028510834	0.0	938587	2523.22669709	1.2000000000000002
22819.644950184724	1850	34.39779913462578	0.0	908665	1391.95789389	1.85
22821.028926416093	4300	37.01382290326063	0.0	2146120	1383.97623137	1.8499999999999996
22822.410265069793	4300	39.63248424955985	0.0	2108491	1381.3386537	4.3
22823.46816024166	4300	42.57458907769339	0.0	2184571	1057.89517187	4.3
22824.879554343526	4300	45.16319497582607	0.0	2121928	1411.39410187	4.3
22826.158646918393	4300	47.88410240095644	0.0	2219102	1279.09257487	4.3
22827.485747786042	4300	50.5570015333094	0.0	2124950	1327.10086765	4.3
22828.757504685156	4300	53.28524463419598	0.0	2246506	1271.75689911	4.3
22830.14354091139	4300	55.8992084079605	0.0	1961140	1386.03622624	4.3
22831.523252427247	4300	58.519496892107036	0.0	2155012	1379.71151585	4.3

