10443.76701281443	750	4.0	2.084242014432053	450283	2084.24201443	-8.212240662057829
10447.311167695783	750	4.455845118644913	0.0	398865	3544.15488136	0.75
10448.585050235699	300	7.181962578729394	0.0	139857	1273.88253992	-0.15000000000000002
10449.919199017944	300	9.847813796482672	0.0	155432	1334.14878225	0.3
10451.179146780485	300	12.587866033940282	0.0	163442	1259.94776254	0.3
10453.68090613834	750	14.086106676086187	0.0	318564	2501.75935785	0.3
10455.820493915315	750	15.946518899112373	0.0	352642	2139.58777697	0.75
10461.584448311121	1200	14.182564503304624	0.0	709534	5763.95439581	0.75
10467.208599805843	1200	12.558413008584102	0.0	584846	5624.15149472	1.2
10479.65338995554	1200	4.113622858887691	0.0	560821	12444.7901497	1.2
10481.701522936017	300	6.065489878410181	0.0	141840	2048.13298048	-0.6000000000000001
10483.61251993206	300	8.154492882367062	0.0	156148	1910.99699604	0.3
10485.914494041477	300	9.852518772950152	0.0	160746	2301.97410942	0.3
10488.47531340651	300	11.291699407915763	0.0	179801	2560.81936503	0.3
10489.821754949771	300	13.945257864655726	0.0	140051	1346.44154326	0.3
10491.452771956732	300	16.31424085769406	0.0	138313	1631.01700696	0.3
10493.0296419479	300	18.737370866524834	0.0	143509	1576.86999117	0.3
10497.733635420145	750	18.03337739428002	0.0	372963	4703.99347224	0.3
10501.116671217018	750	18.65034159740588	0.0	405596	3383.03579687	0.75
10504.805569888193	750	18.96144292623128	0.0	350713	3688.89867117	0.75
10507.661518042602	750	20.10549477182354	0.0	386472	2855.94815441	0.75
10511.779424429078	750	19.987588385346868	0.0	399894	4117.90638648	0.75
10515.852960291732	750	19.91405252269241	0.0	401853	4073.53586265	0.75
10519.371957652884	750	20.395055161541627	0.0	343800	3518.99736115	0.75
10523.194103472058	750	20.572909342367268	0.0	359903	3822.14581917	0.75
10527.003485276862	750	20.763527537561906	0.0	379700	3809.38180481	0.75
10538.288281657557	1200	13.478731156868616	0.0	696376	11284.7963807	0.75
10544.121535062046	750	11.645477752378333	0.0	277716	5833.25340449	0.3
10551.163353339429	750	8.603659474997414	0.0	400396	7041.81827738	0.75
10552.590291378414	300	11.17672143601159	0.0	149029	1426.93803899	-0.15000000000000002
10554.278618283666	300	13.488394530759386	0.0	157421	1688.32690525	0.3
10556.758164961626	300	15.008847852798542	0.0	157488	2479.54667796	0.3
10560.23434323107	300	15.532669583354375	0.0	143881	3476.17826944	0.3
10562.147455969509	300	17.619556844916623	0.0	163444	1913.11273844	0.3
10563.974522786411	300	19.79249002801441	0.0	179328	1827.0668169	0.3
10565.542932249746	300	22.22408056467921	0.0	159914	1568.40946334	0.3
10567.36503100733	300	24.40198180709556	0.0	131610	1822.09875758	0.3
10568.908008821421	300	26.859003993002048	0.0	124011	1542.97781409	0.3
10572.287283053121	750	27.47972976130413	0.0	378327	3379.2742317	0.3
10575.84151508754	750	27.925497726883922	0.0	390680	3554.23203442	0.75
10578.361389741807	750	29.4056230726184	0.0	345516	2519.87465427	0.75
10587.303422105551	1200	24.463590708874275	0.0	641452	8942.03236374	0.75
10593.182891701726	1200	22.584121112699002	0.0	599477	5879.46959618	1.2
10597.871336024404	1200	21.895676790021323	0.0	634861	4688.44432268	1.2
10601.630062541606	1200	22.13695027281947	0.0	630203	3758.7265172	1.2
10609.070584297306	1850	18.696428517120932	0.0	982064	7440.5217557	1.2000000000000002
10615.28302833799	1850	16.48398447643665	0.0	830730	6212.44404068	1.85
10626.305981722366	2850	9.461031092059228	0.0	1364537	11022.9533844	1.85

