10635.163333545644	750	4.0	8.857351823277936	450283	8857.35182328	-37.33661284009512
10637.96787115906	300	5.195462386583617	0.0	155580	2804.53761342	-0.15000000000000002
10640.476648252417	300	6.686685293224952	0.0	139857	2508.77709336	0.3
10643.289270934654	300	7.8740626109883145	0.0	155432	2812.62268224	0.3
10646.265735639296	300	8.897597906346476	0.0	163442	2976.46470464	0.3
10648.645232225223	300	10.518101320421158	0.0	126289	2379.49658593	0.3
10651.534723961877	300	11.628609583766908	0.0	153295	2889.49173665	0.3
10654.701694172069	300	12.461639373573936	0.0	173849	3166.97021019	0.3
10657.444256700417	300	13.719076845226395	0.0	150710	2742.56252835	0.3
10659.96432928602	300	15.199004259623006	0.0	139105	2520.0725856	0.3
10662.53617027179	300	16.627163273853867	0.0	141840	2571.84098577	0.3
10665.385191242316	300	17.778142303327517	0.0	156148	2849.02097053	0.3
10668.313874813199	300	18.849458732444788	0.0	160746	2928.68357088	0.3
10676.260704086379	750	14.902629459265276	0.0	434409	7946.82927318	0.3
10682.50767158022	750	12.655661965422368	0.0	337059	6246.96749384	0.75
10694.769549436985	750	4.3937841086599985	0.0	366214	12261.8778568	0.75
10697.368300671053	300	5.795032874593172	0.0	143509	2598.75123407	-0.15000000000000002
10700.13095776648	300	7.032375779166975	0.0	150616	2762.65709543	0.3
10703.1590993054	300	8.004234240247222	0.0	165384	3028.14153892	0.3
10705.730502451639	300	9.432831094006538	0.0	140881	2571.40314624	0.3
10708.670225814742	300	10.49310773090414	0.0	157671	2939.7233631	0.3
10711.866182723821	300	11.297150821824719	0.0	157812	3195.95690908	0.3
10719.993805375634	300	7.169528170010299	0.0	163927	8127.62265181	0.3
10722.539456972081	300	8.623876573562955	0.0	137654	2545.65159645	0.3
10725.191073715707	300	9.972259829936746	0.0	146754	2651.61674363	0.3
10727.94743014481	300	11.215903400834424	0.0	153938	2756.3564291	0.3
10731.66861166603	300	11.494721879613426	0.0	181901	3721.18152122	0.3
10734.021140991914	300	13.142192553728796	0.0	111155	2352.52932588	0.3
10737.243671383038	300	13.919662162602881	0.0	153605	3222.53039113	0.3
10740.093028404774	300	15.070305140867138	0.0	149029	2849.35702174	0.3
10742.853406195682	300	16.309927349959796	0.0	157421	2760.37779091	0.3
10745.644147658204	300	17.51918588743711	0.0	157488	2790.74146252	0.3
10748.214916401594	300	18.948417144047866	0.0	143881	2570.76874339	0.3
10751.147301764506	300	20.016031781136267	0.0	163444	2932.38536291	0.3
10754.368137001466	300	20.795196544175358	0.0	179328	3220.83523696	0.3
10760.880523933589	750	18.282809612051015	0.0	365161	6512.38693212	0.3
10767.372845773649	750	15.790487771992801	0.0	321064	6492.32184006	0.75
10774.214749046772	750	12.948584498868023	0.0	361565	6841.90327312	0.75
10780.895643951435	750	10.26768959420605	0.0	378327	6680.89490466	0.75
10788.280428160828	750	6.882905384813735	0.0	390680	7384.78420939	0.75
10791.385572494155	300	7.7777610514866335	0.0	147968	3105.14433333	-0.15000000000000002
10794.762007015006	300	8.401326530633975	0.0	161857	3376.43452085	0.3
10797.366577285196	300	9.796756260443585	0.0	145210	2604.57027019	0.3
10800.44889738603	300	10.714436159611187	0.0	172312	3082.32010083	0.3
10803.463660514053	300	11.699673031586812	0.0	167025	3014.76312802	0.3
10810.388676329128	750	8.774657216511663	0.0	393804	6925.01581508	0.3
10816.358575866308	750	6.804757679331937	0.0	331053	5969.89953718	0.75
10821.942340193662	750	5.220993351977386	0.0	314107	5583.76432735	0.75

