5006.215445575339	750	4.0	4.786779460816646	450283	4786.77946082	-19.833151681511577
5007.766359219954	300	6.449086355384492	0.0	155580	1550.91364462	-0.15000000000000002
5009.137902872129	300	9.077542703209295	0.0	139857	1371.54365218	0.3
5010.653277668849	300	11.562167906489107	0.0	155432	1515.37479672	0.3
5012.269645761047	300	13.945799814290963	0.0	163442	1616.3680922	0.3
5013.592024705858	300	16.623420869480313	0.0	126289	1322.37894481	0.3
5019.104167715853	1200	15.111277859485483	0.0	561791	5512.14300999	0.29999999999999993
5025.813761494833	1200	12.401684080505154	0.0	709534	6709.59377898	1.2
5031.565419204142	1200	10.65002637119604	0.0	584846	5751.65770931	1.2
5037.423056466655	1200	8.792389108682881	0.0	560821	5857.63726251	1.2
5043.860081675225	1200	6.355363900113158	0.0	607410	6437.02520857	1.2
5047.928684854983	750	6.286760720355847	0.0	405134	4068.60317976	0.3
5052.4731586634325	750	5.742286911905931	0.0	386351	4544.47380845	0.75
5058.187448751435	750	4.027996823903592	0.0	434409	5714.290088	0.75
5059.752630444965	300	6.462815130373763	0.0	140051	1565.18169353	-0.15000000000000002
5061.299381382674	300	8.916064192663992	0.0	138313	1546.75093771	0.3
5062.884570158077	300	11.330875417261844	0.0	143509	1585.1887754	0.3
5064.325350508905	300	13.890095066432835	0.0	150616	1440.78035083	0.3
5068.083415517863	750	14.132030057475353	0.0	405596	3758.06500896	0.3
5071.687726534066	750	14.527719041271357	0.0	350713	3604.3110162	0.75
5075.658121098358	750	14.557324476980472	0.0	386472	3970.39456429	0.75
5079.625497581955	750	14.589947993383072	0.0	399894	3967.3764836	0.75
5083.3984422098	750	14.817003365538284	0.0	401853	3772.94462784	0.75
5086.831088855178	750	15.384356720159655	0.0	343800	3432.64664538	0.75
5090.366375476732	750	15.849070098605727	0.0	359903	3535.28662155	0.75
5096.2295791377655	1200	13.985866437571469	0.0	590335	5863.20366103	0.75
5103.515689270579	1200	10.699756304757859	0.0	696376	7286.11013281	1.2
5108.287853040536	1200	9.927592534800798	0.0	487160	4772.16376996	1.2
5111.94406073153	1200	10.271384843806532	0.0	622896	3656.20769099	1.2
5114.175096503125	750	12.040349072210867	0.0	400508	2231.0357716	0.3
5116.000927578332	750	14.214517997004517	0.0	358218	1825.83107521	0.75
5118.031959038753	750	16.183486536584446	0.0	400322	2031.03146042	0.75
5120.916256338434	1200	17.299189236902173	0.0	584349	2884.29729968	0.75
5124.18758606647	1200	18.027859508865735	0.0	670129	3271.32972804	1.2
5129.239148270139	1850	16.97629730519772	0.0	1026056	5051.56220367	1.2000000000000002
5133.76313970928	1850	16.452305866056363	0.0	943942	4523.99143914	1.85
5137.359983424577	1850	16.85546215075935	0.0	728962	3596.8437153	1.85
5141.887484819959	1850	16.32796075537743	0.0	938587	4527.50139538	1.85
5148.817046639365	2850	13.398398935970818	0.0	1427478	6929.56181941	1.85
5155.655475379751	2850	10.559970195584548	0.0	1402287	6838.42874039	2.85
5159.796509214348	1850	10.418936360987987	0.0	858450	4141.0338346	0.8500000000000001
5164.6953918079	1850	9.520053767435714	0.0	1025005	4898.88259355	1.85
5169.071329550015	1850	9.144116025320036	0.0	886255	4375.93774212	1.85
5173.991113360357	1850	8.224332214978086	0.0	973972	4919.78381034	1.85
5178.775855923936	1850	7.439589651399218	0.0	958994	4784.74256358	1.85
5183.562690097536	1850	6.652755477800272	0.0	982064	4786.8341736	1.85
5187.6508786973	1850	6.564566878036156	0.0	830730	4088.18859976	1.85
5194.358462266543	2850	4.0	0.14301669120652877	1364537	6707.58356924	1.2350282278119264

