19682.770591219865	750	4.0	1.4991501900655662	450283	1499.15019007	-5.696345817281935
19684.49095771282	750	6.279633507042995	0.0	398865	1720.36649296	0.75
19685.979232933067	750	8.791358286796926	0.0	350812	1488.27522025	0.75
19687.589723284105	750	11.18086793575723	0.0	382355	1610.49035104	0.75
19690.97089719766	1850	11.799694022205697	0.0	996749	3381.17391355	0.75
19693.580809807558	1850	13.18978141230959	0.0	801058	2609.9126099	1.85
19696.663708488246	1850	14.106882731622678	0.0	905515	3082.89868069	1.85
19700.15823518647	1850	14.612356033393612	0.0	1060487	3494.52669823	1.85
19704.916933766075	2850	13.853657453791577	0.0	1348011	4758.6985796	1.85
19710.324743196023	2850	12.445848023845508	0.0	1429765	5407.80942995	2.85
19715.14092523083	2850	11.629665989035253	0.0	1354548	4816.18203481	2.85
19720.534538808377	2850	10.236052411489434	0.0	1519951	5393.61357755	2.85
19725.81925400928	2850	8.95133721058296	0.0	1422919	5284.71520091	2.85
19731.158363179784	2850	7.612228040080059	0.0	1578343	5339.1091705	2.85
19735.274411094004	2850	7.496180125861674	0.0	1231445	4116.04791422	2.85
19739.950171308563	2850	6.820419911301899	0.0	1471065	4675.76021456	2.85
19745.164522883748	2850	5.6060683361186845	0.0	1491626	5214.35157518	2.85
19748.205588038847	1850	6.56500318101853	0.0	885714	3041.0651551	0.8500000000000001
19751.939558708844	1850	6.831032511020767	0.0	987708	3733.97067	1.85
19755.32066664503	1850	7.449924574832938	0.0	923755	3381.10793619	1.85
19758.307835558568	1850	8.462755661296695	0.0	891604	2987.16891354	1.85
19762.47532107034	1850	8.295270149524029	0.0	955231	4167.48551177	1.85
19768.52036026452	1850	6.250230955342252	0.0	968026	6045.03919418	1.85
19770.79698315877	1200	7.973608061094479	0.0	536667	2276.62289425	0.5499999999999999
19773.307456343344	1200	9.46313487651572	0.0	587236	2510.47318458	1.2
19775.97160310284	1200	10.798988117020674	0.0	590335	2664.1467595	1.2
19778.655540526364	1200	12.115050693498048	0.0	696376	2683.93742352	1.2
19780.536925436467	1200	14.233665783396708	0.0	487160	1881.3849101	1.2
19783.005647480026	1200	15.76494373983672	0.0	622896	2468.72204356	1.2
19785.57806917787	1200	17.19252204199107	0.0	641447	2572.42169785	1.2
19788.727721122552	1850	18.0428700973103	0.0	873429	3149.65194468	1.2000000000000002
19795.152463323524	2850	15.618127896339978	0.0	1497683	6424.74220097	1.85
19800.360404729192	2850	14.410186490670096	0.0	1358081	5207.94140567	2.85
19806.446545956234	2850	12.324045263625445	0.0	1587293	6086.14122704	2.85
19812.200861881007	2850	10.56972933885601	0.0	1492672	5754.31592477	2.85
19817.593066425885	2850	9.177524793976218	0.0	1439896	5392.20454488	2.85
19822.314132084306	2850	8.45645913555524	0.0	1139291	4721.06565842	2.85
19827.86290570109	2850	6.907685518771937	0.0	1499009	5548.77361678	2.85
19833.836725646353	2850	4.933865573505493	0.0	1427478	5973.81994527	2.85
19839.798689303407	1850	4.0	1.0280980835440068	930577	5961.96365705	-3.570821759239229
19841.212395051483	750	6.586294251922732	0.0	345516	1413.70574808	-0.3500000000000001
19845.36452386551	1200	6.434165437892266	0.0	641452	4152.12881403	0.75
19848.701648799844	1200	7.097040503560951	0.0	599477	3337.12493433	1.2
19852.066271415475	1200	7.7324178879287375	0.0	634861	3364.62261563	1.2
19854.734472177286	1200	9.064217126116997	0.0	630203	2668.20076181	1.2
19861.43353549673	1850	6.365153806672899	0.0	982064	6699.06331944	1.2000000000000002
19867.22730775305	1200	4.5713815503496456	0.0	538612	5793.77225632	0.5499999999999999
19871.583827258917	750	4.214862044482439	0.0	314107	4356.51950587	0.3

