19293.932715838448	750	4.0	1.1396480754124116	450283	1139.64807541	-4.15048672427337
19294.501576796814	300	7.431139041633935	0.0	155580	568.860958366	-0.15000000000000002
19295.021033199017	300	10.911682639434407	0.0	139857	519.4564022	0.3
19295.716969570538	300	14.21574626791353	0.0	155432	695.936371521	0.3
19296.41067055079	300	17.522045287659825	0.0	163442	693.700980254	0.3
19298.89655398122	1850	19.03616185723261	0.0	801058	2485.88343043	0.30000000000000004
19301.941606792112	1850	19.991109046340906	0.0	905515	3045.05281089	1.85
19303.289161148256	1850	22.643554690198407	0.0	1060487	1347.55435614	1.85
19304.49086407245	1850	25.441851766004113	0.0	852833	1201.70292419	1.85
19305.506157659962	1850	28.426558178489476	0.0	913888	1015.29358751	1.85
19308.076422986996	4300	29.856292851456924	0.0	2173522	2570.26532703	1.8499999999999996
19310.406177992067	4300	31.526537846384496	0.0	2102452	2329.75500507	4.3
19313.083755354142	4300	32.84896048430737	0.0	2209463	2677.57736208	4.3
19323.67024526297	4300	26.262470575479927	0.0	2275376	10586.4899088	4.3
19329.54443566619	4300	24.388280172259698	0.0	2005399	5874.19040322	4.3
19331.96943264289	1850	25.963283195554673	0.0	923170	2424.99697671	-0.6000000000000001
19334.586143327528	1850	27.346572510920392	0.0	966699	2616.71068463	1.85
19336.93677423619	1850	28.995941602255034	0.0	885714	2350.63090867	1.85
19340.022065993122	1850	29.91064984532392	0.0	987708	3085.29175693	1.85
19343.552162881868	2850	30.380552956581443	0.0	1336050	3530.09688874	1.85
19345.135341716545	4300	32.7973741219042	0.0	2039773	1583.17883468	2.8499999999999996
19346.799966653933	4300	35.1327491845139	0.0	2176469	1664.62493739	4.3
19348.519210527484	4300	37.41350531096153	0.0	2221506	1719.24387355	4.3
19349.54032396603	4300	40.39239187241465	0.0	2044075	1021.11343855	4.3
19350.987824190917	4300	42.94489164752559	0.0	2186790	1447.50022489	4.3
19352.46484270288	4300	45.467873135564176	0.0	2105231	1477.01851196	4.3
19355.357114027585	4300	46.57560181086051	0.0	2395588	2892.2713247	4.3
19369.281195459323	4300	36.651520379122445	0.0	1972048	13924.0814317	4.3
19384.164436463674	1200	25.768279374776366	0.0	622896	14883.2410043	-1.9000000000000001
19384.327768538882	300	29.604947299568423	0.0	149029	163.332075208	-0.6000000000000001
19384.49579314222	300	33.4369226962274	0.0	157421	168.024603341	0.3
19384.663855209743	300	37.268860628708005	0.0	157488	168.062067519	0.3
19384.82430869405	300	41.10840714439962	0.0	143881	160.453484308	0.3
19384.995701159278	300	44.93701467917281	0.0	163444	171.392465227	0.3
19386.632686972083	4300	47.30002886636631	0.0	2307787	1636.98581281	0.2999999999999998
19387.71497248548	4300	50.21774335296863	0.0	2143948	1082.2855134	4.3
19388.861857577554	4300	53.07085826089282	0.0	1919781	1146.88509208	4.3
19390.269577769468	4300	55.66313806897907	0.0	2147467	1407.72019191	4.3
19391.50134593154	4300	58.431369906906916	0.0	2133870	1231.76816207	4.3
19393.065885190572	4300	59.65323936164421	0.0	2146120	1278.13054526	4.3
19396.507146232212	4300	59.785813197707405	0.0	2108491	3367.4261639368087	4.3
19406.112941471583	4300	54.18001795833539	0.0	2184571	9605.795239372017	4.3
19412.035673319384	4300	52.25728611053648	0.0	2121928	5922.731847798908	4.3
19419.17428585721	2850	49.11867357270774	0.0	1587250	7138.612537828738	1.4000000000000001
19425.074683054572	2850	47.21827637534555	0.0	1464921	5900.397197362188	2.85
19429.55392602559	2850	46.73903340432664	0.0	1483527	4479.242971018909	2.85
19432.419960765365	2850	47.872998664554	0.0	1231456	2866.0347397726455	2.85
19436.502484062723	2850	47.79047536719629	0.0	1364537	4082.523297357711	2.85

