20843.169693775824	750	4.0	3.582057242804898	450283	3582.0572428	-14.65284614406106
20846.961863697437	750	4.207830078388694	0.0	398865	3792.16992161	0.75
20847.97732291737	300	7.192370858456417	0.0	139857	1015.45921993	-0.15000000000000002
20851.517036282396	750	7.652657493431464	0.0	382355	3539.71336502	0.3
20854.75793455882	750	8.411759217004297	0.0	411561	3240.89827643	0.75
20857.040251547714	750	10.129442228110802	0.0	318564	2282.31698889	0.75
20859.507519197257	750	11.662174578563777	0.0	352642	2467.26764955	0.75
20864.725587402514	1200	10.444106373306589	0.0	709534	5218.06820526	0.75
20869.21151757465	1200	9.95817620116947	0.0	584846	4485.93017214	1.2
20873.375621896135	1200	9.794071879687802	0.0	560821	4164.10432148	1.2
20877.7751209967	1200	9.394572779124358	0.0	607410	4399.49910056	1.2
20881.42546284148	1200	9.744230934345724	0.0	594078	3650.34184478	1.2
20886.59279204112	1200	8.576901734702933	0.0	624282	5167.32919964	1.2
20892.101845827918	1200	7.067847947903863	0.0	687371	5509.0537868	1.2
20897.495462958985	1200	5.674230816836607	0.0	526950	5393.61713107	1.2
20902.556831583468	750	4.6128621923549415	0.0	366214	5061.36862448	0.3
20904.276970805808	300	6.892722970012083	0.0	143509	1720.13922234	-0.15000000000000002
20905.726068310574	300	9.443625465247793	0.0	150616	1449.09750476	0.3
20907.459468938807	300	11.710224837017021	0.0	165384	1733.40062823	0.3
20909.17212290279	300	13.997570873034322	0.0	140881	1712.65396398	0.3
20911.36464518827	300	15.805048587551289	0.0	157671	2192.52228548	0.3
20915.277741005382	750	15.891952770438685	0.0	399894	3913.09581711	0.3
20919.52295075353	750	15.646743022294267	0.0	401853	4245.20974814	0.75
20923.19075357072	750	15.978940205100615	0.0	343800	3667.80281719	0.75
20926.610057803136	750	16.559635972687463	0.0	359903	3419.30423241	0.75
20930.5570709094	750	16.612622866422765	0.0	379700	3947.01310626	0.75
20934.58044598	750	16.589247795825926	0.0	425781	4023.3750706	0.75
20937.22857503095	750	17.941118744874675	0.0	277716	2648.12905095	0.75
20941.309010568104	750	17.860683207717184	0.0	400396	4080.43553716	0.75
20945.185105689205	750	17.98458808661482	0.0	400508	3876.0951211	0.75
20950.59646432618	1200	16.573229449637772	0.0	570392	5411.35863698	0.75
20956.819881355594	1200	14.349812420222127	0.0	620283	6223.41702942	1.2
20962.674767259396	1200	12.494926516420898	0.0	584349	5854.8859038	1.2
20971.178226347994	1200	7.991467427823771	0.0	670129	8503.4590886	1.2
20976.069174927157	750	7.100518848662588	0.0	401088	4890.94857916	0.3
20980.02124390014	750	7.148449875678594	0.0	365161	3952.06897298	0.75
20984.280098099298	750	6.88959567651804	0.0	321064	4258.85419916	0.75
20990.399620437936	750	4.7700733378812865	0.0	361565	6119.52233864	0.75
20992.566843788027	300	6.60284998778889	0.0	144254	2167.22335009	-0.15000000000000002
20994.413604906145	300	8.756088869671744	0.0	149991	1846.76111812	0.3
20996.30858187957	300	10.861111896245207	0.0	147968	1894.97697343	0.3
20997.92136578509	300	13.248327990727319	0.0	161857	1612.78390552	0.3
20999.57409460807	300	15.595599167745714	0.0	145210	1652.72882298	0.3
21004.964904241755	750	14.204789534059241	0.0	438281	5390.80963369	0.3
21012.267986789182	750	10.901706986633418	0.0	398987	7303.08254743	0.75
21021.5592002803	750	5.610493495519156	0.0	393804	9291.21349111	0.75
21024.70237258515	300	6.467321190667053	0.0	137507	3143.17230485	-0.15000000000000002
21026.24720538095	300	8.922488394869042	0.0	118421	1544.8327958	0.3

