28643.149645041227	750	4.0	2.4105911300486103	450283	2410.59113005	-9.615541859209024
28644.01192047593	300	7.137724565296481	0.0	155580	862.275434704	-0.15000000000000002
28645.065843510874	300	10.083801530351042	0.0	139857	1053.92303495	0.3
28646.14630797639	300	13.003337064837888	0.0	155432	1080.46446551	0.3
28646.955695196422	300	16.193949844800514	0.0	163442	809.387220037	0.3
28647.706809465937	300	19.442835575288154	0.0	126289	751.114269512	0.3
28649.53678367929	750	21.61286136193346	0.0	352642	1829.97421335	0.3
28656.69666092872	1200	18.45298411250475	0.0	709534	7159.87724943	0.75
28662.47270881593	1200	16.67693622529236	0.0	584846	5776.04788721	1.2
28665.564710079852	1200	17.58493496137263	0.0	560821	3092.00126392	1.2
28668.750531354784	1200	18.399113686439584	0.0	607410	3185.82127493	1.2
28671.931637705293	1200	19.21800733593297	0.0	594078	3181.10635051	1.2
28675.10328870233	1200	20.046356338899496	0.0	624282	3171.65099703	1.2
28679.25746841216	1200	19.89217662906586	0.0	687371	4154.17970983	1.2
28694.07749001896	1850	9.072155022266019	0.0	821631	14820.0216068	1.2000000000000002
28694.83743225634	300	12.31221278488623	0.0	138313	759.94223738	-1.25
28695.595391824547	300	15.55425321668112	0.0	143509	757.959568205	0.3
28696.448221864925	300	18.7014231763042	0.0	150616	852.830040377	0.3
28697.489218618415	300	21.660426422813565	0.0	165384	1040.99675349	0.3
28698.217152160625	300	24.932492880601945	0.0	140881	727.933542212	0.3
28698.98088182787	300	28.168763213359636	0.0	157671	763.729667242	0.3
28699.772284093593	300	31.377360947637587	0.0	157812	791.402265722	0.3
28712.1685583891	1850	22.981086652130273	0.0	968026	12396.2742955	0.30000000000000004
28713.61244813917	1850	25.53719690205801	0.0	874175	1443.88975007	1.85
28714.565562559106	1850	28.584082482124533	0.0	897976	953.114419933	1.85
28715.58444939309	1850	31.565195648138857	0.0	905935	1018.88683399	1.85
28716.80698315183	1850	34.34266188939782	0.0	1076599	1222.53375874	1.85
28717.75173928682	1850	37.39790575440672	0.0	758197	944.756134991	1.85
28720.452273337967	4300	38.69737170325937	0.0	2134614	2700.53405115	1.8499999999999996
28734.521832964518	4300	28.627812076710565	0.0	2164140	14069.5596265	4.3
28737.118409415856	1850	30.0312356253704	0.0	873429	2596.57645134	-0.6000000000000001
28739.02855790895	1200	32.12108713227346	0.0	620283	1910.1484931	0.5499999999999999
28740.35721814707	1200	34.79242689415768	0.0	584349	1328.66023812	1.2
28742.763925493018	1200	36.38571954821136	0.0	670129	2406.70734595	1.2
28746.481762538417	1200	36.6678825028104	0.0	690253	3717.8370454	1.2
28772.811666120862	4300	14.3379789203675	0.0	2143948	26329.9035824	1.1999999999999997
28773.349778145654	1200	17.799866895574837	0.0	487812	538.112024793	-1.9000000000000001
28773.7693296004	750	21.38031544082555	0.0	361565	419.551454749	0.3
28774.446487784964	750	24.703157256264614	0.0	378327	677.158184561	0.75
28775.098785770948	750	28.050859270278696	0.0	390680	652.297985986	0.75
28775.863514460143	1200	31.286130581085832	0.0	566904	764.728689193	0.75
28779.09526912609	4300	32.054375915137186	0.0	2184571	3231.75466595	1.1999999999999997
28781.533589501843	4300	33.61605553938561	0.0	2121928	2438.32037575	4.3
28794.103247293657	4300	25.0463977475696	0.0	2219102	12569.6577918	4.3
28798.527416420504	2850	24.622228620721845	0.0	1464921	4424.16912685	1.4000000000000001
28802.668968201277	2850	24.480676839950174	0.0	1483527	4141.55178077	2.85
28804.167321867193	2850	26.982323174032086	0.0	1231456	1498.35366592	2.85
28805.081765629344	2850	30.06787941188129	0.0	1364537	914.443762151	2.85

