22520.694055334745	750	4.0	0.8178588912444568	450283	817.858891244	-2.766793232351164
22521.640916696855	1200	7.053138637889005	0.0	611087	946.861362111	0.75
22522.639767618173	1200	10.054287716572071	0.0	571051	998.850921317	1.2
22523.75430559119	1200	12.939749743556133	0.0	617681	1114.53797302	1.2
22524.892104449904	1850	15.80195088483846	0.0	996749	1137.79885872	1.2000000000000002
22525.856221939765	1850	18.83783339497784	0.0	801058	964.117489861	1.85
22528.52937013489	4300	20.164685199853633	0.0	2157535	2673.14819512	1.8499999999999996
22541.31635389064	4300	11.377701444099833	0.0	2290172	12786.9837558	4.3
22542.8142331231	1200	13.879822211643754	0.0	584846	1497.87923246	-1.9000000000000001
22544.28842365086	1200	16.405631683881786	0.0	560821	1474.19052776	1.2
22545.71167295795	1200	18.982382376793904	0.0	607410	1423.24930709	1.2
22547.253233504365	1200	21.44082183037713	0.0	594078	1541.56054642	1.2
22549.204811334384	1200	23.489244000358703	0.0	624282	1951.57783002	1.2
22580.663912815548	4300	4.0	7.969857480807735	2275376	31459.1014812	-33.07038716747326
22581.499437298346	300	7.164475517202332	0.0	140051	835.524482798	-3.7
22582.277351208344	300	10.386561607205806	0.0	138313	777.913909997	0.3
22583.304136436793	300	13.359776378756854	0.0	143509	1026.78522845	0.3
22584.37088731401	300	16.293025501538843	0.0	150616	1066.75087722	0.3
22585.230678673706	300	19.433234141840607	0.0	165384	859.791359698	0.3
22587.15489461505	750	21.509018200496666	0.0	350713	1924.21594134	0.3
22590.20190237499	1200	22.462010440556792	0.0	601738	3047.00775994	0.75
22591.455893249313	1850	25.20801956623254	0.0	955231	1253.99087432	1.2000000000000002
22592.669115719178	1850	27.994797096371034	0.0	968026	1213.22246986	1.85
22593.649037171435	1850	31.014875644111676	0.0	874175	979.921452259	1.85
22595.264932869268	2850	33.39897994628111	0.0	1383735	1615.89569783	1.85
22598.589060946404	4300	34.074851869144254	0.0	2105231	3324.12807714	2.8499999999999996
22600.920340505694	4300	35.7435723098573	0.0	2395588	2331.27955929	4.3
22601.964410781333	4300	38.699502034217716	0.0	1972048	1044.07027564	4.3
22603.48062039994	4300	41.18329241560936	0.0	2134614	1516.20961861	4.3
22605.05111620313	4300	43.612796612419814	0.0	2164140	1570.49580319	4.3
22606.396872892616	4300	46.26703992293336	0.0	2113193	1345.75668949	4.3
22607.544650922533	4300	49.11926189301375	0.0	2147852	1147.77802992	4.3
22609.226257769435	4300	51.43765504611037	0.0	2191074	1681.6068469	4.3
22611.049660968787	4300	53.61425184675712	0.0	2286761	1823.40319935	4.3
22613.601754790077	4300	55.06215802546558	0.0	2307787	2552.09382129	4.3
22616.812315300493	4300	55.85159751505104	0.0	2143948	3210.56051041	4.3
22619.436599148226	4300	57.2273136673189	0.0	1919781	2624.28384773	4.3
22631.258797774404	4300	49.405115041138124	0.0	2147467	11822.1986262	4.3
22686.37339818104	4300	4.0	5.709485365497137	2133870	55114.6004066	-20.25078707163769
22687.71791673167	300	6.655481449367971	0.0	149991	1344.51855063	-3.7
22688.943618092642	300	9.429780088395859	0.0	147968	1225.70136097	0.3
22691.76939725668	300	10.60400092435748	0.0	161857	2825.77916404	0.3
22692.388623110157	300	13.984775070882659	0.0	145210	619.225853475	0.3
22692.623401608405	300	17.74999657263704	0.0	172312	234.778498246	0.3
22693.061789931213	750	21.311608249830023	0.0	398987	438.388322807	0.3
22694.007973857355	1850	24.365424323687034	0.0	982064	946.183926143	0.75
22695.628552451435	2850	26.744845729604936	0.0	1231456	1620.57859408	1.85
22697.23980235232	2850	29.133595828719667	0.0	1364537	1611.24990089	2.85

