30606.846942195854	750	4.0	1.73967202873653	450283	1739.67202874	-6.730589723567078
30608.376358455407	750	6.470583740448242	0.0	398865	1529.41625955	0.75
30611.0959041843	1850	7.751038011554596	0.0	877771	2719.54572889	0.75
30614.032457303587	1850	8.81448489226923	0.0	933276	2936.55311929	1.85
30617.22457469159	1850	9.622367504267464	0.0	996749	3192.117388	1.85
30619.771349718063	1850	11.075592477794958	0.0	801058	2546.77502647	1.85
30622.456329732202	1850	12.390612463656167	0.0	905515	2684.98001414	1.85
30626.19585735799	2850	12.651084837867796	0.0	1638769	3739.52762579	1.85
30628.179074505475	2850	14.667867690383751	0.0	1348011	1983.21714748	2.85
30629.73128468805	2850	17.115657507811907	0.0	1429765	1552.21018257	2.85
30631.68943013831	2850	19.157512057546366	0.0	1354548	1958.14545027	2.85
30634.550849191597	4300	20.29609300426166	0.0	2102452	2861.41905328	2.8499999999999996
30636.05685574131	4300	22.790086454551147	0.0	2209463	1506.00654971	4.3
30637.184208162413	4300	25.662734033451503	0.0	2275376	1127.3524211	4.3
30638.26641362936	4300	28.5805285665042	0.0	2005399	1082.20546695	4.3
30639.752311427943	4300	31.094630767919675	0.0	2152483	1485.89779858	4.3
30641.00427633901	4300	33.84266585685426	0.0	2289689	1251.96491107	4.3
30642.415354225603	4300	36.43158797026251	0.0	2059512	1411.07788659	4.3
30643.537360278515	4300	39.309581917349625	0.0	2220726	1122.00605291	4.3
30644.564732897834	4300	42.282209298028384	0.0	2156729	1027.37261932	4.3
30645.716501645125	4300	45.130440550736644	0.0	2039773	1151.76874729	4.3
30650.952680613394	4300	43.894261582468765	0.0	2176469	5236.17896827	4.3
30658.467320751253	4300	40.37962144461031	0.0	2221506	7514.64013786	4.3
30666.748320646086	4300	36.0986215497784	0.0	2044075	8280.99989483	4.3
30668.2249843945	2850	38.621957801364026	0.0	1383735	1476.66374841	1.4000000000000001
30670.025601958914	2850	40.82134023694497	0.0	1480464	1800.61756442	2.85
30671.87157346301	2850	42.9753687328529	0.0	1547572	1845.97150409	2.85
30673.167727093554	2850	45.67921510230641	0.0	1141971	1296.15363055	2.85
30675.583199479457	4300	47.26374271640461	0.0	2134614	2415.4723859	2.8499999999999996
30687.50084737255	4300	39.346094823311596	0.0	2164140	11917.6478931	4.3
30692.052363842147	2850	38.7945783537148	0.0	1341201	4551.5164696	1.4000000000000001
30695.312252738877	1850	39.53468945698588	0.0	954453	3259.88889673	0.8500000000000001
30701.534759939594	1850	37.312182256270354	0.0	885062	6222.50720072	1.85
30707.32850617806	1850	35.518436017805755	0.0	1035329	5793.74623846	1.85
30707.92274566206	1200	38.924196533806544	0.0	690253	594.239483999	0.5499999999999999
30708.291846096632	1200	42.55509609923387	0.0	598727	369.100434573	1.2
30708.723831610878	1850	46.12311058498955	0.0	728962	431.985514244	1.2000000000000002
30709.248928183446	1850	49.59801401241965	0.0	938587	525.09657257	1.85
30710.32103162814	4300	52.525910567727394	0.0	2133870	1072.10344469	1.8499999999999996
30711.820384529932	4300	55.026557665933936	0.0	2146120	1499.35290179	4.3
30712.91730770869	4300	57.92963448717849	0.0	2108491	1096.92317876	4.3
30714.474577232195	4300	59.87601849620531	0.0	2184571	1053.61599097	4.3
30716.616901089685	4300	59.5166833337254	0.0	2121928	1359.335162479903	4.3
30736.09879972996	4300	44.03478469345095	0.0	2219102	19481.898640274456	4.3
30739.55372756889	1200	44.57985685451726	0.0	630203	3454.927838933688	-1.9000000000000001
30741.84774635831	750	46.28583806509498	0.0	393804	2294.0187894222836	0.3
30743.802172542142	750	48.331411881264124	0.0	331053	1954.4261838308557	0.75
30746.617862435018	1200	49.51572198839087	0.0	550906	2815.6898928732517	0.75

