13112.744057560827	750	4.0	2.1413027841682712	450283	2141.30278417	-8.457601971923566
13114.674739608728	750	6.069317952098931	0.0	398865	1930.6820479	0.75
13116.625757638589	750	8.118299922238911	0.0	350812	1951.01802986	0.75
13118.967156852728	750	9.776900708099825	0.0	382355	2341.39921414	0.75
13122.75663119893	1200	9.987426361898724	0.0	652874	3789.4743462	0.75
13125.277812061873	1200	11.466245498956203	0.0	520315	2521.18086294	1.2
13127.616737560986	1200	13.127319999842411	0.0	561791	2338.92549911	1.2
13130.994679298024	1200	13.749378262804312	0.0	709534	3377.94173704	1.2
13133.587221620573	1200	15.156835940256137	0.0	584846	2592.54232255	1.2
13137.149633617799	1850	15.594423943028723	0.0	913888	3562.41199723	1.2000000000000002
13140.116388631075	1850	16.627668929752723	0.0	939819	2966.75501328	1.85
13143.247951291196	1850	17.496106269632055	0.0	917428	3131.56266012	1.85
13147.781333666631	1850	16.962723894195246	0.0	946851	4533.38237544	1.85
13152.274559780972	1850	16.469497779854205	0.0	1036454	4493.22611434	1.85
13156.758309007724	1850	15.985748553101159	0.0	821631	4483.74922675	1.85
13161.336728055565	1850	15.407329505261433	0.0	923170	4578.41904784	1.85
13167.046316374643	1850	13.69774118618264	0.0	966699	5709.58831908	1.85
13171.367535409456	1850	13.376522151369894	0.0	885714	4321.21903481	1.85
13175.206472870748	1850	13.537584690076997	0.0	987708	3838.93746129	1.85
13178.755848181794	1850	13.988209379032456	0.0	923755	3549.37531104	1.85
13182.408108850232	1850	14.335948710595176	0.0	891604	3652.26066844	1.85
13188.210207401738	1850	12.53385015908906	0.0	955231	5802.09855151	1.85
13191.821505861777	1850	12.922551699048071	0.0	968026	3611.29846004	1.85
13195.31235335134	1850	13.431704209485185	0.0	874175	3490.84748956	1.85
13199.30166006851	1850	13.442397492317145	0.0	897976	3989.30671717	1.85
13202.562477666484	1850	14.181579894342189	0.0	905935	3260.81759797	1.85
13206.653977576554	1850	14.090079984272732	0.0	1076599	4091.49991007	1.85
13209.141253475505	1850	15.602804085319773	0.0	758197	2487.27589895	1.85
13213.10183713518	1850	15.642220425645274	0.0	972798	3960.58365967	1.85
13216.511620282006	1850	16.232437278820758	0.0	975811	3409.78314682	1.85
13221.711116727009	2850	15.032940833817083	0.0	1341201	5199.496445	1.85
13227.259818958526	2850	13.484238602299232	0.0	1497683	5548.70223152	2.85
13232.313405875124	2850	12.43065168570141	0.0	1358081	5053.5869166	2.85
13239.715790088745	2850	9.028267472080897	0.0	1587293	7402.38421362	2.85
13244.282537220388	2850	8.461520340436477	0.0	1492672	4566.74713164	2.85
13250.511303638381	2850	6.232753922445221	0.0	1439896	6228.76641799	2.85
13253.624522166481	1850	7.119535394344375	0.0	728962	3113.2185281	0.8500000000000001
13257.363500352274	1850	7.380557208550414	0.0	938587	3738.97818579	1.85
13260.980753819718	1850	7.7633037411060775	0.0	908665	3617.25346744	1.85
13264.590459802888	1850	8.153597757937103	0.0	930577	3609.70598317	1.85
13268.782258585332	1850	7.961798975493154	0.0	858450	4191.79878244	1.85
13274.159630678341	1850	6.584426882485153	0.0	1025005	5377.37209301	1.85
13278.67062151421	1850	6.073436046617368	0.0	886255	4510.99083587	1.85
13284.01642759793	1850	4.72762996289806	0.0	973972	5345.80608372	1.85
13288.257168454165	1200	4.4868891066625585	0.0	630203	4240.74085624	0.5499999999999999
13292.96683206634	1200	4.0	0.22277450551245329	638661	4709.66361218	0.2420696262964509
13298.721398488211	750	4.0	1.7545664218701578	331053	5754.56642187	-7.2446356140416786
13311.927729338064	300	4.0	9.206330849852261	118421	13206.3308499	-39.73722265436473

