11934.078432692428	750	4.0	2.7559546623670776	450283	2755.95466237	-11.100605048178434
11936.764646103196	750	5.313786589230649	0.0	398865	2686.21341077	0.75
11938.69579053198	750	7.382642160446776	0.0	350812	1931.14442878	0.75
11940.587905611526	750	9.490527080899806	0.0	382355	1892.11507955	0.75
11943.280388585037	1200	10.798044107388753	0.0	652874	2692.48297351	0.75
11945.044766546633	1200	13.033666145792962	0.0	520315	1764.3779616	1.2
11946.783306607598	1200	15.295126084827732	0.0	561791	1738.54006097	1.2
11948.88289985451	1200	17.19553283791515	0.0	709534	2099.59324691	1.2
11950.36998268939	1200	19.70845000303535	0.0	584846	1487.08283488	1.2
11951.986795859077	1200	22.09163683334889	0.0	560821	1616.81316969	1.2
11953.857177222666	1200	24.221255469758812	0.0	607410	1870.38136359	1.2
11965.598666986054	1850	16.47976570637055	0.0	917428	11741.4897634	1.2000000000000002
11970.30688706754	750	15.771545624885027	0.0	386351	4708.22008149	-0.3500000000000001
11972.611586867197	750	17.46684582522776	0.0	434409	2304.69979966	0.75
11974.639414433566	750	19.439018258858297	0.0	337059	2027.82756637	0.75
11976.646425991246	750	21.43200670117779	0.0	366214	2007.01155768	0.75
11978.100655128206	750	23.97777756421629	0.0	360831	1454.22913696	0.75
11979.579239715345	750	26.49919297707738	0.0	372963	1478.58458714	0.75
11984.60474044205	1850	25.47369225037442	0.0	987708	5025.5007267	0.75
11987.815812075249	1850	26.262620617175557	0.0	923755	3211.0716332	1.85
11990.996723297301	1850	27.081709395122008	0.0	891604	3180.91122205	1.85
11995.822653867377	1850	26.255778825046498	0.0	955231	4825.93057008	1.85
12003.341839555927	2850	22.73659313649772	0.0	1505760	7519.18568855	1.85
12021.463451740401	2850	8.614980952023652	0.0	1323990	18121.6121845	2.85
12023.580822434093	750	10.49761025833219	0.0	359903	2117.37069369	-1.35
12026.779297979494	750	11.299134712930128	0.0	379700	3198.4755454	0.75
12030.097460553006	750	11.980972139418387	0.0	425781	3318.16257351	0.75
12031.606819666327	750	14.47161302609814	0.0	277716	1509.35911332	0.75
12033.928322351783	750	16.15011034064195	0.0	400396	2321.50268546	0.75
12038.731903902588	1200	15.346528789836158	0.0	641447	4803.58155081	0.75
12042.895913455803	1200	15.182519236621141	0.0	570392	4164.00955322	1.2
12048.541630544441	1200	13.536802147983927	0.0	620283	5645.71708864	1.2
12052.785541827707	1200	13.292890864718698	0.0	584349	4243.91128327	1.2
12055.845468253792	1200	14.232964438634726	0.0	670129	3059.92642608	1.2
12058.600816834522	1200	15.477615857903803	0.0	690253	2755.34858073	1.2
12061.773924126954	1200	16.304508565473405	0.0	598727	3173.10729243	1.2
12063.930065551946	1200	18.148367140480094	0.0	487812	2156.14142499	1.2
12067.98199281191	1850	18.096439880514414	0.0	938587	4051.92725997	1.2000000000000002
12071.7303686836	1850	18.3480640088242	0.0	908665	3748.37587169	1.85
12075.548850213954	1850	18.529582478470044	0.0	930577	3818.48153035	1.85
12078.638506473279	1850	19.43992621914617	0.0	858450	3089.65625932	1.85
12082.223979718872	1850	19.854452973553986	0.0	1025005	3585.47324559	1.85
12088.469132389468	2850	17.609300302958545	0.0	1343002	6245.1526706	1.85
12095.057861735899	2850	15.020570956527116	0.0	1587250	6588.72934643	2.85
12103.59944435091	2850	10.478988341516812	0.0	1464921	8541.58261501	2.85
12109.260992729505	2850	8.817439962919988	0.0	1483527	5661.5483786	2.85
12114.230630355894	2850	7.847802336531673	0.0	1231456	4969.63762639	2.85
12121.298886785915	2850	4.779545906511384	0.0	1364537	7068.25643002	2.85

