28805.38203033118	750	4.0	0.30026470183591425	450283	300.264701836	-0.5411382178944313
28806.63909898771	4300	6.742931343468981	0.0	2123065	1257.06865653	0.75
28807.948758656272	4300	9.433271674907202	0.0	2177073	1309.65966856	4.3
28809.371034993514	4300	12.010995337663637	0.0	2160877	1422.27633724	4.3
28810.763877861616	4300	14.6181524695636	0.0	2233056	1392.8428681	4.3
28811.796258317572	4300	17.58577201360938	0.0	1941625	1032.38045595	4.3
28813.262339583856	4300	20.119690747324174	0.0	2157535	1466.08126629	4.3
28814.633264547316	4300	22.748765783866048	0.0	2290172	1370.92496346	4.3
28824.81960094783	4300	16.562429383348086	0.0	2055469	10186.3364005	4.3
28825.69669042969	1850	19.685339901487037	0.0	913888	877.089481861	-0.6000000000000001
28826.343300712033	1200	23.038729619144664	0.0	607410	646.610282342	0.5499999999999999
28826.996814652797	1200	26.385215678383098	0.0	594078	653.513940762	1.2
28827.678848442873	1200	29.703181888309487	0.0	624282	682.033790074	1.2
28828.460230175635	1200	32.92180015554421	0.0	687371	781.381732765	1.2
28831.49617826661	4300	33.885852064569164	0.0	2005399	3035.94809098	1.1999999999999997
28833.6400089614	4300	35.74202136978049	0.0	2152483	2143.83069479	4.3
28836.3318710686	4300	37.05015926257905	0.0	2289689	2691.8621072	4.3
28838.559224586366	4300	38.822805744810324	0.0	2059512	2227.35351777	4.3
28841.235857742045	4300	40.14617258913471	0.0	2220726	2676.63315568	4.3
28843.973855438995	4300	41.408174892183006	0.0	2156729	2737.99769695	4.3
28849.507370936146	4300	39.87465939503659	0.0	2039773	5533.51549715	4.3
28856.48854260441	4300	36.893487726771816	0.0	2176469	6981.17166826	4.3
28857.965252646165	4300	39.41677768501469	0.0	2221506	1476.71004176	4.3
28858.978170274364	4300	42.40386005681595	0.0	2044075	1012.9176282	4.3
28860.184849110065	4300	45.19718122111734	0.0	2186790	1206.6788357	4.3
28861.258858704947	4300	48.12317162623251	0.0	2105231	1074.00959488	4.3
28862.696921960345	4300	50.685108370834016	0.0	2395588	1438.0632554	4.3
28863.71218407068	4300	53.669846260501366	0.0	1972048	1015.26211033	4.3
28864.95724962763	4300	56.42478070354872	0.0	2134614	1245.06555695	4.3
28866.911496318047	4300	58.4705340131342	0.0	2164140	1954.24669041	4.3
28872.869611498725	4300	56.51241883245732	0.0	2113193	5958.11518068	4.3
28877.20274499914	4300	56.17928533204315	0.0	2147852	4333.13350041	4.3
28878.61989623056	4300	58.76213410062337	0.0	2191074	1417.15123142	4.3
28880.46791594257	4300	59.997189545224465	0.0	2286761	1264.9445554	4.3
28882.862169281325	4300	59.55160045415088	0.0	2307787	1445.589091073586	4.3
28884.77444495103	4300	59.52979474314345	0.0	2143948	1021.8057110074262	4.3
28886.583535137946	4300	59.78048462902979	0.0	1919781	1249.310114113659	4.3
28888.206369170657	4300	59.95895764907744	0.0	2147467	1321.5269799523544	4.3
28894.390244813025	4300	57.77508200670953	0.0	2133870	6183.8756423679115	4.3
28902.61305201059	4300	53.5522748091426	0.0	2146120	8222.807197566926	4.3
28909.366354533817	4300	50.79897228591732	0.0	2108491	6753.302523225287	4.3
28912.460470724487	4300	51.70485609525065	0.0	2184571	3094.116190666674	4.3
28913.883862075156	2850	54.28146474458082	0.0	1343002	1423.3913506698239	1.4000000000000001
28915.79651335838	2850	56.36881346136143	0.0	1587250	1912.651283219396	2.85
28918.32726174856	4300	57.838065071178065	0.0	2124950	2530.7483901833616	2.8499999999999996
28935.08912940031	4300	45.076197419429796	0.0	2246506	16761.86765174827	4.3
28939.260941785113	4300	44.90438503462865	0.0	1961140	4171.812384801136	4.3
28941.571829130895	4300	46.593497688846604	0.0	2155012	2310.8873457820555	4.3

