6462.849735083508	750	4.0	8.869498875393612	450283	8869.49887539	-37.38884516419253
6473.559443385332	300	4.0	6.709708301824405	155580	10709.7083018	-29.00174569784494
6474.093644371794	300	7.465799013538473	0.0	139857	534.200986462	0.3
6474.594019437908	300	10.965423947423936	0.0	155432	500.375066115	0.3
6475.086348282789	300	14.473095102543612	0.0	163442	492.32884488	0.3
6475.492801711886	300	18.066641673446743	0.0	126289	406.453429097	0.3
6476.082436636149	300	21.477006749183854	0.0	153295	589.634924263	0.3
6479.251020557625	1850	22.308422827707265	0.0	1060487	3168.58392148	0.30000000000000004
6481.980105618482	1850	23.57933776684999	0.0	852833	2729.08506086	1.85
6484.537732468873	1850	25.021710916458876	0.0	913888	2557.62685039	1.85
6487.023894241187	1850	26.535549144145037	0.0	939819	2486.16177231	1.85
6491.406745283447	2850	26.152698101884713	0.0	1519951	4382.85104226	1.85
6494.608404545394	4300	26.95103883993842	0.0	2209463	3201.65926195	2.8499999999999996
6495.705465905089	4300	29.853977480243366	0.0	2275376	1097.0613597	4.3
6496.7881056616	4300	32.771337723732806	0.0	2005399	1082.63975651	4.3
6498.022611410652	4300	35.53683197468097	0.0	2152483	1234.50574905	4.3
6499.627517585898	4300	37.931925799434865	0.0	2289689	1604.90617525	4.3
6501.12493280624	4300	40.43451057909187	0.0	2059512	1497.41522034	4.3
6502.305622048208	4300	43.25382133712512	0.0	2220726	1180.68924197	4.3
6503.337607071983	4300	46.22183631334947	0.0	2156729	1031.98502378	4.3
6504.77276030036	4300	48.7866830849732	0.0	2039773	1435.15322838	4.3
6506.183638768571	4300	51.375804616762814	0.0	2176469	1410.87846821	4.3
6507.341712294164	4300	54.217731091169554	0.0	2221506	1158.07352559	4.3
6508.453788118672	4300	57.10565526666163	0.0	2044075	1112.07582451	4.3
6509.841944383867	4300	59.71749900146741	0.0	2186790	1388.15626519	4.3
6511.885277746725	4300	59.58668640791336	0.0	2105231	1130.81259355	4.3
6517.932440540687	4300	57.53952361395142	0.0	2395588	6047.162793961943	4.3
6524.400249834197	4300	55.07171432044164	0.0	1972048	6467.809293509773	4.3
6527.66067906133	4300	55.81128509330819	0.0	2134614	3260.4292271334452	4.3
6531.100943430764	4300	56.371020723873166	0.0	2164140	3440.264369435024	4.3
6536.233029991803	4300	55.23893416283504	0.0	2113193	5132.0865610381325	4.3
6547.535743760512	2850	47.93622039412609	0.0	1497683	11302.713768708947	1.4000000000000001
6556.7271556448995	2850	42.744808509738085	0.0	1358081	9191.411884388006	2.85
6560.8168703685205	2850	42.655093786116396	0.0	1587293	4089.7147236216824	2.85
6583.845063242479	1850	23.626900912157986	0.0	1026056	23028.192873958415	0.8500000000000001
6584.110756045916	300	27.36120810872082	0.0	159914	265.692803437	-1.25
6584.343582126561	300	31.12838202807519	0.0	131610	232.826080646	0.3
6584.567584216728	300	34.90437993790768	0.0	124011	224.002090168	0.3
6584.815092562884	300	38.65687159175272	0.0	144254	247.508346155	0.3
6585.28743760954	750	42.18452654509767	0.0	390680	472.34504665504585	0.3
6588.292533258534	4300	43.17943089610315	0.0	2108491	3005.0956489945142	0.75
6590.959783608978	4300	44.51218054565992	0.0	2184571	2667.250350443226	4.3
6593.072980305379	4300	46.398983849258535	0.0	2121928	2113.196696401393	4.3
6605.332641300917	4300	38.13932285372058	0.0	2219102	12259.660995537954	4.3
6606.4776914653985	4300	40.99427268924011	0.0	2124950	1145.050164480471	4.3
6607.698851292671	4300	43.77311286196737	0.0	2246506	1221.1598272727406	4.3
6608.933532215703	4300	46.538431938934565	0.0	1961140	1234.680923032805	4.3
6610.677914304496	4300	48.79404985014202	0.0	2155012	1744.3820887925433	4.3

