17780.18205534334	750	4.0	3.367578657227413	450283	3367.57865723	-13.730588226077876
17781.70786807896	300	6.474187264380655	0.0	155580	1525.81273562	-0.15000000000000002
17783.030871287163	300	9.151184056173694	0.0	139857	1323.00320821	0.3
17784.472617466046	300	11.709437877288433	0.0	155432	1441.74617889	0.3
17785.920461586884	300	14.26159375645088	0.0	163442	1447.84412084	0.3
17787.115837368732	300	17.06621797460557	0.0	126289	1195.37578185	0.3
17790.1842428543	750	17.997812489039415	0.0	352642	3068.40548557	0.3
17799.04756676708	1200	13.134488576255736	0.0	709534	8863.32391278	0.75
17810.83031300334	1200	5.351742339999913	0.0	584846	11782.7462363	1.2
17811.73047294599	300	8.451582397346938	0.0	139105	900.159942653	-0.6000000000000001
17812.685025261715	300	11.497030081624779	0.0	141840	954.552315722	0.3
17813.744562507174	300	14.437492836165877	0.0	156148	1059.53724546	0.3
17814.960130851552	300	17.221924491789796	0.0	160746	1215.56834438	0.3
17816.195510852336	300	19.98654449100377	0.0	179801	1235.38000079	0.3
17818.21687765006	750	21.965177693279074	0.0	337059	2021.36679772	0.3
17820.577171105644	750	23.604884237692332	0.0	366214	2360.29345559	0.75
17822.958402681303	750	25.22365266203638	0.0	360831	2381.23157566	0.75
17828.292966900262	1850	23.889088443075565	0.0	885714	5334.56421896	0.75
17834.223224419886	1850	21.95883092345289	0.0	987708	5930.25751962	1.85
17840.091328376595	1850	20.090726966742917	0.0	923755	5868.10395671	1.85
17845.78974612956	1850	18.39230921377751	0.0	891604	5698.41775297	1.85
17852.247709310228	1850	15.934346033113927	0.0	955231	6457.96318066	1.85
17859.333778168988	1850	12.848277174353552	0.0	968026	7086.06885876	1.85
17871.535069179132	1850	4.646986164207036	0.0	874175	12201.2910101	1.85
17873.82683073568	300	6.355224607661743	0.0	146754	2291.76155655	-1.25
17877.05875179329	300	7.1233035500487185	0.0	153938	3231.92105761	0.3
17879.01058559515	300	9.17146974818749	0.0	181901	1951.83380186	0.3
17879.921884090058	300	12.260171253282376	0.0	111155	911.298494905	0.3
17882.08467845727	300	14.097376886069107	0.0	153605	2162.79436721	0.3
17884.097468498978	300	16.084586844361908	0.0	149029	2012.79004171	0.3
17888.523772183897	300	15.658283159446816	0.0	157421	4426.30368492	0.3
17892.927958557462	300	15.254096785882382	0.0	157488	4404.18637356	0.3
17897.832472109454	300	14.34958323388645	0.0	143881	4904.513552	0.3
17902.09011146563	300	14.091943877711056	0.0	163444	4257.63935618	0.3
17905.676513002687	300	14.505542340653566	0.0	179328	3586.40153706	0.3
17907.915692092178	300	16.26636325116259	0.0	159914	2239.17908949	0.3
17910.71268667537	300	17.46936866796857	0.0	131610	2796.99458319	0.3
17912.441991255797	300	19.74006408754138	0.0	124011	1729.30458043	0.3
17920.03444020381	750	16.147615139530153	0.0	378327	7592.44894801	0.3
17925.277164932013	750	14.904890411327184	0.0	390680	5242.7247282	0.75
17928.917842628853	750	15.264212714489528	0.0	345516	3640.67769684	0.75
17933.013650349578	750	15.16840499376521	0.0	384505	4095.80772072	0.75
17934.602303778815	300	17.5797515645234	0.0	145210	1588.65342924	-0.15000000000000002
17939.280580344242	750	16.901474999098607	0.0	438281	4678.27656542	0.3
17943.599802546323	750	16.5822527970188	0.0	398987	4319.22220208	0.75
17949.96107538741	1200	14.220979955928701	0.0	638661	6361.27284109	0.75
17955.347641769247	1200	12.834413574092011	0.0	538612	5386.56638184	1.2
17967.373720170628	2850	4.808335172712277	0.0	1364537	12026.0784014	1.2000000000000002

