28942.64916128295	750	4.0	1.0773321520529362	450283	1077.33215205	-3.8825282538276253
28944.099778802043	750	6.549382480906239	0.0	398865	1450.61751909	0.75
28945.070856399627	750	9.57830488332401	0.0	350812	971.077597582	0.75
28947.102719424813	1200	11.546441858136326	0.0	617681	2031.86302519	0.75
28949.404214923532	1850	13.244946359420783	0.0	996749	2301.49549872	1.2000000000000002
28961.75870541251	1850	4.890455870439813	0.0	801058	12354.490489	1.85
28962.583164310956	300	8.065996971997535	0.0	153295	824.458898442	-1.25
28963.47953520872	300	11.169626074231092	0.0	173849	896.370897766	0.3
28964.20573523016	300	14.443426052792567	0.0	150710	726.200021439	0.3
28964.99555166062	300	17.653609622330997	0.0	139105	789.816430462	0.3
28965.835540393437	300	20.81362088951142	0.0	141840	839.98873282	0.3
28969.02331891022	1200	21.625842372729828	0.0	594078	3187.77851678	0.29999999999999993
28972.171015537595	1850	22.478145745353736	0.0	946851	3147.69662738	1.2000000000000002
28973.510748697572	1850	25.13841258537668	0.0	1036454	1339.73315998	1.85
28974.959987842798	1850	27.689173440149542	0.0	821631	1449.23914523	1.85
28975.92372769895	1850	30.725433583995954	0.0	923170	963.739856154	1.85
28977.290296753126	2850	33.3588645298219	0.0	1491626	1366.56905417	1.85
28979.51608769163	4300	35.133073591317384	0.0	2059512	2225.7909385	2.8499999999999996
28984.10893016322	4300	34.54023111972937	0.0	2220726	4592.84247159	4.3
28994.23119042218	4300	28.41797086077205	0.0	2156729	10122.260259	4.3
28998.655746780994	2850	27.993414501953872	0.0	1415116	4424.55635882	1.4000000000000001
29003.10053017854	2850	27.548631104410127	0.0	1468126	4444.78339754	2.85
29005.354352095983	1850	29.294809186965544	0.0	968026	2253.82191744	0.8500000000000001
29008.04012163466	1850	30.609039648288284	0.0	874175	2685.76953868	1.85
29010.661804659587	1850	31.98735662336306	0.0	897976	2621.68302493	1.85
29022.626028572213	2850	24.02313271073693	0.0	1480464	11964.2239126	1.85
29030.382384104716	2850	20.266777178230946	0.0	1547572	7756.35553251	2.85
29032.850444295418	1200	21.79871698753218	0.0	487160	2468.0601907	-0.44999999999999996
29034.419508951774	1200	24.229652331174112	0.0	622896	1569.06465636	1.2
29036.036371415776	1200	26.61278986717526	0.0	641447	1616.862464	1.2
29037.449394258572	1200	29.19976702437689	0.0	570392	1413.0228428	1.2
29041.309464505764	2850	29.33969677718656	0.0	1497683	3860.07024719	1.2000000000000002
29047.06492006275	2850	27.58424122020489	0.0	1358081	5755.45555698	2.85
29054.31440636895	2850	24.334754913999003	0.0	1587293	7249.48630621	2.85
29058.411843672748	2850	24.237317610203803	0.0	1492672	4097.4373038	2.85
29062.408873144035	2850	24.240288138916757	0.0	1439896	3997.02947129	2.85
29063.895370013808	2850	26.75379126914493	0.0	1139291	1486.49686977	2.85
29064.73573968871	2850	29.91342159424341	0.0	1499009	840.369674902	2.85
29065.661981671703	2850	32.98717961125002	0.0	1427478	926.241982993	2.85
29067.067362916678	4300	35.58179836627221	0.0	2146120	1405.38124498	2.8499999999999996
29068.059911113152	4300	38.589250169795356	0.0	2108491	992.548196477	4.3
29069.079222582353	4300	41.56993870059269	0.0	2184571	1019.3114692	4.3
29070.08264094777	4300	44.56652033517846	0.0	2121928	1003.41836541	4.3
29071.232067580553	4300	47.41709370239567	0.0	2219102	1149.42663278	4.3
29072.670373423756	4300	49.97878785919574	0.0	2124950	1438.3058432	4.3
29074.118919107852	4300	52.530242175099815	0.0	2246506	1448.5456841	4.3
29084.890986560506	4300	45.75817472244668	0.0	1961140	10772.0674527	4.3
29086.419084065023	4300	48.23007721792929	0.0	2155012	1528.09750452	4.3

