15522.434706049411	750	4.0	3.1453652725184025	450283	3145.36527252	-12.77507067182913
15523.573838926064	300	6.8608671233459555	0.0	155580	1139.13287665	-0.15000000000000002
15524.602279474675	300	9.832426574734681	0.0	139857	1028.44054861	0.3
15525.689901532129	300	12.74480451728158	0.0	155432	1087.62205745	0.3
15526.829450172783	300	15.605255876626824	0.0	163442	1139.54864065	0.3
15527.728146335823	300	18.70655971358643	0.0	126289	898.69616304	0.3
15531.321975337798	1200	19.112730711611885	0.0	561791	3593.82900197	0.29999999999999993
15537.705009675066	1850	16.72969637434183	0.0	1060487	6383.03433727	1.2000000000000002
15542.967020026561	1850	15.467686022847836	0.0	852833	5262.01035149	1.85
15548.992931076988	1850	13.441774972422406	0.0	913888	6025.91105043	1.85
15555.326282790238	1850	11.108423259170683	0.0	939819	6333.35171325	1.85
15561.351059587409	1850	9.083646462000695	0.0	917428	6024.77679717	1.85
15567.8011096362	1850	6.633596413207444	0.0	946851	6450.05004879	1.85
15572.34550711867	1200	6.0891989307380285	0.0	687371	4544.39748247	0.5499999999999999
15575.508061507804	1200	6.926644541604004	0.0	526950	3162.55438913	1.2
15575.786622984495	1200	10.648083064913722	0.0	587876	278.56147669	1.2
15576.07510314527	1200	14.359602904139575	0.0	617242	288.480160774	1.2
15576.35150869468	1200	18.08319735472939	0.0	581493	276.40554941	1.2
15576.647406758466	1200	21.787299290943256	0.0	639204	295.898063786	1.2
15577.455865302549	4300	24.97884074686125	0.0	2156729	808.458544082	1.1999999999999997
15578.22482069279	4300	28.20988535662085	0.0	2039773	768.95539024	4.3
15579.039946635354	4300	31.394759414057077	0.0	2176469	815.125942564	4.3
15579.870284311728	4300	34.5644217376826	0.0	2221506	830.337676374	4.3
15580.640692748993	4300	37.79401330041745	0.0	2044075	770.408437265	4.3
15581.444238647735	4300	40.99046740167615	0.0	2186790	803.545898741	4.3
15582.172272461847	4300	44.26243358756526	0.0	2105231	728.033814111	4.3
15582.989684189433	4300	47.445021859978944	0.0	2395588	817.411727586	4.3
15583.676721510777	4300	50.757984538635235	0.0	1972048	687.037321344	4.3
15584.413800022387	4300	54.02090602702558	0.0	2134614	737.07851161	4.3
15585.159967249863	4300	57.27473879954796	0.0	2164140	746.167227478	4.3
15586.011563088896	4300	59.54425411651677	0.0	2113193	730.484683031	4.3
15589.914904983327	4300	59.6409122220866	0.0	2147852	903.34189443	4.3
15593.619178634057	4300	59.721001921937095	0.0	2191074	919.910300149	4.3
15596.069649779452	4300	59.84794802452988	0.0	2286761	873.053897407	4.3
15597.704600349838	4300	59.52918136333191	0.0	2307787	818.766661198	4.3
15601.519650384336	4300	59.71413132883275	0.0	2143948	815.050034499	4.3
15605.241060623368	4300	59.9927210898013	0.0	1919781	721.4102390314542	4.3
15608.368205040642	4300	59.735470972522485	0.0	2147467	757.250117279	4.3
15610.215356957291	4300	59.9568421641967	0.0	2133870	778.628808326	4.3
15611.09636818057	4300	59.76059810671779	0.0	2146120	696.244057479	4.3
15614.98539509469	4300	59.871571192596925	0.0	2108491	889.026914121	4.3
15618.735626716729	4300	59.95335242153842	0.0	2184571	918.218771059	4.3
15621.588677258711	4300	59.65283357603757	0.0	2121928	800.518845501	4.3
15623.335233375372	4300	59.76582136594765	0.0	2219102	887.01221009	4.3
15624.131332189794	4300	59.50754391202173	0.0	2124950	758.277453926	4.3
15627.952514812549	4300	59.68636128926833	0.0	2246506	821.182622753	4.3
15631.105584236788	4300	59.9593285687741	0.0	1961140	727.032720494	4.3
15633.51774750753	4300	59.676265285274795	0.0	2155012	783.063283499	4.3

