15214.82046592057	750	4.0	2.0259229921417634	450283	2025.92299214	-7.961468866209582
15215.256774696316	300	7.563691224253182	0.0	155580	436.308775747	-0.15000000000000002
15215.579980840948	300	11.24048507962167	0.0	139857	323.206144632	0.3
15215.687415938153	300	15.13304998241503	0.0	155432	107.435097207	0.3
15215.79626486989	300	19.024201050678663	0.0	163442	108.848931736	0.3
15215.932494181143	750	22.887971739426565	0.0	318564	136.229311252	0.3
15216.393317836835	4300	26.42714808373322	0.0	2157535	460.823655693	0.75
15216.877553074368	4300	29.94291284620218	0.0	2290172	484.235237531	4.3
15217.257641576563	4300	33.56282434400627	0.0	2055469	380.088502196	4.3
15217.630522060603	4300	37.18994385996789	0.0	2169201	372.880484038	4.3
15218.003985956031	4300	40.816479964539084	0.0	2173522	373.463895429	4.3
15218.377357131225	4300	44.44310878934627	0.0	2102452	373.371175193	4.3
15218.794343062265	4300	48.026122858306	0.0	2209463	416.98593104	4.3
15219.221382003323	4300	51.59908391724807	0.0	2275376	427.038941058	4.3
15219.604062638819	4300	55.21640328175043	0.0	2005399	382.680635498	4.3
15219.998185968772	4300	58.82227995179794	0.0	2152483	394.123329952	4.3
15220.630122076458	4300	59.90813341812701	0.0	2289689	414.146533671	4.3
15221.52224928124	4300	59.53146460274267	0.0	2059512	376.668815384	4.3
15222.165445076951	4300	59.6775958995865	0.0	2220726	353.868703156	4.3
15222.724317270728	4300	59.75282334897614	0.0	2156729	424.77255061	4.3
15223.176864778965	4300	59.80359941643941	0.0	2039773	449.223932537	4.3
15224.379100675063	4300	59.914143256242205	0.0	2176469	389.456160197	4.3
15224.935730089222	4300	59.5017184171117	0.0	2221506	412.42483913050523	4.3
15226.305734842483	4300	59.59931832799753	0.0	2044075	402.400089114	4.3
15227.470866495523	4300	59.71055483354934	0.0	2186790	388.7634944481917	4.3
15228.467599755742	4300	59.80987228273665	0.0	2105231	400.68255081268336	4.3
15229.347114864882	4300	59.87864008286934	0.0	2395588	431.232199867	4.3
15230.463839919326	4300	59.50441901028284	0.0	1972048	374.221072587	4.3
15231.370244956694	4300	59.63196848252957	0.0	2134614	372.4505277532662	4.3
15232.134685317216	4300	59.726725557073046	0.0	2164140	405.242925457	4.3
15233.212418227247	4300	59.577457819591146	0.0	2113193	649.267737482	4.3
15234.040937637757	4300	59.587930700611786	0.0	2147852	489.527118979	4.3
15234.512392635846	4300	59.73169934733189	0.0	2191074	356.23135328	4.3
15235.804702764597	4300	59.853156105361094	0.0	2286761	378.543241971	4.3
15236.824784169046	4300	59.509998846526365	0.0	2307787	843.1572588347295	4.3
15238.2904171121	4300	59.8251444478072	0.0	2143948	684.854398719	4.3
15239.675226340954	4300	59.73362910554794	0.0	1919781	591.5153422592646	4.3
15240.605837700292	4300	59.874970369176275	0.0	2147467	358.65873637166226	4.3
15241.540090348464	4300	59.90382035657402	0.0	2133870	471.150012602	4.3
15242.809716123695	4300	59.71055878674174	0.0	2146120	693.2615698322859	4.3
15243.726056945794	4300	59.75057047839303	0.0	2108491	459.988308349	4.3
15244.311743928642	4300	59.89590324384354	0.0	2184571	354.667234549	4.3
15245.233936757913	4300	59.51031670335681	0.0	2121928	385.586540487	4.3
15245.84116805979	4300	59.93450419681163	0.0	2219102	575.8125065451833	4.3
15246.513425506475	4300	59.82458487113425	0.0	2124950	609.919325677	4.3
15247.894313120481	4300	59.87531012463497	0.0	2246506	449.274746499	4.3
15249.071290528109	4300	59.962627854574215	0.0	1961140	412.6822700607494	4.3
15250.746799807821	4300	59.716520783502595	0.0	2155012	746.1070710716215	4.3

