22373.266976201438	750	4.0	1.2362977020014825	450283	1236.297702	-4.566080118606375
22374.300067973123	750	6.966908228317272	0.0	398865	1033.09177168	0.75
22375.268551075616	750	9.998425125824197	0.0	350812	968.483102493	0.75
22376.842853708702	1200	12.424122492736489	0.0	617681	1574.30263309	0.75
22379.869035728185	1850	13.397940473252984	0.0	996749	3026.18201948	1.2000000000000002
22395.56971537073	1850	4.0	2.302739169289502	801058	15700.6796425	-8.051778427944857
22397.16135456198	300	6.408360808749687	0.0	153295	1591.63919125	-1.25
22399.10654215186	300	8.46317321887134	0.0	173849	1945.18758988	0.3
22411.8286583864	300	4.0	4.2589430156649035	150710	12722.1162345	-18.013454967359085
22413.549442027983	300	6.279216358416225	0.0	139105	1720.78364158	0.3
22415.946810511374	300	7.881847875024776	0.0	141840	2397.36848339	0.3
22419.003712110163	300	8.824946276235037	0.0	156148	3056.90159879	0.3
22421.344630130436	300	10.484028255960236	0.0	160746	2340.91802027	0.3
22422.228032416693	300	13.600625969701282	0.0	179801	883.402286259	0.3
22422.445745733145	300	17.382912653248074	0.0	140051	217.713316453	0.3
22422.661750059702	300	21.166908326691374	0.0	138313	216.004326557	0.3
22423.09655819166	750	24.73210019473139	0.0	360831	434.80813196	0.3
22424.0042070707	1200	27.824451315696006	0.0	581493	907.648879035	0.75
22426.98150533861	4300	28.84715304778299	0.0	2220726	2977.29826791	1.1999999999999997
22429.474570007347	4300	30.354088379045	0.0	2156729	2493.06466874	4.3
22431.8485949901	4300	31.980063396291015	0.0	2039773	2374.02498275	4.3
22433.787903615084	4300	34.04075477130874	0.0	2176469	1939.30862498	4.3
22436.826249672416	4300	35.00240871397574	0.0	2221506	3038.34605733	4.3
22439.293474986454	4300	36.535183399940024	0.0	2044075	2467.22531404	4.3
22441.291544748077	4300	38.53711363831364	0.0	2186790	1998.06976163	4.3
22443.740797162776	4300	40.087861223616365	0.0	2105231	2449.2524147	4.3
22447.253897110753	4300	40.574761275636874	0.0	2395588	3513.09994798	4.3
22449.037763442593	4300	42.79089494379621	0.0	1972048	1783.86633184	4.3
22451.163289449658	4300	44.66536893673118	0.0	2134614	2125.52600707	4.3
22453.753268253055	4300	46.07539013333405	0.0	2164140	2589.9788034	4.3
22455.734764310917	4300	48.09389407546899	0.0	2113193	1981.49605787	4.3
22458.32022952173	4300	49.50842886465751	0.0	2147852	2585.46521081	4.3
22460.617606030395	4300	51.21105235599231	0.0	2191074	2297.37650867	4.3
22463.480752659223	4300	52.34790572716305	0.0	2286761	2863.14662883	4.3
22502.97892772544	4300	16.849730660949746	0.0	2307787	39498.1750662	4.3
22504.008022428025	300	19.820635958365052	0.0	159914	1029.09470258	-3.7
22504.66108072008	300	23.16757766630605	0.0	131610	653.058292059	0.3
22505.406372437246	300	26.422285949141123	0.0	124011	745.291717165	0.3
22506.36447368677	300	29.46418469961387	0.0	144254	958.101249527	0.3
22507.103702342964	300	32.724956043422246	0.0	149991	739.228656192	0.3
22507.82229074433	300	36.00636764205796	0.0	147968	718.588401364	0.3
22513.211570167547	1850	34.617088218841744	0.0	1025005	5389.27942322	0.30000000000000004
22514.740696185592	1850	37.08796220079377	0.0	886255	1529.12601805	1.85
22515.494096144757	2850	40.33456224162838	0.0	1587250	753.399959165	1.85
22516.609048154758	4300	43.219610231630995	0.0	2124950	1114.95201	2.8499999999999996
22517.74029259869	4300	46.08836578769674	0.0	2246506	1131.24444393	4.3
22518.764160870847	4300	49.06449751554182	0.0	1961140	1023.86827215	4.3
22519.8761964435	4300	51.95246194288953	0.0	2155012	1112.03557265	4.3

