8005.542894079264	750	4.0	0.8931796787701616	450283	893.17967877	-3.0906726187116944
8006.363667054579	1200	7.179227024684513	0.0	611087	820.772975315	0.75
8007.332893083288	1850	10.210000995977003	0.0	877771	969.226028708	1.2000000000000002
8010.172327146653	4300	11.370566932611894	0.0	2160877	2839.43406337	1.8499999999999996
8012.642307297528	4300	12.900586781736582	0.0	2233056	2469.98015088	4.3
8014.60328037525	4300	14.939613704014477	0.0	1941625	1960.97307772	4.3
8015.666267594503	4300	17.87662648476152	0.0	2157535	1062.98721925	4.3
8017.067458659029	4300	20.475435420234103	0.0	2290172	1401.19106453	4.3
8018.106013341323	4300	23.43688073794081	0.0	2055469	1038.55468229	4.3
8019.116477755399	4300	26.426416323864593	0.0	2169201	1010.46441408	4.3
8020.141984219231	4300	29.400909860032446	0.0	2173522	1025.50646383	4.3
8021.170907128858	4300	32.37198695040547	0.0	2102452	1028.92290963	4.3
8022.252323144693	4300	35.29057093456958	0.0	2209463	1081.41601584	4.3
8023.7047342168025	4300	37.838159862459925	0.0	2275376	1452.41107211	4.3
8025.364389534135	4300	40.17850454512829	0.0	2005399	1659.65531733	4.3
8031.24668953282	4300	38.2962045464422	0.0	2152483	5882.29999869	4.3
8037.437473481782	4300	36.10542059748092	0.0	2289689	6190.78394896	4.3
8041.341079153014	2850	36.201814926248055	0.0	1358801	3903.60567123	1.4000000000000001
8055.765623987738	2850	25.77727009152405	0.0	1537156	14424.5448347	2.85
8057.119095046351	1200	28.42379903291092	0.0	586839	1353.47105861	-0.44999999999999996
8058.730803438877	1200	30.812090640384735	0.0	601738	1611.70839253	1.2
8060.876241597144	1200	32.666652482117456	0.0	616206	2145.43815827	1.2
8062.981140157209	1200	34.56175392205269	0.0	656471	2104.89856006	1.2
8064.6231286347665	1200	36.91976544449453	0.0	536667	1641.98847756	1.2
8068.134988406762	4300	37.40790567249846	0.0	2186790	3511.859772	1.1999999999999997
8070.438371311164	4300	39.10452276809784	0.0	2105231	2303.3829044	4.3
8073.293318855967	4300	40.24957522329398	0.0	2395588	2854.9475448	4.3
8075.0836385490975	4300	42.45925553016336	0.0	1972048	1790.31969313	4.3
8086.693353552739	4300	34.849540526522034	0.0	2134614	11609.7150036	4.3
8087.852429057245	4300	37.69046502201578	0.0	2164140	1159.07550451	4.3
8089.096626307489	4300	40.44626777177251	0.0	2113193	1244.19725024	4.3
8090.471501208314	4300	43.07139287094634	0.0	2147852	1374.87490083	4.3
8091.78051011907	4300	45.76238396019196	0.0	2191074	1309.00891075	4.3
8093.030917283458	4300	48.511976795803506	0.0	2286761	1250.40716439	4.3
8094.784163930877	4300	50.758730148383876	0.0	2307787	1753.24664742	4.3
8096.360893503692	4300	53.182000575568956	0.0	2143948	1576.72957281	4.3
8098.129997626389	4300	55.412896452871614	0.0	1919781	1769.1041227	4.3
8100.326366023634	4300	57.21652805562599	0.0	2147467	2196.36839725	4.3
8103.039329407782	4300	58.50356467147866	0.0	2133870	2712.96338415	4.3
8105.701738009397	4300	59.841156069863935	0.0	2146120	2662.40860161	4.3
8117.039881808926	4300	52.50301227033443	0.0	2108491	11338.1437995	4.3
8118.235805534712	2850	55.30708854454851	0.0	1527299	1195.92372579	1.4000000000000001
8119.0095967454545	2850	58.53329733380587	0.0	1343002	773.791210743	2.85
8120.654700904798	2850	59.630686426616215	0.0	1587250	902.61090719	2.85
8122.399116163279	4300	59.83972542345241	0.0	2124950	1290.9610031638103	2.8499999999999996
8124.238424846102	4300	59.60679820969946	0.0	2246506	1232.9272137529451	4.3
8153.674876973503	4300	34.17034608229845	0.0	1961140	29436.452127401015	4.3
8154.316712524188	1200	37.52851053161387	0.0	550906	641.835550684582	-1.9000000000000001

