32156.66339015482	750	4.0	2.2005287117642363	450283	2200.52871176	-8.712273460586216
32157.71590162206	300	6.947488532758496	0.0	155580	1052.51146724	-0.15000000000000002
32158.52155976001	300	10.141830394807334	0.0	139857	805.658137951	0.3
32159.42221142481	300	13.241178730004544	0.0	155432	900.651664803	0.3
32160.368205318136	300	16.2951848366774	0.0	163442	945.993893327	0.3
32163.177645481952	1200	17.485744672862634	0.0	520315	2809.44016381	0.29999999999999993
32184.468881839253	1200	4.0	3.8054916844378495	561791	21291.2363573	-15.163614243082751
32184.740679504514	300	7.728202334737669	0.0	173849	271.797665262	-0.6000000000000001
32184.9869492336	300	11.481932605652739	0.0	150710	246.269729085	0.3
32185.220415829477	300	15.248466009777488	0.0	139105	233.466595875	0.3
32185.551653656257	300	18.917228182999374	0.0	141840	331.237826778	0.3
32185.94706035482	300	22.521821484434778	0.0	156148	395.406698565	0.3
32187.9713818085	2850	24.497500030756203	0.0	1422919	2024.32145368	0.30000000000000027
32190.56707220997	4300	25.901809629284788	0.0	2275376	2595.69040147	2.8499999999999996
32192.933124063675	4300	27.535757775583573	0.0	2005399	2366.0518537	4.3
32194.905735015618	4300	29.56314682363923	0.0	2152483	1972.61095194	4.3
32197.399153747778	4300	31.069728091479394	0.0	2289689	2493.41873216	4.3
32200.204610837372	4300	32.26427100188507	0.0	2059512	2805.45708959	4.3
32202.585136222508	4300	33.88374561675017	0.0	2220726	2380.52538513	4.3
32207.035149396175	4300	33.43373244308436	0.0	2156729	4450.01317367	4.3
32212.329054500166	4300	32.13982733909122	0.0	2039773	5293.90510399	4.3
32225.74063917857	4300	22.72824266068747	0.0	2176469	13411.5846784	4.3
32226.411600668358	1850	26.05728117089684	0.0	968026	670.961489791	-0.6000000000000001
32227.03272634347	1850	29.436155495785805	0.0	874175	621.125675111	1.85
32227.612755142545	1850	32.85612669671316	0.0	897976	580.028799073	1.85
32228.101352770725	1850	36.36752906853098	0.0	905935	488.597628182	1.85
32228.945533556936	2850	39.523348282321265	0.0	1547572	844.18078621	1.85
32230.322262014037	4300	42.146619825222565	0.0	1972048	1376.7284571	2.8499999999999996
32231.976872548574	4300	44.49200929068316	0.0	2134614	1654.61053454	4.3
32233.438877293225	4300	47.03000454603049	0.0	2164140	1462.00474465	4.3
32234.65454270087	4300	49.81433913838539	0.0	2113193	1215.66540765	4.3
32236.766598549642	4300	51.70228328961642	0.0	2147852	2112.05584877	4.3
32249.86443118617	4300	42.604450653084335	0.0	2191074	13097.8326365	4.3
32253.033782936734	1850	43.43509890252372	0.0	1035329	3169.35175056	-0.6000000000000001
32255.666048891744	1850	44.802832947511	0.0	1026056	2632.26595501	1.85
32257.366655916514	1200	47.10222592274104	0.0	598727	1700.60702477	0.5499999999999999
32258.891343387215	1200	49.577538452042056	0.0	487812	1524.6874707	1.2
32260.50624361644	1200	51.96263822281989	0.0	575591	1614.90022922	1.2
32266.28916206303	4300	50.17971977623108	0.0	2133870	5782.91844659	1.1999999999999997
32276.898756804705	4300	43.57012503455521	0.0	2146120	10609.5947417	4.3
32283.058347947583	4300	41.4105338916777	0.0	2108491	6159.59114288	4.3
32297.499189011094	4300	30.969692828165286	0.0	2184571	14440.8410635	4.3
32311.266666003692	4300	21.20221583556635	0.0	2121928	13767.4769926	4.3
32313.98728278768	1850	22.481599051578378	0.0	973972	2720.61678399	-0.6000000000000001
32316.722975590757	1850	23.745906248500123	0.0	958994	2735.69280308	1.85
32318.208256306007	2850	26.26062553324965	0.0	1483527	1485.28071525	1.85
32319.74167474412	4300	28.727207095135505	0.0	1961140	1533.41843811	2.8499999999999996
32321.024016605228	4300	31.444865234030313	0.0	2155012	1282.34186111	4.3

