18500.412078214453	750	4.0	3.665937941738852	450283	3665.93794174	-15.013533149477063
18501.731077299417	300	6.681000915034033	0.0	155580	1318.99908497	-0.15000000000000002
18502.857801923838	300	9.554276290614263	0.0	139857	1126.72462442	0.3
18504.087194826945	300	12.324883387504627	0.0	155432	1229.39290311	0.3
18505.375820302204	300	15.036257912248276	0.0	163442	1288.62547526	0.3
18506.389705733392	300	18.022372481057705	0.0	126289	1013.88543119	0.3
18507.60437698067	300	20.80770123378138	0.0	153295	1214.67124728	0.3
18512.925754590546	1200	19.486323623905083	0.0	709534	5321.37760988	0.29999999999999993
18517.15712428218	1200	19.25495393226981	0.0	584846	4231.36969164	1.2
18521.139403755697	1200	19.272674458754146	0.0	560821	3982.27947352	1.2
18525.552718148534	1200	18.859360065917617	0.0	607410	4413.31439284	1.2
18530.451590471774	1200	17.960487742678072	0.0	594078	4898.87232324	1.2
18535.416140852452	1200	16.995937362002472	0.0	624282	4964.55038068	1.2
18540.390839722855	1200	16.021238491595334	0.0	687371	4974.69887041	1.2
18544.376969039153	1200	16.035109175300583	0.0	526950	3986.12931629	1.2
18549.25978838621	1200	15.152289828243916	0.0	587876	4882.81934706	1.2
18554.515398935066	1200	13.89667927938907	0.0	617242	5255.61054885	1.2
18558.558785937013	1200	13.853292277439946	0.0	581493	4043.38700195	1.2
18562.873693294026	1200	13.53838492042763	0.0	639204	4314.90735701	1.2
18567.55660474082	1200	12.855473473630903	0.0	586839	4682.9114468	1.2
18571.873433104713	1200	12.538645109740921	0.0	601738	4316.82836389	1.2
18576.611759622792	1200	11.800318591658106	0.0	616206	4738.32651808	1.2
18581.701013146772	1200	10.7110650676798	0.0	656471	5089.25352398	1.2
18585.678178922837	1200	10.733899291616222	0.0	536667	3977.16577606	1.2
18590.07120340277	1200	10.340874811680987	0.0	587236	4393.02447994	1.2
18595.12275983926	1200	9.28931837519203	0.0	590335	5051.55643649	1.2
18601.077264864678	1200	7.334813349774788	0.0	696376	5954.50502542	1.2
18602.984423750248	750	9.427654464205123	0.0	277716	1907.15888557	0.3
18605.70534177701	750	10.706736437441535	0.0	400396	2720.91802676	0.75
18608.43106066988	750	11.981017544578458	0.0	400508	2725.71889286	0.75
18612.992325460153	1200	11.419752754305037	0.0	570392	4561.26479027	0.75
18617.649825089393	1200	10.762253125063324	0.0	620283	4657.49962924	1.2
18621.86967582087	1200	10.542402393582726	0.0	584349	4219.85073148	1.2
18626.517197443278	1200	9.8948807711775	0.0	670129	4647.52162241	1.2
18631.174880881375	1200	9.237197333075898	0.0	690253	4657.6834381	1.2
18635.35708851314	1200	9.054989701313614	0.0	598727	4182.20763176	1.2
18638.912367123463	1200	9.499711090991907	0.0	487812	3555.27861032	1.2
18643.278624995935	1200	9.133453218519156	0.0	575591	4366.25787247	1.2
18649.176040285256	1200	7.236037929197914	0.0	605884	5897.41528932	1.2
18653.212165929763	1200	7.199912284687841	0.0	587506	4036.12564451	1.2
18655.508287436307	750	8.903790778145478	0.0	345516	2296.12150654	0.3
18658.31156785228	750	10.100510362172459	0.0	384505	2803.28041597	0.75
18661.021152636404	750	11.39092557804979	0.0	372093	2709.58478412	0.75
18664.183940292198	750	12.228137922255174	0.0	438281	3162.78765579	0.75
18668.38576869938	1200	12.02630951507081	0.0	630203	4201.82840718	0.75
18675.259764045953	1850	9.152314168498277	0.0	982064	6873.99534657	1.2000000000000002
18680.199427864725	1850	8.212650349725838	0.0	830730	4939.66381877	1.85
18688.29799258106	2850	4.114085633389301	0.0	1364537	8098.56471634	1.85

