18697.32741431642	750	4.0	9.029421735358586	450283	9029.42173536	-38.076513462041916
18700.198818504305	300	5.1285958121156465	0.0	155580	2871.40418788	-0.15000000000000002
18702.610539915473	300	6.716874400948785	0.0	139857	2411.72141117	0.3
18705.289076816538	300	8.03833749988403	0.0	155432	2678.53690106	0.3
18708.105714647612	300	9.22169966880706	0.0	163442	2816.63783108	0.3
18710.3562282193	300	10.971186097118887	0.0	126289	2250.51357169	0.3
18713.097317930285	300	12.230096386133418	0.0	153295	2741.08971099	0.3
18716.120003132884	300	13.207411183535847	0.0	173849	3022.6852026	0.3
18718.729050851016	300	14.598363465401077	0.0	150710	2609.04771813	0.3
18721.162743847533	300	16.164670468885543	0.0	139105	2433.69299652	0.3
18723.645506414647	300	17.681907901771577	0.0	141840	2482.76256711	0.3
18730.600657828178	750	14.726756488239738	0.0	405134	6955.15141353	0.3
18737.186667621612	750	12.14074669480692	0.0	386351	6586.00979343	0.75
18744.659214829677	750	8.668199486745282	0.0	434409	7472.54720806	0.75
18751.462470696548	750	5.86494361987462	0.0	337059	6803.25586687	0.75
18754.297089676733	300	7.030324639684903	0.0	138313	2834.61898019	-0.15000000000000002
18756.83956600725	300	8.487848309168307	0.0	143509	2542.47633052	0.3
18759.45873476227	300	9.868679554147617	0.0	150616	2619.16875502	0.3
18762.25543274825	300	11.071981568166576	0.0	165384	2796.69798598	0.3
18764.642856070128	300	12.684558246290024	0.0	140881	2387.42332188	0.3
18767.324552962342	300	14.002861354078751	0.0	157671	2681.69689221	0.3
18770.010691785657	300	15.316722530764997	0.0	157812	2686.13882331	0.3
18772.86515871168	300	16.462255604740974	0.0	163927	2854.46692602	0.3
18775.275733751856	300	18.051680564562954	0.0	137654	2410.57504018	0.3
18777.83090471109	300	19.496509605327528	0.0	146754	2555.17095924	0.3
18784.408086390595	750	16.91932792582121	0.0	379700	6577.18167951	0.3
18791.638091524575	750	13.689322791840361	0.0	425781	7230.00513398	0.75
18796.3428941053	750	12.98452021111338	0.0	277716	4704.80258073	0.75
18803.087150605228	750	10.240263711186559	0.0	400396	6744.25649993	0.75
18810.33673724549	750	6.990677070924332	0.0	400508	7249.58664026	0.75
18813.512855840112	300	7.814558476298667	0.0	157421	3176.11859463	-0.15000000000000002
18816.550673950453	300	8.776740365959498	0.0	157488	3037.81811034	0.3
18818.95661550325	300	10.3707988131602	0.0	143881	2405.9415528	0.3
18821.68561523033	300	11.641799086083607	0.0	163444	2728.99972708	0.3
18824.69444978355	300	12.63296453286529	0.0	179328	3008.83455322	0.3
18827.395142061716	300	13.932272254698285	0.0	159914	2700.69227817	0.3
18829.640524569848	300	15.686889746566376	0.0	131610	2245.38250813	0.3
18831.762439599795	300	17.56497471661472	0.0	124011	2121.91502995	0.3
18834.224604163584	300	19.102810152827736	0.0	144254	2462.16456379	0.3
18836.776612214173	300	20.550802102237103	0.0	149991	2552.00805059	0.3
18842.486982438746	750	18.84043187766392	0.0	345516	5710.37022457	0.3
18848.993290245806	750	16.334124070605778	0.0	384505	6506.30780706	0.75
18855.204228329774	750	14.123185986635267	0.0	372093	6210.93808397	0.75
18862.470374629534	750	10.857039686873602	0.0	438281	7266.14629976	0.75
18869.697724216767	750	7.6296900996418335	0.0	398987	7227.34958723	0.75
18877.448344986173	750	4.0	0.1209306697670745	393804	7750.62076941	0.2299981200015796
18879.880226737867	300	5.56811824830502	0.0	137507	2431.88175169	-0.15000000000000002
18885.21402127945	750	4.234323706723192	0.0	314107	5333.79454158	0.3

