5777.292225075768	750	4.0	6.571502641361769	450283	6571.50264136	-27.507461357855604
5779.313048692039	300	5.979176383728737	0.0	155580	2020.82361627	-0.15000000000000002
5780.011692810556	300	9.280532265211994	0.0	139857	698.644118517	0.3
5780.178703450231	300	13.113521625536958	0.0	155432	167.010639675	0.3
5780.350198077913	300	16.94202699785561	0.0	163442	171.494627681	0.3
5780.608529807655	750	20.68369526811245	0.0	318564	258.331729743	0.3
5781.003019708535	1200	24.28920536723182	0.0	561791	394.489900881	0.75
5782.235038223879	4300	27.057186851888083	0.0	2290172	1232.01851534	1.1999999999999997
5783.343100346398	4300	29.94912472936867	0.0	2055469	1108.06212252	4.3
5784.881101691859	4300	32.41112338390863	0.0	2169201	1538.00134546	4.3
5786.330460573785	4300	34.96176450198266	0.0	2173522	1449.35888193	4.3
5787.613332895228	4300	37.67889218053889	0.0	2102452	1282.87232144	4.3
5788.960321740482	4300	40.33190333528587	0.0	2209463	1346.98884525	4.3
5790.306720246013	4300	42.98550482975447	0.0	2275376	1346.39850553	4.3
5802.092361306021	4300	35.199863769746635	0.0	2005399	11785.64106	4.3
5803.676707178875	1200	37.615517896891895	0.0	587876	1584.34587285	-1.9000000000000001
5805.448941463606	1200	39.843283612161066	0.0	617242	1772.23428473	1.2
5806.92707030408	1200	42.36515477168758	0.0	581493	1478.12884047	1.2
5808.98674127811	1200	44.30548379765793	0.0	639204	2059.67097403	1.2
5810.301315157536	750	46.99090991823094	0.0	350713	1314.57387943	0.3
5822.303666043428	4300	38.98855903233921	0.0	2039773	12002.3508859	0.75
5823.048057695233	2850	42.24416738053331	0.0	1468126	744.391651806	1.4000000000000001
5823.831558838838	2850	45.46066623692895	0.0	1505760	783.501143604	2.85
5824.962972200833	4300	48.329252874933864	0.0	2044075	1131.413362	2.8499999999999996
5826.106207800273	4300	51.186017275493896	0.0	2186790	1143.23559944	4.3
5827.134593937248	4300	54.15763113851847	0.0	2105231	1028.38613698	4.3
5828.234059928479	4300	57.05816514728815	0.0	2395588	1099.46599123	4.3
5829.671797082441	4300	59.620427993326025	0.0	1972048	937.737153962	4.3
5831.189876791751	4300	59.926925462689155	0.0	2134614	1193.5025306368686	4.3
5840.335158560625	4300	54.781643693815	0.0	2164140	9145.281768874154	4.3
5841.520571766066	4300	57.596230488374616	0.0	2113193	1185.4132054403804	4.3
5843.125983650141	4300	59.501160622829836	0.0	2147852	1095.0698655447814	4.3
5845.690642208413	4300	59.93400235296007	0.0	2191074	1567.15826986976	4.3
5846.863943884757	4300	59.806101658988894	0.0	2286761	1127.9006939711737	4.3
5874.089945902039	2850	36.580099641706354	0.0	1492672	27226.00201728254	1.4000000000000001
5876.259463479649	750	38.41058206409719	0.0	365161	2169.5175776091614	-1.35
5878.080861978186	300	40.58918356555984	0.0	131610	1821.3984985373504	-0.15000000000000002
5879.1479646517855	300	43.52208089195966	0.0	124011	1067.10267360018	0.3
5880.675292484682	300	45.99475305906362	0.0	144254	1527.3278328960428	0.3
5882.75405382534	300	47.915991718406744	0.0	149991	2078.761340656873	0.3
5886.674657394711	750	47.99538814903477	0.0	345516	3920.6035693719778	0.3
5887.961049847513	750	50.70899569623206	0.0	384505	1286.3924528027105	0.75
5889.038788932207	750	53.631256611538575	0.0	372093	1077.7390846934768	0.75
5890.817084024548	1200	55.8529615191969	0.0	634861	1778.2950923416718	0.75
5895.386724072745	2850	55.28332147100051	0.0	1464921	4569.640048196392	1.2000000000000002
5911.687943884757	4300	42.98210165898812	0.0	2246506	16301.219812012392	2.8499999999999996
5918.096155976998	4300	40.573889566747944	0.0	1961140	6408.212092240174	4.3
5919.208734296913	4300	43.46131124683352	0.0	2155012	1112.5783199144273	4.3

