16389.586273910736	750	4.0	1.1231134628686412	450283	1123.11346287	-4.079387890335157
16391.476373815847	1850	6.10990009488987	0.0	957685	1890.09990511	0.75
16393.207478163407	1850	8.3787957473303	0.0	877771	1731.10434756	1.85
16396.04142986513	2850	9.544844045606894	0.0	1520281	2833.95170172	1.85
16398.785812085138	2850	10.800461825597175	0.0	1472558	2744.38222001	2.85
16401.200377592308	2850	12.385896318427141	0.0	1224260	2414.56550717	2.85
16405.790076049052	4300	11.796197861682932	0.0	2157535	4589.69845674	2.8499999999999996
16410.833780402816	4300	10.752493507920972	0.0	2290172	5043.70435376	4.3
16415.847606869775	4300	9.73866704095931	0.0	2055469	5013.82646696	4.3
16420.866972152522	4300	8.71930175821293	0.0	2169201	5019.36528275	4.3
16425.411404350936	4300	8.174869559800504	0.0	2173522	4544.43219841	4.3
16430.508402354386	4300	7.077871556346782	0.0	2102452	5096.99800345	4.3
16437.14360438481	4300	4.442669525923465	0.0	2209463	6635.20203042	4.3
16442.334844740853	2850	4.0	0.7485708301200084	1578343	5191.24035604	-1.8188545695160359
16445.424436145033	1850	4.910408595821787	0.0	821631	3089.59140418	0.8500000000000001
16449.594189797022	1850	4.740654943832125	0.0	923170	4169.75365199	1.85
16453.902885534266	1850	4.431959206591263	0.0	966699	4308.69573724	1.85
16456.997584976525	1200	5.33725976433029	0.0	581493	3094.69944226	0.5499999999999999
16460.36055021221	1200	5.9742945286481675	0.0	639204	3362.96523568	1.2
16462.142268150663	1200	8.192576590193832	0.0	586839	1781.71793845	1.2
16464.23220791689	1200	10.10263682396397	0.0	601738	2089.93976623	1.2
16466.541134971943	1200	11.793709768912496	0.0	616206	2308.92705505	1.2
16470.713911657367	1850	11.620933083488563	0.0	968026	4172.77668542	1.2000000000000002
16474.236084358323	1850	12.09876038253375	0.0	874175	3522.17270095	1.85
16477.546367814786	1850	12.788476926072061	0.0	897976	3310.28345646	1.85
16484.481001888525	2850	9.853842852330164	0.0	1480464	6934.63407374	1.85
16490.89899792981	2850	7.435846811048499	0.0	1547572	6417.99604128	2.85
16495.101986143374	1850	7.2328585974833794	0.0	758197	4202.98821357	0.8500000000000001
16499.533221054728	1850	6.80162368612778	0.0	972798	4431.23491136	1.85
16504.091959217018	1850	6.242885523836771	0.0	975811	4558.73816229	1.85
16507.213023297692	1850	7.121821443161661	0.0	873429	3121.06408068	1.85
16510.632699043657	1850	7.702145697198308	0.0	954453	3419.67574596	1.85
16514.06461637596	1850	8.270228364894777	0.0	885062	3431.9173323	1.85
16518.415937180478	1850	7.918907560376956	0.0	1035329	4351.32080452	1.85
16522.452427013228	1850	7.882417727625083	0.0	1026056	4036.48983275	1.85
16525.84652777707	1850	8.488316963785005	0.0	943942	3394.10076384	1.85
16529.466860856865	1850	8.867983883990668	0.0	728962	3620.33307979	1.85
16533.20025399509	1850	9.134590745764402	0.0	938587	3733.39313823	1.85
16536.401909428943	1850	9.93293531191308	0.0	908665	3201.65543385	1.85
16540.844723203503	1850	9.490121537351916	0.0	930577	4442.81377456	1.85
16544.8383904437	1850	9.49645429715471	0.0	858450	3993.6672402	1.85
16549.58528835449	1850	8.749556386366235	0.0	1025005	4746.89791079	1.85
16555.214618201448	1850	7.120226539409179	0.0	886255	5629.32984696	1.85
16560.79950662509	1200	5.535338115767144	0.0	634861	5584.88842364	0.5499999999999999
16565.429462363747	750	4.905382377110717	0.0	398987	4629.95573866	0.3
16574.170658112147	750	4.0	3.835813371290552	393804	8741.1957484	-15.743997496549373
16575.621017501744	300	6.549640610401744	0.0	137507	1450.3593896	-0.15000000000000002
16576.88117072504	300	9.289487387106819	0.0	118421	1260.15322329	0.3

