16203.833471038912	750	4.0	1.7941535591172395	450283	1794.15355912	-6.964860304204129
16204.372357769356	300	7.46111326955455	0.0	155580	538.886730445	-0.15000000000000002
16204.894951966235	300	10.938519072675655	0.0	139857	522.594196879	0.3
16205.47056471674	300	14.362906322172417	0.0	155432	575.612750503	0.3
16206.087783172716	300	17.745687866196413	0.0	163442	617.218455976	0.3
16206.580053034924	300	21.25341800398854	0.0	126289	492.269862208	0.3
16209.515202643692	1850	22.318268395219793	0.0	905515	2935.14960877	0.30000000000000004
16215.448141326826	2850	20.38532971208559	0.0	1638769	5932.93868313	1.85
16220.551721224547	2850	19.281749814365746	0.0	1348011	5103.57989772	2.85
16226.138552013916	2850	17.694919024997127	0.0	1429765	5586.83078937	2.85
16231.8002085193	2850	16.033262519611196	0.0	1354548	5661.65650539	2.85
16236.73792716929	2850	15.095543869621528	0.0	1519951	4937.71864999	2.85
16241.269187756508	2850	14.564283282402426	0.0	1422919	4531.26058722	2.85
16246.755747562656	2850	13.077723476254006	0.0	1578343	5486.55980615	2.85
16250.913027283084	2850	12.92044375582575	0.0	1231445	4157.27972043	2.85
16256.13846784672	2850	11.695003192189125	0.0	1471065	5225.44056364	2.85
16261.860507778058	2850	9.972963260850145	0.0	1491626	5722.03993134	2.85
16266.81257226699	2850	9.020898771918434	0.0	1358801	4952.06448893	2.85
16273.099624809065	2850	6.733846229843632	0.0	1537156	6287.05254207	2.85
16277.76952665438	2850	6.06394438452972	0.0	1336050	4669.90184531	2.85
16280.521871118188	1850	7.311599920721484	0.0	891604	2752.34446381	0.8500000000000001
16283.264456025698	1850	8.569015013211178	0.0	955231	2742.58490751	1.85
16286.153466973792	1850	9.68000406511496	0.0	968026	2889.0109481	1.85
16289.34280570143	1850	10.49066533747853	0.0	874175	3189.33872764	1.85
16292.21818230033	1850	11.615288738577338	0.0	897976	2875.3765989	1.85
16296.743439531092	2850	11.090031507815958	0.0	1480464	4525.25723076	1.85
16301.992940225917	2850	9.840530812990991	0.0	1547572	5249.50069482	2.85
16305.988162836658	2850	9.845308202248463	0.0	1141971	3995.22261074	2.85
16310.784201667548	2850	9.049269371358713	0.0	1498470	4796.03883089	2.85
16316.495164228278	2850	7.338306810629424	0.0	1561263	5710.96256073	2.85
16321.348621491245	2850	6.484849547662533	0.0	1341201	4853.45726297	2.85
16326.495394902795	2850	5.338076136111205	0.0	1497683	5146.77341155	2.85
16329.143854977752	1850	6.689616061154048	0.0	885062	2648.46007496	0.8500000000000001
16332.658835663004	1850	7.1746353759040815	0.0	1035329	3514.98068525	1.85
16336.259180250752	1850	7.5742907881547366	0.0	1026056	3600.34458775	1.85
16340.090789544227	1850	7.742681494681272	0.0	943942	3831.60929347	1.85
16343.118661664896	1850	8.714809374011256	0.0	728962	3027.87212067	1.85
16347.399287990873	1850	8.43418304803245	0.0	938587	4280.62632598	1.85
16350.592750895854	1850	9.240720143051735	0.0	908665	3193.46290498	1.85
16356.101449678388	1850	7.732021360519185	0.0	930577	5508.69878253	1.85
16360.083594127173	1850	7.749876911734733	0.0	858450	3982.14444878	1.85
16364.575383429961	1850	7.2580876089462745	0.0	1025005	4491.78930279	1.85
16367.662885499416	1200	8.170585539491942	0.0	599477	3087.50206945	0.5499999999999999
16371.390054321897	1200	8.443416717012038	0.0	634861	3727.16882248	1.2
16376.850819082783	1200	6.982651956125061	0.0	630203	5460.76476089	1.2
16381.022740370783	1200	6.810730668125258	0.0	638661	4171.921288	1.2
16383.799554163897	1200	8.033916875012096	0.0	538612	2776.81379311	1.2
16388.463160447867	1850	7.370310591041362	0.0	846370	4663.60628397	1.2000000000000002

