17294.300886308687	750	4.0	0.5843704232648661	450283	584.370423265	-1.762792820038924
17295.36658395631	1850	6.9343023523760206	0.0	957685	1065.69764762	0.75
17297.226209463366	2850	9.07467684532216	0.0	1300868	1859.62550705	1.85
17298.773993804174	2850	11.526892504511212	0.0	1520281	1547.78434081	2.85
17301.347610328627	4300	12.953275980061647	0.0	2233056	2573.61652445	2.8499999999999996
17306.849612320777	4300	11.45127398790896	0.0	1941625	5502.00199215	4.3
17316.157286404683	2850	6.143599904001885	0.0	1388403	9307.67408391	1.4000000000000001
17320.367859258018	750	5.9330270506690725	0.0	437162	4210.57285333	-1.35
17323.677167211164	300	6.62371909752237	0.0	150710	3309.30795315	-0.15000000000000002
17324.611715646188	300	9.689170662499315	0.0	139105	934.548435023	0.3
17325.37037593327	300	12.930510375417974	0.0	141840	758.660287081	0.3
17326.166849687845	300	16.134036620844373	0.0	156148	796.473754574	0.3
17327.059064780322	300	19.241821528369016	0.0	160746	892.215092475	0.3
17328.19669175192	300	22.104194556769357	0.0	179801	1137.6269716	0.3
17331.175114865142	1200	23.125771443546064	0.0	526950	2978.42311322	0.29999999999999993
17335.074731630586	1850	23.22615467810215	0.0	923170	3899.61676544	1.2000000000000002
17338.048719166316	1850	24.252167142373214	0.0	966699	2973.98753573	1.85
17340.927926305223	1850	25.372960003467632	0.0	885714	2879.20713891	1.85
17343.773205741556	1850	26.527680567136656	0.0	987708	2845.27943633	1.85
17355.048898814344	2850	19.251987494348484	0.0	1336050	11275.6930728	1.85
17356.35445775255	1850	21.94642855614239	0.0	891604	1305.55893821	0.8500000000000001
17358.24900170875	1850	24.051884599939658	0.0	955231	1894.5439562	1.85
17359.69727340342	1850	26.603612905268772	0.0	968026	1448.27169467	1.85
17360.771922386397	1850	29.528963922292224	0.0	874175	1074.64898298	1.85
17361.632626821447	1850	32.66825948724218	0.0	897976	860.70443505	1.85
17363.97271958968	4300	34.32816671900707	0.0	2105231	2340.09276824	1.8499999999999996
17365.544219852498	4300	36.75666645618883	0.0	2395588	1571.50026282	4.3
17366.518394052255	4300	39.782492256431055	0.0	1972048	974.174199758	4.3
17367.551356004995	4300	42.7495303036918	0.0	2134614	1032.96195274	4.3
17368.736023515885	4300	45.56486279280258	0.0	2164140	1184.66751089	4.3
17369.888283165103	4300	48.41260314358465	0.0	2113193	1152.25964922	4.3
17370.92952062382	4300	51.37136568486246	0.0	2147852	1041.23745872	4.3
17372.51956485997	4300	53.781321448715815	0.0	2191074	1590.04423615	4.3
17374.01685624988	4300	56.28403005880381	0.0	2286761	1497.29138991	4.3
17375.462051130635	4300	58.83883517804909	0.0	2307787	1445.19488075	4.3
17388.271648069483	4300	50.02923823920225	0.0	2143948	12809.5969388	4.3
17389.70476895149	2850	52.596117357194345	0.0	1139291	1433.12088201	1.4000000000000001
17391.54301273354	1850	54.75787357514578	0.0	938587	1838.24378205	0.8500000000000001
17392.625519330486	1850	57.675366978197346	0.0	908665	1082.50659695	1.85
17394.291835866577	1850	59.69671043268572	0.0	930577	978.656545512	1.85
17395.654810479642	1200	59.81905312144268	0.0	566904	877.6573112430423	0.5499999999999999
17397.986002921938	4300	59.60611555120499	0.0	2184571	1712.9375702376944	1.1999999999999997
17399.93370809167	4300	59.65139040237003	0.0	2121928	1454.725148834961	4.3
17403.036522777766	4300	59.5564730697684	0.0	2219102	2594.9173326016353	4.3
17405.331500290555	4300	59.87293299012142	0.0	2124950	2183.5400796469803	4.3
17408.222315344086	4300	59.69324417992543	0.0	2246506	2679.6888101959926	4.3
17411.19158719093	4300	59.524171378173776	0.0	1961140	2669.0728017516535	4.3
17414.61996254966	4300	59.92008322135352	0.0	2155012	2604.08815682025	4.3

