20658.558785296736	750	4.0	4.321267859713093	450283	4321.26785971	-17.831451796766302
20660.009743297407	300	6.5490419993337765	0.0	155580	1450.95800067	-0.15000000000000002
20661.089153729892	300	9.469631566844521	0.0	139857	1079.41043249	0.3
20662.55196704509	300	12.006818251650383	0.0	155432	1462.81331519	0.3
20663.81322348184	300	14.745561814898087	0.0	163442	1261.25643675	0.3
20664.790531979965	300	17.768253316776804	0.0	126289	977.308498121	0.3
20667.746627321358	1200	18.81215797538081	0.0	561791	2956.0953414	0.29999999999999993
20671.296049925655	1200	19.262735371084112	0.0	709534	3549.4226043	1.2
20673.950747617604	1200	20.608037679136128	0.0	584846	2654.69769195	1.2
20677.062668123737	1200	21.496117173002485	0.0	560821	3111.92050613	1.2
20682.865897065458	1850	19.692888231280833	0.0	939819	5803.22894172	1.2000000000000002
20688.135086302766	1850	18.42369899397235	0.0	917428	5269.18923731	1.85
20692.45470647166	1850	18.104078825077064	0.0	946851	4319.6201689	1.85
20697.106901578478	1850	17.451883718257086	0.0	1036454	4652.19510682	1.85
20700.980187547382	1850	17.578597749352177	0.0	821631	3873.2859689	1.85
20706.378842199032	1850	16.179943097704115	0.0	923170	5398.65465165	1.85
20710.680125439856	1850	15.878659856880226	0.0	966699	4301.28324082	1.85
20714.888384528807	2850	15.67040076792852	0.0	1358801	4208.25908895	1.85
20719.180531629252	2850	15.378253667483373	0.0	1537156	4292.14710045	2.85
20722.297196805826	2850	16.261588490910153	0.0	1336050	3116.66517657	2.85
20725.81836297588	2850	16.740422320857952	0.0	1415116	3521.16617005	2.85
20731.186360939835	2850	15.372424356904025	0.0	1468126	5367.99796395	2.85
20740.190538368664	2850	10.36824692807364	0.0	1505760	9004.17742883	2.85
20744.057200079802	1850	10.501585216935924	0.0	874175	3866.66171114	0.8500000000000001
20749.06005876631	1850	9.498726530428339	0.0	897976	5002.85868651	1.85
20751.071759251947	750	11.487026044788461	0.0	379700	2011.70048564	-0.3500000000000001
20753.340109289038	750	13.218676007698152	0.0	425781	2268.35003709	0.75
20755.279399682542	750	15.279385614196473	0.0	277716	1939.2903935	0.75
20757.87066660185	750	16.68811869488486	0.0	400396	2591.26691931	0.75
20759.799040689897	750	18.75974460683985	0.0	400508	1928.37408805	0.75
20763.12946800361	1200	19.429317293124107	0.0	570392	3330.42731372	0.75
20770.44017084101	1200	16.118614455725474	0.0	620283	7310.7028374	1.2
20775.078812986678	1200	15.479972310059155	0.0	584349	4638.64214567	1.2
20779.14083167851	1200	15.417953618227084	0.0	670129	4062.01869183	1.2
20785.34810961094	1200	13.210675685800075	0.0	690253	6207.27793243	1.2
20787.670378802257	750	14.888406494477342	0.0	365161	2322.26919132	0.3
20789.650226302452	750	16.90855899428163	0.0	321064	1979.8475002	0.75
20793.07216133292	1200	17.486623963812793	0.0	575591	3421.93503047	0.75
20798.90554064019	1200	15.653244656543848	0.0	605884	5833.37930727	1.2
20803.006889805445	1200	15.55189549129207	0.0	587506	4101.34916525	1.2
20806.037670024576	1200	16.5211152721568	0.0	566904	3030.78021914	1.2
20809.518550561053	1200	17.04023473568317	0.0	641452	3480.88053647	1.2
20813.396728241078	1200	17.162057055658195	0.0	599477	3878.17768002	1.2
20818.292456454434	1200	16.266328842303913	0.0	634861	4895.72821335	1.2
20825.561609264954	1850	12.99717603178263	0.0	958994	7269.15281052	1.2000000000000002
20830.215179316066	1850	12.343605980671223	0.0	982064	4653.57005111	1.85
20833.446027305446	1850	13.112757991291986	0.0	830730	3230.84798938	1.85
20839.587636533022	2850	10.971148763718189	0.0	1364537	6141.60922757	1.85

